[2025-04-25T23:52:14.084+0000] {processor.py:186} INFO - Started process (PID=1784) to work on /opt/airflow/dags/hello_world_dag.py
[2025-04-25T23:52:14.087+0000] {processor.py:914} INFO - Processing file /opt/airflow/dags/hello_world_dag.py for tasks to queue
[2025-04-25T23:52:14.091+0000] {logging_mixin.py:190} INFO - [2025-04-25T23:52:14.090+0000] {dagbag.py:588} INFO - Filling up the DagBag from /opt/airflow/dags/hello_world_dag.py
[2025-04-25T23:52:14.144+0000] {processor.py:925} INFO - DAG(s) 'loan_ingestion_dag' retrieved from /opt/airflow/dags/hello_world_dag.py
[2025-04-25T23:52:14.470+0000] {logging_mixin.py:190} INFO - [2025-04-25T23:52:14.469+0000] {override.py:1911} INFO - Created Permission View: can delete on DAG:loan_ingestion_dag
[2025-04-25T23:52:14.516+0000] {logging_mixin.py:190} INFO - [2025-04-25T23:52:14.516+0000] {override.py:1911} INFO - Created Permission View: can edit on DAG:loan_ingestion_dag
[2025-04-25T23:52:14.536+0000] {logging_mixin.py:190} INFO - [2025-04-25T23:52:14.535+0000] {override.py:1911} INFO - Created Permission View: can read on DAG:loan_ingestion_dag
[2025-04-25T23:52:14.574+0000] {logging_mixin.py:190} INFO - [2025-04-25T23:52:14.574+0000] {override.py:1911} INFO - Created Permission View: menu access on DAG Run:loan_ingestion_dag
[2025-04-25T23:52:14.598+0000] {logging_mixin.py:190} INFO - [2025-04-25T23:52:14.598+0000] {override.py:1911} INFO - Created Permission View: can create on DAG Run:loan_ingestion_dag
[2025-04-25T23:52:14.618+0000] {logging_mixin.py:190} INFO - [2025-04-25T23:52:14.618+0000] {override.py:1911} INFO - Created Permission View: can delete on DAG Run:loan_ingestion_dag
[2025-04-25T23:52:14.636+0000] {logging_mixin.py:190} INFO - [2025-04-25T23:52:14.635+0000] {override.py:1911} INFO - Created Permission View: can read on DAG Run:loan_ingestion_dag
[2025-04-25T23:52:14.638+0000] {logging_mixin.py:190} INFO - [2025-04-25T23:52:14.637+0000] {dag.py:3239} INFO - Sync 1 DAGs
[2025-04-25T23:52:14.665+0000] {logging_mixin.py:190} INFO - [2025-04-25T23:52:14.665+0000] {dag.py:3262} INFO - Creating ORM DAG for loan_ingestion_dag
[2025-04-25T23:52:14.685+0000] {logging_mixin.py:190} INFO - [2025-04-25T23:52:14.685+0000] {dag.py:4180} INFO - Setting next_dagrun for loan_ingestion_dag to 2025-04-24 00:00:00+00:00, run_after=2025-04-25 00:00:00+00:00
[2025-04-25T23:52:14.773+0000] {processor.py:208} INFO - Processing /opt/airflow/dags/hello_world_dag.py took 0.703 seconds
[2025-04-25T23:52:45.344+0000] {processor.py:186} INFO - Started process (PID=1849) to work on /opt/airflow/dags/hello_world_dag.py
[2025-04-25T23:52:45.350+0000] {processor.py:914} INFO - Processing file /opt/airflow/dags/hello_world_dag.py for tasks to queue
[2025-04-25T23:52:45.355+0000] {logging_mixin.py:190} INFO - [2025-04-25T23:52:45.354+0000] {dagbag.py:588} INFO - Filling up the DagBag from /opt/airflow/dags/hello_world_dag.py
[2025-04-25T23:52:45.380+0000] {processor.py:925} INFO - DAG(s) 'loan_ingestion_dag' retrieved from /opt/airflow/dags/hello_world_dag.py
[2025-04-25T23:52:45.478+0000] {logging_mixin.py:190} INFO - [2025-04-25T23:52:45.478+0000] {dag.py:3239} INFO - Sync 1 DAGs
[2025-04-25T23:52:45.539+0000] {logging_mixin.py:190} INFO - [2025-04-25T23:52:45.539+0000] {dag.py:4180} INFO - Setting next_dagrun for loan_ingestion_dag to 2025-04-24 00:00:00+00:00, run_after=2025-04-25 00:00:00+00:00
[2025-04-25T23:52:45.631+0000] {processor.py:208} INFO - Processing /opt/airflow/dags/hello_world_dag.py took 0.297 seconds
[2025-04-25T23:53:15.916+0000] {processor.py:186} INFO - Started process (PID=1914) to work on /opt/airflow/dags/hello_world_dag.py
[2025-04-25T23:53:15.921+0000] {processor.py:914} INFO - Processing file /opt/airflow/dags/hello_world_dag.py for tasks to queue
[2025-04-25T23:53:15.926+0000] {logging_mixin.py:190} INFO - [2025-04-25T23:53:15.925+0000] {dagbag.py:588} INFO - Filling up the DagBag from /opt/airflow/dags/hello_world_dag.py
[2025-04-25T23:53:15.951+0000] {processor.py:925} INFO - DAG(s) 'loan_ingestion_dag' retrieved from /opt/airflow/dags/hello_world_dag.py
[2025-04-25T23:53:16.002+0000] {logging_mixin.py:190} INFO - [2025-04-25T23:53:16.001+0000] {dag.py:3239} INFO - Sync 1 DAGs
[2025-04-25T23:53:16.050+0000] {logging_mixin.py:190} INFO - [2025-04-25T23:53:16.049+0000] {dag.py:4180} INFO - Setting next_dagrun for loan_ingestion_dag to 2025-04-24 00:00:00+00:00, run_after=2025-04-25 00:00:00+00:00
[2025-04-25T23:53:16.085+0000] {processor.py:208} INFO - Processing /opt/airflow/dags/hello_world_dag.py took 0.178 seconds
[2025-04-25T23:53:46.161+0000] {processor.py:186} INFO - Started process (PID=1978) to work on /opt/airflow/dags/hello_world_dag.py
[2025-04-25T23:53:46.162+0000] {processor.py:914} INFO - Processing file /opt/airflow/dags/hello_world_dag.py for tasks to queue
[2025-04-25T23:53:46.165+0000] {logging_mixin.py:190} INFO - [2025-04-25T23:53:46.165+0000] {dagbag.py:588} INFO - Filling up the DagBag from /opt/airflow/dags/hello_world_dag.py
[2025-04-25T23:53:46.183+0000] {processor.py:925} INFO - DAG(s) 'loan_ingestion_dag' retrieved from /opt/airflow/dags/hello_world_dag.py
[2025-04-25T23:53:46.222+0000] {logging_mixin.py:190} INFO - [2025-04-25T23:53:46.222+0000] {dag.py:3239} INFO - Sync 1 DAGs
[2025-04-25T23:53:46.254+0000] {logging_mixin.py:190} INFO - [2025-04-25T23:53:46.254+0000] {dag.py:4180} INFO - Setting next_dagrun for loan_ingestion_dag to 2025-04-24 00:00:00+00:00, run_after=2025-04-25 00:00:00+00:00
[2025-04-25T23:53:46.283+0000] {processor.py:208} INFO - Processing /opt/airflow/dags/hello_world_dag.py took 0.130 seconds
[2025-04-25T23:54:16.381+0000] {processor.py:186} INFO - Started process (PID=2042) to work on /opt/airflow/dags/hello_world_dag.py
[2025-04-25T23:54:16.383+0000] {processor.py:914} INFO - Processing file /opt/airflow/dags/hello_world_dag.py for tasks to queue
[2025-04-25T23:54:16.387+0000] {logging_mixin.py:190} INFO - [2025-04-25T23:54:16.386+0000] {dagbag.py:588} INFO - Filling up the DagBag from /opt/airflow/dags/hello_world_dag.py
[2025-04-25T23:54:16.402+0000] {processor.py:925} INFO - DAG(s) 'loan_ingestion_dag' retrieved from /opt/airflow/dags/hello_world_dag.py
[2025-04-25T23:54:16.435+0000] {logging_mixin.py:190} INFO - [2025-04-25T23:54:16.435+0000] {dag.py:3239} INFO - Sync 1 DAGs
[2025-04-25T23:54:16.477+0000] {logging_mixin.py:190} INFO - [2025-04-25T23:54:16.477+0000] {dag.py:4180} INFO - Setting next_dagrun for loan_ingestion_dag to 2025-04-24 00:00:00+00:00, run_after=2025-04-25 00:00:00+00:00
[2025-04-25T23:54:16.527+0000] {processor.py:208} INFO - Processing /opt/airflow/dags/hello_world_dag.py took 0.153 seconds
[2025-04-25T23:54:46.571+0000] {processor.py:186} INFO - Started process (PID=2106) to work on /opt/airflow/dags/hello_world_dag.py
[2025-04-25T23:54:46.573+0000] {processor.py:914} INFO - Processing file /opt/airflow/dags/hello_world_dag.py for tasks to queue
[2025-04-25T23:54:46.576+0000] {logging_mixin.py:190} INFO - [2025-04-25T23:54:46.576+0000] {dagbag.py:588} INFO - Filling up the DagBag from /opt/airflow/dags/hello_world_dag.py
[2025-04-25T23:54:46.604+0000] {processor.py:925} INFO - DAG(s) 'loan_ingestion_dag' retrieved from /opt/airflow/dags/hello_world_dag.py
[2025-04-25T23:54:46.647+0000] {logging_mixin.py:190} INFO - [2025-04-25T23:54:46.646+0000] {dag.py:3239} INFO - Sync 1 DAGs
[2025-04-25T23:54:46.692+0000] {logging_mixin.py:190} INFO - [2025-04-25T23:54:46.691+0000] {dag.py:4180} INFO - Setting next_dagrun for loan_ingestion_dag to 2025-04-24 00:00:00+00:00, run_after=2025-04-25 00:00:00+00:00
[2025-04-25T23:54:46.719+0000] {processor.py:208} INFO - Processing /opt/airflow/dags/hello_world_dag.py took 0.158 seconds
[2025-04-25T23:55:17.430+0000] {processor.py:186} INFO - Started process (PID=2167) to work on /opt/airflow/dags/hello_world_dag.py
[2025-04-25T23:55:17.434+0000] {processor.py:914} INFO - Processing file /opt/airflow/dags/hello_world_dag.py for tasks to queue
[2025-04-25T23:55:17.436+0000] {logging_mixin.py:190} INFO - [2025-04-25T23:55:17.436+0000] {dagbag.py:588} INFO - Filling up the DagBag from /opt/airflow/dags/hello_world_dag.py
[2025-04-25T23:55:17.457+0000] {processor.py:925} INFO - DAG(s) 'loan_ingestion_dag' retrieved from /opt/airflow/dags/hello_world_dag.py
[2025-04-25T23:55:17.484+0000] {logging_mixin.py:190} INFO - [2025-04-25T23:55:17.484+0000] {dag.py:3239} INFO - Sync 1 DAGs
[2025-04-25T23:55:17.514+0000] {logging_mixin.py:190} INFO - [2025-04-25T23:55:17.513+0000] {dag.py:4180} INFO - Setting next_dagrun for loan_ingestion_dag to 2025-04-24 00:00:00+00:00, run_after=2025-04-25 00:00:00+00:00
[2025-04-25T23:55:17.548+0000] {processor.py:208} INFO - Processing /opt/airflow/dags/hello_world_dag.py took 0.125 seconds
[2025-04-25T23:55:45.813+0000] {processor.py:186} INFO - Started process (PID=2231) to work on /opt/airflow/dags/hello_world_dag.py
[2025-04-25T23:55:45.815+0000] {processor.py:914} INFO - Processing file /opt/airflow/dags/hello_world_dag.py for tasks to queue
[2025-04-25T23:55:45.819+0000] {logging_mixin.py:190} INFO - [2025-04-25T23:55:45.818+0000] {dagbag.py:588} INFO - Filling up the DagBag from /opt/airflow/dags/hello_world_dag.py
[2025-04-25T23:55:45.848+0000] {logging_mixin.py:190} INFO - [2025-04-25T23:55:45.833+0000] {dagbag.py:387} ERROR - Failed to import: /opt/airflow/dags/hello_world_dag.py
Traceback (most recent call last):
  File "/home/airflow/.local/lib/python3.12/site-packages/airflow/models/dagbag.py", line 383, in parse
    loader.exec_module(new_module)
  File "<frozen importlib._bootstrap_external>", line 999, in exec_module
  File "<frozen importlib._bootstrap>", line 488, in _call_with_frames_removed
  File "/opt/airflow/dags/hello_world_dag.py", line 27, in <module>
    python_callable=save_lending_club
                    ^^^^^^^^^^^^^^^^^
NameError: name 'save_lending_club' is not defined
[2025-04-25T23:55:45.859+0000] {processor.py:927} WARNING - No viable dags retrieved from /opt/airflow/dags/hello_world_dag.py
[2025-04-25T23:55:45.898+0000] {processor.py:208} INFO - Processing /opt/airflow/dags/hello_world_dag.py took 0.095 seconds
[2025-04-25T23:56:16.378+0000] {processor.py:186} INFO - Started process (PID=2294) to work on /opt/airflow/dags/hello_world_dag.py
[2025-04-25T23:56:16.381+0000] {processor.py:914} INFO - Processing file /opt/airflow/dags/hello_world_dag.py for tasks to queue
[2025-04-25T23:56:16.387+0000] {logging_mixin.py:190} INFO - [2025-04-25T23:56:16.386+0000] {dagbag.py:588} INFO - Filling up the DagBag from /opt/airflow/dags/hello_world_dag.py
[2025-04-25T23:56:16.417+0000] {logging_mixin.py:190} INFO - [2025-04-25T23:56:16.400+0000] {dagbag.py:387} ERROR - Failed to import: /opt/airflow/dags/hello_world_dag.py
Traceback (most recent call last):
  File "/home/airflow/.local/lib/python3.12/site-packages/airflow/models/dagbag.py", line 383, in parse
    loader.exec_module(new_module)
  File "<frozen importlib._bootstrap_external>", line 999, in exec_module
  File "<frozen importlib._bootstrap>", line 488, in _call_with_frames_removed
  File "/opt/airflow/dags/hello_world_dag.py", line 27, in <module>
    python_callable=save_lending_club
                    ^^^^^^^^^^^^^^^^^
NameError: name 'save_lending_club' is not defined
[2025-04-25T23:56:16.426+0000] {processor.py:927} WARNING - No viable dags retrieved from /opt/airflow/dags/hello_world_dag.py
[2025-04-25T23:56:16.466+0000] {processor.py:208} INFO - Processing /opt/airflow/dags/hello_world_dag.py took 0.097 seconds
[2025-04-25T23:56:19.796+0000] {processor.py:186} INFO - Started process (PID=2300) to work on /opt/airflow/dags/hello_world_dag.py
[2025-04-25T23:56:19.799+0000] {processor.py:914} INFO - Processing file /opt/airflow/dags/hello_world_dag.py for tasks to queue
[2025-04-25T23:56:19.804+0000] {logging_mixin.py:190} INFO - [2025-04-25T23:56:19.804+0000] {dagbag.py:588} INFO - Filling up the DagBag from /opt/airflow/dags/hello_world_dag.py
[2025-04-25T23:56:19.827+0000] {logging_mixin.py:190} INFO - [2025-04-25T23:56:19.814+0000] {dagbag.py:387} ERROR - Failed to import: /opt/airflow/dags/hello_world_dag.py
Traceback (most recent call last):
  File "/home/airflow/.local/lib/python3.12/site-packages/airflow/models/dagbag.py", line 383, in parse
    loader.exec_module(new_module)
  File "<frozen importlib._bootstrap_external>", line 999, in exec_module
  File "<frozen importlib._bootstrap>", line 488, in _call_with_frames_removed
  File "/opt/airflow/dags/hello_world_dag.py", line 27, in <module>
    python_callable=save_lending_club
                    ^^^^^^^^^^^^^^^^^
NameError: name 'save_lending_club' is not defined
[2025-04-25T23:56:19.839+0000] {processor.py:927} WARNING - No viable dags retrieved from /opt/airflow/dags/hello_world_dag.py
[2025-04-25T23:56:19.904+0000] {processor.py:208} INFO - Processing /opt/airflow/dags/hello_world_dag.py took 0.115 seconds
[2025-04-25T23:56:50.288+0000] {processor.py:186} INFO - Started process (PID=2363) to work on /opt/airflow/dags/hello_world_dag.py
[2025-04-25T23:56:50.290+0000] {processor.py:914} INFO - Processing file /opt/airflow/dags/hello_world_dag.py for tasks to queue
[2025-04-25T23:56:50.297+0000] {logging_mixin.py:190} INFO - [2025-04-25T23:56:50.292+0000] {dagbag.py:588} INFO - Filling up the DagBag from /opt/airflow/dags/hello_world_dag.py
[2025-04-25T23:56:50.354+0000] {logging_mixin.py:190} INFO - [2025-04-25T23:56:50.328+0000] {dagbag.py:387} ERROR - Failed to import: /opt/airflow/dags/hello_world_dag.py
Traceback (most recent call last):
  File "/home/airflow/.local/lib/python3.12/site-packages/airflow/models/dagbag.py", line 383, in parse
    loader.exec_module(new_module)
  File "<frozen importlib._bootstrap_external>", line 999, in exec_module
  File "<frozen importlib._bootstrap>", line 488, in _call_with_frames_removed
  File "/opt/airflow/dags/hello_world_dag.py", line 27, in <module>
    python_callable=save_lending_club
                    ^^^^^^^^^^^^^^^^^
NameError: name 'save_lending_club' is not defined
[2025-04-25T23:56:50.375+0000] {processor.py:927} WARNING - No viable dags retrieved from /opt/airflow/dags/hello_world_dag.py
[2025-04-25T23:56:50.411+0000] {processor.py:208} INFO - Processing /opt/airflow/dags/hello_world_dag.py took 0.177 seconds
[2025-04-25T23:57:20.739+0000] {processor.py:186} INFO - Started process (PID=2427) to work on /opt/airflow/dags/hello_world_dag.py
[2025-04-25T23:57:20.743+0000] {processor.py:914} INFO - Processing file /opt/airflow/dags/hello_world_dag.py for tasks to queue
[2025-04-25T23:57:20.744+0000] {logging_mixin.py:190} INFO - [2025-04-25T23:57:20.744+0000] {dagbag.py:588} INFO - Filling up the DagBag from /opt/airflow/dags/hello_world_dag.py
[2025-04-25T23:57:20.767+0000] {logging_mixin.py:190} INFO - [2025-04-25T23:57:20.751+0000] {dagbag.py:387} ERROR - Failed to import: /opt/airflow/dags/hello_world_dag.py
Traceback (most recent call last):
  File "/home/airflow/.local/lib/python3.12/site-packages/airflow/models/dagbag.py", line 383, in parse
    loader.exec_module(new_module)
  File "<frozen importlib._bootstrap_external>", line 999, in exec_module
  File "<frozen importlib._bootstrap>", line 488, in _call_with_frames_removed
  File "/opt/airflow/dags/hello_world_dag.py", line 27, in <module>
    python_callable=save_lending_club
                    ^^^^^^^^^^^^^^^^^
NameError: name 'save_lending_club' is not defined
[2025-04-25T23:57:20.779+0000] {processor.py:927} WARNING - No viable dags retrieved from /opt/airflow/dags/hello_world_dag.py
[2025-04-25T23:57:20.839+0000] {processor.py:208} INFO - Processing /opt/airflow/dags/hello_world_dag.py took 0.120 seconds
[2025-04-25T23:58:54.795+0000] {processor.py:186} INFO - Started process (PID=2491) to work on /opt/airflow/dags/hello_world_dag.py
[2025-04-25T23:58:54.797+0000] {processor.py:914} INFO - Processing file /opt/airflow/dags/hello_world_dag.py for tasks to queue
[2025-04-25T23:58:54.802+0000] {logging_mixin.py:190} INFO - [2025-04-25T23:58:54.801+0000] {dagbag.py:588} INFO - Filling up the DagBag from /opt/airflow/dags/hello_world_dag.py
[2025-04-25T23:58:54.905+0000] {logging_mixin.py:190} INFO - [2025-04-25T23:58:54.836+0000] {dagbag.py:387} ERROR - Failed to import: /opt/airflow/dags/hello_world_dag.py
Traceback (most recent call last):
  File "/home/airflow/.local/lib/python3.12/site-packages/airflow/models/dagbag.py", line 383, in parse
    loader.exec_module(new_module)
  File "<frozen importlib._bootstrap_external>", line 999, in exec_module
  File "<frozen importlib._bootstrap>", line 488, in _call_with_frames_removed
  File "/opt/airflow/dags/hello_world_dag.py", line 27, in <module>
    python_callable=save_lending_club
                    ^^^^^^^^^^^^^^^^^
NameError: name 'save_lending_club' is not defined
[2025-04-25T23:58:54.941+0000] {processor.py:927} WARNING - No viable dags retrieved from /opt/airflow/dags/hello_world_dag.py
[2025-04-25T23:58:55.127+0000] {processor.py:208} INFO - Processing /opt/airflow/dags/hello_world_dag.py took 0.377 seconds
[2025-04-25T23:59:17.402+0000] {processor.py:186} INFO - Started process (PID=2539) to work on /opt/airflow/dags/hello_world_dag.py
[2025-04-25T23:59:17.413+0000] {processor.py:914} INFO - Processing file /opt/airflow/dags/hello_world_dag.py for tasks to queue
[2025-04-25T23:59:17.416+0000] {logging_mixin.py:190} INFO - [2025-04-25T23:59:17.415+0000] {dagbag.py:588} INFO - Filling up the DagBag from /opt/airflow/dags/hello_world_dag.py
[2025-04-25T23:59:17.466+0000] {processor.py:925} INFO - DAG(s) 'hello' retrieved from /opt/airflow/dags/hello_world_dag.py
[2025-04-25T23:59:17.950+0000] {logging_mixin.py:190} INFO - [2025-04-25T23:59:17.948+0000] {override.py:1911} INFO - Created Permission View: can delete on DAG:hello
[2025-04-25T23:59:17.988+0000] {logging_mixin.py:190} INFO - [2025-04-25T23:59:17.987+0000] {override.py:1911} INFO - Created Permission View: can edit on DAG:hello
[2025-04-25T23:59:18.010+0000] {logging_mixin.py:190} INFO - [2025-04-25T23:59:18.009+0000] {override.py:1911} INFO - Created Permission View: can read on DAG:hello
[2025-04-25T23:59:18.036+0000] {logging_mixin.py:190} INFO - [2025-04-25T23:59:18.035+0000] {override.py:1911} INFO - Created Permission View: menu access on DAG Run:hello
[2025-04-25T23:59:18.067+0000] {logging_mixin.py:190} INFO - [2025-04-25T23:59:18.067+0000] {override.py:1911} INFO - Created Permission View: can create on DAG Run:hello
[2025-04-25T23:59:18.093+0000] {logging_mixin.py:190} INFO - [2025-04-25T23:59:18.093+0000] {override.py:1911} INFO - Created Permission View: can delete on DAG Run:hello
[2025-04-25T23:59:18.116+0000] {logging_mixin.py:190} INFO - [2025-04-25T23:59:18.115+0000] {override.py:1911} INFO - Created Permission View: can read on DAG Run:hello
[2025-04-25T23:59:18.119+0000] {logging_mixin.py:190} INFO - [2025-04-25T23:59:18.119+0000] {dag.py:3239} INFO - Sync 1 DAGs
[2025-04-25T23:59:18.162+0000] {logging_mixin.py:190} INFO - [2025-04-25T23:59:18.162+0000] {dag.py:3262} INFO - Creating ORM DAG for hello
[2025-04-25T23:59:18.164+0000] {logging_mixin.py:190} INFO - [2025-04-25T23:59:18.164+0000] {dag.py:4180} INFO - Setting next_dagrun for hello to None, run_after=None
[2025-04-25T23:59:18.241+0000] {processor.py:208} INFO - Processing /opt/airflow/dags/hello_world_dag.py took 0.879 seconds
[2025-04-25T23:59:50.321+0000] {processor.py:186} INFO - Started process (PID=2602) to work on /opt/airflow/dags/hello_world_dag.py
[2025-04-25T23:59:50.438+0000] {processor.py:914} INFO - Processing file /opt/airflow/dags/hello_world_dag.py for tasks to queue
[2025-04-25T23:59:50.441+0000] {logging_mixin.py:190} INFO - [2025-04-25T23:59:50.441+0000] {dagbag.py:588} INFO - Filling up the DagBag from /opt/airflow/dags/hello_world_dag.py
[2025-04-25T23:59:50.704+0000] {processor.py:925} INFO - DAG(s) 'hello' retrieved from /opt/airflow/dags/hello_world_dag.py
[2025-04-25T23:59:50.837+0000] {logging_mixin.py:190} INFO - [2025-04-25T23:59:50.836+0000] {dag.py:3239} INFO - Sync 1 DAGs
[2025-04-25T23:59:50.954+0000] {logging_mixin.py:190} INFO - [2025-04-25T23:59:50.954+0000] {dag.py:4180} INFO - Setting next_dagrun for hello to None, run_after=None
[2025-04-25T23:59:51.166+0000] {processor.py:208} INFO - Processing /opt/airflow/dags/hello_world_dag.py took 1.002 seconds
