[2025-04-26T00:01:44.125+0000] {local_task_job_runner.py:123} INFO - ::group::Pre task execution logs
[2025-04-26T00:01:44.198+0000] {taskinstance.py:2613} INFO - Dependencies all met for dep_context=non-requeueable deps ti=<TaskInstance: hello.say_hello manual__2025-04-26T00:00:58.273168+00:00 [queued]>
[2025-04-26T00:01:44.225+0000] {taskinstance.py:2613} INFO - Dependencies all met for dep_context=requeueable deps ti=<TaskInstance: hello.say_hello manual__2025-04-26T00:00:58.273168+00:00 [queued]>
[2025-04-26T00:01:44.225+0000] {taskinstance.py:2866} INFO - Starting attempt 1 of 2
[2025-04-26T00:01:44.256+0000] {taskinstance.py:2889} INFO - Executing <Task(PythonOperator): say_hello> on 2025-04-26 00:00:58.273168+00:00
[2025-04-26T00:01:44.339+0000] {warnings.py:112} WARNING - /home/***/.local/lib/python3.12/site-packages/***/task/task_runner/standard_task_runner.py:70: DeprecationWarning: This process (pid=320) is multi-threaded, use of fork() may lead to deadlocks in the child.
  pid = os.fork()

[2025-04-26T00:01:44.345+0000] {standard_task_runner.py:72} INFO - Started process 329 to run task
[2025-04-26T00:01:44.345+0000] {standard_task_runner.py:104} INFO - Running: ['***', 'tasks', 'run', 'hello', 'say_hello', 'manual__2025-04-26T00:00:58.273168+00:00', '--job-id', '5', '--raw', '--subdir', 'DAGS_FOLDER/hello_world_dag.py', '--cfg-path', '/tmp/tmpyt132lyn']
[2025-04-26T00:01:44.346+0000] {standard_task_runner.py:105} INFO - Job 5: Subtask say_hello
[2025-04-26T00:01:44.514+0000] {task_command.py:467} INFO - Running <TaskInstance: hello.say_hello manual__2025-04-26T00:00:58.273168+00:00 [running]> on host b7b46237f914
[2025-04-26T00:01:45.497+0000] {taskinstance.py:3132} INFO - Exporting env vars: AIRFLOW_CTX_DAG_OWNER='***' AIRFLOW_CTX_DAG_ID='hello' AIRFLOW_CTX_TASK_ID='say_hello' AIRFLOW_CTX_EXECUTION_DATE='2025-04-26T00:00:58.273168+00:00' AIRFLOW_CTX_TRY_NUMBER='1' AIRFLOW_CTX_DAG_RUN_ID='manual__2025-04-26T00:00:58.273168+00:00'
[2025-04-26T00:01:45.499+0000] {logging_mixin.py:190} INFO - Task instance is in running state
[2025-04-26T00:01:45.499+0000] {logging_mixin.py:190} INFO -  Previous state of the Task instance: queued
[2025-04-26T00:01:45.500+0000] {logging_mixin.py:190} INFO - Current task name:say_hello state:running start_date:2025-04-26 00:01:44.200043+00:00
[2025-04-26T00:01:45.500+0000] {logging_mixin.py:190} INFO - Dag name:hello and current dag run status:running
[2025-04-26T00:01:45.501+0000] {taskinstance.py:731} INFO - ::endgroup::
[2025-04-26T00:01:45.502+0000] {logging_mixin.py:190} INFO - Hello!
[2025-04-26T00:01:45.502+0000] {python.py:240} INFO - Done. Returned value was: None
[2025-04-26T00:01:45.515+0000] {taskinstance.py:340} INFO - ::group::Post task execution logs
[2025-04-26T00:01:45.515+0000] {taskinstance.py:352} INFO - Marking task as SUCCESS. dag_id=hello, task_id=say_hello, run_id=manual__2025-04-26T00:00:58.273168+00:00, execution_date=20250426T000058, start_date=20250426T000144, end_date=20250426T000145
[2025-04-26T00:01:45.532+0000] {logging_mixin.py:190} INFO - Task instance in success state
[2025-04-26T00:01:45.532+0000] {logging_mixin.py:190} INFO -  Previous state of the Task instance: running
[2025-04-26T00:01:45.535+0000] {logging_mixin.py:190} INFO - Dag name:hello queued_at:2025-04-26 00:00:58.500314+00:00
[2025-04-26T00:01:45.536+0000] {logging_mixin.py:190} INFO - Task hostname:b7b46237f914 operator:PythonOperator
[2025-04-26T00:01:45.573+0000] {local_task_job_runner.py:266} INFO - Task exited with return code 0
[2025-04-26T00:01:45.620+0000] {taskinstance.py:3895} INFO - 0 downstream tasks scheduled from follow-on schedule check
[2025-04-26T00:01:45.624+0000] {local_task_job_runner.py:245} INFO - ::endgroup::
