[2025-04-25T23:31:06.553+0000] {processor.py:186} INFO - Started process (PID=84) to work on /home/airflow/.local/lib/python3.12/site-packages/airflow/example_dags/example_xcom.py
[2025-04-25T23:31:06.569+0000] {processor.py:914} INFO - Processing file /home/airflow/.local/lib/python3.12/site-packages/airflow/example_dags/example_xcom.py for tasks to queue
[2025-04-25T23:31:06.616+0000] {logging_mixin.py:190} INFO - [2025-04-25T23:31:06.615+0000] {dagbag.py:588} INFO - Filling up the DagBag from /home/airflow/.local/lib/python3.12/site-packages/airflow/example_dags/example_xcom.py
[2025-04-25T23:31:06.820+0000] {processor.py:925} INFO - DAG(s) 'example_xcom' retrieved from /home/airflow/.local/lib/python3.12/site-packages/airflow/example_dags/example_xcom.py
[2025-04-25T23:31:07.988+0000] {logging_mixin.py:190} INFO - [2025-04-25T23:31:07.978+0000] {override.py:1911} INFO - Created Permission View: can delete on DAG:example_xcom
[2025-04-25T23:31:08.123+0000] {logging_mixin.py:190} INFO - [2025-04-25T23:31:08.123+0000] {override.py:1911} INFO - Created Permission View: can read on DAG:example_xcom
[2025-04-25T23:31:08.146+0000] {logging_mixin.py:190} INFO - [2025-04-25T23:31:08.146+0000] {override.py:1911} INFO - Created Permission View: can edit on DAG:example_xcom
[2025-04-25T23:31:08.191+0000] {logging_mixin.py:190} INFO - [2025-04-25T23:31:08.190+0000] {override.py:1911} INFO - Created Permission View: can create on DAG Run:example_xcom
[2025-04-25T23:31:08.224+0000] {logging_mixin.py:190} INFO - [2025-04-25T23:31:08.221+0000] {override.py:1911} INFO - Created Permission View: can delete on DAG Run:example_xcom
[2025-04-25T23:31:08.351+0000] {logging_mixin.py:190} INFO - [2025-04-25T23:31:08.349+0000] {override.py:1911} INFO - Created Permission View: can read on DAG Run:example_xcom
[2025-04-25T23:31:08.394+0000] {logging_mixin.py:190} INFO - [2025-04-25T23:31:08.394+0000] {override.py:1911} INFO - Created Permission View: menu access on DAG Run:example_xcom
[2025-04-25T23:31:08.395+0000] {logging_mixin.py:190} INFO - [2025-04-25T23:31:08.395+0000] {dag.py:3239} INFO - Sync 1 DAGs
[2025-04-25T23:31:08.543+0000] {logging_mixin.py:190} INFO - [2025-04-25T23:31:08.543+0000] {dag.py:3262} INFO - Creating ORM DAG for example_xcom
[2025-04-25T23:31:08.714+0000] {logging_mixin.py:190} INFO - [2025-04-25T23:31:08.712+0000] {dag.py:4180} INFO - Setting next_dagrun for example_xcom to 2021-01-01 00:00:00+00:00, run_after=2021-01-01 00:00:00+00:00
[2025-04-25T23:31:08.893+0000] {processor.py:208} INFO - Processing /home/airflow/.local/lib/python3.12/site-packages/airflow/example_dags/example_xcom.py took 2.516 seconds
[2025-04-25T23:33:41.614+0000] {processor.py:186} INFO - Started process (PID=171) to work on /home/airflow/.local/lib/python3.12/site-packages/airflow/example_dags/example_xcom.py
[2025-04-25T23:33:41.616+0000] {processor.py:914} INFO - Processing file /home/airflow/.local/lib/python3.12/site-packages/airflow/example_dags/example_xcom.py for tasks to queue
[2025-04-25T23:33:41.623+0000] {logging_mixin.py:190} INFO - [2025-04-25T23:33:41.622+0000] {dagbag.py:588} INFO - Filling up the DagBag from /home/airflow/.local/lib/python3.12/site-packages/airflow/example_dags/example_xcom.py
[2025-04-25T23:33:41.647+0000] {processor.py:925} INFO - DAG(s) 'example_xcom' retrieved from /home/airflow/.local/lib/python3.12/site-packages/airflow/example_dags/example_xcom.py
[2025-04-25T23:33:41.696+0000] {logging_mixin.py:190} INFO - [2025-04-25T23:33:41.693+0000] {dag.py:3239} INFO - Sync 1 DAGs
[2025-04-25T23:33:41.746+0000] {logging_mixin.py:190} INFO - [2025-04-25T23:33:41.745+0000] {dag.py:4180} INFO - Setting next_dagrun for example_xcom to 2021-01-01 00:00:00+00:00, run_after=2021-01-01 00:00:00+00:00
[2025-04-25T23:33:41.776+0000] {processor.py:208} INFO - Processing /home/airflow/.local/lib/python3.12/site-packages/airflow/example_dags/example_xcom.py took 0.176 seconds
[2025-04-25T23:34:30.881+0000] {processor.py:186} INFO - Started process (PID=227) to work on /home/airflow/.local/lib/python3.12/site-packages/airflow/example_dags/example_xcom.py
[2025-04-25T23:34:30.882+0000] {processor.py:914} INFO - Processing file /home/airflow/.local/lib/python3.12/site-packages/airflow/example_dags/example_xcom.py for tasks to queue
[2025-04-25T23:34:30.888+0000] {logging_mixin.py:190} INFO - [2025-04-25T23:34:30.887+0000] {dagbag.py:588} INFO - Filling up the DagBag from /home/airflow/.local/lib/python3.12/site-packages/airflow/example_dags/example_xcom.py
[2025-04-25T23:34:30.922+0000] {processor.py:925} INFO - DAG(s) 'example_xcom' retrieved from /home/airflow/.local/lib/python3.12/site-packages/airflow/example_dags/example_xcom.py
[2025-04-25T23:34:31.360+0000] {logging_mixin.py:190} INFO - [2025-04-25T23:34:31.358+0000] {dag.py:3239} INFO - Sync 1 DAGs
[2025-04-25T23:34:32.213+0000] {logging_mixin.py:190} INFO - [2025-04-25T23:34:32.211+0000] {dag.py:4180} INFO - Setting next_dagrun for example_xcom to 2021-01-01 00:00:00+00:00, run_after=2021-01-01 00:00:00+00:00
[2025-04-25T23:34:32.409+0000] {processor.py:208} INFO - Processing /home/airflow/.local/lib/python3.12/site-packages/airflow/example_dags/example_xcom.py took 1.605 seconds
[2025-04-25T23:35:26.349+0000] {processor.py:186} INFO - Started process (PID=283) to work on /home/airflow/.local/lib/python3.12/site-packages/airflow/example_dags/example_xcom.py
[2025-04-25T23:35:26.351+0000] {processor.py:914} INFO - Processing file /home/airflow/.local/lib/python3.12/site-packages/airflow/example_dags/example_xcom.py for tasks to queue
[2025-04-25T23:35:26.359+0000] {logging_mixin.py:190} INFO - [2025-04-25T23:35:26.358+0000] {dagbag.py:588} INFO - Filling up the DagBag from /home/airflow/.local/lib/python3.12/site-packages/airflow/example_dags/example_xcom.py
[2025-04-25T23:35:26.443+0000] {processor.py:925} INFO - DAG(s) 'example_xcom' retrieved from /home/airflow/.local/lib/python3.12/site-packages/airflow/example_dags/example_xcom.py
[2025-04-25T23:35:26.609+0000] {logging_mixin.py:190} INFO - [2025-04-25T23:35:26.609+0000] {dag.py:3239} INFO - Sync 1 DAGs
[2025-04-25T23:35:26.837+0000] {logging_mixin.py:190} INFO - [2025-04-25T23:35:26.837+0000] {dag.py:4180} INFO - Setting next_dagrun for example_xcom to 2021-01-01 00:00:00+00:00, run_after=2021-01-01 00:00:00+00:00
[2025-04-25T23:35:26.896+0000] {processor.py:208} INFO - Processing /home/airflow/.local/lib/python3.12/site-packages/airflow/example_dags/example_xcom.py took 0.567 seconds
[2025-04-25T23:37:15.497+0000] {processor.py:186} INFO - Started process (PID=72) to work on /home/airflow/.local/lib/python3.12/site-packages/airflow/example_dags/example_xcom.py
[2025-04-25T23:37:15.501+0000] {processor.py:914} INFO - Processing file /home/airflow/.local/lib/python3.12/site-packages/airflow/example_dags/example_xcom.py for tasks to queue
[2025-04-25T23:37:15.511+0000] {logging_mixin.py:190} INFO - [2025-04-25T23:37:15.511+0000] {dagbag.py:588} INFO - Filling up the DagBag from /home/airflow/.local/lib/python3.12/site-packages/airflow/example_dags/example_xcom.py
[2025-04-25T23:37:15.580+0000] {processor.py:925} INFO - DAG(s) 'example_xcom' retrieved from /home/airflow/.local/lib/python3.12/site-packages/airflow/example_dags/example_xcom.py
[2025-04-25T23:37:15.738+0000] {logging_mixin.py:190} INFO - [2025-04-25T23:37:15.737+0000] {dag.py:3239} INFO - Sync 1 DAGs
[2025-04-25T23:37:15.888+0000] {logging_mixin.py:190} INFO - [2025-04-25T23:37:15.887+0000] {dag.py:4180} INFO - Setting next_dagrun for example_xcom to 2021-01-01 00:00:00+00:00, run_after=2021-01-01 00:00:00+00:00
[2025-04-25T23:37:16.116+0000] {processor.py:208} INFO - Processing /home/airflow/.local/lib/python3.12/site-packages/airflow/example_dags/example_xcom.py took 0.717 seconds
[2025-04-25T23:38:05.848+0000] {processor.py:186} INFO - Started process (PID=141) to work on /home/airflow/.local/lib/python3.12/site-packages/airflow/example_dags/example_xcom.py
[2025-04-25T23:38:05.849+0000] {processor.py:914} INFO - Processing file /home/airflow/.local/lib/python3.12/site-packages/airflow/example_dags/example_xcom.py for tasks to queue
[2025-04-25T23:38:05.853+0000] {logging_mixin.py:190} INFO - [2025-04-25T23:38:05.853+0000] {dagbag.py:588} INFO - Filling up the DagBag from /home/airflow/.local/lib/python3.12/site-packages/airflow/example_dags/example_xcom.py
[2025-04-25T23:38:05.873+0000] {processor.py:925} INFO - DAG(s) 'example_xcom' retrieved from /home/airflow/.local/lib/python3.12/site-packages/airflow/example_dags/example_xcom.py
[2025-04-25T23:38:05.915+0000] {logging_mixin.py:190} INFO - [2025-04-25T23:38:05.915+0000] {dag.py:3239} INFO - Sync 1 DAGs
[2025-04-25T23:38:05.970+0000] {logging_mixin.py:190} INFO - [2025-04-25T23:38:05.969+0000] {dag.py:4180} INFO - Setting next_dagrun for example_xcom to 2021-01-01 00:00:00+00:00, run_after=2021-01-01 00:00:00+00:00
[2025-04-25T23:38:06.021+0000] {processor.py:208} INFO - Processing /home/airflow/.local/lib/python3.12/site-packages/airflow/example_dags/example_xcom.py took 0.184 seconds
[2025-04-25T23:38:44.867+0000] {processor.py:186} INFO - Started process (PID=203) to work on /home/airflow/.local/lib/python3.12/site-packages/airflow/example_dags/example_xcom.py
[2025-04-25T23:38:44.869+0000] {processor.py:914} INFO - Processing file /home/airflow/.local/lib/python3.12/site-packages/airflow/example_dags/example_xcom.py for tasks to queue
[2025-04-25T23:38:44.874+0000] {logging_mixin.py:190} INFO - [2025-04-25T23:38:44.874+0000] {dagbag.py:588} INFO - Filling up the DagBag from /home/airflow/.local/lib/python3.12/site-packages/airflow/example_dags/example_xcom.py
[2025-04-25T23:38:44.911+0000] {processor.py:925} INFO - DAG(s) 'example_xcom' retrieved from /home/airflow/.local/lib/python3.12/site-packages/airflow/example_dags/example_xcom.py
[2025-04-25T23:38:44.962+0000] {logging_mixin.py:190} INFO - [2025-04-25T23:38:44.961+0000] {dag.py:3239} INFO - Sync 1 DAGs
[2025-04-25T23:38:45.036+0000] {logging_mixin.py:190} INFO - [2025-04-25T23:38:45.036+0000] {dag.py:4180} INFO - Setting next_dagrun for example_xcom to 2021-01-01 00:00:00+00:00, run_after=2021-01-01 00:00:00+00:00
[2025-04-25T23:38:45.079+0000] {processor.py:208} INFO - Processing /home/airflow/.local/lib/python3.12/site-packages/airflow/example_dags/example_xcom.py took 0.224 seconds
[2025-04-25T23:39:15.796+0000] {processor.py:186} INFO - Started process (PID=263) to work on /home/airflow/.local/lib/python3.12/site-packages/airflow/example_dags/example_xcom.py
[2025-04-25T23:39:15.799+0000] {processor.py:914} INFO - Processing file /home/airflow/.local/lib/python3.12/site-packages/airflow/example_dags/example_xcom.py for tasks to queue
[2025-04-25T23:39:15.803+0000] {logging_mixin.py:190} INFO - [2025-04-25T23:39:15.803+0000] {dagbag.py:588} INFO - Filling up the DagBag from /home/airflow/.local/lib/python3.12/site-packages/airflow/example_dags/example_xcom.py
[2025-04-25T23:39:15.822+0000] {processor.py:925} INFO - DAG(s) 'example_xcom' retrieved from /home/airflow/.local/lib/python3.12/site-packages/airflow/example_dags/example_xcom.py
[2025-04-25T23:39:15.867+0000] {logging_mixin.py:190} INFO - [2025-04-25T23:39:15.866+0000] {dag.py:3239} INFO - Sync 1 DAGs
[2025-04-25T23:39:15.918+0000] {logging_mixin.py:190} INFO - [2025-04-25T23:39:15.918+0000] {dag.py:4180} INFO - Setting next_dagrun for example_xcom to 2021-01-01 00:00:00+00:00, run_after=2021-01-01 00:00:00+00:00
[2025-04-25T23:39:15.958+0000] {processor.py:208} INFO - Processing /home/airflow/.local/lib/python3.12/site-packages/airflow/example_dags/example_xcom.py took 0.181 seconds
[2025-04-25T23:39:49.325+0000] {processor.py:186} INFO - Started process (PID=320) to work on /home/airflow/.local/lib/python3.12/site-packages/airflow/example_dags/example_xcom.py
[2025-04-25T23:39:49.327+0000] {processor.py:914} INFO - Processing file /home/airflow/.local/lib/python3.12/site-packages/airflow/example_dags/example_xcom.py for tasks to queue
[2025-04-25T23:39:49.335+0000] {logging_mixin.py:190} INFO - [2025-04-25T23:39:49.335+0000] {dagbag.py:588} INFO - Filling up the DagBag from /home/airflow/.local/lib/python3.12/site-packages/airflow/example_dags/example_xcom.py
[2025-04-25T23:39:49.355+0000] {processor.py:925} INFO - DAG(s) 'example_xcom' retrieved from /home/airflow/.local/lib/python3.12/site-packages/airflow/example_dags/example_xcom.py
[2025-04-25T23:39:49.437+0000] {logging_mixin.py:190} INFO - [2025-04-25T23:39:49.436+0000] {dag.py:3239} INFO - Sync 1 DAGs
[2025-04-25T23:39:49.497+0000] {logging_mixin.py:190} INFO - [2025-04-25T23:39:49.497+0000] {dag.py:4180} INFO - Setting next_dagrun for example_xcom to 2021-01-01 00:00:00+00:00, run_after=2021-01-01 00:00:00+00:00
[2025-04-25T23:39:49.549+0000] {processor.py:208} INFO - Processing /home/airflow/.local/lib/python3.12/site-packages/airflow/example_dags/example_xcom.py took 0.237 seconds
[2025-04-25T23:40:20.419+0000] {processor.py:186} INFO - Started process (PID=383) to work on /home/airflow/.local/lib/python3.12/site-packages/airflow/example_dags/example_xcom.py
[2025-04-25T23:40:20.420+0000] {processor.py:914} INFO - Processing file /home/airflow/.local/lib/python3.12/site-packages/airflow/example_dags/example_xcom.py for tasks to queue
[2025-04-25T23:40:20.423+0000] {logging_mixin.py:190} INFO - [2025-04-25T23:40:20.422+0000] {dagbag.py:588} INFO - Filling up the DagBag from /home/airflow/.local/lib/python3.12/site-packages/airflow/example_dags/example_xcom.py
[2025-04-25T23:40:20.439+0000] {processor.py:925} INFO - DAG(s) 'example_xcom' retrieved from /home/airflow/.local/lib/python3.12/site-packages/airflow/example_dags/example_xcom.py
[2025-04-25T23:40:20.471+0000] {logging_mixin.py:190} INFO - [2025-04-25T23:40:20.471+0000] {dag.py:3239} INFO - Sync 1 DAGs
[2025-04-25T23:40:20.510+0000] {logging_mixin.py:190} INFO - [2025-04-25T23:40:20.509+0000] {dag.py:4180} INFO - Setting next_dagrun for example_xcom to 2021-01-01 00:00:00+00:00, run_after=2021-01-01 00:00:00+00:00
[2025-04-25T23:40:20.539+0000] {processor.py:208} INFO - Processing /home/airflow/.local/lib/python3.12/site-packages/airflow/example_dags/example_xcom.py took 0.129 seconds
[2025-04-25T23:40:51.078+0000] {processor.py:186} INFO - Started process (PID=446) to work on /home/airflow/.local/lib/python3.12/site-packages/airflow/example_dags/example_xcom.py
[2025-04-25T23:40:51.079+0000] {processor.py:914} INFO - Processing file /home/airflow/.local/lib/python3.12/site-packages/airflow/example_dags/example_xcom.py for tasks to queue
[2025-04-25T23:40:51.088+0000] {logging_mixin.py:190} INFO - [2025-04-25T23:40:51.087+0000] {dagbag.py:588} INFO - Filling up the DagBag from /home/airflow/.local/lib/python3.12/site-packages/airflow/example_dags/example_xcom.py
[2025-04-25T23:40:51.138+0000] {processor.py:925} INFO - DAG(s) 'example_xcom' retrieved from /home/airflow/.local/lib/python3.12/site-packages/airflow/example_dags/example_xcom.py
[2025-04-25T23:40:51.206+0000] {logging_mixin.py:190} INFO - [2025-04-25T23:40:51.206+0000] {dag.py:3239} INFO - Sync 1 DAGs
[2025-04-25T23:40:51.245+0000] {logging_mixin.py:190} INFO - [2025-04-25T23:40:51.245+0000] {dag.py:4180} INFO - Setting next_dagrun for example_xcom to 2021-01-01 00:00:00+00:00, run_after=2021-01-01 00:00:00+00:00
[2025-04-25T23:40:51.284+0000] {processor.py:208} INFO - Processing /home/airflow/.local/lib/python3.12/site-packages/airflow/example_dags/example_xcom.py took 0.239 seconds
[2025-04-25T23:41:22.035+0000] {processor.py:186} INFO - Started process (PID=508) to work on /home/airflow/.local/lib/python3.12/site-packages/airflow/example_dags/example_xcom.py
[2025-04-25T23:41:22.038+0000] {processor.py:914} INFO - Processing file /home/airflow/.local/lib/python3.12/site-packages/airflow/example_dags/example_xcom.py for tasks to queue
[2025-04-25T23:41:22.043+0000] {logging_mixin.py:190} INFO - [2025-04-25T23:41:22.042+0000] {dagbag.py:588} INFO - Filling up the DagBag from /home/airflow/.local/lib/python3.12/site-packages/airflow/example_dags/example_xcom.py
[2025-04-25T23:41:22.069+0000] {processor.py:925} INFO - DAG(s) 'example_xcom' retrieved from /home/airflow/.local/lib/python3.12/site-packages/airflow/example_dags/example_xcom.py
[2025-04-25T23:41:22.124+0000] {logging_mixin.py:190} INFO - [2025-04-25T23:41:22.124+0000] {dag.py:3239} INFO - Sync 1 DAGs
[2025-04-25T23:41:22.180+0000] {logging_mixin.py:190} INFO - [2025-04-25T23:41:22.179+0000] {dag.py:4180} INFO - Setting next_dagrun for example_xcom to 2021-01-01 00:00:00+00:00, run_after=2021-01-01 00:00:00+00:00
[2025-04-25T23:41:22.220+0000] {processor.py:208} INFO - Processing /home/airflow/.local/lib/python3.12/site-packages/airflow/example_dags/example_xcom.py took 0.198 seconds
[2025-04-25T23:41:52.989+0000] {processor.py:186} INFO - Started process (PID=572) to work on /home/airflow/.local/lib/python3.12/site-packages/airflow/example_dags/example_xcom.py
[2025-04-25T23:41:52.990+0000] {processor.py:914} INFO - Processing file /home/airflow/.local/lib/python3.12/site-packages/airflow/example_dags/example_xcom.py for tasks to queue
[2025-04-25T23:41:52.994+0000] {logging_mixin.py:190} INFO - [2025-04-25T23:41:52.994+0000] {dagbag.py:588} INFO - Filling up the DagBag from /home/airflow/.local/lib/python3.12/site-packages/airflow/example_dags/example_xcom.py
[2025-04-25T23:41:53.018+0000] {processor.py:925} INFO - DAG(s) 'example_xcom' retrieved from /home/airflow/.local/lib/python3.12/site-packages/airflow/example_dags/example_xcom.py
[2025-04-25T23:41:53.060+0000] {logging_mixin.py:190} INFO - [2025-04-25T23:41:53.060+0000] {dag.py:3239} INFO - Sync 1 DAGs
[2025-04-25T23:41:53.128+0000] {logging_mixin.py:190} INFO - [2025-04-25T23:41:53.127+0000] {dag.py:4180} INFO - Setting next_dagrun for example_xcom to 2021-01-01 00:00:00+00:00, run_after=2021-01-01 00:00:00+00:00
[2025-04-25T23:41:53.192+0000] {processor.py:208} INFO - Processing /home/airflow/.local/lib/python3.12/site-packages/airflow/example_dags/example_xcom.py took 0.214 seconds
[2025-04-25T23:42:23.461+0000] {processor.py:186} INFO - Started process (PID=634) to work on /home/airflow/.local/lib/python3.12/site-packages/airflow/example_dags/example_xcom.py
[2025-04-25T23:42:23.464+0000] {processor.py:914} INFO - Processing file /home/airflow/.local/lib/python3.12/site-packages/airflow/example_dags/example_xcom.py for tasks to queue
[2025-04-25T23:42:23.469+0000] {logging_mixin.py:190} INFO - [2025-04-25T23:42:23.468+0000] {dagbag.py:588} INFO - Filling up the DagBag from /home/airflow/.local/lib/python3.12/site-packages/airflow/example_dags/example_xcom.py
[2025-04-25T23:42:23.481+0000] {processor.py:925} INFO - DAG(s) 'example_xcom' retrieved from /home/airflow/.local/lib/python3.12/site-packages/airflow/example_dags/example_xcom.py
[2025-04-25T23:42:23.514+0000] {logging_mixin.py:190} INFO - [2025-04-25T23:42:23.513+0000] {dag.py:3239} INFO - Sync 1 DAGs
[2025-04-25T23:42:23.553+0000] {logging_mixin.py:190} INFO - [2025-04-25T23:42:23.553+0000] {dag.py:4180} INFO - Setting next_dagrun for example_xcom to 2021-01-01 00:00:00+00:00, run_after=2021-01-01 00:00:00+00:00
[2025-04-25T23:42:23.581+0000] {processor.py:208} INFO - Processing /home/airflow/.local/lib/python3.12/site-packages/airflow/example_dags/example_xcom.py took 0.129 seconds
[2025-04-25T23:42:53.990+0000] {processor.py:186} INFO - Started process (PID=697) to work on /home/airflow/.local/lib/python3.12/site-packages/airflow/example_dags/example_xcom.py
[2025-04-25T23:42:53.993+0000] {processor.py:914} INFO - Processing file /home/airflow/.local/lib/python3.12/site-packages/airflow/example_dags/example_xcom.py for tasks to queue
[2025-04-25T23:42:53.998+0000] {logging_mixin.py:190} INFO - [2025-04-25T23:42:53.997+0000] {dagbag.py:588} INFO - Filling up the DagBag from /home/airflow/.local/lib/python3.12/site-packages/airflow/example_dags/example_xcom.py
[2025-04-25T23:42:54.018+0000] {processor.py:925} INFO - DAG(s) 'example_xcom' retrieved from /home/airflow/.local/lib/python3.12/site-packages/airflow/example_dags/example_xcom.py
[2025-04-25T23:42:54.062+0000] {logging_mixin.py:190} INFO - [2025-04-25T23:42:54.061+0000] {dag.py:3239} INFO - Sync 1 DAGs
[2025-04-25T23:42:54.096+0000] {logging_mixin.py:190} INFO - [2025-04-25T23:42:54.095+0000] {dag.py:4180} INFO - Setting next_dagrun for example_xcom to 2021-01-01 00:00:00+00:00, run_after=2021-01-01 00:00:00+00:00
[2025-04-25T23:42:54.125+0000] {processor.py:208} INFO - Processing /home/airflow/.local/lib/python3.12/site-packages/airflow/example_dags/example_xcom.py took 0.144 seconds
[2025-04-25T23:43:29.259+0000] {processor.py:186} INFO - Started process (PID=754) to work on /home/airflow/.local/lib/python3.12/site-packages/airflow/example_dags/example_xcom.py
[2025-04-25T23:43:29.268+0000] {processor.py:914} INFO - Processing file /home/airflow/.local/lib/python3.12/site-packages/airflow/example_dags/example_xcom.py for tasks to queue
[2025-04-25T23:43:29.296+0000] {logging_mixin.py:190} INFO - [2025-04-25T23:43:29.295+0000] {dagbag.py:588} INFO - Filling up the DagBag from /home/airflow/.local/lib/python3.12/site-packages/airflow/example_dags/example_xcom.py
[2025-04-25T23:43:29.310+0000] {processor.py:925} INFO - DAG(s) 'example_xcom' retrieved from /home/airflow/.local/lib/python3.12/site-packages/airflow/example_dags/example_xcom.py
[2025-04-25T23:43:29.344+0000] {logging_mixin.py:190} INFO - [2025-04-25T23:43:29.344+0000] {dag.py:3239} INFO - Sync 1 DAGs
[2025-04-25T23:43:29.385+0000] {logging_mixin.py:190} INFO - [2025-04-25T23:43:29.385+0000] {dag.py:4180} INFO - Setting next_dagrun for example_xcom to 2021-01-01 00:00:00+00:00, run_after=2021-01-01 00:00:00+00:00
[2025-04-25T23:43:29.452+0000] {processor.py:208} INFO - Processing /home/airflow/.local/lib/python3.12/site-packages/airflow/example_dags/example_xcom.py took 0.211 seconds
[2025-04-25T23:43:59.946+0000] {processor.py:186} INFO - Started process (PID=817) to work on /home/airflow/.local/lib/python3.12/site-packages/airflow/example_dags/example_xcom.py
[2025-04-25T23:43:59.948+0000] {processor.py:914} INFO - Processing file /home/airflow/.local/lib/python3.12/site-packages/airflow/example_dags/example_xcom.py for tasks to queue
[2025-04-25T23:43:59.951+0000] {logging_mixin.py:190} INFO - [2025-04-25T23:43:59.950+0000] {dagbag.py:588} INFO - Filling up the DagBag from /home/airflow/.local/lib/python3.12/site-packages/airflow/example_dags/example_xcom.py
[2025-04-25T23:43:59.970+0000] {processor.py:925} INFO - DAG(s) 'example_xcom' retrieved from /home/airflow/.local/lib/python3.12/site-packages/airflow/example_dags/example_xcom.py
[2025-04-25T23:44:00.008+0000] {logging_mixin.py:190} INFO - [2025-04-25T23:44:00.007+0000] {dag.py:3239} INFO - Sync 1 DAGs
[2025-04-25T23:44:00.079+0000] {logging_mixin.py:190} INFO - [2025-04-25T23:44:00.078+0000] {dag.py:4180} INFO - Setting next_dagrun for example_xcom to 2021-01-01 00:00:00+00:00, run_after=2021-01-01 00:00:00+00:00
[2025-04-25T23:44:00.117+0000] {processor.py:208} INFO - Processing /home/airflow/.local/lib/python3.12/site-packages/airflow/example_dags/example_xcom.py took 0.178 seconds
[2025-04-25T23:44:30.496+0000] {processor.py:186} INFO - Started process (PID=880) to work on /home/airflow/.local/lib/python3.12/site-packages/airflow/example_dags/example_xcom.py
[2025-04-25T23:44:30.497+0000] {processor.py:914} INFO - Processing file /home/airflow/.local/lib/python3.12/site-packages/airflow/example_dags/example_xcom.py for tasks to queue
[2025-04-25T23:44:30.503+0000] {logging_mixin.py:190} INFO - [2025-04-25T23:44:30.503+0000] {dagbag.py:588} INFO - Filling up the DagBag from /home/airflow/.local/lib/python3.12/site-packages/airflow/example_dags/example_xcom.py
[2025-04-25T23:44:30.527+0000] {processor.py:925} INFO - DAG(s) 'example_xcom' retrieved from /home/airflow/.local/lib/python3.12/site-packages/airflow/example_dags/example_xcom.py
[2025-04-25T23:44:30.565+0000] {logging_mixin.py:190} INFO - [2025-04-25T23:44:30.564+0000] {dag.py:3239} INFO - Sync 1 DAGs
[2025-04-25T23:44:30.624+0000] {logging_mixin.py:190} INFO - [2025-04-25T23:44:30.624+0000] {dag.py:4180} INFO - Setting next_dagrun for example_xcom to 2021-01-01 00:00:00+00:00, run_after=2021-01-01 00:00:00+00:00
[2025-04-25T23:44:30.659+0000] {processor.py:208} INFO - Processing /home/airflow/.local/lib/python3.12/site-packages/airflow/example_dags/example_xcom.py took 0.170 seconds
[2025-04-25T23:45:01.550+0000] {processor.py:186} INFO - Started process (PID=943) to work on /home/airflow/.local/lib/python3.12/site-packages/airflow/example_dags/example_xcom.py
[2025-04-25T23:45:01.551+0000] {processor.py:914} INFO - Processing file /home/airflow/.local/lib/python3.12/site-packages/airflow/example_dags/example_xcom.py for tasks to queue
[2025-04-25T23:45:01.554+0000] {logging_mixin.py:190} INFO - [2025-04-25T23:45:01.554+0000] {dagbag.py:588} INFO - Filling up the DagBag from /home/airflow/.local/lib/python3.12/site-packages/airflow/example_dags/example_xcom.py
[2025-04-25T23:45:01.572+0000] {processor.py:925} INFO - DAG(s) 'example_xcom' retrieved from /home/airflow/.local/lib/python3.12/site-packages/airflow/example_dags/example_xcom.py
[2025-04-25T23:45:01.619+0000] {logging_mixin.py:190} INFO - [2025-04-25T23:45:01.619+0000] {dag.py:3239} INFO - Sync 1 DAGs
[2025-04-25T23:45:01.679+0000] {logging_mixin.py:190} INFO - [2025-04-25T23:45:01.679+0000] {dag.py:4180} INFO - Setting next_dagrun for example_xcom to 2021-01-01 00:00:00+00:00, run_after=2021-01-01 00:00:00+00:00
[2025-04-25T23:45:01.731+0000] {processor.py:208} INFO - Processing /home/airflow/.local/lib/python3.12/site-packages/airflow/example_dags/example_xcom.py took 0.202 seconds
[2025-04-25T23:45:32.230+0000] {processor.py:186} INFO - Started process (PID=1006) to work on /home/airflow/.local/lib/python3.12/site-packages/airflow/example_dags/example_xcom.py
[2025-04-25T23:45:32.231+0000] {processor.py:914} INFO - Processing file /home/airflow/.local/lib/python3.12/site-packages/airflow/example_dags/example_xcom.py for tasks to queue
[2025-04-25T23:45:32.234+0000] {logging_mixin.py:190} INFO - [2025-04-25T23:45:32.233+0000] {dagbag.py:588} INFO - Filling up the DagBag from /home/airflow/.local/lib/python3.12/site-packages/airflow/example_dags/example_xcom.py
[2025-04-25T23:45:32.249+0000] {processor.py:925} INFO - DAG(s) 'example_xcom' retrieved from /home/airflow/.local/lib/python3.12/site-packages/airflow/example_dags/example_xcom.py
[2025-04-25T23:45:32.284+0000] {logging_mixin.py:190} INFO - [2025-04-25T23:45:32.284+0000] {dag.py:3239} INFO - Sync 1 DAGs
[2025-04-25T23:45:32.329+0000] {logging_mixin.py:190} INFO - [2025-04-25T23:45:32.329+0000] {dag.py:4180} INFO - Setting next_dagrun for example_xcom to 2021-01-01 00:00:00+00:00, run_after=2021-01-01 00:00:00+00:00
[2025-04-25T23:45:32.355+0000] {processor.py:208} INFO - Processing /home/airflow/.local/lib/python3.12/site-packages/airflow/example_dags/example_xcom.py took 0.136 seconds
[2025-04-25T23:46:03.210+0000] {processor.py:186} INFO - Started process (PID=1068) to work on /home/airflow/.local/lib/python3.12/site-packages/airflow/example_dags/example_xcom.py
[2025-04-25T23:46:03.212+0000] {processor.py:914} INFO - Processing file /home/airflow/.local/lib/python3.12/site-packages/airflow/example_dags/example_xcom.py for tasks to queue
[2025-04-25T23:46:03.215+0000] {logging_mixin.py:190} INFO - [2025-04-25T23:46:03.214+0000] {dagbag.py:588} INFO - Filling up the DagBag from /home/airflow/.local/lib/python3.12/site-packages/airflow/example_dags/example_xcom.py
[2025-04-25T23:46:03.255+0000] {processor.py:925} INFO - DAG(s) 'example_xcom' retrieved from /home/airflow/.local/lib/python3.12/site-packages/airflow/example_dags/example_xcom.py
[2025-04-25T23:46:03.307+0000] {logging_mixin.py:190} INFO - [2025-04-25T23:46:03.307+0000] {dag.py:3239} INFO - Sync 1 DAGs
[2025-04-25T23:46:03.345+0000] {logging_mixin.py:190} INFO - [2025-04-25T23:46:03.345+0000] {dag.py:4180} INFO - Setting next_dagrun for example_xcom to 2021-01-01 00:00:00+00:00, run_after=2021-01-01 00:00:00+00:00
[2025-04-25T23:46:03.375+0000] {processor.py:208} INFO - Processing /home/airflow/.local/lib/python3.12/site-packages/airflow/example_dags/example_xcom.py took 0.174 seconds
[2025-04-25T23:46:45.507+0000] {processor.py:186} INFO - Started process (PID=1122) to work on /home/airflow/.local/lib/python3.12/site-packages/airflow/example_dags/example_xcom.py
[2025-04-25T23:46:45.509+0000] {processor.py:914} INFO - Processing file /home/airflow/.local/lib/python3.12/site-packages/airflow/example_dags/example_xcom.py for tasks to queue
[2025-04-25T23:46:45.518+0000] {logging_mixin.py:190} INFO - [2025-04-25T23:46:45.517+0000] {dagbag.py:588} INFO - Filling up the DagBag from /home/airflow/.local/lib/python3.12/site-packages/airflow/example_dags/example_xcom.py
[2025-04-25T23:46:45.535+0000] {processor.py:925} INFO - DAG(s) 'example_xcom' retrieved from /home/airflow/.local/lib/python3.12/site-packages/airflow/example_dags/example_xcom.py
[2025-04-25T23:46:45.579+0000] {logging_mixin.py:190} INFO - [2025-04-25T23:46:45.578+0000] {dag.py:3239} INFO - Sync 1 DAGs
[2025-04-25T23:46:45.626+0000] {logging_mixin.py:190} INFO - [2025-04-25T23:46:45.625+0000] {dag.py:4180} INFO - Setting next_dagrun for example_xcom to 2021-01-01 00:00:00+00:00, run_after=2021-01-01 00:00:00+00:00
[2025-04-25T23:46:45.662+0000] {processor.py:208} INFO - Processing /home/airflow/.local/lib/python3.12/site-packages/airflow/example_dags/example_xcom.py took 0.164 seconds
[2025-04-25T23:47:15.984+0000] {processor.py:186} INFO - Started process (PID=1185) to work on /home/airflow/.local/lib/python3.12/site-packages/airflow/example_dags/example_xcom.py
[2025-04-25T23:47:15.988+0000] {processor.py:914} INFO - Processing file /home/airflow/.local/lib/python3.12/site-packages/airflow/example_dags/example_xcom.py for tasks to queue
[2025-04-25T23:47:15.991+0000] {logging_mixin.py:190} INFO - [2025-04-25T23:47:15.991+0000] {dagbag.py:588} INFO - Filling up the DagBag from /home/airflow/.local/lib/python3.12/site-packages/airflow/example_dags/example_xcom.py
[2025-04-25T23:47:16.007+0000] {processor.py:925} INFO - DAG(s) 'example_xcom' retrieved from /home/airflow/.local/lib/python3.12/site-packages/airflow/example_dags/example_xcom.py
[2025-04-25T23:47:16.058+0000] {logging_mixin.py:190} INFO - [2025-04-25T23:47:16.058+0000] {dag.py:3239} INFO - Sync 1 DAGs
[2025-04-25T23:47:16.103+0000] {logging_mixin.py:190} INFO - [2025-04-25T23:47:16.103+0000] {dag.py:4180} INFO - Setting next_dagrun for example_xcom to 2021-01-01 00:00:00+00:00, run_after=2021-01-01 00:00:00+00:00
[2025-04-25T23:47:16.150+0000] {processor.py:208} INFO - Processing /home/airflow/.local/lib/python3.12/site-packages/airflow/example_dags/example_xcom.py took 0.175 seconds
[2025-04-25T23:47:46.594+0000] {processor.py:186} INFO - Started process (PID=1246) to work on /home/airflow/.local/lib/python3.12/site-packages/airflow/example_dags/example_xcom.py
[2025-04-25T23:47:46.596+0000] {processor.py:914} INFO - Processing file /home/airflow/.local/lib/python3.12/site-packages/airflow/example_dags/example_xcom.py for tasks to queue
[2025-04-25T23:47:46.599+0000] {logging_mixin.py:190} INFO - [2025-04-25T23:47:46.598+0000] {dagbag.py:588} INFO - Filling up the DagBag from /home/airflow/.local/lib/python3.12/site-packages/airflow/example_dags/example_xcom.py
[2025-04-25T23:47:46.614+0000] {processor.py:925} INFO - DAG(s) 'example_xcom' retrieved from /home/airflow/.local/lib/python3.12/site-packages/airflow/example_dags/example_xcom.py
[2025-04-25T23:47:46.661+0000] {logging_mixin.py:190} INFO - [2025-04-25T23:47:46.660+0000] {dag.py:3239} INFO - Sync 1 DAGs
[2025-04-25T23:47:46.709+0000] {logging_mixin.py:190} INFO - [2025-04-25T23:47:46.708+0000] {dag.py:4180} INFO - Setting next_dagrun for example_xcom to 2021-01-01 00:00:00+00:00, run_after=2021-01-01 00:00:00+00:00
[2025-04-25T23:47:46.748+0000] {processor.py:208} INFO - Processing /home/airflow/.local/lib/python3.12/site-packages/airflow/example_dags/example_xcom.py took 0.165 seconds
[2025-04-25T23:48:17.211+0000] {processor.py:186} INFO - Started process (PID=1309) to work on /home/airflow/.local/lib/python3.12/site-packages/airflow/example_dags/example_xcom.py
[2025-04-25T23:48:17.214+0000] {processor.py:914} INFO - Processing file /home/airflow/.local/lib/python3.12/site-packages/airflow/example_dags/example_xcom.py for tasks to queue
[2025-04-25T23:48:17.217+0000] {logging_mixin.py:190} INFO - [2025-04-25T23:48:17.217+0000] {dagbag.py:588} INFO - Filling up the DagBag from /home/airflow/.local/lib/python3.12/site-packages/airflow/example_dags/example_xcom.py
[2025-04-25T23:48:17.242+0000] {processor.py:925} INFO - DAG(s) 'example_xcom' retrieved from /home/airflow/.local/lib/python3.12/site-packages/airflow/example_dags/example_xcom.py
[2025-04-25T23:48:17.280+0000] {logging_mixin.py:190} INFO - [2025-04-25T23:48:17.279+0000] {dag.py:3239} INFO - Sync 1 DAGs
[2025-04-25T23:48:17.318+0000] {logging_mixin.py:190} INFO - [2025-04-25T23:48:17.317+0000] {dag.py:4180} INFO - Setting next_dagrun for example_xcom to 2021-01-01 00:00:00+00:00, run_after=2021-01-01 00:00:00+00:00
[2025-04-25T23:48:17.349+0000] {processor.py:208} INFO - Processing /home/airflow/.local/lib/python3.12/site-packages/airflow/example_dags/example_xcom.py took 0.147 seconds
[2025-04-25T23:48:47.913+0000] {processor.py:186} INFO - Started process (PID=1369) to work on /home/airflow/.local/lib/python3.12/site-packages/airflow/example_dags/example_xcom.py
[2025-04-25T23:48:47.916+0000] {processor.py:914} INFO - Processing file /home/airflow/.local/lib/python3.12/site-packages/airflow/example_dags/example_xcom.py for tasks to queue
[2025-04-25T23:48:47.922+0000] {logging_mixin.py:190} INFO - [2025-04-25T23:48:47.921+0000] {dagbag.py:588} INFO - Filling up the DagBag from /home/airflow/.local/lib/python3.12/site-packages/airflow/example_dags/example_xcom.py
[2025-04-25T23:48:47.942+0000] {processor.py:925} INFO - DAG(s) 'example_xcom' retrieved from /home/airflow/.local/lib/python3.12/site-packages/airflow/example_dags/example_xcom.py
[2025-04-25T23:48:48.024+0000] {logging_mixin.py:190} INFO - [2025-04-25T23:48:48.023+0000] {dag.py:3239} INFO - Sync 1 DAGs
[2025-04-25T23:48:48.259+0000] {logging_mixin.py:190} INFO - [2025-04-25T23:48:48.258+0000] {dag.py:4180} INFO - Setting next_dagrun for example_xcom to 2021-01-01 00:00:00+00:00, run_after=2021-01-01 00:00:00+00:00
[2025-04-25T23:48:48.339+0000] {processor.py:208} INFO - Processing /home/airflow/.local/lib/python3.12/site-packages/airflow/example_dags/example_xcom.py took 0.438 seconds
[2025-04-25T23:49:19.104+0000] {processor.py:186} INFO - Started process (PID=1432) to work on /home/airflow/.local/lib/python3.12/site-packages/airflow/example_dags/example_xcom.py
[2025-04-25T23:49:19.106+0000] {processor.py:914} INFO - Processing file /home/airflow/.local/lib/python3.12/site-packages/airflow/example_dags/example_xcom.py for tasks to queue
[2025-04-25T23:49:19.110+0000] {logging_mixin.py:190} INFO - [2025-04-25T23:49:19.109+0000] {dagbag.py:588} INFO - Filling up the DagBag from /home/airflow/.local/lib/python3.12/site-packages/airflow/example_dags/example_xcom.py
[2025-04-25T23:49:19.130+0000] {processor.py:925} INFO - DAG(s) 'example_xcom' retrieved from /home/airflow/.local/lib/python3.12/site-packages/airflow/example_dags/example_xcom.py
[2025-04-25T23:49:19.168+0000] {logging_mixin.py:190} INFO - [2025-04-25T23:49:19.168+0000] {dag.py:3239} INFO - Sync 1 DAGs
[2025-04-25T23:49:19.210+0000] {logging_mixin.py:190} INFO - [2025-04-25T23:49:19.209+0000] {dag.py:4180} INFO - Setting next_dagrun for example_xcom to 2021-01-01 00:00:00+00:00, run_after=2021-01-01 00:00:00+00:00
[2025-04-25T23:49:19.243+0000] {processor.py:208} INFO - Processing /home/airflow/.local/lib/python3.12/site-packages/airflow/example_dags/example_xcom.py took 0.149 seconds
[2025-04-25T23:49:49.779+0000] {processor.py:186} INFO - Started process (PID=1495) to work on /home/airflow/.local/lib/python3.12/site-packages/airflow/example_dags/example_xcom.py
[2025-04-25T23:49:49.780+0000] {processor.py:914} INFO - Processing file /home/airflow/.local/lib/python3.12/site-packages/airflow/example_dags/example_xcom.py for tasks to queue
[2025-04-25T23:49:49.784+0000] {logging_mixin.py:190} INFO - [2025-04-25T23:49:49.784+0000] {dagbag.py:588} INFO - Filling up the DagBag from /home/airflow/.local/lib/python3.12/site-packages/airflow/example_dags/example_xcom.py
[2025-04-25T23:49:49.807+0000] {processor.py:925} INFO - DAG(s) 'example_xcom' retrieved from /home/airflow/.local/lib/python3.12/site-packages/airflow/example_dags/example_xcom.py
[2025-04-25T23:49:49.856+0000] {logging_mixin.py:190} INFO - [2025-04-25T23:49:49.853+0000] {dag.py:3239} INFO - Sync 1 DAGs
[2025-04-25T23:49:49.898+0000] {logging_mixin.py:190} INFO - [2025-04-25T23:49:49.897+0000] {dag.py:4180} INFO - Setting next_dagrun for example_xcom to 2021-01-01 00:00:00+00:00, run_after=2021-01-01 00:00:00+00:00
[2025-04-25T23:49:49.950+0000] {processor.py:208} INFO - Processing /home/airflow/.local/lib/python3.12/site-packages/airflow/example_dags/example_xcom.py took 0.185 seconds
[2025-04-25T23:50:20.202+0000] {processor.py:186} INFO - Started process (PID=1559) to work on /home/airflow/.local/lib/python3.12/site-packages/airflow/example_dags/example_xcom.py
[2025-04-25T23:50:20.204+0000] {processor.py:914} INFO - Processing file /home/airflow/.local/lib/python3.12/site-packages/airflow/example_dags/example_xcom.py for tasks to queue
[2025-04-25T23:50:20.209+0000] {logging_mixin.py:190} INFO - [2025-04-25T23:50:20.208+0000] {dagbag.py:588} INFO - Filling up the DagBag from /home/airflow/.local/lib/python3.12/site-packages/airflow/example_dags/example_xcom.py
[2025-04-25T23:50:20.224+0000] {processor.py:925} INFO - DAG(s) 'example_xcom' retrieved from /home/airflow/.local/lib/python3.12/site-packages/airflow/example_dags/example_xcom.py
[2025-04-25T23:50:20.264+0000] {logging_mixin.py:190} INFO - [2025-04-25T23:50:20.263+0000] {dag.py:3239} INFO - Sync 1 DAGs
[2025-04-25T23:50:20.330+0000] {logging_mixin.py:190} INFO - [2025-04-25T23:50:20.330+0000] {dag.py:4180} INFO - Setting next_dagrun for example_xcom to 2021-01-01 00:00:00+00:00, run_after=2021-01-01 00:00:00+00:00
[2025-04-25T23:50:20.361+0000] {processor.py:208} INFO - Processing /home/airflow/.local/lib/python3.12/site-packages/airflow/example_dags/example_xcom.py took 0.172 seconds
[2025-04-25T23:50:50.532+0000] {processor.py:186} INFO - Started process (PID=1620) to work on /home/airflow/.local/lib/python3.12/site-packages/airflow/example_dags/example_xcom.py
[2025-04-25T23:50:50.534+0000] {processor.py:914} INFO - Processing file /home/airflow/.local/lib/python3.12/site-packages/airflow/example_dags/example_xcom.py for tasks to queue
[2025-04-25T23:50:50.541+0000] {logging_mixin.py:190} INFO - [2025-04-25T23:50:50.540+0000] {dagbag.py:588} INFO - Filling up the DagBag from /home/airflow/.local/lib/python3.12/site-packages/airflow/example_dags/example_xcom.py
[2025-04-25T23:50:50.556+0000] {processor.py:925} INFO - DAG(s) 'example_xcom' retrieved from /home/airflow/.local/lib/python3.12/site-packages/airflow/example_dags/example_xcom.py
[2025-04-25T23:50:50.587+0000] {logging_mixin.py:190} INFO - [2025-04-25T23:50:50.587+0000] {dag.py:3239} INFO - Sync 1 DAGs
[2025-04-25T23:50:50.614+0000] {logging_mixin.py:190} INFO - [2025-04-25T23:50:50.614+0000] {dag.py:4180} INFO - Setting next_dagrun for example_xcom to 2021-01-01 00:00:00+00:00, run_after=2021-01-01 00:00:00+00:00
[2025-04-25T23:50:50.637+0000] {processor.py:208} INFO - Processing /home/airflow/.local/lib/python3.12/site-packages/airflow/example_dags/example_xcom.py took 0.121 seconds
[2025-04-25T23:51:25.931+0000] {processor.py:186} INFO - Started process (PID=1682) to work on /home/airflow/.local/lib/python3.12/site-packages/airflow/example_dags/example_xcom.py
[2025-04-25T23:51:25.934+0000] {processor.py:914} INFO - Processing file /home/airflow/.local/lib/python3.12/site-packages/airflow/example_dags/example_xcom.py for tasks to queue
[2025-04-25T23:51:25.940+0000] {logging_mixin.py:190} INFO - [2025-04-25T23:51:25.940+0000] {dagbag.py:588} INFO - Filling up the DagBag from /home/airflow/.local/lib/python3.12/site-packages/airflow/example_dags/example_xcom.py
[2025-04-25T23:51:25.968+0000] {processor.py:925} INFO - DAG(s) 'example_xcom' retrieved from /home/airflow/.local/lib/python3.12/site-packages/airflow/example_dags/example_xcom.py
[2025-04-25T23:51:26.043+0000] {logging_mixin.py:190} INFO - [2025-04-25T23:51:26.043+0000] {dag.py:3239} INFO - Sync 1 DAGs
[2025-04-25T23:51:26.091+0000] {logging_mixin.py:190} INFO - [2025-04-25T23:51:26.091+0000] {dag.py:4180} INFO - Setting next_dagrun for example_xcom to 2021-01-01 00:00:00+00:00, run_after=2021-01-01 00:00:00+00:00
[2025-04-25T23:51:26.136+0000] {processor.py:208} INFO - Processing /home/airflow/.local/lib/python3.12/site-packages/airflow/example_dags/example_xcom.py took 0.220 seconds
[2025-04-25T23:51:56.856+0000] {processor.py:186} INFO - Started process (PID=1745) to work on /home/airflow/.local/lib/python3.12/site-packages/airflow/example_dags/example_xcom.py
[2025-04-25T23:51:56.857+0000] {processor.py:914} INFO - Processing file /home/airflow/.local/lib/python3.12/site-packages/airflow/example_dags/example_xcom.py for tasks to queue
[2025-04-25T23:51:56.860+0000] {logging_mixin.py:190} INFO - [2025-04-25T23:51:56.860+0000] {dagbag.py:588} INFO - Filling up the DagBag from /home/airflow/.local/lib/python3.12/site-packages/airflow/example_dags/example_xcom.py
[2025-04-25T23:51:56.876+0000] {processor.py:925} INFO - DAG(s) 'example_xcom' retrieved from /home/airflow/.local/lib/python3.12/site-packages/airflow/example_dags/example_xcom.py
[2025-04-25T23:51:56.915+0000] {logging_mixin.py:190} INFO - [2025-04-25T23:51:56.915+0000] {dag.py:3239} INFO - Sync 1 DAGs
[2025-04-25T23:51:56.955+0000] {logging_mixin.py:190} INFO - [2025-04-25T23:51:56.955+0000] {dag.py:4180} INFO - Setting next_dagrun for example_xcom to 2021-01-01 00:00:00+00:00, run_after=2021-01-01 00:00:00+00:00
[2025-04-25T23:51:56.991+0000] {processor.py:208} INFO - Processing /home/airflow/.local/lib/python3.12/site-packages/airflow/example_dags/example_xcom.py took 0.143 seconds
[2025-04-25T23:52:27.399+0000] {processor.py:186} INFO - Started process (PID=1809) to work on /home/airflow/.local/lib/python3.12/site-packages/airflow/example_dags/example_xcom.py
[2025-04-25T23:52:27.402+0000] {processor.py:914} INFO - Processing file /home/airflow/.local/lib/python3.12/site-packages/airflow/example_dags/example_xcom.py for tasks to queue
[2025-04-25T23:52:27.409+0000] {logging_mixin.py:190} INFO - [2025-04-25T23:52:27.409+0000] {dagbag.py:588} INFO - Filling up the DagBag from /home/airflow/.local/lib/python3.12/site-packages/airflow/example_dags/example_xcom.py
[2025-04-25T23:52:27.431+0000] {processor.py:925} INFO - DAG(s) 'example_xcom' retrieved from /home/airflow/.local/lib/python3.12/site-packages/airflow/example_dags/example_xcom.py
[2025-04-25T23:52:27.466+0000] {logging_mixin.py:190} INFO - [2025-04-25T23:52:27.466+0000] {dag.py:3239} INFO - Sync 1 DAGs
[2025-04-25T23:52:27.506+0000] {logging_mixin.py:190} INFO - [2025-04-25T23:52:27.506+0000] {dag.py:4180} INFO - Setting next_dagrun for example_xcom to 2021-01-01 00:00:00+00:00, run_after=2021-01-01 00:00:00+00:00
[2025-04-25T23:52:27.549+0000] {processor.py:208} INFO - Processing /home/airflow/.local/lib/python3.12/site-packages/airflow/example_dags/example_xcom.py took 0.170 seconds
[2025-04-25T23:52:58.079+0000] {processor.py:186} INFO - Started process (PID=1873) to work on /home/airflow/.local/lib/python3.12/site-packages/airflow/example_dags/example_xcom.py
[2025-04-25T23:52:58.080+0000] {processor.py:914} INFO - Processing file /home/airflow/.local/lib/python3.12/site-packages/airflow/example_dags/example_xcom.py for tasks to queue
[2025-04-25T23:52:58.083+0000] {logging_mixin.py:190} INFO - [2025-04-25T23:52:58.083+0000] {dagbag.py:588} INFO - Filling up the DagBag from /home/airflow/.local/lib/python3.12/site-packages/airflow/example_dags/example_xcom.py
[2025-04-25T23:52:58.097+0000] {processor.py:925} INFO - DAG(s) 'example_xcom' retrieved from /home/airflow/.local/lib/python3.12/site-packages/airflow/example_dags/example_xcom.py
[2025-04-25T23:52:58.135+0000] {logging_mixin.py:190} INFO - [2025-04-25T23:52:58.135+0000] {dag.py:3239} INFO - Sync 1 DAGs
[2025-04-25T23:52:58.170+0000] {logging_mixin.py:190} INFO - [2025-04-25T23:52:58.170+0000] {dag.py:4180} INFO - Setting next_dagrun for example_xcom to 2021-01-01 00:00:00+00:00, run_after=2021-01-01 00:00:00+00:00
[2025-04-25T23:52:58.195+0000] {processor.py:208} INFO - Processing /home/airflow/.local/lib/python3.12/site-packages/airflow/example_dags/example_xcom.py took 0.124 seconds
[2025-04-25T23:53:29.372+0000] {processor.py:186} INFO - Started process (PID=1938) to work on /home/airflow/.local/lib/python3.12/site-packages/airflow/example_dags/example_xcom.py
[2025-04-25T23:53:29.373+0000] {processor.py:914} INFO - Processing file /home/airflow/.local/lib/python3.12/site-packages/airflow/example_dags/example_xcom.py for tasks to queue
[2025-04-25T23:53:29.376+0000] {logging_mixin.py:190} INFO - [2025-04-25T23:53:29.376+0000] {dagbag.py:588} INFO - Filling up the DagBag from /home/airflow/.local/lib/python3.12/site-packages/airflow/example_dags/example_xcom.py
[2025-04-25T23:53:29.398+0000] {processor.py:925} INFO - DAG(s) 'example_xcom' retrieved from /home/airflow/.local/lib/python3.12/site-packages/airflow/example_dags/example_xcom.py
[2025-04-25T23:53:29.436+0000] {logging_mixin.py:190} INFO - [2025-04-25T23:53:29.436+0000] {dag.py:3239} INFO - Sync 1 DAGs
[2025-04-25T23:53:29.471+0000] {logging_mixin.py:190} INFO - [2025-04-25T23:53:29.471+0000] {dag.py:4180} INFO - Setting next_dagrun for example_xcom to 2021-01-01 00:00:00+00:00, run_after=2021-01-01 00:00:00+00:00
[2025-04-25T23:53:29.500+0000] {processor.py:208} INFO - Processing /home/airflow/.local/lib/python3.12/site-packages/airflow/example_dags/example_xcom.py took 0.135 seconds
[2025-04-25T23:54:00.962+0000] {processor.py:186} INFO - Started process (PID=2008) to work on /home/airflow/.local/lib/python3.12/site-packages/airflow/example_dags/example_xcom.py
[2025-04-25T23:54:00.963+0000] {processor.py:914} INFO - Processing file /home/airflow/.local/lib/python3.12/site-packages/airflow/example_dags/example_xcom.py for tasks to queue
[2025-04-25T23:54:00.966+0000] {logging_mixin.py:190} INFO - [2025-04-25T23:54:00.966+0000] {dagbag.py:588} INFO - Filling up the DagBag from /home/airflow/.local/lib/python3.12/site-packages/airflow/example_dags/example_xcom.py
[2025-04-25T23:54:00.979+0000] {processor.py:925} INFO - DAG(s) 'example_xcom' retrieved from /home/airflow/.local/lib/python3.12/site-packages/airflow/example_dags/example_xcom.py
[2025-04-25T23:54:01.006+0000] {logging_mixin.py:190} INFO - [2025-04-25T23:54:01.006+0000] {dag.py:3239} INFO - Sync 1 DAGs
[2025-04-25T23:54:01.034+0000] {logging_mixin.py:190} INFO - [2025-04-25T23:54:01.034+0000] {dag.py:4180} INFO - Setting next_dagrun for example_xcom to 2021-01-01 00:00:00+00:00, run_after=2021-01-01 00:00:00+00:00
[2025-04-25T23:54:01.058+0000] {processor.py:208} INFO - Processing /home/airflow/.local/lib/python3.12/site-packages/airflow/example_dags/example_xcom.py took 0.104 seconds
[2025-04-25T23:54:31.414+0000] {processor.py:186} INFO - Started process (PID=2066) to work on /home/airflow/.local/lib/python3.12/site-packages/airflow/example_dags/example_xcom.py
[2025-04-25T23:54:31.416+0000] {processor.py:914} INFO - Processing file /home/airflow/.local/lib/python3.12/site-packages/airflow/example_dags/example_xcom.py for tasks to queue
[2025-04-25T23:54:31.420+0000] {logging_mixin.py:190} INFO - [2025-04-25T23:54:31.419+0000] {dagbag.py:588} INFO - Filling up the DagBag from /home/airflow/.local/lib/python3.12/site-packages/airflow/example_dags/example_xcom.py
[2025-04-25T23:54:31.439+0000] {processor.py:925} INFO - DAG(s) 'example_xcom' retrieved from /home/airflow/.local/lib/python3.12/site-packages/airflow/example_dags/example_xcom.py
[2025-04-25T23:54:31.474+0000] {logging_mixin.py:190} INFO - [2025-04-25T23:54:31.474+0000] {dag.py:3239} INFO - Sync 1 DAGs
[2025-04-25T23:54:31.503+0000] {logging_mixin.py:190} INFO - [2025-04-25T23:54:31.503+0000] {dag.py:4180} INFO - Setting next_dagrun for example_xcom to 2021-01-01 00:00:00+00:00, run_after=2021-01-01 00:00:00+00:00
[2025-04-25T23:54:31.538+0000] {processor.py:208} INFO - Processing /home/airflow/.local/lib/python3.12/site-packages/airflow/example_dags/example_xcom.py took 0.132 seconds
[2025-04-25T23:55:02.445+0000] {processor.py:186} INFO - Started process (PID=2130) to work on /home/airflow/.local/lib/python3.12/site-packages/airflow/example_dags/example_xcom.py
[2025-04-25T23:55:02.447+0000] {processor.py:914} INFO - Processing file /home/airflow/.local/lib/python3.12/site-packages/airflow/example_dags/example_xcom.py for tasks to queue
[2025-04-25T23:55:02.453+0000] {logging_mixin.py:190} INFO - [2025-04-25T23:55:02.452+0000] {dagbag.py:588} INFO - Filling up the DagBag from /home/airflow/.local/lib/python3.12/site-packages/airflow/example_dags/example_xcom.py
[2025-04-25T23:55:02.465+0000] {processor.py:925} INFO - DAG(s) 'example_xcom' retrieved from /home/airflow/.local/lib/python3.12/site-packages/airflow/example_dags/example_xcom.py
[2025-04-25T23:55:02.504+0000] {logging_mixin.py:190} INFO - [2025-04-25T23:55:02.503+0000] {dag.py:3239} INFO - Sync 1 DAGs
[2025-04-25T23:55:02.547+0000] {logging_mixin.py:190} INFO - [2025-04-25T23:55:02.547+0000] {dag.py:4180} INFO - Setting next_dagrun for example_xcom to 2021-01-01 00:00:00+00:00, run_after=2021-01-01 00:00:00+00:00
[2025-04-25T23:55:02.604+0000] {processor.py:208} INFO - Processing /home/airflow/.local/lib/python3.12/site-packages/airflow/example_dags/example_xcom.py took 0.168 seconds
[2025-04-25T23:55:32.794+0000] {processor.py:186} INFO - Started process (PID=2193) to work on /home/airflow/.local/lib/python3.12/site-packages/airflow/example_dags/example_xcom.py
[2025-04-25T23:55:32.795+0000] {processor.py:914} INFO - Processing file /home/airflow/.local/lib/python3.12/site-packages/airflow/example_dags/example_xcom.py for tasks to queue
[2025-04-25T23:55:32.800+0000] {logging_mixin.py:190} INFO - [2025-04-25T23:55:32.799+0000] {dagbag.py:588} INFO - Filling up the DagBag from /home/airflow/.local/lib/python3.12/site-packages/airflow/example_dags/example_xcom.py
[2025-04-25T23:55:32.818+0000] {processor.py:925} INFO - DAG(s) 'example_xcom' retrieved from /home/airflow/.local/lib/python3.12/site-packages/airflow/example_dags/example_xcom.py
[2025-04-25T23:55:32.850+0000] {logging_mixin.py:190} INFO - [2025-04-25T23:55:32.850+0000] {dag.py:3239} INFO - Sync 1 DAGs
[2025-04-25T23:55:32.876+0000] {logging_mixin.py:190} INFO - [2025-04-25T23:55:32.876+0000] {dag.py:4180} INFO - Setting next_dagrun for example_xcom to 2021-01-01 00:00:00+00:00, run_after=2021-01-01 00:00:00+00:00
[2025-04-25T23:55:32.907+0000] {processor.py:208} INFO - Processing /home/airflow/.local/lib/python3.12/site-packages/airflow/example_dags/example_xcom.py took 0.120 seconds
[2025-04-25T23:56:03.430+0000] {processor.py:186} INFO - Started process (PID=2257) to work on /home/airflow/.local/lib/python3.12/site-packages/airflow/example_dags/example_xcom.py
[2025-04-25T23:56:03.436+0000] {processor.py:914} INFO - Processing file /home/airflow/.local/lib/python3.12/site-packages/airflow/example_dags/example_xcom.py for tasks to queue
[2025-04-25T23:56:03.441+0000] {logging_mixin.py:190} INFO - [2025-04-25T23:56:03.441+0000] {dagbag.py:588} INFO - Filling up the DagBag from /home/airflow/.local/lib/python3.12/site-packages/airflow/example_dags/example_xcom.py
[2025-04-25T23:56:03.459+0000] {processor.py:925} INFO - DAG(s) 'example_xcom' retrieved from /home/airflow/.local/lib/python3.12/site-packages/airflow/example_dags/example_xcom.py
[2025-04-25T23:56:03.503+0000] {logging_mixin.py:190} INFO - [2025-04-25T23:56:03.502+0000] {dag.py:3239} INFO - Sync 1 DAGs
[2025-04-25T23:56:03.547+0000] {logging_mixin.py:190} INFO - [2025-04-25T23:56:03.546+0000] {dag.py:4180} INFO - Setting next_dagrun for example_xcom to 2021-01-01 00:00:00+00:00, run_after=2021-01-01 00:00:00+00:00
[2025-04-25T23:56:03.580+0000] {processor.py:208} INFO - Processing /home/airflow/.local/lib/python3.12/site-packages/airflow/example_dags/example_xcom.py took 0.167 seconds
[2025-04-25T23:56:34.130+0000] {processor.py:186} INFO - Started process (PID=2322) to work on /home/airflow/.local/lib/python3.12/site-packages/airflow/example_dags/example_xcom.py
[2025-04-25T23:56:34.133+0000] {processor.py:914} INFO - Processing file /home/airflow/.local/lib/python3.12/site-packages/airflow/example_dags/example_xcom.py for tasks to queue
[2025-04-25T23:56:34.134+0000] {logging_mixin.py:190} INFO - [2025-04-25T23:56:34.134+0000] {dagbag.py:588} INFO - Filling up the DagBag from /home/airflow/.local/lib/python3.12/site-packages/airflow/example_dags/example_xcom.py
[2025-04-25T23:56:34.150+0000] {processor.py:925} INFO - DAG(s) 'example_xcom' retrieved from /home/airflow/.local/lib/python3.12/site-packages/airflow/example_dags/example_xcom.py
[2025-04-25T23:56:34.193+0000] {logging_mixin.py:190} INFO - [2025-04-25T23:56:34.193+0000] {dag.py:3239} INFO - Sync 1 DAGs
[2025-04-25T23:56:34.234+0000] {logging_mixin.py:190} INFO - [2025-04-25T23:56:34.234+0000] {dag.py:4180} INFO - Setting next_dagrun for example_xcom to 2021-01-01 00:00:00+00:00, run_after=2021-01-01 00:00:00+00:00
[2025-04-25T23:56:34.277+0000] {processor.py:208} INFO - Processing /home/airflow/.local/lib/python3.12/site-packages/airflow/example_dags/example_xcom.py took 0.159 seconds
[2025-04-25T23:57:04.988+0000] {processor.py:186} INFO - Started process (PID=2386) to work on /home/airflow/.local/lib/python3.12/site-packages/airflow/example_dags/example_xcom.py
[2025-04-25T23:57:04.992+0000] {processor.py:914} INFO - Processing file /home/airflow/.local/lib/python3.12/site-packages/airflow/example_dags/example_xcom.py for tasks to queue
[2025-04-25T23:57:04.996+0000] {logging_mixin.py:190} INFO - [2025-04-25T23:57:04.995+0000] {dagbag.py:588} INFO - Filling up the DagBag from /home/airflow/.local/lib/python3.12/site-packages/airflow/example_dags/example_xcom.py
[2025-04-25T23:57:05.022+0000] {processor.py:925} INFO - DAG(s) 'example_xcom' retrieved from /home/airflow/.local/lib/python3.12/site-packages/airflow/example_dags/example_xcom.py
[2025-04-25T23:57:05.137+0000] {logging_mixin.py:190} INFO - [2025-04-25T23:57:05.136+0000] {dag.py:3239} INFO - Sync 1 DAGs
[2025-04-25T23:57:05.264+0000] {logging_mixin.py:190} INFO - [2025-04-25T23:57:05.263+0000] {dag.py:4180} INFO - Setting next_dagrun for example_xcom to 2021-01-01 00:00:00+00:00, run_after=2021-01-01 00:00:00+00:00
[2025-04-25T23:57:05.316+0000] {processor.py:208} INFO - Processing /home/airflow/.local/lib/python3.12/site-packages/airflow/example_dags/example_xcom.py took 0.422 seconds
[2025-04-25T23:57:36.424+0000] {processor.py:186} INFO - Started process (PID=2450) to work on /home/airflow/.local/lib/python3.12/site-packages/airflow/example_dags/example_xcom.py
[2025-04-25T23:57:36.620+0000] {processor.py:914} INFO - Processing file /home/airflow/.local/lib/python3.12/site-packages/airflow/example_dags/example_xcom.py for tasks to queue
[2025-04-25T23:57:36.672+0000] {logging_mixin.py:190} INFO - [2025-04-25T23:57:36.658+0000] {dagbag.py:588} INFO - Filling up the DagBag from /home/airflow/.local/lib/python3.12/site-packages/airflow/example_dags/example_xcom.py
[2025-04-25T23:57:36.739+0000] {processor.py:925} INFO - DAG(s) 'example_xcom' retrieved from /home/airflow/.local/lib/python3.12/site-packages/airflow/example_dags/example_xcom.py
[2025-04-25T23:57:36.971+0000] {logging_mixin.py:190} INFO - [2025-04-25T23:57:36.970+0000] {dag.py:3239} INFO - Sync 1 DAGs
[2025-04-25T23:57:37.480+0000] {logging_mixin.py:190} INFO - [2025-04-25T23:57:37.475+0000] {dag.py:4180} INFO - Setting next_dagrun for example_xcom to 2021-01-01 00:00:00+00:00, run_after=2021-01-01 00:00:00+00:00
[2025-04-25T23:57:37.664+0000] {processor.py:208} INFO - Processing /home/airflow/.local/lib/python3.12/site-packages/airflow/example_dags/example_xcom.py took 1.326 seconds
[2025-04-25T23:58:58.923+0000] {processor.py:186} INFO - Started process (PID=2496) to work on /home/airflow/.local/lib/python3.12/site-packages/airflow/example_dags/example_xcom.py
[2025-04-25T23:58:58.931+0000] {processor.py:914} INFO - Processing file /home/airflow/.local/lib/python3.12/site-packages/airflow/example_dags/example_xcom.py for tasks to queue
[2025-04-25T23:58:58.936+0000] {logging_mixin.py:190} INFO - [2025-04-25T23:58:58.936+0000] {dagbag.py:588} INFO - Filling up the DagBag from /home/airflow/.local/lib/python3.12/site-packages/airflow/example_dags/example_xcom.py
[2025-04-25T23:58:58.966+0000] {processor.py:925} INFO - DAG(s) 'example_xcom' retrieved from /home/airflow/.local/lib/python3.12/site-packages/airflow/example_dags/example_xcom.py
[2025-04-25T23:58:59.063+0000] {logging_mixin.py:190} INFO - [2025-04-25T23:58:59.063+0000] {dag.py:3239} INFO - Sync 1 DAGs
[2025-04-25T23:58:59.765+0000] {logging_mixin.py:190} INFO - [2025-04-25T23:58:59.764+0000] {dag.py:4180} INFO - Setting next_dagrun for example_xcom to 2021-01-01 00:00:00+00:00, run_after=2021-01-01 00:00:00+00:00
[2025-04-25T23:58:59.936+0000] {processor.py:208} INFO - Processing /home/airflow/.local/lib/python3.12/site-packages/airflow/example_dags/example_xcom.py took 1.070 seconds
[2025-04-25T23:59:30.349+0000] {processor.py:186} INFO - Started process (PID=2559) to work on /home/airflow/.local/lib/python3.12/site-packages/airflow/example_dags/example_xcom.py
[2025-04-25T23:59:30.351+0000] {processor.py:914} INFO - Processing file /home/airflow/.local/lib/python3.12/site-packages/airflow/example_dags/example_xcom.py for tasks to queue
[2025-04-25T23:59:30.355+0000] {logging_mixin.py:190} INFO - [2025-04-25T23:59:30.354+0000] {dagbag.py:588} INFO - Filling up the DagBag from /home/airflow/.local/lib/python3.12/site-packages/airflow/example_dags/example_xcom.py
[2025-04-25T23:59:30.373+0000] {processor.py:925} INFO - DAG(s) 'example_xcom' retrieved from /home/airflow/.local/lib/python3.12/site-packages/airflow/example_dags/example_xcom.py
[2025-04-25T23:59:30.434+0000] {logging_mixin.py:190} INFO - [2025-04-25T23:59:30.433+0000] {dag.py:3239} INFO - Sync 1 DAGs
[2025-04-25T23:59:30.502+0000] {logging_mixin.py:190} INFO - [2025-04-25T23:59:30.502+0000] {dag.py:4180} INFO - Setting next_dagrun for example_xcom to 2021-01-01 00:00:00+00:00, run_after=2021-01-01 00:00:00+00:00
[2025-04-25T23:59:30.541+0000] {processor.py:208} INFO - Processing /home/airflow/.local/lib/python3.12/site-packages/airflow/example_dags/example_xcom.py took 0.205 seconds
