[2025-04-25T23:33:08.989+0000] {processor.py:186} INFO - Started process (PID=129) to work on /home/airflow/.local/lib/python3.12/site-packages/airflow/example_dags/example_dag_decorator.py
[2025-04-25T23:33:08.997+0000] {processor.py:914} INFO - Processing file /home/airflow/.local/lib/python3.12/site-packages/airflow/example_dags/example_dag_decorator.py for tasks to queue
[2025-04-25T23:33:09.033+0000] {logging_mixin.py:190} INFO - [2025-04-25T23:33:09.032+0000] {dagbag.py:588} INFO - Filling up the DagBag from /home/airflow/.local/lib/python3.12/site-packages/airflow/example_dags/example_dag_decorator.py
[2025-04-25T23:33:09.169+0000] {processor.py:925} INFO - DAG(s) 'example_dag_decorator' retrieved from /home/airflow/.local/lib/python3.12/site-packages/airflow/example_dags/example_dag_decorator.py
[2025-04-25T23:33:10.566+0000] {logging_mixin.py:190} INFO - [2025-04-25T23:33:10.565+0000] {override.py:1911} INFO - Created Permission View: can delete on DAG:example_dag_decorator
[2025-04-25T23:33:10.613+0000] {logging_mixin.py:190} INFO - [2025-04-25T23:33:10.612+0000] {override.py:1911} INFO - Created Permission View: can read on DAG:example_dag_decorator
[2025-04-25T23:33:10.651+0000] {logging_mixin.py:190} INFO - [2025-04-25T23:33:10.650+0000] {override.py:1911} INFO - Created Permission View: can edit on DAG:example_dag_decorator
[2025-04-25T23:33:10.690+0000] {logging_mixin.py:190} INFO - [2025-04-25T23:33:10.689+0000] {override.py:1911} INFO - Created Permission View: can create on DAG Run:example_dag_decorator
[2025-04-25T23:33:10.726+0000] {logging_mixin.py:190} INFO - [2025-04-25T23:33:10.726+0000] {override.py:1911} INFO - Created Permission View: can delete on DAG Run:example_dag_decorator
[2025-04-25T23:33:10.757+0000] {logging_mixin.py:190} INFO - [2025-04-25T23:33:10.754+0000] {override.py:1911} INFO - Created Permission View: can read on DAG Run:example_dag_decorator
[2025-04-25T23:33:10.786+0000] {logging_mixin.py:190} INFO - [2025-04-25T23:33:10.786+0000] {override.py:1911} INFO - Created Permission View: menu access on DAG Run:example_dag_decorator
[2025-04-25T23:33:10.792+0000] {logging_mixin.py:190} INFO - [2025-04-25T23:33:10.791+0000] {dag.py:3239} INFO - Sync 1 DAGs
[2025-04-25T23:33:10.924+0000] {logging_mixin.py:190} INFO - [2025-04-25T23:33:10.924+0000] {dag.py:3262} INFO - Creating ORM DAG for example_dag_decorator
[2025-04-25T23:33:10.940+0000] {logging_mixin.py:190} INFO - [2025-04-25T23:33:10.940+0000] {dag.py:4180} INFO - Setting next_dagrun for example_dag_decorator to None, run_after=None
[2025-04-25T23:33:11.024+0000] {processor.py:208} INFO - Processing /home/airflow/.local/lib/python3.12/site-packages/airflow/example_dags/example_dag_decorator.py took 2.070 seconds
[2025-04-25T23:33:47.739+0000] {processor.py:186} INFO - Started process (PID=191) to work on /home/airflow/.local/lib/python3.12/site-packages/airflow/example_dags/example_dag_decorator.py
[2025-04-25T23:33:47.741+0000] {processor.py:914} INFO - Processing file /home/airflow/.local/lib/python3.12/site-packages/airflow/example_dags/example_dag_decorator.py for tasks to queue
[2025-04-25T23:33:47.746+0000] {logging_mixin.py:190} INFO - [2025-04-25T23:33:47.746+0000] {dagbag.py:588} INFO - Filling up the DagBag from /home/airflow/.local/lib/python3.12/site-packages/airflow/example_dags/example_dag_decorator.py
[2025-04-25T23:33:47.767+0000] {processor.py:925} INFO - DAG(s) 'example_dag_decorator' retrieved from /home/airflow/.local/lib/python3.12/site-packages/airflow/example_dags/example_dag_decorator.py
[2025-04-25T23:33:47.838+0000] {logging_mixin.py:190} INFO - [2025-04-25T23:33:47.838+0000] {dag.py:3239} INFO - Sync 1 DAGs
[2025-04-25T23:33:47.883+0000] {logging_mixin.py:190} INFO - [2025-04-25T23:33:47.883+0000] {dag.py:4180} INFO - Setting next_dagrun for example_dag_decorator to None, run_after=None
[2025-04-25T23:33:47.954+0000] {processor.py:208} INFO - Processing /home/airflow/.local/lib/python3.12/site-packages/airflow/example_dags/example_dag_decorator.py took 0.225 seconds
[2025-04-25T23:34:53.587+0000] {processor.py:186} INFO - Started process (PID=253) to work on /home/airflow/.local/lib/python3.12/site-packages/airflow/example_dags/example_dag_decorator.py
[2025-04-25T23:34:53.756+0000] {processor.py:914} INFO - Processing file /home/airflow/.local/lib/python3.12/site-packages/airflow/example_dags/example_dag_decorator.py for tasks to queue
[2025-04-25T23:34:53.762+0000] {logging_mixin.py:190} INFO - [2025-04-25T23:34:53.761+0000] {dagbag.py:588} INFO - Filling up the DagBag from /home/airflow/.local/lib/python3.12/site-packages/airflow/example_dags/example_dag_decorator.py
[2025-04-25T23:34:53.796+0000] {processor.py:925} INFO - DAG(s) 'example_dag_decorator' retrieved from /home/airflow/.local/lib/python3.12/site-packages/airflow/example_dags/example_dag_decorator.py
[2025-04-25T23:34:53.936+0000] {logging_mixin.py:190} INFO - [2025-04-25T23:34:53.935+0000] {dag.py:3239} INFO - Sync 1 DAGs
[2025-04-25T23:34:54.020+0000] {logging_mixin.py:190} INFO - [2025-04-25T23:34:54.019+0000] {dag.py:4180} INFO - Setting next_dagrun for example_dag_decorator to None, run_after=None
[2025-04-25T23:34:54.117+0000] {processor.py:208} INFO - Processing /home/airflow/.local/lib/python3.12/site-packages/airflow/example_dags/example_dag_decorator.py took 0.782 seconds
[2025-04-25T23:37:43.294+0000] {processor.py:186} INFO - Started process (PID=99) to work on /home/airflow/.local/lib/python3.12/site-packages/airflow/example_dags/example_dag_decorator.py
[2025-04-25T23:37:43.933+0000] {processor.py:914} INFO - Processing file /home/airflow/.local/lib/python3.12/site-packages/airflow/example_dags/example_dag_decorator.py for tasks to queue
[2025-04-25T23:37:46.877+0000] {logging_mixin.py:190} INFO - [2025-04-25T23:37:44.916+0000] {dagbag.py:588} INFO - Filling up the DagBag from /home/airflow/.local/lib/python3.12/site-packages/airflow/example_dags/example_dag_decorator.py
[2025-04-25T23:37:49.166+0000] {processor.py:925} INFO - DAG(s) 'example_dag_decorator' retrieved from /home/airflow/.local/lib/python3.12/site-packages/airflow/example_dags/example_dag_decorator.py
[2025-04-25T23:37:53.051+0000] {logging_mixin.py:190} INFO - [2025-04-25T23:37:53.050+0000] {dag.py:3239} INFO - Sync 1 DAGs
[2025-04-25T23:37:53.168+0000] {logging_mixin.py:190} INFO - [2025-04-25T23:37:53.168+0000] {dag.py:4180} INFO - Setting next_dagrun for example_dag_decorator to None, run_after=None
[2025-04-25T23:37:53.371+0000] {processor.py:208} INFO - Processing /home/airflow/.local/lib/python3.12/site-packages/airflow/example_dags/example_dag_decorator.py took 10.169 seconds
[2025-04-25T23:38:23.898+0000] {processor.py:186} INFO - Started process (PID=167) to work on /home/airflow/.local/lib/python3.12/site-packages/airflow/example_dags/example_dag_decorator.py
[2025-04-25T23:38:23.927+0000] {processor.py:914} INFO - Processing file /home/airflow/.local/lib/python3.12/site-packages/airflow/example_dags/example_dag_decorator.py for tasks to queue
[2025-04-25T23:38:23.989+0000] {logging_mixin.py:190} INFO - [2025-04-25T23:38:23.986+0000] {dagbag.py:588} INFO - Filling up the DagBag from /home/airflow/.local/lib/python3.12/site-packages/airflow/example_dags/example_dag_decorator.py
[2025-04-25T23:38:24.223+0000] {processor.py:925} INFO - DAG(s) 'example_dag_decorator' retrieved from /home/airflow/.local/lib/python3.12/site-packages/airflow/example_dags/example_dag_decorator.py
[2025-04-25T23:38:25.047+0000] {logging_mixin.py:190} INFO - [2025-04-25T23:38:25.045+0000] {dag.py:3239} INFO - Sync 1 DAGs
[2025-04-25T23:38:25.087+0000] {logging_mixin.py:190} INFO - [2025-04-25T23:38:25.087+0000] {dag.py:4180} INFO - Setting next_dagrun for example_dag_decorator to None, run_after=None
[2025-04-25T23:38:25.141+0000] {processor.py:208} INFO - Processing /home/airflow/.local/lib/python3.12/site-packages/airflow/example_dags/example_dag_decorator.py took 1.337 seconds
[2025-04-25T23:38:56.026+0000] {processor.py:186} INFO - Started process (PID=230) to work on /home/airflow/.local/lib/python3.12/site-packages/airflow/example_dags/example_dag_decorator.py
[2025-04-25T23:38:56.031+0000] {processor.py:914} INFO - Processing file /home/airflow/.local/lib/python3.12/site-packages/airflow/example_dags/example_dag_decorator.py for tasks to queue
[2025-04-25T23:38:56.035+0000] {logging_mixin.py:190} INFO - [2025-04-25T23:38:56.034+0000] {dagbag.py:588} INFO - Filling up the DagBag from /home/airflow/.local/lib/python3.12/site-packages/airflow/example_dags/example_dag_decorator.py
[2025-04-25T23:38:56.061+0000] {processor.py:925} INFO - DAG(s) 'example_dag_decorator' retrieved from /home/airflow/.local/lib/python3.12/site-packages/airflow/example_dags/example_dag_decorator.py
[2025-04-25T23:38:56.360+0000] {logging_mixin.py:190} INFO - [2025-04-25T23:38:56.360+0000] {dag.py:3239} INFO - Sync 1 DAGs
[2025-04-25T23:38:56.398+0000] {logging_mixin.py:190} INFO - [2025-04-25T23:38:56.398+0000] {dag.py:4180} INFO - Setting next_dagrun for example_dag_decorator to None, run_after=None
[2025-04-25T23:38:56.431+0000] {processor.py:208} INFO - Processing /home/airflow/.local/lib/python3.12/site-packages/airflow/example_dags/example_dag_decorator.py took 0.413 seconds
[2025-04-25T23:39:26.894+0000] {processor.py:186} INFO - Started process (PID=293) to work on /home/airflow/.local/lib/python3.12/site-packages/airflow/example_dags/example_dag_decorator.py
[2025-04-25T23:39:26.902+0000] {processor.py:914} INFO - Processing file /home/airflow/.local/lib/python3.12/site-packages/airflow/example_dags/example_dag_decorator.py for tasks to queue
[2025-04-25T23:39:26.913+0000] {logging_mixin.py:190} INFO - [2025-04-25T23:39:26.912+0000] {dagbag.py:588} INFO - Filling up the DagBag from /home/airflow/.local/lib/python3.12/site-packages/airflow/example_dags/example_dag_decorator.py
[2025-04-25T23:39:27.660+0000] {processor.py:925} INFO - DAG(s) 'example_dag_decorator' retrieved from /home/airflow/.local/lib/python3.12/site-packages/airflow/example_dags/example_dag_decorator.py
[2025-04-25T23:39:37.090+0000] {logging_mixin.py:190} INFO - [2025-04-25T23:39:36.950+0000] {dag.py:3239} INFO - Sync 1 DAGs
[2025-04-25T23:39:37.618+0000] {logging_mixin.py:190} INFO - [2025-04-25T23:39:37.618+0000] {dag.py:4180} INFO - Setting next_dagrun for example_dag_decorator to None, run_after=None
[2025-04-25T23:39:38.012+0000] {processor.py:208} INFO - Processing /home/airflow/.local/lib/python3.12/site-packages/airflow/example_dags/example_dag_decorator.py took 11.138 seconds
[2025-04-25T23:40:08.379+0000] {processor.py:186} INFO - Started process (PID=357) to work on /home/airflow/.local/lib/python3.12/site-packages/airflow/example_dags/example_dag_decorator.py
[2025-04-25T23:40:08.384+0000] {processor.py:914} INFO - Processing file /home/airflow/.local/lib/python3.12/site-packages/airflow/example_dags/example_dag_decorator.py for tasks to queue
[2025-04-25T23:40:08.393+0000] {logging_mixin.py:190} INFO - [2025-04-25T23:40:08.393+0000] {dagbag.py:588} INFO - Filling up the DagBag from /home/airflow/.local/lib/python3.12/site-packages/airflow/example_dags/example_dag_decorator.py
[2025-04-25T23:40:08.432+0000] {processor.py:925} INFO - DAG(s) 'example_dag_decorator' retrieved from /home/airflow/.local/lib/python3.12/site-packages/airflow/example_dags/example_dag_decorator.py
[2025-04-25T23:40:08.756+0000] {logging_mixin.py:190} INFO - [2025-04-25T23:40:08.755+0000] {dag.py:3239} INFO - Sync 1 DAGs
[2025-04-25T23:40:08.821+0000] {logging_mixin.py:190} INFO - [2025-04-25T23:40:08.821+0000] {dag.py:4180} INFO - Setting next_dagrun for example_dag_decorator to None, run_after=None
[2025-04-25T23:40:08.910+0000] {processor.py:208} INFO - Processing /home/airflow/.local/lib/python3.12/site-packages/airflow/example_dags/example_dag_decorator.py took 0.561 seconds
[2025-04-25T23:40:39.109+0000] {processor.py:186} INFO - Started process (PID=420) to work on /home/airflow/.local/lib/python3.12/site-packages/airflow/example_dags/example_dag_decorator.py
[2025-04-25T23:40:39.111+0000] {processor.py:914} INFO - Processing file /home/airflow/.local/lib/python3.12/site-packages/airflow/example_dags/example_dag_decorator.py for tasks to queue
[2025-04-25T23:40:39.116+0000] {logging_mixin.py:190} INFO - [2025-04-25T23:40:39.116+0000] {dagbag.py:588} INFO - Filling up the DagBag from /home/airflow/.local/lib/python3.12/site-packages/airflow/example_dags/example_dag_decorator.py
[2025-04-25T23:40:39.154+0000] {processor.py:925} INFO - DAG(s) 'example_dag_decorator' retrieved from /home/airflow/.local/lib/python3.12/site-packages/airflow/example_dags/example_dag_decorator.py
[2025-04-25T23:40:39.393+0000] {logging_mixin.py:190} INFO - [2025-04-25T23:40:39.393+0000] {dag.py:3239} INFO - Sync 1 DAGs
[2025-04-25T23:40:39.427+0000] {logging_mixin.py:190} INFO - [2025-04-25T23:40:39.426+0000] {dag.py:4180} INFO - Setting next_dagrun for example_dag_decorator to None, run_after=None
[2025-04-25T23:40:39.471+0000] {processor.py:208} INFO - Processing /home/airflow/.local/lib/python3.12/site-packages/airflow/example_dags/example_dag_decorator.py took 0.371 seconds
[2025-04-25T23:41:10.418+0000] {processor.py:186} INFO - Started process (PID=484) to work on /home/airflow/.local/lib/python3.12/site-packages/airflow/example_dags/example_dag_decorator.py
[2025-04-25T23:41:10.420+0000] {processor.py:914} INFO - Processing file /home/airflow/.local/lib/python3.12/site-packages/airflow/example_dags/example_dag_decorator.py for tasks to queue
[2025-04-25T23:41:10.424+0000] {logging_mixin.py:190} INFO - [2025-04-25T23:41:10.423+0000] {dagbag.py:588} INFO - Filling up the DagBag from /home/airflow/.local/lib/python3.12/site-packages/airflow/example_dags/example_dag_decorator.py
[2025-04-25T23:41:10.440+0000] {processor.py:925} INFO - DAG(s) 'example_dag_decorator' retrieved from /home/airflow/.local/lib/python3.12/site-packages/airflow/example_dags/example_dag_decorator.py
[2025-04-25T23:41:10.636+0000] {logging_mixin.py:190} INFO - [2025-04-25T23:41:10.636+0000] {dag.py:3239} INFO - Sync 1 DAGs
[2025-04-25T23:41:10.654+0000] {logging_mixin.py:190} INFO - [2025-04-25T23:41:10.654+0000] {dag.py:4180} INFO - Setting next_dagrun for example_dag_decorator to None, run_after=None
[2025-04-25T23:41:10.689+0000] {processor.py:208} INFO - Processing /home/airflow/.local/lib/python3.12/site-packages/airflow/example_dags/example_dag_decorator.py took 0.283 seconds
[2025-04-25T23:41:41.424+0000] {processor.py:186} INFO - Started process (PID=546) to work on /home/airflow/.local/lib/python3.12/site-packages/airflow/example_dags/example_dag_decorator.py
[2025-04-25T23:41:41.427+0000] {processor.py:914} INFO - Processing file /home/airflow/.local/lib/python3.12/site-packages/airflow/example_dags/example_dag_decorator.py for tasks to queue
[2025-04-25T23:41:41.440+0000] {logging_mixin.py:190} INFO - [2025-04-25T23:41:41.436+0000] {dagbag.py:588} INFO - Filling up the DagBag from /home/airflow/.local/lib/python3.12/site-packages/airflow/example_dags/example_dag_decorator.py
[2025-04-25T23:41:41.476+0000] {processor.py:925} INFO - DAG(s) 'example_dag_decorator' retrieved from /home/airflow/.local/lib/python3.12/site-packages/airflow/example_dags/example_dag_decorator.py
[2025-04-25T23:41:41.966+0000] {logging_mixin.py:190} INFO - [2025-04-25T23:41:41.964+0000] {dag.py:3239} INFO - Sync 1 DAGs
[2025-04-25T23:41:41.986+0000] {logging_mixin.py:190} INFO - [2025-04-25T23:41:41.986+0000] {dag.py:4180} INFO - Setting next_dagrun for example_dag_decorator to None, run_after=None
[2025-04-25T23:41:42.030+0000] {processor.py:208} INFO - Processing /home/airflow/.local/lib/python3.12/site-packages/airflow/example_dags/example_dag_decorator.py took 0.638 seconds
[2025-04-25T23:42:12.296+0000] {processor.py:186} INFO - Started process (PID=609) to work on /home/airflow/.local/lib/python3.12/site-packages/airflow/example_dags/example_dag_decorator.py
[2025-04-25T23:42:12.298+0000] {processor.py:914} INFO - Processing file /home/airflow/.local/lib/python3.12/site-packages/airflow/example_dags/example_dag_decorator.py for tasks to queue
[2025-04-25T23:42:12.301+0000] {logging_mixin.py:190} INFO - [2025-04-25T23:42:12.301+0000] {dagbag.py:588} INFO - Filling up the DagBag from /home/airflow/.local/lib/python3.12/site-packages/airflow/example_dags/example_dag_decorator.py
[2025-04-25T23:42:12.315+0000] {processor.py:925} INFO - DAG(s) 'example_dag_decorator' retrieved from /home/airflow/.local/lib/python3.12/site-packages/airflow/example_dags/example_dag_decorator.py
[2025-04-25T23:42:12.485+0000] {logging_mixin.py:190} INFO - [2025-04-25T23:42:12.484+0000] {dag.py:3239} INFO - Sync 1 DAGs
[2025-04-25T23:42:12.505+0000] {logging_mixin.py:190} INFO - [2025-04-25T23:42:12.505+0000] {dag.py:4180} INFO - Setting next_dagrun for example_dag_decorator to None, run_after=None
[2025-04-25T23:42:12.537+0000] {processor.py:208} INFO - Processing /home/airflow/.local/lib/python3.12/site-packages/airflow/example_dags/example_dag_decorator.py took 0.249 seconds
[2025-04-25T23:42:42.593+0000] {processor.py:186} INFO - Started process (PID=672) to work on /home/airflow/.local/lib/python3.12/site-packages/airflow/example_dags/example_dag_decorator.py
[2025-04-25T23:42:42.594+0000] {processor.py:914} INFO - Processing file /home/airflow/.local/lib/python3.12/site-packages/airflow/example_dags/example_dag_decorator.py for tasks to queue
[2025-04-25T23:42:42.597+0000] {logging_mixin.py:190} INFO - [2025-04-25T23:42:42.597+0000] {dagbag.py:588} INFO - Filling up the DagBag from /home/airflow/.local/lib/python3.12/site-packages/airflow/example_dags/example_dag_decorator.py
[2025-04-25T23:42:42.612+0000] {processor.py:925} INFO - DAG(s) 'example_dag_decorator' retrieved from /home/airflow/.local/lib/python3.12/site-packages/airflow/example_dags/example_dag_decorator.py
[2025-04-25T23:42:42.643+0000] {logging_mixin.py:190} INFO - [2025-04-25T23:42:42.643+0000] {dag.py:3239} INFO - Sync 1 DAGs
[2025-04-25T23:42:42.665+0000] {logging_mixin.py:190} INFO - [2025-04-25T23:42:42.664+0000] {dag.py:4180} INFO - Setting next_dagrun for example_dag_decorator to None, run_after=None
[2025-04-25T23:42:42.691+0000] {processor.py:208} INFO - Processing /home/airflow/.local/lib/python3.12/site-packages/airflow/example_dags/example_dag_decorator.py took 0.107 seconds
[2025-04-25T23:43:26.512+0000] {processor.py:186} INFO - Started process (PID=738) to work on /home/airflow/.local/lib/python3.12/site-packages/airflow/example_dags/example_dag_decorator.py
[2025-04-25T23:43:26.514+0000] {processor.py:914} INFO - Processing file /home/airflow/.local/lib/python3.12/site-packages/airflow/example_dags/example_dag_decorator.py for tasks to queue
[2025-04-25T23:43:26.523+0000] {logging_mixin.py:190} INFO - [2025-04-25T23:43:26.523+0000] {dagbag.py:588} INFO - Filling up the DagBag from /home/airflow/.local/lib/python3.12/site-packages/airflow/example_dags/example_dag_decorator.py
[2025-04-25T23:43:26.554+0000] {processor.py:925} INFO - DAG(s) 'example_dag_decorator' retrieved from /home/airflow/.local/lib/python3.12/site-packages/airflow/example_dags/example_dag_decorator.py
[2025-04-25T23:43:26.905+0000] {logging_mixin.py:190} INFO - [2025-04-25T23:43:26.905+0000] {dag.py:3239} INFO - Sync 1 DAGs
[2025-04-25T23:43:26.935+0000] {logging_mixin.py:190} INFO - [2025-04-25T23:43:26.935+0000] {dag.py:4180} INFO - Setting next_dagrun for example_dag_decorator to None, run_after=None
[2025-04-25T23:43:26.972+0000] {processor.py:208} INFO - Processing /home/airflow/.local/lib/python3.12/site-packages/airflow/example_dags/example_dag_decorator.py took 0.475 seconds
[2025-04-25T23:43:57.512+0000] {processor.py:186} INFO - Started process (PID=801) to work on /home/airflow/.local/lib/python3.12/site-packages/airflow/example_dags/example_dag_decorator.py
[2025-04-25T23:43:57.514+0000] {processor.py:914} INFO - Processing file /home/airflow/.local/lib/python3.12/site-packages/airflow/example_dags/example_dag_decorator.py for tasks to queue
[2025-04-25T23:43:57.523+0000] {logging_mixin.py:190} INFO - [2025-04-25T23:43:57.522+0000] {dagbag.py:588} INFO - Filling up the DagBag from /home/airflow/.local/lib/python3.12/site-packages/airflow/example_dags/example_dag_decorator.py
[2025-04-25T23:43:57.543+0000] {processor.py:925} INFO - DAG(s) 'example_dag_decorator' retrieved from /home/airflow/.local/lib/python3.12/site-packages/airflow/example_dags/example_dag_decorator.py
[2025-04-25T23:43:57.736+0000] {logging_mixin.py:190} INFO - [2025-04-25T23:43:57.736+0000] {dag.py:3239} INFO - Sync 1 DAGs
[2025-04-25T23:43:57.755+0000] {logging_mixin.py:190} INFO - [2025-04-25T23:43:57.755+0000] {dag.py:4180} INFO - Setting next_dagrun for example_dag_decorator to None, run_after=None
[2025-04-25T23:43:57.781+0000] {processor.py:208} INFO - Processing /home/airflow/.local/lib/python3.12/site-packages/airflow/example_dags/example_dag_decorator.py took 0.276 seconds
[2025-04-25T23:44:27.932+0000] {processor.py:186} INFO - Started process (PID=864) to work on /home/airflow/.local/lib/python3.12/site-packages/airflow/example_dags/example_dag_decorator.py
[2025-04-25T23:44:27.935+0000] {processor.py:914} INFO - Processing file /home/airflow/.local/lib/python3.12/site-packages/airflow/example_dags/example_dag_decorator.py for tasks to queue
[2025-04-25T23:44:27.939+0000] {logging_mixin.py:190} INFO - [2025-04-25T23:44:27.939+0000] {dagbag.py:588} INFO - Filling up the DagBag from /home/airflow/.local/lib/python3.12/site-packages/airflow/example_dags/example_dag_decorator.py
[2025-04-25T23:44:27.955+0000] {processor.py:925} INFO - DAG(s) 'example_dag_decorator' retrieved from /home/airflow/.local/lib/python3.12/site-packages/airflow/example_dags/example_dag_decorator.py
[2025-04-25T23:44:28.135+0000] {logging_mixin.py:190} INFO - [2025-04-25T23:44:28.135+0000] {dag.py:3239} INFO - Sync 1 DAGs
[2025-04-25T23:44:28.152+0000] {logging_mixin.py:190} INFO - [2025-04-25T23:44:28.152+0000] {dag.py:4180} INFO - Setting next_dagrun for example_dag_decorator to None, run_after=None
[2025-04-25T23:44:28.180+0000] {processor.py:208} INFO - Processing /home/airflow/.local/lib/python3.12/site-packages/airflow/example_dags/example_dag_decorator.py took 0.256 seconds
[2025-04-25T23:44:58.250+0000] {processor.py:186} INFO - Started process (PID=927) to work on /home/airflow/.local/lib/python3.12/site-packages/airflow/example_dags/example_dag_decorator.py
[2025-04-25T23:44:58.251+0000] {processor.py:914} INFO - Processing file /home/airflow/.local/lib/python3.12/site-packages/airflow/example_dags/example_dag_decorator.py for tasks to queue
[2025-04-25T23:44:58.254+0000] {logging_mixin.py:190} INFO - [2025-04-25T23:44:58.254+0000] {dagbag.py:588} INFO - Filling up the DagBag from /home/airflow/.local/lib/python3.12/site-packages/airflow/example_dags/example_dag_decorator.py
[2025-04-25T23:44:58.273+0000] {processor.py:925} INFO - DAG(s) 'example_dag_decorator' retrieved from /home/airflow/.local/lib/python3.12/site-packages/airflow/example_dags/example_dag_decorator.py
[2025-04-25T23:44:58.311+0000] {logging_mixin.py:190} INFO - [2025-04-25T23:44:58.310+0000] {dag.py:3239} INFO - Sync 1 DAGs
[2025-04-25T23:44:58.337+0000] {logging_mixin.py:190} INFO - [2025-04-25T23:44:58.336+0000] {dag.py:4180} INFO - Setting next_dagrun for example_dag_decorator to None, run_after=None
[2025-04-25T23:44:58.369+0000] {processor.py:208} INFO - Processing /home/airflow/.local/lib/python3.12/site-packages/airflow/example_dags/example_dag_decorator.py took 0.130 seconds
[2025-04-25T23:45:28.599+0000] {processor.py:186} INFO - Started process (PID=990) to work on /home/airflow/.local/lib/python3.12/site-packages/airflow/example_dags/example_dag_decorator.py
[2025-04-25T23:45:28.600+0000] {processor.py:914} INFO - Processing file /home/airflow/.local/lib/python3.12/site-packages/airflow/example_dags/example_dag_decorator.py for tasks to queue
[2025-04-25T23:45:28.604+0000] {logging_mixin.py:190} INFO - [2025-04-25T23:45:28.604+0000] {dagbag.py:588} INFO - Filling up the DagBag from /home/airflow/.local/lib/python3.12/site-packages/airflow/example_dags/example_dag_decorator.py
[2025-04-25T23:45:28.637+0000] {processor.py:925} INFO - DAG(s) 'example_dag_decorator' retrieved from /home/airflow/.local/lib/python3.12/site-packages/airflow/example_dags/example_dag_decorator.py
[2025-04-25T23:45:28.739+0000] {logging_mixin.py:190} INFO - [2025-04-25T23:45:28.738+0000] {dag.py:3239} INFO - Sync 1 DAGs
[2025-04-25T23:45:28.780+0000] {logging_mixin.py:190} INFO - [2025-04-25T23:45:28.780+0000] {dag.py:4180} INFO - Setting next_dagrun for example_dag_decorator to None, run_after=None
[2025-04-25T23:45:28.835+0000] {processor.py:208} INFO - Processing /home/airflow/.local/lib/python3.12/site-packages/airflow/example_dags/example_dag_decorator.py took 0.258 seconds
[2025-04-25T23:45:59.144+0000] {processor.py:186} INFO - Started process (PID=1052) to work on /home/airflow/.local/lib/python3.12/site-packages/airflow/example_dags/example_dag_decorator.py
[2025-04-25T23:45:59.147+0000] {processor.py:914} INFO - Processing file /home/airflow/.local/lib/python3.12/site-packages/airflow/example_dags/example_dag_decorator.py for tasks to queue
[2025-04-25T23:45:59.156+0000] {logging_mixin.py:190} INFO - [2025-04-25T23:45:59.156+0000] {dagbag.py:588} INFO - Filling up the DagBag from /home/airflow/.local/lib/python3.12/site-packages/airflow/example_dags/example_dag_decorator.py
[2025-04-25T23:45:59.280+0000] {processor.py:925} INFO - DAG(s) 'example_dag_decorator' retrieved from /home/airflow/.local/lib/python3.12/site-packages/airflow/example_dags/example_dag_decorator.py
[2025-04-25T23:45:59.394+0000] {logging_mixin.py:190} INFO - [2025-04-25T23:45:59.393+0000] {dag.py:3239} INFO - Sync 1 DAGs
[2025-04-25T23:45:59.454+0000] {logging_mixin.py:190} INFO - [2025-04-25T23:45:59.453+0000] {dag.py:4180} INFO - Setting next_dagrun for example_dag_decorator to None, run_after=None
[2025-04-25T23:45:59.550+0000] {processor.py:208} INFO - Processing /home/airflow/.local/lib/python3.12/site-packages/airflow/example_dags/example_dag_decorator.py took 0.441 seconds
[2025-04-25T23:46:42.887+0000] {processor.py:186} INFO - Started process (PID=1114) to work on /home/airflow/.local/lib/python3.12/site-packages/airflow/example_dags/example_dag_decorator.py
[2025-04-25T23:46:42.890+0000] {processor.py:914} INFO - Processing file /home/airflow/.local/lib/python3.12/site-packages/airflow/example_dags/example_dag_decorator.py for tasks to queue
[2025-04-25T23:46:42.898+0000] {logging_mixin.py:190} INFO - [2025-04-25T23:46:42.897+0000] {dagbag.py:588} INFO - Filling up the DagBag from /home/airflow/.local/lib/python3.12/site-packages/airflow/example_dags/example_dag_decorator.py
[2025-04-25T23:46:42.941+0000] {processor.py:925} INFO - DAG(s) 'example_dag_decorator' retrieved from /home/airflow/.local/lib/python3.12/site-packages/airflow/example_dags/example_dag_decorator.py
[2025-04-25T23:46:43.578+0000] {logging_mixin.py:190} INFO - [2025-04-25T23:46:43.577+0000] {dag.py:3239} INFO - Sync 1 DAGs
[2025-04-25T23:46:43.642+0000] {logging_mixin.py:190} INFO - [2025-04-25T23:46:43.634+0000] {dag.py:4180} INFO - Setting next_dagrun for example_dag_decorator to None, run_after=None
[2025-04-25T23:46:43.745+0000] {processor.py:208} INFO - Processing /home/airflow/.local/lib/python3.12/site-packages/airflow/example_dags/example_dag_decorator.py took 0.871 seconds
[2025-04-25T23:47:14.729+0000] {processor.py:186} INFO - Started process (PID=1177) to work on /home/airflow/.local/lib/python3.12/site-packages/airflow/example_dags/example_dag_decorator.py
[2025-04-25T23:47:14.731+0000] {processor.py:914} INFO - Processing file /home/airflow/.local/lib/python3.12/site-packages/airflow/example_dags/example_dag_decorator.py for tasks to queue
[2025-04-25T23:47:14.738+0000] {logging_mixin.py:190} INFO - [2025-04-25T23:47:14.738+0000] {dagbag.py:588} INFO - Filling up the DagBag from /home/airflow/.local/lib/python3.12/site-packages/airflow/example_dags/example_dag_decorator.py
[2025-04-25T23:47:14.758+0000] {processor.py:925} INFO - DAG(s) 'example_dag_decorator' retrieved from /home/airflow/.local/lib/python3.12/site-packages/airflow/example_dags/example_dag_decorator.py
[2025-04-25T23:47:14.813+0000] {logging_mixin.py:190} INFO - [2025-04-25T23:47:14.813+0000] {dag.py:3239} INFO - Sync 1 DAGs
[2025-04-25T23:47:14.844+0000] {logging_mixin.py:190} INFO - [2025-04-25T23:47:14.843+0000] {dag.py:4180} INFO - Setting next_dagrun for example_dag_decorator to None, run_after=None
[2025-04-25T23:47:14.881+0000] {processor.py:208} INFO - Processing /home/airflow/.local/lib/python3.12/site-packages/airflow/example_dags/example_dag_decorator.py took 0.170 seconds
[2025-04-25T23:47:45.214+0000] {processor.py:186} INFO - Started process (PID=1238) to work on /home/airflow/.local/lib/python3.12/site-packages/airflow/example_dags/example_dag_decorator.py
[2025-04-25T23:47:45.218+0000] {processor.py:914} INFO - Processing file /home/airflow/.local/lib/python3.12/site-packages/airflow/example_dags/example_dag_decorator.py for tasks to queue
[2025-04-25T23:47:45.229+0000] {logging_mixin.py:190} INFO - [2025-04-25T23:47:45.229+0000] {dagbag.py:588} INFO - Filling up the DagBag from /home/airflow/.local/lib/python3.12/site-packages/airflow/example_dags/example_dag_decorator.py
[2025-04-25T23:47:45.444+0000] {processor.py:925} INFO - DAG(s) 'example_dag_decorator' retrieved from /home/airflow/.local/lib/python3.12/site-packages/airflow/example_dags/example_dag_decorator.py
[2025-04-25T23:47:45.528+0000] {logging_mixin.py:190} INFO - [2025-04-25T23:47:45.527+0000] {dag.py:3239} INFO - Sync 1 DAGs
[2025-04-25T23:47:45.628+0000] {logging_mixin.py:190} INFO - [2025-04-25T23:47:45.627+0000] {dag.py:4180} INFO - Setting next_dagrun for example_dag_decorator to None, run_after=None
[2025-04-25T23:47:45.811+0000] {processor.py:208} INFO - Processing /home/airflow/.local/lib/python3.12/site-packages/airflow/example_dags/example_dag_decorator.py took 0.623 seconds
[2025-04-25T23:48:16.249+0000] {processor.py:186} INFO - Started process (PID=1301) to work on /home/airflow/.local/lib/python3.12/site-packages/airflow/example_dags/example_dag_decorator.py
[2025-04-25T23:48:16.258+0000] {processor.py:914} INFO - Processing file /home/airflow/.local/lib/python3.12/site-packages/airflow/example_dags/example_dag_decorator.py for tasks to queue
[2025-04-25T23:48:16.276+0000] {logging_mixin.py:190} INFO - [2025-04-25T23:48:16.276+0000] {dagbag.py:588} INFO - Filling up the DagBag from /home/airflow/.local/lib/python3.12/site-packages/airflow/example_dags/example_dag_decorator.py
[2025-04-25T23:48:16.313+0000] {processor.py:925} INFO - DAG(s) 'example_dag_decorator' retrieved from /home/airflow/.local/lib/python3.12/site-packages/airflow/example_dags/example_dag_decorator.py
[2025-04-25T23:48:16.630+0000] {logging_mixin.py:190} INFO - [2025-04-25T23:48:16.629+0000] {dag.py:3239} INFO - Sync 1 DAGs
[2025-04-25T23:48:16.652+0000] {logging_mixin.py:190} INFO - [2025-04-25T23:48:16.651+0000] {dag.py:4180} INFO - Setting next_dagrun for example_dag_decorator to None, run_after=None
[2025-04-25T23:48:16.695+0000] {processor.py:208} INFO - Processing /home/airflow/.local/lib/python3.12/site-packages/airflow/example_dags/example_dag_decorator.py took 0.464 seconds
[2025-04-25T23:48:46.846+0000] {processor.py:186} INFO - Started process (PID=1364) to work on /home/airflow/.local/lib/python3.12/site-packages/airflow/example_dags/example_dag_decorator.py
[2025-04-25T23:48:46.848+0000] {processor.py:914} INFO - Processing file /home/airflow/.local/lib/python3.12/site-packages/airflow/example_dags/example_dag_decorator.py for tasks to queue
[2025-04-25T23:48:46.851+0000] {logging_mixin.py:190} INFO - [2025-04-25T23:48:46.851+0000] {dagbag.py:588} INFO - Filling up the DagBag from /home/airflow/.local/lib/python3.12/site-packages/airflow/example_dags/example_dag_decorator.py
[2025-04-25T23:48:46.874+0000] {processor.py:925} INFO - DAG(s) 'example_dag_decorator' retrieved from /home/airflow/.local/lib/python3.12/site-packages/airflow/example_dags/example_dag_decorator.py
[2025-04-25T23:48:47.308+0000] {logging_mixin.py:190} INFO - [2025-04-25T23:48:47.307+0000] {dag.py:3239} INFO - Sync 1 DAGs
[2025-04-25T23:48:47.340+0000] {logging_mixin.py:190} INFO - [2025-04-25T23:48:47.339+0000] {dag.py:4180} INFO - Setting next_dagrun for example_dag_decorator to None, run_after=None
[2025-04-25T23:48:47.383+0000] {processor.py:208} INFO - Processing /home/airflow/.local/lib/python3.12/site-packages/airflow/example_dags/example_dag_decorator.py took 0.548 seconds
[2025-04-25T23:49:17.566+0000] {processor.py:186} INFO - Started process (PID=1428) to work on /home/airflow/.local/lib/python3.12/site-packages/airflow/example_dags/example_dag_decorator.py
[2025-04-25T23:49:17.567+0000] {processor.py:914} INFO - Processing file /home/airflow/.local/lib/python3.12/site-packages/airflow/example_dags/example_dag_decorator.py for tasks to queue
[2025-04-25T23:49:17.570+0000] {logging_mixin.py:190} INFO - [2025-04-25T23:49:17.569+0000] {dagbag.py:588} INFO - Filling up the DagBag from /home/airflow/.local/lib/python3.12/site-packages/airflow/example_dags/example_dag_decorator.py
[2025-04-25T23:49:17.584+0000] {processor.py:925} INFO - DAG(s) 'example_dag_decorator' retrieved from /home/airflow/.local/lib/python3.12/site-packages/airflow/example_dags/example_dag_decorator.py
[2025-04-25T23:49:17.748+0000] {logging_mixin.py:190} INFO - [2025-04-25T23:49:17.747+0000] {dag.py:3239} INFO - Sync 1 DAGs
[2025-04-25T23:49:17.775+0000] {logging_mixin.py:190} INFO - [2025-04-25T23:49:17.775+0000] {dag.py:4180} INFO - Setting next_dagrun for example_dag_decorator to None, run_after=None
[2025-04-25T23:49:17.806+0000] {processor.py:208} INFO - Processing /home/airflow/.local/lib/python3.12/site-packages/airflow/example_dags/example_dag_decorator.py took 0.248 seconds
[2025-04-25T23:49:48.241+0000] {processor.py:186} INFO - Started process (PID=1491) to work on /home/airflow/.local/lib/python3.12/site-packages/airflow/example_dags/example_dag_decorator.py
[2025-04-25T23:49:48.243+0000] {processor.py:914} INFO - Processing file /home/airflow/.local/lib/python3.12/site-packages/airflow/example_dags/example_dag_decorator.py for tasks to queue
[2025-04-25T23:49:48.245+0000] {logging_mixin.py:190} INFO - [2025-04-25T23:49:48.245+0000] {dagbag.py:588} INFO - Filling up the DagBag from /home/airflow/.local/lib/python3.12/site-packages/airflow/example_dags/example_dag_decorator.py
[2025-04-25T23:49:48.259+0000] {processor.py:925} INFO - DAG(s) 'example_dag_decorator' retrieved from /home/airflow/.local/lib/python3.12/site-packages/airflow/example_dags/example_dag_decorator.py
[2025-04-25T23:49:48.405+0000] {logging_mixin.py:190} INFO - [2025-04-25T23:49:48.404+0000] {dag.py:3239} INFO - Sync 1 DAGs
[2025-04-25T23:49:48.418+0000] {logging_mixin.py:190} INFO - [2025-04-25T23:49:48.418+0000] {dag.py:4180} INFO - Setting next_dagrun for example_dag_decorator to None, run_after=None
[2025-04-25T23:49:48.443+0000] {processor.py:208} INFO - Processing /home/airflow/.local/lib/python3.12/site-packages/airflow/example_dags/example_dag_decorator.py took 0.213 seconds
[2025-04-25T23:50:18.761+0000] {processor.py:186} INFO - Started process (PID=1555) to work on /home/airflow/.local/lib/python3.12/site-packages/airflow/example_dags/example_dag_decorator.py
[2025-04-25T23:50:18.762+0000] {processor.py:914} INFO - Processing file /home/airflow/.local/lib/python3.12/site-packages/airflow/example_dags/example_dag_decorator.py for tasks to queue
[2025-04-25T23:50:18.765+0000] {logging_mixin.py:190} INFO - [2025-04-25T23:50:18.765+0000] {dagbag.py:588} INFO - Filling up the DagBag from /home/airflow/.local/lib/python3.12/site-packages/airflow/example_dags/example_dag_decorator.py
[2025-04-25T23:50:18.791+0000] {processor.py:925} INFO - DAG(s) 'example_dag_decorator' retrieved from /home/airflow/.local/lib/python3.12/site-packages/airflow/example_dags/example_dag_decorator.py
[2025-04-25T23:50:19.352+0000] {logging_mixin.py:190} INFO - [2025-04-25T23:50:19.351+0000] {dag.py:3239} INFO - Sync 1 DAGs
[2025-04-25T23:50:19.383+0000] {logging_mixin.py:190} INFO - [2025-04-25T23:50:19.382+0000] {dag.py:4180} INFO - Setting next_dagrun for example_dag_decorator to None, run_after=None
[2025-04-25T23:50:19.522+0000] {processor.py:208} INFO - Processing /home/airflow/.local/lib/python3.12/site-packages/airflow/example_dags/example_dag_decorator.py took 0.771 seconds
[2025-04-25T23:50:50.186+0000] {processor.py:186} INFO - Started process (PID=1618) to work on /home/airflow/.local/lib/python3.12/site-packages/airflow/example_dags/example_dag_decorator.py
[2025-04-25T23:50:50.191+0000] {processor.py:914} INFO - Processing file /home/airflow/.local/lib/python3.12/site-packages/airflow/example_dags/example_dag_decorator.py for tasks to queue
[2025-04-25T23:50:50.194+0000] {logging_mixin.py:190} INFO - [2025-04-25T23:50:50.193+0000] {dagbag.py:588} INFO - Filling up the DagBag from /home/airflow/.local/lib/python3.12/site-packages/airflow/example_dags/example_dag_decorator.py
[2025-04-25T23:50:50.210+0000] {processor.py:925} INFO - DAG(s) 'example_dag_decorator' retrieved from /home/airflow/.local/lib/python3.12/site-packages/airflow/example_dags/example_dag_decorator.py
[2025-04-25T23:50:50.448+0000] {logging_mixin.py:190} INFO - [2025-04-25T23:50:50.448+0000] {dag.py:3239} INFO - Sync 1 DAGs
[2025-04-25T23:50:50.464+0000] {logging_mixin.py:190} INFO - [2025-04-25T23:50:50.464+0000] {dag.py:4180} INFO - Setting next_dagrun for example_dag_decorator to None, run_after=None
[2025-04-25T23:50:50.490+0000] {processor.py:208} INFO - Processing /home/airflow/.local/lib/python3.12/site-packages/airflow/example_dags/example_dag_decorator.py took 0.312 seconds
[2025-04-25T23:51:26.717+0000] {processor.py:186} INFO - Started process (PID=1687) to work on /home/airflow/.local/lib/python3.12/site-packages/airflow/example_dags/example_dag_decorator.py
[2025-04-25T23:51:26.719+0000] {processor.py:914} INFO - Processing file /home/airflow/.local/lib/python3.12/site-packages/airflow/example_dags/example_dag_decorator.py for tasks to queue
[2025-04-25T23:51:26.725+0000] {logging_mixin.py:190} INFO - [2025-04-25T23:51:26.725+0000] {dagbag.py:588} INFO - Filling up the DagBag from /home/airflow/.local/lib/python3.12/site-packages/airflow/example_dags/example_dag_decorator.py
[2025-04-25T23:51:26.751+0000] {processor.py:925} INFO - DAG(s) 'example_dag_decorator' retrieved from /home/airflow/.local/lib/python3.12/site-packages/airflow/example_dags/example_dag_decorator.py
[2025-04-25T23:51:26.841+0000] {logging_mixin.py:190} INFO - [2025-04-25T23:51:26.840+0000] {dag.py:3239} INFO - Sync 1 DAGs
[2025-04-25T23:51:26.879+0000] {logging_mixin.py:190} INFO - [2025-04-25T23:51:26.878+0000] {dag.py:4180} INFO - Setting next_dagrun for example_dag_decorator to None, run_after=None
[2025-04-25T23:51:26.926+0000] {processor.py:208} INFO - Processing /home/airflow/.local/lib/python3.12/site-packages/airflow/example_dags/example_dag_decorator.py took 0.218 seconds
[2025-04-25T23:51:57.321+0000] {processor.py:186} INFO - Started process (PID=1750) to work on /home/airflow/.local/lib/python3.12/site-packages/airflow/example_dags/example_dag_decorator.py
[2025-04-25T23:51:57.324+0000] {processor.py:914} INFO - Processing file /home/airflow/.local/lib/python3.12/site-packages/airflow/example_dags/example_dag_decorator.py for tasks to queue
[2025-04-25T23:51:57.329+0000] {logging_mixin.py:190} INFO - [2025-04-25T23:51:57.328+0000] {dagbag.py:588} INFO - Filling up the DagBag from /home/airflow/.local/lib/python3.12/site-packages/airflow/example_dags/example_dag_decorator.py
[2025-04-25T23:51:57.346+0000] {processor.py:925} INFO - DAG(s) 'example_dag_decorator' retrieved from /home/airflow/.local/lib/python3.12/site-packages/airflow/example_dags/example_dag_decorator.py
[2025-04-25T23:51:57.376+0000] {logging_mixin.py:190} INFO - [2025-04-25T23:51:57.376+0000] {dag.py:3239} INFO - Sync 1 DAGs
[2025-04-25T23:51:57.398+0000] {logging_mixin.py:190} INFO - [2025-04-25T23:51:57.398+0000] {dag.py:4180} INFO - Setting next_dagrun for example_dag_decorator to None, run_after=None
[2025-04-25T23:51:57.427+0000] {processor.py:208} INFO - Processing /home/airflow/.local/lib/python3.12/site-packages/airflow/example_dags/example_dag_decorator.py took 0.115 seconds
[2025-04-25T23:52:27.906+0000] {processor.py:186} INFO - Started process (PID=1814) to work on /home/airflow/.local/lib/python3.12/site-packages/airflow/example_dags/example_dag_decorator.py
[2025-04-25T23:52:27.907+0000] {processor.py:914} INFO - Processing file /home/airflow/.local/lib/python3.12/site-packages/airflow/example_dags/example_dag_decorator.py for tasks to queue
[2025-04-25T23:52:27.913+0000] {logging_mixin.py:190} INFO - [2025-04-25T23:52:27.912+0000] {dagbag.py:588} INFO - Filling up the DagBag from /home/airflow/.local/lib/python3.12/site-packages/airflow/example_dags/example_dag_decorator.py
[2025-04-25T23:52:27.936+0000] {processor.py:925} INFO - DAG(s) 'example_dag_decorator' retrieved from /home/airflow/.local/lib/python3.12/site-packages/airflow/example_dags/example_dag_decorator.py
[2025-04-25T23:52:27.971+0000] {logging_mixin.py:190} INFO - [2025-04-25T23:52:27.970+0000] {dag.py:3239} INFO - Sync 1 DAGs
[2025-04-25T23:52:27.996+0000] {logging_mixin.py:190} INFO - [2025-04-25T23:52:27.995+0000] {dag.py:4180} INFO - Setting next_dagrun for example_dag_decorator to None, run_after=None
[2025-04-25T23:52:28.033+0000] {processor.py:208} INFO - Processing /home/airflow/.local/lib/python3.12/site-packages/airflow/example_dags/example_dag_decorator.py took 0.134 seconds
[2025-04-25T23:52:58.467+0000] {processor.py:186} INFO - Started process (PID=1878) to work on /home/airflow/.local/lib/python3.12/site-packages/airflow/example_dags/example_dag_decorator.py
[2025-04-25T23:52:58.468+0000] {processor.py:914} INFO - Processing file /home/airflow/.local/lib/python3.12/site-packages/airflow/example_dags/example_dag_decorator.py for tasks to queue
[2025-04-25T23:52:58.472+0000] {logging_mixin.py:190} INFO - [2025-04-25T23:52:58.471+0000] {dagbag.py:588} INFO - Filling up the DagBag from /home/airflow/.local/lib/python3.12/site-packages/airflow/example_dags/example_dag_decorator.py
[2025-04-25T23:52:58.489+0000] {processor.py:925} INFO - DAG(s) 'example_dag_decorator' retrieved from /home/airflow/.local/lib/python3.12/site-packages/airflow/example_dags/example_dag_decorator.py
[2025-04-25T23:52:58.681+0000] {logging_mixin.py:190} INFO - [2025-04-25T23:52:58.680+0000] {dag.py:3239} INFO - Sync 1 DAGs
[2025-04-25T23:52:58.699+0000] {logging_mixin.py:190} INFO - [2025-04-25T23:52:58.699+0000] {dag.py:4180} INFO - Setting next_dagrun for example_dag_decorator to None, run_after=None
[2025-04-25T23:52:58.727+0000] {processor.py:208} INFO - Processing /home/airflow/.local/lib/python3.12/site-packages/airflow/example_dags/example_dag_decorator.py took 0.269 seconds
[2025-04-25T23:53:30.342+0000] {processor.py:186} INFO - Started process (PID=1949) to work on /home/airflow/.local/lib/python3.12/site-packages/airflow/example_dags/example_dag_decorator.py
[2025-04-25T23:53:30.343+0000] {processor.py:914} INFO - Processing file /home/airflow/.local/lib/python3.12/site-packages/airflow/example_dags/example_dag_decorator.py for tasks to queue
[2025-04-25T23:53:30.346+0000] {logging_mixin.py:190} INFO - [2025-04-25T23:53:30.346+0000] {dagbag.py:588} INFO - Filling up the DagBag from /home/airflow/.local/lib/python3.12/site-packages/airflow/example_dags/example_dag_decorator.py
[2025-04-25T23:53:30.384+0000] {processor.py:925} INFO - DAG(s) 'example_dag_decorator' retrieved from /home/airflow/.local/lib/python3.12/site-packages/airflow/example_dags/example_dag_decorator.py
[2025-04-25T23:53:31.014+0000] {logging_mixin.py:190} INFO - [2025-04-25T23:53:31.013+0000] {dag.py:3239} INFO - Sync 1 DAGs
[2025-04-25T23:53:31.043+0000] {logging_mixin.py:190} INFO - [2025-04-25T23:53:31.042+0000] {dag.py:4180} INFO - Setting next_dagrun for example_dag_decorator to None, run_after=None
[2025-04-25T23:53:31.087+0000] {processor.py:208} INFO - Processing /home/airflow/.local/lib/python3.12/site-packages/airflow/example_dags/example_dag_decorator.py took 0.756 seconds
[2025-04-25T23:54:02.767+0000] {processor.py:186} INFO - Started process (PID=2013) to work on /home/airflow/.local/lib/python3.12/site-packages/airflow/example_dags/example_dag_decorator.py
[2025-04-25T23:54:02.786+0000] {processor.py:914} INFO - Processing file /home/airflow/.local/lib/python3.12/site-packages/airflow/example_dags/example_dag_decorator.py for tasks to queue
[2025-04-25T23:54:02.794+0000] {logging_mixin.py:190} INFO - [2025-04-25T23:54:02.793+0000] {dagbag.py:588} INFO - Filling up the DagBag from /home/airflow/.local/lib/python3.12/site-packages/airflow/example_dags/example_dag_decorator.py
[2025-04-25T23:54:02.837+0000] {processor.py:925} INFO - DAG(s) 'example_dag_decorator' retrieved from /home/airflow/.local/lib/python3.12/site-packages/airflow/example_dags/example_dag_decorator.py
[2025-04-25T23:54:03.271+0000] {logging_mixin.py:190} INFO - [2025-04-25T23:54:03.270+0000] {dag.py:3239} INFO - Sync 1 DAGs
[2025-04-25T23:54:03.309+0000] {logging_mixin.py:190} INFO - [2025-04-25T23:54:03.308+0000] {dag.py:4180} INFO - Setting next_dagrun for example_dag_decorator to None, run_after=None
[2025-04-25T23:54:03.362+0000] {processor.py:208} INFO - Processing /home/airflow/.local/lib/python3.12/site-packages/airflow/example_dags/example_dag_decorator.py took 0.612 seconds
[2025-04-25T23:54:33.717+0000] {processor.py:186} INFO - Started process (PID=2077) to work on /home/airflow/.local/lib/python3.12/site-packages/airflow/example_dags/example_dag_decorator.py
[2025-04-25T23:54:33.718+0000] {processor.py:914} INFO - Processing file /home/airflow/.local/lib/python3.12/site-packages/airflow/example_dags/example_dag_decorator.py for tasks to queue
[2025-04-25T23:54:33.721+0000] {logging_mixin.py:190} INFO - [2025-04-25T23:54:33.721+0000] {dagbag.py:588} INFO - Filling up the DagBag from /home/airflow/.local/lib/python3.12/site-packages/airflow/example_dags/example_dag_decorator.py
[2025-04-25T23:54:33.736+0000] {processor.py:925} INFO - DAG(s) 'example_dag_decorator' retrieved from /home/airflow/.local/lib/python3.12/site-packages/airflow/example_dags/example_dag_decorator.py
[2025-04-25T23:54:33.766+0000] {logging_mixin.py:190} INFO - [2025-04-25T23:54:33.766+0000] {dag.py:3239} INFO - Sync 1 DAGs
[2025-04-25T23:54:33.784+0000] {logging_mixin.py:190} INFO - [2025-04-25T23:54:33.784+0000] {dag.py:4180} INFO - Setting next_dagrun for example_dag_decorator to None, run_after=None
[2025-04-25T23:54:33.808+0000] {processor.py:208} INFO - Processing /home/airflow/.local/lib/python3.12/site-packages/airflow/example_dags/example_dag_decorator.py took 0.097 seconds
[2025-04-25T23:55:03.897+0000] {processor.py:186} INFO - Started process (PID=2140) to work on /home/airflow/.local/lib/python3.12/site-packages/airflow/example_dags/example_dag_decorator.py
[2025-04-25T23:55:03.900+0000] {processor.py:914} INFO - Processing file /home/airflow/.local/lib/python3.12/site-packages/airflow/example_dags/example_dag_decorator.py for tasks to queue
[2025-04-25T23:55:03.905+0000] {logging_mixin.py:190} INFO - [2025-04-25T23:55:03.904+0000] {dagbag.py:588} INFO - Filling up the DagBag from /home/airflow/.local/lib/python3.12/site-packages/airflow/example_dags/example_dag_decorator.py
[2025-04-25T23:55:03.933+0000] {processor.py:925} INFO - DAG(s) 'example_dag_decorator' retrieved from /home/airflow/.local/lib/python3.12/site-packages/airflow/example_dags/example_dag_decorator.py
[2025-04-25T23:55:03.988+0000] {logging_mixin.py:190} INFO - [2025-04-25T23:55:03.988+0000] {dag.py:3239} INFO - Sync 1 DAGs
[2025-04-25T23:55:04.028+0000] {logging_mixin.py:190} INFO - [2025-04-25T23:55:04.027+0000] {dag.py:4180} INFO - Setting next_dagrun for example_dag_decorator to None, run_after=None
[2025-04-25T23:55:04.080+0000] {processor.py:208} INFO - Processing /home/airflow/.local/lib/python3.12/site-packages/airflow/example_dags/example_dag_decorator.py took 0.194 seconds
[2025-04-25T23:55:34.589+0000] {processor.py:186} INFO - Started process (PID=2203) to work on /home/airflow/.local/lib/python3.12/site-packages/airflow/example_dags/example_dag_decorator.py
[2025-04-25T23:55:34.591+0000] {processor.py:914} INFO - Processing file /home/airflow/.local/lib/python3.12/site-packages/airflow/example_dags/example_dag_decorator.py for tasks to queue
[2025-04-25T23:55:34.594+0000] {logging_mixin.py:190} INFO - [2025-04-25T23:55:34.594+0000] {dagbag.py:588} INFO - Filling up the DagBag from /home/airflow/.local/lib/python3.12/site-packages/airflow/example_dags/example_dag_decorator.py
[2025-04-25T23:55:34.614+0000] {processor.py:925} INFO - DAG(s) 'example_dag_decorator' retrieved from /home/airflow/.local/lib/python3.12/site-packages/airflow/example_dags/example_dag_decorator.py
[2025-04-25T23:55:34.789+0000] {logging_mixin.py:190} INFO - [2025-04-25T23:55:34.789+0000] {dag.py:3239} INFO - Sync 1 DAGs
[2025-04-25T23:55:34.805+0000] {logging_mixin.py:190} INFO - [2025-04-25T23:55:34.805+0000] {dag.py:4180} INFO - Setting next_dagrun for example_dag_decorator to None, run_after=None
[2025-04-25T23:55:34.837+0000] {processor.py:208} INFO - Processing /home/airflow/.local/lib/python3.12/site-packages/airflow/example_dags/example_dag_decorator.py took 0.257 seconds
[2025-04-25T23:56:06.324+0000] {processor.py:186} INFO - Started process (PID=2265) to work on /home/airflow/.local/lib/python3.12/site-packages/airflow/example_dags/example_dag_decorator.py
[2025-04-25T23:56:06.329+0000] {processor.py:914} INFO - Processing file /home/airflow/.local/lib/python3.12/site-packages/airflow/example_dags/example_dag_decorator.py for tasks to queue
[2025-04-25T23:56:06.337+0000] {logging_mixin.py:190} INFO - [2025-04-25T23:56:06.336+0000] {dagbag.py:588} INFO - Filling up the DagBag from /home/airflow/.local/lib/python3.12/site-packages/airflow/example_dags/example_dag_decorator.py
[2025-04-25T23:56:06.407+0000] {processor.py:925} INFO - DAG(s) 'example_dag_decorator' retrieved from /home/airflow/.local/lib/python3.12/site-packages/airflow/example_dags/example_dag_decorator.py
[2025-04-25T23:56:06.711+0000] {logging_mixin.py:190} INFO - [2025-04-25T23:56:06.710+0000] {dag.py:3239} INFO - Sync 1 DAGs
[2025-04-25T23:56:06.729+0000] {logging_mixin.py:190} INFO - [2025-04-25T23:56:06.729+0000] {dag.py:4180} INFO - Setting next_dagrun for example_dag_decorator to None, run_after=None
[2025-04-25T23:56:06.760+0000] {processor.py:208} INFO - Processing /home/airflow/.local/lib/python3.12/site-packages/airflow/example_dags/example_dag_decorator.py took 0.454 seconds
[2025-04-25T23:56:37.649+0000] {processor.py:186} INFO - Started process (PID=2329) to work on /home/airflow/.local/lib/python3.12/site-packages/airflow/example_dags/example_dag_decorator.py
[2025-04-25T23:56:37.652+0000] {processor.py:914} INFO - Processing file /home/airflow/.local/lib/python3.12/site-packages/airflow/example_dags/example_dag_decorator.py for tasks to queue
[2025-04-25T23:56:37.654+0000] {logging_mixin.py:190} INFO - [2025-04-25T23:56:37.653+0000] {dagbag.py:588} INFO - Filling up the DagBag from /home/airflow/.local/lib/python3.12/site-packages/airflow/example_dags/example_dag_decorator.py
[2025-04-25T23:56:37.670+0000] {processor.py:925} INFO - DAG(s) 'example_dag_decorator' retrieved from /home/airflow/.local/lib/python3.12/site-packages/airflow/example_dags/example_dag_decorator.py
[2025-04-25T23:56:37.847+0000] {logging_mixin.py:190} INFO - [2025-04-25T23:56:37.847+0000] {dag.py:3239} INFO - Sync 1 DAGs
[2025-04-25T23:56:37.867+0000] {logging_mixin.py:190} INFO - [2025-04-25T23:56:37.867+0000] {dag.py:4180} INFO - Setting next_dagrun for example_dag_decorator to None, run_after=None
[2025-04-25T23:56:37.899+0000] {processor.py:208} INFO - Processing /home/airflow/.local/lib/python3.12/site-packages/airflow/example_dags/example_dag_decorator.py took 0.261 seconds
[2025-04-25T23:57:08.183+0000] {processor.py:186} INFO - Started process (PID=2393) to work on /home/airflow/.local/lib/python3.12/site-packages/airflow/example_dags/example_dag_decorator.py
[2025-04-25T23:57:08.190+0000] {processor.py:914} INFO - Processing file /home/airflow/.local/lib/python3.12/site-packages/airflow/example_dags/example_dag_decorator.py for tasks to queue
[2025-04-25T23:57:08.192+0000] {logging_mixin.py:190} INFO - [2025-04-25T23:57:08.191+0000] {dagbag.py:588} INFO - Filling up the DagBag from /home/airflow/.local/lib/python3.12/site-packages/airflow/example_dags/example_dag_decorator.py
[2025-04-25T23:57:08.214+0000] {processor.py:925} INFO - DAG(s) 'example_dag_decorator' retrieved from /home/airflow/.local/lib/python3.12/site-packages/airflow/example_dags/example_dag_decorator.py
[2025-04-25T23:57:08.458+0000] {logging_mixin.py:190} INFO - [2025-04-25T23:57:08.458+0000] {dag.py:3239} INFO - Sync 1 DAGs
[2025-04-25T23:57:08.486+0000] {logging_mixin.py:190} INFO - [2025-04-25T23:57:08.484+0000] {dag.py:4180} INFO - Setting next_dagrun for example_dag_decorator to None, run_after=None
[2025-04-25T23:57:08.524+0000] {processor.py:208} INFO - Processing /home/airflow/.local/lib/python3.12/site-packages/airflow/example_dags/example_dag_decorator.py took 0.351 seconds
[2025-04-25T23:57:39.375+0000] {processor.py:186} INFO - Started process (PID=2455) to work on /home/airflow/.local/lib/python3.12/site-packages/airflow/example_dags/example_dag_decorator.py
[2025-04-25T23:57:39.383+0000] {processor.py:914} INFO - Processing file /home/airflow/.local/lib/python3.12/site-packages/airflow/example_dags/example_dag_decorator.py for tasks to queue
[2025-04-25T23:57:39.424+0000] {logging_mixin.py:190} INFO - [2025-04-25T23:57:39.398+0000] {dagbag.py:588} INFO - Filling up the DagBag from /home/airflow/.local/lib/python3.12/site-packages/airflow/example_dags/example_dag_decorator.py
[2025-04-25T23:57:39.553+0000] {processor.py:925} INFO - DAG(s) 'example_dag_decorator' retrieved from /home/airflow/.local/lib/python3.12/site-packages/airflow/example_dags/example_dag_decorator.py
[2025-04-25T23:57:40.702+0000] {logging_mixin.py:190} INFO - [2025-04-25T23:57:40.701+0000] {dag.py:3239} INFO - Sync 1 DAGs
[2025-04-25T23:57:40.726+0000] {logging_mixin.py:190} INFO - [2025-04-25T23:57:40.726+0000] {dag.py:4180} INFO - Setting next_dagrun for example_dag_decorator to None, run_after=None
[2025-04-25T23:57:40.817+0000] {processor.py:208} INFO - Processing /home/airflow/.local/lib/python3.12/site-packages/airflow/example_dags/example_dag_decorator.py took 1.512 seconds
[2025-04-25T23:59:07.544+0000] {processor.py:186} INFO - Started process (PID=2522) to work on /home/airflow/.local/lib/python3.12/site-packages/airflow/example_dags/example_dag_decorator.py
[2025-04-25T23:59:07.546+0000] {processor.py:914} INFO - Processing file /home/airflow/.local/lib/python3.12/site-packages/airflow/example_dags/example_dag_decorator.py for tasks to queue
[2025-04-25T23:59:07.548+0000] {logging_mixin.py:190} INFO - [2025-04-25T23:59:07.548+0000] {dagbag.py:588} INFO - Filling up the DagBag from /home/airflow/.local/lib/python3.12/site-packages/airflow/example_dags/example_dag_decorator.py
[2025-04-25T23:59:07.564+0000] {processor.py:925} INFO - DAG(s) 'example_dag_decorator' retrieved from /home/airflow/.local/lib/python3.12/site-packages/airflow/example_dags/example_dag_decorator.py
[2025-04-25T23:59:07.768+0000] {logging_mixin.py:190} INFO - [2025-04-25T23:59:07.768+0000] {dag.py:3239} INFO - Sync 1 DAGs
[2025-04-25T23:59:07.791+0000] {logging_mixin.py:190} INFO - [2025-04-25T23:59:07.790+0000] {dag.py:4180} INFO - Setting next_dagrun for example_dag_decorator to None, run_after=None
[2025-04-25T23:59:07.824+0000] {processor.py:208} INFO - Processing /home/airflow/.local/lib/python3.12/site-packages/airflow/example_dags/example_dag_decorator.py took 0.298 seconds
[2025-04-25T23:59:42.680+0000] {processor.py:186} INFO - Started process (PID=2586) to work on /home/airflow/.local/lib/python3.12/site-packages/airflow/example_dags/example_dag_decorator.py
[2025-04-25T23:59:42.681+0000] {processor.py:914} INFO - Processing file /home/airflow/.local/lib/python3.12/site-packages/airflow/example_dags/example_dag_decorator.py for tasks to queue
[2025-04-25T23:59:42.693+0000] {logging_mixin.py:190} INFO - [2025-04-25T23:59:42.685+0000] {dagbag.py:588} INFO - Filling up the DagBag from /home/airflow/.local/lib/python3.12/site-packages/airflow/example_dags/example_dag_decorator.py
[2025-04-25T23:59:42.736+0000] {processor.py:925} INFO - DAG(s) 'example_dag_decorator' retrieved from /home/airflow/.local/lib/python3.12/site-packages/airflow/example_dags/example_dag_decorator.py
[2025-04-25T23:59:43.378+0000] {logging_mixin.py:190} INFO - [2025-04-25T23:59:43.377+0000] {dag.py:3239} INFO - Sync 1 DAGs
[2025-04-25T23:59:43.450+0000] {logging_mixin.py:190} INFO - [2025-04-25T23:59:43.449+0000] {dag.py:4180} INFO - Setting next_dagrun for example_dag_decorator to None, run_after=None
[2025-04-25T23:59:43.514+0000] {processor.py:208} INFO - Processing /home/airflow/.local/lib/python3.12/site-packages/airflow/example_dags/example_dag_decorator.py took 0.849 seconds
