[2025-04-25T23:33:24.340+0000] {processor.py:186} INFO - Started process (PID=136) to work on /home/airflow/.local/lib/python3.12/site-packages/airflow/example_dags/example_display_name.py
[2025-04-25T23:33:24.343+0000] {processor.py:914} INFO - Processing file /home/airflow/.local/lib/python3.12/site-packages/airflow/example_dags/example_display_name.py for tasks to queue
[2025-04-25T23:33:24.348+0000] {logging_mixin.py:190} INFO - [2025-04-25T23:33:24.347+0000] {dagbag.py:588} INFO - Filling up the DagBag from /home/airflow/.local/lib/python3.12/site-packages/airflow/example_dags/example_display_name.py
[2025-04-25T23:33:24.372+0000] {processor.py:925} INFO - DAG(s) 'example_display_name' retrieved from /home/airflow/.local/lib/python3.12/site-packages/airflow/example_dags/example_display_name.py
[2025-04-25T23:33:24.633+0000] {logging_mixin.py:190} INFO - [2025-04-25T23:33:24.632+0000] {override.py:1911} INFO - Created Permission View: can delete on DAG:example_display_name
[2025-04-25T23:33:24.657+0000] {logging_mixin.py:190} INFO - [2025-04-25T23:33:24.657+0000] {override.py:1911} INFO - Created Permission View: can read on DAG:example_display_name
[2025-04-25T23:33:24.671+0000] {logging_mixin.py:190} INFO - [2025-04-25T23:33:24.670+0000] {override.py:1911} INFO - Created Permission View: can edit on DAG:example_display_name
[2025-04-25T23:33:24.686+0000] {logging_mixin.py:190} INFO - [2025-04-25T23:33:24.685+0000] {override.py:1911} INFO - Created Permission View: can create on DAG Run:example_display_name
[2025-04-25T23:33:24.719+0000] {logging_mixin.py:190} INFO - [2025-04-25T23:33:24.718+0000] {override.py:1911} INFO - Created Permission View: can delete on DAG Run:example_display_name
[2025-04-25T23:33:24.732+0000] {logging_mixin.py:190} INFO - [2025-04-25T23:33:24.731+0000] {override.py:1911} INFO - Created Permission View: can read on DAG Run:example_display_name
[2025-04-25T23:33:24.743+0000] {logging_mixin.py:190} INFO - [2025-04-25T23:33:24.742+0000] {override.py:1911} INFO - Created Permission View: menu access on DAG Run:example_display_name
[2025-04-25T23:33:24.744+0000] {logging_mixin.py:190} INFO - [2025-04-25T23:33:24.743+0000] {dag.py:3239} INFO - Sync 1 DAGs
[2025-04-25T23:33:24.798+0000] {logging_mixin.py:190} INFO - [2025-04-25T23:33:24.797+0000] {dag.py:3262} INFO - Creating ORM DAG for example_display_name
[2025-04-25T23:33:24.801+0000] {logging_mixin.py:190} INFO - [2025-04-25T23:33:24.801+0000] {dag.py:4180} INFO - Setting next_dagrun for example_display_name to None, run_after=None
[2025-04-25T23:33:24.835+0000] {processor.py:208} INFO - Processing /home/airflow/.local/lib/python3.12/site-packages/airflow/example_dags/example_display_name.py took 0.505 seconds
[2025-04-25T23:33:55.162+0000] {processor.py:186} INFO - Started process (PID=198) to work on /home/airflow/.local/lib/python3.12/site-packages/airflow/example_dags/example_display_name.py
[2025-04-25T23:33:55.164+0000] {processor.py:914} INFO - Processing file /home/airflow/.local/lib/python3.12/site-packages/airflow/example_dags/example_display_name.py for tasks to queue
[2025-04-25T23:33:55.170+0000] {logging_mixin.py:190} INFO - [2025-04-25T23:33:55.169+0000] {dagbag.py:588} INFO - Filling up the DagBag from /home/airflow/.local/lib/python3.12/site-packages/airflow/example_dags/example_display_name.py
[2025-04-25T23:33:55.196+0000] {processor.py:925} INFO - DAG(s) 'example_display_name' retrieved from /home/airflow/.local/lib/python3.12/site-packages/airflow/example_dags/example_display_name.py
[2025-04-25T23:33:55.269+0000] {logging_mixin.py:190} INFO - [2025-04-25T23:33:55.269+0000] {dag.py:3239} INFO - Sync 1 DAGs
[2025-04-25T23:33:55.305+0000] {logging_mixin.py:190} INFO - [2025-04-25T23:33:55.305+0000] {dag.py:4180} INFO - Setting next_dagrun for example_display_name to None, run_after=None
[2025-04-25T23:33:55.337+0000] {processor.py:208} INFO - Processing /home/airflow/.local/lib/python3.12/site-packages/airflow/example_dags/example_display_name.py took 0.195 seconds
[2025-04-25T23:34:58.643+0000] {processor.py:186} INFO - Started process (PID=260) to work on /home/airflow/.local/lib/python3.12/site-packages/airflow/example_dags/example_display_name.py
[2025-04-25T23:34:58.646+0000] {processor.py:914} INFO - Processing file /home/airflow/.local/lib/python3.12/site-packages/airflow/example_dags/example_display_name.py for tasks to queue
[2025-04-25T23:34:58.655+0000] {logging_mixin.py:190} INFO - [2025-04-25T23:34:58.654+0000] {dagbag.py:588} INFO - Filling up the DagBag from /home/airflow/.local/lib/python3.12/site-packages/airflow/example_dags/example_display_name.py
[2025-04-25T23:34:58.766+0000] {processor.py:925} INFO - DAG(s) 'example_display_name' retrieved from /home/airflow/.local/lib/python3.12/site-packages/airflow/example_dags/example_display_name.py
[2025-04-25T23:34:59.263+0000] {logging_mixin.py:190} INFO - [2025-04-25T23:34:59.260+0000] {dag.py:3239} INFO - Sync 1 DAGs
[2025-04-25T23:34:59.468+0000] {logging_mixin.py:190} INFO - [2025-04-25T23:34:59.464+0000] {dag.py:4180} INFO - Setting next_dagrun for example_display_name to None, run_after=None
[2025-04-25T23:34:59.721+0000] {processor.py:208} INFO - Processing /home/airflow/.local/lib/python3.12/site-packages/airflow/example_dags/example_display_name.py took 1.183 seconds
[2025-04-25T23:37:55.772+0000] {processor.py:186} INFO - Started process (PID=112) to work on /home/airflow/.local/lib/python3.12/site-packages/airflow/example_dags/example_display_name.py
[2025-04-25T23:37:55.773+0000] {processor.py:914} INFO - Processing file /home/airflow/.local/lib/python3.12/site-packages/airflow/example_dags/example_display_name.py for tasks to queue
[2025-04-25T23:37:55.778+0000] {logging_mixin.py:190} INFO - [2025-04-25T23:37:55.777+0000] {dagbag.py:588} INFO - Filling up the DagBag from /home/airflow/.local/lib/python3.12/site-packages/airflow/example_dags/example_display_name.py
[2025-04-25T23:37:55.791+0000] {processor.py:925} INFO - DAG(s) 'example_display_name' retrieved from /home/airflow/.local/lib/python3.12/site-packages/airflow/example_dags/example_display_name.py
[2025-04-25T23:37:55.846+0000] {logging_mixin.py:190} INFO - [2025-04-25T23:37:55.845+0000] {dag.py:3239} INFO - Sync 1 DAGs
[2025-04-25T23:37:55.903+0000] {logging_mixin.py:190} INFO - [2025-04-25T23:37:55.903+0000] {dag.py:4180} INFO - Setting next_dagrun for example_display_name to None, run_after=None
[2025-04-25T23:37:55.942+0000] {processor.py:208} INFO - Processing /home/airflow/.local/lib/python3.12/site-packages/airflow/example_dags/example_display_name.py took 0.181 seconds
[2025-04-25T23:38:27.876+0000] {processor.py:186} INFO - Started process (PID=175) to work on /home/airflow/.local/lib/python3.12/site-packages/airflow/example_dags/example_display_name.py
[2025-04-25T23:38:27.884+0000] {processor.py:914} INFO - Processing file /home/airflow/.local/lib/python3.12/site-packages/airflow/example_dags/example_display_name.py for tasks to queue
[2025-04-25T23:38:27.894+0000] {logging_mixin.py:190} INFO - [2025-04-25T23:38:27.893+0000] {dagbag.py:588} INFO - Filling up the DagBag from /home/airflow/.local/lib/python3.12/site-packages/airflow/example_dags/example_display_name.py
[2025-04-25T23:38:27.921+0000] {processor.py:925} INFO - DAG(s) 'example_display_name' retrieved from /home/airflow/.local/lib/python3.12/site-packages/airflow/example_dags/example_display_name.py
[2025-04-25T23:38:31.140+0000] {logging_mixin.py:190} INFO - [2025-04-25T23:38:31.129+0000] {dag.py:3239} INFO - Sync 1 DAGs
[2025-04-25T23:38:31.573+0000] {logging_mixin.py:190} INFO - [2025-04-25T23:38:31.573+0000] {dag.py:4180} INFO - Setting next_dagrun for example_display_name to None, run_after=None
[2025-04-25T23:38:31.789+0000] {processor.py:208} INFO - Processing /home/airflow/.local/lib/python3.12/site-packages/airflow/example_dags/example_display_name.py took 3.929 seconds
[2025-04-25T23:39:02.739+0000] {processor.py:186} INFO - Started process (PID=238) to work on /home/airflow/.local/lib/python3.12/site-packages/airflow/example_dags/example_display_name.py
[2025-04-25T23:39:02.740+0000] {processor.py:914} INFO - Processing file /home/airflow/.local/lib/python3.12/site-packages/airflow/example_dags/example_display_name.py for tasks to queue
[2025-04-25T23:39:02.744+0000] {logging_mixin.py:190} INFO - [2025-04-25T23:39:02.744+0000] {dagbag.py:588} INFO - Filling up the DagBag from /home/airflow/.local/lib/python3.12/site-packages/airflow/example_dags/example_display_name.py
[2025-04-25T23:39:02.754+0000] {processor.py:925} INFO - DAG(s) 'example_display_name' retrieved from /home/airflow/.local/lib/python3.12/site-packages/airflow/example_dags/example_display_name.py
[2025-04-25T23:39:02.779+0000] {logging_mixin.py:190} INFO - [2025-04-25T23:39:02.779+0000] {dag.py:3239} INFO - Sync 1 DAGs
[2025-04-25T23:39:02.804+0000] {logging_mixin.py:190} INFO - [2025-04-25T23:39:02.803+0000] {dag.py:4180} INFO - Setting next_dagrun for example_display_name to None, run_after=None
[2025-04-25T23:39:02.836+0000] {processor.py:208} INFO - Processing /home/airflow/.local/lib/python3.12/site-packages/airflow/example_dags/example_display_name.py took 0.106 seconds
[2025-04-25T23:39:41.749+0000] {processor.py:186} INFO - Started process (PID=301) to work on /home/airflow/.local/lib/python3.12/site-packages/airflow/example_dags/example_display_name.py
[2025-04-25T23:39:41.758+0000] {processor.py:914} INFO - Processing file /home/airflow/.local/lib/python3.12/site-packages/airflow/example_dags/example_display_name.py for tasks to queue
[2025-04-25T23:39:41.762+0000] {logging_mixin.py:190} INFO - [2025-04-25T23:39:41.762+0000] {dagbag.py:588} INFO - Filling up the DagBag from /home/airflow/.local/lib/python3.12/site-packages/airflow/example_dags/example_display_name.py
[2025-04-25T23:39:41.779+0000] {processor.py:925} INFO - DAG(s) 'example_display_name' retrieved from /home/airflow/.local/lib/python3.12/site-packages/airflow/example_dags/example_display_name.py
[2025-04-25T23:39:41.843+0000] {logging_mixin.py:190} INFO - [2025-04-25T23:39:41.839+0000] {dag.py:3239} INFO - Sync 1 DAGs
[2025-04-25T23:39:41.889+0000] {logging_mixin.py:190} INFO - [2025-04-25T23:39:41.889+0000] {dag.py:4180} INFO - Setting next_dagrun for example_display_name to None, run_after=None
[2025-04-25T23:39:41.972+0000] {processor.py:208} INFO - Processing /home/airflow/.local/lib/python3.12/site-packages/airflow/example_dags/example_display_name.py took 0.256 seconds
[2025-04-25T23:40:12.109+0000] {processor.py:186} INFO - Started process (PID=363) to work on /home/airflow/.local/lib/python3.12/site-packages/airflow/example_dags/example_display_name.py
[2025-04-25T23:40:12.110+0000] {processor.py:914} INFO - Processing file /home/airflow/.local/lib/python3.12/site-packages/airflow/example_dags/example_display_name.py for tasks to queue
[2025-04-25T23:40:12.114+0000] {logging_mixin.py:190} INFO - [2025-04-25T23:40:12.113+0000] {dagbag.py:588} INFO - Filling up the DagBag from /home/airflow/.local/lib/python3.12/site-packages/airflow/example_dags/example_display_name.py
[2025-04-25T23:40:12.127+0000] {processor.py:925} INFO - DAG(s) 'example_display_name' retrieved from /home/airflow/.local/lib/python3.12/site-packages/airflow/example_dags/example_display_name.py
[2025-04-25T23:40:12.164+0000] {logging_mixin.py:190} INFO - [2025-04-25T23:40:12.163+0000] {dag.py:3239} INFO - Sync 1 DAGs
[2025-04-25T23:40:12.209+0000] {logging_mixin.py:190} INFO - [2025-04-25T23:40:12.209+0000] {dag.py:4180} INFO - Setting next_dagrun for example_display_name to None, run_after=None
[2025-04-25T23:40:12.250+0000] {processor.py:208} INFO - Processing /home/airflow/.local/lib/python3.12/site-packages/airflow/example_dags/example_display_name.py took 0.150 seconds
[2025-04-25T23:40:42.599+0000] {processor.py:186} INFO - Started process (PID=426) to work on /home/airflow/.local/lib/python3.12/site-packages/airflow/example_dags/example_display_name.py
[2025-04-25T23:40:42.601+0000] {processor.py:914} INFO - Processing file /home/airflow/.local/lib/python3.12/site-packages/airflow/example_dags/example_display_name.py for tasks to queue
[2025-04-25T23:40:42.605+0000] {logging_mixin.py:190} INFO - [2025-04-25T23:40:42.604+0000] {dagbag.py:588} INFO - Filling up the DagBag from /home/airflow/.local/lib/python3.12/site-packages/airflow/example_dags/example_display_name.py
[2025-04-25T23:40:42.617+0000] {processor.py:925} INFO - DAG(s) 'example_display_name' retrieved from /home/airflow/.local/lib/python3.12/site-packages/airflow/example_dags/example_display_name.py
[2025-04-25T23:40:42.645+0000] {logging_mixin.py:190} INFO - [2025-04-25T23:40:42.645+0000] {dag.py:3239} INFO - Sync 1 DAGs
[2025-04-25T23:40:42.670+0000] {logging_mixin.py:190} INFO - [2025-04-25T23:40:42.670+0000] {dag.py:4180} INFO - Setting next_dagrun for example_display_name to None, run_after=None
[2025-04-25T23:40:42.701+0000] {processor.py:208} INFO - Processing /home/airflow/.local/lib/python3.12/site-packages/airflow/example_dags/example_display_name.py took 0.112 seconds
[2025-04-25T23:41:12.797+0000] {processor.py:186} INFO - Started process (PID=488) to work on /home/airflow/.local/lib/python3.12/site-packages/airflow/example_dags/example_display_name.py
[2025-04-25T23:41:12.802+0000] {processor.py:914} INFO - Processing file /home/airflow/.local/lib/python3.12/site-packages/airflow/example_dags/example_display_name.py for tasks to queue
[2025-04-25T23:41:12.820+0000] {logging_mixin.py:190} INFO - [2025-04-25T23:41:12.819+0000] {dagbag.py:588} INFO - Filling up the DagBag from /home/airflow/.local/lib/python3.12/site-packages/airflow/example_dags/example_display_name.py
[2025-04-25T23:41:12.838+0000] {processor.py:925} INFO - DAG(s) 'example_display_name' retrieved from /home/airflow/.local/lib/python3.12/site-packages/airflow/example_dags/example_display_name.py
[2025-04-25T23:41:12.888+0000] {logging_mixin.py:190} INFO - [2025-04-25T23:41:12.888+0000] {dag.py:3239} INFO - Sync 1 DAGs
[2025-04-25T23:41:12.914+0000] {logging_mixin.py:190} INFO - [2025-04-25T23:41:12.913+0000] {dag.py:4180} INFO - Setting next_dagrun for example_display_name to None, run_after=None
[2025-04-25T23:41:12.951+0000] {processor.py:208} INFO - Processing /home/airflow/.local/lib/python3.12/site-packages/airflow/example_dags/example_display_name.py took 0.170 seconds
[2025-04-25T23:41:43.330+0000] {processor.py:186} INFO - Started process (PID=551) to work on /home/airflow/.local/lib/python3.12/site-packages/airflow/example_dags/example_display_name.py
[2025-04-25T23:41:43.331+0000] {processor.py:914} INFO - Processing file /home/airflow/.local/lib/python3.12/site-packages/airflow/example_dags/example_display_name.py for tasks to queue
[2025-04-25T23:41:43.334+0000] {logging_mixin.py:190} INFO - [2025-04-25T23:41:43.333+0000] {dagbag.py:588} INFO - Filling up the DagBag from /home/airflow/.local/lib/python3.12/site-packages/airflow/example_dags/example_display_name.py
[2025-04-25T23:41:43.343+0000] {processor.py:925} INFO - DAG(s) 'example_display_name' retrieved from /home/airflow/.local/lib/python3.12/site-packages/airflow/example_dags/example_display_name.py
[2025-04-25T23:41:43.369+0000] {logging_mixin.py:190} INFO - [2025-04-25T23:41:43.369+0000] {dag.py:3239} INFO - Sync 1 DAGs
[2025-04-25T23:41:43.393+0000] {logging_mixin.py:190} INFO - [2025-04-25T23:41:43.392+0000] {dag.py:4180} INFO - Setting next_dagrun for example_display_name to None, run_after=None
[2025-04-25T23:41:43.446+0000] {processor.py:208} INFO - Processing /home/airflow/.local/lib/python3.12/site-packages/airflow/example_dags/example_display_name.py took 0.124 seconds
[2025-04-25T23:42:13.611+0000] {processor.py:186} INFO - Started process (PID=614) to work on /home/airflow/.local/lib/python3.12/site-packages/airflow/example_dags/example_display_name.py
[2025-04-25T23:42:13.612+0000] {processor.py:914} INFO - Processing file /home/airflow/.local/lib/python3.12/site-packages/airflow/example_dags/example_display_name.py for tasks to queue
[2025-04-25T23:42:13.615+0000] {logging_mixin.py:190} INFO - [2025-04-25T23:42:13.615+0000] {dagbag.py:588} INFO - Filling up the DagBag from /home/airflow/.local/lib/python3.12/site-packages/airflow/example_dags/example_display_name.py
[2025-04-25T23:42:13.628+0000] {processor.py:925} INFO - DAG(s) 'example_display_name' retrieved from /home/airflow/.local/lib/python3.12/site-packages/airflow/example_dags/example_display_name.py
[2025-04-25T23:42:13.667+0000] {logging_mixin.py:190} INFO - [2025-04-25T23:42:13.666+0000] {dag.py:3239} INFO - Sync 1 DAGs
[2025-04-25T23:42:13.690+0000] {logging_mixin.py:190} INFO - [2025-04-25T23:42:13.690+0000] {dag.py:4180} INFO - Setting next_dagrun for example_display_name to None, run_after=None
[2025-04-25T23:42:13.724+0000] {processor.py:208} INFO - Processing /home/airflow/.local/lib/python3.12/site-packages/airflow/example_dags/example_display_name.py took 0.130 seconds
[2025-04-25T23:42:43.944+0000] {processor.py:186} INFO - Started process (PID=677) to work on /home/airflow/.local/lib/python3.12/site-packages/airflow/example_dags/example_display_name.py
[2025-04-25T23:42:43.947+0000] {processor.py:914} INFO - Processing file /home/airflow/.local/lib/python3.12/site-packages/airflow/example_dags/example_display_name.py for tasks to queue
[2025-04-25T23:42:43.952+0000] {logging_mixin.py:190} INFO - [2025-04-25T23:42:43.951+0000] {dagbag.py:588} INFO - Filling up the DagBag from /home/airflow/.local/lib/python3.12/site-packages/airflow/example_dags/example_display_name.py
[2025-04-25T23:42:43.964+0000] {processor.py:925} INFO - DAG(s) 'example_display_name' retrieved from /home/airflow/.local/lib/python3.12/site-packages/airflow/example_dags/example_display_name.py
[2025-04-25T23:42:44.003+0000] {logging_mixin.py:190} INFO - [2025-04-25T23:42:44.003+0000] {dag.py:3239} INFO - Sync 1 DAGs
[2025-04-25T23:42:44.031+0000] {logging_mixin.py:190} INFO - [2025-04-25T23:42:44.031+0000] {dag.py:4180} INFO - Setting next_dagrun for example_display_name to None, run_after=None
[2025-04-25T23:42:44.070+0000] {processor.py:208} INFO - Processing /home/airflow/.local/lib/python3.12/site-packages/airflow/example_dags/example_display_name.py took 0.133 seconds
[2025-04-25T23:43:27.788+0000] {processor.py:186} INFO - Started process (PID=745) to work on /home/airflow/.local/lib/python3.12/site-packages/airflow/example_dags/example_display_name.py
[2025-04-25T23:43:27.790+0000] {processor.py:914} INFO - Processing file /home/airflow/.local/lib/python3.12/site-packages/airflow/example_dags/example_display_name.py for tasks to queue
[2025-04-25T23:43:27.798+0000] {logging_mixin.py:190} INFO - [2025-04-25T23:43:27.797+0000] {dagbag.py:588} INFO - Filling up the DagBag from /home/airflow/.local/lib/python3.12/site-packages/airflow/example_dags/example_display_name.py
[2025-04-25T23:43:27.815+0000] {processor.py:925} INFO - DAG(s) 'example_display_name' retrieved from /home/airflow/.local/lib/python3.12/site-packages/airflow/example_dags/example_display_name.py
[2025-04-25T23:43:27.865+0000] {logging_mixin.py:190} INFO - [2025-04-25T23:43:27.865+0000] {dag.py:3239} INFO - Sync 1 DAGs
[2025-04-25T23:43:27.898+0000] {logging_mixin.py:190} INFO - [2025-04-25T23:43:27.898+0000] {dag.py:4180} INFO - Setting next_dagrun for example_display_name to None, run_after=None
[2025-04-25T23:43:27.960+0000] {processor.py:208} INFO - Processing /home/airflow/.local/lib/python3.12/site-packages/airflow/example_dags/example_display_name.py took 0.183 seconds
[2025-04-25T23:43:58.153+0000] {processor.py:186} INFO - Started process (PID=808) to work on /home/airflow/.local/lib/python3.12/site-packages/airflow/example_dags/example_display_name.py
[2025-04-25T23:43:58.155+0000] {processor.py:914} INFO - Processing file /home/airflow/.local/lib/python3.12/site-packages/airflow/example_dags/example_display_name.py for tasks to queue
[2025-04-25T23:43:58.157+0000] {logging_mixin.py:190} INFO - [2025-04-25T23:43:58.157+0000] {dagbag.py:588} INFO - Filling up the DagBag from /home/airflow/.local/lib/python3.12/site-packages/airflow/example_dags/example_display_name.py
[2025-04-25T23:43:58.172+0000] {processor.py:925} INFO - DAG(s) 'example_display_name' retrieved from /home/airflow/.local/lib/python3.12/site-packages/airflow/example_dags/example_display_name.py
[2025-04-25T23:43:58.203+0000] {logging_mixin.py:190} INFO - [2025-04-25T23:43:58.202+0000] {dag.py:3239} INFO - Sync 1 DAGs
[2025-04-25T23:43:58.225+0000] {logging_mixin.py:190} INFO - [2025-04-25T23:43:58.225+0000] {dag.py:4180} INFO - Setting next_dagrun for example_display_name to None, run_after=None
[2025-04-25T23:43:58.256+0000] {processor.py:208} INFO - Processing /home/airflow/.local/lib/python3.12/site-packages/airflow/example_dags/example_display_name.py took 0.111 seconds
[2025-04-25T23:44:28.702+0000] {processor.py:186} INFO - Started process (PID=871) to work on /home/airflow/.local/lib/python3.12/site-packages/airflow/example_dags/example_display_name.py
[2025-04-25T23:44:28.704+0000] {processor.py:914} INFO - Processing file /home/airflow/.local/lib/python3.12/site-packages/airflow/example_dags/example_display_name.py for tasks to queue
[2025-04-25T23:44:28.707+0000] {logging_mixin.py:190} INFO - [2025-04-25T23:44:28.707+0000] {dagbag.py:588} INFO - Filling up the DagBag from /home/airflow/.local/lib/python3.12/site-packages/airflow/example_dags/example_display_name.py
[2025-04-25T23:44:28.723+0000] {processor.py:925} INFO - DAG(s) 'example_display_name' retrieved from /home/airflow/.local/lib/python3.12/site-packages/airflow/example_dags/example_display_name.py
[2025-04-25T23:44:28.770+0000] {logging_mixin.py:190} INFO - [2025-04-25T23:44:28.770+0000] {dag.py:3239} INFO - Sync 1 DAGs
[2025-04-25T23:44:28.800+0000] {logging_mixin.py:190} INFO - [2025-04-25T23:44:28.800+0000] {dag.py:4180} INFO - Setting next_dagrun for example_display_name to None, run_after=None
[2025-04-25T23:44:28.843+0000] {processor.py:208} INFO - Processing /home/airflow/.local/lib/python3.12/site-packages/airflow/example_dags/example_display_name.py took 0.152 seconds
[2025-04-25T23:44:59.433+0000] {processor.py:186} INFO - Started process (PID=934) to work on /home/airflow/.local/lib/python3.12/site-packages/airflow/example_dags/example_display_name.py
[2025-04-25T23:44:59.437+0000] {processor.py:914} INFO - Processing file /home/airflow/.local/lib/python3.12/site-packages/airflow/example_dags/example_display_name.py for tasks to queue
[2025-04-25T23:44:59.442+0000] {logging_mixin.py:190} INFO - [2025-04-25T23:44:59.441+0000] {dagbag.py:588} INFO - Filling up the DagBag from /home/airflow/.local/lib/python3.12/site-packages/airflow/example_dags/example_display_name.py
[2025-04-25T23:44:59.458+0000] {processor.py:925} INFO - DAG(s) 'example_display_name' retrieved from /home/airflow/.local/lib/python3.12/site-packages/airflow/example_dags/example_display_name.py
[2025-04-25T23:44:59.505+0000] {logging_mixin.py:190} INFO - [2025-04-25T23:44:59.504+0000] {dag.py:3239} INFO - Sync 1 DAGs
[2025-04-25T23:44:59.540+0000] {logging_mixin.py:190} INFO - [2025-04-25T23:44:59.539+0000] {dag.py:4180} INFO - Setting next_dagrun for example_display_name to None, run_after=None
[2025-04-25T23:44:59.573+0000] {processor.py:208} INFO - Processing /home/airflow/.local/lib/python3.12/site-packages/airflow/example_dags/example_display_name.py took 0.154 seconds
[2025-04-25T23:45:30.501+0000] {processor.py:186} INFO - Started process (PID=997) to work on /home/airflow/.local/lib/python3.12/site-packages/airflow/example_dags/example_display_name.py
[2025-04-25T23:45:30.503+0000] {processor.py:914} INFO - Processing file /home/airflow/.local/lib/python3.12/site-packages/airflow/example_dags/example_display_name.py for tasks to queue
[2025-04-25T23:45:30.505+0000] {logging_mixin.py:190} INFO - [2025-04-25T23:45:30.505+0000] {dagbag.py:588} INFO - Filling up the DagBag from /home/airflow/.local/lib/python3.12/site-packages/airflow/example_dags/example_display_name.py
[2025-04-25T23:45:30.519+0000] {processor.py:925} INFO - DAG(s) 'example_display_name' retrieved from /home/airflow/.local/lib/python3.12/site-packages/airflow/example_dags/example_display_name.py
[2025-04-25T23:45:30.558+0000] {logging_mixin.py:190} INFO - [2025-04-25T23:45:30.557+0000] {dag.py:3239} INFO - Sync 1 DAGs
[2025-04-25T23:45:30.583+0000] {logging_mixin.py:190} INFO - [2025-04-25T23:45:30.583+0000] {dag.py:4180} INFO - Setting next_dagrun for example_display_name to None, run_after=None
[2025-04-25T23:45:30.613+0000] {processor.py:208} INFO - Processing /home/airflow/.local/lib/python3.12/site-packages/airflow/example_dags/example_display_name.py took 0.118 seconds
[2025-04-25T23:46:01.352+0000] {processor.py:186} INFO - Started process (PID=1059) to work on /home/airflow/.local/lib/python3.12/site-packages/airflow/example_dags/example_display_name.py
[2025-04-25T23:46:01.356+0000] {processor.py:914} INFO - Processing file /home/airflow/.local/lib/python3.12/site-packages/airflow/example_dags/example_display_name.py for tasks to queue
[2025-04-25T23:46:01.363+0000] {logging_mixin.py:190} INFO - [2025-04-25T23:46:01.361+0000] {dagbag.py:588} INFO - Filling up the DagBag from /home/airflow/.local/lib/python3.12/site-packages/airflow/example_dags/example_display_name.py
[2025-04-25T23:46:01.380+0000] {processor.py:925} INFO - DAG(s) 'example_display_name' retrieved from /home/airflow/.local/lib/python3.12/site-packages/airflow/example_dags/example_display_name.py
[2025-04-25T23:46:01.445+0000] {logging_mixin.py:190} INFO - [2025-04-25T23:46:01.445+0000] {dag.py:3239} INFO - Sync 1 DAGs
[2025-04-25T23:46:01.478+0000] {logging_mixin.py:190} INFO - [2025-04-25T23:46:01.478+0000] {dag.py:4180} INFO - Setting next_dagrun for example_display_name to None, run_after=None
[2025-04-25T23:46:01.517+0000] {processor.py:208} INFO - Processing /home/airflow/.local/lib/python3.12/site-packages/airflow/example_dags/example_display_name.py took 0.175 seconds
[2025-04-25T23:46:47.274+0000] {processor.py:186} INFO - Started process (PID=1131) to work on /home/airflow/.local/lib/python3.12/site-packages/airflow/example_dags/example_display_name.py
[2025-04-25T23:46:47.276+0000] {processor.py:914} INFO - Processing file /home/airflow/.local/lib/python3.12/site-packages/airflow/example_dags/example_display_name.py for tasks to queue
[2025-04-25T23:46:47.281+0000] {logging_mixin.py:190} INFO - [2025-04-25T23:46:47.280+0000] {dagbag.py:588} INFO - Filling up the DagBag from /home/airflow/.local/lib/python3.12/site-packages/airflow/example_dags/example_display_name.py
[2025-04-25T23:46:47.300+0000] {processor.py:925} INFO - DAG(s) 'example_display_name' retrieved from /home/airflow/.local/lib/python3.12/site-packages/airflow/example_dags/example_display_name.py
[2025-04-25T23:46:47.342+0000] {logging_mixin.py:190} INFO - [2025-04-25T23:46:47.342+0000] {dag.py:3239} INFO - Sync 1 DAGs
[2025-04-25T23:46:47.396+0000] {logging_mixin.py:190} INFO - [2025-04-25T23:46:47.396+0000] {dag.py:4180} INFO - Setting next_dagrun for example_display_name to None, run_after=None
[2025-04-25T23:46:47.432+0000] {processor.py:208} INFO - Processing /home/airflow/.local/lib/python3.12/site-packages/airflow/example_dags/example_display_name.py took 0.173 seconds
[2025-04-25T23:47:17.837+0000] {processor.py:186} INFO - Started process (PID=1193) to work on /home/airflow/.local/lib/python3.12/site-packages/airflow/example_dags/example_display_name.py
[2025-04-25T23:47:17.838+0000] {processor.py:914} INFO - Processing file /home/airflow/.local/lib/python3.12/site-packages/airflow/example_dags/example_display_name.py for tasks to queue
[2025-04-25T23:47:17.845+0000] {logging_mixin.py:190} INFO - [2025-04-25T23:47:17.844+0000] {dagbag.py:588} INFO - Filling up the DagBag from /home/airflow/.local/lib/python3.12/site-packages/airflow/example_dags/example_display_name.py
[2025-04-25T23:47:17.866+0000] {processor.py:925} INFO - DAG(s) 'example_display_name' retrieved from /home/airflow/.local/lib/python3.12/site-packages/airflow/example_dags/example_display_name.py
[2025-04-25T23:47:18.013+0000] {logging_mixin.py:190} INFO - [2025-04-25T23:47:18.012+0000] {dag.py:3239} INFO - Sync 1 DAGs
[2025-04-25T23:47:18.064+0000] {logging_mixin.py:190} INFO - [2025-04-25T23:47:18.064+0000] {dag.py:4180} INFO - Setting next_dagrun for example_display_name to None, run_after=None
[2025-04-25T23:47:18.113+0000] {processor.py:208} INFO - Processing /home/airflow/.local/lib/python3.12/site-packages/airflow/example_dags/example_display_name.py took 0.287 seconds
[2025-04-25T23:47:48.154+0000] {processor.py:186} INFO - Started process (PID=1254) to work on /home/airflow/.local/lib/python3.12/site-packages/airflow/example_dags/example_display_name.py
[2025-04-25T23:47:48.155+0000] {processor.py:914} INFO - Processing file /home/airflow/.local/lib/python3.12/site-packages/airflow/example_dags/example_display_name.py for tasks to queue
[2025-04-25T23:47:48.158+0000] {logging_mixin.py:190} INFO - [2025-04-25T23:47:48.158+0000] {dagbag.py:588} INFO - Filling up the DagBag from /home/airflow/.local/lib/python3.12/site-packages/airflow/example_dags/example_display_name.py
[2025-04-25T23:47:48.169+0000] {processor.py:925} INFO - DAG(s) 'example_display_name' retrieved from /home/airflow/.local/lib/python3.12/site-packages/airflow/example_dags/example_display_name.py
[2025-04-25T23:47:48.193+0000] {logging_mixin.py:190} INFO - [2025-04-25T23:47:48.193+0000] {dag.py:3239} INFO - Sync 1 DAGs
[2025-04-25T23:47:48.209+0000] {logging_mixin.py:190} INFO - [2025-04-25T23:47:48.209+0000] {dag.py:4180} INFO - Setting next_dagrun for example_display_name to None, run_after=None
[2025-04-25T23:47:48.234+0000] {processor.py:208} INFO - Processing /home/airflow/.local/lib/python3.12/site-packages/airflow/example_dags/example_display_name.py took 0.086 seconds
[2025-04-25T23:48:18.935+0000] {processor.py:186} INFO - Started process (PID=1317) to work on /home/airflow/.local/lib/python3.12/site-packages/airflow/example_dags/example_display_name.py
[2025-04-25T23:48:18.937+0000] {processor.py:914} INFO - Processing file /home/airflow/.local/lib/python3.12/site-packages/airflow/example_dags/example_display_name.py for tasks to queue
[2025-04-25T23:48:18.941+0000] {logging_mixin.py:190} INFO - [2025-04-25T23:48:18.940+0000] {dagbag.py:588} INFO - Filling up the DagBag from /home/airflow/.local/lib/python3.12/site-packages/airflow/example_dags/example_display_name.py
[2025-04-25T23:48:18.949+0000] {processor.py:925} INFO - DAG(s) 'example_display_name' retrieved from /home/airflow/.local/lib/python3.12/site-packages/airflow/example_dags/example_display_name.py
[2025-04-25T23:48:18.982+0000] {logging_mixin.py:190} INFO - [2025-04-25T23:48:18.982+0000] {dag.py:3239} INFO - Sync 1 DAGs
[2025-04-25T23:48:19.004+0000] {logging_mixin.py:190} INFO - [2025-04-25T23:48:19.004+0000] {dag.py:4180} INFO - Setting next_dagrun for example_display_name to None, run_after=None
[2025-04-25T23:48:19.032+0000] {processor.py:208} INFO - Processing /home/airflow/.local/lib/python3.12/site-packages/airflow/example_dags/example_display_name.py took 0.105 seconds
[2025-04-25T23:48:49.629+0000] {processor.py:186} INFO - Started process (PID=1378) to work on /home/airflow/.local/lib/python3.12/site-packages/airflow/example_dags/example_display_name.py
[2025-04-25T23:48:49.633+0000] {processor.py:914} INFO - Processing file /home/airflow/.local/lib/python3.12/site-packages/airflow/example_dags/example_display_name.py for tasks to queue
[2025-04-25T23:48:49.641+0000] {logging_mixin.py:190} INFO - [2025-04-25T23:48:49.641+0000] {dagbag.py:588} INFO - Filling up the DagBag from /home/airflow/.local/lib/python3.12/site-packages/airflow/example_dags/example_display_name.py
[2025-04-25T23:48:49.678+0000] {processor.py:925} INFO - DAG(s) 'example_display_name' retrieved from /home/airflow/.local/lib/python3.12/site-packages/airflow/example_dags/example_display_name.py
[2025-04-25T23:48:49.739+0000] {logging_mixin.py:190} INFO - [2025-04-25T23:48:49.739+0000] {dag.py:3239} INFO - Sync 1 DAGs
[2025-04-25T23:48:49.786+0000] {logging_mixin.py:190} INFO - [2025-04-25T23:48:49.786+0000] {dag.py:4180} INFO - Setting next_dagrun for example_display_name to None, run_after=None
[2025-04-25T23:48:49.835+0000] {processor.py:208} INFO - Processing /home/airflow/.local/lib/python3.12/site-packages/airflow/example_dags/example_display_name.py took 0.219 seconds
[2025-04-25T23:49:20.162+0000] {processor.py:186} INFO - Started process (PID=1441) to work on /home/airflow/.local/lib/python3.12/site-packages/airflow/example_dags/example_display_name.py
[2025-04-25T23:49:20.165+0000] {processor.py:914} INFO - Processing file /home/airflow/.local/lib/python3.12/site-packages/airflow/example_dags/example_display_name.py for tasks to queue
[2025-04-25T23:49:20.170+0000] {logging_mixin.py:190} INFO - [2025-04-25T23:49:20.169+0000] {dagbag.py:588} INFO - Filling up the DagBag from /home/airflow/.local/lib/python3.12/site-packages/airflow/example_dags/example_display_name.py
[2025-04-25T23:49:20.186+0000] {processor.py:925} INFO - DAG(s) 'example_display_name' retrieved from /home/airflow/.local/lib/python3.12/site-packages/airflow/example_dags/example_display_name.py
[2025-04-25T23:49:20.249+0000] {logging_mixin.py:190} INFO - [2025-04-25T23:49:20.249+0000] {dag.py:3239} INFO - Sync 1 DAGs
[2025-04-25T23:49:20.285+0000] {logging_mixin.py:190} INFO - [2025-04-25T23:49:20.284+0000] {dag.py:4180} INFO - Setting next_dagrun for example_display_name to None, run_after=None
[2025-04-25T23:49:20.336+0000] {processor.py:208} INFO - Processing /home/airflow/.local/lib/python3.12/site-packages/airflow/example_dags/example_display_name.py took 0.186 seconds
[2025-04-25T23:49:50.843+0000] {processor.py:186} INFO - Started process (PID=1505) to work on /home/airflow/.local/lib/python3.12/site-packages/airflow/example_dags/example_display_name.py
[2025-04-25T23:49:50.847+0000] {processor.py:914} INFO - Processing file /home/airflow/.local/lib/python3.12/site-packages/airflow/example_dags/example_display_name.py for tasks to queue
[2025-04-25T23:49:50.850+0000] {logging_mixin.py:190} INFO - [2025-04-25T23:49:50.850+0000] {dagbag.py:588} INFO - Filling up the DagBag from /home/airflow/.local/lib/python3.12/site-packages/airflow/example_dags/example_display_name.py
[2025-04-25T23:49:50.861+0000] {processor.py:925} INFO - DAG(s) 'example_display_name' retrieved from /home/airflow/.local/lib/python3.12/site-packages/airflow/example_dags/example_display_name.py
[2025-04-25T23:49:50.895+0000] {logging_mixin.py:190} INFO - [2025-04-25T23:49:50.895+0000] {dag.py:3239} INFO - Sync 1 DAGs
[2025-04-25T23:49:50.925+0000] {logging_mixin.py:190} INFO - [2025-04-25T23:49:50.924+0000] {dag.py:4180} INFO - Setting next_dagrun for example_display_name to None, run_after=None
[2025-04-25T23:49:50.963+0000] {processor.py:208} INFO - Processing /home/airflow/.local/lib/python3.12/site-packages/airflow/example_dags/example_display_name.py took 0.133 seconds
[2025-04-25T23:50:21.207+0000] {processor.py:186} INFO - Started process (PID=1568) to work on /home/airflow/.local/lib/python3.12/site-packages/airflow/example_dags/example_display_name.py
[2025-04-25T23:50:21.208+0000] {processor.py:914} INFO - Processing file /home/airflow/.local/lib/python3.12/site-packages/airflow/example_dags/example_display_name.py for tasks to queue
[2025-04-25T23:50:21.211+0000] {logging_mixin.py:190} INFO - [2025-04-25T23:50:21.211+0000] {dagbag.py:588} INFO - Filling up the DagBag from /home/airflow/.local/lib/python3.12/site-packages/airflow/example_dags/example_display_name.py
[2025-04-25T23:50:21.226+0000] {processor.py:925} INFO - DAG(s) 'example_display_name' retrieved from /home/airflow/.local/lib/python3.12/site-packages/airflow/example_dags/example_display_name.py
[2025-04-25T23:50:21.252+0000] {logging_mixin.py:190} INFO - [2025-04-25T23:50:21.252+0000] {dag.py:3239} INFO - Sync 1 DAGs
[2025-04-25T23:50:21.270+0000] {logging_mixin.py:190} INFO - [2025-04-25T23:50:21.270+0000] {dag.py:4180} INFO - Setting next_dagrun for example_display_name to None, run_after=None
[2025-04-25T23:50:21.293+0000] {processor.py:208} INFO - Processing /home/airflow/.local/lib/python3.12/site-packages/airflow/example_dags/example_display_name.py took 0.095 seconds
[2025-04-25T23:50:51.921+0000] {processor.py:186} INFO - Started process (PID=1631) to work on /home/airflow/.local/lib/python3.12/site-packages/airflow/example_dags/example_display_name.py
[2025-04-25T23:50:51.924+0000] {processor.py:914} INFO - Processing file /home/airflow/.local/lib/python3.12/site-packages/airflow/example_dags/example_display_name.py for tasks to queue
[2025-04-25T23:50:51.930+0000] {logging_mixin.py:190} INFO - [2025-04-25T23:50:51.929+0000] {dagbag.py:588} INFO - Filling up the DagBag from /home/airflow/.local/lib/python3.12/site-packages/airflow/example_dags/example_display_name.py
[2025-04-25T23:50:51.940+0000] {processor.py:925} INFO - DAG(s) 'example_display_name' retrieved from /home/airflow/.local/lib/python3.12/site-packages/airflow/example_dags/example_display_name.py
[2025-04-25T23:50:51.971+0000] {logging_mixin.py:190} INFO - [2025-04-25T23:50:51.971+0000] {dag.py:3239} INFO - Sync 1 DAGs
[2025-04-25T23:50:51.995+0000] {logging_mixin.py:190} INFO - [2025-04-25T23:50:51.994+0000] {dag.py:4180} INFO - Setting next_dagrun for example_display_name to None, run_after=None
[2025-04-25T23:50:52.032+0000] {processor.py:208} INFO - Processing /home/airflow/.local/lib/python3.12/site-packages/airflow/example_dags/example_display_name.py took 0.119 seconds
[2025-04-25T23:51:27.663+0000] {processor.py:186} INFO - Started process (PID=1694) to work on /home/airflow/.local/lib/python3.12/site-packages/airflow/example_dags/example_display_name.py
[2025-04-25T23:51:27.666+0000] {processor.py:914} INFO - Processing file /home/airflow/.local/lib/python3.12/site-packages/airflow/example_dags/example_display_name.py for tasks to queue
[2025-04-25T23:51:27.669+0000] {logging_mixin.py:190} INFO - [2025-04-25T23:51:27.669+0000] {dagbag.py:588} INFO - Filling up the DagBag from /home/airflow/.local/lib/python3.12/site-packages/airflow/example_dags/example_display_name.py
[2025-04-25T23:51:27.684+0000] {processor.py:925} INFO - DAG(s) 'example_display_name' retrieved from /home/airflow/.local/lib/python3.12/site-packages/airflow/example_dags/example_display_name.py
[2025-04-25T23:51:27.730+0000] {logging_mixin.py:190} INFO - [2025-04-25T23:51:27.730+0000] {dag.py:3239} INFO - Sync 1 DAGs
[2025-04-25T23:51:27.765+0000] {logging_mixin.py:190} INFO - [2025-04-25T23:51:27.765+0000] {dag.py:4180} INFO - Setting next_dagrun for example_display_name to None, run_after=None
[2025-04-25T23:51:27.799+0000] {processor.py:208} INFO - Processing /home/airflow/.local/lib/python3.12/site-packages/airflow/example_dags/example_display_name.py took 0.145 seconds
[2025-04-25T23:51:57.928+0000] {processor.py:186} INFO - Started process (PID=1757) to work on /home/airflow/.local/lib/python3.12/site-packages/airflow/example_dags/example_display_name.py
[2025-04-25T23:51:57.929+0000] {processor.py:914} INFO - Processing file /home/airflow/.local/lib/python3.12/site-packages/airflow/example_dags/example_display_name.py for tasks to queue
[2025-04-25T23:51:57.931+0000] {logging_mixin.py:190} INFO - [2025-04-25T23:51:57.931+0000] {dagbag.py:588} INFO - Filling up the DagBag from /home/airflow/.local/lib/python3.12/site-packages/airflow/example_dags/example_display_name.py
[2025-04-25T23:51:57.940+0000] {processor.py:925} INFO - DAG(s) 'example_display_name' retrieved from /home/airflow/.local/lib/python3.12/site-packages/airflow/example_dags/example_display_name.py
[2025-04-25T23:51:57.962+0000] {logging_mixin.py:190} INFO - [2025-04-25T23:51:57.961+0000] {dag.py:3239} INFO - Sync 1 DAGs
[2025-04-25T23:51:57.977+0000] {logging_mixin.py:190} INFO - [2025-04-25T23:51:57.977+0000] {dag.py:4180} INFO - Setting next_dagrun for example_display_name to None, run_after=None
[2025-04-25T23:51:57.999+0000] {processor.py:208} INFO - Processing /home/airflow/.local/lib/python3.12/site-packages/airflow/example_dags/example_display_name.py took 0.079 seconds
[2025-04-25T23:52:28.531+0000] {processor.py:186} INFO - Started process (PID=1821) to work on /home/airflow/.local/lib/python3.12/site-packages/airflow/example_dags/example_display_name.py
[2025-04-25T23:52:28.534+0000] {processor.py:914} INFO - Processing file /home/airflow/.local/lib/python3.12/site-packages/airflow/example_dags/example_display_name.py for tasks to queue
[2025-04-25T23:52:28.539+0000] {logging_mixin.py:190} INFO - [2025-04-25T23:52:28.539+0000] {dagbag.py:588} INFO - Filling up the DagBag from /home/airflow/.local/lib/python3.12/site-packages/airflow/example_dags/example_display_name.py
[2025-04-25T23:52:28.555+0000] {processor.py:925} INFO - DAG(s) 'example_display_name' retrieved from /home/airflow/.local/lib/python3.12/site-packages/airflow/example_dags/example_display_name.py
[2025-04-25T23:52:28.594+0000] {logging_mixin.py:190} INFO - [2025-04-25T23:52:28.594+0000] {dag.py:3239} INFO - Sync 1 DAGs
[2025-04-25T23:52:28.620+0000] {logging_mixin.py:190} INFO - [2025-04-25T23:52:28.620+0000] {dag.py:4180} INFO - Setting next_dagrun for example_display_name to None, run_after=None
[2025-04-25T23:52:28.660+0000] {processor.py:208} INFO - Processing /home/airflow/.local/lib/python3.12/site-packages/airflow/example_dags/example_display_name.py took 0.141 seconds
[2025-04-25T23:52:59.045+0000] {processor.py:186} INFO - Started process (PID=1885) to work on /home/airflow/.local/lib/python3.12/site-packages/airflow/example_dags/example_display_name.py
[2025-04-25T23:52:59.046+0000] {processor.py:914} INFO - Processing file /home/airflow/.local/lib/python3.12/site-packages/airflow/example_dags/example_display_name.py for tasks to queue
[2025-04-25T23:52:59.049+0000] {logging_mixin.py:190} INFO - [2025-04-25T23:52:59.049+0000] {dagbag.py:588} INFO - Filling up the DagBag from /home/airflow/.local/lib/python3.12/site-packages/airflow/example_dags/example_display_name.py
[2025-04-25T23:52:59.063+0000] {processor.py:925} INFO - DAG(s) 'example_display_name' retrieved from /home/airflow/.local/lib/python3.12/site-packages/airflow/example_dags/example_display_name.py
[2025-04-25T23:52:59.097+0000] {logging_mixin.py:190} INFO - [2025-04-25T23:52:59.097+0000] {dag.py:3239} INFO - Sync 1 DAGs
[2025-04-25T23:52:59.120+0000] {logging_mixin.py:190} INFO - [2025-04-25T23:52:59.120+0000] {dag.py:4180} INFO - Setting next_dagrun for example_display_name to None, run_after=None
[2025-04-25T23:52:59.150+0000] {processor.py:208} INFO - Processing /home/airflow/.local/lib/python3.12/site-packages/airflow/example_dags/example_display_name.py took 0.114 seconds
[2025-04-25T23:53:31.560+0000] {processor.py:186} INFO - Started process (PID=1956) to work on /home/airflow/.local/lib/python3.12/site-packages/airflow/example_dags/example_display_name.py
[2025-04-25T23:53:31.561+0000] {processor.py:914} INFO - Processing file /home/airflow/.local/lib/python3.12/site-packages/airflow/example_dags/example_display_name.py for tasks to queue
[2025-04-25T23:53:31.564+0000] {logging_mixin.py:190} INFO - [2025-04-25T23:53:31.563+0000] {dagbag.py:588} INFO - Filling up the DagBag from /home/airflow/.local/lib/python3.12/site-packages/airflow/example_dags/example_display_name.py
[2025-04-25T23:53:31.577+0000] {processor.py:925} INFO - DAG(s) 'example_display_name' retrieved from /home/airflow/.local/lib/python3.12/site-packages/airflow/example_dags/example_display_name.py
[2025-04-25T23:53:31.605+0000] {logging_mixin.py:190} INFO - [2025-04-25T23:53:31.604+0000] {dag.py:3239} INFO - Sync 1 DAGs
[2025-04-25T23:53:31.634+0000] {logging_mixin.py:190} INFO - [2025-04-25T23:53:31.631+0000] {dag.py:4180} INFO - Setting next_dagrun for example_display_name to None, run_after=None
[2025-04-25T23:53:31.668+0000] {processor.py:208} INFO - Processing /home/airflow/.local/lib/python3.12/site-packages/airflow/example_dags/example_display_name.py took 0.119 seconds
[2025-04-25T23:54:04.025+0000] {processor.py:186} INFO - Started process (PID=2020) to work on /home/airflow/.local/lib/python3.12/site-packages/airflow/example_dags/example_display_name.py
[2025-04-25T23:54:04.029+0000] {processor.py:914} INFO - Processing file /home/airflow/.local/lib/python3.12/site-packages/airflow/example_dags/example_display_name.py for tasks to queue
[2025-04-25T23:54:04.036+0000] {logging_mixin.py:190} INFO - [2025-04-25T23:54:04.035+0000] {dagbag.py:588} INFO - Filling up the DagBag from /home/airflow/.local/lib/python3.12/site-packages/airflow/example_dags/example_display_name.py
[2025-04-25T23:54:04.058+0000] {processor.py:925} INFO - DAG(s) 'example_display_name' retrieved from /home/airflow/.local/lib/python3.12/site-packages/airflow/example_dags/example_display_name.py
[2025-04-25T23:54:04.136+0000] {logging_mixin.py:190} INFO - [2025-04-25T23:54:04.136+0000] {dag.py:3239} INFO - Sync 1 DAGs
[2025-04-25T23:54:04.168+0000] {logging_mixin.py:190} INFO - [2025-04-25T23:54:04.168+0000] {dag.py:4180} INFO - Setting next_dagrun for example_display_name to None, run_after=None
[2025-04-25T23:54:04.210+0000] {processor.py:208} INFO - Processing /home/airflow/.local/lib/python3.12/site-packages/airflow/example_dags/example_display_name.py took 0.197 seconds
[2025-04-25T23:54:34.694+0000] {processor.py:186} INFO - Started process (PID=2084) to work on /home/airflow/.local/lib/python3.12/site-packages/airflow/example_dags/example_display_name.py
[2025-04-25T23:54:34.696+0000] {processor.py:914} INFO - Processing file /home/airflow/.local/lib/python3.12/site-packages/airflow/example_dags/example_display_name.py for tasks to queue
[2025-04-25T23:54:34.701+0000] {logging_mixin.py:190} INFO - [2025-04-25T23:54:34.701+0000] {dagbag.py:588} INFO - Filling up the DagBag from /home/airflow/.local/lib/python3.12/site-packages/airflow/example_dags/example_display_name.py
[2025-04-25T23:54:34.711+0000] {processor.py:925} INFO - DAG(s) 'example_display_name' retrieved from /home/airflow/.local/lib/python3.12/site-packages/airflow/example_dags/example_display_name.py
[2025-04-25T23:54:34.746+0000] {logging_mixin.py:190} INFO - [2025-04-25T23:54:34.745+0000] {dag.py:3239} INFO - Sync 1 DAGs
[2025-04-25T23:54:34.769+0000] {logging_mixin.py:190} INFO - [2025-04-25T23:54:34.768+0000] {dag.py:4180} INFO - Setting next_dagrun for example_display_name to None, run_after=None
[2025-04-25T23:54:34.798+0000] {processor.py:208} INFO - Processing /home/airflow/.local/lib/python3.12/site-packages/airflow/example_dags/example_display_name.py took 0.111 seconds
[2025-04-25T23:55:05.526+0000] {processor.py:186} INFO - Started process (PID=2148) to work on /home/airflow/.local/lib/python3.12/site-packages/airflow/example_dags/example_display_name.py
[2025-04-25T23:55:05.527+0000] {processor.py:914} INFO - Processing file /home/airflow/.local/lib/python3.12/site-packages/airflow/example_dags/example_display_name.py for tasks to queue
[2025-04-25T23:55:05.533+0000] {logging_mixin.py:190} INFO - [2025-04-25T23:55:05.532+0000] {dagbag.py:588} INFO - Filling up the DagBag from /home/airflow/.local/lib/python3.12/site-packages/airflow/example_dags/example_display_name.py
[2025-04-25T23:55:05.543+0000] {processor.py:925} INFO - DAG(s) 'example_display_name' retrieved from /home/airflow/.local/lib/python3.12/site-packages/airflow/example_dags/example_display_name.py
[2025-04-25T23:55:05.569+0000] {logging_mixin.py:190} INFO - [2025-04-25T23:55:05.568+0000] {dag.py:3239} INFO - Sync 1 DAGs
[2025-04-25T23:55:05.592+0000] {logging_mixin.py:190} INFO - [2025-04-25T23:55:05.592+0000] {dag.py:4180} INFO - Setting next_dagrun for example_display_name to None, run_after=None
[2025-04-25T23:55:05.641+0000] {processor.py:208} INFO - Processing /home/airflow/.local/lib/python3.12/site-packages/airflow/example_dags/example_display_name.py took 0.123 seconds
[2025-04-25T23:55:36.477+0000] {processor.py:186} INFO - Started process (PID=2212) to work on /home/airflow/.local/lib/python3.12/site-packages/airflow/example_dags/example_display_name.py
[2025-04-25T23:55:36.481+0000] {processor.py:914} INFO - Processing file /home/airflow/.local/lib/python3.12/site-packages/airflow/example_dags/example_display_name.py for tasks to queue
[2025-04-25T23:55:36.491+0000] {logging_mixin.py:190} INFO - [2025-04-25T23:55:36.490+0000] {dagbag.py:588} INFO - Filling up the DagBag from /home/airflow/.local/lib/python3.12/site-packages/airflow/example_dags/example_display_name.py
[2025-04-25T23:55:36.518+0000] {processor.py:925} INFO - DAG(s) 'example_display_name' retrieved from /home/airflow/.local/lib/python3.12/site-packages/airflow/example_dags/example_display_name.py
[2025-04-25T23:55:36.687+0000] {logging_mixin.py:190} INFO - [2025-04-25T23:55:36.687+0000] {dag.py:3239} INFO - Sync 1 DAGs
[2025-04-25T23:55:36.715+0000] {logging_mixin.py:190} INFO - [2025-04-25T23:55:36.714+0000] {dag.py:4180} INFO - Setting next_dagrun for example_display_name to None, run_after=None
[2025-04-25T23:55:36.744+0000] {processor.py:208} INFO - Processing /home/airflow/.local/lib/python3.12/site-packages/airflow/example_dags/example_display_name.py took 0.279 seconds
[2025-04-25T23:56:09.528+0000] {processor.py:186} INFO - Started process (PID=2276) to work on /home/airflow/.local/lib/python3.12/site-packages/airflow/example_dags/example_display_name.py
[2025-04-25T23:56:09.530+0000] {processor.py:914} INFO - Processing file /home/airflow/.local/lib/python3.12/site-packages/airflow/example_dags/example_display_name.py for tasks to queue
[2025-04-25T23:56:09.536+0000] {logging_mixin.py:190} INFO - [2025-04-25T23:56:09.535+0000] {dagbag.py:588} INFO - Filling up the DagBag from /home/airflow/.local/lib/python3.12/site-packages/airflow/example_dags/example_display_name.py
[2025-04-25T23:56:09.552+0000] {processor.py:925} INFO - DAG(s) 'example_display_name' retrieved from /home/airflow/.local/lib/python3.12/site-packages/airflow/example_dags/example_display_name.py
[2025-04-25T23:56:09.579+0000] {logging_mixin.py:190} INFO - [2025-04-25T23:56:09.579+0000] {dag.py:3239} INFO - Sync 1 DAGs
[2025-04-25T23:56:09.602+0000] {logging_mixin.py:190} INFO - [2025-04-25T23:56:09.602+0000] {dag.py:4180} INFO - Setting next_dagrun for example_display_name to None, run_after=None
[2025-04-25T23:56:09.638+0000] {processor.py:208} INFO - Processing /home/airflow/.local/lib/python3.12/site-packages/airflow/example_dags/example_display_name.py took 0.120 seconds
[2025-04-25T23:56:40.344+0000] {processor.py:186} INFO - Started process (PID=2340) to work on /home/airflow/.local/lib/python3.12/site-packages/airflow/example_dags/example_display_name.py
[2025-04-25T23:56:40.345+0000] {processor.py:914} INFO - Processing file /home/airflow/.local/lib/python3.12/site-packages/airflow/example_dags/example_display_name.py for tasks to queue
[2025-04-25T23:56:40.347+0000] {logging_mixin.py:190} INFO - [2025-04-25T23:56:40.346+0000] {dagbag.py:588} INFO - Filling up the DagBag from /home/airflow/.local/lib/python3.12/site-packages/airflow/example_dags/example_display_name.py
[2025-04-25T23:56:40.357+0000] {processor.py:925} INFO - DAG(s) 'example_display_name' retrieved from /home/airflow/.local/lib/python3.12/site-packages/airflow/example_dags/example_display_name.py
[2025-04-25T23:56:40.385+0000] {logging_mixin.py:190} INFO - [2025-04-25T23:56:40.385+0000] {dag.py:3239} INFO - Sync 1 DAGs
[2025-04-25T23:56:40.420+0000] {logging_mixin.py:190} INFO - [2025-04-25T23:56:40.419+0000] {dag.py:4180} INFO - Setting next_dagrun for example_display_name to None, run_after=None
[2025-04-25T23:56:40.452+0000] {processor.py:208} INFO - Processing /home/airflow/.local/lib/python3.12/site-packages/airflow/example_dags/example_display_name.py took 0.115 seconds
[2025-04-25T23:57:11.031+0000] {processor.py:186} INFO - Started process (PID=2403) to work on /home/airflow/.local/lib/python3.12/site-packages/airflow/example_dags/example_display_name.py
[2025-04-25T23:57:11.033+0000] {processor.py:914} INFO - Processing file /home/airflow/.local/lib/python3.12/site-packages/airflow/example_dags/example_display_name.py for tasks to queue
[2025-04-25T23:57:11.037+0000] {logging_mixin.py:190} INFO - [2025-04-25T23:57:11.036+0000] {dagbag.py:588} INFO - Filling up the DagBag from /home/airflow/.local/lib/python3.12/site-packages/airflow/example_dags/example_display_name.py
[2025-04-25T23:57:11.046+0000] {processor.py:925} INFO - DAG(s) 'example_display_name' retrieved from /home/airflow/.local/lib/python3.12/site-packages/airflow/example_dags/example_display_name.py
[2025-04-25T23:57:11.088+0000] {logging_mixin.py:190} INFO - [2025-04-25T23:57:11.088+0000] {dag.py:3239} INFO - Sync 1 DAGs
[2025-04-25T23:57:11.109+0000] {logging_mixin.py:190} INFO - [2025-04-25T23:57:11.109+0000] {dag.py:4180} INFO - Setting next_dagrun for example_display_name to None, run_after=None
[2025-04-25T23:57:11.148+0000] {processor.py:208} INFO - Processing /home/airflow/.local/lib/python3.12/site-packages/airflow/example_dags/example_display_name.py took 0.125 seconds
[2025-04-25T23:57:44.495+0000] {processor.py:186} INFO - Started process (PID=2464) to work on /home/airflow/.local/lib/python3.12/site-packages/airflow/example_dags/example_display_name.py
[2025-04-25T23:57:44.497+0000] {processor.py:914} INFO - Processing file /home/airflow/.local/lib/python3.12/site-packages/airflow/example_dags/example_display_name.py for tasks to queue
[2025-04-25T23:57:44.500+0000] {logging_mixin.py:190} INFO - [2025-04-25T23:57:44.499+0000] {dagbag.py:588} INFO - Filling up the DagBag from /home/airflow/.local/lib/python3.12/site-packages/airflow/example_dags/example_display_name.py
[2025-04-25T23:57:44.591+0000] {processor.py:925} INFO - DAG(s) 'example_display_name' retrieved from /home/airflow/.local/lib/python3.12/site-packages/airflow/example_dags/example_display_name.py
[2025-04-25T23:57:44.725+0000] {logging_mixin.py:190} INFO - [2025-04-25T23:57:44.724+0000] {dag.py:3239} INFO - Sync 1 DAGs
[2025-04-25T23:57:44.819+0000] {logging_mixin.py:190} INFO - [2025-04-25T23:57:44.818+0000] {dag.py:4180} INFO - Setting next_dagrun for example_display_name to None, run_after=None
[2025-04-25T23:57:44.922+0000] {processor.py:208} INFO - Processing /home/airflow/.local/lib/python3.12/site-packages/airflow/example_dags/example_display_name.py took 0.455 seconds
[2025-04-25T23:59:08.845+0000] {processor.py:186} INFO - Started process (PID=2529) to work on /home/airflow/.local/lib/python3.12/site-packages/airflow/example_dags/example_display_name.py
[2025-04-25T23:59:08.850+0000] {processor.py:914} INFO - Processing file /home/airflow/.local/lib/python3.12/site-packages/airflow/example_dags/example_display_name.py for tasks to queue
[2025-04-25T23:59:08.851+0000] {logging_mixin.py:190} INFO - [2025-04-25T23:59:08.851+0000] {dagbag.py:588} INFO - Filling up the DagBag from /home/airflow/.local/lib/python3.12/site-packages/airflow/example_dags/example_display_name.py
[2025-04-25T23:59:08.873+0000] {processor.py:925} INFO - DAG(s) 'example_display_name' retrieved from /home/airflow/.local/lib/python3.12/site-packages/airflow/example_dags/example_display_name.py
[2025-04-25T23:59:08.917+0000] {logging_mixin.py:190} INFO - [2025-04-25T23:59:08.917+0000] {dag.py:3239} INFO - Sync 1 DAGs
[2025-04-25T23:59:08.944+0000] {logging_mixin.py:190} INFO - [2025-04-25T23:59:08.943+0000] {dag.py:4180} INFO - Setting next_dagrun for example_display_name to None, run_after=None
[2025-04-25T23:59:08.976+0000] {processor.py:208} INFO - Processing /home/airflow/.local/lib/python3.12/site-packages/airflow/example_dags/example_display_name.py took 0.141 seconds
[2025-04-25T23:59:45.048+0000] {processor.py:186} INFO - Started process (PID=2593) to work on /home/airflow/.local/lib/python3.12/site-packages/airflow/example_dags/example_display_name.py
[2025-04-25T23:59:45.051+0000] {processor.py:914} INFO - Processing file /home/airflow/.local/lib/python3.12/site-packages/airflow/example_dags/example_display_name.py for tasks to queue
[2025-04-25T23:59:45.061+0000] {logging_mixin.py:190} INFO - [2025-04-25T23:59:45.060+0000] {dagbag.py:588} INFO - Filling up the DagBag from /home/airflow/.local/lib/python3.12/site-packages/airflow/example_dags/example_display_name.py
[2025-04-25T23:59:45.082+0000] {processor.py:925} INFO - DAG(s) 'example_display_name' retrieved from /home/airflow/.local/lib/python3.12/site-packages/airflow/example_dags/example_display_name.py
[2025-04-25T23:59:45.138+0000] {logging_mixin.py:190} INFO - [2025-04-25T23:59:45.137+0000] {dag.py:3239} INFO - Sync 1 DAGs
[2025-04-25T23:59:45.194+0000] {logging_mixin.py:190} INFO - [2025-04-25T23:59:45.194+0000] {dag.py:4180} INFO - Setting next_dagrun for example_display_name to None, run_after=None
[2025-04-25T23:59:45.265+0000] {processor.py:208} INFO - Processing /home/airflow/.local/lib/python3.12/site-packages/airflow/example_dags/example_display_name.py took 0.233 seconds
