[2025-04-25T23:31:02.523+0000] {processor.py:186} INFO - Started process (PID=82) to work on /home/airflow/.local/lib/python3.12/site-packages/airflow/example_dags/example_inlet_event_extra.py
[2025-04-25T23:31:02.581+0000] {processor.py:914} INFO - Processing file /home/airflow/.local/lib/python3.12/site-packages/airflow/example_dags/example_inlet_event_extra.py for tasks to queue
[2025-04-25T23:31:02.797+0000] {logging_mixin.py:190} INFO - [2025-04-25T23:31:02.793+0000] {dagbag.py:588} INFO - Filling up the DagBag from /home/airflow/.local/lib/python3.12/site-packages/airflow/example_dags/example_inlet_event_extra.py
[2025-04-25T23:31:33.925+0000] {logging_mixin.py:190} INFO - [2025-04-25T23:31:33.169+0000] {timeout.py:68} ERROR - Process timed out, PID: 82
[2025-04-25T23:31:38.795+0000] {logging_mixin.py:190} INFO - [2025-04-25T23:31:33.930+0000] {dagbag.py:387} ERROR - Failed to import: /home/airflow/.local/lib/python3.12/site-packages/airflow/example_dags/example_inlet_event_extra.py
Traceback (most recent call last):
  File "/home/airflow/.local/lib/python3.12/site-packages/airflow/models/dagbag.py", line 383, in parse
    loader.exec_module(new_module)
  File "<frozen importlib._bootstrap_external>", line 999, in exec_module
  File "<frozen importlib._bootstrap>", line 488, in _call_with_frames_removed
  File "/home/airflow/.local/lib/python3.12/site-packages/airflow/example_dags/example_inlet_event_extra.py", line 33, in <module>
    ds = Dataset("s3://output/1.txt")
         ^^^^^^^^^^^^^^^^^^^^^^^^^^^^
  File "<attrs generated init airflow.datasets.Dataset>", line 3, in __init__
    _setattr('uri', __attr_converter_uri(uri))
                    ^^^^^^^^^^^^^^^^^^^^^^^^^
  File "/home/airflow/.local/lib/python3.12/site-packages/airflow/datasets/__init__.py", line 108, in _sanitize_uri
    if (normalizer := _get_uri_normalizer(normalized_scheme)) is not None:
                      ^^^^^^^^^^^^^^^^^^^^^^^^^^^^^^^^^^^^^^
  File "/home/airflow/.local/lib/python3.12/site-packages/airflow/datasets/__init__.py", line 58, in _get_uri_normalizer
    return ProvidersManager().dataset_uri_handlers.get(scheme)
           ^^^^^^^^^^^^^^^^^^^^^^^^^^^^^^^^^^^^^^^
  File "/home/airflow/.local/lib/python3.12/site-packages/airflow/providers_manager.py", line 1334, in dataset_uri_handlers
    self.initialize_providers_dataset_uri_resources()
  File "/home/airflow/.local/lib/python3.12/site-packages/airflow/providers_manager.py", line 384, in wrapped_function
    func(*args, **kwargs)
  File "/home/airflow/.local/lib/python3.12/site-packages/airflow/providers_manager.py", line 532, in initialize_providers_dataset_uri_resources
    self._discover_dataset_uri_resources()
  File "/home/airflow/.local/lib/python3.12/site-packages/airflow/providers_manager.py", line 915, in _discover_dataset_uri_resources
    _safe_register_resource(
  File "/home/airflow/.local/lib/python3.12/site-packages/airflow/providers_manager.py", line 903, in _safe_register_resource
    _correctness_check(provider_package_name, resource_path, provider)
  File "/home/airflow/.local/lib/python3.12/site-packages/airflow/providers_manager.py", line 327, in _correctness_check
    imported_class = import_string(class_name)
                     ^^^^^^^^^^^^^^^^^^^^^^^^^
  File "/home/airflow/.local/lib/python3.12/site-packages/airflow/utils/module_loading.py", line 39, in import_string
    module = import_module(module_path)
             ^^^^^^^^^^^^^^^^^^^^^^^^^^
  File "/usr/local/lib/python3.12/importlib/__init__.py", line 90, in import_module
    return _bootstrap._gcd_import(name[level:], package, level)
           ^^^^^^^^^^^^^^^^^^^^^^^^^^^^^^^^^^^^^^^^^^^^^^^^^^^^
  File "<frozen importlib._bootstrap>", line 1387, in _gcd_import
  File "<frozen importlib._bootstrap>", line 1360, in _find_and_load
  File "<frozen importlib._bootstrap>", line 1331, in _find_and_load_unlocked
  File "<frozen importlib._bootstrap>", line 935, in _load_unlocked
  File "<frozen importlib._bootstrap_external>", line 999, in exec_module
  File "<frozen importlib._bootstrap>", line 488, in _call_with_frames_removed
  File "/home/airflow/.local/lib/python3.12/site-packages/airflow/providers/google/assets/gcs.py", line 21, in <module>
    from airflow.providers.google.cloud.hooks.gcs import _parse_gcs_url
  File "/home/airflow/.local/lib/python3.12/site-packages/airflow/providers/google/cloud/hooks/gcs.py", line 49, in <module>
    from airflow.providers.google.common.consts import CLIENT_INFO
  File "/home/airflow/.local/lib/python3.12/site-packages/airflow/providers/google/common/consts.py", line 19, in <module>
    from google.api_core.gapic_v1.client_info import ClientInfo
  File "/home/airflow/.local/lib/python3.12/site-packages/google/api_core/gapic_v1/__init__.py", line 19, in <module>
    from google.api_core.gapic_v1 import method_async
  File "/home/airflow/.local/lib/python3.12/site-packages/google/api_core/gapic_v1/method_async.py", line 22, in <module>
    from google.api_core import grpc_helpers_async
  File "<frozen importlib._bootstrap>", line 1360, in _find_and_load
  File "<frozen importlib._bootstrap>", line 1331, in _find_and_load_unlocked
  File "<frozen importlib._bootstrap>", line 935, in _load_unlocked
  File "<frozen importlib._bootstrap_external>", line 995, in exec_module
  File "<frozen importlib._bootstrap_external>", line 1134, in get_code
  File "<frozen importlib._bootstrap>", line 491, in _verbose_message
  File "/home/airflow/.local/lib/python3.12/site-packages/airflow/utils/timeout.py", line 69, in handle_timeout
    raise AirflowTaskTimeout(self.error_message)
airflow.exceptions.AirflowTaskTimeout: DagBag import timeout for /home/airflow/.local/lib/python3.12/site-packages/airflow/example_dags/example_inlet_event_extra.py after 30.0s.
Please take a look at these docs to improve your DAG import time:
* https://airflow.apache.org/docs/apache-airflow/2.10.4/best-practices.html#top-level-python-code
* https://airflow.apache.org/docs/apache-airflow/2.10.4/best-practices.html#reducing-dag-complexity, PID: 82
[2025-04-25T23:31:39.021+0000] {processor.py:927} WARNING - No viable dags retrieved from /home/airflow/.local/lib/python3.12/site-packages/airflow/example_dags/example_inlet_event_extra.py
[2025-04-25T23:31:40.034+0000] {processor.py:208} INFO - Processing /home/airflow/.local/lib/python3.12/site-packages/airflow/example_dags/example_inlet_event_extra.py took 37.599 seconds
[2025-04-25T23:33:41.247+0000] {processor.py:186} INFO - Started process (PID=169) to work on /home/airflow/.local/lib/python3.12/site-packages/airflow/example_dags/example_inlet_event_extra.py
[2025-04-25T23:33:41.248+0000] {processor.py:914} INFO - Processing file /home/airflow/.local/lib/python3.12/site-packages/airflow/example_dags/example_inlet_event_extra.py for tasks to queue
[2025-04-25T23:33:41.252+0000] {logging_mixin.py:190} INFO - [2025-04-25T23:33:41.252+0000] {dagbag.py:588} INFO - Filling up the DagBag from /home/airflow/.local/lib/python3.12/site-packages/airflow/example_dags/example_inlet_event_extra.py
[2025-04-25T23:33:43.101+0000] {processor.py:925} INFO - DAG(s) 'read_dataset_event_from_classic', 'read_dataset_event' retrieved from /home/airflow/.local/lib/python3.12/site-packages/airflow/example_dags/example_inlet_event_extra.py
[2025-04-25T23:33:43.322+0000] {logging_mixin.py:190} INFO - [2025-04-25T23:33:43.321+0000] {override.py:1911} INFO - Created Permission View: can delete on DAG:read_dataset_event_from_classic
[2025-04-25T23:33:43.344+0000] {logging_mixin.py:190} INFO - [2025-04-25T23:33:43.344+0000] {override.py:1911} INFO - Created Permission View: can read on DAG:read_dataset_event_from_classic
[2025-04-25T23:33:43.366+0000] {logging_mixin.py:190} INFO - [2025-04-25T23:33:43.365+0000] {override.py:1911} INFO - Created Permission View: can edit on DAG:read_dataset_event_from_classic
[2025-04-25T23:33:43.424+0000] {logging_mixin.py:190} INFO - [2025-04-25T23:33:43.424+0000] {override.py:1911} INFO - Created Permission View: can create on DAG Run:read_dataset_event_from_classic
[2025-04-25T23:33:43.436+0000] {logging_mixin.py:190} INFO - [2025-04-25T23:33:43.436+0000] {override.py:1911} INFO - Created Permission View: can delete on DAG Run:read_dataset_event_from_classic
[2025-04-25T23:33:43.449+0000] {logging_mixin.py:190} INFO - [2025-04-25T23:33:43.449+0000] {override.py:1911} INFO - Created Permission View: can read on DAG Run:read_dataset_event_from_classic
[2025-04-25T23:33:43.464+0000] {logging_mixin.py:190} INFO - [2025-04-25T23:33:43.464+0000] {override.py:1911} INFO - Created Permission View: menu access on DAG Run:read_dataset_event_from_classic
[2025-04-25T23:33:43.486+0000] {logging_mixin.py:190} INFO - [2025-04-25T23:33:43.486+0000] {override.py:1911} INFO - Created Permission View: can delete on DAG:read_dataset_event
[2025-04-25T23:33:43.498+0000] {logging_mixin.py:190} INFO - [2025-04-25T23:33:43.497+0000] {override.py:1911} INFO - Created Permission View: can read on DAG:read_dataset_event
[2025-04-25T23:33:43.511+0000] {logging_mixin.py:190} INFO - [2025-04-25T23:33:43.510+0000] {override.py:1911} INFO - Created Permission View: can edit on DAG:read_dataset_event
[2025-04-25T23:33:43.527+0000] {logging_mixin.py:190} INFO - [2025-04-25T23:33:43.527+0000] {override.py:1911} INFO - Created Permission View: can create on DAG Run:read_dataset_event
[2025-04-25T23:33:43.538+0000] {logging_mixin.py:190} INFO - [2025-04-25T23:33:43.538+0000] {override.py:1911} INFO - Created Permission View: can delete on DAG Run:read_dataset_event
[2025-04-25T23:33:43.553+0000] {logging_mixin.py:190} INFO - [2025-04-25T23:33:43.553+0000] {override.py:1911} INFO - Created Permission View: can read on DAG Run:read_dataset_event
[2025-04-25T23:33:43.572+0000] {logging_mixin.py:190} INFO - [2025-04-25T23:33:43.571+0000] {override.py:1911} INFO - Created Permission View: menu access on DAG Run:read_dataset_event
[2025-04-25T23:33:43.574+0000] {logging_mixin.py:190} INFO - [2025-04-25T23:33:43.573+0000] {dag.py:3239} INFO - Sync 2 DAGs
[2025-04-25T23:33:43.602+0000] {logging_mixin.py:190} INFO - [2025-04-25T23:33:43.601+0000] {dag.py:3262} INFO - Creating ORM DAG for read_dataset_event_from_classic
[2025-04-25T23:33:43.604+0000] {logging_mixin.py:190} INFO - [2025-04-25T23:33:43.603+0000] {dag.py:3262} INFO - Creating ORM DAG for read_dataset_event
[2025-04-25T23:33:43.628+0000] {logging_mixin.py:190} INFO - [2025-04-25T23:33:43.627+0000] {dag.py:4180} INFO - Setting next_dagrun for read_dataset_event to 2025-04-24 00:00:00+00:00, run_after=2025-04-25 00:00:00+00:00
[2025-04-25T23:33:43.631+0000] {logging_mixin.py:190} INFO - [2025-04-25T23:33:43.631+0000] {dag.py:4180} INFO - Setting next_dagrun for read_dataset_event_from_classic to 2025-04-24 00:00:00+00:00, run_after=2025-04-25 00:00:00+00:00
[2025-04-25T23:33:43.665+0000] {processor.py:208} INFO - Processing /home/airflow/.local/lib/python3.12/site-packages/airflow/example_dags/example_inlet_event_extra.py took 2.428 seconds
[2025-04-25T23:34:30.124+0000] {processor.py:186} INFO - Started process (PID=225) to work on /home/airflow/.local/lib/python3.12/site-packages/airflow/example_dags/example_inlet_event_extra.py
[2025-04-25T23:34:30.127+0000] {processor.py:914} INFO - Processing file /home/airflow/.local/lib/python3.12/site-packages/airflow/example_dags/example_inlet_event_extra.py for tasks to queue
[2025-04-25T23:34:30.133+0000] {logging_mixin.py:190} INFO - [2025-04-25T23:34:30.132+0000] {dagbag.py:588} INFO - Filling up the DagBag from /home/airflow/.local/lib/python3.12/site-packages/airflow/example_dags/example_inlet_event_extra.py
[2025-04-25T23:34:37.291+0000] {processor.py:925} INFO - DAG(s) 'read_dataset_event_from_classic', 'read_dataset_event' retrieved from /home/airflow/.local/lib/python3.12/site-packages/airflow/example_dags/example_inlet_event_extra.py
[2025-04-25T23:34:37.485+0000] {logging_mixin.py:190} INFO - [2025-04-25T23:34:37.485+0000] {dag.py:3239} INFO - Sync 2 DAGs
[2025-04-25T23:34:37.649+0000] {logging_mixin.py:190} INFO - [2025-04-25T23:34:37.648+0000] {dag.py:4180} INFO - Setting next_dagrun for read_dataset_event to 2025-04-24 00:00:00+00:00, run_after=2025-04-25 00:00:00+00:00
[2025-04-25T23:34:37.775+0000] {logging_mixin.py:190} INFO - [2025-04-25T23:34:37.775+0000] {dag.py:4180} INFO - Setting next_dagrun for read_dataset_event_from_classic to 2025-04-24 00:00:00+00:00, run_after=2025-04-25 00:00:00+00:00
[2025-04-25T23:34:37.810+0000] {processor.py:208} INFO - Processing /home/airflow/.local/lib/python3.12/site-packages/airflow/example_dags/example_inlet_event_extra.py took 7.701 seconds
[2025-04-25T23:35:17.449+0000] {processor.py:186} INFO - Started process (PID=281) to work on /home/airflow/.local/lib/python3.12/site-packages/airflow/example_dags/example_inlet_event_extra.py
[2025-04-25T23:35:17.453+0000] {processor.py:914} INFO - Processing file /home/airflow/.local/lib/python3.12/site-packages/airflow/example_dags/example_inlet_event_extra.py for tasks to queue
[2025-04-25T23:35:17.466+0000] {logging_mixin.py:190} INFO - [2025-04-25T23:35:17.462+0000] {dagbag.py:588} INFO - Filling up the DagBag from /home/airflow/.local/lib/python3.12/site-packages/airflow/example_dags/example_inlet_event_extra.py
[2025-04-25T23:35:27.256+0000] {processor.py:925} INFO - DAG(s) 'read_dataset_event_from_classic', 'read_dataset_event' retrieved from /home/airflow/.local/lib/python3.12/site-packages/airflow/example_dags/example_inlet_event_extra.py
[2025-04-25T23:35:27.311+0000] {logging_mixin.py:190} INFO - [2025-04-25T23:35:27.311+0000] {dag.py:3239} INFO - Sync 2 DAGs
[2025-04-25T23:35:27.401+0000] {logging_mixin.py:190} INFO - [2025-04-25T23:35:27.400+0000] {dag.py:4180} INFO - Setting next_dagrun for read_dataset_event to 2025-04-24 00:00:00+00:00, run_after=2025-04-25 00:00:00+00:00
[2025-04-25T23:35:27.416+0000] {logging_mixin.py:190} INFO - [2025-04-25T23:35:27.415+0000] {dag.py:4180} INFO - Setting next_dagrun for read_dataset_event_from_classic to 2025-04-24 00:00:00+00:00, run_after=2025-04-25 00:00:00+00:00
[2025-04-25T23:35:27.695+0000] {processor.py:208} INFO - Processing /home/airflow/.local/lib/python3.12/site-packages/airflow/example_dags/example_inlet_event_extra.py took 10.282 seconds
[2025-04-25T23:37:13.854+0000] {processor.py:186} INFO - Started process (PID=70) to work on /home/airflow/.local/lib/python3.12/site-packages/airflow/example_dags/example_inlet_event_extra.py
[2025-04-25T23:37:13.855+0000] {processor.py:914} INFO - Processing file /home/airflow/.local/lib/python3.12/site-packages/airflow/example_dags/example_inlet_event_extra.py for tasks to queue
[2025-04-25T23:37:13.862+0000] {logging_mixin.py:190} INFO - [2025-04-25T23:37:13.862+0000] {dagbag.py:588} INFO - Filling up the DagBag from /home/airflow/.local/lib/python3.12/site-packages/airflow/example_dags/example_inlet_event_extra.py
[2025-04-25T23:37:18.361+0000] {processor.py:925} INFO - DAG(s) 'read_dataset_event', 'read_dataset_event_from_classic' retrieved from /home/airflow/.local/lib/python3.12/site-packages/airflow/example_dags/example_inlet_event_extra.py
[2025-04-25T23:37:18.463+0000] {logging_mixin.py:190} INFO - [2025-04-25T23:37:18.463+0000] {dag.py:3239} INFO - Sync 2 DAGs
[2025-04-25T23:37:18.576+0000] {logging_mixin.py:190} INFO - [2025-04-25T23:37:18.575+0000] {dag.py:4180} INFO - Setting next_dagrun for read_dataset_event to 2025-04-24 00:00:00+00:00, run_after=2025-04-25 00:00:00+00:00
[2025-04-25T23:37:18.596+0000] {logging_mixin.py:190} INFO - [2025-04-25T23:37:18.595+0000] {dag.py:4180} INFO - Setting next_dagrun for read_dataset_event_from_classic to 2025-04-24 00:00:00+00:00, run_after=2025-04-25 00:00:00+00:00
[2025-04-25T23:37:18.653+0000] {processor.py:208} INFO - Processing /home/airflow/.local/lib/python3.12/site-packages/airflow/example_dags/example_inlet_event_extra.py took 4.806 seconds
[2025-04-25T23:38:05.429+0000] {processor.py:186} INFO - Started process (PID=139) to work on /home/airflow/.local/lib/python3.12/site-packages/airflow/example_dags/example_inlet_event_extra.py
[2025-04-25T23:38:05.431+0000] {processor.py:914} INFO - Processing file /home/airflow/.local/lib/python3.12/site-packages/airflow/example_dags/example_inlet_event_extra.py for tasks to queue
[2025-04-25T23:38:05.435+0000] {logging_mixin.py:190} INFO - [2025-04-25T23:38:05.434+0000] {dagbag.py:588} INFO - Filling up the DagBag from /home/airflow/.local/lib/python3.12/site-packages/airflow/example_dags/example_inlet_event_extra.py
[2025-04-25T23:38:06.884+0000] {processor.py:925} INFO - DAG(s) 'read_dataset_event', 'read_dataset_event_from_classic' retrieved from /home/airflow/.local/lib/python3.12/site-packages/airflow/example_dags/example_inlet_event_extra.py
[2025-04-25T23:38:06.934+0000] {logging_mixin.py:190} INFO - [2025-04-25T23:38:06.933+0000] {dag.py:3239} INFO - Sync 2 DAGs
[2025-04-25T23:38:06.994+0000] {logging_mixin.py:190} INFO - [2025-04-25T23:38:06.994+0000] {dag.py:4180} INFO - Setting next_dagrun for read_dataset_event to 2025-04-24 00:00:00+00:00, run_after=2025-04-25 00:00:00+00:00
[2025-04-25T23:38:07.005+0000] {logging_mixin.py:190} INFO - [2025-04-25T23:38:07.004+0000] {dag.py:4180} INFO - Setting next_dagrun for read_dataset_event_from_classic to 2025-04-24 00:00:00+00:00, run_after=2025-04-25 00:00:00+00:00
[2025-04-25T23:38:07.034+0000] {processor.py:208} INFO - Processing /home/airflow/.local/lib/python3.12/site-packages/airflow/example_dags/example_inlet_event_extra.py took 1.618 seconds
[2025-04-25T23:38:44.474+0000] {processor.py:186} INFO - Started process (PID=201) to work on /home/airflow/.local/lib/python3.12/site-packages/airflow/example_dags/example_inlet_event_extra.py
[2025-04-25T23:38:44.475+0000] {processor.py:914} INFO - Processing file /home/airflow/.local/lib/python3.12/site-packages/airflow/example_dags/example_inlet_event_extra.py for tasks to queue
[2025-04-25T23:38:44.480+0000] {logging_mixin.py:190} INFO - [2025-04-25T23:38:44.480+0000] {dagbag.py:588} INFO - Filling up the DagBag from /home/airflow/.local/lib/python3.12/site-packages/airflow/example_dags/example_inlet_event_extra.py
[2025-04-25T23:38:45.893+0000] {processor.py:925} INFO - DAG(s) 'read_dataset_event_from_classic', 'read_dataset_event' retrieved from /home/airflow/.local/lib/python3.12/site-packages/airflow/example_dags/example_inlet_event_extra.py
[2025-04-25T23:38:45.938+0000] {logging_mixin.py:190} INFO - [2025-04-25T23:38:45.938+0000] {dag.py:3239} INFO - Sync 2 DAGs
[2025-04-25T23:38:45.988+0000] {logging_mixin.py:190} INFO - [2025-04-25T23:38:45.987+0000] {dag.py:4180} INFO - Setting next_dagrun for read_dataset_event to 2025-04-24 00:00:00+00:00, run_after=2025-04-25 00:00:00+00:00
[2025-04-25T23:38:45.998+0000] {logging_mixin.py:190} INFO - [2025-04-25T23:38:45.998+0000] {dag.py:4180} INFO - Setting next_dagrun for read_dataset_event_from_classic to 2025-04-24 00:00:00+00:00, run_after=2025-04-25 00:00:00+00:00
[2025-04-25T23:38:46.031+0000] {processor.py:208} INFO - Processing /home/airflow/.local/lib/python3.12/site-packages/airflow/example_dags/example_inlet_event_extra.py took 1.567 seconds
[2025-04-25T23:39:16.512+0000] {processor.py:186} INFO - Started process (PID=268) to work on /home/airflow/.local/lib/python3.12/site-packages/airflow/example_dags/example_inlet_event_extra.py
[2025-04-25T23:39:16.513+0000] {processor.py:914} INFO - Processing file /home/airflow/.local/lib/python3.12/site-packages/airflow/example_dags/example_inlet_event_extra.py for tasks to queue
[2025-04-25T23:39:16.518+0000] {logging_mixin.py:190} INFO - [2025-04-25T23:39:16.517+0000] {dagbag.py:588} INFO - Filling up the DagBag from /home/airflow/.local/lib/python3.12/site-packages/airflow/example_dags/example_inlet_event_extra.py
[2025-04-25T23:39:18.400+0000] {processor.py:925} INFO - DAG(s) 'read_dataset_event', 'read_dataset_event_from_classic' retrieved from /home/airflow/.local/lib/python3.12/site-packages/airflow/example_dags/example_inlet_event_extra.py
[2025-04-25T23:39:18.453+0000] {logging_mixin.py:190} INFO - [2025-04-25T23:39:18.453+0000] {dag.py:3239} INFO - Sync 2 DAGs
[2025-04-25T23:39:18.536+0000] {logging_mixin.py:190} INFO - [2025-04-25T23:39:18.535+0000] {dag.py:4180} INFO - Setting next_dagrun for read_dataset_event to 2025-04-24 00:00:00+00:00, run_after=2025-04-25 00:00:00+00:00
[2025-04-25T23:39:18.552+0000] {logging_mixin.py:190} INFO - [2025-04-25T23:39:18.551+0000] {dag.py:4180} INFO - Setting next_dagrun for read_dataset_event_from_classic to 2025-04-24 00:00:00+00:00, run_after=2025-04-25 00:00:00+00:00
[2025-04-25T23:39:18.610+0000] {processor.py:208} INFO - Processing /home/airflow/.local/lib/python3.12/site-packages/airflow/example_dags/example_inlet_event_extra.py took 2.109 seconds
[2025-04-25T23:39:53.407+0000] {processor.py:186} INFO - Started process (PID=339) to work on /home/airflow/.local/lib/python3.12/site-packages/airflow/example_dags/example_inlet_event_extra.py
[2025-04-25T23:39:53.416+0000] {processor.py:914} INFO - Processing file /home/airflow/.local/lib/python3.12/site-packages/airflow/example_dags/example_inlet_event_extra.py for tasks to queue
[2025-04-25T23:39:53.420+0000] {logging_mixin.py:190} INFO - [2025-04-25T23:39:53.419+0000] {dagbag.py:588} INFO - Filling up the DagBag from /home/airflow/.local/lib/python3.12/site-packages/airflow/example_dags/example_inlet_event_extra.py
[2025-04-25T23:39:57.676+0000] {processor.py:925} INFO - DAG(s) 'read_dataset_event_from_classic', 'read_dataset_event' retrieved from /home/airflow/.local/lib/python3.12/site-packages/airflow/example_dags/example_inlet_event_extra.py
[2025-04-25T23:39:57.721+0000] {logging_mixin.py:190} INFO - [2025-04-25T23:39:57.721+0000] {dag.py:3239} INFO - Sync 2 DAGs
[2025-04-25T23:39:57.782+0000] {logging_mixin.py:190} INFO - [2025-04-25T23:39:57.782+0000] {dag.py:4180} INFO - Setting next_dagrun for read_dataset_event to 2025-04-24 00:00:00+00:00, run_after=2025-04-25 00:00:00+00:00
[2025-04-25T23:39:57.800+0000] {logging_mixin.py:190} INFO - [2025-04-25T23:39:57.799+0000] {dag.py:4180} INFO - Setting next_dagrun for read_dataset_event_from_classic to 2025-04-24 00:00:00+00:00, run_after=2025-04-25 00:00:00+00:00
[2025-04-25T23:39:57.837+0000] {processor.py:208} INFO - Processing /home/airflow/.local/lib/python3.12/site-packages/airflow/example_dags/example_inlet_event_extra.py took 4.450 seconds
[2025-04-25T23:40:28.440+0000] {processor.py:186} INFO - Started process (PID=402) to work on /home/airflow/.local/lib/python3.12/site-packages/airflow/example_dags/example_inlet_event_extra.py
[2025-04-25T23:40:28.445+0000] {processor.py:914} INFO - Processing file /home/airflow/.local/lib/python3.12/site-packages/airflow/example_dags/example_inlet_event_extra.py for tasks to queue
[2025-04-25T23:40:28.461+0000] {logging_mixin.py:190} INFO - [2025-04-25T23:40:28.460+0000] {dagbag.py:588} INFO - Filling up the DagBag from /home/airflow/.local/lib/python3.12/site-packages/airflow/example_dags/example_inlet_event_extra.py
[2025-04-25T23:40:32.747+0000] {processor.py:925} INFO - DAG(s) 'read_dataset_event', 'read_dataset_event_from_classic' retrieved from /home/airflow/.local/lib/python3.12/site-packages/airflow/example_dags/example_inlet_event_extra.py
[2025-04-25T23:40:32.999+0000] {logging_mixin.py:190} INFO - [2025-04-25T23:40:32.998+0000] {dag.py:3239} INFO - Sync 2 DAGs
[2025-04-25T23:40:33.132+0000] {logging_mixin.py:190} INFO - [2025-04-25T23:40:33.132+0000] {dag.py:4180} INFO - Setting next_dagrun for read_dataset_event to 2025-04-24 00:00:00+00:00, run_after=2025-04-25 00:00:00+00:00
[2025-04-25T23:40:33.148+0000] {logging_mixin.py:190} INFO - [2025-04-25T23:40:33.148+0000] {dag.py:4180} INFO - Setting next_dagrun for read_dataset_event_from_classic to 2025-04-24 00:00:00+00:00, run_after=2025-04-25 00:00:00+00:00
[2025-04-25T23:40:33.183+0000] {processor.py:208} INFO - Processing /home/airflow/.local/lib/python3.12/site-packages/airflow/example_dags/example_inlet_event_extra.py took 4.772 seconds
[2025-04-25T23:41:04.169+0000] {processor.py:186} INFO - Started process (PID=465) to work on /home/airflow/.local/lib/python3.12/site-packages/airflow/example_dags/example_inlet_event_extra.py
[2025-04-25T23:41:04.181+0000] {processor.py:914} INFO - Processing file /home/airflow/.local/lib/python3.12/site-packages/airflow/example_dags/example_inlet_event_extra.py for tasks to queue
[2025-04-25T23:41:04.196+0000] {logging_mixin.py:190} INFO - [2025-04-25T23:41:04.194+0000] {dagbag.py:588} INFO - Filling up the DagBag from /home/airflow/.local/lib/python3.12/site-packages/airflow/example_dags/example_inlet_event_extra.py
[2025-04-25T23:41:06.397+0000] {processor.py:925} INFO - DAG(s) 'read_dataset_event', 'read_dataset_event_from_classic' retrieved from /home/airflow/.local/lib/python3.12/site-packages/airflow/example_dags/example_inlet_event_extra.py
[2025-04-25T23:41:06.439+0000] {logging_mixin.py:190} INFO - [2025-04-25T23:41:06.438+0000] {dag.py:3239} INFO - Sync 2 DAGs
[2025-04-25T23:41:06.495+0000] {logging_mixin.py:190} INFO - [2025-04-25T23:41:06.495+0000] {dag.py:4180} INFO - Setting next_dagrun for read_dataset_event to 2025-04-24 00:00:00+00:00, run_after=2025-04-25 00:00:00+00:00
[2025-04-25T23:41:06.501+0000] {logging_mixin.py:190} INFO - [2025-04-25T23:41:06.501+0000] {dag.py:4180} INFO - Setting next_dagrun for read_dataset_event_from_classic to 2025-04-24 00:00:00+00:00, run_after=2025-04-25 00:00:00+00:00
[2025-04-25T23:41:06.539+0000] {processor.py:208} INFO - Processing /home/airflow/.local/lib/python3.12/site-packages/airflow/example_dags/example_inlet_event_extra.py took 2.404 seconds
[2025-04-25T23:41:36.824+0000] {processor.py:186} INFO - Started process (PID=527) to work on /home/airflow/.local/lib/python3.12/site-packages/airflow/example_dags/example_inlet_event_extra.py
[2025-04-25T23:41:36.827+0000] {processor.py:914} INFO - Processing file /home/airflow/.local/lib/python3.12/site-packages/airflow/example_dags/example_inlet_event_extra.py for tasks to queue
[2025-04-25T23:41:36.830+0000] {logging_mixin.py:190} INFO - [2025-04-25T23:41:36.830+0000] {dagbag.py:588} INFO - Filling up the DagBag from /home/airflow/.local/lib/python3.12/site-packages/airflow/example_dags/example_inlet_event_extra.py
[2025-04-25T23:41:37.613+0000] {processor.py:925} INFO - DAG(s) 'read_dataset_event', 'read_dataset_event_from_classic' retrieved from /home/airflow/.local/lib/python3.12/site-packages/airflow/example_dags/example_inlet_event_extra.py
[2025-04-25T23:41:37.647+0000] {logging_mixin.py:190} INFO - [2025-04-25T23:41:37.646+0000] {dag.py:3239} INFO - Sync 2 DAGs
[2025-04-25T23:41:37.693+0000] {logging_mixin.py:190} INFO - [2025-04-25T23:41:37.693+0000] {dag.py:4180} INFO - Setting next_dagrun for read_dataset_event to 2025-04-24 00:00:00+00:00, run_after=2025-04-25 00:00:00+00:00
[2025-04-25T23:41:37.699+0000] {logging_mixin.py:190} INFO - [2025-04-25T23:41:37.699+0000] {dag.py:4180} INFO - Setting next_dagrun for read_dataset_event_from_classic to 2025-04-24 00:00:00+00:00, run_after=2025-04-25 00:00:00+00:00
[2025-04-25T23:41:37.725+0000] {processor.py:208} INFO - Processing /home/airflow/.local/lib/python3.12/site-packages/airflow/example_dags/example_inlet_event_extra.py took 0.910 seconds
[2025-04-25T23:42:08.637+0000] {processor.py:186} INFO - Started process (PID=590) to work on /home/airflow/.local/lib/python3.12/site-packages/airflow/example_dags/example_inlet_event_extra.py
[2025-04-25T23:42:08.639+0000] {processor.py:914} INFO - Processing file /home/airflow/.local/lib/python3.12/site-packages/airflow/example_dags/example_inlet_event_extra.py for tasks to queue
[2025-04-25T23:42:08.647+0000] {logging_mixin.py:190} INFO - [2025-04-25T23:42:08.647+0000] {dagbag.py:588} INFO - Filling up the DagBag from /home/airflow/.local/lib/python3.12/site-packages/airflow/example_dags/example_inlet_event_extra.py
[2025-04-25T23:42:09.582+0000] {processor.py:925} INFO - DAG(s) 'read_dataset_event', 'read_dataset_event_from_classic' retrieved from /home/airflow/.local/lib/python3.12/site-packages/airflow/example_dags/example_inlet_event_extra.py
[2025-04-25T23:42:09.620+0000] {logging_mixin.py:190} INFO - [2025-04-25T23:42:09.620+0000] {dag.py:3239} INFO - Sync 2 DAGs
[2025-04-25T23:42:09.661+0000] {logging_mixin.py:190} INFO - [2025-04-25T23:42:09.660+0000] {dag.py:4180} INFO - Setting next_dagrun for read_dataset_event to 2025-04-24 00:00:00+00:00, run_after=2025-04-25 00:00:00+00:00
[2025-04-25T23:42:09.672+0000] {logging_mixin.py:190} INFO - [2025-04-25T23:42:09.672+0000] {dag.py:4180} INFO - Setting next_dagrun for read_dataset_event_from_classic to 2025-04-24 00:00:00+00:00, run_after=2025-04-25 00:00:00+00:00
[2025-04-25T23:42:09.700+0000] {processor.py:208} INFO - Processing /home/airflow/.local/lib/python3.12/site-packages/airflow/example_dags/example_inlet_event_extra.py took 1.067 seconds
[2025-04-25T23:42:39.906+0000] {processor.py:186} INFO - Started process (PID=653) to work on /home/airflow/.local/lib/python3.12/site-packages/airflow/example_dags/example_inlet_event_extra.py
[2025-04-25T23:42:39.908+0000] {processor.py:914} INFO - Processing file /home/airflow/.local/lib/python3.12/site-packages/airflow/example_dags/example_inlet_event_extra.py for tasks to queue
[2025-04-25T23:42:39.914+0000] {logging_mixin.py:190} INFO - [2025-04-25T23:42:39.913+0000] {dagbag.py:588} INFO - Filling up the DagBag from /home/airflow/.local/lib/python3.12/site-packages/airflow/example_dags/example_inlet_event_extra.py
[2025-04-25T23:42:40.681+0000] {processor.py:925} INFO - DAG(s) 'read_dataset_event', 'read_dataset_event_from_classic' retrieved from /home/airflow/.local/lib/python3.12/site-packages/airflow/example_dags/example_inlet_event_extra.py
[2025-04-25T23:42:40.720+0000] {logging_mixin.py:190} INFO - [2025-04-25T23:42:40.720+0000] {dag.py:3239} INFO - Sync 2 DAGs
[2025-04-25T23:42:40.764+0000] {logging_mixin.py:190} INFO - [2025-04-25T23:42:40.763+0000] {dag.py:4180} INFO - Setting next_dagrun for read_dataset_event to 2025-04-24 00:00:00+00:00, run_after=2025-04-25 00:00:00+00:00
[2025-04-25T23:42:40.770+0000] {logging_mixin.py:190} INFO - [2025-04-25T23:42:40.769+0000] {dag.py:4180} INFO - Setting next_dagrun for read_dataset_event_from_classic to 2025-04-24 00:00:00+00:00, run_after=2025-04-25 00:00:00+00:00
[2025-04-25T23:42:40.801+0000] {processor.py:208} INFO - Processing /home/airflow/.local/lib/python3.12/site-packages/airflow/example_dags/example_inlet_event_extra.py took 0.901 seconds
[2025-04-25T23:43:10.925+0000] {processor.py:186} INFO - Started process (PID=716) to work on /home/airflow/.local/lib/python3.12/site-packages/airflow/example_dags/example_inlet_event_extra.py
[2025-04-25T23:43:10.927+0000] {processor.py:914} INFO - Processing file /home/airflow/.local/lib/python3.12/site-packages/airflow/example_dags/example_inlet_event_extra.py for tasks to queue
[2025-04-25T23:43:10.944+0000] {logging_mixin.py:190} INFO - [2025-04-25T23:43:10.943+0000] {dagbag.py:588} INFO - Filling up the DagBag from /home/airflow/.local/lib/python3.12/site-packages/airflow/example_dags/example_inlet_event_extra.py
[2025-04-25T23:43:14.084+0000] {processor.py:925} INFO - DAG(s) 'read_dataset_event_from_classic', 'read_dataset_event' retrieved from /home/airflow/.local/lib/python3.12/site-packages/airflow/example_dags/example_inlet_event_extra.py
[2025-04-25T23:43:14.229+0000] {logging_mixin.py:190} INFO - [2025-04-25T23:43:14.228+0000] {dag.py:3239} INFO - Sync 2 DAGs
[2025-04-25T23:43:14.314+0000] {logging_mixin.py:190} INFO - [2025-04-25T23:43:14.314+0000] {dag.py:4180} INFO - Setting next_dagrun for read_dataset_event to 2025-04-24 00:00:00+00:00, run_after=2025-04-25 00:00:00+00:00
[2025-04-25T23:43:14.340+0000] {logging_mixin.py:190} INFO - [2025-04-25T23:43:14.339+0000] {dag.py:4180} INFO - Setting next_dagrun for read_dataset_event_from_classic to 2025-04-24 00:00:00+00:00, run_after=2025-04-25 00:00:00+00:00
[2025-04-25T23:43:14.494+0000] {processor.py:208} INFO - Processing /home/airflow/.local/lib/python3.12/site-packages/airflow/example_dags/example_inlet_event_extra.py took 3.582 seconds
[2025-04-25T23:43:45.184+0000] {processor.py:186} INFO - Started process (PID=779) to work on /home/airflow/.local/lib/python3.12/site-packages/airflow/example_dags/example_inlet_event_extra.py
[2025-04-25T23:43:45.187+0000] {processor.py:914} INFO - Processing file /home/airflow/.local/lib/python3.12/site-packages/airflow/example_dags/example_inlet_event_extra.py for tasks to queue
[2025-04-25T23:43:45.191+0000] {logging_mixin.py:190} INFO - [2025-04-25T23:43:45.191+0000] {dagbag.py:588} INFO - Filling up the DagBag from /home/airflow/.local/lib/python3.12/site-packages/airflow/example_dags/example_inlet_event_extra.py
[2025-04-25T23:43:45.880+0000] {processor.py:925} INFO - DAG(s) 'read_dataset_event', 'read_dataset_event_from_classic' retrieved from /home/airflow/.local/lib/python3.12/site-packages/airflow/example_dags/example_inlet_event_extra.py
[2025-04-25T23:43:45.906+0000] {logging_mixin.py:190} INFO - [2025-04-25T23:43:45.906+0000] {dag.py:3239} INFO - Sync 2 DAGs
[2025-04-25T23:43:45.937+0000] {logging_mixin.py:190} INFO - [2025-04-25T23:43:45.937+0000] {dag.py:4180} INFO - Setting next_dagrun for read_dataset_event to 2025-04-24 00:00:00+00:00, run_after=2025-04-25 00:00:00+00:00
[2025-04-25T23:43:45.943+0000] {logging_mixin.py:190} INFO - [2025-04-25T23:43:45.942+0000] {dag.py:4180} INFO - Setting next_dagrun for read_dataset_event_from_classic to 2025-04-24 00:00:00+00:00, run_after=2025-04-25 00:00:00+00:00
[2025-04-25T23:43:45.963+0000] {processor.py:208} INFO - Processing /home/airflow/.local/lib/python3.12/site-packages/airflow/example_dags/example_inlet_event_extra.py took 0.788 seconds
[2025-04-25T23:44:16.781+0000] {processor.py:186} INFO - Started process (PID=842) to work on /home/airflow/.local/lib/python3.12/site-packages/airflow/example_dags/example_inlet_event_extra.py
[2025-04-25T23:44:16.782+0000] {processor.py:914} INFO - Processing file /home/airflow/.local/lib/python3.12/site-packages/airflow/example_dags/example_inlet_event_extra.py for tasks to queue
[2025-04-25T23:44:16.786+0000] {logging_mixin.py:190} INFO - [2025-04-25T23:44:16.786+0000] {dagbag.py:588} INFO - Filling up the DagBag from /home/airflow/.local/lib/python3.12/site-packages/airflow/example_dags/example_inlet_event_extra.py
[2025-04-25T23:44:17.442+0000] {processor.py:925} INFO - DAG(s) 'read_dataset_event', 'read_dataset_event_from_classic' retrieved from /home/airflow/.local/lib/python3.12/site-packages/airflow/example_dags/example_inlet_event_extra.py
[2025-04-25T23:44:17.467+0000] {logging_mixin.py:190} INFO - [2025-04-25T23:44:17.467+0000] {dag.py:3239} INFO - Sync 2 DAGs
[2025-04-25T23:44:17.497+0000] {logging_mixin.py:190} INFO - [2025-04-25T23:44:17.497+0000] {dag.py:4180} INFO - Setting next_dagrun for read_dataset_event to 2025-04-24 00:00:00+00:00, run_after=2025-04-25 00:00:00+00:00
[2025-04-25T23:44:17.503+0000] {logging_mixin.py:190} INFO - [2025-04-25T23:44:17.502+0000] {dag.py:4180} INFO - Setting next_dagrun for read_dataset_event_from_classic to 2025-04-24 00:00:00+00:00, run_after=2025-04-25 00:00:00+00:00
[2025-04-25T23:44:17.525+0000] {processor.py:208} INFO - Processing /home/airflow/.local/lib/python3.12/site-packages/airflow/example_dags/example_inlet_event_extra.py took 0.751 seconds
[2025-04-25T23:44:47.840+0000] {processor.py:186} INFO - Started process (PID=905) to work on /home/airflow/.local/lib/python3.12/site-packages/airflow/example_dags/example_inlet_event_extra.py
[2025-04-25T23:44:47.841+0000] {processor.py:914} INFO - Processing file /home/airflow/.local/lib/python3.12/site-packages/airflow/example_dags/example_inlet_event_extra.py for tasks to queue
[2025-04-25T23:44:47.845+0000] {logging_mixin.py:190} INFO - [2025-04-25T23:44:47.844+0000] {dagbag.py:588} INFO - Filling up the DagBag from /home/airflow/.local/lib/python3.12/site-packages/airflow/example_dags/example_inlet_event_extra.py
[2025-04-25T23:44:48.548+0000] {processor.py:925} INFO - DAG(s) 'read_dataset_event', 'read_dataset_event_from_classic' retrieved from /home/airflow/.local/lib/python3.12/site-packages/airflow/example_dags/example_inlet_event_extra.py
[2025-04-25T23:44:48.598+0000] {logging_mixin.py:190} INFO - [2025-04-25T23:44:48.598+0000] {dag.py:3239} INFO - Sync 2 DAGs
[2025-04-25T23:44:48.660+0000] {logging_mixin.py:190} INFO - [2025-04-25T23:44:48.660+0000] {dag.py:4180} INFO - Setting next_dagrun for read_dataset_event to 2025-04-24 00:00:00+00:00, run_after=2025-04-25 00:00:00+00:00
[2025-04-25T23:44:48.673+0000] {logging_mixin.py:190} INFO - [2025-04-25T23:44:48.672+0000] {dag.py:4180} INFO - Setting next_dagrun for read_dataset_event_from_classic to 2025-04-24 00:00:00+00:00, run_after=2025-04-25 00:00:00+00:00
[2025-04-25T23:44:48.701+0000] {processor.py:208} INFO - Processing /home/airflow/.local/lib/python3.12/site-packages/airflow/example_dags/example_inlet_event_extra.py took 0.868 seconds
[2025-04-25T23:45:19.263+0000] {processor.py:186} INFO - Started process (PID=968) to work on /home/airflow/.local/lib/python3.12/site-packages/airflow/example_dags/example_inlet_event_extra.py
[2025-04-25T23:45:19.276+0000] {processor.py:914} INFO - Processing file /home/airflow/.local/lib/python3.12/site-packages/airflow/example_dags/example_inlet_event_extra.py for tasks to queue
[2025-04-25T23:45:19.291+0000] {logging_mixin.py:190} INFO - [2025-04-25T23:45:19.290+0000] {dagbag.py:588} INFO - Filling up the DagBag from /home/airflow/.local/lib/python3.12/site-packages/airflow/example_dags/example_inlet_event_extra.py
[2025-04-25T23:45:20.532+0000] {processor.py:925} INFO - DAG(s) 'read_dataset_event_from_classic', 'read_dataset_event' retrieved from /home/airflow/.local/lib/python3.12/site-packages/airflow/example_dags/example_inlet_event_extra.py
[2025-04-25T23:45:20.559+0000] {logging_mixin.py:190} INFO - [2025-04-25T23:45:20.559+0000] {dag.py:3239} INFO - Sync 2 DAGs
[2025-04-25T23:45:20.590+0000] {logging_mixin.py:190} INFO - [2025-04-25T23:45:20.589+0000] {dag.py:4180} INFO - Setting next_dagrun for read_dataset_event to 2025-04-24 00:00:00+00:00, run_after=2025-04-25 00:00:00+00:00
[2025-04-25T23:45:20.595+0000] {logging_mixin.py:190} INFO - [2025-04-25T23:45:20.595+0000] {dag.py:4180} INFO - Setting next_dagrun for read_dataset_event_from_classic to 2025-04-24 00:00:00+00:00, run_after=2025-04-25 00:00:00+00:00
[2025-04-25T23:45:20.616+0000] {processor.py:208} INFO - Processing /home/airflow/.local/lib/python3.12/site-packages/airflow/example_dags/example_inlet_event_extra.py took 1.372 seconds
[2025-04-25T23:45:50.880+0000] {processor.py:186} INFO - Started process (PID=1031) to work on /home/airflow/.local/lib/python3.12/site-packages/airflow/example_dags/example_inlet_event_extra.py
[2025-04-25T23:45:50.883+0000] {processor.py:914} INFO - Processing file /home/airflow/.local/lib/python3.12/site-packages/airflow/example_dags/example_inlet_event_extra.py for tasks to queue
[2025-04-25T23:45:50.887+0000] {logging_mixin.py:190} INFO - [2025-04-25T23:45:50.887+0000] {dagbag.py:588} INFO - Filling up the DagBag from /home/airflow/.local/lib/python3.12/site-packages/airflow/example_dags/example_inlet_event_extra.py
[2025-04-25T23:45:52.232+0000] {processor.py:925} INFO - DAG(s) 'read_dataset_event_from_classic', 'read_dataset_event' retrieved from /home/airflow/.local/lib/python3.12/site-packages/airflow/example_dags/example_inlet_event_extra.py
[2025-04-25T23:45:52.271+0000] {logging_mixin.py:190} INFO - [2025-04-25T23:45:52.271+0000] {dag.py:3239} INFO - Sync 2 DAGs
[2025-04-25T23:45:52.318+0000] {logging_mixin.py:190} INFO - [2025-04-25T23:45:52.318+0000] {dag.py:4180} INFO - Setting next_dagrun for read_dataset_event to 2025-04-24 00:00:00+00:00, run_after=2025-04-25 00:00:00+00:00
[2025-04-25T23:45:52.328+0000] {logging_mixin.py:190} INFO - [2025-04-25T23:45:52.328+0000] {dag.py:4180} INFO - Setting next_dagrun for read_dataset_event_from_classic to 2025-04-24 00:00:00+00:00, run_after=2025-04-25 00:00:00+00:00
[2025-04-25T23:45:52.353+0000] {processor.py:208} INFO - Processing /home/airflow/.local/lib/python3.12/site-packages/airflow/example_dags/example_inlet_event_extra.py took 1.481 seconds
[2025-04-25T23:46:22.477+0000] {processor.py:186} INFO - Started process (PID=1097) to work on /home/airflow/.local/lib/python3.12/site-packages/airflow/example_dags/example_inlet_event_extra.py
[2025-04-25T23:46:22.479+0000] {processor.py:914} INFO - Processing file /home/airflow/.local/lib/python3.12/site-packages/airflow/example_dags/example_inlet_event_extra.py for tasks to queue
[2025-04-25T23:46:22.484+0000] {logging_mixin.py:190} INFO - [2025-04-25T23:46:22.483+0000] {dagbag.py:588} INFO - Filling up the DagBag from /home/airflow/.local/lib/python3.12/site-packages/airflow/example_dags/example_inlet_event_extra.py
[2025-04-25T23:46:26.740+0000] {processor.py:925} INFO - DAG(s) 'read_dataset_event', 'read_dataset_event_from_classic' retrieved from /home/airflow/.local/lib/python3.12/site-packages/airflow/example_dags/example_inlet_event_extra.py
[2025-04-25T23:46:26.836+0000] {logging_mixin.py:190} INFO - [2025-04-25T23:46:26.836+0000] {dag.py:3239} INFO - Sync 2 DAGs
[2025-04-25T23:46:26.998+0000] {logging_mixin.py:190} INFO - [2025-04-25T23:46:26.998+0000] {dag.py:4180} INFO - Setting next_dagrun for read_dataset_event to 2025-04-24 00:00:00+00:00, run_after=2025-04-25 00:00:00+00:00
[2025-04-25T23:46:27.008+0000] {logging_mixin.py:190} INFO - [2025-04-25T23:46:27.007+0000] {dag.py:4180} INFO - Setting next_dagrun for read_dataset_event_from_classic to 2025-04-24 00:00:00+00:00, run_after=2025-04-25 00:00:00+00:00
[2025-04-25T23:46:27.053+0000] {processor.py:208} INFO - Processing /home/airflow/.local/lib/python3.12/site-packages/airflow/example_dags/example_inlet_event_extra.py took 4.590 seconds
[2025-04-25T23:46:58.946+0000] {processor.py:186} INFO - Started process (PID=1161) to work on /home/airflow/.local/lib/python3.12/site-packages/airflow/example_dags/example_inlet_event_extra.py
[2025-04-25T23:46:58.954+0000] {processor.py:914} INFO - Processing file /home/airflow/.local/lib/python3.12/site-packages/airflow/example_dags/example_inlet_event_extra.py for tasks to queue
[2025-04-25T23:46:58.963+0000] {logging_mixin.py:190} INFO - [2025-04-25T23:46:58.963+0000] {dagbag.py:588} INFO - Filling up the DagBag from /home/airflow/.local/lib/python3.12/site-packages/airflow/example_dags/example_inlet_event_extra.py
[2025-04-25T23:47:00.497+0000] {processor.py:925} INFO - DAG(s) 'read_dataset_event_from_classic', 'read_dataset_event' retrieved from /home/airflow/.local/lib/python3.12/site-packages/airflow/example_dags/example_inlet_event_extra.py
[2025-04-25T23:47:00.583+0000] {logging_mixin.py:190} INFO - [2025-04-25T23:47:00.582+0000] {dag.py:3239} INFO - Sync 2 DAGs
[2025-04-25T23:47:00.651+0000] {logging_mixin.py:190} INFO - [2025-04-25T23:47:00.650+0000] {dag.py:4180} INFO - Setting next_dagrun for read_dataset_event to 2025-04-24 00:00:00+00:00, run_after=2025-04-25 00:00:00+00:00
[2025-04-25T23:47:00.664+0000] {logging_mixin.py:190} INFO - [2025-04-25T23:47:00.663+0000] {dag.py:4180} INFO - Setting next_dagrun for read_dataset_event_from_classic to 2025-04-24 00:00:00+00:00, run_after=2025-04-25 00:00:00+00:00
[2025-04-25T23:47:00.700+0000] {processor.py:208} INFO - Processing /home/airflow/.local/lib/python3.12/site-packages/airflow/example_dags/example_inlet_event_extra.py took 1.773 seconds
[2025-04-25T23:47:31.049+0000] {processor.py:186} INFO - Started process (PID=1227) to work on /home/airflow/.local/lib/python3.12/site-packages/airflow/example_dags/example_inlet_event_extra.py
[2025-04-25T23:47:31.065+0000] {processor.py:914} INFO - Processing file /home/airflow/.local/lib/python3.12/site-packages/airflow/example_dags/example_inlet_event_extra.py for tasks to queue
[2025-04-25T23:47:31.072+0000] {logging_mixin.py:190} INFO - [2025-04-25T23:47:31.070+0000] {dagbag.py:588} INFO - Filling up the DagBag from /home/airflow/.local/lib/python3.12/site-packages/airflow/example_dags/example_inlet_event_extra.py
[2025-04-25T23:47:32.392+0000] {processor.py:925} INFO - DAG(s) 'read_dataset_event_from_classic', 'read_dataset_event' retrieved from /home/airflow/.local/lib/python3.12/site-packages/airflow/example_dags/example_inlet_event_extra.py
[2025-04-25T23:47:32.447+0000] {logging_mixin.py:190} INFO - [2025-04-25T23:47:32.447+0000] {dag.py:3239} INFO - Sync 2 DAGs
[2025-04-25T23:47:32.507+0000] {logging_mixin.py:190} INFO - [2025-04-25T23:47:32.507+0000] {dag.py:4180} INFO - Setting next_dagrun for read_dataset_event to 2025-04-24 00:00:00+00:00, run_after=2025-04-25 00:00:00+00:00
[2025-04-25T23:47:32.524+0000] {logging_mixin.py:190} INFO - [2025-04-25T23:47:32.523+0000] {dag.py:4180} INFO - Setting next_dagrun for read_dataset_event_from_classic to 2025-04-24 00:00:00+00:00, run_after=2025-04-25 00:00:00+00:00
[2025-04-25T23:47:32.603+0000] {processor.py:208} INFO - Processing /home/airflow/.local/lib/python3.12/site-packages/airflow/example_dags/example_inlet_event_extra.py took 1.564 seconds
[2025-04-25T23:48:02.661+0000] {processor.py:186} INFO - Started process (PID=1295) to work on /home/airflow/.local/lib/python3.12/site-packages/airflow/example_dags/example_inlet_event_extra.py
[2025-04-25T23:48:02.663+0000] {processor.py:914} INFO - Processing file /home/airflow/.local/lib/python3.12/site-packages/airflow/example_dags/example_inlet_event_extra.py for tasks to queue
[2025-04-25T23:48:02.667+0000] {logging_mixin.py:190} INFO - [2025-04-25T23:48:02.667+0000] {dagbag.py:588} INFO - Filling up the DagBag from /home/airflow/.local/lib/python3.12/site-packages/airflow/example_dags/example_inlet_event_extra.py
[2025-04-25T23:48:03.484+0000] {processor.py:925} INFO - DAG(s) 'read_dataset_event', 'read_dataset_event_from_classic' retrieved from /home/airflow/.local/lib/python3.12/site-packages/airflow/example_dags/example_inlet_event_extra.py
[2025-04-25T23:48:03.533+0000] {logging_mixin.py:190} INFO - [2025-04-25T23:48:03.533+0000] {dag.py:3239} INFO - Sync 2 DAGs
[2025-04-25T23:48:03.581+0000] {logging_mixin.py:190} INFO - [2025-04-25T23:48:03.581+0000] {dag.py:4180} INFO - Setting next_dagrun for read_dataset_event to 2025-04-24 00:00:00+00:00, run_after=2025-04-25 00:00:00+00:00
[2025-04-25T23:48:03.596+0000] {logging_mixin.py:190} INFO - [2025-04-25T23:48:03.596+0000] {dag.py:4180} INFO - Setting next_dagrun for read_dataset_event_from_classic to 2025-04-24 00:00:00+00:00, run_after=2025-04-25 00:00:00+00:00
[2025-04-25T23:48:03.642+0000] {processor.py:208} INFO - Processing /home/airflow/.local/lib/python3.12/site-packages/airflow/example_dags/example_inlet_event_extra.py took 0.988 seconds
[2025-04-25T23:48:33.885+0000] {processor.py:186} INFO - Started process (PID=1357) to work on /home/airflow/.local/lib/python3.12/site-packages/airflow/example_dags/example_inlet_event_extra.py
[2025-04-25T23:48:33.886+0000] {processor.py:914} INFO - Processing file /home/airflow/.local/lib/python3.12/site-packages/airflow/example_dags/example_inlet_event_extra.py for tasks to queue
[2025-04-25T23:48:33.891+0000] {logging_mixin.py:190} INFO - [2025-04-25T23:48:33.890+0000] {dagbag.py:588} INFO - Filling up the DagBag from /home/airflow/.local/lib/python3.12/site-packages/airflow/example_dags/example_inlet_event_extra.py
[2025-04-25T23:48:34.818+0000] {processor.py:925} INFO - DAG(s) 'read_dataset_event_from_classic', 'read_dataset_event' retrieved from /home/airflow/.local/lib/python3.12/site-packages/airflow/example_dags/example_inlet_event_extra.py
[2025-04-25T23:48:34.841+0000] {logging_mixin.py:190} INFO - [2025-04-25T23:48:34.840+0000] {dag.py:3239} INFO - Sync 2 DAGs
[2025-04-25T23:48:34.867+0000] {logging_mixin.py:190} INFO - [2025-04-25T23:48:34.867+0000] {dag.py:4180} INFO - Setting next_dagrun for read_dataset_event to 2025-04-24 00:00:00+00:00, run_after=2025-04-25 00:00:00+00:00
[2025-04-25T23:48:34.872+0000] {logging_mixin.py:190} INFO - [2025-04-25T23:48:34.872+0000] {dag.py:4180} INFO - Setting next_dagrun for read_dataset_event_from_classic to 2025-04-24 00:00:00+00:00, run_after=2025-04-25 00:00:00+00:00
[2025-04-25T23:48:34.895+0000] {processor.py:208} INFO - Processing /home/airflow/.local/lib/python3.12/site-packages/airflow/example_dags/example_inlet_event_extra.py took 1.017 seconds
[2025-04-25T23:49:10.509+0000] {processor.py:186} INFO - Started process (PID=1412) to work on /home/airflow/.local/lib/python3.12/site-packages/airflow/example_dags/example_inlet_event_extra.py
[2025-04-25T23:49:10.512+0000] {processor.py:914} INFO - Processing file /home/airflow/.local/lib/python3.12/site-packages/airflow/example_dags/example_inlet_event_extra.py for tasks to queue
[2025-04-25T23:49:10.518+0000] {logging_mixin.py:190} INFO - [2025-04-25T23:49:10.518+0000] {dagbag.py:588} INFO - Filling up the DagBag from /home/airflow/.local/lib/python3.12/site-packages/airflow/example_dags/example_inlet_event_extra.py
[2025-04-25T23:49:13.006+0000] {processor.py:925} INFO - DAG(s) 'read_dataset_event', 'read_dataset_event_from_classic' retrieved from /home/airflow/.local/lib/python3.12/site-packages/airflow/example_dags/example_inlet_event_extra.py
[2025-04-25T23:49:13.078+0000] {logging_mixin.py:190} INFO - [2025-04-25T23:49:13.077+0000] {dag.py:3239} INFO - Sync 2 DAGs
[2025-04-25T23:49:13.146+0000] {logging_mixin.py:190} INFO - [2025-04-25T23:49:13.146+0000] {dag.py:4180} INFO - Setting next_dagrun for read_dataset_event to 2025-04-24 00:00:00+00:00, run_after=2025-04-25 00:00:00+00:00
[2025-04-25T23:49:13.163+0000] {logging_mixin.py:190} INFO - [2025-04-25T23:49:13.162+0000] {dag.py:4180} INFO - Setting next_dagrun for read_dataset_event_from_classic to 2025-04-24 00:00:00+00:00, run_after=2025-04-25 00:00:00+00:00
[2025-04-25T23:49:13.213+0000] {processor.py:208} INFO - Processing /home/airflow/.local/lib/python3.12/site-packages/airflow/example_dags/example_inlet_event_extra.py took 2.721 seconds
[2025-04-25T23:49:43.982+0000] {processor.py:186} INFO - Started process (PID=1480) to work on /home/airflow/.local/lib/python3.12/site-packages/airflow/example_dags/example_inlet_event_extra.py
[2025-04-25T23:49:43.983+0000] {processor.py:914} INFO - Processing file /home/airflow/.local/lib/python3.12/site-packages/airflow/example_dags/example_inlet_event_extra.py for tasks to queue
[2025-04-25T23:49:43.989+0000] {logging_mixin.py:190} INFO - [2025-04-25T23:49:43.988+0000] {dagbag.py:588} INFO - Filling up the DagBag from /home/airflow/.local/lib/python3.12/site-packages/airflow/example_dags/example_inlet_event_extra.py
[2025-04-25T23:49:45.029+0000] {processor.py:925} INFO - DAG(s) 'read_dataset_event', 'read_dataset_event_from_classic' retrieved from /home/airflow/.local/lib/python3.12/site-packages/airflow/example_dags/example_inlet_event_extra.py
[2025-04-25T23:49:45.060+0000] {logging_mixin.py:190} INFO - [2025-04-25T23:49:45.060+0000] {dag.py:3239} INFO - Sync 2 DAGs
[2025-04-25T23:49:45.111+0000] {logging_mixin.py:190} INFO - [2025-04-25T23:49:45.111+0000] {dag.py:4180} INFO - Setting next_dagrun for read_dataset_event to 2025-04-24 00:00:00+00:00, run_after=2025-04-25 00:00:00+00:00
[2025-04-25T23:49:45.117+0000] {logging_mixin.py:190} INFO - [2025-04-25T23:49:45.117+0000] {dag.py:4180} INFO - Setting next_dagrun for read_dataset_event_from_classic to 2025-04-24 00:00:00+00:00, run_after=2025-04-25 00:00:00+00:00
[2025-04-25T23:49:45.141+0000] {processor.py:208} INFO - Processing /home/airflow/.local/lib/python3.12/site-packages/airflow/example_dags/example_inlet_event_extra.py took 1.171 seconds
[2025-04-25T23:50:15.341+0000] {processor.py:186} INFO - Started process (PID=1550) to work on /home/airflow/.local/lib/python3.12/site-packages/airflow/example_dags/example_inlet_event_extra.py
[2025-04-25T23:50:15.342+0000] {processor.py:914} INFO - Processing file /home/airflow/.local/lib/python3.12/site-packages/airflow/example_dags/example_inlet_event_extra.py for tasks to queue
[2025-04-25T23:50:15.349+0000] {logging_mixin.py:190} INFO - [2025-04-25T23:50:15.349+0000] {dagbag.py:588} INFO - Filling up the DagBag from /home/airflow/.local/lib/python3.12/site-packages/airflow/example_dags/example_inlet_event_extra.py
[2025-04-25T23:50:16.403+0000] {processor.py:925} INFO - DAG(s) 'read_dataset_event_from_classic', 'read_dataset_event' retrieved from /home/airflow/.local/lib/python3.12/site-packages/airflow/example_dags/example_inlet_event_extra.py
[2025-04-25T23:50:16.464+0000] {logging_mixin.py:190} INFO - [2025-04-25T23:50:16.464+0000] {dag.py:3239} INFO - Sync 2 DAGs
[2025-04-25T23:50:16.503+0000] {logging_mixin.py:190} INFO - [2025-04-25T23:50:16.503+0000] {dag.py:4180} INFO - Setting next_dagrun for read_dataset_event to 2025-04-24 00:00:00+00:00, run_after=2025-04-25 00:00:00+00:00
[2025-04-25T23:50:16.508+0000] {logging_mixin.py:190} INFO - [2025-04-25T23:50:16.508+0000] {dag.py:4180} INFO - Setting next_dagrun for read_dataset_event_from_classic to 2025-04-24 00:00:00+00:00, run_after=2025-04-25 00:00:00+00:00
[2025-04-25T23:50:16.534+0000] {processor.py:208} INFO - Processing /home/airflow/.local/lib/python3.12/site-packages/airflow/example_dags/example_inlet_event_extra.py took 1.208 seconds
[2025-04-25T23:50:47.033+0000] {processor.py:186} INFO - Started process (PID=1613) to work on /home/airflow/.local/lib/python3.12/site-packages/airflow/example_dags/example_inlet_event_extra.py
[2025-04-25T23:50:47.035+0000] {processor.py:914} INFO - Processing file /home/airflow/.local/lib/python3.12/site-packages/airflow/example_dags/example_inlet_event_extra.py for tasks to queue
[2025-04-25T23:50:47.038+0000] {logging_mixin.py:190} INFO - [2025-04-25T23:50:47.038+0000] {dagbag.py:588} INFO - Filling up the DagBag from /home/airflow/.local/lib/python3.12/site-packages/airflow/example_dags/example_inlet_event_extra.py
[2025-04-25T23:50:47.746+0000] {processor.py:925} INFO - DAG(s) 'read_dataset_event_from_classic', 'read_dataset_event' retrieved from /home/airflow/.local/lib/python3.12/site-packages/airflow/example_dags/example_inlet_event_extra.py
[2025-04-25T23:50:47.768+0000] {logging_mixin.py:190} INFO - [2025-04-25T23:50:47.768+0000] {dag.py:3239} INFO - Sync 2 DAGs
[2025-04-25T23:50:47.795+0000] {logging_mixin.py:190} INFO - [2025-04-25T23:50:47.795+0000] {dag.py:4180} INFO - Setting next_dagrun for read_dataset_event to 2025-04-24 00:00:00+00:00, run_after=2025-04-25 00:00:00+00:00
[2025-04-25T23:50:47.801+0000] {logging_mixin.py:190} INFO - [2025-04-25T23:50:47.801+0000] {dag.py:4180} INFO - Setting next_dagrun for read_dataset_event_from_classic to 2025-04-24 00:00:00+00:00, run_after=2025-04-25 00:00:00+00:00
[2025-04-25T23:50:47.820+0000] {processor.py:208} INFO - Processing /home/airflow/.local/lib/python3.12/site-packages/airflow/example_dags/example_inlet_event_extra.py took 0.794 seconds
[2025-04-25T23:51:19.128+0000] {processor.py:186} INFO - Started process (PID=1668) to work on /home/airflow/.local/lib/python3.12/site-packages/airflow/example_dags/example_inlet_event_extra.py
[2025-04-25T23:51:19.133+0000] {processor.py:914} INFO - Processing file /home/airflow/.local/lib/python3.12/site-packages/airflow/example_dags/example_inlet_event_extra.py for tasks to queue
[2025-04-25T23:51:19.141+0000] {logging_mixin.py:190} INFO - [2025-04-25T23:51:19.140+0000] {dagbag.py:588} INFO - Filling up the DagBag from /home/airflow/.local/lib/python3.12/site-packages/airflow/example_dags/example_inlet_event_extra.py
[2025-04-25T23:51:24.338+0000] {processor.py:925} INFO - DAG(s) 'read_dataset_event_from_classic', 'read_dataset_event' retrieved from /home/airflow/.local/lib/python3.12/site-packages/airflow/example_dags/example_inlet_event_extra.py
[2025-04-25T23:51:24.393+0000] {logging_mixin.py:190} INFO - [2025-04-25T23:51:24.393+0000] {dag.py:3239} INFO - Sync 2 DAGs
[2025-04-25T23:51:24.447+0000] {logging_mixin.py:190} INFO - [2025-04-25T23:51:24.447+0000] {dag.py:4180} INFO - Setting next_dagrun for read_dataset_event to 2025-04-24 00:00:00+00:00, run_after=2025-04-25 00:00:00+00:00
[2025-04-25T23:51:24.490+0000] {logging_mixin.py:190} INFO - [2025-04-25T23:51:24.489+0000] {dag.py:4180} INFO - Setting next_dagrun for read_dataset_event_from_classic to 2025-04-24 00:00:00+00:00, run_after=2025-04-25 00:00:00+00:00
[2025-04-25T23:51:24.568+0000] {processor.py:208} INFO - Processing /home/airflow/.local/lib/python3.12/site-packages/airflow/example_dags/example_inlet_event_extra.py took 5.461 seconds
[2025-04-25T23:51:54.637+0000] {processor.py:186} INFO - Started process (PID=1738) to work on /home/airflow/.local/lib/python3.12/site-packages/airflow/example_dags/example_inlet_event_extra.py
[2025-04-25T23:51:54.638+0000] {processor.py:914} INFO - Processing file /home/airflow/.local/lib/python3.12/site-packages/airflow/example_dags/example_inlet_event_extra.py for tasks to queue
[2025-04-25T23:51:54.641+0000] {logging_mixin.py:190} INFO - [2025-04-25T23:51:54.640+0000] {dagbag.py:588} INFO - Filling up the DagBag from /home/airflow/.local/lib/python3.12/site-packages/airflow/example_dags/example_inlet_event_extra.py
[2025-04-25T23:51:55.260+0000] {processor.py:925} INFO - DAG(s) 'read_dataset_event_from_classic', 'read_dataset_event' retrieved from /home/airflow/.local/lib/python3.12/site-packages/airflow/example_dags/example_inlet_event_extra.py
[2025-04-25T23:51:55.282+0000] {logging_mixin.py:190} INFO - [2025-04-25T23:51:55.282+0000] {dag.py:3239} INFO - Sync 2 DAGs
[2025-04-25T23:51:55.308+0000] {logging_mixin.py:190} INFO - [2025-04-25T23:51:55.308+0000] {dag.py:4180} INFO - Setting next_dagrun for read_dataset_event to 2025-04-24 00:00:00+00:00, run_after=2025-04-25 00:00:00+00:00
[2025-04-25T23:51:55.314+0000] {logging_mixin.py:190} INFO - [2025-04-25T23:51:55.313+0000] {dag.py:4180} INFO - Setting next_dagrun for read_dataset_event_from_classic to 2025-04-24 00:00:00+00:00, run_after=2025-04-25 00:00:00+00:00
[2025-04-25T23:51:55.331+0000] {processor.py:208} INFO - Processing /home/airflow/.local/lib/python3.12/site-packages/airflow/example_dags/example_inlet_event_extra.py took 0.701 seconds
[2025-04-25T23:52:25.921+0000] {processor.py:186} INFO - Started process (PID=1804) to work on /home/airflow/.local/lib/python3.12/site-packages/airflow/example_dags/example_inlet_event_extra.py
[2025-04-25T23:52:25.924+0000] {processor.py:914} INFO - Processing file /home/airflow/.local/lib/python3.12/site-packages/airflow/example_dags/example_inlet_event_extra.py for tasks to queue
[2025-04-25T23:52:25.929+0000] {logging_mixin.py:190} INFO - [2025-04-25T23:52:25.928+0000] {dagbag.py:588} INFO - Filling up the DagBag from /home/airflow/.local/lib/python3.12/site-packages/airflow/example_dags/example_inlet_event_extra.py
[2025-04-25T23:52:27.025+0000] {processor.py:925} INFO - DAG(s) 'read_dataset_event_from_classic', 'read_dataset_event' retrieved from /home/airflow/.local/lib/python3.12/site-packages/airflow/example_dags/example_inlet_event_extra.py
[2025-04-25T23:52:27.048+0000] {logging_mixin.py:190} INFO - [2025-04-25T23:52:27.047+0000] {dag.py:3239} INFO - Sync 2 DAGs
[2025-04-25T23:52:27.087+0000] {logging_mixin.py:190} INFO - [2025-04-25T23:52:27.086+0000] {dag.py:4180} INFO - Setting next_dagrun for read_dataset_event to 2025-04-24 00:00:00+00:00, run_after=2025-04-25 00:00:00+00:00
[2025-04-25T23:52:27.099+0000] {logging_mixin.py:190} INFO - [2025-04-25T23:52:27.098+0000] {dag.py:4180} INFO - Setting next_dagrun for read_dataset_event_from_classic to 2025-04-24 00:00:00+00:00, run_after=2025-04-25 00:00:00+00:00
[2025-04-25T23:52:27.118+0000] {processor.py:208} INFO - Processing /home/airflow/.local/lib/python3.12/site-packages/airflow/example_dags/example_inlet_event_extra.py took 1.210 seconds
[2025-04-25T23:52:57.168+0000] {processor.py:186} INFO - Started process (PID=1870) to work on /home/airflow/.local/lib/python3.12/site-packages/airflow/example_dags/example_inlet_event_extra.py
[2025-04-25T23:52:57.170+0000] {processor.py:914} INFO - Processing file /home/airflow/.local/lib/python3.12/site-packages/airflow/example_dags/example_inlet_event_extra.py for tasks to queue
[2025-04-25T23:52:57.173+0000] {logging_mixin.py:190} INFO - [2025-04-25T23:52:57.173+0000] {dagbag.py:588} INFO - Filling up the DagBag from /home/airflow/.local/lib/python3.12/site-packages/airflow/example_dags/example_inlet_event_extra.py
[2025-04-25T23:52:57.823+0000] {processor.py:925} INFO - DAG(s) 'read_dataset_event', 'read_dataset_event_from_classic' retrieved from /home/airflow/.local/lib/python3.12/site-packages/airflow/example_dags/example_inlet_event_extra.py
[2025-04-25T23:52:57.848+0000] {logging_mixin.py:190} INFO - [2025-04-25T23:52:57.848+0000] {dag.py:3239} INFO - Sync 2 DAGs
[2025-04-25T23:52:57.874+0000] {logging_mixin.py:190} INFO - [2025-04-25T23:52:57.874+0000] {dag.py:4180} INFO - Setting next_dagrun for read_dataset_event to 2025-04-24 00:00:00+00:00, run_after=2025-04-25 00:00:00+00:00
[2025-04-25T23:52:57.879+0000] {logging_mixin.py:190} INFO - [2025-04-25T23:52:57.879+0000] {dag.py:4180} INFO - Setting next_dagrun for read_dataset_event_from_classic to 2025-04-24 00:00:00+00:00, run_after=2025-04-25 00:00:00+00:00
[2025-04-25T23:52:57.898+0000] {processor.py:208} INFO - Processing /home/airflow/.local/lib/python3.12/site-packages/airflow/example_dags/example_inlet_event_extra.py took 0.739 seconds
[2025-04-25T23:53:29.123+0000] {processor.py:186} INFO - Started process (PID=1936) to work on /home/airflow/.local/lib/python3.12/site-packages/airflow/example_dags/example_inlet_event_extra.py
[2025-04-25T23:53:29.126+0000] {processor.py:914} INFO - Processing file /home/airflow/.local/lib/python3.12/site-packages/airflow/example_dags/example_inlet_event_extra.py for tasks to queue
[2025-04-25T23:53:29.130+0000] {logging_mixin.py:190} INFO - [2025-04-25T23:53:29.130+0000] {dagbag.py:588} INFO - Filling up the DagBag from /home/airflow/.local/lib/python3.12/site-packages/airflow/example_dags/example_inlet_event_extra.py
[2025-04-25T23:53:30.041+0000] {processor.py:925} INFO - DAG(s) 'read_dataset_event_from_classic', 'read_dataset_event' retrieved from /home/airflow/.local/lib/python3.12/site-packages/airflow/example_dags/example_inlet_event_extra.py
[2025-04-25T23:53:30.142+0000] {logging_mixin.py:190} INFO - [2025-04-25T23:53:30.142+0000] {dag.py:3239} INFO - Sync 2 DAGs
[2025-04-25T23:53:30.208+0000] {logging_mixin.py:190} INFO - [2025-04-25T23:53:30.207+0000] {dag.py:4180} INFO - Setting next_dagrun for read_dataset_event to 2025-04-24 00:00:00+00:00, run_after=2025-04-25 00:00:00+00:00
[2025-04-25T23:53:30.226+0000] {logging_mixin.py:190} INFO - [2025-04-25T23:53:30.225+0000] {dag.py:4180} INFO - Setting next_dagrun for read_dataset_event_from_classic to 2025-04-24 00:00:00+00:00, run_after=2025-04-25 00:00:00+00:00
[2025-04-25T23:53:30.289+0000] {processor.py:208} INFO - Processing /home/airflow/.local/lib/python3.12/site-packages/airflow/example_dags/example_inlet_event_extra.py took 1.174 seconds
[2025-04-25T23:54:00.758+0000] {processor.py:186} INFO - Started process (PID=2006) to work on /home/airflow/.local/lib/python3.12/site-packages/airflow/example_dags/example_inlet_event_extra.py
[2025-04-25T23:54:00.760+0000] {processor.py:914} INFO - Processing file /home/airflow/.local/lib/python3.12/site-packages/airflow/example_dags/example_inlet_event_extra.py for tasks to queue
[2025-04-25T23:54:00.763+0000] {logging_mixin.py:190} INFO - [2025-04-25T23:54:00.762+0000] {dagbag.py:588} INFO - Filling up the DagBag from /home/airflow/.local/lib/python3.12/site-packages/airflow/example_dags/example_inlet_event_extra.py
[2025-04-25T23:54:02.374+0000] {processor.py:925} INFO - DAG(s) 'read_dataset_event', 'read_dataset_event_from_classic' retrieved from /home/airflow/.local/lib/python3.12/site-packages/airflow/example_dags/example_inlet_event_extra.py
[2025-04-25T23:54:02.552+0000] {logging_mixin.py:190} INFO - [2025-04-25T23:54:02.551+0000] {dag.py:3239} INFO - Sync 2 DAGs
[2025-04-25T23:54:02.638+0000] {logging_mixin.py:190} INFO - [2025-04-25T23:54:02.638+0000] {dag.py:4180} INFO - Setting next_dagrun for read_dataset_event to 2025-04-24 00:00:00+00:00, run_after=2025-04-25 00:00:00+00:00
[2025-04-25T23:54:02.655+0000] {logging_mixin.py:190} INFO - [2025-04-25T23:54:02.655+0000] {dag.py:4180} INFO - Setting next_dagrun for read_dataset_event_from_classic to 2025-04-24 00:00:00+00:00, run_after=2025-04-25 00:00:00+00:00
[2025-04-25T23:54:02.707+0000] {processor.py:208} INFO - Processing /home/airflow/.local/lib/python3.12/site-packages/airflow/example_dags/example_inlet_event_extra.py took 1.957 seconds
[2025-04-25T23:54:33.589+0000] {processor.py:186} INFO - Started process (PID=2075) to work on /home/airflow/.local/lib/python3.12/site-packages/airflow/example_dags/example_inlet_event_extra.py
[2025-04-25T23:54:33.590+0000] {processor.py:914} INFO - Processing file /home/airflow/.local/lib/python3.12/site-packages/airflow/example_dags/example_inlet_event_extra.py for tasks to queue
[2025-04-25T23:54:33.594+0000] {logging_mixin.py:190} INFO - [2025-04-25T23:54:33.593+0000] {dagbag.py:588} INFO - Filling up the DagBag from /home/airflow/.local/lib/python3.12/site-packages/airflow/example_dags/example_inlet_event_extra.py
[2025-04-25T23:54:34.386+0000] {processor.py:925} INFO - DAG(s) 'read_dataset_event_from_classic', 'read_dataset_event' retrieved from /home/airflow/.local/lib/python3.12/site-packages/airflow/example_dags/example_inlet_event_extra.py
[2025-04-25T23:54:34.420+0000] {logging_mixin.py:190} INFO - [2025-04-25T23:54:34.420+0000] {dag.py:3239} INFO - Sync 2 DAGs
[2025-04-25T23:54:34.521+0000] {logging_mixin.py:190} INFO - [2025-04-25T23:54:34.520+0000] {dag.py:4180} INFO - Setting next_dagrun for read_dataset_event to 2025-04-24 00:00:00+00:00, run_after=2025-04-25 00:00:00+00:00
[2025-04-25T23:54:34.545+0000] {logging_mixin.py:190} INFO - [2025-04-25T23:54:34.545+0000] {dag.py:4180} INFO - Setting next_dagrun for read_dataset_event_from_classic to 2025-04-24 00:00:00+00:00, run_after=2025-04-25 00:00:00+00:00
[2025-04-25T23:54:34.584+0000] {processor.py:208} INFO - Processing /home/airflow/.local/lib/python3.12/site-packages/airflow/example_dags/example_inlet_event_extra.py took 1.001 seconds
[2025-04-25T23:55:04.781+0000] {processor.py:186} INFO - Started process (PID=2144) to work on /home/airflow/.local/lib/python3.12/site-packages/airflow/example_dags/example_inlet_event_extra.py
[2025-04-25T23:55:04.783+0000] {processor.py:914} INFO - Processing file /home/airflow/.local/lib/python3.12/site-packages/airflow/example_dags/example_inlet_event_extra.py for tasks to queue
[2025-04-25T23:55:04.788+0000] {logging_mixin.py:190} INFO - [2025-04-25T23:55:04.787+0000] {dagbag.py:588} INFO - Filling up the DagBag from /home/airflow/.local/lib/python3.12/site-packages/airflow/example_dags/example_inlet_event_extra.py
[2025-04-25T23:55:05.588+0000] {processor.py:925} INFO - DAG(s) 'read_dataset_event', 'read_dataset_event_from_classic' retrieved from /home/airflow/.local/lib/python3.12/site-packages/airflow/example_dags/example_inlet_event_extra.py
[2025-04-25T23:55:05.643+0000] {logging_mixin.py:190} INFO - [2025-04-25T23:55:05.643+0000] {dag.py:3239} INFO - Sync 2 DAGs
[2025-04-25T23:55:05.685+0000] {logging_mixin.py:190} INFO - [2025-04-25T23:55:05.685+0000] {dag.py:4180} INFO - Setting next_dagrun for read_dataset_event to 2025-04-24 00:00:00+00:00, run_after=2025-04-25 00:00:00+00:00
[2025-04-25T23:55:05.697+0000] {logging_mixin.py:190} INFO - [2025-04-25T23:55:05.696+0000] {dag.py:4180} INFO - Setting next_dagrun for read_dataset_event_from_classic to 2025-04-24 00:00:00+00:00, run_after=2025-04-25 00:00:00+00:00
[2025-04-25T23:55:05.741+0000] {processor.py:208} INFO - Processing /home/airflow/.local/lib/python3.12/site-packages/airflow/example_dags/example_inlet_event_extra.py took 0.971 seconds
[2025-04-25T23:55:35.814+0000] {processor.py:186} INFO - Started process (PID=2208) to work on /home/airflow/.local/lib/python3.12/site-packages/airflow/example_dags/example_inlet_event_extra.py
[2025-04-25T23:55:35.816+0000] {processor.py:914} INFO - Processing file /home/airflow/.local/lib/python3.12/site-packages/airflow/example_dags/example_inlet_event_extra.py for tasks to queue
[2025-04-25T23:55:35.819+0000] {logging_mixin.py:190} INFO - [2025-04-25T23:55:35.818+0000] {dagbag.py:588} INFO - Filling up the DagBag from /home/airflow/.local/lib/python3.12/site-packages/airflow/example_dags/example_inlet_event_extra.py
[2025-04-25T23:55:37.006+0000] {processor.py:925} INFO - DAG(s) 'read_dataset_event', 'read_dataset_event_from_classic' retrieved from /home/airflow/.local/lib/python3.12/site-packages/airflow/example_dags/example_inlet_event_extra.py
[2025-04-25T23:55:37.080+0000] {logging_mixin.py:190} INFO - [2025-04-25T23:55:37.080+0000] {dag.py:3239} INFO - Sync 2 DAGs
[2025-04-25T23:55:37.143+0000] {logging_mixin.py:190} INFO - [2025-04-25T23:55:37.143+0000] {dag.py:4180} INFO - Setting next_dagrun for read_dataset_event to 2025-04-24 00:00:00+00:00, run_after=2025-04-25 00:00:00+00:00
[2025-04-25T23:55:37.152+0000] {logging_mixin.py:190} INFO - [2025-04-25T23:55:37.152+0000] {dag.py:4180} INFO - Setting next_dagrun for read_dataset_event_from_classic to 2025-04-24 00:00:00+00:00, run_after=2025-04-25 00:00:00+00:00
[2025-04-25T23:55:37.183+0000] {processor.py:208} INFO - Processing /home/airflow/.local/lib/python3.12/site-packages/airflow/example_dags/example_inlet_event_extra.py took 1.375 seconds
[2025-04-25T23:56:07.926+0000] {processor.py:186} INFO - Started process (PID=2273) to work on /home/airflow/.local/lib/python3.12/site-packages/airflow/example_dags/example_inlet_event_extra.py
[2025-04-25T23:56:07.928+0000] {processor.py:914} INFO - Processing file /home/airflow/.local/lib/python3.12/site-packages/airflow/example_dags/example_inlet_event_extra.py for tasks to queue
[2025-04-25T23:56:07.933+0000] {logging_mixin.py:190} INFO - [2025-04-25T23:56:07.932+0000] {dagbag.py:588} INFO - Filling up the DagBag from /home/airflow/.local/lib/python3.12/site-packages/airflow/example_dags/example_inlet_event_extra.py
[2025-04-25T23:56:09.284+0000] {processor.py:925} INFO - DAG(s) 'read_dataset_event', 'read_dataset_event_from_classic' retrieved from /home/airflow/.local/lib/python3.12/site-packages/airflow/example_dags/example_inlet_event_extra.py
[2025-04-25T23:56:09.333+0000] {logging_mixin.py:190} INFO - [2025-04-25T23:56:09.333+0000] {dag.py:3239} INFO - Sync 2 DAGs
[2025-04-25T23:56:09.392+0000] {logging_mixin.py:190} INFO - [2025-04-25T23:56:09.392+0000] {dag.py:4180} INFO - Setting next_dagrun for read_dataset_event to 2025-04-24 00:00:00+00:00, run_after=2025-04-25 00:00:00+00:00
[2025-04-25T23:56:09.408+0000] {logging_mixin.py:190} INFO - [2025-04-25T23:56:09.407+0000] {dag.py:4180} INFO - Setting next_dagrun for read_dataset_event_from_classic to 2025-04-24 00:00:00+00:00, run_after=2025-04-25 00:00:00+00:00
[2025-04-25T23:56:09.477+0000] {processor.py:208} INFO - Processing /home/airflow/.local/lib/python3.12/site-packages/airflow/example_dags/example_inlet_event_extra.py took 1.562 seconds
[2025-04-25T23:56:39.963+0000] {processor.py:186} INFO - Started process (PID=2337) to work on /home/airflow/.local/lib/python3.12/site-packages/airflow/example_dags/example_inlet_event_extra.py
[2025-04-25T23:56:39.967+0000] {processor.py:914} INFO - Processing file /home/airflow/.local/lib/python3.12/site-packages/airflow/example_dags/example_inlet_event_extra.py for tasks to queue
[2025-04-25T23:56:39.970+0000] {logging_mixin.py:190} INFO - [2025-04-25T23:56:39.969+0000] {dagbag.py:588} INFO - Filling up the DagBag from /home/airflow/.local/lib/python3.12/site-packages/airflow/example_dags/example_inlet_event_extra.py
[2025-04-25T23:56:40.814+0000] {processor.py:925} INFO - DAG(s) 'read_dataset_event', 'read_dataset_event_from_classic' retrieved from /home/airflow/.local/lib/python3.12/site-packages/airflow/example_dags/example_inlet_event_extra.py
[2025-04-25T23:56:40.885+0000] {logging_mixin.py:190} INFO - [2025-04-25T23:56:40.885+0000] {dag.py:3239} INFO - Sync 2 DAGs
[2025-04-25T23:56:40.922+0000] {logging_mixin.py:190} INFO - [2025-04-25T23:56:40.922+0000] {dag.py:4180} INFO - Setting next_dagrun for read_dataset_event to 2025-04-24 00:00:00+00:00, run_after=2025-04-25 00:00:00+00:00
[2025-04-25T23:56:40.934+0000] {logging_mixin.py:190} INFO - [2025-04-25T23:56:40.934+0000] {dag.py:4180} INFO - Setting next_dagrun for read_dataset_event_from_classic to 2025-04-24 00:00:00+00:00, run_after=2025-04-25 00:00:00+00:00
[2025-04-25T23:56:41.002+0000] {processor.py:208} INFO - Processing /home/airflow/.local/lib/python3.12/site-packages/airflow/example_dags/example_inlet_event_extra.py took 1.048 seconds
[2025-04-25T23:57:11.190+0000] {processor.py:186} INFO - Started process (PID=2405) to work on /home/airflow/.local/lib/python3.12/site-packages/airflow/example_dags/example_inlet_event_extra.py
[2025-04-25T23:57:11.195+0000] {processor.py:914} INFO - Processing file /home/airflow/.local/lib/python3.12/site-packages/airflow/example_dags/example_inlet_event_extra.py for tasks to queue
[2025-04-25T23:57:11.208+0000] {logging_mixin.py:190} INFO - [2025-04-25T23:57:11.199+0000] {dagbag.py:588} INFO - Filling up the DagBag from /home/airflow/.local/lib/python3.12/site-packages/airflow/example_dags/example_inlet_event_extra.py
[2025-04-25T23:57:11.951+0000] {processor.py:925} INFO - DAG(s) 'read_dataset_event_from_classic', 'read_dataset_event' retrieved from /home/airflow/.local/lib/python3.12/site-packages/airflow/example_dags/example_inlet_event_extra.py
[2025-04-25T23:57:11.978+0000] {logging_mixin.py:190} INFO - [2025-04-25T23:57:11.978+0000] {dag.py:3239} INFO - Sync 2 DAGs
[2025-04-25T23:57:12.018+0000] {logging_mixin.py:190} INFO - [2025-04-25T23:57:12.018+0000] {dag.py:4180} INFO - Setting next_dagrun for read_dataset_event to 2025-04-24 00:00:00+00:00, run_after=2025-04-25 00:00:00+00:00
[2025-04-25T23:57:12.031+0000] {logging_mixin.py:190} INFO - [2025-04-25T23:57:12.031+0000] {dag.py:4180} INFO - Setting next_dagrun for read_dataset_event_from_classic to 2025-04-24 00:00:00+00:00, run_after=2025-04-25 00:00:00+00:00
[2025-04-25T23:57:12.062+0000] {processor.py:208} INFO - Processing /home/airflow/.local/lib/python3.12/site-packages/airflow/example_dags/example_inlet_event_extra.py took 0.883 seconds
[2025-04-25T23:57:46.724+0000] {processor.py:186} INFO - Started process (PID=2469) to work on /home/airflow/.local/lib/python3.12/site-packages/airflow/example_dags/example_inlet_event_extra.py
[2025-04-25T23:57:46.726+0000] {processor.py:914} INFO - Processing file /home/airflow/.local/lib/python3.12/site-packages/airflow/example_dags/example_inlet_event_extra.py for tasks to queue
[2025-04-25T23:57:46.729+0000] {logging_mixin.py:190} INFO - [2025-04-25T23:57:46.729+0000] {dagbag.py:588} INFO - Filling up the DagBag from /home/airflow/.local/lib/python3.12/site-packages/airflow/example_dags/example_inlet_event_extra.py
[2025-04-25T23:59:15.337+0000] {processor.py:186} INFO - Started process (PID=2538) to work on /home/airflow/.local/lib/python3.12/site-packages/airflow/example_dags/example_inlet_event_extra.py
[2025-04-25T23:59:15.339+0000] {processor.py:914} INFO - Processing file /home/airflow/.local/lib/python3.12/site-packages/airflow/example_dags/example_inlet_event_extra.py for tasks to queue
[2025-04-25T23:59:15.348+0000] {logging_mixin.py:190} INFO - [2025-04-25T23:59:15.347+0000] {dagbag.py:588} INFO - Filling up the DagBag from /home/airflow/.local/lib/python3.12/site-packages/airflow/example_dags/example_inlet_event_extra.py
[2025-04-25T23:59:17.945+0000] {processor.py:925} INFO - DAG(s) 'read_dataset_event', 'read_dataset_event_from_classic' retrieved from /home/airflow/.local/lib/python3.12/site-packages/airflow/example_dags/example_inlet_event_extra.py
[2025-04-25T23:59:18.006+0000] {logging_mixin.py:190} INFO - [2025-04-25T23:59:18.006+0000] {dag.py:3239} INFO - Sync 2 DAGs
[2025-04-25T23:59:18.097+0000] {logging_mixin.py:190} INFO - [2025-04-25T23:59:18.096+0000] {dag.py:4180} INFO - Setting next_dagrun for read_dataset_event to 2025-04-24 00:00:00+00:00, run_after=2025-04-25 00:00:00+00:00
[2025-04-25T23:59:18.113+0000] {logging_mixin.py:190} INFO - [2025-04-25T23:59:18.112+0000] {dag.py:4180} INFO - Setting next_dagrun for read_dataset_event_from_classic to 2025-04-24 00:00:00+00:00, run_after=2025-04-25 00:00:00+00:00
[2025-04-25T23:59:18.165+0000] {processor.py:208} INFO - Processing /home/airflow/.local/lib/python3.12/site-packages/airflow/example_dags/example_inlet_event_extra.py took 2.896 seconds
[2025-04-25T23:59:51.506+0000] {processor.py:186} INFO - Started process (PID=2603) to work on /home/airflow/.local/lib/python3.12/site-packages/airflow/example_dags/example_inlet_event_extra.py
[2025-04-25T23:59:51.512+0000] {processor.py:914} INFO - Processing file /home/airflow/.local/lib/python3.12/site-packages/airflow/example_dags/example_inlet_event_extra.py for tasks to queue
[2025-04-25T23:59:51.522+0000] {logging_mixin.py:190} INFO - [2025-04-25T23:59:51.519+0000] {dagbag.py:588} INFO - Filling up the DagBag from /home/airflow/.local/lib/python3.12/site-packages/airflow/example_dags/example_inlet_event_extra.py
[2025-04-25T23:59:55.170+0000] {processor.py:925} INFO - DAG(s) 'read_dataset_event', 'read_dataset_event_from_classic' retrieved from /home/airflow/.local/lib/python3.12/site-packages/airflow/example_dags/example_inlet_event_extra.py
[2025-04-25T23:59:55.325+0000] {logging_mixin.py:190} INFO - [2025-04-25T23:59:55.325+0000] {dag.py:3239} INFO - Sync 2 DAGs
[2025-04-25T23:59:55.605+0000] {logging_mixin.py:190} INFO - [2025-04-25T23:59:55.605+0000] {dag.py:4180} INFO - Setting next_dagrun for read_dataset_event to 2025-04-24 00:00:00+00:00, run_after=2025-04-25 00:00:00+00:00
[2025-04-25T23:59:55.650+0000] {logging_mixin.py:190} INFO - [2025-04-25T23:59:55.640+0000] {dag.py:4180} INFO - Setting next_dagrun for read_dataset_event_from_classic to 2025-04-24 00:00:00+00:00, run_after=2025-04-25 00:00:00+00:00
[2025-04-25T23:59:55.934+0000] {processor.py:208} INFO - Processing /home/airflow/.local/lib/python3.12/site-packages/airflow/example_dags/example_inlet_event_extra.py took 4.562 seconds
