[2025-04-25T23:33:29.118+0000] {processor.py:186} INFO - Started process (PID=143) to work on /home/airflow/.local/lib/python3.12/site-packages/airflow/example_dags/example_xcomargs.py
[2025-04-25T23:33:29.125+0000] {processor.py:914} INFO - Processing file /home/airflow/.local/lib/python3.12/site-packages/airflow/example_dags/example_xcomargs.py for tasks to queue
[2025-04-25T23:33:29.178+0000] {logging_mixin.py:190} INFO - [2025-04-25T23:33:29.175+0000] {dagbag.py:588} INFO - Filling up the DagBag from /home/airflow/.local/lib/python3.12/site-packages/airflow/example_dags/example_xcomargs.py
[2025-04-25T23:33:29.249+0000] {processor.py:925} INFO - DAG(s) 'example_xcom_args_with_operators', 'example_xcom_args' retrieved from /home/airflow/.local/lib/python3.12/site-packages/airflow/example_dags/example_xcomargs.py
[2025-04-25T23:33:31.560+0000] {logging_mixin.py:190} INFO - [2025-04-25T23:33:31.557+0000] {override.py:1911} INFO - Created Permission View: can delete on DAG:example_xcom_args_with_operators
[2025-04-25T23:33:31.644+0000] {logging_mixin.py:190} INFO - [2025-04-25T23:33:31.643+0000] {override.py:1911} INFO - Created Permission View: can read on DAG:example_xcom_args_with_operators
[2025-04-25T23:33:31.663+0000] {logging_mixin.py:190} INFO - [2025-04-25T23:33:31.662+0000] {override.py:1911} INFO - Created Permission View: can edit on DAG:example_xcom_args_with_operators
[2025-04-25T23:33:31.923+0000] {logging_mixin.py:190} INFO - [2025-04-25T23:33:31.920+0000] {override.py:1911} INFO - Created Permission View: can create on DAG Run:example_xcom_args_with_operators
[2025-04-25T23:33:32.037+0000] {logging_mixin.py:190} INFO - [2025-04-25T23:33:32.033+0000] {override.py:1911} INFO - Created Permission View: can delete on DAG Run:example_xcom_args_with_operators
[2025-04-25T23:33:32.076+0000] {logging_mixin.py:190} INFO - [2025-04-25T23:33:32.072+0000] {override.py:1911} INFO - Created Permission View: can read on DAG Run:example_xcom_args_with_operators
[2025-04-25T23:33:32.124+0000] {logging_mixin.py:190} INFO - [2025-04-25T23:33:32.124+0000] {override.py:1911} INFO - Created Permission View: menu access on DAG Run:example_xcom_args_with_operators
[2025-04-25T23:33:32.176+0000] {logging_mixin.py:190} INFO - [2025-04-25T23:33:32.176+0000] {override.py:1911} INFO - Created Permission View: can delete on DAG:example_xcom_args
[2025-04-25T23:33:32.191+0000] {logging_mixin.py:190} INFO - [2025-04-25T23:33:32.191+0000] {override.py:1911} INFO - Created Permission View: can read on DAG:example_xcom_args
[2025-04-25T23:33:32.209+0000] {logging_mixin.py:190} INFO - [2025-04-25T23:33:32.208+0000] {override.py:1911} INFO - Created Permission View: can edit on DAG:example_xcom_args
[2025-04-25T23:33:32.236+0000] {logging_mixin.py:190} INFO - [2025-04-25T23:33:32.235+0000] {override.py:1911} INFO - Created Permission View: can create on DAG Run:example_xcom_args
[2025-04-25T23:33:32.375+0000] {logging_mixin.py:190} INFO - [2025-04-25T23:33:32.373+0000] {override.py:1911} INFO - Created Permission View: can delete on DAG Run:example_xcom_args
[2025-04-25T23:33:32.396+0000] {logging_mixin.py:190} INFO - [2025-04-25T23:33:32.396+0000] {override.py:1911} INFO - Created Permission View: can read on DAG Run:example_xcom_args
[2025-04-25T23:33:32.433+0000] {logging_mixin.py:190} INFO - [2025-04-25T23:33:32.432+0000] {override.py:1911} INFO - Created Permission View: menu access on DAG Run:example_xcom_args
[2025-04-25T23:33:32.435+0000] {logging_mixin.py:190} INFO - [2025-04-25T23:33:32.434+0000] {dag.py:3239} INFO - Sync 2 DAGs
[2025-04-25T23:33:32.468+0000] {logging_mixin.py:190} INFO - [2025-04-25T23:33:32.468+0000] {dag.py:3262} INFO - Creating ORM DAG for example_xcom_args_with_operators
[2025-04-25T23:33:32.475+0000] {logging_mixin.py:190} INFO - [2025-04-25T23:33:32.474+0000] {dag.py:3262} INFO - Creating ORM DAG for example_xcom_args
[2025-04-25T23:33:32.538+0000] {logging_mixin.py:190} INFO - [2025-04-25T23:33:32.537+0000] {dag.py:4180} INFO - Setting next_dagrun for example_xcom_args to None, run_after=None
[2025-04-25T23:33:32.605+0000] {logging_mixin.py:190} INFO - [2025-04-25T23:33:32.605+0000] {dag.py:4180} INFO - Setting next_dagrun for example_xcom_args_with_operators to None, run_after=None
[2025-04-25T23:33:32.721+0000] {processor.py:208} INFO - Processing /home/airflow/.local/lib/python3.12/site-packages/airflow/example_dags/example_xcomargs.py took 3.724 seconds
[2025-04-25T23:34:04.348+0000] {processor.py:186} INFO - Started process (PID=206) to work on /home/airflow/.local/lib/python3.12/site-packages/airflow/example_dags/example_xcomargs.py
[2025-04-25T23:34:04.370+0000] {processor.py:914} INFO - Processing file /home/airflow/.local/lib/python3.12/site-packages/airflow/example_dags/example_xcomargs.py for tasks to queue
[2025-04-25T23:34:04.383+0000] {logging_mixin.py:190} INFO - [2025-04-25T23:34:04.380+0000] {dagbag.py:588} INFO - Filling up the DagBag from /home/airflow/.local/lib/python3.12/site-packages/airflow/example_dags/example_xcomargs.py
[2025-04-25T23:34:04.496+0000] {processor.py:925} INFO - DAG(s) 'example_xcom_args', 'example_xcom_args_with_operators' retrieved from /home/airflow/.local/lib/python3.12/site-packages/airflow/example_dags/example_xcomargs.py
[2025-04-25T23:34:04.783+0000] {logging_mixin.py:190} INFO - [2025-04-25T23:34:04.782+0000] {dag.py:3239} INFO - Sync 2 DAGs
[2025-04-25T23:34:05.050+0000] {logging_mixin.py:190} INFO - [2025-04-25T23:34:05.041+0000] {dag.py:4180} INFO - Setting next_dagrun for example_xcom_args to None, run_after=None
[2025-04-25T23:34:05.096+0000] {logging_mixin.py:190} INFO - [2025-04-25T23:34:05.096+0000] {dag.py:4180} INFO - Setting next_dagrun for example_xcom_args_with_operators to None, run_after=None
[2025-04-25T23:34:05.200+0000] {processor.py:208} INFO - Processing /home/airflow/.local/lib/python3.12/site-packages/airflow/example_dags/example_xcomargs.py took 0.932 seconds
[2025-04-25T23:35:39.583+0000] {processor.py:186} INFO - Started process (PID=299) to work on /home/airflow/.local/lib/python3.12/site-packages/airflow/example_dags/example_xcomargs.py
[2025-04-25T23:35:39.586+0000] {processor.py:914} INFO - Processing file /home/airflow/.local/lib/python3.12/site-packages/airflow/example_dags/example_xcomargs.py for tasks to queue
[2025-04-25T23:35:39.595+0000] {logging_mixin.py:190} INFO - [2025-04-25T23:35:39.593+0000] {dagbag.py:588} INFO - Filling up the DagBag from /home/airflow/.local/lib/python3.12/site-packages/airflow/example_dags/example_xcomargs.py
[2025-04-25T23:35:39.676+0000] {processor.py:925} INFO - DAG(s) 'example_xcom_args_with_operators', 'example_xcom_args' retrieved from /home/airflow/.local/lib/python3.12/site-packages/airflow/example_dags/example_xcomargs.py
[2025-04-25T23:35:39.844+0000] {logging_mixin.py:190} INFO - [2025-04-25T23:35:39.843+0000] {dag.py:3239} INFO - Sync 2 DAGs
[2025-04-25T23:35:40.073+0000] {logging_mixin.py:190} INFO - [2025-04-25T23:35:40.072+0000] {dag.py:4180} INFO - Setting next_dagrun for example_xcom_args to None, run_after=None
[2025-04-25T23:35:40.086+0000] {logging_mixin.py:190} INFO - [2025-04-25T23:35:40.085+0000] {dag.py:4180} INFO - Setting next_dagrun for example_xcom_args_with_operators to None, run_after=None
[2025-04-25T23:35:40.213+0000] {processor.py:208} INFO - Processing /home/airflow/.local/lib/python3.12/site-packages/airflow/example_dags/example_xcomargs.py took 0.664 seconds
[2025-04-25T23:37:57.078+0000] {processor.py:186} INFO - Started process (PID=119) to work on /home/airflow/.local/lib/python3.12/site-packages/airflow/example_dags/example_xcomargs.py
[2025-04-25T23:37:57.079+0000] {processor.py:914} INFO - Processing file /home/airflow/.local/lib/python3.12/site-packages/airflow/example_dags/example_xcomargs.py for tasks to queue
[2025-04-25T23:37:57.083+0000] {logging_mixin.py:190} INFO - [2025-04-25T23:37:57.083+0000] {dagbag.py:588} INFO - Filling up the DagBag from /home/airflow/.local/lib/python3.12/site-packages/airflow/example_dags/example_xcomargs.py
[2025-04-25T23:37:57.100+0000] {processor.py:925} INFO - DAG(s) 'example_xcom_args_with_operators', 'example_xcom_args' retrieved from /home/airflow/.local/lib/python3.12/site-packages/airflow/example_dags/example_xcomargs.py
[2025-04-25T23:37:57.146+0000] {logging_mixin.py:190} INFO - [2025-04-25T23:37:57.146+0000] {dag.py:3239} INFO - Sync 2 DAGs
[2025-04-25T23:37:57.176+0000] {logging_mixin.py:190} INFO - [2025-04-25T23:37:57.176+0000] {dag.py:4180} INFO - Setting next_dagrun for example_xcom_args to None, run_after=None
[2025-04-25T23:37:57.186+0000] {logging_mixin.py:190} INFO - [2025-04-25T23:37:57.186+0000] {dag.py:4180} INFO - Setting next_dagrun for example_xcom_args_with_operators to None, run_after=None
[2025-04-25T23:37:57.220+0000] {processor.py:208} INFO - Processing /home/airflow/.local/lib/python3.12/site-packages/airflow/example_dags/example_xcomargs.py took 0.151 seconds
[2025-04-25T23:38:33.173+0000] {processor.py:186} INFO - Started process (PID=182) to work on /home/airflow/.local/lib/python3.12/site-packages/airflow/example_dags/example_xcomargs.py
[2025-04-25T23:38:33.177+0000] {processor.py:914} INFO - Processing file /home/airflow/.local/lib/python3.12/site-packages/airflow/example_dags/example_xcomargs.py for tasks to queue
[2025-04-25T23:38:33.195+0000] {logging_mixin.py:190} INFO - [2025-04-25T23:38:33.195+0000] {dagbag.py:588} INFO - Filling up the DagBag from /home/airflow/.local/lib/python3.12/site-packages/airflow/example_dags/example_xcomargs.py
[2025-04-25T23:38:33.227+0000] {processor.py:925} INFO - DAG(s) 'example_xcom_args_with_operators', 'example_xcom_args' retrieved from /home/airflow/.local/lib/python3.12/site-packages/airflow/example_dags/example_xcomargs.py
[2025-04-25T23:38:33.340+0000] {logging_mixin.py:190} INFO - [2025-04-25T23:38:33.339+0000] {dag.py:3239} INFO - Sync 2 DAGs
[2025-04-25T23:38:33.403+0000] {logging_mixin.py:190} INFO - [2025-04-25T23:38:33.402+0000] {dag.py:4180} INFO - Setting next_dagrun for example_xcom_args to None, run_after=None
[2025-04-25T23:38:33.425+0000] {logging_mixin.py:190} INFO - [2025-04-25T23:38:33.425+0000] {dag.py:4180} INFO - Setting next_dagrun for example_xcom_args_with_operators to None, run_after=None
[2025-04-25T23:38:33.493+0000] {processor.py:208} INFO - Processing /home/airflow/.local/lib/python3.12/site-packages/airflow/example_dags/example_xcomargs.py took 0.334 seconds
[2025-04-25T23:39:04.437+0000] {processor.py:186} INFO - Started process (PID=245) to work on /home/airflow/.local/lib/python3.12/site-packages/airflow/example_dags/example_xcomargs.py
[2025-04-25T23:39:04.438+0000] {processor.py:914} INFO - Processing file /home/airflow/.local/lib/python3.12/site-packages/airflow/example_dags/example_xcomargs.py for tasks to queue
[2025-04-25T23:39:04.441+0000] {logging_mixin.py:190} INFO - [2025-04-25T23:39:04.441+0000] {dagbag.py:588} INFO - Filling up the DagBag from /home/airflow/.local/lib/python3.12/site-packages/airflow/example_dags/example_xcomargs.py
[2025-04-25T23:39:04.455+0000] {processor.py:925} INFO - DAG(s) 'example_xcom_args_with_operators', 'example_xcom_args' retrieved from /home/airflow/.local/lib/python3.12/site-packages/airflow/example_dags/example_xcomargs.py
[2025-04-25T23:39:04.494+0000] {logging_mixin.py:190} INFO - [2025-04-25T23:39:04.493+0000] {dag.py:3239} INFO - Sync 2 DAGs
[2025-04-25T23:39:04.519+0000] {logging_mixin.py:190} INFO - [2025-04-25T23:39:04.518+0000] {dag.py:4180} INFO - Setting next_dagrun for example_xcom_args to None, run_after=None
[2025-04-25T23:39:04.525+0000] {logging_mixin.py:190} INFO - [2025-04-25T23:39:04.525+0000] {dag.py:4180} INFO - Setting next_dagrun for example_xcom_args_with_operators to None, run_after=None
[2025-04-25T23:39:04.555+0000] {processor.py:208} INFO - Processing /home/airflow/.local/lib/python3.12/site-packages/airflow/example_dags/example_xcomargs.py took 0.126 seconds
[2025-04-25T23:39:45.019+0000] {processor.py:186} INFO - Started process (PID=308) to work on /home/airflow/.local/lib/python3.12/site-packages/airflow/example_dags/example_xcomargs.py
[2025-04-25T23:39:45.020+0000] {processor.py:914} INFO - Processing file /home/airflow/.local/lib/python3.12/site-packages/airflow/example_dags/example_xcomargs.py for tasks to queue
[2025-04-25T23:39:45.031+0000] {logging_mixin.py:190} INFO - [2025-04-25T23:39:45.031+0000] {dagbag.py:588} INFO - Filling up the DagBag from /home/airflow/.local/lib/python3.12/site-packages/airflow/example_dags/example_xcomargs.py
[2025-04-25T23:39:45.346+0000] {processor.py:925} INFO - DAG(s) 'example_xcom_args_with_operators', 'example_xcom_args' retrieved from /home/airflow/.local/lib/python3.12/site-packages/airflow/example_dags/example_xcomargs.py
[2025-04-25T23:39:45.741+0000] {logging_mixin.py:190} INFO - [2025-04-25T23:39:45.741+0000] {dag.py:3239} INFO - Sync 2 DAGs
[2025-04-25T23:39:45.784+0000] {logging_mixin.py:190} INFO - [2025-04-25T23:39:45.783+0000] {dag.py:4180} INFO - Setting next_dagrun for example_xcom_args to None, run_after=None
[2025-04-25T23:39:45.804+0000] {logging_mixin.py:190} INFO - [2025-04-25T23:39:45.803+0000] {dag.py:4180} INFO - Setting next_dagrun for example_xcom_args_with_operators to None, run_after=None
[2025-04-25T23:39:46.011+0000] {processor.py:208} INFO - Processing /home/airflow/.local/lib/python3.12/site-packages/airflow/example_dags/example_xcomargs.py took 1.075 seconds
[2025-04-25T23:40:16.311+0000] {processor.py:186} INFO - Started process (PID=371) to work on /home/airflow/.local/lib/python3.12/site-packages/airflow/example_dags/example_xcomargs.py
[2025-04-25T23:40:16.312+0000] {processor.py:914} INFO - Processing file /home/airflow/.local/lib/python3.12/site-packages/airflow/example_dags/example_xcomargs.py for tasks to queue
[2025-04-25T23:40:16.316+0000] {logging_mixin.py:190} INFO - [2025-04-25T23:40:16.315+0000] {dagbag.py:588} INFO - Filling up the DagBag from /home/airflow/.local/lib/python3.12/site-packages/airflow/example_dags/example_xcomargs.py
[2025-04-25T23:40:16.329+0000] {processor.py:925} INFO - DAG(s) 'example_xcom_args_with_operators', 'example_xcom_args' retrieved from /home/airflow/.local/lib/python3.12/site-packages/airflow/example_dags/example_xcomargs.py
[2025-04-25T23:40:16.367+0000] {logging_mixin.py:190} INFO - [2025-04-25T23:40:16.367+0000] {dag.py:3239} INFO - Sync 2 DAGs
[2025-04-25T23:40:16.390+0000] {logging_mixin.py:190} INFO - [2025-04-25T23:40:16.389+0000] {dag.py:4180} INFO - Setting next_dagrun for example_xcom_args to None, run_after=None
[2025-04-25T23:40:16.401+0000] {logging_mixin.py:190} INFO - [2025-04-25T23:40:16.400+0000] {dag.py:4180} INFO - Setting next_dagrun for example_xcom_args_with_operators to None, run_after=None
[2025-04-25T23:40:16.427+0000] {processor.py:208} INFO - Processing /home/airflow/.local/lib/python3.12/site-packages/airflow/example_dags/example_xcomargs.py took 0.126 seconds
[2025-04-25T23:40:47.338+0000] {processor.py:186} INFO - Started process (PID=434) to work on /home/airflow/.local/lib/python3.12/site-packages/airflow/example_dags/example_xcomargs.py
[2025-04-25T23:40:47.340+0000] {processor.py:914} INFO - Processing file /home/airflow/.local/lib/python3.12/site-packages/airflow/example_dags/example_xcomargs.py for tasks to queue
[2025-04-25T23:40:47.343+0000] {logging_mixin.py:190} INFO - [2025-04-25T23:40:47.343+0000] {dagbag.py:588} INFO - Filling up the DagBag from /home/airflow/.local/lib/python3.12/site-packages/airflow/example_dags/example_xcomargs.py
[2025-04-25T23:40:47.359+0000] {processor.py:925} INFO - DAG(s) 'example_xcom_args_with_operators', 'example_xcom_args' retrieved from /home/airflow/.local/lib/python3.12/site-packages/airflow/example_dags/example_xcomargs.py
[2025-04-25T23:40:47.395+0000] {logging_mixin.py:190} INFO - [2025-04-25T23:40:47.395+0000] {dag.py:3239} INFO - Sync 2 DAGs
[2025-04-25T23:40:47.419+0000] {logging_mixin.py:190} INFO - [2025-04-25T23:40:47.419+0000] {dag.py:4180} INFO - Setting next_dagrun for example_xcom_args to None, run_after=None
[2025-04-25T23:40:47.424+0000] {logging_mixin.py:190} INFO - [2025-04-25T23:40:47.423+0000] {dag.py:4180} INFO - Setting next_dagrun for example_xcom_args_with_operators to None, run_after=None
[2025-04-25T23:40:47.446+0000] {processor.py:208} INFO - Processing /home/airflow/.local/lib/python3.12/site-packages/airflow/example_dags/example_xcomargs.py took 0.120 seconds
[2025-04-25T23:41:18.041+0000] {processor.py:186} INFO - Started process (PID=496) to work on /home/airflow/.local/lib/python3.12/site-packages/airflow/example_dags/example_xcomargs.py
[2025-04-25T23:41:18.044+0000] {processor.py:914} INFO - Processing file /home/airflow/.local/lib/python3.12/site-packages/airflow/example_dags/example_xcomargs.py for tasks to queue
[2025-04-25T23:41:18.049+0000] {logging_mixin.py:190} INFO - [2025-04-25T23:41:18.048+0000] {dagbag.py:588} INFO - Filling up the DagBag from /home/airflow/.local/lib/python3.12/site-packages/airflow/example_dags/example_xcomargs.py
[2025-04-25T23:41:18.070+0000] {processor.py:925} INFO - DAG(s) 'example_xcom_args_with_operators', 'example_xcom_args' retrieved from /home/airflow/.local/lib/python3.12/site-packages/airflow/example_dags/example_xcomargs.py
[2025-04-25T23:41:18.118+0000] {logging_mixin.py:190} INFO - [2025-04-25T23:41:18.117+0000] {dag.py:3239} INFO - Sync 2 DAGs
[2025-04-25T23:41:18.151+0000] {logging_mixin.py:190} INFO - [2025-04-25T23:41:18.151+0000] {dag.py:4180} INFO - Setting next_dagrun for example_xcom_args to None, run_after=None
[2025-04-25T23:41:18.159+0000] {logging_mixin.py:190} INFO - [2025-04-25T23:41:18.158+0000] {dag.py:4180} INFO - Setting next_dagrun for example_xcom_args_with_operators to None, run_after=None
[2025-04-25T23:41:18.265+0000] {processor.py:208} INFO - Processing /home/airflow/.local/lib/python3.12/site-packages/airflow/example_dags/example_xcomargs.py took 0.249 seconds
[2025-04-25T23:41:49.097+0000] {processor.py:186} INFO - Started process (PID=558) to work on /home/airflow/.local/lib/python3.12/site-packages/airflow/example_dags/example_xcomargs.py
[2025-04-25T23:41:49.098+0000] {processor.py:914} INFO - Processing file /home/airflow/.local/lib/python3.12/site-packages/airflow/example_dags/example_xcomargs.py for tasks to queue
[2025-04-25T23:41:49.104+0000] {logging_mixin.py:190} INFO - [2025-04-25T23:41:49.103+0000] {dagbag.py:588} INFO - Filling up the DagBag from /home/airflow/.local/lib/python3.12/site-packages/airflow/example_dags/example_xcomargs.py
[2025-04-25T23:41:49.130+0000] {processor.py:925} INFO - DAG(s) 'example_xcom_args', 'example_xcom_args_with_operators' retrieved from /home/airflow/.local/lib/python3.12/site-packages/airflow/example_dags/example_xcomargs.py
[2025-04-25T23:41:49.180+0000] {logging_mixin.py:190} INFO - [2025-04-25T23:41:49.180+0000] {dag.py:3239} INFO - Sync 2 DAGs
[2025-04-25T23:41:49.219+0000] {logging_mixin.py:190} INFO - [2025-04-25T23:41:49.218+0000] {dag.py:4180} INFO - Setting next_dagrun for example_xcom_args to None, run_after=None
[2025-04-25T23:41:49.233+0000] {logging_mixin.py:190} INFO - [2025-04-25T23:41:49.232+0000] {dag.py:4180} INFO - Setting next_dagrun for example_xcom_args_with_operators to None, run_after=None
[2025-04-25T23:41:49.274+0000] {processor.py:208} INFO - Processing /home/airflow/.local/lib/python3.12/site-packages/airflow/example_dags/example_xcomargs.py took 0.188 seconds
[2025-04-25T23:42:19.977+0000] {processor.py:186} INFO - Started process (PID=621) to work on /home/airflow/.local/lib/python3.12/site-packages/airflow/example_dags/example_xcomargs.py
[2025-04-25T23:42:19.978+0000] {processor.py:914} INFO - Processing file /home/airflow/.local/lib/python3.12/site-packages/airflow/example_dags/example_xcomargs.py for tasks to queue
[2025-04-25T23:42:19.981+0000] {logging_mixin.py:190} INFO - [2025-04-25T23:42:19.980+0000] {dagbag.py:588} INFO - Filling up the DagBag from /home/airflow/.local/lib/python3.12/site-packages/airflow/example_dags/example_xcomargs.py
[2025-04-25T23:42:19.996+0000] {processor.py:925} INFO - DAG(s) 'example_xcom_args_with_operators', 'example_xcom_args' retrieved from /home/airflow/.local/lib/python3.12/site-packages/airflow/example_dags/example_xcomargs.py
[2025-04-25T23:42:20.028+0000] {logging_mixin.py:190} INFO - [2025-04-25T23:42:20.028+0000] {dag.py:3239} INFO - Sync 2 DAGs
[2025-04-25T23:42:20.051+0000] {logging_mixin.py:190} INFO - [2025-04-25T23:42:20.050+0000] {dag.py:4180} INFO - Setting next_dagrun for example_xcom_args to None, run_after=None
[2025-04-25T23:42:20.060+0000] {logging_mixin.py:190} INFO - [2025-04-25T23:42:20.059+0000] {dag.py:4180} INFO - Setting next_dagrun for example_xcom_args_with_operators to None, run_after=None
[2025-04-25T23:42:20.089+0000] {processor.py:208} INFO - Processing /home/airflow/.local/lib/python3.12/site-packages/airflow/example_dags/example_xcomargs.py took 0.121 seconds
[2025-04-25T23:42:50.514+0000] {processor.py:186} INFO - Started process (PID=684) to work on /home/airflow/.local/lib/python3.12/site-packages/airflow/example_dags/example_xcomargs.py
[2025-04-25T23:42:50.516+0000] {processor.py:914} INFO - Processing file /home/airflow/.local/lib/python3.12/site-packages/airflow/example_dags/example_xcomargs.py for tasks to queue
[2025-04-25T23:42:50.518+0000] {logging_mixin.py:190} INFO - [2025-04-25T23:42:50.518+0000] {dagbag.py:588} INFO - Filling up the DagBag from /home/airflow/.local/lib/python3.12/site-packages/airflow/example_dags/example_xcomargs.py
[2025-04-25T23:42:50.537+0000] {processor.py:925} INFO - DAG(s) 'example_xcom_args', 'example_xcom_args_with_operators' retrieved from /home/airflow/.local/lib/python3.12/site-packages/airflow/example_dags/example_xcomargs.py
[2025-04-25T23:42:50.568+0000] {logging_mixin.py:190} INFO - [2025-04-25T23:42:50.568+0000] {dag.py:3239} INFO - Sync 2 DAGs
[2025-04-25T23:42:50.587+0000] {logging_mixin.py:190} INFO - [2025-04-25T23:42:50.587+0000] {dag.py:4180} INFO - Setting next_dagrun for example_xcom_args to None, run_after=None
[2025-04-25T23:42:50.592+0000] {logging_mixin.py:190} INFO - [2025-04-25T23:42:50.591+0000] {dag.py:4180} INFO - Setting next_dagrun for example_xcom_args_with_operators to None, run_after=None
[2025-04-25T23:42:50.616+0000] {processor.py:208} INFO - Processing /home/airflow/.local/lib/python3.12/site-packages/airflow/example_dags/example_xcomargs.py took 0.110 seconds
[2025-04-25T23:43:31.038+0000] {processor.py:186} INFO - Started process (PID=763) to work on /home/airflow/.local/lib/python3.12/site-packages/airflow/example_dags/example_xcomargs.py
[2025-04-25T23:43:31.040+0000] {processor.py:914} INFO - Processing file /home/airflow/.local/lib/python3.12/site-packages/airflow/example_dags/example_xcomargs.py for tasks to queue
[2025-04-25T23:43:31.046+0000] {logging_mixin.py:190} INFO - [2025-04-25T23:43:31.046+0000] {dagbag.py:588} INFO - Filling up the DagBag from /home/airflow/.local/lib/python3.12/site-packages/airflow/example_dags/example_xcomargs.py
[2025-04-25T23:43:31.069+0000] {processor.py:925} INFO - DAG(s) 'example_xcom_args', 'example_xcom_args_with_operators' retrieved from /home/airflow/.local/lib/python3.12/site-packages/airflow/example_dags/example_xcomargs.py
[2025-04-25T23:43:31.120+0000] {logging_mixin.py:190} INFO - [2025-04-25T23:43:31.120+0000] {dag.py:3239} INFO - Sync 2 DAGs
[2025-04-25T23:43:31.148+0000] {logging_mixin.py:190} INFO - [2025-04-25T23:43:31.148+0000] {dag.py:4180} INFO - Setting next_dagrun for example_xcom_args to None, run_after=None
[2025-04-25T23:43:31.153+0000] {logging_mixin.py:190} INFO - [2025-04-25T23:43:31.153+0000] {dag.py:4180} INFO - Setting next_dagrun for example_xcom_args_with_operators to None, run_after=None
[2025-04-25T23:43:31.197+0000] {processor.py:208} INFO - Processing /home/airflow/.local/lib/python3.12/site-packages/airflow/example_dags/example_xcomargs.py took 0.173 seconds
[2025-04-25T23:44:01.987+0000] {processor.py:186} INFO - Started process (PID=826) to work on /home/airflow/.local/lib/python3.12/site-packages/airflow/example_dags/example_xcomargs.py
[2025-04-25T23:44:01.991+0000] {processor.py:914} INFO - Processing file /home/airflow/.local/lib/python3.12/site-packages/airflow/example_dags/example_xcomargs.py for tasks to queue
[2025-04-25T23:44:01.996+0000] {logging_mixin.py:190} INFO - [2025-04-25T23:44:01.995+0000] {dagbag.py:588} INFO - Filling up the DagBag from /home/airflow/.local/lib/python3.12/site-packages/airflow/example_dags/example_xcomargs.py
[2025-04-25T23:44:02.011+0000] {processor.py:925} INFO - DAG(s) 'example_xcom_args_with_operators', 'example_xcom_args' retrieved from /home/airflow/.local/lib/python3.12/site-packages/airflow/example_dags/example_xcomargs.py
[2025-04-25T23:44:02.047+0000] {logging_mixin.py:190} INFO - [2025-04-25T23:44:02.047+0000] {dag.py:3239} INFO - Sync 2 DAGs
[2025-04-25T23:44:02.084+0000] {logging_mixin.py:190} INFO - [2025-04-25T23:44:02.084+0000] {dag.py:4180} INFO - Setting next_dagrun for example_xcom_args to None, run_after=None
[2025-04-25T23:44:02.093+0000] {logging_mixin.py:190} INFO - [2025-04-25T23:44:02.093+0000] {dag.py:4180} INFO - Setting next_dagrun for example_xcom_args_with_operators to None, run_after=None
[2025-04-25T23:44:02.127+0000] {processor.py:208} INFO - Processing /home/airflow/.local/lib/python3.12/site-packages/airflow/example_dags/example_xcomargs.py took 0.150 seconds
[2025-04-25T23:44:32.241+0000] {processor.py:186} INFO - Started process (PID=888) to work on /home/airflow/.local/lib/python3.12/site-packages/airflow/example_dags/example_xcomargs.py
[2025-04-25T23:44:32.243+0000] {processor.py:914} INFO - Processing file /home/airflow/.local/lib/python3.12/site-packages/airflow/example_dags/example_xcomargs.py for tasks to queue
[2025-04-25T23:44:32.247+0000] {logging_mixin.py:190} INFO - [2025-04-25T23:44:32.245+0000] {dagbag.py:588} INFO - Filling up the DagBag from /home/airflow/.local/lib/python3.12/site-packages/airflow/example_dags/example_xcomargs.py
[2025-04-25T23:44:32.262+0000] {processor.py:925} INFO - DAG(s) 'example_xcom_args_with_operators', 'example_xcom_args' retrieved from /home/airflow/.local/lib/python3.12/site-packages/airflow/example_dags/example_xcomargs.py
[2025-04-25T23:44:32.303+0000] {logging_mixin.py:190} INFO - [2025-04-25T23:44:32.303+0000] {dag.py:3239} INFO - Sync 2 DAGs
[2025-04-25T23:44:32.325+0000] {logging_mixin.py:190} INFO - [2025-04-25T23:44:32.325+0000] {dag.py:4180} INFO - Setting next_dagrun for example_xcom_args to None, run_after=None
[2025-04-25T23:44:32.333+0000] {logging_mixin.py:190} INFO - [2025-04-25T23:44:32.333+0000] {dag.py:4180} INFO - Setting next_dagrun for example_xcom_args_with_operators to None, run_after=None
[2025-04-25T23:44:32.364+0000] {processor.py:208} INFO - Processing /home/airflow/.local/lib/python3.12/site-packages/airflow/example_dags/example_xcomargs.py took 0.132 seconds
[2025-04-25T23:45:02.679+0000] {processor.py:186} INFO - Started process (PID=951) to work on /home/airflow/.local/lib/python3.12/site-packages/airflow/example_dags/example_xcomargs.py
[2025-04-25T23:45:02.684+0000] {processor.py:914} INFO - Processing file /home/airflow/.local/lib/python3.12/site-packages/airflow/example_dags/example_xcomargs.py for tasks to queue
[2025-04-25T23:45:02.688+0000] {logging_mixin.py:190} INFO - [2025-04-25T23:45:02.687+0000] {dagbag.py:588} INFO - Filling up the DagBag from /home/airflow/.local/lib/python3.12/site-packages/airflow/example_dags/example_xcomargs.py
[2025-04-25T23:45:02.708+0000] {processor.py:925} INFO - DAG(s) 'example_xcom_args', 'example_xcom_args_with_operators' retrieved from /home/airflow/.local/lib/python3.12/site-packages/airflow/example_dags/example_xcomargs.py
[2025-04-25T23:45:02.783+0000] {logging_mixin.py:190} INFO - [2025-04-25T23:45:02.783+0000] {dag.py:3239} INFO - Sync 2 DAGs
[2025-04-25T23:45:02.811+0000] {logging_mixin.py:190} INFO - [2025-04-25T23:45:02.810+0000] {dag.py:4180} INFO - Setting next_dagrun for example_xcom_args to None, run_after=None
[2025-04-25T23:45:02.829+0000] {logging_mixin.py:190} INFO - [2025-04-25T23:45:02.826+0000] {dag.py:4180} INFO - Setting next_dagrun for example_xcom_args_with_operators to None, run_after=None
[2025-04-25T23:45:02.867+0000] {processor.py:208} INFO - Processing /home/airflow/.local/lib/python3.12/site-packages/airflow/example_dags/example_xcomargs.py took 0.205 seconds
[2025-04-25T23:45:32.940+0000] {processor.py:186} INFO - Started process (PID=1014) to work on /home/airflow/.local/lib/python3.12/site-packages/airflow/example_dags/example_xcomargs.py
[2025-04-25T23:45:32.943+0000] {processor.py:914} INFO - Processing file /home/airflow/.local/lib/python3.12/site-packages/airflow/example_dags/example_xcomargs.py for tasks to queue
[2025-04-25T23:45:32.948+0000] {logging_mixin.py:190} INFO - [2025-04-25T23:45:32.947+0000] {dagbag.py:588} INFO - Filling up the DagBag from /home/airflow/.local/lib/python3.12/site-packages/airflow/example_dags/example_xcomargs.py
[2025-04-25T23:45:32.972+0000] {processor.py:925} INFO - DAG(s) 'example_xcom_args', 'example_xcom_args_with_operators' retrieved from /home/airflow/.local/lib/python3.12/site-packages/airflow/example_dags/example_xcomargs.py
[2025-04-25T23:45:33.023+0000] {logging_mixin.py:190} INFO - [2025-04-25T23:45:33.023+0000] {dag.py:3239} INFO - Sync 2 DAGs
[2025-04-25T23:45:33.049+0000] {logging_mixin.py:190} INFO - [2025-04-25T23:45:33.049+0000] {dag.py:4180} INFO - Setting next_dagrun for example_xcom_args to None, run_after=None
[2025-04-25T23:45:33.063+0000] {logging_mixin.py:190} INFO - [2025-04-25T23:45:33.062+0000] {dag.py:4180} INFO - Setting next_dagrun for example_xcom_args_with_operators to None, run_after=None
[2025-04-25T23:45:33.096+0000] {processor.py:208} INFO - Processing /home/airflow/.local/lib/python3.12/site-packages/airflow/example_dags/example_xcomargs.py took 0.164 seconds
[2025-04-25T23:46:04.097+0000] {processor.py:186} INFO - Started process (PID=1076) to work on /home/airflow/.local/lib/python3.12/site-packages/airflow/example_dags/example_xcomargs.py
[2025-04-25T23:46:04.100+0000] {processor.py:914} INFO - Processing file /home/airflow/.local/lib/python3.12/site-packages/airflow/example_dags/example_xcomargs.py for tasks to queue
[2025-04-25T23:46:04.105+0000] {logging_mixin.py:190} INFO - [2025-04-25T23:46:04.105+0000] {dagbag.py:588} INFO - Filling up the DagBag from /home/airflow/.local/lib/python3.12/site-packages/airflow/example_dags/example_xcomargs.py
[2025-04-25T23:46:04.124+0000] {processor.py:925} INFO - DAG(s) 'example_xcom_args_with_operators', 'example_xcom_args' retrieved from /home/airflow/.local/lib/python3.12/site-packages/airflow/example_dags/example_xcomargs.py
[2025-04-25T23:46:04.161+0000] {logging_mixin.py:190} INFO - [2025-04-25T23:46:04.160+0000] {dag.py:3239} INFO - Sync 2 DAGs
[2025-04-25T23:46:04.184+0000] {logging_mixin.py:190} INFO - [2025-04-25T23:46:04.184+0000] {dag.py:4180} INFO - Setting next_dagrun for example_xcom_args to None, run_after=None
[2025-04-25T23:46:04.190+0000] {logging_mixin.py:190} INFO - [2025-04-25T23:46:04.190+0000] {dag.py:4180} INFO - Setting next_dagrun for example_xcom_args_with_operators to None, run_after=None
[2025-04-25T23:46:04.222+0000] {processor.py:208} INFO - Processing /home/airflow/.local/lib/python3.12/site-packages/airflow/example_dags/example_xcomargs.py took 0.133 seconds
[2025-04-25T23:46:49.430+0000] {processor.py:186} INFO - Started process (PID=1138) to work on /home/airflow/.local/lib/python3.12/site-packages/airflow/example_dags/example_xcomargs.py
[2025-04-25T23:46:49.435+0000] {processor.py:914} INFO - Processing file /home/airflow/.local/lib/python3.12/site-packages/airflow/example_dags/example_xcomargs.py for tasks to queue
[2025-04-25T23:46:49.443+0000] {logging_mixin.py:190} INFO - [2025-04-25T23:46:49.443+0000] {dagbag.py:588} INFO - Filling up the DagBag from /home/airflow/.local/lib/python3.12/site-packages/airflow/example_dags/example_xcomargs.py
[2025-04-25T23:46:49.468+0000] {processor.py:925} INFO - DAG(s) 'example_xcom_args_with_operators', 'example_xcom_args' retrieved from /home/airflow/.local/lib/python3.12/site-packages/airflow/example_dags/example_xcomargs.py
[2025-04-25T23:46:49.554+0000] {logging_mixin.py:190} INFO - [2025-04-25T23:46:49.554+0000] {dag.py:3239} INFO - Sync 2 DAGs
[2025-04-25T23:46:49.593+0000] {logging_mixin.py:190} INFO - [2025-04-25T23:46:49.593+0000] {dag.py:4180} INFO - Setting next_dagrun for example_xcom_args to None, run_after=None
[2025-04-25T23:46:49.607+0000] {logging_mixin.py:190} INFO - [2025-04-25T23:46:49.605+0000] {dag.py:4180} INFO - Setting next_dagrun for example_xcom_args_with_operators to None, run_after=None
[2025-04-25T23:46:49.649+0000] {processor.py:208} INFO - Processing /home/airflow/.local/lib/python3.12/site-packages/airflow/example_dags/example_xcomargs.py took 0.231 seconds
[2025-04-25T23:47:20.431+0000] {processor.py:186} INFO - Started process (PID=1201) to work on /home/airflow/.local/lib/python3.12/site-packages/airflow/example_dags/example_xcomargs.py
[2025-04-25T23:47:20.433+0000] {processor.py:914} INFO - Processing file /home/airflow/.local/lib/python3.12/site-packages/airflow/example_dags/example_xcomargs.py for tasks to queue
[2025-04-25T23:47:20.436+0000] {logging_mixin.py:190} INFO - [2025-04-25T23:47:20.435+0000] {dagbag.py:588} INFO - Filling up the DagBag from /home/airflow/.local/lib/python3.12/site-packages/airflow/example_dags/example_xcomargs.py
[2025-04-25T23:47:20.455+0000] {processor.py:925} INFO - DAG(s) 'example_xcom_args_with_operators', 'example_xcom_args' retrieved from /home/airflow/.local/lib/python3.12/site-packages/airflow/example_dags/example_xcomargs.py
[2025-04-25T23:47:20.511+0000] {logging_mixin.py:190} INFO - [2025-04-25T23:47:20.508+0000] {dag.py:3239} INFO - Sync 2 DAGs
[2025-04-25T23:47:20.541+0000] {logging_mixin.py:190} INFO - [2025-04-25T23:47:20.541+0000] {dag.py:4180} INFO - Setting next_dagrun for example_xcom_args to None, run_after=None
[2025-04-25T23:47:20.547+0000] {logging_mixin.py:190} INFO - [2025-04-25T23:47:20.547+0000] {dag.py:4180} INFO - Setting next_dagrun for example_xcom_args_with_operators to None, run_after=None
[2025-04-25T23:47:20.570+0000] {processor.py:208} INFO - Processing /home/airflow/.local/lib/python3.12/site-packages/airflow/example_dags/example_xcomargs.py took 0.149 seconds
[2025-04-25T23:47:50.778+0000] {processor.py:186} INFO - Started process (PID=1262) to work on /home/airflow/.local/lib/python3.12/site-packages/airflow/example_dags/example_xcomargs.py
[2025-04-25T23:47:50.780+0000] {processor.py:914} INFO - Processing file /home/airflow/.local/lib/python3.12/site-packages/airflow/example_dags/example_xcomargs.py for tasks to queue
[2025-04-25T23:47:50.784+0000] {logging_mixin.py:190} INFO - [2025-04-25T23:47:50.784+0000] {dagbag.py:588} INFO - Filling up the DagBag from /home/airflow/.local/lib/python3.12/site-packages/airflow/example_dags/example_xcomargs.py
[2025-04-25T23:47:50.804+0000] {processor.py:925} INFO - DAG(s) 'example_xcom_args', 'example_xcom_args_with_operators' retrieved from /home/airflow/.local/lib/python3.12/site-packages/airflow/example_dags/example_xcomargs.py
[2025-04-25T23:47:50.871+0000] {logging_mixin.py:190} INFO - [2025-04-25T23:47:50.870+0000] {dag.py:3239} INFO - Sync 2 DAGs
[2025-04-25T23:47:50.904+0000] {logging_mixin.py:190} INFO - [2025-04-25T23:47:50.904+0000] {dag.py:4180} INFO - Setting next_dagrun for example_xcom_args to None, run_after=None
[2025-04-25T23:47:50.916+0000] {logging_mixin.py:190} INFO - [2025-04-25T23:47:50.915+0000] {dag.py:4180} INFO - Setting next_dagrun for example_xcom_args_with_operators to None, run_after=None
[2025-04-25T23:47:50.949+0000] {processor.py:208} INFO - Processing /home/airflow/.local/lib/python3.12/site-packages/airflow/example_dags/example_xcomargs.py took 0.185 seconds
[2025-04-25T23:48:21.253+0000] {processor.py:186} INFO - Started process (PID=1325) to work on /home/airflow/.local/lib/python3.12/site-packages/airflow/example_dags/example_xcomargs.py
[2025-04-25T23:48:21.256+0000] {processor.py:914} INFO - Processing file /home/airflow/.local/lib/python3.12/site-packages/airflow/example_dags/example_xcomargs.py for tasks to queue
[2025-04-25T23:48:21.259+0000] {logging_mixin.py:190} INFO - [2025-04-25T23:48:21.259+0000] {dagbag.py:588} INFO - Filling up the DagBag from /home/airflow/.local/lib/python3.12/site-packages/airflow/example_dags/example_xcomargs.py
[2025-04-25T23:48:21.276+0000] {processor.py:925} INFO - DAG(s) 'example_xcom_args_with_operators', 'example_xcom_args' retrieved from /home/airflow/.local/lib/python3.12/site-packages/airflow/example_dags/example_xcomargs.py
[2025-04-25T23:48:21.333+0000] {logging_mixin.py:190} INFO - [2025-04-25T23:48:21.332+0000] {dag.py:3239} INFO - Sync 2 DAGs
[2025-04-25T23:48:21.361+0000] {logging_mixin.py:190} INFO - [2025-04-25T23:48:21.361+0000] {dag.py:4180} INFO - Setting next_dagrun for example_xcom_args to None, run_after=None
[2025-04-25T23:48:21.366+0000] {logging_mixin.py:190} INFO - [2025-04-25T23:48:21.366+0000] {dag.py:4180} INFO - Setting next_dagrun for example_xcom_args_with_operators to None, run_after=None
[2025-04-25T23:48:21.404+0000] {processor.py:208} INFO - Processing /home/airflow/.local/lib/python3.12/site-packages/airflow/example_dags/example_xcomargs.py took 0.159 seconds
[2025-04-25T23:48:52.007+0000] {processor.py:186} INFO - Started process (PID=1387) to work on /home/airflow/.local/lib/python3.12/site-packages/airflow/example_dags/example_xcomargs.py
[2025-04-25T23:48:52.008+0000] {processor.py:914} INFO - Processing file /home/airflow/.local/lib/python3.12/site-packages/airflow/example_dags/example_xcomargs.py for tasks to queue
[2025-04-25T23:48:52.013+0000] {logging_mixin.py:190} INFO - [2025-04-25T23:48:52.013+0000] {dagbag.py:588} INFO - Filling up the DagBag from /home/airflow/.local/lib/python3.12/site-packages/airflow/example_dags/example_xcomargs.py
[2025-04-25T23:48:52.028+0000] {processor.py:925} INFO - DAG(s) 'example_xcom_args_with_operators', 'example_xcom_args' retrieved from /home/airflow/.local/lib/python3.12/site-packages/airflow/example_dags/example_xcomargs.py
[2025-04-25T23:48:52.077+0000] {logging_mixin.py:190} INFO - [2025-04-25T23:48:52.076+0000] {dag.py:3239} INFO - Sync 2 DAGs
[2025-04-25T23:48:52.099+0000] {logging_mixin.py:190} INFO - [2025-04-25T23:48:52.099+0000] {dag.py:4180} INFO - Setting next_dagrun for example_xcom_args to None, run_after=None
[2025-04-25T23:48:52.105+0000] {logging_mixin.py:190} INFO - [2025-04-25T23:48:52.105+0000] {dag.py:4180} INFO - Setting next_dagrun for example_xcom_args_with_operators to None, run_after=None
[2025-04-25T23:48:52.129+0000] {processor.py:208} INFO - Processing /home/airflow/.local/lib/python3.12/site-packages/airflow/example_dags/example_xcomargs.py took 0.129 seconds
[2025-04-25T23:49:22.796+0000] {processor.py:186} INFO - Started process (PID=1450) to work on /home/airflow/.local/lib/python3.12/site-packages/airflow/example_dags/example_xcomargs.py
[2025-04-25T23:49:22.797+0000] {processor.py:914} INFO - Processing file /home/airflow/.local/lib/python3.12/site-packages/airflow/example_dags/example_xcomargs.py for tasks to queue
[2025-04-25T23:49:22.800+0000] {logging_mixin.py:190} INFO - [2025-04-25T23:49:22.800+0000] {dagbag.py:588} INFO - Filling up the DagBag from /home/airflow/.local/lib/python3.12/site-packages/airflow/example_dags/example_xcomargs.py
[2025-04-25T23:49:22.816+0000] {processor.py:925} INFO - DAG(s) 'example_xcom_args_with_operators', 'example_xcom_args' retrieved from /home/airflow/.local/lib/python3.12/site-packages/airflow/example_dags/example_xcomargs.py
[2025-04-25T23:49:22.861+0000] {logging_mixin.py:190} INFO - [2025-04-25T23:49:22.860+0000] {dag.py:3239} INFO - Sync 2 DAGs
[2025-04-25T23:49:22.889+0000] {logging_mixin.py:190} INFO - [2025-04-25T23:49:22.888+0000] {dag.py:4180} INFO - Setting next_dagrun for example_xcom_args to None, run_after=None
[2025-04-25T23:49:22.899+0000] {logging_mixin.py:190} INFO - [2025-04-25T23:49:22.898+0000] {dag.py:4180} INFO - Setting next_dagrun for example_xcom_args_with_operators to None, run_after=None
[2025-04-25T23:49:22.927+0000] {processor.py:208} INFO - Processing /home/airflow/.local/lib/python3.12/site-packages/airflow/example_dags/example_xcomargs.py took 0.142 seconds
[2025-04-25T23:49:52.999+0000] {processor.py:186} INFO - Started process (PID=1512) to work on /home/airflow/.local/lib/python3.12/site-packages/airflow/example_dags/example_xcomargs.py
[2025-04-25T23:49:53.000+0000] {processor.py:914} INFO - Processing file /home/airflow/.local/lib/python3.12/site-packages/airflow/example_dags/example_xcomargs.py for tasks to queue
[2025-04-25T23:49:53.004+0000] {logging_mixin.py:190} INFO - [2025-04-25T23:49:53.003+0000] {dagbag.py:588} INFO - Filling up the DagBag from /home/airflow/.local/lib/python3.12/site-packages/airflow/example_dags/example_xcomargs.py
[2025-04-25T23:49:53.018+0000] {processor.py:925} INFO - DAG(s) 'example_xcom_args', 'example_xcom_args_with_operators' retrieved from /home/airflow/.local/lib/python3.12/site-packages/airflow/example_dags/example_xcomargs.py
[2025-04-25T23:49:53.060+0000] {logging_mixin.py:190} INFO - [2025-04-25T23:49:53.059+0000] {dag.py:3239} INFO - Sync 2 DAGs
[2025-04-25T23:49:53.087+0000] {logging_mixin.py:190} INFO - [2025-04-25T23:49:53.087+0000] {dag.py:4180} INFO - Setting next_dagrun for example_xcom_args to None, run_after=None
[2025-04-25T23:49:53.093+0000] {logging_mixin.py:190} INFO - [2025-04-25T23:49:53.093+0000] {dag.py:4180} INFO - Setting next_dagrun for example_xcom_args_with_operators to None, run_after=None
[2025-04-25T23:49:53.114+0000] {processor.py:208} INFO - Processing /home/airflow/.local/lib/python3.12/site-packages/airflow/example_dags/example_xcomargs.py took 0.122 seconds
[2025-04-25T23:50:23.241+0000] {processor.py:186} INFO - Started process (PID=1576) to work on /home/airflow/.local/lib/python3.12/site-packages/airflow/example_dags/example_xcomargs.py
[2025-04-25T23:50:23.243+0000] {processor.py:914} INFO - Processing file /home/airflow/.local/lib/python3.12/site-packages/airflow/example_dags/example_xcomargs.py for tasks to queue
[2025-04-25T23:50:23.264+0000] {logging_mixin.py:190} INFO - [2025-04-25T23:50:23.263+0000] {dagbag.py:588} INFO - Filling up the DagBag from /home/airflow/.local/lib/python3.12/site-packages/airflow/example_dags/example_xcomargs.py
[2025-04-25T23:50:23.308+0000] {processor.py:925} INFO - DAG(s) 'example_xcom_args_with_operators', 'example_xcom_args' retrieved from /home/airflow/.local/lib/python3.12/site-packages/airflow/example_dags/example_xcomargs.py
[2025-04-25T23:50:23.355+0000] {logging_mixin.py:190} INFO - [2025-04-25T23:50:23.354+0000] {dag.py:3239} INFO - Sync 2 DAGs
[2025-04-25T23:50:23.393+0000] {logging_mixin.py:190} INFO - [2025-04-25T23:50:23.391+0000] {dag.py:4180} INFO - Setting next_dagrun for example_xcom_args to None, run_after=None
[2025-04-25T23:50:23.406+0000] {logging_mixin.py:190} INFO - [2025-04-25T23:50:23.405+0000] {dag.py:4180} INFO - Setting next_dagrun for example_xcom_args_with_operators to None, run_after=None
[2025-04-25T23:50:23.475+0000] {processor.py:208} INFO - Processing /home/airflow/.local/lib/python3.12/site-packages/airflow/example_dags/example_xcomargs.py took 0.247 seconds
[2025-04-25T23:50:53.835+0000] {processor.py:186} INFO - Started process (PID=1638) to work on /home/airflow/.local/lib/python3.12/site-packages/airflow/example_dags/example_xcomargs.py
[2025-04-25T23:50:53.837+0000] {processor.py:914} INFO - Processing file /home/airflow/.local/lib/python3.12/site-packages/airflow/example_dags/example_xcomargs.py for tasks to queue
[2025-04-25T23:50:53.841+0000] {logging_mixin.py:190} INFO - [2025-04-25T23:50:53.840+0000] {dagbag.py:588} INFO - Filling up the DagBag from /home/airflow/.local/lib/python3.12/site-packages/airflow/example_dags/example_xcomargs.py
[2025-04-25T23:50:53.852+0000] {processor.py:925} INFO - DAG(s) 'example_xcom_args', 'example_xcom_args_with_operators' retrieved from /home/airflow/.local/lib/python3.12/site-packages/airflow/example_dags/example_xcomargs.py
[2025-04-25T23:50:53.883+0000] {logging_mixin.py:190} INFO - [2025-04-25T23:50:53.883+0000] {dag.py:3239} INFO - Sync 2 DAGs
[2025-04-25T23:50:53.899+0000] {logging_mixin.py:190} INFO - [2025-04-25T23:50:53.899+0000] {dag.py:4180} INFO - Setting next_dagrun for example_xcom_args to None, run_after=None
[2025-04-25T23:50:53.903+0000] {logging_mixin.py:190} INFO - [2025-04-25T23:50:53.903+0000] {dag.py:4180} INFO - Setting next_dagrun for example_xcom_args_with_operators to None, run_after=None
[2025-04-25T23:50:53.928+0000] {processor.py:208} INFO - Processing /home/airflow/.local/lib/python3.12/site-packages/airflow/example_dags/example_xcomargs.py took 0.102 seconds
[2025-04-25T23:51:28.506+0000] {processor.py:186} INFO - Started process (PID=1701) to work on /home/airflow/.local/lib/python3.12/site-packages/airflow/example_dags/example_xcomargs.py
[2025-04-25T23:51:28.511+0000] {processor.py:914} INFO - Processing file /home/airflow/.local/lib/python3.12/site-packages/airflow/example_dags/example_xcomargs.py for tasks to queue
[2025-04-25T23:51:28.517+0000] {logging_mixin.py:190} INFO - [2025-04-25T23:51:28.517+0000] {dagbag.py:588} INFO - Filling up the DagBag from /home/airflow/.local/lib/python3.12/site-packages/airflow/example_dags/example_xcomargs.py
[2025-04-25T23:51:28.545+0000] {processor.py:925} INFO - DAG(s) 'example_xcom_args_with_operators', 'example_xcom_args' retrieved from /home/airflow/.local/lib/python3.12/site-packages/airflow/example_dags/example_xcomargs.py
[2025-04-25T23:51:28.586+0000] {logging_mixin.py:190} INFO - [2025-04-25T23:51:28.586+0000] {dag.py:3239} INFO - Sync 2 DAGs
[2025-04-25T23:51:28.616+0000] {logging_mixin.py:190} INFO - [2025-04-25T23:51:28.616+0000] {dag.py:4180} INFO - Setting next_dagrun for example_xcom_args to None, run_after=None
[2025-04-25T23:51:28.623+0000] {logging_mixin.py:190} INFO - [2025-04-25T23:51:28.623+0000] {dag.py:4180} INFO - Setting next_dagrun for example_xcom_args_with_operators to None, run_after=None
[2025-04-25T23:51:28.651+0000] {processor.py:208} INFO - Processing /home/airflow/.local/lib/python3.12/site-packages/airflow/example_dags/example_xcomargs.py took 0.157 seconds
[2025-04-25T23:51:59.474+0000] {processor.py:186} INFO - Started process (PID=1764) to work on /home/airflow/.local/lib/python3.12/site-packages/airflow/example_dags/example_xcomargs.py
[2025-04-25T23:51:59.475+0000] {processor.py:914} INFO - Processing file /home/airflow/.local/lib/python3.12/site-packages/airflow/example_dags/example_xcomargs.py for tasks to queue
[2025-04-25T23:51:59.666+0000] {logging_mixin.py:190} INFO - [2025-04-25T23:51:59.665+0000] {dagbag.py:588} INFO - Filling up the DagBag from /home/airflow/.local/lib/python3.12/site-packages/airflow/example_dags/example_xcomargs.py
[2025-04-25T23:51:59.683+0000] {processor.py:925} INFO - DAG(s) 'example_xcom_args', 'example_xcom_args_with_operators' retrieved from /home/airflow/.local/lib/python3.12/site-packages/airflow/example_dags/example_xcomargs.py
[2025-04-25T23:51:59.721+0000] {logging_mixin.py:190} INFO - [2025-04-25T23:51:59.721+0000] {dag.py:3239} INFO - Sync 2 DAGs
[2025-04-25T23:51:59.743+0000] {logging_mixin.py:190} INFO - [2025-04-25T23:51:59.742+0000] {dag.py:4180} INFO - Setting next_dagrun for example_xcom_args to None, run_after=None
[2025-04-25T23:51:59.747+0000] {logging_mixin.py:190} INFO - [2025-04-25T23:51:59.747+0000] {dag.py:4180} INFO - Setting next_dagrun for example_xcom_args_with_operators to None, run_after=None
[2025-04-25T23:51:59.766+0000] {processor.py:208} INFO - Processing /home/airflow/.local/lib/python3.12/site-packages/airflow/example_dags/example_xcomargs.py took 0.301 seconds
[2025-04-25T23:52:30.211+0000] {processor.py:186} INFO - Started process (PID=1834) to work on /home/airflow/.local/lib/python3.12/site-packages/airflow/example_dags/example_xcomargs.py
[2025-04-25T23:52:30.212+0000] {processor.py:914} INFO - Processing file /home/airflow/.local/lib/python3.12/site-packages/airflow/example_dags/example_xcomargs.py for tasks to queue
[2025-04-25T23:52:30.215+0000] {logging_mixin.py:190} INFO - [2025-04-25T23:52:30.214+0000] {dagbag.py:588} INFO - Filling up the DagBag from /home/airflow/.local/lib/python3.12/site-packages/airflow/example_dags/example_xcomargs.py
[2025-04-25T23:52:30.231+0000] {processor.py:925} INFO - DAG(s) 'example_xcom_args', 'example_xcom_args_with_operators' retrieved from /home/airflow/.local/lib/python3.12/site-packages/airflow/example_dags/example_xcomargs.py
[2025-04-25T23:52:30.263+0000] {logging_mixin.py:190} INFO - [2025-04-25T23:52:30.263+0000] {dag.py:3239} INFO - Sync 2 DAGs
[2025-04-25T23:52:30.289+0000] {logging_mixin.py:190} INFO - [2025-04-25T23:52:30.288+0000] {dag.py:4180} INFO - Setting next_dagrun for example_xcom_args to None, run_after=None
[2025-04-25T23:52:30.293+0000] {logging_mixin.py:190} INFO - [2025-04-25T23:52:30.293+0000] {dag.py:4180} INFO - Setting next_dagrun for example_xcom_args_with_operators to None, run_after=None
[2025-04-25T23:52:30.316+0000] {processor.py:208} INFO - Processing /home/airflow/.local/lib/python3.12/site-packages/airflow/example_dags/example_xcomargs.py took 0.113 seconds
[2025-04-25T23:53:00.799+0000] {processor.py:186} INFO - Started process (PID=1899) to work on /home/airflow/.local/lib/python3.12/site-packages/airflow/example_dags/example_xcomargs.py
[2025-04-25T23:53:00.800+0000] {processor.py:914} INFO - Processing file /home/airflow/.local/lib/python3.12/site-packages/airflow/example_dags/example_xcomargs.py for tasks to queue
[2025-04-25T23:53:00.803+0000] {logging_mixin.py:190} INFO - [2025-04-25T23:53:00.803+0000] {dagbag.py:588} INFO - Filling up the DagBag from /home/airflow/.local/lib/python3.12/site-packages/airflow/example_dags/example_xcomargs.py
[2025-04-25T23:53:00.818+0000] {processor.py:925} INFO - DAG(s) 'example_xcom_args_with_operators', 'example_xcom_args' retrieved from /home/airflow/.local/lib/python3.12/site-packages/airflow/example_dags/example_xcomargs.py
[2025-04-25T23:53:00.849+0000] {logging_mixin.py:190} INFO - [2025-04-25T23:53:00.849+0000] {dag.py:3239} INFO - Sync 2 DAGs
[2025-04-25T23:53:00.869+0000] {logging_mixin.py:190} INFO - [2025-04-25T23:53:00.869+0000] {dag.py:4180} INFO - Setting next_dagrun for example_xcom_args to None, run_after=None
[2025-04-25T23:53:00.875+0000] {logging_mixin.py:190} INFO - [2025-04-25T23:53:00.875+0000] {dag.py:4180} INFO - Setting next_dagrun for example_xcom_args_with_operators to None, run_after=None
[2025-04-25T23:53:00.898+0000] {processor.py:208} INFO - Processing /home/airflow/.local/lib/python3.12/site-packages/airflow/example_dags/example_xcomargs.py took 0.107 seconds
[2025-04-25T23:53:32.279+0000] {processor.py:186} INFO - Started process (PID=1963) to work on /home/airflow/.local/lib/python3.12/site-packages/airflow/example_dags/example_xcomargs.py
[2025-04-25T23:53:32.282+0000] {processor.py:914} INFO - Processing file /home/airflow/.local/lib/python3.12/site-packages/airflow/example_dags/example_xcomargs.py for tasks to queue
[2025-04-25T23:53:32.287+0000] {logging_mixin.py:190} INFO - [2025-04-25T23:53:32.287+0000] {dagbag.py:588} INFO - Filling up the DagBag from /home/airflow/.local/lib/python3.12/site-packages/airflow/example_dags/example_xcomargs.py
[2025-04-25T23:53:32.300+0000] {processor.py:925} INFO - DAG(s) 'example_xcom_args_with_operators', 'example_xcom_args' retrieved from /home/airflow/.local/lib/python3.12/site-packages/airflow/example_dags/example_xcomargs.py
[2025-04-25T23:53:32.328+0000] {logging_mixin.py:190} INFO - [2025-04-25T23:53:32.328+0000] {dag.py:3239} INFO - Sync 2 DAGs
[2025-04-25T23:53:32.346+0000] {logging_mixin.py:190} INFO - [2025-04-25T23:53:32.346+0000] {dag.py:4180} INFO - Setting next_dagrun for example_xcom_args to None, run_after=None
[2025-04-25T23:53:32.350+0000] {logging_mixin.py:190} INFO - [2025-04-25T23:53:32.350+0000] {dag.py:4180} INFO - Setting next_dagrun for example_xcom_args_with_operators to None, run_after=None
[2025-04-25T23:53:32.369+0000] {processor.py:208} INFO - Processing /home/airflow/.local/lib/python3.12/site-packages/airflow/example_dags/example_xcomargs.py took 0.100 seconds
[2025-04-25T23:54:04.862+0000] {processor.py:186} INFO - Started process (PID=2027) to work on /home/airflow/.local/lib/python3.12/site-packages/airflow/example_dags/example_xcomargs.py
[2025-04-25T23:54:04.865+0000] {processor.py:914} INFO - Processing file /home/airflow/.local/lib/python3.12/site-packages/airflow/example_dags/example_xcomargs.py for tasks to queue
[2025-04-25T23:54:04.869+0000] {logging_mixin.py:190} INFO - [2025-04-25T23:54:04.869+0000] {dagbag.py:588} INFO - Filling up the DagBag from /home/airflow/.local/lib/python3.12/site-packages/airflow/example_dags/example_xcomargs.py
[2025-04-25T23:54:04.889+0000] {processor.py:925} INFO - DAG(s) 'example_xcom_args', 'example_xcom_args_with_operators' retrieved from /home/airflow/.local/lib/python3.12/site-packages/airflow/example_dags/example_xcomargs.py
[2025-04-25T23:54:04.926+0000] {logging_mixin.py:190} INFO - [2025-04-25T23:54:04.926+0000] {dag.py:3239} INFO - Sync 2 DAGs
[2025-04-25T23:54:04.954+0000] {logging_mixin.py:190} INFO - [2025-04-25T23:54:04.954+0000] {dag.py:4180} INFO - Setting next_dagrun for example_xcom_args to None, run_after=None
[2025-04-25T23:54:04.963+0000] {logging_mixin.py:190} INFO - [2025-04-25T23:54:04.962+0000] {dag.py:4180} INFO - Setting next_dagrun for example_xcom_args_with_operators to None, run_after=None
[2025-04-25T23:54:04.996+0000] {processor.py:208} INFO - Processing /home/airflow/.local/lib/python3.12/site-packages/airflow/example_dags/example_xcomargs.py took 0.144 seconds
[2025-04-25T23:54:35.361+0000] {processor.py:186} INFO - Started process (PID=2091) to work on /home/airflow/.local/lib/python3.12/site-packages/airflow/example_dags/example_xcomargs.py
[2025-04-25T23:54:35.366+0000] {processor.py:914} INFO - Processing file /home/airflow/.local/lib/python3.12/site-packages/airflow/example_dags/example_xcomargs.py for tasks to queue
[2025-04-25T23:54:35.369+0000] {logging_mixin.py:190} INFO - [2025-04-25T23:54:35.368+0000] {dagbag.py:588} INFO - Filling up the DagBag from /home/airflow/.local/lib/python3.12/site-packages/airflow/example_dags/example_xcomargs.py
[2025-04-25T23:54:35.386+0000] {processor.py:925} INFO - DAG(s) 'example_xcom_args', 'example_xcom_args_with_operators' retrieved from /home/airflow/.local/lib/python3.12/site-packages/airflow/example_dags/example_xcomargs.py
[2025-04-25T23:54:35.419+0000] {logging_mixin.py:190} INFO - [2025-04-25T23:54:35.419+0000] {dag.py:3239} INFO - Sync 2 DAGs
[2025-04-25T23:54:35.456+0000] {logging_mixin.py:190} INFO - [2025-04-25T23:54:35.456+0000] {dag.py:4180} INFO - Setting next_dagrun for example_xcom_args to None, run_after=None
[2025-04-25T23:54:35.462+0000] {logging_mixin.py:190} INFO - [2025-04-25T23:54:35.461+0000] {dag.py:4180} INFO - Setting next_dagrun for example_xcom_args_with_operators to None, run_after=None
[2025-04-25T23:54:35.490+0000] {processor.py:208} INFO - Processing /home/airflow/.local/lib/python3.12/site-packages/airflow/example_dags/example_xcomargs.py took 0.136 seconds
[2025-04-25T23:55:06.407+0000] {processor.py:186} INFO - Started process (PID=2155) to work on /home/airflow/.local/lib/python3.12/site-packages/airflow/example_dags/example_xcomargs.py
[2025-04-25T23:55:06.410+0000] {processor.py:914} INFO - Processing file /home/airflow/.local/lib/python3.12/site-packages/airflow/example_dags/example_xcomargs.py for tasks to queue
[2025-04-25T23:55:06.414+0000] {logging_mixin.py:190} INFO - [2025-04-25T23:55:06.413+0000] {dagbag.py:588} INFO - Filling up the DagBag from /home/airflow/.local/lib/python3.12/site-packages/airflow/example_dags/example_xcomargs.py
[2025-04-25T23:55:06.438+0000] {processor.py:925} INFO - DAG(s) 'example_xcom_args', 'example_xcom_args_with_operators' retrieved from /home/airflow/.local/lib/python3.12/site-packages/airflow/example_dags/example_xcomargs.py
[2025-04-25T23:55:06.493+0000] {logging_mixin.py:190} INFO - [2025-04-25T23:55:06.493+0000] {dag.py:3239} INFO - Sync 2 DAGs
[2025-04-25T23:55:06.536+0000] {logging_mixin.py:190} INFO - [2025-04-25T23:55:06.536+0000] {dag.py:4180} INFO - Setting next_dagrun for example_xcom_args to None, run_after=None
[2025-04-25T23:55:06.546+0000] {logging_mixin.py:190} INFO - [2025-04-25T23:55:06.545+0000] {dag.py:4180} INFO - Setting next_dagrun for example_xcom_args_with_operators to None, run_after=None
[2025-04-25T23:55:06.580+0000] {processor.py:208} INFO - Processing /home/airflow/.local/lib/python3.12/site-packages/airflow/example_dags/example_xcomargs.py took 0.184 seconds
[2025-04-25T23:55:37.693+0000] {processor.py:186} INFO - Started process (PID=2219) to work on /home/airflow/.local/lib/python3.12/site-packages/airflow/example_dags/example_xcomargs.py
[2025-04-25T23:55:37.694+0000] {processor.py:914} INFO - Processing file /home/airflow/.local/lib/python3.12/site-packages/airflow/example_dags/example_xcomargs.py for tasks to queue
[2025-04-25T23:55:37.697+0000] {logging_mixin.py:190} INFO - [2025-04-25T23:55:37.697+0000] {dagbag.py:588} INFO - Filling up the DagBag from /home/airflow/.local/lib/python3.12/site-packages/airflow/example_dags/example_xcomargs.py
[2025-04-25T23:55:37.714+0000] {processor.py:925} INFO - DAG(s) 'example_xcom_args', 'example_xcom_args_with_operators' retrieved from /home/airflow/.local/lib/python3.12/site-packages/airflow/example_dags/example_xcomargs.py
[2025-04-25T23:55:37.756+0000] {logging_mixin.py:190} INFO - [2025-04-25T23:55:37.756+0000] {dag.py:3239} INFO - Sync 2 DAGs
[2025-04-25T23:55:37.786+0000] {logging_mixin.py:190} INFO - [2025-04-25T23:55:37.785+0000] {dag.py:4180} INFO - Setting next_dagrun for example_xcom_args to None, run_after=None
[2025-04-25T23:55:37.798+0000] {logging_mixin.py:190} INFO - [2025-04-25T23:55:37.798+0000] {dag.py:4180} INFO - Setting next_dagrun for example_xcom_args_with_operators to None, run_after=None
[2025-04-25T23:55:37.888+0000] {processor.py:208} INFO - Processing /home/airflow/.local/lib/python3.12/site-packages/airflow/example_dags/example_xcomargs.py took 0.203 seconds
[2025-04-25T23:56:10.529+0000] {processor.py:186} INFO - Started process (PID=2283) to work on /home/airflow/.local/lib/python3.12/site-packages/airflow/example_dags/example_xcomargs.py
[2025-04-25T23:56:10.531+0000] {processor.py:914} INFO - Processing file /home/airflow/.local/lib/python3.12/site-packages/airflow/example_dags/example_xcomargs.py for tasks to queue
[2025-04-25T23:56:10.534+0000] {logging_mixin.py:190} INFO - [2025-04-25T23:56:10.534+0000] {dagbag.py:588} INFO - Filling up the DagBag from /home/airflow/.local/lib/python3.12/site-packages/airflow/example_dags/example_xcomargs.py
[2025-04-25T23:56:10.547+0000] {processor.py:925} INFO - DAG(s) 'example_xcom_args', 'example_xcom_args_with_operators' retrieved from /home/airflow/.local/lib/python3.12/site-packages/airflow/example_dags/example_xcomargs.py
[2025-04-25T23:56:10.576+0000] {logging_mixin.py:190} INFO - [2025-04-25T23:56:10.576+0000] {dag.py:3239} INFO - Sync 2 DAGs
[2025-04-25T23:56:10.595+0000] {logging_mixin.py:190} INFO - [2025-04-25T23:56:10.594+0000] {dag.py:4180} INFO - Setting next_dagrun for example_xcom_args to None, run_after=None
[2025-04-25T23:56:10.599+0000] {logging_mixin.py:190} INFO - [2025-04-25T23:56:10.599+0000] {dag.py:4180} INFO - Setting next_dagrun for example_xcom_args_with_operators to None, run_after=None
[2025-04-25T23:56:10.618+0000] {processor.py:208} INFO - Processing /home/airflow/.local/lib/python3.12/site-packages/airflow/example_dags/example_xcomargs.py took 0.098 seconds
[2025-04-25T23:56:42.097+0000] {processor.py:186} INFO - Started process (PID=2348) to work on /home/airflow/.local/lib/python3.12/site-packages/airflow/example_dags/example_xcomargs.py
[2025-04-25T23:56:42.100+0000] {processor.py:914} INFO - Processing file /home/airflow/.local/lib/python3.12/site-packages/airflow/example_dags/example_xcomargs.py for tasks to queue
[2025-04-25T23:56:42.102+0000] {logging_mixin.py:190} INFO - [2025-04-25T23:56:42.101+0000] {dagbag.py:588} INFO - Filling up the DagBag from /home/airflow/.local/lib/python3.12/site-packages/airflow/example_dags/example_xcomargs.py
[2025-04-25T23:56:42.117+0000] {processor.py:925} INFO - DAG(s) 'example_xcom_args', 'example_xcom_args_with_operators' retrieved from /home/airflow/.local/lib/python3.12/site-packages/airflow/example_dags/example_xcomargs.py
[2025-04-25T23:56:42.157+0000] {logging_mixin.py:190} INFO - [2025-04-25T23:56:42.157+0000] {dag.py:3239} INFO - Sync 2 DAGs
[2025-04-25T23:56:42.176+0000] {logging_mixin.py:190} INFO - [2025-04-25T23:56:42.176+0000] {dag.py:4180} INFO - Setting next_dagrun for example_xcom_args to None, run_after=None
[2025-04-25T23:56:42.183+0000] {logging_mixin.py:190} INFO - [2025-04-25T23:56:42.183+0000] {dag.py:4180} INFO - Setting next_dagrun for example_xcom_args_with_operators to None, run_after=None
[2025-04-25T23:56:42.210+0000] {processor.py:208} INFO - Processing /home/airflow/.local/lib/python3.12/site-packages/airflow/example_dags/example_xcomargs.py took 0.120 seconds
[2025-04-25T23:57:13.734+0000] {processor.py:186} INFO - Started process (PID=2412) to work on /home/airflow/.local/lib/python3.12/site-packages/airflow/example_dags/example_xcomargs.py
[2025-04-25T23:57:13.738+0000] {processor.py:914} INFO - Processing file /home/airflow/.local/lib/python3.12/site-packages/airflow/example_dags/example_xcomargs.py for tasks to queue
[2025-04-25T23:57:13.744+0000] {logging_mixin.py:190} INFO - [2025-04-25T23:57:13.743+0000] {dagbag.py:588} INFO - Filling up the DagBag from /home/airflow/.local/lib/python3.12/site-packages/airflow/example_dags/example_xcomargs.py
[2025-04-25T23:57:13.768+0000] {processor.py:925} INFO - DAG(s) 'example_xcom_args', 'example_xcom_args_with_operators' retrieved from /home/airflow/.local/lib/python3.12/site-packages/airflow/example_dags/example_xcomargs.py
[2025-04-25T23:57:13.829+0000] {logging_mixin.py:190} INFO - [2025-04-25T23:57:13.828+0000] {dag.py:3239} INFO - Sync 2 DAGs
[2025-04-25T23:57:13.858+0000] {logging_mixin.py:190} INFO - [2025-04-25T23:57:13.857+0000] {dag.py:4180} INFO - Setting next_dagrun for example_xcom_args to None, run_after=None
[2025-04-25T23:57:13.864+0000] {logging_mixin.py:190} INFO - [2025-04-25T23:57:13.863+0000] {dag.py:4180} INFO - Setting next_dagrun for example_xcom_args_with_operators to None, run_after=None
[2025-04-25T23:57:13.897+0000] {processor.py:208} INFO - Processing /home/airflow/.local/lib/python3.12/site-packages/airflow/example_dags/example_xcomargs.py took 0.172 seconds
[2025-04-25T23:58:49.802+0000] {processor.py:186} INFO - Started process (PID=2481) to work on /home/airflow/.local/lib/python3.12/site-packages/airflow/example_dags/example_xcomargs.py
[2025-04-25T23:58:49.808+0000] {processor.py:914} INFO - Processing file /home/airflow/.local/lib/python3.12/site-packages/airflow/example_dags/example_xcomargs.py for tasks to queue
[2025-04-25T23:58:49.817+0000] {logging_mixin.py:190} INFO - [2025-04-25T23:58:49.813+0000] {dagbag.py:588} INFO - Filling up the DagBag from /home/airflow/.local/lib/python3.12/site-packages/airflow/example_dags/example_xcomargs.py
[2025-04-25T23:58:49.867+0000] {processor.py:925} INFO - DAG(s) 'example_xcom_args', 'example_xcom_args_with_operators' retrieved from /home/airflow/.local/lib/python3.12/site-packages/airflow/example_dags/example_xcomargs.py
[2025-04-25T23:58:49.951+0000] {logging_mixin.py:190} INFO - [2025-04-25T23:58:49.951+0000] {dag.py:3239} INFO - Sync 2 DAGs
[2025-04-25T23:58:50.098+0000] {logging_mixin.py:190} INFO - [2025-04-25T23:58:50.098+0000] {dag.py:4180} INFO - Setting next_dagrun for example_xcom_args to None, run_after=None
[2025-04-25T23:58:50.135+0000] {logging_mixin.py:190} INFO - [2025-04-25T23:58:50.135+0000] {dag.py:4180} INFO - Setting next_dagrun for example_xcom_args_with_operators to None, run_after=None
[2025-04-25T23:58:50.228+0000] {processor.py:208} INFO - Processing /home/airflow/.local/lib/python3.12/site-packages/airflow/example_dags/example_xcomargs.py took 0.458 seconds
[2025-04-25T23:59:20.702+0000] {processor.py:186} INFO - Started process (PID=2546) to work on /home/airflow/.local/lib/python3.12/site-packages/airflow/example_dags/example_xcomargs.py
[2025-04-25T23:59:20.703+0000] {processor.py:914} INFO - Processing file /home/airflow/.local/lib/python3.12/site-packages/airflow/example_dags/example_xcomargs.py for tasks to queue
[2025-04-25T23:59:20.704+0000] {logging_mixin.py:190} INFO - [2025-04-25T23:59:20.704+0000] {dagbag.py:588} INFO - Filling up the DagBag from /home/airflow/.local/lib/python3.12/site-packages/airflow/example_dags/example_xcomargs.py
[2025-04-25T23:59:20.728+0000] {processor.py:925} INFO - DAG(s) 'example_xcom_args_with_operators', 'example_xcom_args' retrieved from /home/airflow/.local/lib/python3.12/site-packages/airflow/example_dags/example_xcomargs.py
[2025-04-25T23:59:20.802+0000] {logging_mixin.py:190} INFO - [2025-04-25T23:59:20.801+0000] {dag.py:3239} INFO - Sync 2 DAGs
[2025-04-25T23:59:20.840+0000] {logging_mixin.py:190} INFO - [2025-04-25T23:59:20.840+0000] {dag.py:4180} INFO - Setting next_dagrun for example_xcom_args to None, run_after=None
[2025-04-25T23:59:20.851+0000] {logging_mixin.py:190} INFO - [2025-04-25T23:59:20.851+0000] {dag.py:4180} INFO - Setting next_dagrun for example_xcom_args_with_operators to None, run_after=None
[2025-04-25T23:59:20.899+0000] {processor.py:208} INFO - Processing /home/airflow/.local/lib/python3.12/site-packages/airflow/example_dags/example_xcomargs.py took 0.209 seconds
[2025-04-25T23:59:57.291+0000] {processor.py:186} INFO - Started process (PID=2610) to work on /home/airflow/.local/lib/python3.12/site-packages/airflow/example_dags/example_xcomargs.py
[2025-04-25T23:59:57.300+0000] {processor.py:914} INFO - Processing file /home/airflow/.local/lib/python3.12/site-packages/airflow/example_dags/example_xcomargs.py for tasks to queue
[2025-04-25T23:59:57.308+0000] {logging_mixin.py:190} INFO - [2025-04-25T23:59:57.307+0000] {dagbag.py:588} INFO - Filling up the DagBag from /home/airflow/.local/lib/python3.12/site-packages/airflow/example_dags/example_xcomargs.py
[2025-04-25T23:59:57.341+0000] {processor.py:925} INFO - DAG(s) 'example_xcom_args_with_operators', 'example_xcom_args' retrieved from /home/airflow/.local/lib/python3.12/site-packages/airflow/example_dags/example_xcomargs.py
[2025-04-25T23:59:57.482+0000] {logging_mixin.py:190} INFO - [2025-04-25T23:59:57.482+0000] {dag.py:3239} INFO - Sync 2 DAGs
[2025-04-25T23:59:57.561+0000] {logging_mixin.py:190} INFO - [2025-04-25T23:59:57.560+0000] {dag.py:4180} INFO - Setting next_dagrun for example_xcom_args to None, run_after=None
[2025-04-25T23:59:57.581+0000] {logging_mixin.py:190} INFO - [2025-04-25T23:59:57.581+0000] {dag.py:4180} INFO - Setting next_dagrun for example_xcom_args_with_operators to None, run_after=None
[2025-04-25T23:59:57.630+0000] {processor.py:208} INFO - Processing /home/airflow/.local/lib/python3.12/site-packages/airflow/example_dags/example_xcomargs.py took 0.358 seconds
