[2025-04-25T23:31:09.118+0000] {processor.py:186} INFO - Started process (PID=85) to work on /home/airflow/.local/lib/python3.12/site-packages/airflow/example_dags/example_workday_timetable.py
[2025-04-25T23:31:09.153+0000] {processor.py:914} INFO - Processing file /home/airflow/.local/lib/python3.12/site-packages/airflow/example_dags/example_workday_timetable.py for tasks to queue
[2025-04-25T23:31:09.178+0000] {logging_mixin.py:190} INFO - [2025-04-25T23:31:09.173+0000] {dagbag.py:588} INFO - Filling up the DagBag from /home/airflow/.local/lib/python3.12/site-packages/airflow/example_dags/example_workday_timetable.py
[2025-04-25T23:31:09.575+0000] {processor.py:925} INFO - DAG(s) 'example_workday_timetable' retrieved from /home/airflow/.local/lib/python3.12/site-packages/airflow/example_dags/example_workday_timetable.py
[2025-04-25T23:31:14.613+0000] {logging_mixin.py:190} INFO - [2025-04-25T23:31:14.585+0000] {override.py:1911} INFO - Created Permission View: can delete on DAG:example_workday_timetable
[2025-04-25T23:31:14.755+0000] {logging_mixin.py:190} INFO - [2025-04-25T23:31:14.709+0000] {override.py:1911} INFO - Created Permission View: can read on DAG:example_workday_timetable
[2025-04-25T23:31:14.970+0000] {logging_mixin.py:190} INFO - [2025-04-25T23:31:14.970+0000] {override.py:1911} INFO - Created Permission View: can edit on DAG:example_workday_timetable
[2025-04-25T23:31:15.042+0000] {logging_mixin.py:190} INFO - [2025-04-25T23:31:15.042+0000] {override.py:1911} INFO - Created Permission View: can create on DAG Run:example_workday_timetable
[2025-04-25T23:31:15.073+0000] {logging_mixin.py:190} INFO - [2025-04-25T23:31:15.065+0000] {override.py:1911} INFO - Created Permission View: can delete on DAG Run:example_workday_timetable
[2025-04-25T23:31:15.125+0000] {logging_mixin.py:190} INFO - [2025-04-25T23:31:15.125+0000] {override.py:1911} INFO - Created Permission View: can read on DAG Run:example_workday_timetable
[2025-04-25T23:31:15.189+0000] {logging_mixin.py:190} INFO - [2025-04-25T23:31:15.185+0000] {override.py:1911} INFO - Created Permission View: menu access on DAG Run:example_workday_timetable
[2025-04-25T23:31:15.194+0000] {logging_mixin.py:190} INFO - [2025-04-25T23:31:15.194+0000] {dag.py:3239} INFO - Sync 1 DAGs
[2025-04-25T23:31:15.304+0000] {logging_mixin.py:190} INFO - [2025-04-25T23:31:15.302+0000] {dag.py:3262} INFO - Creating ORM DAG for example_workday_timetable
[2025-04-25T23:31:16.398+0000] {logging_mixin.py:190} INFO - [2025-04-25T23:31:16.397+0000] {dag.py:4180} INFO - Setting next_dagrun for example_workday_timetable to 2021-01-04 00:00:00+00:00, run_after=2021-01-05 00:00:00+00:00
[2025-04-25T23:31:16.514+0000] {processor.py:208} INFO - Processing /home/airflow/.local/lib/python3.12/site-packages/airflow/example_dags/example_workday_timetable.py took 7.461 seconds
[2025-04-25T23:33:41.836+0000] {processor.py:186} INFO - Started process (PID=172) to work on /home/airflow/.local/lib/python3.12/site-packages/airflow/example_dags/example_workday_timetable.py
[2025-04-25T23:33:41.840+0000] {processor.py:914} INFO - Processing file /home/airflow/.local/lib/python3.12/site-packages/airflow/example_dags/example_workday_timetable.py for tasks to queue
[2025-04-25T23:33:41.845+0000] {logging_mixin.py:190} INFO - [2025-04-25T23:33:41.844+0000] {dagbag.py:588} INFO - Filling up the DagBag from /home/airflow/.local/lib/python3.12/site-packages/airflow/example_dags/example_workday_timetable.py
[2025-04-25T23:33:41.854+0000] {processor.py:925} INFO - DAG(s) 'example_workday_timetable' retrieved from /home/airflow/.local/lib/python3.12/site-packages/airflow/example_dags/example_workday_timetable.py
[2025-04-25T23:33:41.892+0000] {logging_mixin.py:190} INFO - [2025-04-25T23:33:41.892+0000] {dag.py:3239} INFO - Sync 1 DAGs
[2025-04-25T23:33:42.297+0000] {logging_mixin.py:190} INFO - [2025-04-25T23:33:42.295+0000] {dag.py:4180} INFO - Setting next_dagrun for example_workday_timetable to 2021-01-04 00:00:00+00:00, run_after=2021-01-05 00:00:00+00:00
[2025-04-25T23:33:42.384+0000] {processor.py:208} INFO - Processing /home/airflow/.local/lib/python3.12/site-packages/airflow/example_dags/example_workday_timetable.py took 0.559 seconds
[2025-04-25T23:34:32.788+0000] {processor.py:186} INFO - Started process (PID=228) to work on /home/airflow/.local/lib/python3.12/site-packages/airflow/example_dags/example_workday_timetable.py
[2025-04-25T23:34:32.810+0000] {processor.py:914} INFO - Processing file /home/airflow/.local/lib/python3.12/site-packages/airflow/example_dags/example_workday_timetable.py for tasks to queue
[2025-04-25T23:34:32.820+0000] {logging_mixin.py:190} INFO - [2025-04-25T23:34:32.819+0000] {dagbag.py:588} INFO - Filling up the DagBag from /home/airflow/.local/lib/python3.12/site-packages/airflow/example_dags/example_workday_timetable.py
[2025-04-25T23:34:32.856+0000] {processor.py:925} INFO - DAG(s) 'example_workday_timetable' retrieved from /home/airflow/.local/lib/python3.12/site-packages/airflow/example_dags/example_workday_timetable.py
[2025-04-25T23:34:32.936+0000] {logging_mixin.py:190} INFO - [2025-04-25T23:34:32.935+0000] {dag.py:3239} INFO - Sync 1 DAGs
[2025-04-25T23:34:33.962+0000] {logging_mixin.py:190} INFO - [2025-04-25T23:34:33.959+0000] {dag.py:4180} INFO - Setting next_dagrun for example_workday_timetable to 2021-01-04 00:00:00+00:00, run_after=2021-01-05 00:00:00+00:00
[2025-04-25T23:34:34.156+0000] {processor.py:208} INFO - Processing /home/airflow/.local/lib/python3.12/site-packages/airflow/example_dags/example_workday_timetable.py took 1.434 seconds
[2025-04-25T23:35:26.956+0000] {processor.py:186} INFO - Started process (PID=284) to work on /home/airflow/.local/lib/python3.12/site-packages/airflow/example_dags/example_workday_timetable.py
[2025-04-25T23:35:26.957+0000] {processor.py:914} INFO - Processing file /home/airflow/.local/lib/python3.12/site-packages/airflow/example_dags/example_workday_timetable.py for tasks to queue
[2025-04-25T23:35:26.963+0000] {logging_mixin.py:190} INFO - [2025-04-25T23:35:26.962+0000] {dagbag.py:588} INFO - Filling up the DagBag from /home/airflow/.local/lib/python3.12/site-packages/airflow/example_dags/example_workday_timetable.py
[2025-04-25T23:35:27.002+0000] {processor.py:925} INFO - DAG(s) 'example_workday_timetable' retrieved from /home/airflow/.local/lib/python3.12/site-packages/airflow/example_dags/example_workday_timetable.py
[2025-04-25T23:35:27.242+0000] {logging_mixin.py:190} INFO - [2025-04-25T23:35:27.240+0000] {dag.py:3239} INFO - Sync 1 DAGs
[2025-04-25T23:35:28.117+0000] {logging_mixin.py:190} INFO - [2025-04-25T23:35:28.117+0000] {dag.py:4180} INFO - Setting next_dagrun for example_workday_timetable to 2021-01-04 00:00:00+00:00, run_after=2021-01-05 00:00:00+00:00
[2025-04-25T23:35:28.357+0000] {processor.py:208} INFO - Processing /home/airflow/.local/lib/python3.12/site-packages/airflow/example_dags/example_workday_timetable.py took 1.413 seconds
[2025-04-25T23:37:16.213+0000] {processor.py:186} INFO - Started process (PID=73) to work on /home/airflow/.local/lib/python3.12/site-packages/airflow/example_dags/example_workday_timetable.py
[2025-04-25T23:37:16.218+0000] {processor.py:914} INFO - Processing file /home/airflow/.local/lib/python3.12/site-packages/airflow/example_dags/example_workday_timetable.py for tasks to queue
[2025-04-25T23:37:16.228+0000] {logging_mixin.py:190} INFO - [2025-04-25T23:37:16.227+0000] {dagbag.py:588} INFO - Filling up the DagBag from /home/airflow/.local/lib/python3.12/site-packages/airflow/example_dags/example_workday_timetable.py
[2025-04-25T23:37:16.283+0000] {processor.py:925} INFO - DAG(s) 'example_workday_timetable' retrieved from /home/airflow/.local/lib/python3.12/site-packages/airflow/example_dags/example_workday_timetable.py
[2025-04-25T23:37:17.070+0000] {logging_mixin.py:190} INFO - [2025-04-25T23:37:17.069+0000] {dag.py:3239} INFO - Sync 1 DAGs
[2025-04-25T23:37:17.537+0000] {logging_mixin.py:190} INFO - [2025-04-25T23:37:17.536+0000] {dag.py:4180} INFO - Setting next_dagrun for example_workday_timetable to 2021-01-04 00:00:00+00:00, run_after=2021-01-05 00:00:00+00:00
[2025-04-25T23:37:17.669+0000] {processor.py:208} INFO - Processing /home/airflow/.local/lib/python3.12/site-packages/airflow/example_dags/example_workday_timetable.py took 1.504 seconds
[2025-04-25T23:38:06.063+0000] {processor.py:186} INFO - Started process (PID=142) to work on /home/airflow/.local/lib/python3.12/site-packages/airflow/example_dags/example_workday_timetable.py
[2025-04-25T23:38:06.064+0000] {processor.py:914} INFO - Processing file /home/airflow/.local/lib/python3.12/site-packages/airflow/example_dags/example_workday_timetable.py for tasks to queue
[2025-04-25T23:38:06.068+0000] {logging_mixin.py:190} INFO - [2025-04-25T23:38:06.068+0000] {dagbag.py:588} INFO - Filling up the DagBag from /home/airflow/.local/lib/python3.12/site-packages/airflow/example_dags/example_workday_timetable.py
[2025-04-25T23:38:06.077+0000] {processor.py:925} INFO - DAG(s) 'example_workday_timetable' retrieved from /home/airflow/.local/lib/python3.12/site-packages/airflow/example_dags/example_workday_timetable.py
[2025-04-25T23:38:06.131+0000] {logging_mixin.py:190} INFO - [2025-04-25T23:38:06.131+0000] {dag.py:3239} INFO - Sync 1 DAGs
[2025-04-25T23:38:06.366+0000] {logging_mixin.py:190} INFO - [2025-04-25T23:38:06.366+0000] {dag.py:4180} INFO - Setting next_dagrun for example_workday_timetable to 2021-01-04 00:00:00+00:00, run_after=2021-01-05 00:00:00+00:00
[2025-04-25T23:38:06.469+0000] {processor.py:208} INFO - Processing /home/airflow/.local/lib/python3.12/site-packages/airflow/example_dags/example_workday_timetable.py took 0.415 seconds
[2025-04-25T23:38:45.129+0000] {processor.py:186} INFO - Started process (PID=204) to work on /home/airflow/.local/lib/python3.12/site-packages/airflow/example_dags/example_workday_timetable.py
[2025-04-25T23:38:45.134+0000] {processor.py:914} INFO - Processing file /home/airflow/.local/lib/python3.12/site-packages/airflow/example_dags/example_workday_timetable.py for tasks to queue
[2025-04-25T23:38:45.139+0000] {logging_mixin.py:190} INFO - [2025-04-25T23:38:45.138+0000] {dagbag.py:588} INFO - Filling up the DagBag from /home/airflow/.local/lib/python3.12/site-packages/airflow/example_dags/example_workday_timetable.py
[2025-04-25T23:38:45.153+0000] {processor.py:925} INFO - DAG(s) 'example_workday_timetable' retrieved from /home/airflow/.local/lib/python3.12/site-packages/airflow/example_dags/example_workday_timetable.py
[2025-04-25T23:38:45.190+0000] {logging_mixin.py:190} INFO - [2025-04-25T23:38:45.190+0000] {dag.py:3239} INFO - Sync 1 DAGs
[2025-04-25T23:38:45.384+0000] {logging_mixin.py:190} INFO - [2025-04-25T23:38:45.383+0000] {dag.py:4180} INFO - Setting next_dagrun for example_workday_timetable to 2021-01-04 00:00:00+00:00, run_after=2021-01-05 00:00:00+00:00
[2025-04-25T23:38:45.420+0000] {processor.py:208} INFO - Processing /home/airflow/.local/lib/python3.12/site-packages/airflow/example_dags/example_workday_timetable.py took 0.302 seconds
[2025-04-25T23:39:16.005+0000] {processor.py:186} INFO - Started process (PID=266) to work on /home/airflow/.local/lib/python3.12/site-packages/airflow/example_dags/example_workday_timetable.py
[2025-04-25T23:39:16.006+0000] {processor.py:914} INFO - Processing file /home/airflow/.local/lib/python3.12/site-packages/airflow/example_dags/example_workday_timetable.py for tasks to queue
[2025-04-25T23:39:16.013+0000] {logging_mixin.py:190} INFO - [2025-04-25T23:39:16.012+0000] {dagbag.py:588} INFO - Filling up the DagBag from /home/airflow/.local/lib/python3.12/site-packages/airflow/example_dags/example_workday_timetable.py
[2025-04-25T23:39:16.025+0000] {processor.py:925} INFO - DAG(s) 'example_workday_timetable' retrieved from /home/airflow/.local/lib/python3.12/site-packages/airflow/example_dags/example_workday_timetable.py
[2025-04-25T23:39:16.054+0000] {logging_mixin.py:190} INFO - [2025-04-25T23:39:16.054+0000] {dag.py:3239} INFO - Sync 1 DAGs
[2025-04-25T23:39:16.206+0000] {logging_mixin.py:190} INFO - [2025-04-25T23:39:16.206+0000] {dag.py:4180} INFO - Setting next_dagrun for example_workday_timetable to 2021-01-04 00:00:00+00:00, run_after=2021-01-05 00:00:00+00:00
[2025-04-25T23:39:16.249+0000] {processor.py:208} INFO - Processing /home/airflow/.local/lib/python3.12/site-packages/airflow/example_dags/example_workday_timetable.py took 0.253 seconds
[2025-04-25T23:39:49.617+0000] {processor.py:186} INFO - Started process (PID=321) to work on /home/airflow/.local/lib/python3.12/site-packages/airflow/example_dags/example_workday_timetable.py
[2025-04-25T23:39:49.619+0000] {processor.py:914} INFO - Processing file /home/airflow/.local/lib/python3.12/site-packages/airflow/example_dags/example_workday_timetable.py for tasks to queue
[2025-04-25T23:39:49.623+0000] {logging_mixin.py:190} INFO - [2025-04-25T23:39:49.622+0000] {dagbag.py:588} INFO - Filling up the DagBag from /home/airflow/.local/lib/python3.12/site-packages/airflow/example_dags/example_workday_timetable.py
[2025-04-25T23:39:49.638+0000] {processor.py:925} INFO - DAG(s) 'example_workday_timetable' retrieved from /home/airflow/.local/lib/python3.12/site-packages/airflow/example_dags/example_workday_timetable.py
[2025-04-25T23:39:49.701+0000] {logging_mixin.py:190} INFO - [2025-04-25T23:39:49.700+0000] {dag.py:3239} INFO - Sync 1 DAGs
[2025-04-25T23:39:49.998+0000] {logging_mixin.py:190} INFO - [2025-04-25T23:39:49.998+0000] {dag.py:4180} INFO - Setting next_dagrun for example_workday_timetable to 2021-01-04 00:00:00+00:00, run_after=2021-01-05 00:00:00+00:00
[2025-04-25T23:39:50.069+0000] {processor.py:208} INFO - Processing /home/airflow/.local/lib/python3.12/site-packages/airflow/example_dags/example_workday_timetable.py took 0.467 seconds
[2025-04-25T23:40:20.580+0000] {processor.py:186} INFO - Started process (PID=384) to work on /home/airflow/.local/lib/python3.12/site-packages/airflow/example_dags/example_workday_timetable.py
[2025-04-25T23:40:20.582+0000] {processor.py:914} INFO - Processing file /home/airflow/.local/lib/python3.12/site-packages/airflow/example_dags/example_workday_timetable.py for tasks to queue
[2025-04-25T23:40:20.584+0000] {logging_mixin.py:190} INFO - [2025-04-25T23:40:20.584+0000] {dagbag.py:588} INFO - Filling up the DagBag from /home/airflow/.local/lib/python3.12/site-packages/airflow/example_dags/example_workday_timetable.py
[2025-04-25T23:40:20.597+0000] {processor.py:925} INFO - DAG(s) 'example_workday_timetable' retrieved from /home/airflow/.local/lib/python3.12/site-packages/airflow/example_dags/example_workday_timetable.py
[2025-04-25T23:40:20.625+0000] {logging_mixin.py:190} INFO - [2025-04-25T23:40:20.624+0000] {dag.py:3239} INFO - Sync 1 DAGs
[2025-04-25T23:40:20.733+0000] {logging_mixin.py:190} INFO - [2025-04-25T23:40:20.733+0000] {dag.py:4180} INFO - Setting next_dagrun for example_workday_timetable to 2021-01-04 00:00:00+00:00, run_after=2021-01-05 00:00:00+00:00
[2025-04-25T23:40:20.761+0000] {processor.py:208} INFO - Processing /home/airflow/.local/lib/python3.12/site-packages/airflow/example_dags/example_workday_timetable.py took 0.188 seconds
[2025-04-25T23:40:51.133+0000] {processor.py:186} INFO - Started process (PID=447) to work on /home/airflow/.local/lib/python3.12/site-packages/airflow/example_dags/example_workday_timetable.py
[2025-04-25T23:40:51.137+0000] {processor.py:914} INFO - Processing file /home/airflow/.local/lib/python3.12/site-packages/airflow/example_dags/example_workday_timetable.py for tasks to queue
[2025-04-25T23:40:51.143+0000] {logging_mixin.py:190} INFO - [2025-04-25T23:40:51.143+0000] {dagbag.py:588} INFO - Filling up the DagBag from /home/airflow/.local/lib/python3.12/site-packages/airflow/example_dags/example_workday_timetable.py
[2025-04-25T23:40:51.163+0000] {processor.py:925} INFO - DAG(s) 'example_workday_timetable' retrieved from /home/airflow/.local/lib/python3.12/site-packages/airflow/example_dags/example_workday_timetable.py
[2025-04-25T23:40:51.219+0000] {logging_mixin.py:190} INFO - [2025-04-25T23:40:51.219+0000] {dag.py:3239} INFO - Sync 1 DAGs
[2025-04-25T23:40:51.348+0000] {logging_mixin.py:190} INFO - [2025-04-25T23:40:51.347+0000] {dag.py:4180} INFO - Setting next_dagrun for example_workday_timetable to 2021-01-04 00:00:00+00:00, run_after=2021-01-05 00:00:00+00:00
[2025-04-25T23:40:51.390+0000] {processor.py:208} INFO - Processing /home/airflow/.local/lib/python3.12/site-packages/airflow/example_dags/example_workday_timetable.py took 0.277 seconds
[2025-04-25T23:41:22.273+0000] {processor.py:186} INFO - Started process (PID=509) to work on /home/airflow/.local/lib/python3.12/site-packages/airflow/example_dags/example_workday_timetable.py
[2025-04-25T23:41:22.275+0000] {processor.py:914} INFO - Processing file /home/airflow/.local/lib/python3.12/site-packages/airflow/example_dags/example_workday_timetable.py for tasks to queue
[2025-04-25T23:41:22.280+0000] {logging_mixin.py:190} INFO - [2025-04-25T23:41:22.279+0000] {dagbag.py:588} INFO - Filling up the DagBag from /home/airflow/.local/lib/python3.12/site-packages/airflow/example_dags/example_workday_timetable.py
[2025-04-25T23:41:22.291+0000] {processor.py:925} INFO - DAG(s) 'example_workday_timetable' retrieved from /home/airflow/.local/lib/python3.12/site-packages/airflow/example_dags/example_workday_timetable.py
[2025-04-25T23:41:22.327+0000] {logging_mixin.py:190} INFO - [2025-04-25T23:41:22.327+0000] {dag.py:3239} INFO - Sync 1 DAGs
[2025-04-25T23:41:22.469+0000] {logging_mixin.py:190} INFO - [2025-04-25T23:41:22.469+0000] {dag.py:4180} INFO - Setting next_dagrun for example_workday_timetable to 2021-01-04 00:00:00+00:00, run_after=2021-01-05 00:00:00+00:00
[2025-04-25T23:41:22.506+0000] {processor.py:208} INFO - Processing /home/airflow/.local/lib/python3.12/site-packages/airflow/example_dags/example_workday_timetable.py took 0.249 seconds
[2025-04-25T23:41:53.082+0000] {processor.py:186} INFO - Started process (PID=573) to work on /home/airflow/.local/lib/python3.12/site-packages/airflow/example_dags/example_workday_timetable.py
[2025-04-25T23:41:53.084+0000] {processor.py:914} INFO - Processing file /home/airflow/.local/lib/python3.12/site-packages/airflow/example_dags/example_workday_timetable.py for tasks to queue
[2025-04-25T23:41:53.089+0000] {logging_mixin.py:190} INFO - [2025-04-25T23:41:53.089+0000] {dagbag.py:588} INFO - Filling up the DagBag from /home/airflow/.local/lib/python3.12/site-packages/airflow/example_dags/example_workday_timetable.py
[2025-04-25T23:41:53.104+0000] {processor.py:925} INFO - DAG(s) 'example_workday_timetable' retrieved from /home/airflow/.local/lib/python3.12/site-packages/airflow/example_dags/example_workday_timetable.py
[2025-04-25T23:41:53.142+0000] {logging_mixin.py:190} INFO - [2025-04-25T23:41:53.142+0000] {dag.py:3239} INFO - Sync 1 DAGs
[2025-04-25T23:41:53.313+0000] {logging_mixin.py:190} INFO - [2025-04-25T23:41:53.312+0000] {dag.py:4180} INFO - Setting next_dagrun for example_workday_timetable to 2021-01-04 00:00:00+00:00, run_after=2021-01-05 00:00:00+00:00
[2025-04-25T23:41:53.360+0000] {processor.py:208} INFO - Processing /home/airflow/.local/lib/python3.12/site-packages/airflow/example_dags/example_workday_timetable.py took 0.288 seconds
[2025-04-25T23:42:23.619+0000] {processor.py:186} INFO - Started process (PID=635) to work on /home/airflow/.local/lib/python3.12/site-packages/airflow/example_dags/example_workday_timetable.py
[2025-04-25T23:42:23.621+0000] {processor.py:914} INFO - Processing file /home/airflow/.local/lib/python3.12/site-packages/airflow/example_dags/example_workday_timetable.py for tasks to queue
[2025-04-25T23:42:23.624+0000] {logging_mixin.py:190} INFO - [2025-04-25T23:42:23.624+0000] {dagbag.py:588} INFO - Filling up the DagBag from /home/airflow/.local/lib/python3.12/site-packages/airflow/example_dags/example_workday_timetable.py
[2025-04-25T23:42:23.632+0000] {processor.py:925} INFO - DAG(s) 'example_workday_timetable' retrieved from /home/airflow/.local/lib/python3.12/site-packages/airflow/example_dags/example_workday_timetable.py
[2025-04-25T23:42:23.657+0000] {logging_mixin.py:190} INFO - [2025-04-25T23:42:23.657+0000] {dag.py:3239} INFO - Sync 1 DAGs
[2025-04-25T23:42:23.735+0000] {logging_mixin.py:190} INFO - [2025-04-25T23:42:23.735+0000] {dag.py:4180} INFO - Setting next_dagrun for example_workday_timetable to 2021-01-04 00:00:00+00:00, run_after=2021-01-05 00:00:00+00:00
[2025-04-25T23:42:23.763+0000] {processor.py:208} INFO - Processing /home/airflow/.local/lib/python3.12/site-packages/airflow/example_dags/example_workday_timetable.py took 0.153 seconds
[2025-04-25T23:42:54.148+0000] {processor.py:186} INFO - Started process (PID=698) to work on /home/airflow/.local/lib/python3.12/site-packages/airflow/example_dags/example_workday_timetable.py
[2025-04-25T23:42:54.150+0000] {processor.py:914} INFO - Processing file /home/airflow/.local/lib/python3.12/site-packages/airflow/example_dags/example_workday_timetable.py for tasks to queue
[2025-04-25T23:42:54.153+0000] {logging_mixin.py:190} INFO - [2025-04-25T23:42:54.152+0000] {dagbag.py:588} INFO - Filling up the DagBag from /home/airflow/.local/lib/python3.12/site-packages/airflow/example_dags/example_workday_timetable.py
[2025-04-25T23:42:54.159+0000] {processor.py:925} INFO - DAG(s) 'example_workday_timetable' retrieved from /home/airflow/.local/lib/python3.12/site-packages/airflow/example_dags/example_workday_timetable.py
[2025-04-25T23:42:54.185+0000] {logging_mixin.py:190} INFO - [2025-04-25T23:42:54.184+0000] {dag.py:3239} INFO - Sync 1 DAGs
[2025-04-25T23:42:54.264+0000] {logging_mixin.py:190} INFO - [2025-04-25T23:42:54.264+0000] {dag.py:4180} INFO - Setting next_dagrun for example_workday_timetable to 2021-01-04 00:00:00+00:00, run_after=2021-01-05 00:00:00+00:00
[2025-04-25T23:42:54.288+0000] {processor.py:208} INFO - Processing /home/airflow/.local/lib/python3.12/site-packages/airflow/example_dags/example_workday_timetable.py took 0.147 seconds
[2025-04-25T23:43:29.464+0000] {processor.py:186} INFO - Started process (PID=755) to work on /home/airflow/.local/lib/python3.12/site-packages/airflow/example_dags/example_workday_timetable.py
[2025-04-25T23:43:29.468+0000] {processor.py:914} INFO - Processing file /home/airflow/.local/lib/python3.12/site-packages/airflow/example_dags/example_workday_timetable.py for tasks to queue
[2025-04-25T23:43:29.473+0000] {logging_mixin.py:190} INFO - [2025-04-25T23:43:29.472+0000] {dagbag.py:588} INFO - Filling up the DagBag from /home/airflow/.local/lib/python3.12/site-packages/airflow/example_dags/example_workday_timetable.py
[2025-04-25T23:43:29.483+0000] {processor.py:925} INFO - DAG(s) 'example_workday_timetable' retrieved from /home/airflow/.local/lib/python3.12/site-packages/airflow/example_dags/example_workday_timetable.py
[2025-04-25T23:43:29.523+0000] {logging_mixin.py:190} INFO - [2025-04-25T23:43:29.523+0000] {dag.py:3239} INFO - Sync 1 DAGs
[2025-04-25T23:43:29.642+0000] {logging_mixin.py:190} INFO - [2025-04-25T23:43:29.642+0000] {dag.py:4180} INFO - Setting next_dagrun for example_workday_timetable to 2021-01-04 00:00:00+00:00, run_after=2021-01-05 00:00:00+00:00
[2025-04-25T23:43:29.678+0000] {processor.py:208} INFO - Processing /home/airflow/.local/lib/python3.12/site-packages/airflow/example_dags/example_workday_timetable.py took 0.227 seconds
[2025-04-25T23:43:59.993+0000] {processor.py:186} INFO - Started process (PID=818) to work on /home/airflow/.local/lib/python3.12/site-packages/airflow/example_dags/example_workday_timetable.py
[2025-04-25T23:43:59.996+0000] {processor.py:914} INFO - Processing file /home/airflow/.local/lib/python3.12/site-packages/airflow/example_dags/example_workday_timetable.py for tasks to queue
[2025-04-25T23:44:00.000+0000] {logging_mixin.py:190} INFO - [2025-04-25T23:44:00.000+0000] {dagbag.py:588} INFO - Filling up the DagBag from /home/airflow/.local/lib/python3.12/site-packages/airflow/example_dags/example_workday_timetable.py
[2025-04-25T23:44:00.014+0000] {processor.py:925} INFO - DAG(s) 'example_workday_timetable' retrieved from /home/airflow/.local/lib/python3.12/site-packages/airflow/example_dags/example_workday_timetable.py
[2025-04-25T23:44:00.068+0000] {logging_mixin.py:190} INFO - [2025-04-25T23:44:00.067+0000] {dag.py:3239} INFO - Sync 1 DAGs
[2025-04-25T23:44:00.178+0000] {logging_mixin.py:190} INFO - [2025-04-25T23:44:00.178+0000] {dag.py:4180} INFO - Setting next_dagrun for example_workday_timetable to 2021-01-04 00:00:00+00:00, run_after=2021-01-05 00:00:00+00:00
[2025-04-25T23:44:00.216+0000] {processor.py:208} INFO - Processing /home/airflow/.local/lib/python3.12/site-packages/airflow/example_dags/example_workday_timetable.py took 0.230 seconds
[2025-04-25T23:44:30.556+0000] {processor.py:186} INFO - Started process (PID=881) to work on /home/airflow/.local/lib/python3.12/site-packages/airflow/example_dags/example_workday_timetable.py
[2025-04-25T23:44:30.558+0000] {processor.py:914} INFO - Processing file /home/airflow/.local/lib/python3.12/site-packages/airflow/example_dags/example_workday_timetable.py for tasks to queue
[2025-04-25T23:44:30.561+0000] {logging_mixin.py:190} INFO - [2025-04-25T23:44:30.560+0000] {dagbag.py:588} INFO - Filling up the DagBag from /home/airflow/.local/lib/python3.12/site-packages/airflow/example_dags/example_workday_timetable.py
[2025-04-25T23:44:30.574+0000] {processor.py:925} INFO - DAG(s) 'example_workday_timetable' retrieved from /home/airflow/.local/lib/python3.12/site-packages/airflow/example_dags/example_workday_timetable.py
[2025-04-25T23:44:30.628+0000] {logging_mixin.py:190} INFO - [2025-04-25T23:44:30.628+0000] {dag.py:3239} INFO - Sync 1 DAGs
[2025-04-25T23:44:30.769+0000] {logging_mixin.py:190} INFO - [2025-04-25T23:44:30.769+0000] {dag.py:4180} INFO - Setting next_dagrun for example_workday_timetable to 2021-01-04 00:00:00+00:00, run_after=2021-01-05 00:00:00+00:00
[2025-04-25T23:44:30.796+0000] {processor.py:208} INFO - Processing /home/airflow/.local/lib/python3.12/site-packages/airflow/example_dags/example_workday_timetable.py took 0.250 seconds
[2025-04-25T23:45:01.577+0000] {processor.py:186} INFO - Started process (PID=944) to work on /home/airflow/.local/lib/python3.12/site-packages/airflow/example_dags/example_workday_timetable.py
[2025-04-25T23:45:01.578+0000] {processor.py:914} INFO - Processing file /home/airflow/.local/lib/python3.12/site-packages/airflow/example_dags/example_workday_timetable.py for tasks to queue
[2025-04-25T23:45:01.589+0000] {logging_mixin.py:190} INFO - [2025-04-25T23:45:01.586+0000] {dagbag.py:588} INFO - Filling up the DagBag from /home/airflow/.local/lib/python3.12/site-packages/airflow/example_dags/example_workday_timetable.py
[2025-04-25T23:45:01.604+0000] {processor.py:925} INFO - DAG(s) 'example_workday_timetable' retrieved from /home/airflow/.local/lib/python3.12/site-packages/airflow/example_dags/example_workday_timetable.py
[2025-04-25T23:45:01.657+0000] {logging_mixin.py:190} INFO - [2025-04-25T23:45:01.657+0000] {dag.py:3239} INFO - Sync 1 DAGs
[2025-04-25T23:45:01.811+0000] {logging_mixin.py:190} INFO - [2025-04-25T23:45:01.810+0000] {dag.py:4180} INFO - Setting next_dagrun for example_workday_timetable to 2021-01-04 00:00:00+00:00, run_after=2021-01-05 00:00:00+00:00
[2025-04-25T23:45:01.862+0000] {processor.py:208} INFO - Processing /home/airflow/.local/lib/python3.12/site-packages/airflow/example_dags/example_workday_timetable.py took 0.296 seconds
[2025-04-25T23:45:32.281+0000] {processor.py:186} INFO - Started process (PID=1007) to work on /home/airflow/.local/lib/python3.12/site-packages/airflow/example_dags/example_workday_timetable.py
[2025-04-25T23:45:32.282+0000] {processor.py:914} INFO - Processing file /home/airflow/.local/lib/python3.12/site-packages/airflow/example_dags/example_workday_timetable.py for tasks to queue
[2025-04-25T23:45:32.285+0000] {logging_mixin.py:190} INFO - [2025-04-25T23:45:32.285+0000] {dagbag.py:588} INFO - Filling up the DagBag from /home/airflow/.local/lib/python3.12/site-packages/airflow/example_dags/example_workday_timetable.py
[2025-04-25T23:45:32.297+0000] {processor.py:925} INFO - DAG(s) 'example_workday_timetable' retrieved from /home/airflow/.local/lib/python3.12/site-packages/airflow/example_dags/example_workday_timetable.py
[2025-04-25T23:45:32.338+0000] {logging_mixin.py:190} INFO - [2025-04-25T23:45:32.338+0000] {dag.py:3239} INFO - Sync 1 DAGs
[2025-04-25T23:45:32.445+0000] {logging_mixin.py:190} INFO - [2025-04-25T23:45:32.445+0000] {dag.py:4180} INFO - Setting next_dagrun for example_workday_timetable to 2021-01-04 00:00:00+00:00, run_after=2021-01-05 00:00:00+00:00
[2025-04-25T23:45:32.482+0000] {processor.py:208} INFO - Processing /home/airflow/.local/lib/python3.12/site-packages/airflow/example_dags/example_workday_timetable.py took 0.210 seconds
[2025-04-25T23:46:03.405+0000] {processor.py:186} INFO - Started process (PID=1069) to work on /home/airflow/.local/lib/python3.12/site-packages/airflow/example_dags/example_workday_timetable.py
[2025-04-25T23:46:03.407+0000] {processor.py:914} INFO - Processing file /home/airflow/.local/lib/python3.12/site-packages/airflow/example_dags/example_workday_timetable.py for tasks to queue
[2025-04-25T23:46:03.410+0000] {logging_mixin.py:190} INFO - [2025-04-25T23:46:03.410+0000] {dagbag.py:588} INFO - Filling up the DagBag from /home/airflow/.local/lib/python3.12/site-packages/airflow/example_dags/example_workday_timetable.py
[2025-04-25T23:46:03.431+0000] {processor.py:925} INFO - DAG(s) 'example_workday_timetable' retrieved from /home/airflow/.local/lib/python3.12/site-packages/airflow/example_dags/example_workday_timetable.py
[2025-04-25T23:46:03.458+0000] {logging_mixin.py:190} INFO - [2025-04-25T23:46:03.458+0000] {dag.py:3239} INFO - Sync 1 DAGs
[2025-04-25T23:46:03.572+0000] {logging_mixin.py:190} INFO - [2025-04-25T23:46:03.572+0000] {dag.py:4180} INFO - Setting next_dagrun for example_workday_timetable to 2021-01-04 00:00:00+00:00, run_after=2021-01-05 00:00:00+00:00
[2025-04-25T23:46:03.598+0000] {processor.py:208} INFO - Processing /home/airflow/.local/lib/python3.12/site-packages/airflow/example_dags/example_workday_timetable.py took 0.203 seconds
[2025-04-25T23:46:45.614+0000] {processor.py:186} INFO - Started process (PID=1123) to work on /home/airflow/.local/lib/python3.12/site-packages/airflow/example_dags/example_workday_timetable.py
[2025-04-25T23:46:45.616+0000] {processor.py:914} INFO - Processing file /home/airflow/.local/lib/python3.12/site-packages/airflow/example_dags/example_workday_timetable.py for tasks to queue
[2025-04-25T23:46:45.622+0000] {logging_mixin.py:190} INFO - [2025-04-25T23:46:45.621+0000] {dagbag.py:588} INFO - Filling up the DagBag from /home/airflow/.local/lib/python3.12/site-packages/airflow/example_dags/example_workday_timetable.py
[2025-04-25T23:46:45.634+0000] {processor.py:925} INFO - DAG(s) 'example_workday_timetable' retrieved from /home/airflow/.local/lib/python3.12/site-packages/airflow/example_dags/example_workday_timetable.py
[2025-04-25T23:46:45.671+0000] {logging_mixin.py:190} INFO - [2025-04-25T23:46:45.670+0000] {dag.py:3239} INFO - Sync 1 DAGs
[2025-04-25T23:46:45.828+0000] {logging_mixin.py:190} INFO - [2025-04-25T23:46:45.827+0000] {dag.py:4180} INFO - Setting next_dagrun for example_workday_timetable to 2021-01-04 00:00:00+00:00, run_after=2021-01-05 00:00:00+00:00
[2025-04-25T23:46:45.872+0000] {processor.py:208} INFO - Processing /home/airflow/.local/lib/python3.12/site-packages/airflow/example_dags/example_workday_timetable.py took 0.267 seconds
[2025-04-25T23:47:16.065+0000] {processor.py:186} INFO - Started process (PID=1186) to work on /home/airflow/.local/lib/python3.12/site-packages/airflow/example_dags/example_workday_timetable.py
[2025-04-25T23:47:16.068+0000] {processor.py:914} INFO - Processing file /home/airflow/.local/lib/python3.12/site-packages/airflow/example_dags/example_workday_timetable.py for tasks to queue
[2025-04-25T23:47:16.071+0000] {logging_mixin.py:190} INFO - [2025-04-25T23:47:16.071+0000] {dagbag.py:588} INFO - Filling up the DagBag from /home/airflow/.local/lib/python3.12/site-packages/airflow/example_dags/example_workday_timetable.py
[2025-04-25T23:47:16.085+0000] {processor.py:925} INFO - DAG(s) 'example_workday_timetable' retrieved from /home/airflow/.local/lib/python3.12/site-packages/airflow/example_dags/example_workday_timetable.py
[2025-04-25T23:47:16.114+0000] {logging_mixin.py:190} INFO - [2025-04-25T23:47:16.114+0000] {dag.py:3239} INFO - Sync 1 DAGs
[2025-04-25T23:47:16.248+0000] {logging_mixin.py:190} INFO - [2025-04-25T23:47:16.248+0000] {dag.py:4180} INFO - Setting next_dagrun for example_workday_timetable to 2021-01-04 00:00:00+00:00, run_after=2021-01-05 00:00:00+00:00
[2025-04-25T23:47:16.278+0000] {processor.py:208} INFO - Processing /home/airflow/.local/lib/python3.12/site-packages/airflow/example_dags/example_workday_timetable.py took 0.225 seconds
[2025-04-25T23:47:46.663+0000] {processor.py:186} INFO - Started process (PID=1247) to work on /home/airflow/.local/lib/python3.12/site-packages/airflow/example_dags/example_workday_timetable.py
[2025-04-25T23:47:46.666+0000] {processor.py:914} INFO - Processing file /home/airflow/.local/lib/python3.12/site-packages/airflow/example_dags/example_workday_timetable.py for tasks to queue
[2025-04-25T23:47:46.669+0000] {logging_mixin.py:190} INFO - [2025-04-25T23:47:46.669+0000] {dagbag.py:588} INFO - Filling up the DagBag from /home/airflow/.local/lib/python3.12/site-packages/airflow/example_dags/example_workday_timetable.py
[2025-04-25T23:47:46.685+0000] {processor.py:925} INFO - DAG(s) 'example_workday_timetable' retrieved from /home/airflow/.local/lib/python3.12/site-packages/airflow/example_dags/example_workday_timetable.py
[2025-04-25T23:47:46.723+0000] {logging_mixin.py:190} INFO - [2025-04-25T23:47:46.722+0000] {dag.py:3239} INFO - Sync 1 DAGs
[2025-04-25T23:47:46.859+0000] {logging_mixin.py:190} INFO - [2025-04-25T23:47:46.858+0000] {dag.py:4180} INFO - Setting next_dagrun for example_workday_timetable to 2021-01-04 00:00:00+00:00, run_after=2021-01-05 00:00:00+00:00
[2025-04-25T23:47:46.904+0000] {processor.py:208} INFO - Processing /home/airflow/.local/lib/python3.12/site-packages/airflow/example_dags/example_workday_timetable.py took 0.251 seconds
[2025-04-25T23:48:17.216+0000] {processor.py:186} INFO - Started process (PID=1310) to work on /home/airflow/.local/lib/python3.12/site-packages/airflow/example_dags/example_workday_timetable.py
[2025-04-25T23:48:17.218+0000] {processor.py:914} INFO - Processing file /home/airflow/.local/lib/python3.12/site-packages/airflow/example_dags/example_workday_timetable.py for tasks to queue
[2025-04-25T23:48:17.222+0000] {logging_mixin.py:190} INFO - [2025-04-25T23:48:17.222+0000] {dagbag.py:588} INFO - Filling up the DagBag from /home/airflow/.local/lib/python3.12/site-packages/airflow/example_dags/example_workday_timetable.py
[2025-04-25T23:48:17.232+0000] {processor.py:925} INFO - DAG(s) 'example_workday_timetable' retrieved from /home/airflow/.local/lib/python3.12/site-packages/airflow/example_dags/example_workday_timetable.py
[2025-04-25T23:48:17.270+0000] {logging_mixin.py:190} INFO - [2025-04-25T23:48:17.270+0000] {dag.py:3239} INFO - Sync 1 DAGs
[2025-04-25T23:48:17.382+0000] {logging_mixin.py:190} INFO - [2025-04-25T23:48:17.381+0000] {dag.py:4180} INFO - Setting next_dagrun for example_workday_timetable to 2021-01-04 00:00:00+00:00, run_after=2021-01-05 00:00:00+00:00
[2025-04-25T23:48:17.409+0000] {processor.py:208} INFO - Processing /home/airflow/.local/lib/python3.12/site-packages/airflow/example_dags/example_workday_timetable.py took 0.200 seconds
[2025-04-25T23:48:48.503+0000] {processor.py:186} INFO - Started process (PID=1372) to work on /home/airflow/.local/lib/python3.12/site-packages/airflow/example_dags/example_workday_timetable.py
[2025-04-25T23:48:48.507+0000] {processor.py:914} INFO - Processing file /home/airflow/.local/lib/python3.12/site-packages/airflow/example_dags/example_workday_timetable.py for tasks to queue
[2025-04-25T23:48:48.512+0000] {logging_mixin.py:190} INFO - [2025-04-25T23:48:48.511+0000] {dagbag.py:588} INFO - Filling up the DagBag from /home/airflow/.local/lib/python3.12/site-packages/airflow/example_dags/example_workday_timetable.py
[2025-04-25T23:48:48.532+0000] {processor.py:925} INFO - DAG(s) 'example_workday_timetable' retrieved from /home/airflow/.local/lib/python3.12/site-packages/airflow/example_dags/example_workday_timetable.py
[2025-04-25T23:48:48.632+0000] {logging_mixin.py:190} INFO - [2025-04-25T23:48:48.631+0000] {dag.py:3239} INFO - Sync 1 DAGs
[2025-04-25T23:48:48.865+0000] {logging_mixin.py:190} INFO - [2025-04-25T23:48:48.864+0000] {dag.py:4180} INFO - Setting next_dagrun for example_workday_timetable to 2021-01-04 00:00:00+00:00, run_after=2021-01-05 00:00:00+00:00
[2025-04-25T23:48:48.917+0000] {processor.py:208} INFO - Processing /home/airflow/.local/lib/python3.12/site-packages/airflow/example_dags/example_workday_timetable.py took 0.428 seconds
[2025-04-25T23:49:19.113+0000] {processor.py:186} INFO - Started process (PID=1433) to work on /home/airflow/.local/lib/python3.12/site-packages/airflow/example_dags/example_workday_timetable.py
[2025-04-25T23:49:19.116+0000] {processor.py:914} INFO - Processing file /home/airflow/.local/lib/python3.12/site-packages/airflow/example_dags/example_workday_timetable.py for tasks to queue
[2025-04-25T23:49:19.119+0000] {logging_mixin.py:190} INFO - [2025-04-25T23:49:19.119+0000] {dagbag.py:588} INFO - Filling up the DagBag from /home/airflow/.local/lib/python3.12/site-packages/airflow/example_dags/example_workday_timetable.py
[2025-04-25T23:49:19.131+0000] {processor.py:925} INFO - DAG(s) 'example_workday_timetable' retrieved from /home/airflow/.local/lib/python3.12/site-packages/airflow/example_dags/example_workday_timetable.py
[2025-04-25T23:49:19.167+0000] {logging_mixin.py:190} INFO - [2025-04-25T23:49:19.167+0000] {dag.py:3239} INFO - Sync 1 DAGs
[2025-04-25T23:49:19.300+0000] {logging_mixin.py:190} INFO - [2025-04-25T23:49:19.299+0000] {dag.py:4180} INFO - Setting next_dagrun for example_workday_timetable to 2021-01-04 00:00:00+00:00, run_after=2021-01-05 00:00:00+00:00
[2025-04-25T23:49:19.331+0000] {processor.py:208} INFO - Processing /home/airflow/.local/lib/python3.12/site-packages/airflow/example_dags/example_workday_timetable.py took 0.228 seconds
[2025-04-25T23:49:49.793+0000] {processor.py:186} INFO - Started process (PID=1496) to work on /home/airflow/.local/lib/python3.12/site-packages/airflow/example_dags/example_workday_timetable.py
[2025-04-25T23:49:49.794+0000] {processor.py:914} INFO - Processing file /home/airflow/.local/lib/python3.12/site-packages/airflow/example_dags/example_workday_timetable.py for tasks to queue
[2025-04-25T23:49:49.799+0000] {logging_mixin.py:190} INFO - [2025-04-25T23:49:49.799+0000] {dagbag.py:588} INFO - Filling up the DagBag from /home/airflow/.local/lib/python3.12/site-packages/airflow/example_dags/example_workday_timetable.py
[2025-04-25T23:49:49.812+0000] {processor.py:925} INFO - DAG(s) 'example_workday_timetable' retrieved from /home/airflow/.local/lib/python3.12/site-packages/airflow/example_dags/example_workday_timetable.py
[2025-04-25T23:49:49.853+0000] {logging_mixin.py:190} INFO - [2025-04-25T23:49:49.852+0000] {dag.py:3239} INFO - Sync 1 DAGs
[2025-04-25T23:49:49.991+0000] {logging_mixin.py:190} INFO - [2025-04-25T23:49:49.990+0000] {dag.py:4180} INFO - Setting next_dagrun for example_workday_timetable to 2021-01-04 00:00:00+00:00, run_after=2021-01-05 00:00:00+00:00
[2025-04-25T23:49:50.027+0000] {processor.py:208} INFO - Processing /home/airflow/.local/lib/python3.12/site-packages/airflow/example_dags/example_workday_timetable.py took 0.248 seconds
[2025-04-25T23:50:20.369+0000] {processor.py:186} INFO - Started process (PID=1560) to work on /home/airflow/.local/lib/python3.12/site-packages/airflow/example_dags/example_workday_timetable.py
[2025-04-25T23:50:20.371+0000] {processor.py:914} INFO - Processing file /home/airflow/.local/lib/python3.12/site-packages/airflow/example_dags/example_workday_timetable.py for tasks to queue
[2025-04-25T23:50:20.380+0000] {logging_mixin.py:190} INFO - [2025-04-25T23:50:20.379+0000] {dagbag.py:588} INFO - Filling up the DagBag from /home/airflow/.local/lib/python3.12/site-packages/airflow/example_dags/example_workday_timetable.py
[2025-04-25T23:50:20.397+0000] {processor.py:925} INFO - DAG(s) 'example_workday_timetable' retrieved from /home/airflow/.local/lib/python3.12/site-packages/airflow/example_dags/example_workday_timetable.py
[2025-04-25T23:50:20.510+0000] {logging_mixin.py:190} INFO - [2025-04-25T23:50:20.509+0000] {dag.py:3239} INFO - Sync 1 DAGs
[2025-04-25T23:50:20.662+0000] {logging_mixin.py:190} INFO - [2025-04-25T23:50:20.662+0000] {dag.py:4180} INFO - Setting next_dagrun for example_workday_timetable to 2021-01-04 00:00:00+00:00, run_after=2021-01-05 00:00:00+00:00
[2025-04-25T23:50:20.705+0000] {processor.py:208} INFO - Processing /home/airflow/.local/lib/python3.12/site-packages/airflow/example_dags/example_workday_timetable.py took 0.345 seconds
[2025-04-25T23:50:50.902+0000] {processor.py:186} INFO - Started process (PID=1622) to work on /home/airflow/.local/lib/python3.12/site-packages/airflow/example_dags/example_workday_timetable.py
[2025-04-25T23:50:50.904+0000] {processor.py:914} INFO - Processing file /home/airflow/.local/lib/python3.12/site-packages/airflow/example_dags/example_workday_timetable.py for tasks to queue
[2025-04-25T23:50:50.907+0000] {logging_mixin.py:190} INFO - [2025-04-25T23:50:50.906+0000] {dagbag.py:588} INFO - Filling up the DagBag from /home/airflow/.local/lib/python3.12/site-packages/airflow/example_dags/example_workday_timetable.py
[2025-04-25T23:50:50.916+0000] {processor.py:925} INFO - DAG(s) 'example_workday_timetable' retrieved from /home/airflow/.local/lib/python3.12/site-packages/airflow/example_dags/example_workday_timetable.py
[2025-04-25T23:50:50.950+0000] {logging_mixin.py:190} INFO - [2025-04-25T23:50:50.950+0000] {dag.py:3239} INFO - Sync 1 DAGs
[2025-04-25T23:50:51.128+0000] {logging_mixin.py:190} INFO - [2025-04-25T23:50:51.128+0000] {dag.py:4180} INFO - Setting next_dagrun for example_workday_timetable to 2021-01-04 00:00:00+00:00, run_after=2021-01-05 00:00:00+00:00
[2025-04-25T23:50:51.213+0000] {processor.py:208} INFO - Processing /home/airflow/.local/lib/python3.12/site-packages/airflow/example_dags/example_workday_timetable.py took 0.322 seconds
[2025-04-25T23:51:26.162+0000] {processor.py:186} INFO - Started process (PID=1683) to work on /home/airflow/.local/lib/python3.12/site-packages/airflow/example_dags/example_workday_timetable.py
[2025-04-25T23:51:26.163+0000] {processor.py:914} INFO - Processing file /home/airflow/.local/lib/python3.12/site-packages/airflow/example_dags/example_workday_timetable.py for tasks to queue
[2025-04-25T23:51:26.167+0000] {logging_mixin.py:190} INFO - [2025-04-25T23:51:26.167+0000] {dagbag.py:588} INFO - Filling up the DagBag from /home/airflow/.local/lib/python3.12/site-packages/airflow/example_dags/example_workday_timetable.py
[2025-04-25T23:51:26.179+0000] {processor.py:925} INFO - DAG(s) 'example_workday_timetable' retrieved from /home/airflow/.local/lib/python3.12/site-packages/airflow/example_dags/example_workday_timetable.py
[2025-04-25T23:51:26.215+0000] {logging_mixin.py:190} INFO - [2025-04-25T23:51:26.215+0000] {dag.py:3239} INFO - Sync 1 DAGs
[2025-04-25T23:51:26.372+0000] {logging_mixin.py:190} INFO - [2025-04-25T23:51:26.372+0000] {dag.py:4180} INFO - Setting next_dagrun for example_workday_timetable to 2021-01-04 00:00:00+00:00, run_after=2021-01-05 00:00:00+00:00
[2025-04-25T23:51:26.401+0000] {processor.py:208} INFO - Processing /home/airflow/.local/lib/python3.12/site-packages/airflow/example_dags/example_workday_timetable.py took 0.248 seconds
[2025-04-25T23:51:56.883+0000] {processor.py:186} INFO - Started process (PID=1746) to work on /home/airflow/.local/lib/python3.12/site-packages/airflow/example_dags/example_workday_timetable.py
[2025-04-25T23:51:56.885+0000] {processor.py:914} INFO - Processing file /home/airflow/.local/lib/python3.12/site-packages/airflow/example_dags/example_workday_timetable.py for tasks to queue
[2025-04-25T23:51:56.889+0000] {logging_mixin.py:190} INFO - [2025-04-25T23:51:56.888+0000] {dagbag.py:588} INFO - Filling up the DagBag from /home/airflow/.local/lib/python3.12/site-packages/airflow/example_dags/example_workday_timetable.py
[2025-04-25T23:51:56.899+0000] {processor.py:925} INFO - DAG(s) 'example_workday_timetable' retrieved from /home/airflow/.local/lib/python3.12/site-packages/airflow/example_dags/example_workday_timetable.py
[2025-04-25T23:51:56.933+0000] {logging_mixin.py:190} INFO - [2025-04-25T23:51:56.933+0000] {dag.py:3239} INFO - Sync 1 DAGs
[2025-04-25T23:51:57.042+0000] {logging_mixin.py:190} INFO - [2025-04-25T23:51:57.041+0000] {dag.py:4180} INFO - Setting next_dagrun for example_workday_timetable to 2021-01-04 00:00:00+00:00, run_after=2021-01-05 00:00:00+00:00
[2025-04-25T23:51:57.075+0000] {processor.py:208} INFO - Processing /home/airflow/.local/lib/python3.12/site-packages/airflow/example_dags/example_workday_timetable.py took 0.201 seconds
[2025-04-25T23:52:27.449+0000] {processor.py:186} INFO - Started process (PID=1810) to work on /home/airflow/.local/lib/python3.12/site-packages/airflow/example_dags/example_workday_timetable.py
[2025-04-25T23:52:27.450+0000] {processor.py:914} INFO - Processing file /home/airflow/.local/lib/python3.12/site-packages/airflow/example_dags/example_workday_timetable.py for tasks to queue
[2025-04-25T23:52:27.455+0000] {logging_mixin.py:190} INFO - [2025-04-25T23:52:27.455+0000] {dagbag.py:588} INFO - Filling up the DagBag from /home/airflow/.local/lib/python3.12/site-packages/airflow/example_dags/example_workday_timetable.py
[2025-04-25T23:52:27.465+0000] {processor.py:925} INFO - DAG(s) 'example_workday_timetable' retrieved from /home/airflow/.local/lib/python3.12/site-packages/airflow/example_dags/example_workday_timetable.py
[2025-04-25T23:52:27.496+0000] {logging_mixin.py:190} INFO - [2025-04-25T23:52:27.495+0000] {dag.py:3239} INFO - Sync 1 DAGs
[2025-04-25T23:52:27.626+0000] {logging_mixin.py:190} INFO - [2025-04-25T23:52:27.626+0000] {dag.py:4180} INFO - Setting next_dagrun for example_workday_timetable to 2021-01-04 00:00:00+00:00, run_after=2021-01-05 00:00:00+00:00
[2025-04-25T23:52:27.660+0000] {processor.py:208} INFO - Processing /home/airflow/.local/lib/python3.12/site-packages/airflow/example_dags/example_workday_timetable.py took 0.222 seconds
[2025-04-25T23:52:58.105+0000] {processor.py:186} INFO - Started process (PID=1874) to work on /home/airflow/.local/lib/python3.12/site-packages/airflow/example_dags/example_workday_timetable.py
[2025-04-25T23:52:58.106+0000] {processor.py:914} INFO - Processing file /home/airflow/.local/lib/python3.12/site-packages/airflow/example_dags/example_workday_timetable.py for tasks to queue
[2025-04-25T23:52:58.111+0000] {logging_mixin.py:190} INFO - [2025-04-25T23:52:58.110+0000] {dagbag.py:588} INFO - Filling up the DagBag from /home/airflow/.local/lib/python3.12/site-packages/airflow/example_dags/example_workday_timetable.py
[2025-04-25T23:52:58.121+0000] {processor.py:925} INFO - DAG(s) 'example_workday_timetable' retrieved from /home/airflow/.local/lib/python3.12/site-packages/airflow/example_dags/example_workday_timetable.py
[2025-04-25T23:52:58.156+0000] {logging_mixin.py:190} INFO - [2025-04-25T23:52:58.155+0000] {dag.py:3239} INFO - Sync 1 DAGs
[2025-04-25T23:52:58.248+0000] {logging_mixin.py:190} INFO - [2025-04-25T23:52:58.248+0000] {dag.py:4180} INFO - Setting next_dagrun for example_workday_timetable to 2021-01-04 00:00:00+00:00, run_after=2021-01-05 00:00:00+00:00
[2025-04-25T23:52:58.282+0000] {processor.py:208} INFO - Processing /home/airflow/.local/lib/python3.12/site-packages/airflow/example_dags/example_workday_timetable.py took 0.185 seconds
[2025-04-25T23:53:29.544+0000] {processor.py:186} INFO - Started process (PID=1939) to work on /home/airflow/.local/lib/python3.12/site-packages/airflow/example_dags/example_workday_timetable.py
[2025-04-25T23:53:29.546+0000] {processor.py:914} INFO - Processing file /home/airflow/.local/lib/python3.12/site-packages/airflow/example_dags/example_workday_timetable.py for tasks to queue
[2025-04-25T23:53:29.550+0000] {logging_mixin.py:190} INFO - [2025-04-25T23:53:29.549+0000] {dagbag.py:588} INFO - Filling up the DagBag from /home/airflow/.local/lib/python3.12/site-packages/airflow/example_dags/example_workday_timetable.py
[2025-04-25T23:53:29.559+0000] {processor.py:925} INFO - DAG(s) 'example_workday_timetable' retrieved from /home/airflow/.local/lib/python3.12/site-packages/airflow/example_dags/example_workday_timetable.py
[2025-04-25T23:53:29.586+0000] {logging_mixin.py:190} INFO - [2025-04-25T23:53:29.586+0000] {dag.py:3239} INFO - Sync 1 DAGs
[2025-04-25T23:53:29.687+0000] {logging_mixin.py:190} INFO - [2025-04-25T23:53:29.687+0000] {dag.py:4180} INFO - Setting next_dagrun for example_workday_timetable to 2021-01-04 00:00:00+00:00, run_after=2021-01-05 00:00:00+00:00
[2025-04-25T23:53:29.721+0000] {processor.py:208} INFO - Processing /home/airflow/.local/lib/python3.12/site-packages/airflow/example_dags/example_workday_timetable.py took 0.186 seconds
[2025-04-25T23:54:01.096+0000] {processor.py:186} INFO - Started process (PID=2009) to work on /home/airflow/.local/lib/python3.12/site-packages/airflow/example_dags/example_workday_timetable.py
[2025-04-25T23:54:01.098+0000] {processor.py:914} INFO - Processing file /home/airflow/.local/lib/python3.12/site-packages/airflow/example_dags/example_workday_timetable.py for tasks to queue
[2025-04-25T23:54:01.100+0000] {logging_mixin.py:190} INFO - [2025-04-25T23:54:01.100+0000] {dagbag.py:588} INFO - Filling up the DagBag from /home/airflow/.local/lib/python3.12/site-packages/airflow/example_dags/example_workday_timetable.py
[2025-04-25T23:54:01.107+0000] {processor.py:925} INFO - DAG(s) 'example_workday_timetable' retrieved from /home/airflow/.local/lib/python3.12/site-packages/airflow/example_dags/example_workday_timetable.py
[2025-04-25T23:54:01.134+0000] {logging_mixin.py:190} INFO - [2025-04-25T23:54:01.134+0000] {dag.py:3239} INFO - Sync 1 DAGs
[2025-04-25T23:54:01.250+0000] {logging_mixin.py:190} INFO - [2025-04-25T23:54:01.250+0000] {dag.py:4180} INFO - Setting next_dagrun for example_workday_timetable to 2021-01-04 00:00:00+00:00, run_after=2021-01-05 00:00:00+00:00
[2025-04-25T23:54:01.299+0000] {processor.py:208} INFO - Processing /home/airflow/.local/lib/python3.12/site-packages/airflow/example_dags/example_workday_timetable.py took 0.211 seconds
[2025-04-25T23:54:31.569+0000] {processor.py:186} INFO - Started process (PID=2067) to work on /home/airflow/.local/lib/python3.12/site-packages/airflow/example_dags/example_workday_timetable.py
[2025-04-25T23:54:31.570+0000] {processor.py:914} INFO - Processing file /home/airflow/.local/lib/python3.12/site-packages/airflow/example_dags/example_workday_timetable.py for tasks to queue
[2025-04-25T23:54:31.573+0000] {logging_mixin.py:190} INFO - [2025-04-25T23:54:31.572+0000] {dagbag.py:588} INFO - Filling up the DagBag from /home/airflow/.local/lib/python3.12/site-packages/airflow/example_dags/example_workday_timetable.py
[2025-04-25T23:54:31.581+0000] {processor.py:925} INFO - DAG(s) 'example_workday_timetable' retrieved from /home/airflow/.local/lib/python3.12/site-packages/airflow/example_dags/example_workday_timetable.py
[2025-04-25T23:54:31.604+0000] {logging_mixin.py:190} INFO - [2025-04-25T23:54:31.603+0000] {dag.py:3239} INFO - Sync 1 DAGs
[2025-04-25T23:54:31.674+0000] {logging_mixin.py:190} INFO - [2025-04-25T23:54:31.674+0000] {dag.py:4180} INFO - Setting next_dagrun for example_workday_timetable to 2021-01-04 00:00:00+00:00, run_after=2021-01-05 00:00:00+00:00
[2025-04-25T23:54:31.699+0000] {processor.py:208} INFO - Processing /home/airflow/.local/lib/python3.12/site-packages/airflow/example_dags/example_workday_timetable.py took 0.137 seconds
[2025-04-25T23:55:02.599+0000] {processor.py:186} INFO - Started process (PID=2131) to work on /home/airflow/.local/lib/python3.12/site-packages/airflow/example_dags/example_workday_timetable.py
[2025-04-25T23:55:02.601+0000] {processor.py:914} INFO - Processing file /home/airflow/.local/lib/python3.12/site-packages/airflow/example_dags/example_workday_timetable.py for tasks to queue
[2025-04-25T23:55:02.605+0000] {logging_mixin.py:190} INFO - [2025-04-25T23:55:02.604+0000] {dagbag.py:588} INFO - Filling up the DagBag from /home/airflow/.local/lib/python3.12/site-packages/airflow/example_dags/example_workday_timetable.py
[2025-04-25T23:55:02.615+0000] {processor.py:925} INFO - DAG(s) 'example_workday_timetable' retrieved from /home/airflow/.local/lib/python3.12/site-packages/airflow/example_dags/example_workday_timetable.py
[2025-04-25T23:55:02.698+0000] {logging_mixin.py:190} INFO - [2025-04-25T23:55:02.697+0000] {dag.py:3239} INFO - Sync 1 DAGs
[2025-04-25T23:55:02.835+0000] {logging_mixin.py:190} INFO - [2025-04-25T23:55:02.835+0000] {dag.py:4180} INFO - Setting next_dagrun for example_workday_timetable to 2021-01-04 00:00:00+00:00, run_after=2021-01-05 00:00:00+00:00
[2025-04-25T23:55:02.869+0000] {processor.py:208} INFO - Processing /home/airflow/.local/lib/python3.12/site-packages/airflow/example_dags/example_workday_timetable.py took 0.286 seconds
[2025-04-25T23:55:33.876+0000] {processor.py:186} INFO - Started process (PID=2195) to work on /home/airflow/.local/lib/python3.12/site-packages/airflow/example_dags/example_workday_timetable.py
[2025-04-25T23:55:33.877+0000] {processor.py:914} INFO - Processing file /home/airflow/.local/lib/python3.12/site-packages/airflow/example_dags/example_workday_timetable.py for tasks to queue
[2025-04-25T23:55:33.880+0000] {logging_mixin.py:190} INFO - [2025-04-25T23:55:33.880+0000] {dagbag.py:588} INFO - Filling up the DagBag from /home/airflow/.local/lib/python3.12/site-packages/airflow/example_dags/example_workday_timetable.py
[2025-04-25T23:55:33.891+0000] {processor.py:925} INFO - DAG(s) 'example_workday_timetable' retrieved from /home/airflow/.local/lib/python3.12/site-packages/airflow/example_dags/example_workday_timetable.py
[2025-04-25T23:55:33.925+0000] {logging_mixin.py:190} INFO - [2025-04-25T23:55:33.924+0000] {dag.py:3239} INFO - Sync 1 DAGs
[2025-04-25T23:55:34.011+0000] {logging_mixin.py:190} INFO - [2025-04-25T23:55:34.011+0000] {dag.py:4180} INFO - Setting next_dagrun for example_workday_timetable to 2021-01-04 00:00:00+00:00, run_after=2021-01-05 00:00:00+00:00
[2025-04-25T23:55:34.035+0000] {processor.py:208} INFO - Processing /home/airflow/.local/lib/python3.12/site-packages/airflow/example_dags/example_workday_timetable.py took 0.166 seconds
[2025-04-25T23:56:04.595+0000] {processor.py:186} INFO - Started process (PID=2258) to work on /home/airflow/.local/lib/python3.12/site-packages/airflow/example_dags/example_workday_timetable.py
[2025-04-25T23:56:04.601+0000] {processor.py:914} INFO - Processing file /home/airflow/.local/lib/python3.12/site-packages/airflow/example_dags/example_workday_timetable.py for tasks to queue
[2025-04-25T23:56:04.650+0000] {logging_mixin.py:190} INFO - [2025-04-25T23:56:04.648+0000] {dagbag.py:588} INFO - Filling up the DagBag from /home/airflow/.local/lib/python3.12/site-packages/airflow/example_dags/example_workday_timetable.py
[2025-04-25T23:56:04.682+0000] {processor.py:925} INFO - DAG(s) 'example_workday_timetable' retrieved from /home/airflow/.local/lib/python3.12/site-packages/airflow/example_dags/example_workday_timetable.py
[2025-04-25T23:56:04.851+0000] {logging_mixin.py:190} INFO - [2025-04-25T23:56:04.851+0000] {dag.py:3239} INFO - Sync 1 DAGs
[2025-04-25T23:56:05.137+0000] {logging_mixin.py:190} INFO - [2025-04-25T23:56:05.137+0000] {dag.py:4180} INFO - Setting next_dagrun for example_workday_timetable to 2021-01-04 00:00:00+00:00, run_after=2021-01-05 00:00:00+00:00
[2025-04-25T23:56:05.193+0000] {processor.py:208} INFO - Processing /home/airflow/.local/lib/python3.12/site-packages/airflow/example_dags/example_workday_timetable.py took 0.623 seconds
[2025-04-25T23:56:35.333+0000] {processor.py:186} INFO - Started process (PID=2324) to work on /home/airflow/.local/lib/python3.12/site-packages/airflow/example_dags/example_workday_timetable.py
[2025-04-25T23:56:35.335+0000] {processor.py:914} INFO - Processing file /home/airflow/.local/lib/python3.12/site-packages/airflow/example_dags/example_workday_timetable.py for tasks to queue
[2025-04-25T23:56:35.337+0000] {logging_mixin.py:190} INFO - [2025-04-25T23:56:35.337+0000] {dagbag.py:588} INFO - Filling up the DagBag from /home/airflow/.local/lib/python3.12/site-packages/airflow/example_dags/example_workday_timetable.py
[2025-04-25T23:56:35.346+0000] {processor.py:925} INFO - DAG(s) 'example_workday_timetable' retrieved from /home/airflow/.local/lib/python3.12/site-packages/airflow/example_dags/example_workday_timetable.py
[2025-04-25T23:56:35.375+0000] {logging_mixin.py:190} INFO - [2025-04-25T23:56:35.375+0000] {dag.py:3239} INFO - Sync 1 DAGs
[2025-04-25T23:56:35.560+0000] {logging_mixin.py:190} INFO - [2025-04-25T23:56:35.560+0000] {dag.py:4180} INFO - Setting next_dagrun for example_workday_timetable to 2021-01-04 00:00:00+00:00, run_after=2021-01-05 00:00:00+00:00
[2025-04-25T23:56:35.584+0000] {processor.py:208} INFO - Processing /home/airflow/.local/lib/python3.12/site-packages/airflow/example_dags/example_workday_timetable.py took 0.261 seconds
[2025-04-25T23:57:05.823+0000] {processor.py:186} INFO - Started process (PID=2388) to work on /home/airflow/.local/lib/python3.12/site-packages/airflow/example_dags/example_workday_timetable.py
[2025-04-25T23:57:05.824+0000] {processor.py:914} INFO - Processing file /home/airflow/.local/lib/python3.12/site-packages/airflow/example_dags/example_workday_timetable.py for tasks to queue
[2025-04-25T23:57:05.826+0000] {logging_mixin.py:190} INFO - [2025-04-25T23:57:05.825+0000] {dagbag.py:588} INFO - Filling up the DagBag from /home/airflow/.local/lib/python3.12/site-packages/airflow/example_dags/example_workday_timetable.py
[2025-04-25T23:57:05.833+0000] {processor.py:925} INFO - DAG(s) 'example_workday_timetable' retrieved from /home/airflow/.local/lib/python3.12/site-packages/airflow/example_dags/example_workday_timetable.py
[2025-04-25T23:57:05.861+0000] {logging_mixin.py:190} INFO - [2025-04-25T23:57:05.861+0000] {dag.py:3239} INFO - Sync 1 DAGs
[2025-04-25T23:57:05.993+0000] {logging_mixin.py:190} INFO - [2025-04-25T23:57:05.993+0000] {dag.py:4180} INFO - Setting next_dagrun for example_workday_timetable to 2021-01-04 00:00:00+00:00, run_after=2021-01-05 00:00:00+00:00
[2025-04-25T23:57:06.046+0000] {processor.py:208} INFO - Processing /home/airflow/.local/lib/python3.12/site-packages/airflow/example_dags/example_workday_timetable.py took 0.233 seconds
[2025-04-25T23:57:38.137+0000] {processor.py:186} INFO - Started process (PID=2451) to work on /home/airflow/.local/lib/python3.12/site-packages/airflow/example_dags/example_workday_timetable.py
[2025-04-25T23:57:38.167+0000] {processor.py:914} INFO - Processing file /home/airflow/.local/lib/python3.12/site-packages/airflow/example_dags/example_workday_timetable.py for tasks to queue
[2025-04-25T23:57:38.172+0000] {logging_mixin.py:190} INFO - [2025-04-25T23:57:38.171+0000] {dagbag.py:588} INFO - Filling up the DagBag from /home/airflow/.local/lib/python3.12/site-packages/airflow/example_dags/example_workday_timetable.py
[2025-04-25T23:57:38.193+0000] {processor.py:925} INFO - DAG(s) 'example_workday_timetable' retrieved from /home/airflow/.local/lib/python3.12/site-packages/airflow/example_dags/example_workday_timetable.py
[2025-04-25T23:57:38.305+0000] {logging_mixin.py:190} INFO - [2025-04-25T23:57:38.304+0000] {dag.py:3239} INFO - Sync 1 DAGs
[2025-04-25T23:57:38.734+0000] {logging_mixin.py:190} INFO - [2025-04-25T23:57:38.733+0000] {dag.py:4180} INFO - Setting next_dagrun for example_workday_timetable to 2021-01-04 00:00:00+00:00, run_after=2021-01-05 00:00:00+00:00
[2025-04-25T23:57:38.836+0000] {processor.py:208} INFO - Processing /home/airflow/.local/lib/python3.12/site-packages/airflow/example_dags/example_workday_timetable.py took 0.717 seconds
[2025-04-25T23:59:00.702+0000] {processor.py:186} INFO - Started process (PID=2497) to work on /home/airflow/.local/lib/python3.12/site-packages/airflow/example_dags/example_workday_timetable.py
[2025-04-25T23:59:00.729+0000] {processor.py:914} INFO - Processing file /home/airflow/.local/lib/python3.12/site-packages/airflow/example_dags/example_workday_timetable.py for tasks to queue
[2025-04-25T23:59:00.756+0000] {logging_mixin.py:190} INFO - [2025-04-25T23:59:00.743+0000] {dagbag.py:588} INFO - Filling up the DagBag from /home/airflow/.local/lib/python3.12/site-packages/airflow/example_dags/example_workday_timetable.py
[2025-04-25T23:59:00.874+0000] {processor.py:925} INFO - DAG(s) 'example_workday_timetable' retrieved from /home/airflow/.local/lib/python3.12/site-packages/airflow/example_dags/example_workday_timetable.py
[2025-04-25T23:59:01.536+0000] {logging_mixin.py:190} INFO - [2025-04-25T23:59:01.536+0000] {dag.py:3239} INFO - Sync 1 DAGs
[2025-04-25T23:59:02.418+0000] {logging_mixin.py:190} INFO - [2025-04-25T23:59:02.417+0000] {dag.py:4180} INFO - Setting next_dagrun for example_workday_timetable to 2021-01-04 00:00:00+00:00, run_after=2021-01-05 00:00:00+00:00
[2025-04-25T23:59:02.497+0000] {processor.py:208} INFO - Processing /home/airflow/.local/lib/python3.12/site-packages/airflow/example_dags/example_workday_timetable.py took 1.895 seconds
[2025-04-25T23:59:33.612+0000] {processor.py:186} INFO - Started process (PID=2561) to work on /home/airflow/.local/lib/python3.12/site-packages/airflow/example_dags/example_workday_timetable.py
[2025-04-25T23:59:33.643+0000] {processor.py:914} INFO - Processing file /home/airflow/.local/lib/python3.12/site-packages/airflow/example_dags/example_workday_timetable.py for tasks to queue
[2025-04-25T23:59:33.650+0000] {logging_mixin.py:190} INFO - [2025-04-25T23:59:33.649+0000] {dagbag.py:588} INFO - Filling up the DagBag from /home/airflow/.local/lib/python3.12/site-packages/airflow/example_dags/example_workday_timetable.py
[2025-04-25T23:59:33.680+0000] {processor.py:925} INFO - DAG(s) 'example_workday_timetable' retrieved from /home/airflow/.local/lib/python3.12/site-packages/airflow/example_dags/example_workday_timetable.py
[2025-04-25T23:59:33.922+0000] {logging_mixin.py:190} INFO - [2025-04-25T23:59:33.922+0000] {dag.py:3239} INFO - Sync 1 DAGs
[2025-04-25T23:59:34.910+0000] {logging_mixin.py:190} INFO - [2025-04-25T23:59:34.909+0000] {dag.py:4180} INFO - Setting next_dagrun for example_workday_timetable to 2021-01-04 00:00:00+00:00, run_after=2021-01-05 00:00:00+00:00
[2025-04-25T23:59:35.106+0000] {processor.py:208} INFO - Processing /home/airflow/.local/lib/python3.12/site-packages/airflow/example_dags/example_workday_timetable.py took 1.632 seconds
