[2025-04-25T23:33:38.013+0000] {processor.py:186} INFO - Started process (PID=158) to work on /home/airflow/.local/lib/python3.12/site-packages/airflow/example_dags/example_dataset_alias_with_no_taskflow.py
[2025-04-25T23:33:38.014+0000] {processor.py:914} INFO - Processing file /home/airflow/.local/lib/python3.12/site-packages/airflow/example_dags/example_dataset_alias_with_no_taskflow.py for tasks to queue
[2025-04-25T23:33:38.019+0000] {logging_mixin.py:190} INFO - [2025-04-25T23:33:38.018+0000] {dagbag.py:588} INFO - Filling up the DagBag from /home/airflow/.local/lib/python3.12/site-packages/airflow/example_dags/example_dataset_alias_with_no_taskflow.py
[2025-04-25T23:33:39.841+0000] {processor.py:925} INFO - DAG(s) 'dataset_alias_example_alias_consumer_with_no_taskflow', 'dataset_s3_bucket_producer_with_no_taskflow', 'dataset_s3_bucket_consumer_with_no_taskflow', 'dataset_alias_example_alias_producer_with_no_taskflow' retrieved from /home/airflow/.local/lib/python3.12/site-packages/airflow/example_dags/example_dataset_alias_with_no_taskflow.py
[2025-04-25T23:33:40.207+0000] {logging_mixin.py:190} INFO - [2025-04-25T23:33:40.206+0000] {override.py:1911} INFO - Created Permission View: can delete on DAG:dataset_alias_example_alias_consumer_with_no_taskflow
[2025-04-25T23:33:40.231+0000] {logging_mixin.py:190} INFO - [2025-04-25T23:33:40.230+0000] {override.py:1911} INFO - Created Permission View: can read on DAG:dataset_alias_example_alias_consumer_with_no_taskflow
[2025-04-25T23:33:40.242+0000] {logging_mixin.py:190} INFO - [2025-04-25T23:33:40.242+0000] {override.py:1911} INFO - Created Permission View: can edit on DAG:dataset_alias_example_alias_consumer_with_no_taskflow
[2025-04-25T23:33:40.276+0000] {logging_mixin.py:190} INFO - [2025-04-25T23:33:40.276+0000] {override.py:1911} INFO - Created Permission View: can create on DAG Run:dataset_alias_example_alias_consumer_with_no_taskflow
[2025-04-25T23:33:40.303+0000] {logging_mixin.py:190} INFO - [2025-04-25T23:33:40.302+0000] {override.py:1911} INFO - Created Permission View: can delete on DAG Run:dataset_alias_example_alias_consumer_with_no_taskflow
[2025-04-25T23:33:40.333+0000] {logging_mixin.py:190} INFO - [2025-04-25T23:33:40.333+0000] {override.py:1911} INFO - Created Permission View: can read on DAG Run:dataset_alias_example_alias_consumer_with_no_taskflow
[2025-04-25T23:33:40.352+0000] {logging_mixin.py:190} INFO - [2025-04-25T23:33:40.351+0000] {override.py:1911} INFO - Created Permission View: menu access on DAG Run:dataset_alias_example_alias_consumer_with_no_taskflow
[2025-04-25T23:33:40.419+0000] {logging_mixin.py:190} INFO - [2025-04-25T23:33:40.418+0000] {override.py:1911} INFO - Created Permission View: can delete on DAG:dataset_s3_bucket_producer_with_no_taskflow
[2025-04-25T23:33:40.443+0000] {logging_mixin.py:190} INFO - [2025-04-25T23:33:40.442+0000] {override.py:1911} INFO - Created Permission View: can read on DAG:dataset_s3_bucket_producer_with_no_taskflow
[2025-04-25T23:33:40.471+0000] {logging_mixin.py:190} INFO - [2025-04-25T23:33:40.470+0000] {override.py:1911} INFO - Created Permission View: can edit on DAG:dataset_s3_bucket_producer_with_no_taskflow
[2025-04-25T23:33:40.489+0000] {logging_mixin.py:190} INFO - [2025-04-25T23:33:40.488+0000] {override.py:1911} INFO - Created Permission View: can create on DAG Run:dataset_s3_bucket_producer_with_no_taskflow
[2025-04-25T23:33:40.501+0000] {logging_mixin.py:190} INFO - [2025-04-25T23:33:40.501+0000] {override.py:1911} INFO - Created Permission View: can delete on DAG Run:dataset_s3_bucket_producer_with_no_taskflow
[2025-04-25T23:33:40.516+0000] {logging_mixin.py:190} INFO - [2025-04-25T23:33:40.515+0000] {override.py:1911} INFO - Created Permission View: can read on DAG Run:dataset_s3_bucket_producer_with_no_taskflow
[2025-04-25T23:33:40.534+0000] {logging_mixin.py:190} INFO - [2025-04-25T23:33:40.533+0000] {override.py:1911} INFO - Created Permission View: menu access on DAG Run:dataset_s3_bucket_producer_with_no_taskflow
[2025-04-25T23:33:40.565+0000] {logging_mixin.py:190} INFO - [2025-04-25T23:33:40.564+0000] {override.py:1911} INFO - Created Permission View: can delete on DAG:dataset_s3_bucket_consumer_with_no_taskflow
[2025-04-25T23:33:40.583+0000] {logging_mixin.py:190} INFO - [2025-04-25T23:33:40.582+0000] {override.py:1911} INFO - Created Permission View: can read on DAG:dataset_s3_bucket_consumer_with_no_taskflow
[2025-04-25T23:33:40.611+0000] {logging_mixin.py:190} INFO - [2025-04-25T23:33:40.611+0000] {override.py:1911} INFO - Created Permission View: can edit on DAG:dataset_s3_bucket_consumer_with_no_taskflow
[2025-04-25T23:33:40.624+0000] {logging_mixin.py:190} INFO - [2025-04-25T23:33:40.624+0000] {override.py:1911} INFO - Created Permission View: can create on DAG Run:dataset_s3_bucket_consumer_with_no_taskflow
[2025-04-25T23:33:40.638+0000] {logging_mixin.py:190} INFO - [2025-04-25T23:33:40.638+0000] {override.py:1911} INFO - Created Permission View: can delete on DAG Run:dataset_s3_bucket_consumer_with_no_taskflow
[2025-04-25T23:33:40.668+0000] {logging_mixin.py:190} INFO - [2025-04-25T23:33:40.668+0000] {override.py:1911} INFO - Created Permission View: can read on DAG Run:dataset_s3_bucket_consumer_with_no_taskflow
[2025-04-25T23:33:40.683+0000] {logging_mixin.py:190} INFO - [2025-04-25T23:33:40.682+0000] {override.py:1911} INFO - Created Permission View: menu access on DAG Run:dataset_s3_bucket_consumer_with_no_taskflow
[2025-04-25T23:33:40.734+0000] {logging_mixin.py:190} INFO - [2025-04-25T23:33:40.733+0000] {override.py:1911} INFO - Created Permission View: can delete on DAG:dataset_alias_example_alias_producer_with_no_taskflow
[2025-04-25T23:33:40.748+0000] {logging_mixin.py:190} INFO - [2025-04-25T23:33:40.747+0000] {override.py:1911} INFO - Created Permission View: can read on DAG:dataset_alias_example_alias_producer_with_no_taskflow
[2025-04-25T23:33:40.768+0000] {logging_mixin.py:190} INFO - [2025-04-25T23:33:40.766+0000] {override.py:1911} INFO - Created Permission View: can edit on DAG:dataset_alias_example_alias_producer_with_no_taskflow
[2025-04-25T23:33:40.793+0000] {logging_mixin.py:190} INFO - [2025-04-25T23:33:40.792+0000] {override.py:1911} INFO - Created Permission View: can create on DAG Run:dataset_alias_example_alias_producer_with_no_taskflow
[2025-04-25T23:33:40.809+0000] {logging_mixin.py:190} INFO - [2025-04-25T23:33:40.809+0000] {override.py:1911} INFO - Created Permission View: can delete on DAG Run:dataset_alias_example_alias_producer_with_no_taskflow
[2025-04-25T23:33:40.822+0000] {logging_mixin.py:190} INFO - [2025-04-25T23:33:40.821+0000] {override.py:1911} INFO - Created Permission View: can read on DAG Run:dataset_alias_example_alias_producer_with_no_taskflow
[2025-04-25T23:33:40.834+0000] {logging_mixin.py:190} INFO - [2025-04-25T23:33:40.833+0000] {override.py:1911} INFO - Created Permission View: menu access on DAG Run:dataset_alias_example_alias_producer_with_no_taskflow
[2025-04-25T23:33:40.835+0000] {logging_mixin.py:190} INFO - [2025-04-25T23:33:40.834+0000] {dag.py:3239} INFO - Sync 4 DAGs
[2025-04-25T23:33:40.857+0000] {logging_mixin.py:190} INFO - [2025-04-25T23:33:40.856+0000] {dag.py:3262} INFO - Creating ORM DAG for dataset_alias_example_alias_producer_with_no_taskflow
[2025-04-25T23:33:40.859+0000] {logging_mixin.py:190} INFO - [2025-04-25T23:33:40.858+0000] {dag.py:3262} INFO - Creating ORM DAG for dataset_s3_bucket_producer_with_no_taskflow
[2025-04-25T23:33:40.860+0000] {logging_mixin.py:190} INFO - [2025-04-25T23:33:40.860+0000] {dag.py:3262} INFO - Creating ORM DAG for dataset_s3_bucket_consumer_with_no_taskflow
[2025-04-25T23:33:40.862+0000] {logging_mixin.py:190} INFO - [2025-04-25T23:33:40.861+0000] {dag.py:3262} INFO - Creating ORM DAG for dataset_alias_example_alias_consumer_with_no_taskflow
[2025-04-25T23:33:40.879+0000] {logging_mixin.py:190} INFO - [2025-04-25T23:33:40.879+0000] {dag.py:4180} INFO - Setting next_dagrun for dataset_alias_example_alias_consumer_with_no_taskflow to None, run_after=None
[2025-04-25T23:33:40.881+0000] {logging_mixin.py:190} INFO - [2025-04-25T23:33:40.880+0000] {dag.py:4180} INFO - Setting next_dagrun for dataset_alias_example_alias_producer_with_no_taskflow to None, run_after=None
[2025-04-25T23:33:40.883+0000] {logging_mixin.py:190} INFO - [2025-04-25T23:33:40.882+0000] {dag.py:4180} INFO - Setting next_dagrun for dataset_s3_bucket_consumer_with_no_taskflow to None, run_after=None
[2025-04-25T23:33:40.884+0000] {logging_mixin.py:190} INFO - [2025-04-25T23:33:40.884+0000] {dag.py:4180} INFO - Setting next_dagrun for dataset_s3_bucket_producer_with_no_taskflow to None, run_after=None
[2025-04-25T23:33:40.981+0000] {processor.py:208} INFO - Processing /home/airflow/.local/lib/python3.12/site-packages/airflow/example_dags/example_dataset_alias_with_no_taskflow.py took 2.983 seconds
[2025-04-25T23:35:11.692+0000] {processor.py:186} INFO - Started process (PID=271) to work on /home/airflow/.local/lib/python3.12/site-packages/airflow/example_dags/example_dataset_alias_with_no_taskflow.py
[2025-04-25T23:35:11.706+0000] {processor.py:914} INFO - Processing file /home/airflow/.local/lib/python3.12/site-packages/airflow/example_dags/example_dataset_alias_with_no_taskflow.py for tasks to queue
[2025-04-25T23:35:11.804+0000] {logging_mixin.py:190} INFO - [2025-04-25T23:35:11.794+0000] {dagbag.py:588} INFO - Filling up the DagBag from /home/airflow/.local/lib/python3.12/site-packages/airflow/example_dags/example_dataset_alias_with_no_taskflow.py
[2025-04-25T23:35:21.519+0000] {processor.py:925} INFO - DAG(s) 'dataset_s3_bucket_producer_with_no_taskflow', 'dataset_s3_bucket_consumer_with_no_taskflow', 'dataset_alias_example_alias_consumer_with_no_taskflow', 'dataset_alias_example_alias_producer_with_no_taskflow' retrieved from /home/airflow/.local/lib/python3.12/site-packages/airflow/example_dags/example_dataset_alias_with_no_taskflow.py
[2025-04-25T23:35:21.714+0000] {logging_mixin.py:190} INFO - [2025-04-25T23:35:21.713+0000] {dag.py:3239} INFO - Sync 4 DAGs
[2025-04-25T23:35:24.284+0000] {logging_mixin.py:190} INFO - [2025-04-25T23:35:24.275+0000] {dag.py:4180} INFO - Setting next_dagrun for dataset_alias_example_alias_consumer_with_no_taskflow to None, run_after=None
[2025-04-25T23:35:24.328+0000] {logging_mixin.py:190} INFO - [2025-04-25T23:35:24.327+0000] {dag.py:4180} INFO - Setting next_dagrun for dataset_alias_example_alias_producer_with_no_taskflow to None, run_after=None
[2025-04-25T23:35:24.335+0000] {logging_mixin.py:190} INFO - [2025-04-25T23:35:24.334+0000] {dag.py:4180} INFO - Setting next_dagrun for dataset_s3_bucket_consumer_with_no_taskflow to None, run_after=None
[2025-04-25T23:35:24.343+0000] {logging_mixin.py:190} INFO - [2025-04-25T23:35:24.342+0000] {dag.py:4180} INFO - Setting next_dagrun for dataset_s3_bucket_producer_with_no_taskflow to None, run_after=None
[2025-04-25T23:35:24.706+0000] {processor.py:208} INFO - Processing /home/airflow/.local/lib/python3.12/site-packages/airflow/example_dags/example_dataset_alias_with_no_taskflow.py took 13.132 seconds
[2025-04-25T23:38:02.370+0000] {processor.py:186} INFO - Started process (PID=128) to work on /home/airflow/.local/lib/python3.12/site-packages/airflow/example_dags/example_dataset_alias_with_no_taskflow.py
[2025-04-25T23:38:02.380+0000] {processor.py:914} INFO - Processing file /home/airflow/.local/lib/python3.12/site-packages/airflow/example_dags/example_dataset_alias_with_no_taskflow.py for tasks to queue
[2025-04-25T23:38:02.387+0000] {logging_mixin.py:190} INFO - [2025-04-25T23:38:02.386+0000] {dagbag.py:588} INFO - Filling up the DagBag from /home/airflow/.local/lib/python3.12/site-packages/airflow/example_dags/example_dataset_alias_with_no_taskflow.py
[2025-04-25T23:38:04.510+0000] {processor.py:925} INFO - DAG(s) 'dataset_s3_bucket_consumer_with_no_taskflow', 'dataset_alias_example_alias_producer_with_no_taskflow', 'dataset_s3_bucket_producer_with_no_taskflow', 'dataset_alias_example_alias_consumer_with_no_taskflow' retrieved from /home/airflow/.local/lib/python3.12/site-packages/airflow/example_dags/example_dataset_alias_with_no_taskflow.py
[2025-04-25T23:38:04.558+0000] {logging_mixin.py:190} INFO - [2025-04-25T23:38:04.557+0000] {dag.py:3239} INFO - Sync 4 DAGs
[2025-04-25T23:38:04.613+0000] {logging_mixin.py:190} INFO - [2025-04-25T23:38:04.613+0000] {dag.py:4180} INFO - Setting next_dagrun for dataset_alias_example_alias_consumer_with_no_taskflow to None, run_after=None
[2025-04-25T23:38:04.620+0000] {logging_mixin.py:190} INFO - [2025-04-25T23:38:04.620+0000] {dag.py:4180} INFO - Setting next_dagrun for dataset_alias_example_alias_producer_with_no_taskflow to None, run_after=None
[2025-04-25T23:38:04.623+0000] {logging_mixin.py:190} INFO - [2025-04-25T23:38:04.623+0000] {dag.py:4180} INFO - Setting next_dagrun for dataset_s3_bucket_consumer_with_no_taskflow to None, run_after=None
[2025-04-25T23:38:04.626+0000] {logging_mixin.py:190} INFO - [2025-04-25T23:38:04.625+0000] {dag.py:4180} INFO - Setting next_dagrun for dataset_s3_bucket_producer_with_no_taskflow to None, run_after=None
[2025-04-25T23:38:04.674+0000] {processor.py:208} INFO - Processing /home/airflow/.local/lib/python3.12/site-packages/airflow/example_dags/example_dataset_alias_with_no_taskflow.py took 2.319 seconds
[2025-04-25T23:38:35.115+0000] {processor.py:186} INFO - Started process (PID=191) to work on /home/airflow/.local/lib/python3.12/site-packages/airflow/example_dags/example_dataset_alias_with_no_taskflow.py
[2025-04-25T23:38:35.117+0000] {processor.py:914} INFO - Processing file /home/airflow/.local/lib/python3.12/site-packages/airflow/example_dags/example_dataset_alias_with_no_taskflow.py for tasks to queue
[2025-04-25T23:38:35.127+0000] {logging_mixin.py:190} INFO - [2025-04-25T23:38:35.126+0000] {dagbag.py:588} INFO - Filling up the DagBag from /home/airflow/.local/lib/python3.12/site-packages/airflow/example_dags/example_dataset_alias_with_no_taskflow.py
[2025-04-25T23:38:41.765+0000] {processor.py:925} INFO - DAG(s) 'dataset_alias_example_alias_consumer_with_no_taskflow', 'dataset_s3_bucket_producer_with_no_taskflow', 'dataset_s3_bucket_consumer_with_no_taskflow', 'dataset_alias_example_alias_producer_with_no_taskflow' retrieved from /home/airflow/.local/lib/python3.12/site-packages/airflow/example_dags/example_dataset_alias_with_no_taskflow.py
[2025-04-25T23:38:42.058+0000] {logging_mixin.py:190} INFO - [2025-04-25T23:38:42.031+0000] {dag.py:3239} INFO - Sync 4 DAGs
[2025-04-25T23:38:42.152+0000] {logging_mixin.py:190} INFO - [2025-04-25T23:38:42.152+0000] {dag.py:4180} INFO - Setting next_dagrun for dataset_alias_example_alias_consumer_with_no_taskflow to None, run_after=None
[2025-04-25T23:38:42.165+0000] {logging_mixin.py:190} INFO - [2025-04-25T23:38:42.165+0000] {dag.py:4180} INFO - Setting next_dagrun for dataset_alias_example_alias_producer_with_no_taskflow to None, run_after=None
[2025-04-25T23:38:42.176+0000] {logging_mixin.py:190} INFO - [2025-04-25T23:38:42.175+0000] {dag.py:4180} INFO - Setting next_dagrun for dataset_s3_bucket_consumer_with_no_taskflow to None, run_after=None
[2025-04-25T23:38:42.185+0000] {logging_mixin.py:190} INFO - [2025-04-25T23:38:42.185+0000] {dag.py:4180} INFO - Setting next_dagrun for dataset_s3_bucket_producer_with_no_taskflow to None, run_after=None
[2025-04-25T23:38:42.261+0000] {processor.py:208} INFO - Processing /home/airflow/.local/lib/python3.12/site-packages/airflow/example_dags/example_dataset_alias_with_no_taskflow.py took 7.183 seconds
[2025-04-25T23:39:12.375+0000] {processor.py:186} INFO - Started process (PID=254) to work on /home/airflow/.local/lib/python3.12/site-packages/airflow/example_dags/example_dataset_alias_with_no_taskflow.py
[2025-04-25T23:39:12.376+0000] {processor.py:914} INFO - Processing file /home/airflow/.local/lib/python3.12/site-packages/airflow/example_dags/example_dataset_alias_with_no_taskflow.py for tasks to queue
[2025-04-25T23:39:12.379+0000] {logging_mixin.py:190} INFO - [2025-04-25T23:39:12.379+0000] {dagbag.py:588} INFO - Filling up the DagBag from /home/airflow/.local/lib/python3.12/site-packages/airflow/example_dags/example_dataset_alias_with_no_taskflow.py
[2025-04-25T23:39:14.304+0000] {processor.py:925} INFO - DAG(s) 'dataset_s3_bucket_producer_with_no_taskflow', 'dataset_s3_bucket_consumer_with_no_taskflow', 'dataset_alias_example_alias_producer_with_no_taskflow', 'dataset_alias_example_alias_consumer_with_no_taskflow' retrieved from /home/airflow/.local/lib/python3.12/site-packages/airflow/example_dags/example_dataset_alias_with_no_taskflow.py
[2025-04-25T23:39:14.400+0000] {logging_mixin.py:190} INFO - [2025-04-25T23:39:14.397+0000] {dag.py:3239} INFO - Sync 4 DAGs
[2025-04-25T23:39:14.473+0000] {logging_mixin.py:190} INFO - [2025-04-25T23:39:14.472+0000] {dag.py:4180} INFO - Setting next_dagrun for dataset_alias_example_alias_consumer_with_no_taskflow to None, run_after=None
[2025-04-25T23:39:14.478+0000] {logging_mixin.py:190} INFO - [2025-04-25T23:39:14.478+0000] {dag.py:4180} INFO - Setting next_dagrun for dataset_alias_example_alias_producer_with_no_taskflow to None, run_after=None
[2025-04-25T23:39:14.482+0000] {logging_mixin.py:190} INFO - [2025-04-25T23:39:14.482+0000] {dag.py:4180} INFO - Setting next_dagrun for dataset_s3_bucket_consumer_with_no_taskflow to None, run_after=None
[2025-04-25T23:39:14.485+0000] {logging_mixin.py:190} INFO - [2025-04-25T23:39:14.485+0000] {dag.py:4180} INFO - Setting next_dagrun for dataset_s3_bucket_producer_with_no_taskflow to None, run_after=None
[2025-04-25T23:39:14.534+0000] {processor.py:208} INFO - Processing /home/airflow/.local/lib/python3.12/site-packages/airflow/example_dags/example_dataset_alias_with_no_taskflow.py took 2.167 seconds
[2025-04-25T23:39:50.481+0000] {processor.py:186} INFO - Started process (PID=326) to work on /home/airflow/.local/lib/python3.12/site-packages/airflow/example_dags/example_dataset_alias_with_no_taskflow.py
[2025-04-25T23:39:50.483+0000] {processor.py:914} INFO - Processing file /home/airflow/.local/lib/python3.12/site-packages/airflow/example_dags/example_dataset_alias_with_no_taskflow.py for tasks to queue
[2025-04-25T23:39:50.487+0000] {logging_mixin.py:190} INFO - [2025-04-25T23:39:50.487+0000] {dagbag.py:588} INFO - Filling up the DagBag from /home/airflow/.local/lib/python3.12/site-packages/airflow/example_dags/example_dataset_alias_with_no_taskflow.py
[2025-04-25T23:39:52.503+0000] {processor.py:925} INFO - DAG(s) 'dataset_s3_bucket_producer_with_no_taskflow', 'dataset_alias_example_alias_consumer_with_no_taskflow', 'dataset_alias_example_alias_producer_with_no_taskflow', 'dataset_s3_bucket_consumer_with_no_taskflow' retrieved from /home/airflow/.local/lib/python3.12/site-packages/airflow/example_dags/example_dataset_alias_with_no_taskflow.py
[2025-04-25T23:39:52.611+0000] {logging_mixin.py:190} INFO - [2025-04-25T23:39:52.610+0000] {dag.py:3239} INFO - Sync 4 DAGs
[2025-04-25T23:39:52.715+0000] {logging_mixin.py:190} INFO - [2025-04-25T23:39:52.715+0000] {dag.py:4180} INFO - Setting next_dagrun for dataset_alias_example_alias_consumer_with_no_taskflow to None, run_after=None
[2025-04-25T23:39:52.720+0000] {logging_mixin.py:190} INFO - [2025-04-25T23:39:52.720+0000] {dag.py:4180} INFO - Setting next_dagrun for dataset_alias_example_alias_producer_with_no_taskflow to None, run_after=None
[2025-04-25T23:39:52.725+0000] {logging_mixin.py:190} INFO - [2025-04-25T23:39:52.723+0000] {dag.py:4180} INFO - Setting next_dagrun for dataset_s3_bucket_consumer_with_no_taskflow to None, run_after=None
[2025-04-25T23:39:52.731+0000] {logging_mixin.py:190} INFO - [2025-04-25T23:39:52.730+0000] {dag.py:4180} INFO - Setting next_dagrun for dataset_s3_bucket_producer_with_no_taskflow to None, run_after=None
[2025-04-25T23:39:52.778+0000] {processor.py:208} INFO - Processing /home/airflow/.local/lib/python3.12/site-packages/airflow/example_dags/example_dataset_alias_with_no_taskflow.py took 2.311 seconds
[2025-04-25T23:40:23.006+0000] {processor.py:186} INFO - Started process (PID=395) to work on /home/airflow/.local/lib/python3.12/site-packages/airflow/example_dags/example_dataset_alias_with_no_taskflow.py
[2025-04-25T23:40:23.008+0000] {processor.py:914} INFO - Processing file /home/airflow/.local/lib/python3.12/site-packages/airflow/example_dags/example_dataset_alias_with_no_taskflow.py for tasks to queue
[2025-04-25T23:40:23.011+0000] {logging_mixin.py:190} INFO - [2025-04-25T23:40:23.011+0000] {dagbag.py:588} INFO - Filling up the DagBag from /home/airflow/.local/lib/python3.12/site-packages/airflow/example_dags/example_dataset_alias_with_no_taskflow.py
[2025-04-25T23:40:23.776+0000] {processor.py:925} INFO - DAG(s) 'dataset_alias_example_alias_consumer_with_no_taskflow', 'dataset_s3_bucket_producer_with_no_taskflow', 'dataset_s3_bucket_consumer_with_no_taskflow', 'dataset_alias_example_alias_producer_with_no_taskflow' retrieved from /home/airflow/.local/lib/python3.12/site-packages/airflow/example_dags/example_dataset_alias_with_no_taskflow.py
[2025-04-25T23:40:23.811+0000] {logging_mixin.py:190} INFO - [2025-04-25T23:40:23.811+0000] {dag.py:3239} INFO - Sync 4 DAGs
[2025-04-25T23:40:23.845+0000] {logging_mixin.py:190} INFO - [2025-04-25T23:40:23.845+0000] {dag.py:4180} INFO - Setting next_dagrun for dataset_alias_example_alias_consumer_with_no_taskflow to None, run_after=None
[2025-04-25T23:40:23.850+0000] {logging_mixin.py:190} INFO - [2025-04-25T23:40:23.849+0000] {dag.py:4180} INFO - Setting next_dagrun for dataset_alias_example_alias_producer_with_no_taskflow to None, run_after=None
[2025-04-25T23:40:23.852+0000] {logging_mixin.py:190} INFO - [2025-04-25T23:40:23.852+0000] {dag.py:4180} INFO - Setting next_dagrun for dataset_s3_bucket_consumer_with_no_taskflow to None, run_after=None
[2025-04-25T23:40:23.855+0000] {logging_mixin.py:190} INFO - [2025-04-25T23:40:23.854+0000] {dag.py:4180} INFO - Setting next_dagrun for dataset_s3_bucket_producer_with_no_taskflow to None, run_after=None
[2025-04-25T23:40:23.895+0000] {processor.py:208} INFO - Processing /home/airflow/.local/lib/python3.12/site-packages/airflow/example_dags/example_dataset_alias_with_no_taskflow.py took 0.897 seconds
[2025-04-25T23:40:54.667+0000] {processor.py:186} INFO - Started process (PID=458) to work on /home/airflow/.local/lib/python3.12/site-packages/airflow/example_dags/example_dataset_alias_with_no_taskflow.py
[2025-04-25T23:40:54.668+0000] {processor.py:914} INFO - Processing file /home/airflow/.local/lib/python3.12/site-packages/airflow/example_dags/example_dataset_alias_with_no_taskflow.py for tasks to queue
[2025-04-25T23:40:54.672+0000] {logging_mixin.py:190} INFO - [2025-04-25T23:40:54.671+0000] {dagbag.py:588} INFO - Filling up the DagBag from /home/airflow/.local/lib/python3.12/site-packages/airflow/example_dags/example_dataset_alias_with_no_taskflow.py
[2025-04-25T23:40:55.501+0000] {processor.py:925} INFO - DAG(s) 'dataset_alias_example_alias_consumer_with_no_taskflow', 'dataset_s3_bucket_consumer_with_no_taskflow', 'dataset_s3_bucket_producer_with_no_taskflow', 'dataset_alias_example_alias_producer_with_no_taskflow' retrieved from /home/airflow/.local/lib/python3.12/site-packages/airflow/example_dags/example_dataset_alias_with_no_taskflow.py
[2025-04-25T23:40:55.538+0000] {logging_mixin.py:190} INFO - [2025-04-25T23:40:55.538+0000] {dag.py:3239} INFO - Sync 4 DAGs
[2025-04-25T23:40:55.573+0000] {logging_mixin.py:190} INFO - [2025-04-25T23:40:55.573+0000] {dag.py:4180} INFO - Setting next_dagrun for dataset_alias_example_alias_consumer_with_no_taskflow to None, run_after=None
[2025-04-25T23:40:55.576+0000] {logging_mixin.py:190} INFO - [2025-04-25T23:40:55.576+0000] {dag.py:4180} INFO - Setting next_dagrun for dataset_alias_example_alias_producer_with_no_taskflow to None, run_after=None
[2025-04-25T23:40:55.579+0000] {logging_mixin.py:190} INFO - [2025-04-25T23:40:55.578+0000] {dag.py:4180} INFO - Setting next_dagrun for dataset_s3_bucket_consumer_with_no_taskflow to None, run_after=None
[2025-04-25T23:40:55.581+0000] {logging_mixin.py:190} INFO - [2025-04-25T23:40:55.580+0000] {dag.py:4180} INFO - Setting next_dagrun for dataset_s3_bucket_producer_with_no_taskflow to None, run_after=None
[2025-04-25T23:40:55.615+0000] {processor.py:208} INFO - Processing /home/airflow/.local/lib/python3.12/site-packages/airflow/example_dags/example_dataset_alias_with_no_taskflow.py took 0.956 seconds
[2025-04-25T23:41:25.755+0000] {processor.py:186} INFO - Started process (PID=520) to work on /home/airflow/.local/lib/python3.12/site-packages/airflow/example_dags/example_dataset_alias_with_no_taskflow.py
[2025-04-25T23:41:25.758+0000] {processor.py:914} INFO - Processing file /home/airflow/.local/lib/python3.12/site-packages/airflow/example_dags/example_dataset_alias_with_no_taskflow.py for tasks to queue
[2025-04-25T23:41:25.764+0000] {logging_mixin.py:190} INFO - [2025-04-25T23:41:25.762+0000] {dagbag.py:588} INFO - Filling up the DagBag from /home/airflow/.local/lib/python3.12/site-packages/airflow/example_dags/example_dataset_alias_with_no_taskflow.py
[2025-04-25T23:41:27.189+0000] {processor.py:925} INFO - DAG(s) 'dataset_alias_example_alias_consumer_with_no_taskflow', 'dataset_alias_example_alias_producer_with_no_taskflow', 'dataset_s3_bucket_producer_with_no_taskflow', 'dataset_s3_bucket_consumer_with_no_taskflow' retrieved from /home/airflow/.local/lib/python3.12/site-packages/airflow/example_dags/example_dataset_alias_with_no_taskflow.py
[2025-04-25T23:41:27.223+0000] {logging_mixin.py:190} INFO - [2025-04-25T23:41:27.222+0000] {dag.py:3239} INFO - Sync 4 DAGs
[2025-04-25T23:41:27.256+0000] {logging_mixin.py:190} INFO - [2025-04-25T23:41:27.256+0000] {dag.py:4180} INFO - Setting next_dagrun for dataset_alias_example_alias_consumer_with_no_taskflow to None, run_after=None
[2025-04-25T23:41:27.260+0000] {logging_mixin.py:190} INFO - [2025-04-25T23:41:27.260+0000] {dag.py:4180} INFO - Setting next_dagrun for dataset_alias_example_alias_producer_with_no_taskflow to None, run_after=None
[2025-04-25T23:41:27.262+0000] {logging_mixin.py:190} INFO - [2025-04-25T23:41:27.262+0000] {dag.py:4180} INFO - Setting next_dagrun for dataset_s3_bucket_consumer_with_no_taskflow to None, run_after=None
[2025-04-25T23:41:27.265+0000] {logging_mixin.py:190} INFO - [2025-04-25T23:41:27.265+0000] {dag.py:4180} INFO - Setting next_dagrun for dataset_s3_bucket_producer_with_no_taskflow to None, run_after=None
[2025-04-25T23:41:27.295+0000] {processor.py:208} INFO - Processing /home/airflow/.local/lib/python3.12/site-packages/airflow/example_dags/example_dataset_alias_with_no_taskflow.py took 1.556 seconds
[2025-04-25T23:41:57.772+0000] {processor.py:186} INFO - Started process (PID=583) to work on /home/airflow/.local/lib/python3.12/site-packages/airflow/example_dags/example_dataset_alias_with_no_taskflow.py
[2025-04-25T23:41:57.777+0000] {processor.py:914} INFO - Processing file /home/airflow/.local/lib/python3.12/site-packages/airflow/example_dags/example_dataset_alias_with_no_taskflow.py for tasks to queue
[2025-04-25T23:41:57.797+0000] {logging_mixin.py:190} INFO - [2025-04-25T23:41:57.797+0000] {dagbag.py:588} INFO - Filling up the DagBag from /home/airflow/.local/lib/python3.12/site-packages/airflow/example_dags/example_dataset_alias_with_no_taskflow.py
[2025-04-25T23:41:59.930+0000] {processor.py:925} INFO - DAG(s) 'dataset_alias_example_alias_producer_with_no_taskflow', 'dataset_s3_bucket_producer_with_no_taskflow', 'dataset_s3_bucket_consumer_with_no_taskflow', 'dataset_alias_example_alias_consumer_with_no_taskflow' retrieved from /home/airflow/.local/lib/python3.12/site-packages/airflow/example_dags/example_dataset_alias_with_no_taskflow.py
[2025-04-25T23:41:59.981+0000] {logging_mixin.py:190} INFO - [2025-04-25T23:41:59.980+0000] {dag.py:3239} INFO - Sync 4 DAGs
[2025-04-25T23:42:00.041+0000] {logging_mixin.py:190} INFO - [2025-04-25T23:42:00.040+0000] {dag.py:4180} INFO - Setting next_dagrun for dataset_alias_example_alias_consumer_with_no_taskflow to None, run_after=None
[2025-04-25T23:42:00.046+0000] {logging_mixin.py:190} INFO - [2025-04-25T23:42:00.046+0000] {dag.py:4180} INFO - Setting next_dagrun for dataset_alias_example_alias_producer_with_no_taskflow to None, run_after=None
[2025-04-25T23:42:00.052+0000] {logging_mixin.py:190} INFO - [2025-04-25T23:42:00.052+0000] {dag.py:4180} INFO - Setting next_dagrun for dataset_s3_bucket_consumer_with_no_taskflow to None, run_after=None
[2025-04-25T23:42:00.057+0000] {logging_mixin.py:190} INFO - [2025-04-25T23:42:00.057+0000] {dag.py:4180} INFO - Setting next_dagrun for dataset_s3_bucket_producer_with_no_taskflow to None, run_after=None
[2025-04-25T23:42:00.109+0000] {processor.py:208} INFO - Processing /home/airflow/.local/lib/python3.12/site-packages/airflow/example_dags/example_dataset_alias_with_no_taskflow.py took 2.362 seconds
[2025-04-25T23:42:30.469+0000] {processor.py:186} INFO - Started process (PID=646) to work on /home/airflow/.local/lib/python3.12/site-packages/airflow/example_dags/example_dataset_alias_with_no_taskflow.py
[2025-04-25T23:42:30.473+0000] {processor.py:914} INFO - Processing file /home/airflow/.local/lib/python3.12/site-packages/airflow/example_dags/example_dataset_alias_with_no_taskflow.py for tasks to queue
[2025-04-25T23:42:30.481+0000] {logging_mixin.py:190} INFO - [2025-04-25T23:42:30.480+0000] {dagbag.py:588} INFO - Filling up the DagBag from /home/airflow/.local/lib/python3.12/site-packages/airflow/example_dags/example_dataset_alias_with_no_taskflow.py
[2025-04-25T23:42:33.170+0000] {processor.py:925} INFO - DAG(s) 'dataset_s3_bucket_consumer_with_no_taskflow', 'dataset_s3_bucket_producer_with_no_taskflow', 'dataset_alias_example_alias_producer_with_no_taskflow', 'dataset_alias_example_alias_consumer_with_no_taskflow' retrieved from /home/airflow/.local/lib/python3.12/site-packages/airflow/example_dags/example_dataset_alias_with_no_taskflow.py
[2025-04-25T23:42:33.218+0000] {logging_mixin.py:190} INFO - [2025-04-25T23:42:33.218+0000] {dag.py:3239} INFO - Sync 4 DAGs
[2025-04-25T23:42:33.284+0000] {logging_mixin.py:190} INFO - [2025-04-25T23:42:33.283+0000] {dag.py:4180} INFO - Setting next_dagrun for dataset_alias_example_alias_consumer_with_no_taskflow to None, run_after=None
[2025-04-25T23:42:33.290+0000] {logging_mixin.py:190} INFO - [2025-04-25T23:42:33.289+0000] {dag.py:4180} INFO - Setting next_dagrun for dataset_alias_example_alias_producer_with_no_taskflow to None, run_after=None
[2025-04-25T23:42:33.294+0000] {logging_mixin.py:190} INFO - [2025-04-25T23:42:33.294+0000] {dag.py:4180} INFO - Setting next_dagrun for dataset_s3_bucket_consumer_with_no_taskflow to None, run_after=None
[2025-04-25T23:42:33.298+0000] {logging_mixin.py:190} INFO - [2025-04-25T23:42:33.297+0000] {dag.py:4180} INFO - Setting next_dagrun for dataset_s3_bucket_producer_with_no_taskflow to None, run_after=None
[2025-04-25T23:42:33.354+0000] {processor.py:208} INFO - Processing /home/airflow/.local/lib/python3.12/site-packages/airflow/example_dags/example_dataset_alias_with_no_taskflow.py took 2.916 seconds
[2025-04-25T23:43:03.761+0000] {processor.py:186} INFO - Started process (PID=709) to work on /home/airflow/.local/lib/python3.12/site-packages/airflow/example_dags/example_dataset_alias_with_no_taskflow.py
[2025-04-25T23:43:03.764+0000] {processor.py:914} INFO - Processing file /home/airflow/.local/lib/python3.12/site-packages/airflow/example_dags/example_dataset_alias_with_no_taskflow.py for tasks to queue
[2025-04-25T23:43:03.772+0000] {logging_mixin.py:190} INFO - [2025-04-25T23:43:03.769+0000] {dagbag.py:588} INFO - Filling up the DagBag from /home/airflow/.local/lib/python3.12/site-packages/airflow/example_dags/example_dataset_alias_with_no_taskflow.py
[2025-04-25T23:43:05.828+0000] {processor.py:925} INFO - DAG(s) 'dataset_alias_example_alias_producer_with_no_taskflow', 'dataset_alias_example_alias_consumer_with_no_taskflow', 'dataset_s3_bucket_consumer_with_no_taskflow', 'dataset_s3_bucket_producer_with_no_taskflow' retrieved from /home/airflow/.local/lib/python3.12/site-packages/airflow/example_dags/example_dataset_alias_with_no_taskflow.py
[2025-04-25T23:43:06.031+0000] {logging_mixin.py:190} INFO - [2025-04-25T23:43:06.026+0000] {dag.py:3239} INFO - Sync 4 DAGs
[2025-04-25T23:43:06.142+0000] {logging_mixin.py:190} INFO - [2025-04-25T23:43:06.141+0000] {dag.py:4180} INFO - Setting next_dagrun for dataset_alias_example_alias_consumer_with_no_taskflow to None, run_after=None
[2025-04-25T23:43:06.155+0000] {logging_mixin.py:190} INFO - [2025-04-25T23:43:06.150+0000] {dag.py:4180} INFO - Setting next_dagrun for dataset_alias_example_alias_producer_with_no_taskflow to None, run_after=None
[2025-04-25T23:43:06.163+0000] {logging_mixin.py:190} INFO - [2025-04-25T23:43:06.162+0000] {dag.py:4180} INFO - Setting next_dagrun for dataset_s3_bucket_consumer_with_no_taskflow to None, run_after=None
[2025-04-25T23:43:06.177+0000] {logging_mixin.py:190} INFO - [2025-04-25T23:43:06.175+0000] {dag.py:4180} INFO - Setting next_dagrun for dataset_s3_bucket_producer_with_no_taskflow to None, run_after=None
[2025-04-25T23:43:06.305+0000] {processor.py:208} INFO - Processing /home/airflow/.local/lib/python3.12/site-packages/airflow/example_dags/example_dataset_alias_with_no_taskflow.py took 2.556 seconds
[2025-04-25T23:43:36.857+0000] {processor.py:186} INFO - Started process (PID=772) to work on /home/airflow/.local/lib/python3.12/site-packages/airflow/example_dags/example_dataset_alias_with_no_taskflow.py
[2025-04-25T23:43:36.859+0000] {processor.py:914} INFO - Processing file /home/airflow/.local/lib/python3.12/site-packages/airflow/example_dags/example_dataset_alias_with_no_taskflow.py for tasks to queue
[2025-04-25T23:43:36.866+0000] {logging_mixin.py:190} INFO - [2025-04-25T23:43:36.864+0000] {dagbag.py:588} INFO - Filling up the DagBag from /home/airflow/.local/lib/python3.12/site-packages/airflow/example_dags/example_dataset_alias_with_no_taskflow.py
[2025-04-25T23:43:37.676+0000] {processor.py:925} INFO - DAG(s) 'dataset_alias_example_alias_producer_with_no_taskflow', 'dataset_alias_example_alias_consumer_with_no_taskflow', 'dataset_s3_bucket_producer_with_no_taskflow', 'dataset_s3_bucket_consumer_with_no_taskflow' retrieved from /home/airflow/.local/lib/python3.12/site-packages/airflow/example_dags/example_dataset_alias_with_no_taskflow.py
[2025-04-25T23:43:37.717+0000] {logging_mixin.py:190} INFO - [2025-04-25T23:43:37.716+0000] {dag.py:3239} INFO - Sync 4 DAGs
[2025-04-25T23:43:37.753+0000] {logging_mixin.py:190} INFO - [2025-04-25T23:43:37.753+0000] {dag.py:4180} INFO - Setting next_dagrun for dataset_alias_example_alias_consumer_with_no_taskflow to None, run_after=None
[2025-04-25T23:43:37.758+0000] {logging_mixin.py:190} INFO - [2025-04-25T23:43:37.757+0000] {dag.py:4180} INFO - Setting next_dagrun for dataset_alias_example_alias_producer_with_no_taskflow to None, run_after=None
[2025-04-25T23:43:37.764+0000] {logging_mixin.py:190} INFO - [2025-04-25T23:43:37.764+0000] {dag.py:4180} INFO - Setting next_dagrun for dataset_s3_bucket_consumer_with_no_taskflow to None, run_after=None
[2025-04-25T23:43:37.767+0000] {logging_mixin.py:190} INFO - [2025-04-25T23:43:37.767+0000] {dag.py:4180} INFO - Setting next_dagrun for dataset_s3_bucket_producer_with_no_taskflow to None, run_after=None
[2025-04-25T23:43:37.808+0000] {processor.py:208} INFO - Processing /home/airflow/.local/lib/python3.12/site-packages/airflow/example_dags/example_dataset_alias_with_no_taskflow.py took 0.958 seconds
[2025-04-25T23:44:08.043+0000] {processor.py:186} INFO - Started process (PID=835) to work on /home/airflow/.local/lib/python3.12/site-packages/airflow/example_dags/example_dataset_alias_with_no_taskflow.py
[2025-04-25T23:44:08.044+0000] {processor.py:914} INFO - Processing file /home/airflow/.local/lib/python3.12/site-packages/airflow/example_dags/example_dataset_alias_with_no_taskflow.py for tasks to queue
[2025-04-25T23:44:08.048+0000] {logging_mixin.py:190} INFO - [2025-04-25T23:44:08.047+0000] {dagbag.py:588} INFO - Filling up the DagBag from /home/airflow/.local/lib/python3.12/site-packages/airflow/example_dags/example_dataset_alias_with_no_taskflow.py
[2025-04-25T23:44:09.053+0000] {processor.py:925} INFO - DAG(s) 'dataset_s3_bucket_consumer_with_no_taskflow', 'dataset_s3_bucket_producer_with_no_taskflow', 'dataset_alias_example_alias_producer_with_no_taskflow', 'dataset_alias_example_alias_consumer_with_no_taskflow' retrieved from /home/airflow/.local/lib/python3.12/site-packages/airflow/example_dags/example_dataset_alias_with_no_taskflow.py
[2025-04-25T23:44:09.102+0000] {logging_mixin.py:190} INFO - [2025-04-25T23:44:09.101+0000] {dag.py:3239} INFO - Sync 4 DAGs
[2025-04-25T23:44:09.235+0000] {logging_mixin.py:190} INFO - [2025-04-25T23:44:09.234+0000] {dag.py:4180} INFO - Setting next_dagrun for dataset_alias_example_alias_consumer_with_no_taskflow to None, run_after=None
[2025-04-25T23:44:09.242+0000] {logging_mixin.py:190} INFO - [2025-04-25T23:44:09.242+0000] {dag.py:4180} INFO - Setting next_dagrun for dataset_alias_example_alias_producer_with_no_taskflow to None, run_after=None
[2025-04-25T23:44:09.247+0000] {logging_mixin.py:190} INFO - [2025-04-25T23:44:09.246+0000] {dag.py:4180} INFO - Setting next_dagrun for dataset_s3_bucket_consumer_with_no_taskflow to None, run_after=None
[2025-04-25T23:44:09.250+0000] {logging_mixin.py:190} INFO - [2025-04-25T23:44:09.250+0000] {dag.py:4180} INFO - Setting next_dagrun for dataset_s3_bucket_producer_with_no_taskflow to None, run_after=None
[2025-04-25T23:44:09.295+0000] {processor.py:208} INFO - Processing /home/airflow/.local/lib/python3.12/site-packages/airflow/example_dags/example_dataset_alias_with_no_taskflow.py took 1.259 seconds
[2025-04-25T23:44:39.358+0000] {processor.py:186} INFO - Started process (PID=898) to work on /home/airflow/.local/lib/python3.12/site-packages/airflow/example_dags/example_dataset_alias_with_no_taskflow.py
[2025-04-25T23:44:39.360+0000] {processor.py:914} INFO - Processing file /home/airflow/.local/lib/python3.12/site-packages/airflow/example_dags/example_dataset_alias_with_no_taskflow.py for tasks to queue
[2025-04-25T23:44:39.365+0000] {logging_mixin.py:190} INFO - [2025-04-25T23:44:39.364+0000] {dagbag.py:588} INFO - Filling up the DagBag from /home/airflow/.local/lib/python3.12/site-packages/airflow/example_dags/example_dataset_alias_with_no_taskflow.py
[2025-04-25T23:44:40.257+0000] {processor.py:925} INFO - DAG(s) 'dataset_alias_example_alias_consumer_with_no_taskflow', 'dataset_s3_bucket_producer_with_no_taskflow', 'dataset_alias_example_alias_producer_with_no_taskflow', 'dataset_s3_bucket_consumer_with_no_taskflow' retrieved from /home/airflow/.local/lib/python3.12/site-packages/airflow/example_dags/example_dataset_alias_with_no_taskflow.py
[2025-04-25T23:44:40.293+0000] {logging_mixin.py:190} INFO - [2025-04-25T23:44:40.292+0000] {dag.py:3239} INFO - Sync 4 DAGs
[2025-04-25T23:44:40.330+0000] {logging_mixin.py:190} INFO - [2025-04-25T23:44:40.330+0000] {dag.py:4180} INFO - Setting next_dagrun for dataset_alias_example_alias_consumer_with_no_taskflow to None, run_after=None
[2025-04-25T23:44:40.334+0000] {logging_mixin.py:190} INFO - [2025-04-25T23:44:40.334+0000] {dag.py:4180} INFO - Setting next_dagrun for dataset_alias_example_alias_producer_with_no_taskflow to None, run_after=None
[2025-04-25T23:44:40.337+0000] {logging_mixin.py:190} INFO - [2025-04-25T23:44:40.337+0000] {dag.py:4180} INFO - Setting next_dagrun for dataset_s3_bucket_consumer_with_no_taskflow to None, run_after=None
[2025-04-25T23:44:40.339+0000] {logging_mixin.py:190} INFO - [2025-04-25T23:44:40.339+0000] {dag.py:4180} INFO - Setting next_dagrun for dataset_s3_bucket_producer_with_no_taskflow to None, run_after=None
[2025-04-25T23:44:40.375+0000] {processor.py:208} INFO - Processing /home/airflow/.local/lib/python3.12/site-packages/airflow/example_dags/example_dataset_alias_with_no_taskflow.py took 1.027 seconds
[2025-04-25T23:45:10.829+0000] {processor.py:186} INFO - Started process (PID=961) to work on /home/airflow/.local/lib/python3.12/site-packages/airflow/example_dags/example_dataset_alias_with_no_taskflow.py
[2025-04-25T23:45:10.830+0000] {processor.py:914} INFO - Processing file /home/airflow/.local/lib/python3.12/site-packages/airflow/example_dags/example_dataset_alias_with_no_taskflow.py for tasks to queue
[2025-04-25T23:45:10.836+0000] {logging_mixin.py:190} INFO - [2025-04-25T23:45:10.836+0000] {dagbag.py:588} INFO - Filling up the DagBag from /home/airflow/.local/lib/python3.12/site-packages/airflow/example_dags/example_dataset_alias_with_no_taskflow.py
[2025-04-25T23:45:11.681+0000] {processor.py:925} INFO - DAG(s) 'dataset_s3_bucket_consumer_with_no_taskflow', 'dataset_alias_example_alias_consumer_with_no_taskflow', 'dataset_alias_example_alias_producer_with_no_taskflow', 'dataset_s3_bucket_producer_with_no_taskflow' retrieved from /home/airflow/.local/lib/python3.12/site-packages/airflow/example_dags/example_dataset_alias_with_no_taskflow.py
[2025-04-25T23:45:11.720+0000] {logging_mixin.py:190} INFO - [2025-04-25T23:45:11.719+0000] {dag.py:3239} INFO - Sync 4 DAGs
[2025-04-25T23:45:11.748+0000] {logging_mixin.py:190} INFO - [2025-04-25T23:45:11.748+0000] {dag.py:4180} INFO - Setting next_dagrun for dataset_alias_example_alias_consumer_with_no_taskflow to None, run_after=None
[2025-04-25T23:45:11.753+0000] {logging_mixin.py:190} INFO - [2025-04-25T23:45:11.753+0000] {dag.py:4180} INFO - Setting next_dagrun for dataset_alias_example_alias_producer_with_no_taskflow to None, run_after=None
[2025-04-25T23:45:11.755+0000] {logging_mixin.py:190} INFO - [2025-04-25T23:45:11.755+0000] {dag.py:4180} INFO - Setting next_dagrun for dataset_s3_bucket_consumer_with_no_taskflow to None, run_after=None
[2025-04-25T23:45:11.757+0000] {logging_mixin.py:190} INFO - [2025-04-25T23:45:11.757+0000] {dag.py:4180} INFO - Setting next_dagrun for dataset_s3_bucket_producer_with_no_taskflow to None, run_after=None
[2025-04-25T23:45:11.794+0000] {processor.py:208} INFO - Processing /home/airflow/.local/lib/python3.12/site-packages/airflow/example_dags/example_dataset_alias_with_no_taskflow.py took 0.973 seconds
[2025-04-25T23:45:42.162+0000] {processor.py:186} INFO - Started process (PID=1024) to work on /home/airflow/.local/lib/python3.12/site-packages/airflow/example_dags/example_dataset_alias_with_no_taskflow.py
[2025-04-25T23:45:42.166+0000] {processor.py:914} INFO - Processing file /home/airflow/.local/lib/python3.12/site-packages/airflow/example_dags/example_dataset_alias_with_no_taskflow.py for tasks to queue
[2025-04-25T23:45:42.171+0000] {logging_mixin.py:190} INFO - [2025-04-25T23:45:42.170+0000] {dagbag.py:588} INFO - Filling up the DagBag from /home/airflow/.local/lib/python3.12/site-packages/airflow/example_dags/example_dataset_alias_with_no_taskflow.py
[2025-04-25T23:45:43.296+0000] {processor.py:925} INFO - DAG(s) 'dataset_s3_bucket_consumer_with_no_taskflow', 'dataset_alias_example_alias_producer_with_no_taskflow', 'dataset_s3_bucket_producer_with_no_taskflow', 'dataset_alias_example_alias_consumer_with_no_taskflow' retrieved from /home/airflow/.local/lib/python3.12/site-packages/airflow/example_dags/example_dataset_alias_with_no_taskflow.py
[2025-04-25T23:45:43.341+0000] {logging_mixin.py:190} INFO - [2025-04-25T23:45:43.340+0000] {dag.py:3239} INFO - Sync 4 DAGs
[2025-04-25T23:45:43.382+0000] {logging_mixin.py:190} INFO - [2025-04-25T23:45:43.382+0000] {dag.py:4180} INFO - Setting next_dagrun for dataset_alias_example_alias_consumer_with_no_taskflow to None, run_after=None
[2025-04-25T23:45:43.386+0000] {logging_mixin.py:190} INFO - [2025-04-25T23:45:43.386+0000] {dag.py:4180} INFO - Setting next_dagrun for dataset_alias_example_alias_producer_with_no_taskflow to None, run_after=None
[2025-04-25T23:45:43.388+0000] {logging_mixin.py:190} INFO - [2025-04-25T23:45:43.388+0000] {dag.py:4180} INFO - Setting next_dagrun for dataset_s3_bucket_consumer_with_no_taskflow to None, run_after=None
[2025-04-25T23:45:43.391+0000] {logging_mixin.py:190} INFO - [2025-04-25T23:45:43.391+0000] {dag.py:4180} INFO - Setting next_dagrun for dataset_s3_bucket_producer_with_no_taskflow to None, run_after=None
[2025-04-25T23:45:43.437+0000] {processor.py:208} INFO - Processing /home/airflow/.local/lib/python3.12/site-packages/airflow/example_dags/example_dataset_alias_with_no_taskflow.py took 1.295 seconds
[2025-04-25T23:46:13.870+0000] {processor.py:186} INFO - Started process (PID=1086) to work on /home/airflow/.local/lib/python3.12/site-packages/airflow/example_dags/example_dataset_alias_with_no_taskflow.py
[2025-04-25T23:46:13.875+0000] {processor.py:914} INFO - Processing file /home/airflow/.local/lib/python3.12/site-packages/airflow/example_dags/example_dataset_alias_with_no_taskflow.py for tasks to queue
[2025-04-25T23:46:13.878+0000] {logging_mixin.py:190} INFO - [2025-04-25T23:46:13.878+0000] {dagbag.py:588} INFO - Filling up the DagBag from /home/airflow/.local/lib/python3.12/site-packages/airflow/example_dags/example_dataset_alias_with_no_taskflow.py
[2025-04-25T23:46:15.761+0000] {processor.py:925} INFO - DAG(s) 'dataset_s3_bucket_producer_with_no_taskflow', 'dataset_alias_example_alias_consumer_with_no_taskflow', 'dataset_s3_bucket_consumer_with_no_taskflow', 'dataset_alias_example_alias_producer_with_no_taskflow' retrieved from /home/airflow/.local/lib/python3.12/site-packages/airflow/example_dags/example_dataset_alias_with_no_taskflow.py
[2025-04-25T23:46:15.811+0000] {logging_mixin.py:190} INFO - [2025-04-25T23:46:15.810+0000] {dag.py:3239} INFO - Sync 4 DAGs
[2025-04-25T23:46:15.886+0000] {logging_mixin.py:190} INFO - [2025-04-25T23:46:15.886+0000] {dag.py:4180} INFO - Setting next_dagrun for dataset_alias_example_alias_consumer_with_no_taskflow to None, run_after=None
[2025-04-25T23:46:15.896+0000] {logging_mixin.py:190} INFO - [2025-04-25T23:46:15.896+0000] {dag.py:4180} INFO - Setting next_dagrun for dataset_alias_example_alias_producer_with_no_taskflow to None, run_after=None
[2025-04-25T23:46:15.901+0000] {logging_mixin.py:190} INFO - [2025-04-25T23:46:15.901+0000] {dag.py:4180} INFO - Setting next_dagrun for dataset_s3_bucket_consumer_with_no_taskflow to None, run_after=None
[2025-04-25T23:46:15.904+0000] {logging_mixin.py:190} INFO - [2025-04-25T23:46:15.903+0000] {dag.py:4180} INFO - Setting next_dagrun for dataset_s3_bucket_producer_with_no_taskflow to None, run_after=None
[2025-04-25T23:46:15.961+0000] {processor.py:208} INFO - Processing /home/airflow/.local/lib/python3.12/site-packages/airflow/example_dags/example_dataset_alias_with_no_taskflow.py took 2.101 seconds
[2025-04-25T23:46:51.530+0000] {processor.py:186} INFO - Started process (PID=1148) to work on /home/airflow/.local/lib/python3.12/site-packages/airflow/example_dags/example_dataset_alias_with_no_taskflow.py
[2025-04-25T23:46:51.536+0000] {processor.py:914} INFO - Processing file /home/airflow/.local/lib/python3.12/site-packages/airflow/example_dags/example_dataset_alias_with_no_taskflow.py for tasks to queue
[2025-04-25T23:46:51.541+0000] {logging_mixin.py:190} INFO - [2025-04-25T23:46:51.541+0000] {dagbag.py:588} INFO - Filling up the DagBag from /home/airflow/.local/lib/python3.12/site-packages/airflow/example_dags/example_dataset_alias_with_no_taskflow.py
[2025-04-25T23:46:54.784+0000] {processor.py:925} INFO - DAG(s) 'dataset_alias_example_alias_consumer_with_no_taskflow', 'dataset_s3_bucket_consumer_with_no_taskflow', 'dataset_alias_example_alias_producer_with_no_taskflow', 'dataset_s3_bucket_producer_with_no_taskflow' retrieved from /home/airflow/.local/lib/python3.12/site-packages/airflow/example_dags/example_dataset_alias_with_no_taskflow.py
[2025-04-25T23:46:55.059+0000] {logging_mixin.py:190} INFO - [2025-04-25T23:46:55.058+0000] {dag.py:3239} INFO - Sync 4 DAGs
[2025-04-25T23:46:55.331+0000] {logging_mixin.py:190} INFO - [2025-04-25T23:46:55.329+0000] {dag.py:4180} INFO - Setting next_dagrun for dataset_alias_example_alias_consumer_with_no_taskflow to None, run_after=None
[2025-04-25T23:46:55.341+0000] {logging_mixin.py:190} INFO - [2025-04-25T23:46:55.341+0000] {dag.py:4180} INFO - Setting next_dagrun for dataset_alias_example_alias_producer_with_no_taskflow to None, run_after=None
[2025-04-25T23:46:55.350+0000] {logging_mixin.py:190} INFO - [2025-04-25T23:46:55.349+0000] {dag.py:4180} INFO - Setting next_dagrun for dataset_s3_bucket_consumer_with_no_taskflow to None, run_after=None
[2025-04-25T23:46:55.352+0000] {logging_mixin.py:190} INFO - [2025-04-25T23:46:55.352+0000] {dag.py:4180} INFO - Setting next_dagrun for dataset_s3_bucket_producer_with_no_taskflow to None, run_after=None
[2025-04-25T23:46:55.494+0000] {processor.py:208} INFO - Processing /home/airflow/.local/lib/python3.12/site-packages/airflow/example_dags/example_dataset_alias_with_no_taskflow.py took 4.005 seconds
[2025-04-25T23:47:26.702+0000] {processor.py:186} INFO - Started process (PID=1211) to work on /home/airflow/.local/lib/python3.12/site-packages/airflow/example_dags/example_dataset_alias_with_no_taskflow.py
[2025-04-25T23:47:26.707+0000] {processor.py:914} INFO - Processing file /home/airflow/.local/lib/python3.12/site-packages/airflow/example_dags/example_dataset_alias_with_no_taskflow.py for tasks to queue
[2025-04-25T23:47:26.713+0000] {logging_mixin.py:190} INFO - [2025-04-25T23:47:26.713+0000] {dagbag.py:588} INFO - Filling up the DagBag from /home/airflow/.local/lib/python3.12/site-packages/airflow/example_dags/example_dataset_alias_with_no_taskflow.py
[2025-04-25T23:47:28.720+0000] {processor.py:925} INFO - DAG(s) 'dataset_s3_bucket_producer_with_no_taskflow', 'dataset_alias_example_alias_producer_with_no_taskflow', 'dataset_s3_bucket_consumer_with_no_taskflow', 'dataset_alias_example_alias_consumer_with_no_taskflow' retrieved from /home/airflow/.local/lib/python3.12/site-packages/airflow/example_dags/example_dataset_alias_with_no_taskflow.py
[2025-04-25T23:47:28.777+0000] {logging_mixin.py:190} INFO - [2025-04-25T23:47:28.776+0000] {dag.py:3239} INFO - Sync 4 DAGs
[2025-04-25T23:47:28.859+0000] {logging_mixin.py:190} INFO - [2025-04-25T23:47:28.856+0000] {dag.py:4180} INFO - Setting next_dagrun for dataset_alias_example_alias_consumer_with_no_taskflow to None, run_after=None
[2025-04-25T23:47:28.871+0000] {logging_mixin.py:190} INFO - [2025-04-25T23:47:28.871+0000] {dag.py:4180} INFO - Setting next_dagrun for dataset_alias_example_alias_producer_with_no_taskflow to None, run_after=None
[2025-04-25T23:47:28.879+0000] {logging_mixin.py:190} INFO - [2025-04-25T23:47:28.879+0000] {dag.py:4180} INFO - Setting next_dagrun for dataset_s3_bucket_consumer_with_no_taskflow to None, run_after=None
[2025-04-25T23:47:28.881+0000] {logging_mixin.py:190} INFO - [2025-04-25T23:47:28.881+0000] {dag.py:4180} INFO - Setting next_dagrun for dataset_s3_bucket_producer_with_no_taskflow to None, run_after=None
[2025-04-25T23:47:28.948+0000] {processor.py:208} INFO - Processing /home/airflow/.local/lib/python3.12/site-packages/airflow/example_dags/example_dataset_alias_with_no_taskflow.py took 2.279 seconds
[2025-04-25T23:47:59.547+0000] {processor.py:186} INFO - Started process (PID=1279) to work on /home/airflow/.local/lib/python3.12/site-packages/airflow/example_dags/example_dataset_alias_with_no_taskflow.py
[2025-04-25T23:47:59.548+0000] {processor.py:914} INFO - Processing file /home/airflow/.local/lib/python3.12/site-packages/airflow/example_dags/example_dataset_alias_with_no_taskflow.py for tasks to queue
[2025-04-25T23:47:59.551+0000] {logging_mixin.py:190} INFO - [2025-04-25T23:47:59.550+0000] {dagbag.py:588} INFO - Filling up the DagBag from /home/airflow/.local/lib/python3.12/site-packages/airflow/example_dags/example_dataset_alias_with_no_taskflow.py
[2025-04-25T23:48:00.887+0000] {processor.py:925} INFO - DAG(s) 'dataset_alias_example_alias_producer_with_no_taskflow', 'dataset_alias_example_alias_consumer_with_no_taskflow', 'dataset_s3_bucket_producer_with_no_taskflow', 'dataset_s3_bucket_consumer_with_no_taskflow' retrieved from /home/airflow/.local/lib/python3.12/site-packages/airflow/example_dags/example_dataset_alias_with_no_taskflow.py
[2025-04-25T23:48:00.927+0000] {logging_mixin.py:190} INFO - [2025-04-25T23:48:00.926+0000] {dag.py:3239} INFO - Sync 4 DAGs
[2025-04-25T23:48:00.985+0000] {logging_mixin.py:190} INFO - [2025-04-25T23:48:00.984+0000] {dag.py:4180} INFO - Setting next_dagrun for dataset_alias_example_alias_consumer_with_no_taskflow to None, run_after=None
[2025-04-25T23:48:00.990+0000] {logging_mixin.py:190} INFO - [2025-04-25T23:48:00.990+0000] {dag.py:4180} INFO - Setting next_dagrun for dataset_alias_example_alias_producer_with_no_taskflow to None, run_after=None
[2025-04-25T23:48:00.998+0000] {logging_mixin.py:190} INFO - [2025-04-25T23:48:00.998+0000] {dag.py:4180} INFO - Setting next_dagrun for dataset_s3_bucket_consumer_with_no_taskflow to None, run_after=None
[2025-04-25T23:48:01.002+0000] {logging_mixin.py:190} INFO - [2025-04-25T23:48:01.001+0000] {dag.py:4180} INFO - Setting next_dagrun for dataset_s3_bucket_producer_with_no_taskflow to None, run_after=None
[2025-04-25T23:48:01.062+0000] {processor.py:208} INFO - Processing /home/airflow/.local/lib/python3.12/site-packages/airflow/example_dags/example_dataset_alias_with_no_taskflow.py took 1.522 seconds
[2025-04-25T23:48:31.450+0000] {processor.py:186} INFO - Started process (PID=1341) to work on /home/airflow/.local/lib/python3.12/site-packages/airflow/example_dags/example_dataset_alias_with_no_taskflow.py
[2025-04-25T23:48:31.452+0000] {processor.py:914} INFO - Processing file /home/airflow/.local/lib/python3.12/site-packages/airflow/example_dags/example_dataset_alias_with_no_taskflow.py for tasks to queue
[2025-04-25T23:48:31.457+0000] {logging_mixin.py:190} INFO - [2025-04-25T23:48:31.457+0000] {dagbag.py:588} INFO - Filling up the DagBag from /home/airflow/.local/lib/python3.12/site-packages/airflow/example_dags/example_dataset_alias_with_no_taskflow.py
[2025-04-25T23:48:32.607+0000] {processor.py:925} INFO - DAG(s) 'dataset_s3_bucket_consumer_with_no_taskflow', 'dataset_alias_example_alias_consumer_with_no_taskflow', 'dataset_alias_example_alias_producer_with_no_taskflow', 'dataset_s3_bucket_producer_with_no_taskflow' retrieved from /home/airflow/.local/lib/python3.12/site-packages/airflow/example_dags/example_dataset_alias_with_no_taskflow.py
[2025-04-25T23:48:32.645+0000] {logging_mixin.py:190} INFO - [2025-04-25T23:48:32.645+0000] {dag.py:3239} INFO - Sync 4 DAGs
[2025-04-25T23:48:32.679+0000] {logging_mixin.py:190} INFO - [2025-04-25T23:48:32.679+0000] {dag.py:4180} INFO - Setting next_dagrun for dataset_alias_example_alias_consumer_with_no_taskflow to None, run_after=None
[2025-04-25T23:48:32.684+0000] {logging_mixin.py:190} INFO - [2025-04-25T23:48:32.683+0000] {dag.py:4180} INFO - Setting next_dagrun for dataset_alias_example_alias_producer_with_no_taskflow to None, run_after=None
[2025-04-25T23:48:32.687+0000] {logging_mixin.py:190} INFO - [2025-04-25T23:48:32.687+0000] {dag.py:4180} INFO - Setting next_dagrun for dataset_s3_bucket_consumer_with_no_taskflow to None, run_after=None
[2025-04-25T23:48:32.689+0000] {logging_mixin.py:190} INFO - [2025-04-25T23:48:32.689+0000] {dag.py:4180} INFO - Setting next_dagrun for dataset_s3_bucket_producer_with_no_taskflow to None, run_after=None
[2025-04-25T23:48:32.734+0000] {processor.py:208} INFO - Processing /home/airflow/.local/lib/python3.12/site-packages/airflow/example_dags/example_dataset_alias_with_no_taskflow.py took 1.292 seconds
[2025-04-25T23:49:05.896+0000] {processor.py:186} INFO - Started process (PID=1409) to work on /home/airflow/.local/lib/python3.12/site-packages/airflow/example_dags/example_dataset_alias_with_no_taskflow.py
[2025-04-25T23:49:05.899+0000] {processor.py:914} INFO - Processing file /home/airflow/.local/lib/python3.12/site-packages/airflow/example_dags/example_dataset_alias_with_no_taskflow.py for tasks to queue
[2025-04-25T23:49:05.907+0000] {logging_mixin.py:190} INFO - [2025-04-25T23:49:05.906+0000] {dagbag.py:588} INFO - Filling up the DagBag from /home/airflow/.local/lib/python3.12/site-packages/airflow/example_dags/example_dataset_alias_with_no_taskflow.py
[2025-04-25T23:49:09.717+0000] {processor.py:925} INFO - DAG(s) 'dataset_s3_bucket_consumer_with_no_taskflow', 'dataset_alias_example_alias_consumer_with_no_taskflow', 'dataset_s3_bucket_producer_with_no_taskflow', 'dataset_alias_example_alias_producer_with_no_taskflow' retrieved from /home/airflow/.local/lib/python3.12/site-packages/airflow/example_dags/example_dataset_alias_with_no_taskflow.py
[2025-04-25T23:49:09.781+0000] {logging_mixin.py:190} INFO - [2025-04-25T23:49:09.780+0000] {dag.py:3239} INFO - Sync 4 DAGs
[2025-04-25T23:49:09.975+0000] {logging_mixin.py:190} INFO - [2025-04-25T23:49:09.974+0000] {dag.py:4180} INFO - Setting next_dagrun for dataset_alias_example_alias_consumer_with_no_taskflow to None, run_after=None
[2025-04-25T23:49:09.990+0000] {logging_mixin.py:190} INFO - [2025-04-25T23:49:09.990+0000] {dag.py:4180} INFO - Setting next_dagrun for dataset_alias_example_alias_producer_with_no_taskflow to None, run_after=None
[2025-04-25T23:49:09.997+0000] {logging_mixin.py:190} INFO - [2025-04-25T23:49:09.996+0000] {dag.py:4180} INFO - Setting next_dagrun for dataset_s3_bucket_consumer_with_no_taskflow to None, run_after=None
[2025-04-25T23:49:10.010+0000] {logging_mixin.py:190} INFO - [2025-04-25T23:49:10.009+0000] {dag.py:4180} INFO - Setting next_dagrun for dataset_s3_bucket_producer_with_no_taskflow to None, run_after=None
[2025-04-25T23:49:10.113+0000] {processor.py:208} INFO - Processing /home/airflow/.local/lib/python3.12/site-packages/airflow/example_dags/example_dataset_alias_with_no_taskflow.py took 4.265 seconds
[2025-04-25T23:49:40.345+0000] {processor.py:186} INFO - Started process (PID=1472) to work on /home/airflow/.local/lib/python3.12/site-packages/airflow/example_dags/example_dataset_alias_with_no_taskflow.py
[2025-04-25T23:49:40.348+0000] {processor.py:914} INFO - Processing file /home/airflow/.local/lib/python3.12/site-packages/airflow/example_dags/example_dataset_alias_with_no_taskflow.py for tasks to queue
[2025-04-25T23:49:40.354+0000] {logging_mixin.py:190} INFO - [2025-04-25T23:49:40.353+0000] {dagbag.py:588} INFO - Filling up the DagBag from /home/airflow/.local/lib/python3.12/site-packages/airflow/example_dags/example_dataset_alias_with_no_taskflow.py
[2025-04-25T23:49:41.355+0000] {processor.py:925} INFO - DAG(s) 'dataset_alias_example_alias_consumer_with_no_taskflow', 'dataset_s3_bucket_consumer_with_no_taskflow', 'dataset_alias_example_alias_producer_with_no_taskflow', 'dataset_s3_bucket_producer_with_no_taskflow' retrieved from /home/airflow/.local/lib/python3.12/site-packages/airflow/example_dags/example_dataset_alias_with_no_taskflow.py
[2025-04-25T23:49:41.404+0000] {logging_mixin.py:190} INFO - [2025-04-25T23:49:41.404+0000] {dag.py:3239} INFO - Sync 4 DAGs
[2025-04-25T23:49:41.452+0000] {logging_mixin.py:190} INFO - [2025-04-25T23:49:41.452+0000] {dag.py:4180} INFO - Setting next_dagrun for dataset_alias_example_alias_consumer_with_no_taskflow to None, run_after=None
[2025-04-25T23:49:41.459+0000] {logging_mixin.py:190} INFO - [2025-04-25T23:49:41.458+0000] {dag.py:4180} INFO - Setting next_dagrun for dataset_alias_example_alias_producer_with_no_taskflow to None, run_after=None
[2025-04-25T23:49:41.471+0000] {logging_mixin.py:190} INFO - [2025-04-25T23:49:41.470+0000] {dag.py:4180} INFO - Setting next_dagrun for dataset_s3_bucket_consumer_with_no_taskflow to None, run_after=None
[2025-04-25T23:49:41.473+0000] {logging_mixin.py:190} INFO - [2025-04-25T23:49:41.473+0000] {dag.py:4180} INFO - Setting next_dagrun for dataset_s3_bucket_producer_with_no_taskflow to None, run_after=None
[2025-04-25T23:49:41.528+0000] {processor.py:208} INFO - Processing /home/airflow/.local/lib/python3.12/site-packages/airflow/example_dags/example_dataset_alias_with_no_taskflow.py took 1.191 seconds
[2025-04-25T23:50:11.728+0000] {processor.py:186} INFO - Started process (PID=1536) to work on /home/airflow/.local/lib/python3.12/site-packages/airflow/example_dags/example_dataset_alias_with_no_taskflow.py
[2025-04-25T23:50:11.731+0000] {processor.py:914} INFO - Processing file /home/airflow/.local/lib/python3.12/site-packages/airflow/example_dags/example_dataset_alias_with_no_taskflow.py for tasks to queue
[2025-04-25T23:50:11.736+0000] {logging_mixin.py:190} INFO - [2025-04-25T23:50:11.735+0000] {dagbag.py:588} INFO - Filling up the DagBag from /home/airflow/.local/lib/python3.12/site-packages/airflow/example_dags/example_dataset_alias_with_no_taskflow.py
[2025-04-25T23:50:13.342+0000] {processor.py:925} INFO - DAG(s) 'dataset_s3_bucket_consumer_with_no_taskflow', 'dataset_alias_example_alias_producer_with_no_taskflow', 'dataset_s3_bucket_producer_with_no_taskflow', 'dataset_alias_example_alias_consumer_with_no_taskflow' retrieved from /home/airflow/.local/lib/python3.12/site-packages/airflow/example_dags/example_dataset_alias_with_no_taskflow.py
[2025-04-25T23:50:13.379+0000] {logging_mixin.py:190} INFO - [2025-04-25T23:50:13.379+0000] {dag.py:3239} INFO - Sync 4 DAGs
[2025-04-25T23:50:13.429+0000] {logging_mixin.py:190} INFO - [2025-04-25T23:50:13.429+0000] {dag.py:4180} INFO - Setting next_dagrun for dataset_alias_example_alias_consumer_with_no_taskflow to None, run_after=None
[2025-04-25T23:50:13.437+0000] {logging_mixin.py:190} INFO - [2025-04-25T23:50:13.437+0000] {dag.py:4180} INFO - Setting next_dagrun for dataset_alias_example_alias_producer_with_no_taskflow to None, run_after=None
[2025-04-25T23:50:13.451+0000] {logging_mixin.py:190} INFO - [2025-04-25T23:50:13.450+0000] {dag.py:4180} INFO - Setting next_dagrun for dataset_s3_bucket_consumer_with_no_taskflow to None, run_after=None
[2025-04-25T23:50:13.454+0000] {logging_mixin.py:190} INFO - [2025-04-25T23:50:13.454+0000] {dag.py:4180} INFO - Setting next_dagrun for dataset_s3_bucket_producer_with_no_taskflow to None, run_after=None
[2025-04-25T23:50:13.494+0000] {processor.py:208} INFO - Processing /home/airflow/.local/lib/python3.12/site-packages/airflow/example_dags/example_dataset_alias_with_no_taskflow.py took 1.775 seconds
[2025-04-25T23:50:44.915+0000] {processor.py:186} INFO - Started process (PID=1603) to work on /home/airflow/.local/lib/python3.12/site-packages/airflow/example_dags/example_dataset_alias_with_no_taskflow.py
[2025-04-25T23:50:44.918+0000] {processor.py:914} INFO - Processing file /home/airflow/.local/lib/python3.12/site-packages/airflow/example_dags/example_dataset_alias_with_no_taskflow.py for tasks to queue
[2025-04-25T23:50:44.920+0000] {logging_mixin.py:190} INFO - [2025-04-25T23:50:44.920+0000] {dagbag.py:588} INFO - Filling up the DagBag from /home/airflow/.local/lib/python3.12/site-packages/airflow/example_dags/example_dataset_alias_with_no_taskflow.py
[2025-04-25T23:50:45.992+0000] {processor.py:925} INFO - DAG(s) 'dataset_s3_bucket_producer_with_no_taskflow', 'dataset_s3_bucket_consumer_with_no_taskflow', 'dataset_alias_example_alias_consumer_with_no_taskflow', 'dataset_alias_example_alias_producer_with_no_taskflow' retrieved from /home/airflow/.local/lib/python3.12/site-packages/airflow/example_dags/example_dataset_alias_with_no_taskflow.py
[2025-04-25T23:50:46.048+0000] {logging_mixin.py:190} INFO - [2025-04-25T23:50:46.047+0000] {dag.py:3239} INFO - Sync 4 DAGs
[2025-04-25T23:50:46.098+0000] {logging_mixin.py:190} INFO - [2025-04-25T23:50:46.098+0000] {dag.py:4180} INFO - Setting next_dagrun for dataset_alias_example_alias_consumer_with_no_taskflow to None, run_after=None
[2025-04-25T23:50:46.102+0000] {logging_mixin.py:190} INFO - [2025-04-25T23:50:46.102+0000] {dag.py:4180} INFO - Setting next_dagrun for dataset_alias_example_alias_producer_with_no_taskflow to None, run_after=None
[2025-04-25T23:50:46.108+0000] {logging_mixin.py:190} INFO - [2025-04-25T23:50:46.108+0000] {dag.py:4180} INFO - Setting next_dagrun for dataset_s3_bucket_consumer_with_no_taskflow to None, run_after=None
[2025-04-25T23:50:46.115+0000] {logging_mixin.py:190} INFO - [2025-04-25T23:50:46.115+0000] {dag.py:4180} INFO - Setting next_dagrun for dataset_s3_bucket_producer_with_no_taskflow to None, run_after=None
[2025-04-25T23:50:46.295+0000] {processor.py:208} INFO - Processing /home/airflow/.local/lib/python3.12/site-packages/airflow/example_dags/example_dataset_alias_with_no_taskflow.py took 1.387 seconds
[2025-04-25T23:51:16.648+0000] {processor.py:186} INFO - Started process (PID=1666) to work on /home/airflow/.local/lib/python3.12/site-packages/airflow/example_dags/example_dataset_alias_with_no_taskflow.py
[2025-04-25T23:51:16.650+0000] {processor.py:914} INFO - Processing file /home/airflow/.local/lib/python3.12/site-packages/airflow/example_dags/example_dataset_alias_with_no_taskflow.py for tasks to queue
[2025-04-25T23:51:16.660+0000] {logging_mixin.py:190} INFO - [2025-04-25T23:51:16.659+0000] {dagbag.py:588} INFO - Filling up the DagBag from /home/airflow/.local/lib/python3.12/site-packages/airflow/example_dags/example_dataset_alias_with_no_taskflow.py
[2025-04-25T23:51:18.376+0000] {processor.py:925} INFO - DAG(s) 'dataset_s3_bucket_consumer_with_no_taskflow', 'dataset_s3_bucket_producer_with_no_taskflow', 'dataset_alias_example_alias_producer_with_no_taskflow', 'dataset_alias_example_alias_consumer_with_no_taskflow' retrieved from /home/airflow/.local/lib/python3.12/site-packages/airflow/example_dags/example_dataset_alias_with_no_taskflow.py
[2025-04-25T23:51:18.496+0000] {logging_mixin.py:190} INFO - [2025-04-25T23:51:18.494+0000] {dag.py:3239} INFO - Sync 4 DAGs
[2025-04-25T23:51:18.624+0000] {logging_mixin.py:190} INFO - [2025-04-25T23:51:18.624+0000] {dag.py:4180} INFO - Setting next_dagrun for dataset_alias_example_alias_consumer_with_no_taskflow to None, run_after=None
[2025-04-25T23:51:18.655+0000] {logging_mixin.py:190} INFO - [2025-04-25T23:51:18.655+0000] {dag.py:4180} INFO - Setting next_dagrun for dataset_alias_example_alias_producer_with_no_taskflow to None, run_after=None
[2025-04-25T23:51:18.672+0000] {logging_mixin.py:190} INFO - [2025-04-25T23:51:18.671+0000] {dag.py:4180} INFO - Setting next_dagrun for dataset_s3_bucket_consumer_with_no_taskflow to None, run_after=None
[2025-04-25T23:51:18.693+0000] {logging_mixin.py:190} INFO - [2025-04-25T23:51:18.692+0000] {dag.py:4180} INFO - Setting next_dagrun for dataset_s3_bucket_producer_with_no_taskflow to None, run_after=None
[2025-04-25T23:51:18.873+0000] {processor.py:208} INFO - Processing /home/airflow/.local/lib/python3.12/site-packages/airflow/example_dags/example_dataset_alias_with_no_taskflow.py took 2.237 seconds
[2025-04-25T23:51:50.210+0000] {processor.py:186} INFO - Started process (PID=1730) to work on /home/airflow/.local/lib/python3.12/site-packages/airflow/example_dags/example_dataset_alias_with_no_taskflow.py
[2025-04-25T23:51:50.212+0000] {processor.py:914} INFO - Processing file /home/airflow/.local/lib/python3.12/site-packages/airflow/example_dags/example_dataset_alias_with_no_taskflow.py for tasks to queue
[2025-04-25T23:51:50.218+0000] {logging_mixin.py:190} INFO - [2025-04-25T23:51:50.216+0000] {dagbag.py:588} INFO - Filling up the DagBag from /home/airflow/.local/lib/python3.12/site-packages/airflow/example_dags/example_dataset_alias_with_no_taskflow.py
[2025-04-25T23:51:51.161+0000] {processor.py:925} INFO - DAG(s) 'dataset_s3_bucket_producer_with_no_taskflow', 'dataset_alias_example_alias_producer_with_no_taskflow', 'dataset_alias_example_alias_consumer_with_no_taskflow', 'dataset_s3_bucket_consumer_with_no_taskflow' retrieved from /home/airflow/.local/lib/python3.12/site-packages/airflow/example_dags/example_dataset_alias_with_no_taskflow.py
[2025-04-25T23:51:51.206+0000] {logging_mixin.py:190} INFO - [2025-04-25T23:51:51.205+0000] {dag.py:3239} INFO - Sync 4 DAGs
[2025-04-25T23:51:51.243+0000] {logging_mixin.py:190} INFO - [2025-04-25T23:51:51.242+0000] {dag.py:4180} INFO - Setting next_dagrun for dataset_alias_example_alias_consumer_with_no_taskflow to None, run_after=None
[2025-04-25T23:51:51.249+0000] {logging_mixin.py:190} INFO - [2025-04-25T23:51:51.249+0000] {dag.py:4180} INFO - Setting next_dagrun for dataset_alias_example_alias_producer_with_no_taskflow to None, run_after=None
[2025-04-25T23:51:51.253+0000] {logging_mixin.py:190} INFO - [2025-04-25T23:51:51.253+0000] {dag.py:4180} INFO - Setting next_dagrun for dataset_s3_bucket_consumer_with_no_taskflow to None, run_after=None
[2025-04-25T23:51:51.255+0000] {logging_mixin.py:190} INFO - [2025-04-25T23:51:51.255+0000] {dag.py:4180} INFO - Setting next_dagrun for dataset_s3_bucket_producer_with_no_taskflow to None, run_after=None
[2025-04-25T23:51:51.279+0000] {processor.py:208} INFO - Processing /home/airflow/.local/lib/python3.12/site-packages/airflow/example_dags/example_dataset_alias_with_no_taskflow.py took 1.079 seconds
[2025-04-25T23:52:22.221+0000] {processor.py:186} INFO - Started process (PID=1796) to work on /home/airflow/.local/lib/python3.12/site-packages/airflow/example_dags/example_dataset_alias_with_no_taskflow.py
[2025-04-25T23:52:22.223+0000] {processor.py:914} INFO - Processing file /home/airflow/.local/lib/python3.12/site-packages/airflow/example_dags/example_dataset_alias_with_no_taskflow.py for tasks to queue
[2025-04-25T23:52:22.230+0000] {logging_mixin.py:190} INFO - [2025-04-25T23:52:22.229+0000] {dagbag.py:588} INFO - Filling up the DagBag from /home/airflow/.local/lib/python3.12/site-packages/airflow/example_dags/example_dataset_alias_with_no_taskflow.py
[2025-04-25T23:52:25.033+0000] {processor.py:925} INFO - DAG(s) 'dataset_s3_bucket_producer_with_no_taskflow', 'dataset_s3_bucket_consumer_with_no_taskflow', 'dataset_alias_example_alias_consumer_with_no_taskflow', 'dataset_alias_example_alias_producer_with_no_taskflow' retrieved from /home/airflow/.local/lib/python3.12/site-packages/airflow/example_dags/example_dataset_alias_with_no_taskflow.py
[2025-04-25T23:52:25.163+0000] {logging_mixin.py:190} INFO - [2025-04-25T23:52:25.162+0000] {dag.py:3239} INFO - Sync 4 DAGs
[2025-04-25T23:52:25.222+0000] {logging_mixin.py:190} INFO - [2025-04-25T23:52:25.222+0000] {dag.py:4180} INFO - Setting next_dagrun for dataset_alias_example_alias_consumer_with_no_taskflow to None, run_after=None
[2025-04-25T23:52:25.232+0000] {logging_mixin.py:190} INFO - [2025-04-25T23:52:25.232+0000] {dag.py:4180} INFO - Setting next_dagrun for dataset_alias_example_alias_producer_with_no_taskflow to None, run_after=None
[2025-04-25T23:52:25.237+0000] {logging_mixin.py:190} INFO - [2025-04-25T23:52:25.236+0000] {dag.py:4180} INFO - Setting next_dagrun for dataset_s3_bucket_consumer_with_no_taskflow to None, run_after=None
[2025-04-25T23:52:25.239+0000] {logging_mixin.py:190} INFO - [2025-04-25T23:52:25.239+0000] {dag.py:4180} INFO - Setting next_dagrun for dataset_s3_bucket_producer_with_no_taskflow to None, run_after=None
[2025-04-25T23:52:25.454+0000] {processor.py:208} INFO - Processing /home/airflow/.local/lib/python3.12/site-packages/airflow/example_dags/example_dataset_alias_with_no_taskflow.py took 3.244 seconds
[2025-04-25T23:52:55.682+0000] {processor.py:186} INFO - Started process (PID=1862) to work on /home/airflow/.local/lib/python3.12/site-packages/airflow/example_dags/example_dataset_alias_with_no_taskflow.py
[2025-04-25T23:52:55.685+0000] {processor.py:914} INFO - Processing file /home/airflow/.local/lib/python3.12/site-packages/airflow/example_dags/example_dataset_alias_with_no_taskflow.py for tasks to queue
[2025-04-25T23:52:55.689+0000] {logging_mixin.py:190} INFO - [2025-04-25T23:52:55.688+0000] {dagbag.py:588} INFO - Filling up the DagBag from /home/airflow/.local/lib/python3.12/site-packages/airflow/example_dags/example_dataset_alias_with_no_taskflow.py
[2025-04-25T23:52:56.929+0000] {processor.py:925} INFO - DAG(s) 'dataset_s3_bucket_consumer_with_no_taskflow', 'dataset_alias_example_alias_consumer_with_no_taskflow', 'dataset_alias_example_alias_producer_with_no_taskflow', 'dataset_s3_bucket_producer_with_no_taskflow' retrieved from /home/airflow/.local/lib/python3.12/site-packages/airflow/example_dags/example_dataset_alias_with_no_taskflow.py
[2025-04-25T23:52:56.968+0000] {logging_mixin.py:190} INFO - [2025-04-25T23:52:56.968+0000] {dag.py:3239} INFO - Sync 4 DAGs
[2025-04-25T23:52:57.001+0000] {logging_mixin.py:190} INFO - [2025-04-25T23:52:57.001+0000] {dag.py:4180} INFO - Setting next_dagrun for dataset_alias_example_alias_consumer_with_no_taskflow to None, run_after=None
[2025-04-25T23:52:57.005+0000] {logging_mixin.py:190} INFO - [2025-04-25T23:52:57.005+0000] {dag.py:4180} INFO - Setting next_dagrun for dataset_alias_example_alias_producer_with_no_taskflow to None, run_after=None
[2025-04-25T23:52:57.007+0000] {logging_mixin.py:190} INFO - [2025-04-25T23:52:57.007+0000] {dag.py:4180} INFO - Setting next_dagrun for dataset_s3_bucket_consumer_with_no_taskflow to None, run_after=None
[2025-04-25T23:52:57.009+0000] {logging_mixin.py:190} INFO - [2025-04-25T23:52:57.009+0000] {dag.py:4180} INFO - Setting next_dagrun for dataset_s3_bucket_producer_with_no_taskflow to None, run_after=None
[2025-04-25T23:52:57.038+0000] {processor.py:208} INFO - Processing /home/airflow/.local/lib/python3.12/site-packages/airflow/example_dags/example_dataset_alias_with_no_taskflow.py took 1.371 seconds
[2025-04-25T23:53:27.437+0000] {processor.py:186} INFO - Started process (PID=1930) to work on /home/airflow/.local/lib/python3.12/site-packages/airflow/example_dags/example_dataset_alias_with_no_taskflow.py
[2025-04-25T23:53:27.438+0000] {processor.py:914} INFO - Processing file /home/airflow/.local/lib/python3.12/site-packages/airflow/example_dags/example_dataset_alias_with_no_taskflow.py for tasks to queue
[2025-04-25T23:53:27.442+0000] {logging_mixin.py:190} INFO - [2025-04-25T23:53:27.441+0000] {dagbag.py:588} INFO - Filling up the DagBag from /home/airflow/.local/lib/python3.12/site-packages/airflow/example_dags/example_dataset_alias_with_no_taskflow.py
[2025-04-25T23:53:29.046+0000] {processor.py:925} INFO - DAG(s) 'dataset_alias_example_alias_producer_with_no_taskflow', 'dataset_s3_bucket_consumer_with_no_taskflow', 'dataset_s3_bucket_producer_with_no_taskflow', 'dataset_alias_example_alias_consumer_with_no_taskflow' retrieved from /home/airflow/.local/lib/python3.12/site-packages/airflow/example_dags/example_dataset_alias_with_no_taskflow.py
[2025-04-25T23:53:29.098+0000] {logging_mixin.py:190} INFO - [2025-04-25T23:53:29.097+0000] {dag.py:3239} INFO - Sync 4 DAGs
[2025-04-25T23:53:29.135+0000] {logging_mixin.py:190} INFO - [2025-04-25T23:53:29.135+0000] {dag.py:4180} INFO - Setting next_dagrun for dataset_alias_example_alias_consumer_with_no_taskflow to None, run_after=None
[2025-04-25T23:53:29.139+0000] {logging_mixin.py:190} INFO - [2025-04-25T23:53:29.139+0000] {dag.py:4180} INFO - Setting next_dagrun for dataset_alias_example_alias_producer_with_no_taskflow to None, run_after=None
[2025-04-25T23:53:29.142+0000] {logging_mixin.py:190} INFO - [2025-04-25T23:53:29.142+0000] {dag.py:4180} INFO - Setting next_dagrun for dataset_s3_bucket_consumer_with_no_taskflow to None, run_after=None
[2025-04-25T23:53:29.145+0000] {logging_mixin.py:190} INFO - [2025-04-25T23:53:29.144+0000] {dag.py:4180} INFO - Setting next_dagrun for dataset_s3_bucket_producer_with_no_taskflow to None, run_after=None
[2025-04-25T23:53:29.177+0000] {processor.py:208} INFO - Processing /home/airflow/.local/lib/python3.12/site-packages/airflow/example_dags/example_dataset_alias_with_no_taskflow.py took 1.748 seconds
[2025-04-25T23:53:59.364+0000] {processor.py:186} INFO - Started process (PID=1995) to work on /home/airflow/.local/lib/python3.12/site-packages/airflow/example_dags/example_dataset_alias_with_no_taskflow.py
[2025-04-25T23:53:59.365+0000] {processor.py:914} INFO - Processing file /home/airflow/.local/lib/python3.12/site-packages/airflow/example_dags/example_dataset_alias_with_no_taskflow.py for tasks to queue
[2025-04-25T23:53:59.368+0000] {logging_mixin.py:190} INFO - [2025-04-25T23:53:59.367+0000] {dagbag.py:588} INFO - Filling up the DagBag from /home/airflow/.local/lib/python3.12/site-packages/airflow/example_dags/example_dataset_alias_with_no_taskflow.py
[2025-04-25T23:54:00.441+0000] {processor.py:925} INFO - DAG(s) 'dataset_s3_bucket_consumer_with_no_taskflow', 'dataset_s3_bucket_producer_with_no_taskflow', 'dataset_alias_example_alias_consumer_with_no_taskflow', 'dataset_alias_example_alias_producer_with_no_taskflow' retrieved from /home/airflow/.local/lib/python3.12/site-packages/airflow/example_dags/example_dataset_alias_with_no_taskflow.py
[2025-04-25T23:54:00.471+0000] {logging_mixin.py:190} INFO - [2025-04-25T23:54:00.471+0000] {dag.py:3239} INFO - Sync 4 DAGs
[2025-04-25T23:54:00.506+0000] {logging_mixin.py:190} INFO - [2025-04-25T23:54:00.506+0000] {dag.py:4180} INFO - Setting next_dagrun for dataset_alias_example_alias_consumer_with_no_taskflow to None, run_after=None
[2025-04-25T23:54:00.509+0000] {logging_mixin.py:190} INFO - [2025-04-25T23:54:00.509+0000] {dag.py:4180} INFO - Setting next_dagrun for dataset_alias_example_alias_producer_with_no_taskflow to None, run_after=None
[2025-04-25T23:54:00.514+0000] {logging_mixin.py:190} INFO - [2025-04-25T23:54:00.513+0000] {dag.py:4180} INFO - Setting next_dagrun for dataset_s3_bucket_consumer_with_no_taskflow to None, run_after=None
[2025-04-25T23:54:00.517+0000] {logging_mixin.py:190} INFO - [2025-04-25T23:54:00.517+0000] {dag.py:4180} INFO - Setting next_dagrun for dataset_s3_bucket_producer_with_no_taskflow to None, run_after=None
[2025-04-25T23:54:00.551+0000] {processor.py:208} INFO - Processing /home/airflow/.local/lib/python3.12/site-packages/airflow/example_dags/example_dataset_alias_with_no_taskflow.py took 1.194 seconds
[2025-04-25T23:54:31.731+0000] {processor.py:186} INFO - Started process (PID=2068) to work on /home/airflow/.local/lib/python3.12/site-packages/airflow/example_dags/example_dataset_alias_with_no_taskflow.py
[2025-04-25T23:54:31.735+0000] {processor.py:914} INFO - Processing file /home/airflow/.local/lib/python3.12/site-packages/airflow/example_dags/example_dataset_alias_with_no_taskflow.py for tasks to queue
[2025-04-25T23:54:31.738+0000] {logging_mixin.py:190} INFO - [2025-04-25T23:54:31.738+0000] {dagbag.py:588} INFO - Filling up the DagBag from /home/airflow/.local/lib/python3.12/site-packages/airflow/example_dags/example_dataset_alias_with_no_taskflow.py
[2025-04-25T23:54:32.456+0000] {processor.py:925} INFO - DAG(s) 'dataset_s3_bucket_producer_with_no_taskflow', 'dataset_alias_example_alias_consumer_with_no_taskflow', 'dataset_s3_bucket_consumer_with_no_taskflow', 'dataset_alias_example_alias_producer_with_no_taskflow' retrieved from /home/airflow/.local/lib/python3.12/site-packages/airflow/example_dags/example_dataset_alias_with_no_taskflow.py
[2025-04-25T23:54:32.482+0000] {logging_mixin.py:190} INFO - [2025-04-25T23:54:32.481+0000] {dag.py:3239} INFO - Sync 4 DAGs
[2025-04-25T23:54:32.507+0000] {logging_mixin.py:190} INFO - [2025-04-25T23:54:32.507+0000] {dag.py:4180} INFO - Setting next_dagrun for dataset_alias_example_alias_consumer_with_no_taskflow to None, run_after=None
[2025-04-25T23:54:32.511+0000] {logging_mixin.py:190} INFO - [2025-04-25T23:54:32.511+0000] {dag.py:4180} INFO - Setting next_dagrun for dataset_alias_example_alias_producer_with_no_taskflow to None, run_after=None
[2025-04-25T23:54:32.513+0000] {logging_mixin.py:190} INFO - [2025-04-25T23:54:32.513+0000] {dag.py:4180} INFO - Setting next_dagrun for dataset_s3_bucket_consumer_with_no_taskflow to None, run_after=None
[2025-04-25T23:54:32.515+0000] {logging_mixin.py:190} INFO - [2025-04-25T23:54:32.514+0000] {dag.py:4180} INFO - Setting next_dagrun for dataset_s3_bucket_producer_with_no_taskflow to None, run_after=None
[2025-04-25T23:54:32.539+0000] {processor.py:208} INFO - Processing /home/airflow/.local/lib/python3.12/site-packages/airflow/example_dags/example_dataset_alias_with_no_taskflow.py took 0.817 seconds
[2025-04-25T23:55:03.289+0000] {processor.py:186} INFO - Started process (PID=2138) to work on /home/airflow/.local/lib/python3.12/site-packages/airflow/example_dags/example_dataset_alias_with_no_taskflow.py
[2025-04-25T23:55:03.293+0000] {processor.py:914} INFO - Processing file /home/airflow/.local/lib/python3.12/site-packages/airflow/example_dags/example_dataset_alias_with_no_taskflow.py for tasks to queue
[2025-04-25T23:55:03.298+0000] {logging_mixin.py:190} INFO - [2025-04-25T23:55:03.298+0000] {dagbag.py:588} INFO - Filling up the DagBag from /home/airflow/.local/lib/python3.12/site-packages/airflow/example_dags/example_dataset_alias_with_no_taskflow.py
[2025-04-25T23:55:04.888+0000] {processor.py:925} INFO - DAG(s) 'dataset_alias_example_alias_producer_with_no_taskflow', 'dataset_s3_bucket_producer_with_no_taskflow', 'dataset_s3_bucket_consumer_with_no_taskflow', 'dataset_alias_example_alias_consumer_with_no_taskflow' retrieved from /home/airflow/.local/lib/python3.12/site-packages/airflow/example_dags/example_dataset_alias_with_no_taskflow.py
[2025-04-25T23:55:04.924+0000] {logging_mixin.py:190} INFO - [2025-04-25T23:55:04.923+0000] {dag.py:3239} INFO - Sync 4 DAGs
[2025-04-25T23:55:04.956+0000] {logging_mixin.py:190} INFO - [2025-04-25T23:55:04.956+0000] {dag.py:4180} INFO - Setting next_dagrun for dataset_alias_example_alias_consumer_with_no_taskflow to None, run_after=None
[2025-04-25T23:55:04.960+0000] {logging_mixin.py:190} INFO - [2025-04-25T23:55:04.960+0000] {dag.py:4180} INFO - Setting next_dagrun for dataset_alias_example_alias_producer_with_no_taskflow to None, run_after=None
[2025-04-25T23:55:04.962+0000] {logging_mixin.py:190} INFO - [2025-04-25T23:55:04.962+0000] {dag.py:4180} INFO - Setting next_dagrun for dataset_s3_bucket_consumer_with_no_taskflow to None, run_after=None
[2025-04-25T23:55:04.964+0000] {logging_mixin.py:190} INFO - [2025-04-25T23:55:04.964+0000] {dag.py:4180} INFO - Setting next_dagrun for dataset_s3_bucket_producer_with_no_taskflow to None, run_after=None
[2025-04-25T23:55:04.997+0000] {processor.py:208} INFO - Processing /home/airflow/.local/lib/python3.12/site-packages/airflow/example_dags/example_dataset_alias_with_no_taskflow.py took 1.718 seconds
[2025-04-25T23:55:35.071+0000] {processor.py:186} INFO - Started process (PID=2207) to work on /home/airflow/.local/lib/python3.12/site-packages/airflow/example_dags/example_dataset_alias_with_no_taskflow.py
[2025-04-25T23:55:35.072+0000] {processor.py:914} INFO - Processing file /home/airflow/.local/lib/python3.12/site-packages/airflow/example_dags/example_dataset_alias_with_no_taskflow.py for tasks to queue
[2025-04-25T23:55:35.074+0000] {logging_mixin.py:190} INFO - [2025-04-25T23:55:35.074+0000] {dagbag.py:588} INFO - Filling up the DagBag from /home/airflow/.local/lib/python3.12/site-packages/airflow/example_dags/example_dataset_alias_with_no_taskflow.py
[2025-04-25T23:55:35.699+0000] {processor.py:925} INFO - DAG(s) 'dataset_alias_example_alias_consumer_with_no_taskflow', 'dataset_alias_example_alias_producer_with_no_taskflow', 'dataset_s3_bucket_consumer_with_no_taskflow', 'dataset_s3_bucket_producer_with_no_taskflow' retrieved from /home/airflow/.local/lib/python3.12/site-packages/airflow/example_dags/example_dataset_alias_with_no_taskflow.py
[2025-04-25T23:55:35.723+0000] {logging_mixin.py:190} INFO - [2025-04-25T23:55:35.722+0000] {dag.py:3239} INFO - Sync 4 DAGs
[2025-04-25T23:55:35.748+0000] {logging_mixin.py:190} INFO - [2025-04-25T23:55:35.748+0000] {dag.py:4180} INFO - Setting next_dagrun for dataset_alias_example_alias_consumer_with_no_taskflow to None, run_after=None
[2025-04-25T23:55:35.751+0000] {logging_mixin.py:190} INFO - [2025-04-25T23:55:35.751+0000] {dag.py:4180} INFO - Setting next_dagrun for dataset_alias_example_alias_producer_with_no_taskflow to None, run_after=None
[2025-04-25T23:55:35.753+0000] {logging_mixin.py:190} INFO - [2025-04-25T23:55:35.753+0000] {dag.py:4180} INFO - Setting next_dagrun for dataset_s3_bucket_consumer_with_no_taskflow to None, run_after=None
[2025-04-25T23:55:35.755+0000] {logging_mixin.py:190} INFO - [2025-04-25T23:55:35.755+0000] {dag.py:4180} INFO - Setting next_dagrun for dataset_s3_bucket_producer_with_no_taskflow to None, run_after=None
[2025-04-25T23:55:35.781+0000] {processor.py:208} INFO - Processing /home/airflow/.local/lib/python3.12/site-packages/airflow/example_dags/example_dataset_alias_with_no_taskflow.py took 0.720 seconds
[2025-04-25T23:56:07.585+0000] {processor.py:186} INFO - Started process (PID=2270) to work on /home/airflow/.local/lib/python3.12/site-packages/airflow/example_dags/example_dataset_alias_with_no_taskflow.py
[2025-04-25T23:56:07.587+0000] {processor.py:914} INFO - Processing file /home/airflow/.local/lib/python3.12/site-packages/airflow/example_dags/example_dataset_alias_with_no_taskflow.py for tasks to queue
[2025-04-25T23:56:07.591+0000] {logging_mixin.py:190} INFO - [2025-04-25T23:56:07.590+0000] {dagbag.py:588} INFO - Filling up the DagBag from /home/airflow/.local/lib/python3.12/site-packages/airflow/example_dags/example_dataset_alias_with_no_taskflow.py
[2025-04-25T23:56:08.951+0000] {processor.py:925} INFO - DAG(s) 'dataset_alias_example_alias_producer_with_no_taskflow', 'dataset_alias_example_alias_consumer_with_no_taskflow', 'dataset_s3_bucket_producer_with_no_taskflow', 'dataset_s3_bucket_consumer_with_no_taskflow' retrieved from /home/airflow/.local/lib/python3.12/site-packages/airflow/example_dags/example_dataset_alias_with_no_taskflow.py
[2025-04-25T23:56:09.029+0000] {logging_mixin.py:190} INFO - [2025-04-25T23:56:09.028+0000] {dag.py:3239} INFO - Sync 4 DAGs
[2025-04-25T23:56:09.117+0000] {logging_mixin.py:190} INFO - [2025-04-25T23:56:09.117+0000] {dag.py:4180} INFO - Setting next_dagrun for dataset_alias_example_alias_consumer_with_no_taskflow to None, run_after=None
[2025-04-25T23:56:09.126+0000] {logging_mixin.py:190} INFO - [2025-04-25T23:56:09.125+0000] {dag.py:4180} INFO - Setting next_dagrun for dataset_alias_example_alias_producer_with_no_taskflow to None, run_after=None
[2025-04-25T23:56:09.133+0000] {logging_mixin.py:190} INFO - [2025-04-25T23:56:09.132+0000] {dag.py:4180} INFO - Setting next_dagrun for dataset_s3_bucket_consumer_with_no_taskflow to None, run_after=None
[2025-04-25T23:56:09.136+0000] {logging_mixin.py:190} INFO - [2025-04-25T23:56:09.136+0000] {dag.py:4180} INFO - Setting next_dagrun for dataset_s3_bucket_producer_with_no_taskflow to None, run_after=None
[2025-04-25T23:56:09.186+0000] {processor.py:208} INFO - Processing /home/airflow/.local/lib/python3.12/site-packages/airflow/example_dags/example_dataset_alias_with_no_taskflow.py took 1.616 seconds
[2025-04-25T23:56:40.617+0000] {processor.py:186} INFO - Started process (PID=2342) to work on /home/airflow/.local/lib/python3.12/site-packages/airflow/example_dags/example_dataset_alias_with_no_taskflow.py
[2025-04-25T23:56:40.618+0000] {processor.py:914} INFO - Processing file /home/airflow/.local/lib/python3.12/site-packages/airflow/example_dags/example_dataset_alias_with_no_taskflow.py for tasks to queue
[2025-04-25T23:56:40.620+0000] {logging_mixin.py:190} INFO - [2025-04-25T23:56:40.619+0000] {dagbag.py:588} INFO - Filling up the DagBag from /home/airflow/.local/lib/python3.12/site-packages/airflow/example_dags/example_dataset_alias_with_no_taskflow.py
[2025-04-25T23:56:41.846+0000] {processor.py:925} INFO - DAG(s) 'dataset_alias_example_alias_producer_with_no_taskflow', 'dataset_s3_bucket_consumer_with_no_taskflow', 'dataset_alias_example_alias_consumer_with_no_taskflow', 'dataset_s3_bucket_producer_with_no_taskflow' retrieved from /home/airflow/.local/lib/python3.12/site-packages/airflow/example_dags/example_dataset_alias_with_no_taskflow.py
[2025-04-25T23:56:41.876+0000] {logging_mixin.py:190} INFO - [2025-04-25T23:56:41.875+0000] {dag.py:3239} INFO - Sync 4 DAGs
[2025-04-25T23:56:41.908+0000] {logging_mixin.py:190} INFO - [2025-04-25T23:56:41.908+0000] {dag.py:4180} INFO - Setting next_dagrun for dataset_alias_example_alias_consumer_with_no_taskflow to None, run_after=None
[2025-04-25T23:56:41.913+0000] {logging_mixin.py:190} INFO - [2025-04-25T23:56:41.913+0000] {dag.py:4180} INFO - Setting next_dagrun for dataset_alias_example_alias_producer_with_no_taskflow to None, run_after=None
[2025-04-25T23:56:41.918+0000] {logging_mixin.py:190} INFO - [2025-04-25T23:56:41.918+0000] {dag.py:4180} INFO - Setting next_dagrun for dataset_s3_bucket_consumer_with_no_taskflow to None, run_after=None
[2025-04-25T23:56:41.920+0000] {logging_mixin.py:190} INFO - [2025-04-25T23:56:41.920+0000] {dag.py:4180} INFO - Setting next_dagrun for dataset_s3_bucket_producer_with_no_taskflow to None, run_after=None
[2025-04-25T23:56:41.955+0000] {processor.py:208} INFO - Processing /home/airflow/.local/lib/python3.12/site-packages/airflow/example_dags/example_dataset_alias_with_no_taskflow.py took 1.345 seconds
[2025-04-25T23:57:12.827+0000] {processor.py:186} INFO - Started process (PID=2411) to work on /home/airflow/.local/lib/python3.12/site-packages/airflow/example_dags/example_dataset_alias_with_no_taskflow.py
[2025-04-25T23:57:12.829+0000] {processor.py:914} INFO - Processing file /home/airflow/.local/lib/python3.12/site-packages/airflow/example_dags/example_dataset_alias_with_no_taskflow.py for tasks to queue
[2025-04-25T23:57:12.831+0000] {logging_mixin.py:190} INFO - [2025-04-25T23:57:12.830+0000] {dagbag.py:588} INFO - Filling up the DagBag from /home/airflow/.local/lib/python3.12/site-packages/airflow/example_dags/example_dataset_alias_with_no_taskflow.py
[2025-04-25T23:57:13.784+0000] {processor.py:925} INFO - DAG(s) 'dataset_alias_example_alias_producer_with_no_taskflow', 'dataset_s3_bucket_producer_with_no_taskflow', 'dataset_s3_bucket_consumer_with_no_taskflow', 'dataset_alias_example_alias_consumer_with_no_taskflow' retrieved from /home/airflow/.local/lib/python3.12/site-packages/airflow/example_dags/example_dataset_alias_with_no_taskflow.py
[2025-04-25T23:57:13.847+0000] {logging_mixin.py:190} INFO - [2025-04-25T23:57:13.847+0000] {dag.py:3239} INFO - Sync 4 DAGs
[2025-04-25T23:57:13.889+0000] {logging_mixin.py:190} INFO - [2025-04-25T23:57:13.887+0000] {dag.py:4180} INFO - Setting next_dagrun for dataset_alias_example_alias_consumer_with_no_taskflow to None, run_after=None
[2025-04-25T23:57:13.895+0000] {logging_mixin.py:190} INFO - [2025-04-25T23:57:13.894+0000] {dag.py:4180} INFO - Setting next_dagrun for dataset_alias_example_alias_producer_with_no_taskflow to None, run_after=None
[2025-04-25T23:57:13.898+0000] {logging_mixin.py:190} INFO - [2025-04-25T23:57:13.898+0000] {dag.py:4180} INFO - Setting next_dagrun for dataset_s3_bucket_consumer_with_no_taskflow to None, run_after=None
[2025-04-25T23:57:13.901+0000] {logging_mixin.py:190} INFO - [2025-04-25T23:57:13.901+0000] {dag.py:4180} INFO - Setting next_dagrun for dataset_s3_bucket_producer_with_no_taskflow to None, run_after=None
[2025-04-25T23:57:13.961+0000] {processor.py:208} INFO - Processing /home/airflow/.local/lib/python3.12/site-packages/airflow/example_dags/example_dataset_alias_with_no_taskflow.py took 1.145 seconds
[2025-04-25T23:58:53.884+0000] {processor.py:186} INFO - Started process (PID=2489) to work on /home/airflow/.local/lib/python3.12/site-packages/airflow/example_dags/example_dataset_alias_with_no_taskflow.py
[2025-04-25T23:58:53.889+0000] {processor.py:914} INFO - Processing file /home/airflow/.local/lib/python3.12/site-packages/airflow/example_dags/example_dataset_alias_with_no_taskflow.py for tasks to queue
[2025-04-25T23:58:53.932+0000] {logging_mixin.py:190} INFO - [2025-04-25T23:58:53.918+0000] {dagbag.py:588} INFO - Filling up the DagBag from /home/airflow/.local/lib/python3.12/site-packages/airflow/example_dags/example_dataset_alias_with_no_taskflow.py
[2025-04-25T23:58:59.001+0000] {processor.py:925} INFO - DAG(s) 'dataset_alias_example_alias_producer_with_no_taskflow', 'dataset_alias_example_alias_consumer_with_no_taskflow', 'dataset_s3_bucket_consumer_with_no_taskflow', 'dataset_s3_bucket_producer_with_no_taskflow' retrieved from /home/airflow/.local/lib/python3.12/site-packages/airflow/example_dags/example_dataset_alias_with_no_taskflow.py
[2025-04-25T23:58:59.680+0000] {logging_mixin.py:190} INFO - [2025-04-25T23:58:59.678+0000] {dag.py:3239} INFO - Sync 4 DAGs
[2025-04-25T23:59:00.135+0000] {logging_mixin.py:190} INFO - [2025-04-25T23:59:00.124+0000] {dag.py:4180} INFO - Setting next_dagrun for dataset_alias_example_alias_consumer_with_no_taskflow to None, run_after=None
[2025-04-25T23:59:00.246+0000] {logging_mixin.py:190} INFO - [2025-04-25T23:59:00.245+0000] {dag.py:4180} INFO - Setting next_dagrun for dataset_alias_example_alias_producer_with_no_taskflow to None, run_after=None
[2025-04-25T23:59:00.251+0000] {logging_mixin.py:190} INFO - [2025-04-25T23:59:00.250+0000] {dag.py:4180} INFO - Setting next_dagrun for dataset_s3_bucket_consumer_with_no_taskflow to None, run_after=None
[2025-04-25T23:59:00.323+0000] {logging_mixin.py:190} INFO - [2025-04-25T23:59:00.322+0000] {dag.py:4180} INFO - Setting next_dagrun for dataset_s3_bucket_producer_with_no_taskflow to None, run_after=None
[2025-04-25T23:59:00.770+0000] {processor.py:208} INFO - Processing /home/airflow/.local/lib/python3.12/site-packages/airflow/example_dags/example_dataset_alias_with_no_taskflow.py took 7.066 seconds
[2025-04-25T23:59:31.592+0000] {processor.py:186} INFO - Started process (PID=2560) to work on /home/airflow/.local/lib/python3.12/site-packages/airflow/example_dags/example_dataset_alias_with_no_taskflow.py
[2025-04-25T23:59:31.593+0000] {processor.py:914} INFO - Processing file /home/airflow/.local/lib/python3.12/site-packages/airflow/example_dags/example_dataset_alias_with_no_taskflow.py for tasks to queue
[2025-04-25T23:59:31.595+0000] {logging_mixin.py:190} INFO - [2025-04-25T23:59:31.594+0000] {dagbag.py:588} INFO - Filling up the DagBag from /home/airflow/.local/lib/python3.12/site-packages/airflow/example_dags/example_dataset_alias_with_no_taskflow.py
[2025-04-25T23:59:33.370+0000] {processor.py:925} INFO - DAG(s) 'dataset_s3_bucket_consumer_with_no_taskflow', 'dataset_s3_bucket_producer_with_no_taskflow', 'dataset_alias_example_alias_producer_with_no_taskflow', 'dataset_alias_example_alias_consumer_with_no_taskflow' retrieved from /home/airflow/.local/lib/python3.12/site-packages/airflow/example_dags/example_dataset_alias_with_no_taskflow.py
[2025-04-25T23:59:33.642+0000] {logging_mixin.py:190} INFO - [2025-04-25T23:59:33.611+0000] {dag.py:3239} INFO - Sync 4 DAGs
[2025-04-25T23:59:33.725+0000] {logging_mixin.py:190} INFO - [2025-04-25T23:59:33.724+0000] {dag.py:4180} INFO - Setting next_dagrun for dataset_alias_example_alias_consumer_with_no_taskflow to None, run_after=None
[2025-04-25T23:59:33.804+0000] {logging_mixin.py:190} INFO - [2025-04-25T23:59:33.772+0000] {dag.py:4180} INFO - Setting next_dagrun for dataset_alias_example_alias_producer_with_no_taskflow to None, run_after=None
[2025-04-25T23:59:33.839+0000] {logging_mixin.py:190} INFO - [2025-04-25T23:59:33.838+0000] {dag.py:4180} INFO - Setting next_dagrun for dataset_s3_bucket_consumer_with_no_taskflow to None, run_after=None
[2025-04-25T23:59:33.901+0000] {logging_mixin.py:190} INFO - [2025-04-25T23:59:33.890+0000] {dag.py:4180} INFO - Setting next_dagrun for dataset_s3_bucket_producer_with_no_taskflow to None, run_after=None
[2025-04-25T23:59:34.053+0000] {processor.py:208} INFO - Processing /home/airflow/.local/lib/python3.12/site-packages/airflow/example_dags/example_dataset_alias_with_no_taskflow.py took 2.467 seconds
