[2025-04-25T23:32:11.652+0000] {processor.py:186} INFO - Started process (PID=102) to work on /home/airflow/.local/lib/python3.12/site-packages/airflow/example_dags/example_params_ui_tutorial.py
[2025-04-25T23:32:11.671+0000] {processor.py:914} INFO - Processing file /home/airflow/.local/lib/python3.12/site-packages/airflow/example_dags/example_params_ui_tutorial.py for tasks to queue
[2025-04-25T23:32:11.715+0000] {logging_mixin.py:190} INFO - [2025-04-25T23:32:11.711+0000] {dagbag.py:588} INFO - Filling up the DagBag from /home/airflow/.local/lib/python3.12/site-packages/airflow/example_dags/example_params_ui_tutorial.py
[2025-04-25T23:32:11.812+0000] {processor.py:925} INFO - DAG(s) 'example_params_ui_tutorial' retrieved from /home/airflow/.local/lib/python3.12/site-packages/airflow/example_dags/example_params_ui_tutorial.py
[2025-04-25T23:32:12.773+0000] {logging_mixin.py:190} INFO - [2025-04-25T23:32:12.772+0000] {override.py:1911} INFO - Created Permission View: can delete on DAG:example_params_ui_tutorial
[2025-04-25T23:32:12.821+0000] {logging_mixin.py:190} INFO - [2025-04-25T23:32:12.816+0000] {override.py:1911} INFO - Created Permission View: can read on DAG:example_params_ui_tutorial
[2025-04-25T23:32:12.840+0000] {logging_mixin.py:190} INFO - [2025-04-25T23:32:12.839+0000] {override.py:1911} INFO - Created Permission View: can edit on DAG:example_params_ui_tutorial
[2025-04-25T23:32:12.950+0000] {logging_mixin.py:190} INFO - [2025-04-25T23:32:12.949+0000] {override.py:1911} INFO - Created Permission View: can create on DAG Run:example_params_ui_tutorial
[2025-04-25T23:32:12.982+0000] {logging_mixin.py:190} INFO - [2025-04-25T23:32:12.981+0000] {override.py:1911} INFO - Created Permission View: can delete on DAG Run:example_params_ui_tutorial
[2025-04-25T23:32:13.012+0000] {logging_mixin.py:190} INFO - [2025-04-25T23:32:13.010+0000] {override.py:1911} INFO - Created Permission View: can read on DAG Run:example_params_ui_tutorial
[2025-04-25T23:32:13.124+0000] {logging_mixin.py:190} INFO - [2025-04-25T23:32:13.116+0000] {override.py:1911} INFO - Created Permission View: menu access on DAG Run:example_params_ui_tutorial
[2025-04-25T23:32:13.128+0000] {logging_mixin.py:190} INFO - [2025-04-25T23:32:13.127+0000] {dag.py:3239} INFO - Sync 1 DAGs
[2025-04-25T23:32:13.223+0000] {logging_mixin.py:190} INFO - [2025-04-25T23:32:13.223+0000] {dag.py:3262} INFO - Creating ORM DAG for example_params_ui_tutorial
[2025-04-25T23:32:13.227+0000] {logging_mixin.py:190} INFO - [2025-04-25T23:32:13.226+0000] {dag.py:4180} INFO - Setting next_dagrun for example_params_ui_tutorial to None, run_after=None
[2025-04-25T23:32:13.379+0000] {processor.py:208} INFO - Processing /home/airflow/.local/lib/python3.12/site-packages/airflow/example_dags/example_params_ui_tutorial.py took 2.006 seconds
[2025-04-25T23:33:44.240+0000] {processor.py:186} INFO - Started process (PID=177) to work on /home/airflow/.local/lib/python3.12/site-packages/airflow/example_dags/example_params_ui_tutorial.py
[2025-04-25T23:33:44.242+0000] {processor.py:914} INFO - Processing file /home/airflow/.local/lib/python3.12/site-packages/airflow/example_dags/example_params_ui_tutorial.py for tasks to queue
[2025-04-25T23:33:44.250+0000] {logging_mixin.py:190} INFO - [2025-04-25T23:33:44.247+0000] {dagbag.py:588} INFO - Filling up the DagBag from /home/airflow/.local/lib/python3.12/site-packages/airflow/example_dags/example_params_ui_tutorial.py
[2025-04-25T23:33:44.279+0000] {processor.py:925} INFO - DAG(s) 'example_params_ui_tutorial' retrieved from /home/airflow/.local/lib/python3.12/site-packages/airflow/example_dags/example_params_ui_tutorial.py
[2025-04-25T23:33:44.384+0000] {logging_mixin.py:190} INFO - [2025-04-25T23:33:44.383+0000] {dag.py:3239} INFO - Sync 1 DAGs
[2025-04-25T23:33:44.414+0000] {logging_mixin.py:190} INFO - [2025-04-25T23:33:44.413+0000] {dag.py:4180} INFO - Setting next_dagrun for example_params_ui_tutorial to None, run_after=None
[2025-04-25T23:33:44.448+0000] {processor.py:208} INFO - Processing /home/airflow/.local/lib/python3.12/site-packages/airflow/example_dags/example_params_ui_tutorial.py took 0.217 seconds
[2025-04-25T23:34:39.133+0000] {processor.py:186} INFO - Started process (PID=239) to work on /home/airflow/.local/lib/python3.12/site-packages/airflow/example_dags/example_params_ui_tutorial.py
[2025-04-25T23:34:39.136+0000] {processor.py:914} INFO - Processing file /home/airflow/.local/lib/python3.12/site-packages/airflow/example_dags/example_params_ui_tutorial.py for tasks to queue
[2025-04-25T23:34:39.142+0000] {logging_mixin.py:190} INFO - [2025-04-25T23:34:39.139+0000] {dagbag.py:588} INFO - Filling up the DagBag from /home/airflow/.local/lib/python3.12/site-packages/airflow/example_dags/example_params_ui_tutorial.py
[2025-04-25T23:34:39.177+0000] {processor.py:925} INFO - DAG(s) 'example_params_ui_tutorial' retrieved from /home/airflow/.local/lib/python3.12/site-packages/airflow/example_dags/example_params_ui_tutorial.py
[2025-04-25T23:34:39.464+0000] {logging_mixin.py:190} INFO - [2025-04-25T23:34:39.464+0000] {dag.py:3239} INFO - Sync 1 DAGs
[2025-04-25T23:34:39.500+0000] {logging_mixin.py:190} INFO - [2025-04-25T23:34:39.500+0000] {dag.py:4180} INFO - Setting next_dagrun for example_params_ui_tutorial to None, run_after=None
[2025-04-25T23:34:39.644+0000] {processor.py:208} INFO - Processing /home/airflow/.local/lib/python3.12/site-packages/airflow/example_dags/example_params_ui_tutorial.py took 0.525 seconds
[2025-04-25T23:35:31.455+0000] {processor.py:186} INFO - Started process (PID=288) to work on /home/airflow/.local/lib/python3.12/site-packages/airflow/example_dags/example_params_ui_tutorial.py
[2025-04-25T23:35:31.485+0000] {processor.py:914} INFO - Processing file /home/airflow/.local/lib/python3.12/site-packages/airflow/example_dags/example_params_ui_tutorial.py for tasks to queue
[2025-04-25T23:35:31.494+0000] {logging_mixin.py:190} INFO - [2025-04-25T23:35:31.493+0000] {dagbag.py:588} INFO - Filling up the DagBag from /home/airflow/.local/lib/python3.12/site-packages/airflow/example_dags/example_params_ui_tutorial.py
[2025-04-25T23:35:31.952+0000] {processor.py:925} INFO - DAG(s) 'example_params_ui_tutorial' retrieved from /home/airflow/.local/lib/python3.12/site-packages/airflow/example_dags/example_params_ui_tutorial.py
[2025-04-25T23:35:32.917+0000] {logging_mixin.py:190} INFO - [2025-04-25T23:35:32.900+0000] {dag.py:3239} INFO - Sync 1 DAGs
[2025-04-25T23:35:33.101+0000] {logging_mixin.py:190} INFO - [2025-04-25T23:35:33.100+0000] {dag.py:4180} INFO - Setting next_dagrun for example_params_ui_tutorial to None, run_after=None
[2025-04-25T23:35:33.264+0000] {processor.py:208} INFO - Processing /home/airflow/.local/lib/python3.12/site-packages/airflow/example_dags/example_params_ui_tutorial.py took 1.968 seconds
[2025-04-25T23:37:19.994+0000] {processor.py:186} INFO - Started process (PID=84) to work on /home/airflow/.local/lib/python3.12/site-packages/airflow/example_dags/example_params_ui_tutorial.py
[2025-04-25T23:37:20.008+0000] {processor.py:914} INFO - Processing file /home/airflow/.local/lib/python3.12/site-packages/airflow/example_dags/example_params_ui_tutorial.py for tasks to queue
[2025-04-25T23:37:20.014+0000] {logging_mixin.py:190} INFO - [2025-04-25T23:37:20.013+0000] {dagbag.py:588} INFO - Filling up the DagBag from /home/airflow/.local/lib/python3.12/site-packages/airflow/example_dags/example_params_ui_tutorial.py
[2025-04-25T23:37:20.046+0000] {processor.py:925} INFO - DAG(s) 'example_params_ui_tutorial' retrieved from /home/airflow/.local/lib/python3.12/site-packages/airflow/example_dags/example_params_ui_tutorial.py
[2025-04-25T23:37:20.798+0000] {logging_mixin.py:190} INFO - [2025-04-25T23:37:20.797+0000] {dag.py:3239} INFO - Sync 1 DAGs
[2025-04-25T23:37:20.865+0000] {logging_mixin.py:190} INFO - [2025-04-25T23:37:20.865+0000] {dag.py:4180} INFO - Setting next_dagrun for example_params_ui_tutorial to None, run_after=None
[2025-04-25T23:37:21.030+0000] {processor.py:208} INFO - Processing /home/airflow/.local/lib/python3.12/site-packages/airflow/example_dags/example_params_ui_tutorial.py took 1.108 seconds
[2025-04-25T23:38:07.483+0000] {processor.py:186} INFO - Started process (PID=147) to work on /home/airflow/.local/lib/python3.12/site-packages/airflow/example_dags/example_params_ui_tutorial.py
[2025-04-25T23:38:07.484+0000] {processor.py:914} INFO - Processing file /home/airflow/.local/lib/python3.12/site-packages/airflow/example_dags/example_params_ui_tutorial.py for tasks to queue
[2025-04-25T23:38:07.487+0000] {logging_mixin.py:190} INFO - [2025-04-25T23:38:07.487+0000] {dagbag.py:588} INFO - Filling up the DagBag from /home/airflow/.local/lib/python3.12/site-packages/airflow/example_dags/example_params_ui_tutorial.py
[2025-04-25T23:38:07.500+0000] {processor.py:925} INFO - DAG(s) 'example_params_ui_tutorial' retrieved from /home/airflow/.local/lib/python3.12/site-packages/airflow/example_dags/example_params_ui_tutorial.py
[2025-04-25T23:38:07.576+0000] {logging_mixin.py:190} INFO - [2025-04-25T23:38:07.576+0000] {dag.py:3239} INFO - Sync 1 DAGs
[2025-04-25T23:38:07.608+0000] {logging_mixin.py:190} INFO - [2025-04-25T23:38:07.607+0000] {dag.py:4180} INFO - Setting next_dagrun for example_params_ui_tutorial to None, run_after=None
[2025-04-25T23:38:07.654+0000] {processor.py:208} INFO - Processing /home/airflow/.local/lib/python3.12/site-packages/airflow/example_dags/example_params_ui_tutorial.py took 0.180 seconds
[2025-04-25T23:38:46.742+0000] {processor.py:186} INFO - Started process (PID=209) to work on /home/airflow/.local/lib/python3.12/site-packages/airflow/example_dags/example_params_ui_tutorial.py
[2025-04-25T23:38:46.744+0000] {processor.py:914} INFO - Processing file /home/airflow/.local/lib/python3.12/site-packages/airflow/example_dags/example_params_ui_tutorial.py for tasks to queue
[2025-04-25T23:38:46.748+0000] {logging_mixin.py:190} INFO - [2025-04-25T23:38:46.747+0000] {dagbag.py:588} INFO - Filling up the DagBag from /home/airflow/.local/lib/python3.12/site-packages/airflow/example_dags/example_params_ui_tutorial.py
[2025-04-25T23:38:46.769+0000] {processor.py:925} INFO - DAG(s) 'example_params_ui_tutorial' retrieved from /home/airflow/.local/lib/python3.12/site-packages/airflow/example_dags/example_params_ui_tutorial.py
[2025-04-25T23:38:46.900+0000] {logging_mixin.py:190} INFO - [2025-04-25T23:38:46.899+0000] {dag.py:3239} INFO - Sync 1 DAGs
[2025-04-25T23:38:46.942+0000] {logging_mixin.py:190} INFO - [2025-04-25T23:38:46.942+0000] {dag.py:4180} INFO - Setting next_dagrun for example_params_ui_tutorial to None, run_after=None
[2025-04-25T23:38:46.993+0000] {processor.py:208} INFO - Processing /home/airflow/.local/lib/python3.12/site-packages/airflow/example_dags/example_params_ui_tutorial.py took 0.261 seconds
[2025-04-25T23:39:17.824+0000] {processor.py:186} INFO - Started process (PID=271) to work on /home/airflow/.local/lib/python3.12/site-packages/airflow/example_dags/example_params_ui_tutorial.py
[2025-04-25T23:39:17.826+0000] {processor.py:914} INFO - Processing file /home/airflow/.local/lib/python3.12/site-packages/airflow/example_dags/example_params_ui_tutorial.py for tasks to queue
[2025-04-25T23:39:17.833+0000] {logging_mixin.py:190} INFO - [2025-04-25T23:39:17.832+0000] {dagbag.py:588} INFO - Filling up the DagBag from /home/airflow/.local/lib/python3.12/site-packages/airflow/example_dags/example_params_ui_tutorial.py
[2025-04-25T23:39:17.855+0000] {processor.py:925} INFO - DAG(s) 'example_params_ui_tutorial' retrieved from /home/airflow/.local/lib/python3.12/site-packages/airflow/example_dags/example_params_ui_tutorial.py
[2025-04-25T23:39:18.065+0000] {logging_mixin.py:190} INFO - [2025-04-25T23:39:18.065+0000] {dag.py:3239} INFO - Sync 1 DAGs
[2025-04-25T23:39:18.111+0000] {logging_mixin.py:190} INFO - [2025-04-25T23:39:18.110+0000] {dag.py:4180} INFO - Setting next_dagrun for example_params_ui_tutorial to None, run_after=None
[2025-04-25T23:39:18.152+0000] {processor.py:208} INFO - Processing /home/airflow/.local/lib/python3.12/site-packages/airflow/example_dags/example_params_ui_tutorial.py took 0.343 seconds
[2025-04-25T23:39:57.897+0000] {processor.py:186} INFO - Started process (PID=341) to work on /home/airflow/.local/lib/python3.12/site-packages/airflow/example_dags/example_params_ui_tutorial.py
[2025-04-25T23:39:57.909+0000] {processor.py:914} INFO - Processing file /home/airflow/.local/lib/python3.12/site-packages/airflow/example_dags/example_params_ui_tutorial.py for tasks to queue
[2025-04-25T23:39:57.915+0000] {logging_mixin.py:190} INFO - [2025-04-25T23:39:57.914+0000] {dagbag.py:588} INFO - Filling up the DagBag from /home/airflow/.local/lib/python3.12/site-packages/airflow/example_dags/example_params_ui_tutorial.py
[2025-04-25T23:39:57.965+0000] {processor.py:925} INFO - DAG(s) 'example_params_ui_tutorial' retrieved from /home/airflow/.local/lib/python3.12/site-packages/airflow/example_dags/example_params_ui_tutorial.py
[2025-04-25T23:39:58.208+0000] {logging_mixin.py:190} INFO - [2025-04-25T23:39:58.206+0000] {dag.py:3239} INFO - Sync 1 DAGs
[2025-04-25T23:39:58.277+0000] {logging_mixin.py:190} INFO - [2025-04-25T23:39:58.277+0000] {dag.py:4180} INFO - Setting next_dagrun for example_params_ui_tutorial to None, run_after=None
[2025-04-25T23:39:58.420+0000] {processor.py:208} INFO - Processing /home/airflow/.local/lib/python3.12/site-packages/airflow/example_dags/example_params_ui_tutorial.py took 0.534 seconds
[2025-04-25T23:40:33.271+0000] {processor.py:186} INFO - Started process (PID=404) to work on /home/airflow/.local/lib/python3.12/site-packages/airflow/example_dags/example_params_ui_tutorial.py
[2025-04-25T23:40:33.280+0000] {processor.py:914} INFO - Processing file /home/airflow/.local/lib/python3.12/site-packages/airflow/example_dags/example_params_ui_tutorial.py for tasks to queue
[2025-04-25T23:40:33.284+0000] {logging_mixin.py:190} INFO - [2025-04-25T23:40:33.283+0000] {dagbag.py:588} INFO - Filling up the DagBag from /home/airflow/.local/lib/python3.12/site-packages/airflow/example_dags/example_params_ui_tutorial.py
[2025-04-25T23:40:33.314+0000] {processor.py:925} INFO - DAG(s) 'example_params_ui_tutorial' retrieved from /home/airflow/.local/lib/python3.12/site-packages/airflow/example_dags/example_params_ui_tutorial.py
[2025-04-25T23:40:33.442+0000] {logging_mixin.py:190} INFO - [2025-04-25T23:40:33.441+0000] {dag.py:3239} INFO - Sync 1 DAGs
[2025-04-25T23:40:33.487+0000] {logging_mixin.py:190} INFO - [2025-04-25T23:40:33.486+0000] {dag.py:4180} INFO - Setting next_dagrun for example_params_ui_tutorial to None, run_after=None
[2025-04-25T23:40:33.555+0000] {processor.py:208} INFO - Processing /home/airflow/.local/lib/python3.12/site-packages/airflow/example_dags/example_params_ui_tutorial.py took 0.302 seconds
[2025-04-25T23:41:06.596+0000] {processor.py:186} INFO - Started process (PID=467) to work on /home/airflow/.local/lib/python3.12/site-packages/airflow/example_dags/example_params_ui_tutorial.py
[2025-04-25T23:41:06.597+0000] {processor.py:914} INFO - Processing file /home/airflow/.local/lib/python3.12/site-packages/airflow/example_dags/example_params_ui_tutorial.py for tasks to queue
[2025-04-25T23:41:06.600+0000] {logging_mixin.py:190} INFO - [2025-04-25T23:41:06.600+0000] {dagbag.py:588} INFO - Filling up the DagBag from /home/airflow/.local/lib/python3.12/site-packages/airflow/example_dags/example_params_ui_tutorial.py
[2025-04-25T23:41:06.613+0000] {processor.py:925} INFO - DAG(s) 'example_params_ui_tutorial' retrieved from /home/airflow/.local/lib/python3.12/site-packages/airflow/example_dags/example_params_ui_tutorial.py
[2025-04-25T23:41:06.758+0000] {logging_mixin.py:190} INFO - [2025-04-25T23:41:06.757+0000] {dag.py:3239} INFO - Sync 1 DAGs
[2025-04-25T23:41:06.780+0000] {logging_mixin.py:190} INFO - [2025-04-25T23:41:06.780+0000] {dag.py:4180} INFO - Setting next_dagrun for example_params_ui_tutorial to None, run_after=None
[2025-04-25T23:41:06.811+0000] {processor.py:208} INFO - Processing /home/airflow/.local/lib/python3.12/site-packages/airflow/example_dags/example_params_ui_tutorial.py took 0.227 seconds
[2025-04-25T23:41:37.768+0000] {processor.py:186} INFO - Started process (PID=529) to work on /home/airflow/.local/lib/python3.12/site-packages/airflow/example_dags/example_params_ui_tutorial.py
[2025-04-25T23:41:37.769+0000] {processor.py:914} INFO - Processing file /home/airflow/.local/lib/python3.12/site-packages/airflow/example_dags/example_params_ui_tutorial.py for tasks to queue
[2025-04-25T23:41:37.773+0000] {logging_mixin.py:190} INFO - [2025-04-25T23:41:37.773+0000] {dagbag.py:588} INFO - Filling up the DagBag from /home/airflow/.local/lib/python3.12/site-packages/airflow/example_dags/example_params_ui_tutorial.py
[2025-04-25T23:41:37.786+0000] {processor.py:925} INFO - DAG(s) 'example_params_ui_tutorial' retrieved from /home/airflow/.local/lib/python3.12/site-packages/airflow/example_dags/example_params_ui_tutorial.py
[2025-04-25T23:41:37.852+0000] {logging_mixin.py:190} INFO - [2025-04-25T23:41:37.851+0000] {dag.py:3239} INFO - Sync 1 DAGs
[2025-04-25T23:41:37.877+0000] {logging_mixin.py:190} INFO - [2025-04-25T23:41:37.877+0000] {dag.py:4180} INFO - Setting next_dagrun for example_params_ui_tutorial to None, run_after=None
[2025-04-25T23:41:37.902+0000] {processor.py:208} INFO - Processing /home/airflow/.local/lib/python3.12/site-packages/airflow/example_dags/example_params_ui_tutorial.py took 0.141 seconds
[2025-04-25T23:42:09.753+0000] {processor.py:186} INFO - Started process (PID=592) to work on /home/airflow/.local/lib/python3.12/site-packages/airflow/example_dags/example_params_ui_tutorial.py
[2025-04-25T23:42:09.755+0000] {processor.py:914} INFO - Processing file /home/airflow/.local/lib/python3.12/site-packages/airflow/example_dags/example_params_ui_tutorial.py for tasks to queue
[2025-04-25T23:42:09.758+0000] {logging_mixin.py:190} INFO - [2025-04-25T23:42:09.757+0000] {dagbag.py:588} INFO - Filling up the DagBag from /home/airflow/.local/lib/python3.12/site-packages/airflow/example_dags/example_params_ui_tutorial.py
[2025-04-25T23:42:09.773+0000] {processor.py:925} INFO - DAG(s) 'example_params_ui_tutorial' retrieved from /home/airflow/.local/lib/python3.12/site-packages/airflow/example_dags/example_params_ui_tutorial.py
[2025-04-25T23:42:09.853+0000] {logging_mixin.py:190} INFO - [2025-04-25T23:42:09.852+0000] {dag.py:3239} INFO - Sync 1 DAGs
[2025-04-25T23:42:09.878+0000] {logging_mixin.py:190} INFO - [2025-04-25T23:42:09.878+0000] {dag.py:4180} INFO - Setting next_dagrun for example_params_ui_tutorial to None, run_after=None
[2025-04-25T23:42:09.908+0000] {processor.py:208} INFO - Processing /home/airflow/.local/lib/python3.12/site-packages/airflow/example_dags/example_params_ui_tutorial.py took 0.164 seconds
[2025-04-25T23:42:40.845+0000] {processor.py:186} INFO - Started process (PID=655) to work on /home/airflow/.local/lib/python3.12/site-packages/airflow/example_dags/example_params_ui_tutorial.py
[2025-04-25T23:42:40.847+0000] {processor.py:914} INFO - Processing file /home/airflow/.local/lib/python3.12/site-packages/airflow/example_dags/example_params_ui_tutorial.py for tasks to queue
[2025-04-25T23:42:40.850+0000] {logging_mixin.py:190} INFO - [2025-04-25T23:42:40.849+0000] {dagbag.py:588} INFO - Filling up the DagBag from /home/airflow/.local/lib/python3.12/site-packages/airflow/example_dags/example_params_ui_tutorial.py
[2025-04-25T23:42:40.863+0000] {processor.py:925} INFO - DAG(s) 'example_params_ui_tutorial' retrieved from /home/airflow/.local/lib/python3.12/site-packages/airflow/example_dags/example_params_ui_tutorial.py
[2025-04-25T23:42:40.938+0000] {logging_mixin.py:190} INFO - [2025-04-25T23:42:40.937+0000] {dag.py:3239} INFO - Sync 1 DAGs
[2025-04-25T23:42:40.961+0000] {logging_mixin.py:190} INFO - [2025-04-25T23:42:40.961+0000] {dag.py:4180} INFO - Setting next_dagrun for example_params_ui_tutorial to None, run_after=None
[2025-04-25T23:42:40.993+0000] {processor.py:208} INFO - Processing /home/airflow/.local/lib/python3.12/site-packages/airflow/example_dags/example_params_ui_tutorial.py took 0.156 seconds
[2025-04-25T23:43:14.844+0000] {processor.py:186} INFO - Started process (PID=718) to work on /home/airflow/.local/lib/python3.12/site-packages/airflow/example_dags/example_params_ui_tutorial.py
[2025-04-25T23:43:14.853+0000] {processor.py:914} INFO - Processing file /home/airflow/.local/lib/python3.12/site-packages/airflow/example_dags/example_params_ui_tutorial.py for tasks to queue
[2025-04-25T23:43:14.885+0000] {logging_mixin.py:190} INFO - [2025-04-25T23:43:14.885+0000] {dagbag.py:588} INFO - Filling up the DagBag from /home/airflow/.local/lib/python3.12/site-packages/airflow/example_dags/example_params_ui_tutorial.py
[2025-04-25T23:43:14.974+0000] {processor.py:925} INFO - DAG(s) 'example_params_ui_tutorial' retrieved from /home/airflow/.local/lib/python3.12/site-packages/airflow/example_dags/example_params_ui_tutorial.py
[2025-04-25T23:43:16.230+0000] {logging_mixin.py:190} INFO - [2025-04-25T23:43:16.225+0000] {dag.py:3239} INFO - Sync 1 DAGs
[2025-04-25T23:43:16.584+0000] {logging_mixin.py:190} INFO - [2025-04-25T23:43:16.583+0000] {dag.py:4180} INFO - Setting next_dagrun for example_params_ui_tutorial to None, run_after=None
[2025-04-25T23:43:17.192+0000] {processor.py:208} INFO - Processing /home/airflow/.local/lib/python3.12/site-packages/airflow/example_dags/example_params_ui_tutorial.py took 2.444 seconds
[2025-04-25T23:43:48.038+0000] {processor.py:186} INFO - Started process (PID=781) to work on /home/airflow/.local/lib/python3.12/site-packages/airflow/example_dags/example_params_ui_tutorial.py
[2025-04-25T23:43:48.041+0000] {processor.py:914} INFO - Processing file /home/airflow/.local/lib/python3.12/site-packages/airflow/example_dags/example_params_ui_tutorial.py for tasks to queue
[2025-04-25T23:43:48.048+0000] {logging_mixin.py:190} INFO - [2025-04-25T23:43:48.048+0000] {dagbag.py:588} INFO - Filling up the DagBag from /home/airflow/.local/lib/python3.12/site-packages/airflow/example_dags/example_params_ui_tutorial.py
[2025-04-25T23:43:48.073+0000] {processor.py:925} INFO - DAG(s) 'example_params_ui_tutorial' retrieved from /home/airflow/.local/lib/python3.12/site-packages/airflow/example_dags/example_params_ui_tutorial.py
[2025-04-25T23:43:48.149+0000] {logging_mixin.py:190} INFO - [2025-04-25T23:43:48.148+0000] {dag.py:3239} INFO - Sync 1 DAGs
[2025-04-25T23:43:48.173+0000] {logging_mixin.py:190} INFO - [2025-04-25T23:43:48.172+0000] {dag.py:4180} INFO - Setting next_dagrun for example_params_ui_tutorial to None, run_after=None
[2025-04-25T23:43:48.207+0000] {processor.py:208} INFO - Processing /home/airflow/.local/lib/python3.12/site-packages/airflow/example_dags/example_params_ui_tutorial.py took 0.180 seconds
[2025-04-25T23:44:18.580+0000] {processor.py:186} INFO - Started process (PID=843) to work on /home/airflow/.local/lib/python3.12/site-packages/airflow/example_dags/example_params_ui_tutorial.py
[2025-04-25T23:44:18.582+0000] {processor.py:914} INFO - Processing file /home/airflow/.local/lib/python3.12/site-packages/airflow/example_dags/example_params_ui_tutorial.py for tasks to queue
[2025-04-25T23:44:18.586+0000] {logging_mixin.py:190} INFO - [2025-04-25T23:44:18.585+0000] {dagbag.py:588} INFO - Filling up the DagBag from /home/airflow/.local/lib/python3.12/site-packages/airflow/example_dags/example_params_ui_tutorial.py
[2025-04-25T23:44:18.617+0000] {processor.py:925} INFO - DAG(s) 'example_params_ui_tutorial' retrieved from /home/airflow/.local/lib/python3.12/site-packages/airflow/example_dags/example_params_ui_tutorial.py
[2025-04-25T23:44:18.721+0000] {logging_mixin.py:190} INFO - [2025-04-25T23:44:18.721+0000] {dag.py:3239} INFO - Sync 1 DAGs
[2025-04-25T23:44:18.757+0000] {logging_mixin.py:190} INFO - [2025-04-25T23:44:18.756+0000] {dag.py:4180} INFO - Setting next_dagrun for example_params_ui_tutorial to None, run_after=None
[2025-04-25T23:44:18.792+0000] {processor.py:208} INFO - Processing /home/airflow/.local/lib/python3.12/site-packages/airflow/example_dags/example_params_ui_tutorial.py took 0.222 seconds
[2025-04-25T23:44:48.870+0000] {processor.py:186} INFO - Started process (PID=906) to work on /home/airflow/.local/lib/python3.12/site-packages/airflow/example_dags/example_params_ui_tutorial.py
[2025-04-25T23:44:48.872+0000] {processor.py:914} INFO - Processing file /home/airflow/.local/lib/python3.12/site-packages/airflow/example_dags/example_params_ui_tutorial.py for tasks to queue
[2025-04-25T23:44:48.876+0000] {logging_mixin.py:190} INFO - [2025-04-25T23:44:48.875+0000] {dagbag.py:588} INFO - Filling up the DagBag from /home/airflow/.local/lib/python3.12/site-packages/airflow/example_dags/example_params_ui_tutorial.py
[2025-04-25T23:44:48.893+0000] {processor.py:925} INFO - DAG(s) 'example_params_ui_tutorial' retrieved from /home/airflow/.local/lib/python3.12/site-packages/airflow/example_dags/example_params_ui_tutorial.py
[2025-04-25T23:44:48.962+0000] {logging_mixin.py:190} INFO - [2025-04-25T23:44:48.962+0000] {dag.py:3239} INFO - Sync 1 DAGs
[2025-04-25T23:44:48.985+0000] {logging_mixin.py:190} INFO - [2025-04-25T23:44:48.984+0000] {dag.py:4180} INFO - Setting next_dagrun for example_params_ui_tutorial to None, run_after=None
[2025-04-25T23:44:49.015+0000] {processor.py:208} INFO - Processing /home/airflow/.local/lib/python3.12/site-packages/airflow/example_dags/example_params_ui_tutorial.py took 0.154 seconds
[2025-04-25T23:45:19.291+0000] {processor.py:186} INFO - Started process (PID=969) to work on /home/airflow/.local/lib/python3.12/site-packages/airflow/example_dags/example_params_ui_tutorial.py
[2025-04-25T23:45:19.293+0000] {processor.py:914} INFO - Processing file /home/airflow/.local/lib/python3.12/site-packages/airflow/example_dags/example_params_ui_tutorial.py for tasks to queue
[2025-04-25T23:45:19.307+0000] {logging_mixin.py:190} INFO - [2025-04-25T23:45:19.306+0000] {dagbag.py:588} INFO - Filling up the DagBag from /home/airflow/.local/lib/python3.12/site-packages/airflow/example_dags/example_params_ui_tutorial.py
[2025-04-25T23:45:19.342+0000] {processor.py:925} INFO - DAG(s) 'example_params_ui_tutorial' retrieved from /home/airflow/.local/lib/python3.12/site-packages/airflow/example_dags/example_params_ui_tutorial.py
[2025-04-25T23:45:19.651+0000] {logging_mixin.py:190} INFO - [2025-04-25T23:45:19.650+0000] {dag.py:3239} INFO - Sync 1 DAGs
[2025-04-25T23:45:19.697+0000] {logging_mixin.py:190} INFO - [2025-04-25T23:45:19.694+0000] {dag.py:4180} INFO - Setting next_dagrun for example_params_ui_tutorial to None, run_after=None
[2025-04-25T23:45:19.843+0000] {processor.py:208} INFO - Processing /home/airflow/.local/lib/python3.12/site-packages/airflow/example_dags/example_params_ui_tutorial.py took 0.582 seconds
[2025-04-25T23:45:50.880+0000] {processor.py:186} INFO - Started process (PID=1032) to work on /home/airflow/.local/lib/python3.12/site-packages/airflow/example_dags/example_params_ui_tutorial.py
[2025-04-25T23:45:50.883+0000] {processor.py:914} INFO - Processing file /home/airflow/.local/lib/python3.12/site-packages/airflow/example_dags/example_params_ui_tutorial.py for tasks to queue
[2025-04-25T23:45:50.887+0000] {logging_mixin.py:190} INFO - [2025-04-25T23:45:50.887+0000] {dagbag.py:588} INFO - Filling up the DagBag from /home/airflow/.local/lib/python3.12/site-packages/airflow/example_dags/example_params_ui_tutorial.py
[2025-04-25T23:45:50.904+0000] {processor.py:925} INFO - DAG(s) 'example_params_ui_tutorial' retrieved from /home/airflow/.local/lib/python3.12/site-packages/airflow/example_dags/example_params_ui_tutorial.py
[2025-04-25T23:45:50.994+0000] {logging_mixin.py:190} INFO - [2025-04-25T23:45:50.994+0000] {dag.py:3239} INFO - Sync 1 DAGs
[2025-04-25T23:45:51.023+0000] {logging_mixin.py:190} INFO - [2025-04-25T23:45:51.023+0000] {dag.py:4180} INFO - Setting next_dagrun for example_params_ui_tutorial to None, run_after=None
[2025-04-25T23:45:51.057+0000] {processor.py:208} INFO - Processing /home/airflow/.local/lib/python3.12/site-packages/airflow/example_dags/example_params_ui_tutorial.py took 0.185 seconds
[2025-04-25T23:46:21.234+0000] {processor.py:186} INFO - Started process (PID=1093) to work on /home/airflow/.local/lib/python3.12/site-packages/airflow/example_dags/example_params_ui_tutorial.py
[2025-04-25T23:46:21.251+0000] {processor.py:914} INFO - Processing file /home/airflow/.local/lib/python3.12/site-packages/airflow/example_dags/example_params_ui_tutorial.py for tasks to queue
[2025-04-25T23:46:21.279+0000] {logging_mixin.py:190} INFO - [2025-04-25T23:46:21.269+0000] {dagbag.py:588} INFO - Filling up the DagBag from /home/airflow/.local/lib/python3.12/site-packages/airflow/example_dags/example_params_ui_tutorial.py
[2025-04-25T23:46:21.340+0000] {processor.py:925} INFO - DAG(s) 'example_params_ui_tutorial' retrieved from /home/airflow/.local/lib/python3.12/site-packages/airflow/example_dags/example_params_ui_tutorial.py
[2025-04-25T23:46:21.752+0000] {logging_mixin.py:190} INFO - [2025-04-25T23:46:21.752+0000] {dag.py:3239} INFO - Sync 1 DAGs
[2025-04-25T23:46:21.806+0000] {logging_mixin.py:190} INFO - [2025-04-25T23:46:21.806+0000] {dag.py:4180} INFO - Setting next_dagrun for example_params_ui_tutorial to None, run_after=None
[2025-04-25T23:46:21.863+0000] {processor.py:208} INFO - Processing /home/airflow/.local/lib/python3.12/site-packages/airflow/example_dags/example_params_ui_tutorial.py took 0.688 seconds
[2025-04-25T23:46:59.005+0000] {processor.py:186} INFO - Started process (PID=1162) to work on /home/airflow/.local/lib/python3.12/site-packages/airflow/example_dags/example_params_ui_tutorial.py
[2025-04-25T23:46:59.008+0000] {processor.py:914} INFO - Processing file /home/airflow/.local/lib/python3.12/site-packages/airflow/example_dags/example_params_ui_tutorial.py for tasks to queue
[2025-04-25T23:46:59.013+0000] {logging_mixin.py:190} INFO - [2025-04-25T23:46:59.013+0000] {dagbag.py:588} INFO - Filling up the DagBag from /home/airflow/.local/lib/python3.12/site-packages/airflow/example_dags/example_params_ui_tutorial.py
[2025-04-25T23:46:59.038+0000] {processor.py:925} INFO - DAG(s) 'example_params_ui_tutorial' retrieved from /home/airflow/.local/lib/python3.12/site-packages/airflow/example_dags/example_params_ui_tutorial.py
[2025-04-25T23:46:59.155+0000] {logging_mixin.py:190} INFO - [2025-04-25T23:46:59.154+0000] {dag.py:3239} INFO - Sync 1 DAGs
[2025-04-25T23:46:59.199+0000] {logging_mixin.py:190} INFO - [2025-04-25T23:46:59.199+0000] {dag.py:4180} INFO - Setting next_dagrun for example_params_ui_tutorial to None, run_after=None
[2025-04-25T23:46:59.239+0000] {processor.py:208} INFO - Processing /home/airflow/.local/lib/python3.12/site-packages/airflow/example_dags/example_params_ui_tutorial.py took 0.263 seconds
[2025-04-25T23:47:30.024+0000] {processor.py:186} INFO - Started process (PID=1223) to work on /home/airflow/.local/lib/python3.12/site-packages/airflow/example_dags/example_params_ui_tutorial.py
[2025-04-25T23:47:30.028+0000] {processor.py:914} INFO - Processing file /home/airflow/.local/lib/python3.12/site-packages/airflow/example_dags/example_params_ui_tutorial.py for tasks to queue
[2025-04-25T23:47:30.053+0000] {logging_mixin.py:190} INFO - [2025-04-25T23:47:30.051+0000] {dagbag.py:588} INFO - Filling up the DagBag from /home/airflow/.local/lib/python3.12/site-packages/airflow/example_dags/example_params_ui_tutorial.py
[2025-04-25T23:47:30.109+0000] {processor.py:925} INFO - DAG(s) 'example_params_ui_tutorial' retrieved from /home/airflow/.local/lib/python3.12/site-packages/airflow/example_dags/example_params_ui_tutorial.py
[2025-04-25T23:47:30.276+0000] {logging_mixin.py:190} INFO - [2025-04-25T23:47:30.276+0000] {dag.py:3239} INFO - Sync 1 DAGs
[2025-04-25T23:47:30.343+0000] {logging_mixin.py:190} INFO - [2025-04-25T23:47:30.343+0000] {dag.py:4180} INFO - Setting next_dagrun for example_params_ui_tutorial to None, run_after=None
[2025-04-25T23:47:30.435+0000] {processor.py:208} INFO - Processing /home/airflow/.local/lib/python3.12/site-packages/airflow/example_dags/example_params_ui_tutorial.py took 0.432 seconds
[2025-04-25T23:48:01.378+0000] {processor.py:186} INFO - Started process (PID=1283) to work on /home/airflow/.local/lib/python3.12/site-packages/airflow/example_dags/example_params_ui_tutorial.py
[2025-04-25T23:48:01.379+0000] {processor.py:914} INFO - Processing file /home/airflow/.local/lib/python3.12/site-packages/airflow/example_dags/example_params_ui_tutorial.py for tasks to queue
[2025-04-25T23:48:01.384+0000] {logging_mixin.py:190} INFO - [2025-04-25T23:48:01.384+0000] {dagbag.py:588} INFO - Filling up the DagBag from /home/airflow/.local/lib/python3.12/site-packages/airflow/example_dags/example_params_ui_tutorial.py
[2025-04-25T23:48:01.398+0000] {processor.py:925} INFO - DAG(s) 'example_params_ui_tutorial' retrieved from /home/airflow/.local/lib/python3.12/site-packages/airflow/example_dags/example_params_ui_tutorial.py
[2025-04-25T23:48:01.478+0000] {logging_mixin.py:190} INFO - [2025-04-25T23:48:01.478+0000] {dag.py:3239} INFO - Sync 1 DAGs
[2025-04-25T23:48:01.500+0000] {logging_mixin.py:190} INFO - [2025-04-25T23:48:01.499+0000] {dag.py:4180} INFO - Setting next_dagrun for example_params_ui_tutorial to None, run_after=None
[2025-04-25T23:48:01.535+0000] {processor.py:208} INFO - Processing /home/airflow/.local/lib/python3.12/site-packages/airflow/example_dags/example_params_ui_tutorial.py took 0.168 seconds
[2025-04-25T23:48:32.854+0000] {processor.py:186} INFO - Started process (PID=1344) to work on /home/airflow/.local/lib/python3.12/site-packages/airflow/example_dags/example_params_ui_tutorial.py
[2025-04-25T23:48:32.855+0000] {processor.py:914} INFO - Processing file /home/airflow/.local/lib/python3.12/site-packages/airflow/example_dags/example_params_ui_tutorial.py for tasks to queue
[2025-04-25T23:48:32.860+0000] {logging_mixin.py:190} INFO - [2025-04-25T23:48:32.859+0000] {dagbag.py:588} INFO - Filling up the DagBag from /home/airflow/.local/lib/python3.12/site-packages/airflow/example_dags/example_params_ui_tutorial.py
[2025-04-25T23:48:32.873+0000] {processor.py:925} INFO - DAG(s) 'example_params_ui_tutorial' retrieved from /home/airflow/.local/lib/python3.12/site-packages/airflow/example_dags/example_params_ui_tutorial.py
[2025-04-25T23:48:32.942+0000] {logging_mixin.py:190} INFO - [2025-04-25T23:48:32.941+0000] {dag.py:3239} INFO - Sync 1 DAGs
[2025-04-25T23:48:32.961+0000] {logging_mixin.py:190} INFO - [2025-04-25T23:48:32.961+0000] {dag.py:4180} INFO - Setting next_dagrun for example_params_ui_tutorial to None, run_after=None
[2025-04-25T23:48:33.005+0000] {processor.py:208} INFO - Processing /home/airflow/.local/lib/python3.12/site-packages/airflow/example_dags/example_params_ui_tutorial.py took 0.158 seconds
[2025-04-25T23:49:03.716+0000] {processor.py:186} INFO - Started process (PID=1403) to work on /home/airflow/.local/lib/python3.12/site-packages/airflow/example_dags/example_params_ui_tutorial.py
[2025-04-25T23:49:03.722+0000] {processor.py:914} INFO - Processing file /home/airflow/.local/lib/python3.12/site-packages/airflow/example_dags/example_params_ui_tutorial.py for tasks to queue
[2025-04-25T23:49:03.730+0000] {logging_mixin.py:190} INFO - [2025-04-25T23:49:03.729+0000] {dagbag.py:588} INFO - Filling up the DagBag from /home/airflow/.local/lib/python3.12/site-packages/airflow/example_dags/example_params_ui_tutorial.py
[2025-04-25T23:49:03.799+0000] {processor.py:925} INFO - DAG(s) 'example_params_ui_tutorial' retrieved from /home/airflow/.local/lib/python3.12/site-packages/airflow/example_dags/example_params_ui_tutorial.py
[2025-04-25T23:49:04.078+0000] {logging_mixin.py:190} INFO - [2025-04-25T23:49:04.077+0000] {dag.py:3239} INFO - Sync 1 DAGs
[2025-04-25T23:49:04.163+0000] {logging_mixin.py:190} INFO - [2025-04-25T23:49:04.163+0000] {dag.py:4180} INFO - Setting next_dagrun for example_params_ui_tutorial to None, run_after=None
[2025-04-25T23:49:04.427+0000] {processor.py:208} INFO - Processing /home/airflow/.local/lib/python3.12/site-packages/airflow/example_dags/example_params_ui_tutorial.py took 0.741 seconds
[2025-04-25T23:49:34.746+0000] {processor.py:186} INFO - Started process (PID=1467) to work on /home/airflow/.local/lib/python3.12/site-packages/airflow/example_dags/example_params_ui_tutorial.py
[2025-04-25T23:49:34.751+0000] {processor.py:914} INFO - Processing file /home/airflow/.local/lib/python3.12/site-packages/airflow/example_dags/example_params_ui_tutorial.py for tasks to queue
[2025-04-25T23:49:34.755+0000] {logging_mixin.py:190} INFO - [2025-04-25T23:49:34.754+0000] {dagbag.py:588} INFO - Filling up the DagBag from /home/airflow/.local/lib/python3.12/site-packages/airflow/example_dags/example_params_ui_tutorial.py
[2025-04-25T23:49:34.787+0000] {processor.py:925} INFO - DAG(s) 'example_params_ui_tutorial' retrieved from /home/airflow/.local/lib/python3.12/site-packages/airflow/example_dags/example_params_ui_tutorial.py
[2025-04-25T23:49:34.986+0000] {logging_mixin.py:190} INFO - [2025-04-25T23:49:34.985+0000] {dag.py:3239} INFO - Sync 1 DAGs
[2025-04-25T23:49:35.014+0000] {logging_mixin.py:190} INFO - [2025-04-25T23:49:35.014+0000] {dag.py:4180} INFO - Setting next_dagrun for example_params_ui_tutorial to None, run_after=None
[2025-04-25T23:49:35.042+0000] {processor.py:208} INFO - Processing /home/airflow/.local/lib/python3.12/site-packages/airflow/example_dags/example_params_ui_tutorial.py took 0.306 seconds
[2025-04-25T23:50:06.054+0000] {processor.py:186} INFO - Started process (PID=1531) to work on /home/airflow/.local/lib/python3.12/site-packages/airflow/example_dags/example_params_ui_tutorial.py
[2025-04-25T23:50:06.088+0000] {processor.py:914} INFO - Processing file /home/airflow/.local/lib/python3.12/site-packages/airflow/example_dags/example_params_ui_tutorial.py for tasks to queue
[2025-04-25T23:50:06.313+0000] {logging_mixin.py:190} INFO - [2025-04-25T23:50:06.312+0000] {dagbag.py:588} INFO - Filling up the DagBag from /home/airflow/.local/lib/python3.12/site-packages/airflow/example_dags/example_params_ui_tutorial.py
[2025-04-25T23:50:06.366+0000] {processor.py:925} INFO - DAG(s) 'example_params_ui_tutorial' retrieved from /home/airflow/.local/lib/python3.12/site-packages/airflow/example_dags/example_params_ui_tutorial.py
[2025-04-25T23:50:07.286+0000] {logging_mixin.py:190} INFO - [2025-04-25T23:50:07.284+0000] {dag.py:3239} INFO - Sync 1 DAGs
[2025-04-25T23:50:07.443+0000] {logging_mixin.py:190} INFO - [2025-04-25T23:50:07.442+0000] {dag.py:4180} INFO - Setting next_dagrun for example_params_ui_tutorial to None, run_after=None
[2025-04-25T23:50:07.655+0000] {processor.py:208} INFO - Processing /home/airflow/.local/lib/python3.12/site-packages/airflow/example_dags/example_params_ui_tutorial.py took 1.622 seconds
[2025-04-25T23:50:37.831+0000] {processor.py:186} INFO - Started process (PID=1593) to work on /home/airflow/.local/lib/python3.12/site-packages/airflow/example_dags/example_params_ui_tutorial.py
[2025-04-25T23:50:37.832+0000] {processor.py:914} INFO - Processing file /home/airflow/.local/lib/python3.12/site-packages/airflow/example_dags/example_params_ui_tutorial.py for tasks to queue
[2025-04-25T23:50:37.834+0000] {logging_mixin.py:190} INFO - [2025-04-25T23:50:37.834+0000] {dagbag.py:588} INFO - Filling up the DagBag from /home/airflow/.local/lib/python3.12/site-packages/airflow/example_dags/example_params_ui_tutorial.py
[2025-04-25T23:50:37.849+0000] {processor.py:925} INFO - DAG(s) 'example_params_ui_tutorial' retrieved from /home/airflow/.local/lib/python3.12/site-packages/airflow/example_dags/example_params_ui_tutorial.py
[2025-04-25T23:50:37.930+0000] {logging_mixin.py:190} INFO - [2025-04-25T23:50:37.929+0000] {dag.py:3239} INFO - Sync 1 DAGs
[2025-04-25T23:50:37.962+0000] {logging_mixin.py:190} INFO - [2025-04-25T23:50:37.961+0000] {dag.py:4180} INFO - Setting next_dagrun for example_params_ui_tutorial to None, run_after=None
[2025-04-25T23:50:38.010+0000] {processor.py:208} INFO - Processing /home/airflow/.local/lib/python3.12/site-packages/airflow/example_dags/example_params_ui_tutorial.py took 0.186 seconds
[2025-04-25T23:51:08.383+0000] {processor.py:186} INFO - Started process (PID=1656) to work on /home/airflow/.local/lib/python3.12/site-packages/airflow/example_dags/example_params_ui_tutorial.py
[2025-04-25T23:51:08.392+0000] {processor.py:914} INFO - Processing file /home/airflow/.local/lib/python3.12/site-packages/airflow/example_dags/example_params_ui_tutorial.py for tasks to queue
[2025-04-25T23:51:08.403+0000] {logging_mixin.py:190} INFO - [2025-04-25T23:51:08.402+0000] {dagbag.py:588} INFO - Filling up the DagBag from /home/airflow/.local/lib/python3.12/site-packages/airflow/example_dags/example_params_ui_tutorial.py
[2025-04-25T23:51:08.463+0000] {processor.py:925} INFO - DAG(s) 'example_params_ui_tutorial' retrieved from /home/airflow/.local/lib/python3.12/site-packages/airflow/example_dags/example_params_ui_tutorial.py
[2025-04-25T23:51:11.156+0000] {logging_mixin.py:190} INFO - [2025-04-25T23:51:11.150+0000] {dag.py:3239} INFO - Sync 1 DAGs
[2025-04-25T23:51:11.416+0000] {logging_mixin.py:190} INFO - [2025-04-25T23:51:11.416+0000] {dag.py:4180} INFO - Setting next_dagrun for example_params_ui_tutorial to None, run_after=None
[2025-04-25T23:51:11.587+0000] {processor.py:208} INFO - Processing /home/airflow/.local/lib/python3.12/site-packages/airflow/example_dags/example_params_ui_tutorial.py took 3.818 seconds
[2025-04-25T23:51:41.927+0000] {processor.py:186} INFO - Started process (PID=1719) to work on /home/airflow/.local/lib/python3.12/site-packages/airflow/example_dags/example_params_ui_tutorial.py
[2025-04-25T23:51:41.929+0000] {processor.py:914} INFO - Processing file /home/airflow/.local/lib/python3.12/site-packages/airflow/example_dags/example_params_ui_tutorial.py for tasks to queue
[2025-04-25T23:51:41.933+0000] {logging_mixin.py:190} INFO - [2025-04-25T23:51:41.932+0000] {dagbag.py:588} INFO - Filling up the DagBag from /home/airflow/.local/lib/python3.12/site-packages/airflow/example_dags/example_params_ui_tutorial.py
[2025-04-25T23:51:41.950+0000] {processor.py:925} INFO - DAG(s) 'example_params_ui_tutorial' retrieved from /home/airflow/.local/lib/python3.12/site-packages/airflow/example_dags/example_params_ui_tutorial.py
[2025-04-25T23:51:42.032+0000] {logging_mixin.py:190} INFO - [2025-04-25T23:51:42.031+0000] {dag.py:3239} INFO - Sync 1 DAGs
[2025-04-25T23:51:42.057+0000] {logging_mixin.py:190} INFO - [2025-04-25T23:51:42.056+0000] {dag.py:4180} INFO - Setting next_dagrun for example_params_ui_tutorial to None, run_after=None
[2025-04-25T23:51:42.107+0000] {processor.py:208} INFO - Processing /home/airflow/.local/lib/python3.12/site-packages/airflow/example_dags/example_params_ui_tutorial.py took 0.189 seconds
[2025-04-25T23:52:12.738+0000] {processor.py:186} INFO - Started process (PID=1782) to work on /home/airflow/.local/lib/python3.12/site-packages/airflow/example_dags/example_params_ui_tutorial.py
[2025-04-25T23:52:12.741+0000] {processor.py:914} INFO - Processing file /home/airflow/.local/lib/python3.12/site-packages/airflow/example_dags/example_params_ui_tutorial.py for tasks to queue
[2025-04-25T23:52:12.745+0000] {logging_mixin.py:190} INFO - [2025-04-25T23:52:12.745+0000] {dagbag.py:588} INFO - Filling up the DagBag from /home/airflow/.local/lib/python3.12/site-packages/airflow/example_dags/example_params_ui_tutorial.py
[2025-04-25T23:52:12.764+0000] {processor.py:925} INFO - DAG(s) 'example_params_ui_tutorial' retrieved from /home/airflow/.local/lib/python3.12/site-packages/airflow/example_dags/example_params_ui_tutorial.py
[2025-04-25T23:52:12.960+0000] {logging_mixin.py:190} INFO - [2025-04-25T23:52:12.960+0000] {dag.py:3239} INFO - Sync 1 DAGs
[2025-04-25T23:52:12.989+0000] {logging_mixin.py:190} INFO - [2025-04-25T23:52:12.989+0000] {dag.py:4180} INFO - Setting next_dagrun for example_params_ui_tutorial to None, run_after=None
[2025-04-25T23:52:13.016+0000] {processor.py:208} INFO - Processing /home/airflow/.local/lib/python3.12/site-packages/airflow/example_dags/example_params_ui_tutorial.py took 0.286 seconds
[2025-04-25T23:52:43.363+0000] {processor.py:186} INFO - Started process (PID=1846) to work on /home/airflow/.local/lib/python3.12/site-packages/airflow/example_dags/example_params_ui_tutorial.py
[2025-04-25T23:52:43.369+0000] {processor.py:914} INFO - Processing file /home/airflow/.local/lib/python3.12/site-packages/airflow/example_dags/example_params_ui_tutorial.py for tasks to queue
[2025-04-25T23:52:43.398+0000] {logging_mixin.py:190} INFO - [2025-04-25T23:52:43.397+0000] {dagbag.py:588} INFO - Filling up the DagBag from /home/airflow/.local/lib/python3.12/site-packages/airflow/example_dags/example_params_ui_tutorial.py
[2025-04-25T23:52:43.492+0000] {processor.py:925} INFO - DAG(s) 'example_params_ui_tutorial' retrieved from /home/airflow/.local/lib/python3.12/site-packages/airflow/example_dags/example_params_ui_tutorial.py
[2025-04-25T23:52:44.007+0000] {logging_mixin.py:190} INFO - [2025-04-25T23:52:44.007+0000] {dag.py:3239} INFO - Sync 1 DAGs
[2025-04-25T23:52:44.091+0000] {logging_mixin.py:190} INFO - [2025-04-25T23:52:44.091+0000] {dag.py:4180} INFO - Setting next_dagrun for example_params_ui_tutorial to None, run_after=None
[2025-04-25T23:52:44.245+0000] {processor.py:208} INFO - Processing /home/airflow/.local/lib/python3.12/site-packages/airflow/example_dags/example_params_ui_tutorial.py took 0.903 seconds
[2025-04-25T23:53:14.477+0000] {processor.py:186} INFO - Started process (PID=1912) to work on /home/airflow/.local/lib/python3.12/site-packages/airflow/example_dags/example_params_ui_tutorial.py
[2025-04-25T23:53:14.482+0000] {processor.py:914} INFO - Processing file /home/airflow/.local/lib/python3.12/site-packages/airflow/example_dags/example_params_ui_tutorial.py for tasks to queue
[2025-04-25T23:53:14.485+0000] {logging_mixin.py:190} INFO - [2025-04-25T23:53:14.485+0000] {dagbag.py:588} INFO - Filling up the DagBag from /home/airflow/.local/lib/python3.12/site-packages/airflow/example_dags/example_params_ui_tutorial.py
[2025-04-25T23:53:14.507+0000] {processor.py:925} INFO - DAG(s) 'example_params_ui_tutorial' retrieved from /home/airflow/.local/lib/python3.12/site-packages/airflow/example_dags/example_params_ui_tutorial.py
[2025-04-25T23:53:14.623+0000] {logging_mixin.py:190} INFO - [2025-04-25T23:53:14.622+0000] {dag.py:3239} INFO - Sync 1 DAGs
[2025-04-25T23:53:14.649+0000] {logging_mixin.py:190} INFO - [2025-04-25T23:53:14.649+0000] {dag.py:4180} INFO - Setting next_dagrun for example_params_ui_tutorial to None, run_after=None
[2025-04-25T23:53:14.825+0000] {processor.py:208} INFO - Processing /home/airflow/.local/lib/python3.12/site-packages/airflow/example_dags/example_params_ui_tutorial.py took 0.362 seconds
[2025-04-25T23:53:44.956+0000] {processor.py:186} INFO - Started process (PID=1975) to work on /home/airflow/.local/lib/python3.12/site-packages/airflow/example_dags/example_params_ui_tutorial.py
[2025-04-25T23:53:44.959+0000] {processor.py:914} INFO - Processing file /home/airflow/.local/lib/python3.12/site-packages/airflow/example_dags/example_params_ui_tutorial.py for tasks to queue
[2025-04-25T23:53:44.962+0000] {logging_mixin.py:190} INFO - [2025-04-25T23:53:44.961+0000] {dagbag.py:588} INFO - Filling up the DagBag from /home/airflow/.local/lib/python3.12/site-packages/airflow/example_dags/example_params_ui_tutorial.py
[2025-04-25T23:53:44.975+0000] {processor.py:925} INFO - DAG(s) 'example_params_ui_tutorial' retrieved from /home/airflow/.local/lib/python3.12/site-packages/airflow/example_dags/example_params_ui_tutorial.py
[2025-04-25T23:53:45.050+0000] {logging_mixin.py:190} INFO - [2025-04-25T23:53:45.050+0000] {dag.py:3239} INFO - Sync 1 DAGs
[2025-04-25T23:53:45.082+0000] {logging_mixin.py:190} INFO - [2025-04-25T23:53:45.082+0000] {dag.py:4180} INFO - Setting next_dagrun for example_params_ui_tutorial to None, run_after=None
[2025-04-25T23:53:45.113+0000] {processor.py:208} INFO - Processing /home/airflow/.local/lib/python3.12/site-packages/airflow/example_dags/example_params_ui_tutorial.py took 0.164 seconds
[2025-04-25T23:54:15.798+0000] {processor.py:186} INFO - Started process (PID=2039) to work on /home/airflow/.local/lib/python3.12/site-packages/airflow/example_dags/example_params_ui_tutorial.py
[2025-04-25T23:54:15.805+0000] {processor.py:914} INFO - Processing file /home/airflow/.local/lib/python3.12/site-packages/airflow/example_dags/example_params_ui_tutorial.py for tasks to queue
[2025-04-25T23:54:15.845+0000] {logging_mixin.py:190} INFO - [2025-04-25T23:54:15.843+0000] {dagbag.py:588} INFO - Filling up the DagBag from /home/airflow/.local/lib/python3.12/site-packages/airflow/example_dags/example_params_ui_tutorial.py
[2025-04-25T23:54:15.877+0000] {processor.py:925} INFO - DAG(s) 'example_params_ui_tutorial' retrieved from /home/airflow/.local/lib/python3.12/site-packages/airflow/example_dags/example_params_ui_tutorial.py
[2025-04-25T23:54:15.994+0000] {logging_mixin.py:190} INFO - [2025-04-25T23:54:15.993+0000] {dag.py:3239} INFO - Sync 1 DAGs
[2025-04-25T23:54:16.023+0000] {logging_mixin.py:190} INFO - [2025-04-25T23:54:16.023+0000] {dag.py:4180} INFO - Setting next_dagrun for example_params_ui_tutorial to None, run_after=None
[2025-04-25T23:54:16.107+0000] {processor.py:208} INFO - Processing /home/airflow/.local/lib/python3.12/site-packages/airflow/example_dags/example_params_ui_tutorial.py took 0.323 seconds
[2025-04-25T23:54:46.272+0000] {processor.py:186} INFO - Started process (PID=2103) to work on /home/airflow/.local/lib/python3.12/site-packages/airflow/example_dags/example_params_ui_tutorial.py
[2025-04-25T23:54:46.276+0000] {processor.py:914} INFO - Processing file /home/airflow/.local/lib/python3.12/site-packages/airflow/example_dags/example_params_ui_tutorial.py for tasks to queue
[2025-04-25T23:54:46.281+0000] {logging_mixin.py:190} INFO - [2025-04-25T23:54:46.280+0000] {dagbag.py:588} INFO - Filling up the DagBag from /home/airflow/.local/lib/python3.12/site-packages/airflow/example_dags/example_params_ui_tutorial.py
[2025-04-25T23:54:46.302+0000] {processor.py:925} INFO - DAG(s) 'example_params_ui_tutorial' retrieved from /home/airflow/.local/lib/python3.12/site-packages/airflow/example_dags/example_params_ui_tutorial.py
[2025-04-25T23:54:46.428+0000] {logging_mixin.py:190} INFO - [2025-04-25T23:54:46.427+0000] {dag.py:3239} INFO - Sync 1 DAGs
[2025-04-25T23:54:46.454+0000] {logging_mixin.py:190} INFO - [2025-04-25T23:54:46.454+0000] {dag.py:4180} INFO - Setting next_dagrun for example_params_ui_tutorial to None, run_after=None
[2025-04-25T23:54:46.493+0000] {processor.py:208} INFO - Processing /home/airflow/.local/lib/python3.12/site-packages/airflow/example_dags/example_params_ui_tutorial.py took 0.232 seconds
[2025-04-25T23:55:17.438+0000] {processor.py:186} INFO - Started process (PID=2168) to work on /home/airflow/.local/lib/python3.12/site-packages/airflow/example_dags/example_params_ui_tutorial.py
[2025-04-25T23:55:17.439+0000] {processor.py:914} INFO - Processing file /home/airflow/.local/lib/python3.12/site-packages/airflow/example_dags/example_params_ui_tutorial.py for tasks to queue
[2025-04-25T23:55:17.442+0000] {logging_mixin.py:190} INFO - [2025-04-25T23:55:17.442+0000] {dagbag.py:588} INFO - Filling up the DagBag from /home/airflow/.local/lib/python3.12/site-packages/airflow/example_dags/example_params_ui_tutorial.py
[2025-04-25T23:55:17.456+0000] {processor.py:925} INFO - DAG(s) 'example_params_ui_tutorial' retrieved from /home/airflow/.local/lib/python3.12/site-packages/airflow/example_dags/example_params_ui_tutorial.py
[2025-04-25T23:55:17.514+0000] {logging_mixin.py:190} INFO - [2025-04-25T23:55:17.514+0000] {dag.py:3239} INFO - Sync 1 DAGs
[2025-04-25T23:55:17.537+0000] {logging_mixin.py:190} INFO - [2025-04-25T23:55:17.536+0000] {dag.py:4180} INFO - Setting next_dagrun for example_params_ui_tutorial to None, run_after=None
[2025-04-25T23:55:17.564+0000] {processor.py:208} INFO - Processing /home/airflow/.local/lib/python3.12/site-packages/airflow/example_dags/example_params_ui_tutorial.py took 0.133 seconds
[2025-04-25T23:55:47.862+0000] {processor.py:186} INFO - Started process (PID=2232) to work on /home/airflow/.local/lib/python3.12/site-packages/airflow/example_dags/example_params_ui_tutorial.py
[2025-04-25T23:55:47.864+0000] {processor.py:914} INFO - Processing file /home/airflow/.local/lib/python3.12/site-packages/airflow/example_dags/example_params_ui_tutorial.py for tasks to queue
[2025-04-25T23:55:47.871+0000] {logging_mixin.py:190} INFO - [2025-04-25T23:55:47.870+0000] {dagbag.py:588} INFO - Filling up the DagBag from /home/airflow/.local/lib/python3.12/site-packages/airflow/example_dags/example_params_ui_tutorial.py
[2025-04-25T23:55:47.895+0000] {processor.py:925} INFO - DAG(s) 'example_params_ui_tutorial' retrieved from /home/airflow/.local/lib/python3.12/site-packages/airflow/example_dags/example_params_ui_tutorial.py
[2025-04-25T23:55:48.020+0000] {logging_mixin.py:190} INFO - [2025-04-25T23:55:48.019+0000] {dag.py:3239} INFO - Sync 1 DAGs
[2025-04-25T23:55:48.061+0000] {logging_mixin.py:190} INFO - [2025-04-25T23:55:48.060+0000] {dag.py:4180} INFO - Setting next_dagrun for example_params_ui_tutorial to None, run_after=None
[2025-04-25T23:55:48.133+0000] {processor.py:208} INFO - Processing /home/airflow/.local/lib/python3.12/site-packages/airflow/example_dags/example_params_ui_tutorial.py took 0.283 seconds
[2025-04-25T23:56:18.486+0000] {processor.py:186} INFO - Started process (PID=2295) to work on /home/airflow/.local/lib/python3.12/site-packages/airflow/example_dags/example_params_ui_tutorial.py
[2025-04-25T23:56:18.487+0000] {processor.py:914} INFO - Processing file /home/airflow/.local/lib/python3.12/site-packages/airflow/example_dags/example_params_ui_tutorial.py for tasks to queue
[2025-04-25T23:56:18.491+0000] {logging_mixin.py:190} INFO - [2025-04-25T23:56:18.491+0000] {dagbag.py:588} INFO - Filling up the DagBag from /home/airflow/.local/lib/python3.12/site-packages/airflow/example_dags/example_params_ui_tutorial.py
[2025-04-25T23:56:18.506+0000] {processor.py:925} INFO - DAG(s) 'example_params_ui_tutorial' retrieved from /home/airflow/.local/lib/python3.12/site-packages/airflow/example_dags/example_params_ui_tutorial.py
[2025-04-25T23:56:18.581+0000] {logging_mixin.py:190} INFO - [2025-04-25T23:56:18.580+0000] {dag.py:3239} INFO - Sync 1 DAGs
[2025-04-25T23:56:18.600+0000] {logging_mixin.py:190} INFO - [2025-04-25T23:56:18.600+0000] {dag.py:4180} INFO - Setting next_dagrun for example_params_ui_tutorial to None, run_after=None
[2025-04-25T23:56:18.625+0000] {processor.py:208} INFO - Processing /home/airflow/.local/lib/python3.12/site-packages/airflow/example_dags/example_params_ui_tutorial.py took 0.146 seconds
[2025-04-25T23:56:48.874+0000] {processor.py:186} INFO - Started process (PID=2359) to work on /home/airflow/.local/lib/python3.12/site-packages/airflow/example_dags/example_params_ui_tutorial.py
[2025-04-25T23:56:48.875+0000] {processor.py:914} INFO - Processing file /home/airflow/.local/lib/python3.12/site-packages/airflow/example_dags/example_params_ui_tutorial.py for tasks to queue
[2025-04-25T23:56:48.877+0000] {logging_mixin.py:190} INFO - [2025-04-25T23:56:48.876+0000] {dagbag.py:588} INFO - Filling up the DagBag from /home/airflow/.local/lib/python3.12/site-packages/airflow/example_dags/example_params_ui_tutorial.py
[2025-04-25T23:56:48.890+0000] {processor.py:925} INFO - DAG(s) 'example_params_ui_tutorial' retrieved from /home/airflow/.local/lib/python3.12/site-packages/airflow/example_dags/example_params_ui_tutorial.py
[2025-04-25T23:56:48.960+0000] {logging_mixin.py:190} INFO - [2025-04-25T23:56:48.959+0000] {dag.py:3239} INFO - Sync 1 DAGs
[2025-04-25T23:56:48.982+0000] {logging_mixin.py:190} INFO - [2025-04-25T23:56:48.982+0000] {dag.py:4180} INFO - Setting next_dagrun for example_params_ui_tutorial to None, run_after=None
[2025-04-25T23:56:49.012+0000] {processor.py:208} INFO - Processing /home/airflow/.local/lib/python3.12/site-packages/airflow/example_dags/example_params_ui_tutorial.py took 0.146 seconds
[2025-04-25T23:57:19.337+0000] {processor.py:186} INFO - Started process (PID=2423) to work on /home/airflow/.local/lib/python3.12/site-packages/airflow/example_dags/example_params_ui_tutorial.py
[2025-04-25T23:57:19.338+0000] {processor.py:914} INFO - Processing file /home/airflow/.local/lib/python3.12/site-packages/airflow/example_dags/example_params_ui_tutorial.py for tasks to queue
[2025-04-25T23:57:19.341+0000] {logging_mixin.py:190} INFO - [2025-04-25T23:57:19.340+0000] {dagbag.py:588} INFO - Filling up the DagBag from /home/airflow/.local/lib/python3.12/site-packages/airflow/example_dags/example_params_ui_tutorial.py
[2025-04-25T23:57:19.357+0000] {processor.py:925} INFO - DAG(s) 'example_params_ui_tutorial' retrieved from /home/airflow/.local/lib/python3.12/site-packages/airflow/example_dags/example_params_ui_tutorial.py
[2025-04-25T23:57:19.435+0000] {logging_mixin.py:190} INFO - [2025-04-25T23:57:19.434+0000] {dag.py:3239} INFO - Sync 1 DAGs
[2025-04-25T23:57:19.462+0000] {logging_mixin.py:190} INFO - [2025-04-25T23:57:19.461+0000] {dag.py:4180} INFO - Setting next_dagrun for example_params_ui_tutorial to None, run_after=None
[2025-04-25T23:57:19.501+0000] {processor.py:208} INFO - Processing /home/airflow/.local/lib/python3.12/site-packages/airflow/example_dags/example_params_ui_tutorial.py took 0.174 seconds
[2025-04-25T23:59:04.590+0000] {processor.py:186} INFO - Started process (PID=2502) to work on /home/airflow/.local/lib/python3.12/site-packages/airflow/example_dags/example_params_ui_tutorial.py
[2025-04-25T23:59:04.600+0000] {processor.py:914} INFO - Processing file /home/airflow/.local/lib/python3.12/site-packages/airflow/example_dags/example_params_ui_tutorial.py for tasks to queue
[2025-04-25T23:59:04.700+0000] {logging_mixin.py:190} INFO - [2025-04-25T23:59:04.699+0000] {dagbag.py:588} INFO - Filling up the DagBag from /home/airflow/.local/lib/python3.12/site-packages/airflow/example_dags/example_params_ui_tutorial.py
[2025-04-25T23:59:04.739+0000] {processor.py:925} INFO - DAG(s) 'example_params_ui_tutorial' retrieved from /home/airflow/.local/lib/python3.12/site-packages/airflow/example_dags/example_params_ui_tutorial.py
[2025-04-25T23:59:04.868+0000] {logging_mixin.py:190} INFO - [2025-04-25T23:59:04.867+0000] {dag.py:3239} INFO - Sync 1 DAGs
[2025-04-25T23:59:04.910+0000] {logging_mixin.py:190} INFO - [2025-04-25T23:59:04.910+0000] {dag.py:4180} INFO - Setting next_dagrun for example_params_ui_tutorial to None, run_after=None
[2025-04-25T23:59:04.953+0000] {processor.py:208} INFO - Processing /home/airflow/.local/lib/python3.12/site-packages/airflow/example_dags/example_params_ui_tutorial.py took 0.401 seconds
[2025-04-25T23:59:36.210+0000] {processor.py:186} INFO - Started process (PID=2572) to work on /home/airflow/.local/lib/python3.12/site-packages/airflow/example_dags/example_params_ui_tutorial.py
[2025-04-25T23:59:36.213+0000] {processor.py:914} INFO - Processing file /home/airflow/.local/lib/python3.12/site-packages/airflow/example_dags/example_params_ui_tutorial.py for tasks to queue
[2025-04-25T23:59:36.222+0000] {logging_mixin.py:190} INFO - [2025-04-25T23:59:36.221+0000] {dagbag.py:588} INFO - Filling up the DagBag from /home/airflow/.local/lib/python3.12/site-packages/airflow/example_dags/example_params_ui_tutorial.py
[2025-04-25T23:59:36.392+0000] {processor.py:925} INFO - DAG(s) 'example_params_ui_tutorial' retrieved from /home/airflow/.local/lib/python3.12/site-packages/airflow/example_dags/example_params_ui_tutorial.py
[2025-04-25T23:59:36.829+0000] {logging_mixin.py:190} INFO - [2025-04-25T23:59:36.828+0000] {dag.py:3239} INFO - Sync 1 DAGs
[2025-04-25T23:59:36.894+0000] {logging_mixin.py:190} INFO - [2025-04-25T23:59:36.893+0000] {dag.py:4180} INFO - Setting next_dagrun for example_params_ui_tutorial to None, run_after=None
[2025-04-25T23:59:36.975+0000] {processor.py:208} INFO - Processing /home/airflow/.local/lib/python3.12/site-packages/airflow/example_dags/example_params_ui_tutorial.py took 0.785 seconds
