[2025-04-25T23:32:13.528+0000] {processor.py:186} INFO - Started process (PID=104) to work on /home/airflow/.local/lib/python3.12/site-packages/airflow/example_dags/example_complex.py
[2025-04-25T23:32:13.532+0000] {processor.py:914} INFO - Processing file /home/airflow/.local/lib/python3.12/site-packages/airflow/example_dags/example_complex.py for tasks to queue
[2025-04-25T23:32:13.561+0000] {logging_mixin.py:190} INFO - [2025-04-25T23:32:13.561+0000] {dagbag.py:588} INFO - Filling up the DagBag from /home/airflow/.local/lib/python3.12/site-packages/airflow/example_dags/example_complex.py
[2025-04-25T23:32:13.666+0000] {processor.py:925} INFO - DAG(s) 'example_complex' retrieved from /home/airflow/.local/lib/python3.12/site-packages/airflow/example_dags/example_complex.py
[2025-04-25T23:32:14.745+0000] {logging_mixin.py:190} INFO - [2025-04-25T23:32:14.734+0000] {override.py:1911} INFO - Created Permission View: can delete on DAG:example_complex
[2025-04-25T23:32:15.074+0000] {logging_mixin.py:190} INFO - [2025-04-25T23:32:15.073+0000] {override.py:1911} INFO - Created Permission View: can read on DAG:example_complex
[2025-04-25T23:32:15.109+0000] {logging_mixin.py:190} INFO - [2025-04-25T23:32:15.108+0000] {override.py:1911} INFO - Created Permission View: can edit on DAG:example_complex
[2025-04-25T23:32:15.136+0000] {logging_mixin.py:190} INFO - [2025-04-25T23:32:15.136+0000] {override.py:1911} INFO - Created Permission View: can create on DAG Run:example_complex
[2025-04-25T23:32:15.162+0000] {logging_mixin.py:190} INFO - [2025-04-25T23:32:15.162+0000] {override.py:1911} INFO - Created Permission View: can delete on DAG Run:example_complex
[2025-04-25T23:32:15.280+0000] {logging_mixin.py:190} INFO - [2025-04-25T23:32:15.273+0000] {override.py:1911} INFO - Created Permission View: can read on DAG Run:example_complex
[2025-04-25T23:32:15.400+0000] {logging_mixin.py:190} INFO - [2025-04-25T23:32:15.399+0000] {override.py:1911} INFO - Created Permission View: menu access on DAG Run:example_complex
[2025-04-25T23:32:15.414+0000] {logging_mixin.py:190} INFO - [2025-04-25T23:32:15.413+0000] {dag.py:3239} INFO - Sync 1 DAGs
[2025-04-25T23:32:15.572+0000] {logging_mixin.py:190} INFO - [2025-04-25T23:32:15.569+0000] {dag.py:3262} INFO - Creating ORM DAG for example_complex
[2025-04-25T23:32:15.575+0000] {logging_mixin.py:190} INFO - [2025-04-25T23:32:15.574+0000] {dag.py:4180} INFO - Setting next_dagrun for example_complex to None, run_after=None
[2025-04-25T23:32:15.704+0000] {processor.py:208} INFO - Processing /home/airflow/.local/lib/python3.12/site-packages/airflow/example_dags/example_complex.py took 2.214 seconds
[2025-04-25T23:33:44.972+0000] {processor.py:186} INFO - Started process (PID=179) to work on /home/airflow/.local/lib/python3.12/site-packages/airflow/example_dags/example_complex.py
[2025-04-25T23:33:44.998+0000] {processor.py:914} INFO - Processing file /home/airflow/.local/lib/python3.12/site-packages/airflow/example_dags/example_complex.py for tasks to queue
[2025-04-25T23:33:45.028+0000] {logging_mixin.py:190} INFO - [2025-04-25T23:33:45.027+0000] {dagbag.py:588} INFO - Filling up the DagBag from /home/airflow/.local/lib/python3.12/site-packages/airflow/example_dags/example_complex.py
[2025-04-25T23:33:45.085+0000] {processor.py:925} INFO - DAG(s) 'example_complex' retrieved from /home/airflow/.local/lib/python3.12/site-packages/airflow/example_dags/example_complex.py
[2025-04-25T23:33:45.320+0000] {logging_mixin.py:190} INFO - [2025-04-25T23:33:45.319+0000] {dag.py:3239} INFO - Sync 1 DAGs
[2025-04-25T23:33:45.487+0000] {logging_mixin.py:190} INFO - [2025-04-25T23:33:45.487+0000] {dag.py:4180} INFO - Setting next_dagrun for example_complex to None, run_after=None
[2025-04-25T23:33:45.659+0000] {processor.py:208} INFO - Processing /home/airflow/.local/lib/python3.12/site-packages/airflow/example_dags/example_complex.py took 0.697 seconds
[2025-04-25T23:34:41.476+0000] {processor.py:186} INFO - Started process (PID=241) to work on /home/airflow/.local/lib/python3.12/site-packages/airflow/example_dags/example_complex.py
[2025-04-25T23:34:41.485+0000] {processor.py:914} INFO - Processing file /home/airflow/.local/lib/python3.12/site-packages/airflow/example_dags/example_complex.py for tasks to queue
[2025-04-25T23:34:41.507+0000] {logging_mixin.py:190} INFO - [2025-04-25T23:34:41.506+0000] {dagbag.py:588} INFO - Filling up the DagBag from /home/airflow/.local/lib/python3.12/site-packages/airflow/example_dags/example_complex.py
[2025-04-25T23:34:41.610+0000] {processor.py:925} INFO - DAG(s) 'example_complex' retrieved from /home/airflow/.local/lib/python3.12/site-packages/airflow/example_dags/example_complex.py
[2025-04-25T23:34:41.907+0000] {logging_mixin.py:190} INFO - [2025-04-25T23:34:41.907+0000] {dag.py:3239} INFO - Sync 1 DAGs
[2025-04-25T23:34:41.977+0000] {logging_mixin.py:190} INFO - [2025-04-25T23:34:41.977+0000] {dag.py:4180} INFO - Setting next_dagrun for example_complex to None, run_after=None
[2025-04-25T23:34:42.444+0000] {processor.py:208} INFO - Processing /home/airflow/.local/lib/python3.12/site-packages/airflow/example_dags/example_complex.py took 1.003 seconds
[2025-04-25T23:35:33.505+0000] {processor.py:186} INFO - Started process (PID=290) to work on /home/airflow/.local/lib/python3.12/site-packages/airflow/example_dags/example_complex.py
[2025-04-25T23:35:33.509+0000] {processor.py:914} INFO - Processing file /home/airflow/.local/lib/python3.12/site-packages/airflow/example_dags/example_complex.py for tasks to queue
[2025-04-25T23:35:33.529+0000] {logging_mixin.py:190} INFO - [2025-04-25T23:35:33.529+0000] {dagbag.py:588} INFO - Filling up the DagBag from /home/airflow/.local/lib/python3.12/site-packages/airflow/example_dags/example_complex.py
[2025-04-25T23:35:33.842+0000] {processor.py:925} INFO - DAG(s) 'example_complex' retrieved from /home/airflow/.local/lib/python3.12/site-packages/airflow/example_dags/example_complex.py
[2025-04-25T23:35:35.945+0000] {logging_mixin.py:190} INFO - [2025-04-25T23:35:35.944+0000] {dag.py:3239} INFO - Sync 1 DAGs
[2025-04-25T23:35:36.874+0000] {logging_mixin.py:190} INFO - [2025-04-25T23:35:36.873+0000] {dag.py:4180} INFO - Setting next_dagrun for example_complex to None, run_after=None
[2025-04-25T23:35:37.151+0000] {processor.py:208} INFO - Processing /home/airflow/.local/lib/python3.12/site-packages/airflow/example_dags/example_complex.py took 3.755 seconds
[2025-04-25T23:37:21.690+0000] {processor.py:186} INFO - Started process (PID=86) to work on /home/airflow/.local/lib/python3.12/site-packages/airflow/example_dags/example_complex.py
[2025-04-25T23:37:21.705+0000] {processor.py:914} INFO - Processing file /home/airflow/.local/lib/python3.12/site-packages/airflow/example_dags/example_complex.py for tasks to queue
[2025-04-25T23:37:21.725+0000] {logging_mixin.py:190} INFO - [2025-04-25T23:37:21.723+0000] {dagbag.py:588} INFO - Filling up the DagBag from /home/airflow/.local/lib/python3.12/site-packages/airflow/example_dags/example_complex.py
[2025-04-25T23:37:21.833+0000] {processor.py:925} INFO - DAG(s) 'example_complex' retrieved from /home/airflow/.local/lib/python3.12/site-packages/airflow/example_dags/example_complex.py
[2025-04-25T23:37:21.941+0000] {logging_mixin.py:190} INFO - [2025-04-25T23:37:21.941+0000] {dag.py:3239} INFO - Sync 1 DAGs
[2025-04-25T23:37:21.973+0000] {logging_mixin.py:190} INFO - [2025-04-25T23:37:21.972+0000] {dag.py:4180} INFO - Setting next_dagrun for example_complex to None, run_after=None
[2025-04-25T23:37:22.087+0000] {processor.py:208} INFO - Processing /home/airflow/.local/lib/python3.12/site-packages/airflow/example_dags/example_complex.py took 0.458 seconds
[2025-04-25T23:38:07.878+0000] {processor.py:186} INFO - Started process (PID=149) to work on /home/airflow/.local/lib/python3.12/site-packages/airflow/example_dags/example_complex.py
[2025-04-25T23:38:07.880+0000] {processor.py:914} INFO - Processing file /home/airflow/.local/lib/python3.12/site-packages/airflow/example_dags/example_complex.py for tasks to queue
[2025-04-25T23:38:07.883+0000] {logging_mixin.py:190} INFO - [2025-04-25T23:38:07.883+0000] {dagbag.py:588} INFO - Filling up the DagBag from /home/airflow/.local/lib/python3.12/site-packages/airflow/example_dags/example_complex.py
[2025-04-25T23:38:07.906+0000] {processor.py:925} INFO - DAG(s) 'example_complex' retrieved from /home/airflow/.local/lib/python3.12/site-packages/airflow/example_dags/example_complex.py
[2025-04-25T23:38:07.972+0000] {logging_mixin.py:190} INFO - [2025-04-25T23:38:07.972+0000] {dag.py:3239} INFO - Sync 1 DAGs
[2025-04-25T23:38:07.998+0000] {logging_mixin.py:190} INFO - [2025-04-25T23:38:07.997+0000] {dag.py:4180} INFO - Setting next_dagrun for example_complex to None, run_after=None
[2025-04-25T23:38:08.031+0000] {processor.py:208} INFO - Processing /home/airflow/.local/lib/python3.12/site-packages/airflow/example_dags/example_complex.py took 0.163 seconds
[2025-04-25T23:38:47.389+0000] {processor.py:186} INFO - Started process (PID=211) to work on /home/airflow/.local/lib/python3.12/site-packages/airflow/example_dags/example_complex.py
[2025-04-25T23:38:47.391+0000] {processor.py:914} INFO - Processing file /home/airflow/.local/lib/python3.12/site-packages/airflow/example_dags/example_complex.py for tasks to queue
[2025-04-25T23:38:47.395+0000] {logging_mixin.py:190} INFO - [2025-04-25T23:38:47.395+0000] {dagbag.py:588} INFO - Filling up the DagBag from /home/airflow/.local/lib/python3.12/site-packages/airflow/example_dags/example_complex.py
[2025-04-25T23:38:47.431+0000] {processor.py:925} INFO - DAG(s) 'example_complex' retrieved from /home/airflow/.local/lib/python3.12/site-packages/airflow/example_dags/example_complex.py
[2025-04-25T23:38:47.497+0000] {logging_mixin.py:190} INFO - [2025-04-25T23:38:47.496+0000] {dag.py:3239} INFO - Sync 1 DAGs
[2025-04-25T23:38:47.525+0000] {logging_mixin.py:190} INFO - [2025-04-25T23:38:47.524+0000] {dag.py:4180} INFO - Setting next_dagrun for example_complex to None, run_after=None
[2025-04-25T23:38:47.564+0000] {processor.py:208} INFO - Processing /home/airflow/.local/lib/python3.12/site-packages/airflow/example_dags/example_complex.py took 0.188 seconds
[2025-04-25T23:39:18.571+0000] {processor.py:186} INFO - Started process (PID=273) to work on /home/airflow/.local/lib/python3.12/site-packages/airflow/example_dags/example_complex.py
[2025-04-25T23:39:18.575+0000] {processor.py:914} INFO - Processing file /home/airflow/.local/lib/python3.12/site-packages/airflow/example_dags/example_complex.py for tasks to queue
[2025-04-25T23:39:18.579+0000] {logging_mixin.py:190} INFO - [2025-04-25T23:39:18.579+0000] {dagbag.py:588} INFO - Filling up the DagBag from /home/airflow/.local/lib/python3.12/site-packages/airflow/example_dags/example_complex.py
[2025-04-25T23:39:18.623+0000] {processor.py:925} INFO - DAG(s) 'example_complex' retrieved from /home/airflow/.local/lib/python3.12/site-packages/airflow/example_dags/example_complex.py
[2025-04-25T23:39:18.728+0000] {logging_mixin.py:190} INFO - [2025-04-25T23:39:18.728+0000] {dag.py:3239} INFO - Sync 1 DAGs
[2025-04-25T23:39:18.790+0000] {logging_mixin.py:190} INFO - [2025-04-25T23:39:18.790+0000] {dag.py:4180} INFO - Setting next_dagrun for example_complex to None, run_after=None
[2025-04-25T23:39:18.839+0000] {processor.py:208} INFO - Processing /home/airflow/.local/lib/python3.12/site-packages/airflow/example_dags/example_complex.py took 0.281 seconds
[2025-04-25T23:39:58.707+0000] {processor.py:186} INFO - Started process (PID=343) to work on /home/airflow/.local/lib/python3.12/site-packages/airflow/example_dags/example_complex.py
[2025-04-25T23:39:58.843+0000] {processor.py:914} INFO - Processing file /home/airflow/.local/lib/python3.12/site-packages/airflow/example_dags/example_complex.py for tasks to queue
[2025-04-25T23:39:58.866+0000] {logging_mixin.py:190} INFO - [2025-04-25T23:39:58.865+0000] {dagbag.py:588} INFO - Filling up the DagBag from /home/airflow/.local/lib/python3.12/site-packages/airflow/example_dags/example_complex.py
[2025-04-25T23:39:58.931+0000] {processor.py:925} INFO - DAG(s) 'example_complex' retrieved from /home/airflow/.local/lib/python3.12/site-packages/airflow/example_dags/example_complex.py
[2025-04-25T23:39:59.400+0000] {logging_mixin.py:190} INFO - [2025-04-25T23:39:59.399+0000] {dag.py:3239} INFO - Sync 1 DAGs
[2025-04-25T23:39:59.541+0000] {logging_mixin.py:190} INFO - [2025-04-25T23:39:59.534+0000] {dag.py:4180} INFO - Setting next_dagrun for example_complex to None, run_after=None
[2025-04-25T23:39:59.845+0000] {processor.py:208} INFO - Processing /home/airflow/.local/lib/python3.12/site-packages/airflow/example_dags/example_complex.py took 1.167 seconds
[2025-04-25T23:40:33.602+0000] {processor.py:186} INFO - Started process (PID=406) to work on /home/airflow/.local/lib/python3.12/site-packages/airflow/example_dags/example_complex.py
[2025-04-25T23:40:33.605+0000] {processor.py:914} INFO - Processing file /home/airflow/.local/lib/python3.12/site-packages/airflow/example_dags/example_complex.py for tasks to queue
[2025-04-25T23:40:33.609+0000] {logging_mixin.py:190} INFO - [2025-04-25T23:40:33.608+0000] {dagbag.py:588} INFO - Filling up the DagBag from /home/airflow/.local/lib/python3.12/site-packages/airflow/example_dags/example_complex.py
[2025-04-25T23:40:33.629+0000] {processor.py:925} INFO - DAG(s) 'example_complex' retrieved from /home/airflow/.local/lib/python3.12/site-packages/airflow/example_dags/example_complex.py
[2025-04-25T23:40:33.684+0000] {logging_mixin.py:190} INFO - [2025-04-25T23:40:33.683+0000] {dag.py:3239} INFO - Sync 1 DAGs
[2025-04-25T23:40:33.710+0000] {logging_mixin.py:190} INFO - [2025-04-25T23:40:33.710+0000] {dag.py:4180} INFO - Setting next_dagrun for example_complex to None, run_after=None
[2025-04-25T23:40:33.742+0000] {processor.py:208} INFO - Processing /home/airflow/.local/lib/python3.12/site-packages/airflow/example_dags/example_complex.py took 0.148 seconds
[2025-04-25T23:41:06.858+0000] {processor.py:186} INFO - Started process (PID=469) to work on /home/airflow/.local/lib/python3.12/site-packages/airflow/example_dags/example_complex.py
[2025-04-25T23:41:06.860+0000] {processor.py:914} INFO - Processing file /home/airflow/.local/lib/python3.12/site-packages/airflow/example_dags/example_complex.py for tasks to queue
[2025-04-25T23:41:06.864+0000] {logging_mixin.py:190} INFO - [2025-04-25T23:41:06.864+0000] {dagbag.py:588} INFO - Filling up the DagBag from /home/airflow/.local/lib/python3.12/site-packages/airflow/example_dags/example_complex.py
[2025-04-25T23:41:06.881+0000] {processor.py:925} INFO - DAG(s) 'example_complex' retrieved from /home/airflow/.local/lib/python3.12/site-packages/airflow/example_dags/example_complex.py
[2025-04-25T23:41:06.923+0000] {logging_mixin.py:190} INFO - [2025-04-25T23:41:06.922+0000] {dag.py:3239} INFO - Sync 1 DAGs
[2025-04-25T23:41:06.939+0000] {logging_mixin.py:190} INFO - [2025-04-25T23:41:06.939+0000] {dag.py:4180} INFO - Setting next_dagrun for example_complex to None, run_after=None
[2025-04-25T23:41:06.964+0000] {processor.py:208} INFO - Processing /home/airflow/.local/lib/python3.12/site-packages/airflow/example_dags/example_complex.py took 0.116 seconds
[2025-04-25T23:41:37.948+0000] {processor.py:186} INFO - Started process (PID=531) to work on /home/airflow/.local/lib/python3.12/site-packages/airflow/example_dags/example_complex.py
[2025-04-25T23:41:37.949+0000] {processor.py:914} INFO - Processing file /home/airflow/.local/lib/python3.12/site-packages/airflow/example_dags/example_complex.py for tasks to queue
[2025-04-25T23:41:37.955+0000] {logging_mixin.py:190} INFO - [2025-04-25T23:41:37.955+0000] {dagbag.py:588} INFO - Filling up the DagBag from /home/airflow/.local/lib/python3.12/site-packages/airflow/example_dags/example_complex.py
[2025-04-25T23:41:37.974+0000] {processor.py:925} INFO - DAG(s) 'example_complex' retrieved from /home/airflow/.local/lib/python3.12/site-packages/airflow/example_dags/example_complex.py
[2025-04-25T23:41:38.028+0000] {logging_mixin.py:190} INFO - [2025-04-25T23:41:38.027+0000] {dag.py:3239} INFO - Sync 1 DAGs
[2025-04-25T23:41:38.048+0000] {logging_mixin.py:190} INFO - [2025-04-25T23:41:38.048+0000] {dag.py:4180} INFO - Setting next_dagrun for example_complex to None, run_after=None
[2025-04-25T23:41:38.078+0000] {processor.py:208} INFO - Processing /home/airflow/.local/lib/python3.12/site-packages/airflow/example_dags/example_complex.py took 0.140 seconds
[2025-04-25T23:42:09.955+0000] {processor.py:186} INFO - Started process (PID=594) to work on /home/airflow/.local/lib/python3.12/site-packages/airflow/example_dags/example_complex.py
[2025-04-25T23:42:09.956+0000] {processor.py:914} INFO - Processing file /home/airflow/.local/lib/python3.12/site-packages/airflow/example_dags/example_complex.py for tasks to queue
[2025-04-25T23:42:09.959+0000] {logging_mixin.py:190} INFO - [2025-04-25T23:42:09.958+0000] {dagbag.py:588} INFO - Filling up the DagBag from /home/airflow/.local/lib/python3.12/site-packages/airflow/example_dags/example_complex.py
[2025-04-25T23:42:09.979+0000] {processor.py:925} INFO - DAG(s) 'example_complex' retrieved from /home/airflow/.local/lib/python3.12/site-packages/airflow/example_dags/example_complex.py
[2025-04-25T23:42:10.036+0000] {logging_mixin.py:190} INFO - [2025-04-25T23:42:10.035+0000] {dag.py:3239} INFO - Sync 1 DAGs
[2025-04-25T23:42:10.060+0000] {logging_mixin.py:190} INFO - [2025-04-25T23:42:10.060+0000] {dag.py:4180} INFO - Setting next_dagrun for example_complex to None, run_after=None
[2025-04-25T23:42:10.086+0000] {processor.py:208} INFO - Processing /home/airflow/.local/lib/python3.12/site-packages/airflow/example_dags/example_complex.py took 0.141 seconds
[2025-04-25T23:42:41.034+0000] {processor.py:186} INFO - Started process (PID=657) to work on /home/airflow/.local/lib/python3.12/site-packages/airflow/example_dags/example_complex.py
[2025-04-25T23:42:41.037+0000] {processor.py:914} INFO - Processing file /home/airflow/.local/lib/python3.12/site-packages/airflow/example_dags/example_complex.py for tasks to queue
[2025-04-25T23:42:41.042+0000] {logging_mixin.py:190} INFO - [2025-04-25T23:42:41.042+0000] {dagbag.py:588} INFO - Filling up the DagBag from /home/airflow/.local/lib/python3.12/site-packages/airflow/example_dags/example_complex.py
[2025-04-25T23:42:41.070+0000] {processor.py:925} INFO - DAG(s) 'example_complex' retrieved from /home/airflow/.local/lib/python3.12/site-packages/airflow/example_dags/example_complex.py
[2025-04-25T23:42:41.121+0000] {logging_mixin.py:190} INFO - [2025-04-25T23:42:41.121+0000] {dag.py:3239} INFO - Sync 1 DAGs
[2025-04-25T23:42:41.147+0000] {logging_mixin.py:190} INFO - [2025-04-25T23:42:41.144+0000] {dag.py:4180} INFO - Setting next_dagrun for example_complex to None, run_after=None
[2025-04-25T23:42:41.190+0000] {processor.py:208} INFO - Processing /home/airflow/.local/lib/python3.12/site-packages/airflow/example_dags/example_complex.py took 0.163 seconds
[2025-04-25T23:43:17.741+0000] {processor.py:186} INFO - Started process (PID=720) to work on /home/airflow/.local/lib/python3.12/site-packages/airflow/example_dags/example_complex.py
[2025-04-25T23:43:17.745+0000] {processor.py:914} INFO - Processing file /home/airflow/.local/lib/python3.12/site-packages/airflow/example_dags/example_complex.py for tasks to queue
[2025-04-25T23:43:17.752+0000] {logging_mixin.py:190} INFO - [2025-04-25T23:43:17.752+0000] {dagbag.py:588} INFO - Filling up the DagBag from /home/airflow/.local/lib/python3.12/site-packages/airflow/example_dags/example_complex.py
[2025-04-25T23:43:17.793+0000] {processor.py:925} INFO - DAG(s) 'example_complex' retrieved from /home/airflow/.local/lib/python3.12/site-packages/airflow/example_dags/example_complex.py
[2025-04-25T23:43:17.918+0000] {logging_mixin.py:190} INFO - [2025-04-25T23:43:17.917+0000] {dag.py:3239} INFO - Sync 1 DAGs
[2025-04-25T23:43:17.987+0000] {logging_mixin.py:190} INFO - [2025-04-25T23:43:17.986+0000] {dag.py:4180} INFO - Setting next_dagrun for example_complex to None, run_after=None
[2025-04-25T23:43:18.095+0000] {processor.py:208} INFO - Processing /home/airflow/.local/lib/python3.12/site-packages/airflow/example_dags/example_complex.py took 0.367 seconds
[2025-04-25T23:43:48.441+0000] {processor.py:186} INFO - Started process (PID=783) to work on /home/airflow/.local/lib/python3.12/site-packages/airflow/example_dags/example_complex.py
[2025-04-25T23:43:48.443+0000] {processor.py:914} INFO - Processing file /home/airflow/.local/lib/python3.12/site-packages/airflow/example_dags/example_complex.py for tasks to queue
[2025-04-25T23:43:48.447+0000] {logging_mixin.py:190} INFO - [2025-04-25T23:43:48.446+0000] {dagbag.py:588} INFO - Filling up the DagBag from /home/airflow/.local/lib/python3.12/site-packages/airflow/example_dags/example_complex.py
[2025-04-25T23:43:48.501+0000] {processor.py:925} INFO - DAG(s) 'example_complex' retrieved from /home/airflow/.local/lib/python3.12/site-packages/airflow/example_dags/example_complex.py
[2025-04-25T23:43:48.640+0000] {logging_mixin.py:190} INFO - [2025-04-25T23:43:48.638+0000] {dag.py:3239} INFO - Sync 1 DAGs
[2025-04-25T23:43:48.713+0000] {logging_mixin.py:190} INFO - [2025-04-25T23:43:48.713+0000] {dag.py:4180} INFO - Setting next_dagrun for example_complex to None, run_after=None
[2025-04-25T23:43:48.791+0000] {processor.py:208} INFO - Processing /home/airflow/.local/lib/python3.12/site-packages/airflow/example_dags/example_complex.py took 0.362 seconds
[2025-04-25T23:44:19.829+0000] {processor.py:186} INFO - Started process (PID=845) to work on /home/airflow/.local/lib/python3.12/site-packages/airflow/example_dags/example_complex.py
[2025-04-25T23:44:19.832+0000] {processor.py:914} INFO - Processing file /home/airflow/.local/lib/python3.12/site-packages/airflow/example_dags/example_complex.py for tasks to queue
[2025-04-25T23:44:19.836+0000] {logging_mixin.py:190} INFO - [2025-04-25T23:44:19.835+0000] {dagbag.py:588} INFO - Filling up the DagBag from /home/airflow/.local/lib/python3.12/site-packages/airflow/example_dags/example_complex.py
[2025-04-25T23:44:19.853+0000] {processor.py:925} INFO - DAG(s) 'example_complex' retrieved from /home/airflow/.local/lib/python3.12/site-packages/airflow/example_dags/example_complex.py
[2025-04-25T23:44:19.904+0000] {logging_mixin.py:190} INFO - [2025-04-25T23:44:19.904+0000] {dag.py:3239} INFO - Sync 1 DAGs
[2025-04-25T23:44:19.926+0000] {logging_mixin.py:190} INFO - [2025-04-25T23:44:19.925+0000] {dag.py:4180} INFO - Setting next_dagrun for example_complex to None, run_after=None
[2025-04-25T23:44:19.960+0000] {processor.py:208} INFO - Processing /home/airflow/.local/lib/python3.12/site-packages/airflow/example_dags/example_complex.py took 0.142 seconds
[2025-04-25T23:44:50.034+0000] {processor.py:186} INFO - Started process (PID=908) to work on /home/airflow/.local/lib/python3.12/site-packages/airflow/example_dags/example_complex.py
[2025-04-25T23:44:50.036+0000] {processor.py:914} INFO - Processing file /home/airflow/.local/lib/python3.12/site-packages/airflow/example_dags/example_complex.py for tasks to queue
[2025-04-25T23:44:50.039+0000] {logging_mixin.py:190} INFO - [2025-04-25T23:44:50.039+0000] {dagbag.py:588} INFO - Filling up the DagBag from /home/airflow/.local/lib/python3.12/site-packages/airflow/example_dags/example_complex.py
[2025-04-25T23:44:50.058+0000] {processor.py:925} INFO - DAG(s) 'example_complex' retrieved from /home/airflow/.local/lib/python3.12/site-packages/airflow/example_dags/example_complex.py
[2025-04-25T23:44:50.115+0000] {logging_mixin.py:190} INFO - [2025-04-25T23:44:50.115+0000] {dag.py:3239} INFO - Sync 1 DAGs
[2025-04-25T23:44:50.135+0000] {logging_mixin.py:190} INFO - [2025-04-25T23:44:50.135+0000] {dag.py:4180} INFO - Setting next_dagrun for example_complex to None, run_after=None
[2025-04-25T23:44:50.166+0000] {processor.py:208} INFO - Processing /home/airflow/.local/lib/python3.12/site-packages/airflow/example_dags/example_complex.py took 0.140 seconds
[2025-04-25T23:45:20.668+0000] {processor.py:186} INFO - Started process (PID=971) to work on /home/airflow/.local/lib/python3.12/site-packages/airflow/example_dags/example_complex.py
[2025-04-25T23:45:20.672+0000] {processor.py:914} INFO - Processing file /home/airflow/.local/lib/python3.12/site-packages/airflow/example_dags/example_complex.py for tasks to queue
[2025-04-25T23:45:20.674+0000] {logging_mixin.py:190} INFO - [2025-04-25T23:45:20.674+0000] {dagbag.py:588} INFO - Filling up the DagBag from /home/airflow/.local/lib/python3.12/site-packages/airflow/example_dags/example_complex.py
[2025-04-25T23:45:20.694+0000] {processor.py:925} INFO - DAG(s) 'example_complex' retrieved from /home/airflow/.local/lib/python3.12/site-packages/airflow/example_dags/example_complex.py
[2025-04-25T23:45:20.747+0000] {logging_mixin.py:190} INFO - [2025-04-25T23:45:20.747+0000] {dag.py:3239} INFO - Sync 1 DAGs
[2025-04-25T23:45:20.771+0000] {logging_mixin.py:190} INFO - [2025-04-25T23:45:20.770+0000] {dag.py:4180} INFO - Setting next_dagrun for example_complex to None, run_after=None
[2025-04-25T23:45:20.799+0000] {processor.py:208} INFO - Processing /home/airflow/.local/lib/python3.12/site-packages/airflow/example_dags/example_complex.py took 0.140 seconds
[2025-04-25T23:45:51.318+0000] {processor.py:186} INFO - Started process (PID=1034) to work on /home/airflow/.local/lib/python3.12/site-packages/airflow/example_dags/example_complex.py
[2025-04-25T23:45:51.320+0000] {processor.py:914} INFO - Processing file /home/airflow/.local/lib/python3.12/site-packages/airflow/example_dags/example_complex.py for tasks to queue
[2025-04-25T23:45:51.325+0000] {logging_mixin.py:190} INFO - [2025-04-25T23:45:51.324+0000] {dagbag.py:588} INFO - Filling up the DagBag from /home/airflow/.local/lib/python3.12/site-packages/airflow/example_dags/example_complex.py
[2025-04-25T23:45:51.380+0000] {processor.py:925} INFO - DAG(s) 'example_complex' retrieved from /home/airflow/.local/lib/python3.12/site-packages/airflow/example_dags/example_complex.py
[2025-04-25T23:45:51.456+0000] {logging_mixin.py:190} INFO - [2025-04-25T23:45:51.456+0000] {dag.py:3239} INFO - Sync 1 DAGs
[2025-04-25T23:45:51.492+0000] {logging_mixin.py:190} INFO - [2025-04-25T23:45:51.491+0000] {dag.py:4180} INFO - Setting next_dagrun for example_complex to None, run_after=None
[2025-04-25T23:45:51.542+0000] {processor.py:208} INFO - Processing /home/airflow/.local/lib/python3.12/site-packages/airflow/example_dags/example_complex.py took 0.239 seconds
[2025-04-25T23:46:21.930+0000] {processor.py:186} INFO - Started process (PID=1095) to work on /home/airflow/.local/lib/python3.12/site-packages/airflow/example_dags/example_complex.py
[2025-04-25T23:46:21.931+0000] {processor.py:914} INFO - Processing file /home/airflow/.local/lib/python3.12/site-packages/airflow/example_dags/example_complex.py for tasks to queue
[2025-04-25T23:46:21.936+0000] {logging_mixin.py:190} INFO - [2025-04-25T23:46:21.936+0000] {dagbag.py:588} INFO - Filling up the DagBag from /home/airflow/.local/lib/python3.12/site-packages/airflow/example_dags/example_complex.py
[2025-04-25T23:46:22.012+0000] {processor.py:925} INFO - DAG(s) 'example_complex' retrieved from /home/airflow/.local/lib/python3.12/site-packages/airflow/example_dags/example_complex.py
[2025-04-25T23:46:22.175+0000] {logging_mixin.py:190} INFO - [2025-04-25T23:46:22.174+0000] {dag.py:3239} INFO - Sync 1 DAGs
[2025-04-25T23:46:22.231+0000] {logging_mixin.py:190} INFO - [2025-04-25T23:46:22.230+0000] {dag.py:4180} INFO - Setting next_dagrun for example_complex to None, run_after=None
[2025-04-25T23:46:22.287+0000] {processor.py:208} INFO - Processing /home/airflow/.local/lib/python3.12/site-packages/airflow/example_dags/example_complex.py took 0.370 seconds
[2025-04-25T23:46:59.498+0000] {processor.py:186} INFO - Started process (PID=1164) to work on /home/airflow/.local/lib/python3.12/site-packages/airflow/example_dags/example_complex.py
[2025-04-25T23:46:59.499+0000] {processor.py:914} INFO - Processing file /home/airflow/.local/lib/python3.12/site-packages/airflow/example_dags/example_complex.py for tasks to queue
[2025-04-25T23:46:59.503+0000] {logging_mixin.py:190} INFO - [2025-04-25T23:46:59.503+0000] {dagbag.py:588} INFO - Filling up the DagBag from /home/airflow/.local/lib/python3.12/site-packages/airflow/example_dags/example_complex.py
[2025-04-25T23:46:59.523+0000] {processor.py:925} INFO - DAG(s) 'example_complex' retrieved from /home/airflow/.local/lib/python3.12/site-packages/airflow/example_dags/example_complex.py
[2025-04-25T23:46:59.609+0000] {logging_mixin.py:190} INFO - [2025-04-25T23:46:59.609+0000] {dag.py:3239} INFO - Sync 1 DAGs
[2025-04-25T23:46:59.645+0000] {logging_mixin.py:190} INFO - [2025-04-25T23:46:59.645+0000] {dag.py:4180} INFO - Setting next_dagrun for example_complex to None, run_after=None
[2025-04-25T23:46:59.689+0000] {processor.py:208} INFO - Processing /home/airflow/.local/lib/python3.12/site-packages/airflow/example_dags/example_complex.py took 0.203 seconds
[2025-04-25T23:47:30.548+0000] {processor.py:186} INFO - Started process (PID=1225) to work on /home/airflow/.local/lib/python3.12/site-packages/airflow/example_dags/example_complex.py
[2025-04-25T23:47:30.550+0000] {processor.py:914} INFO - Processing file /home/airflow/.local/lib/python3.12/site-packages/airflow/example_dags/example_complex.py for tasks to queue
[2025-04-25T23:47:30.560+0000] {logging_mixin.py:190} INFO - [2025-04-25T23:47:30.557+0000] {dagbag.py:588} INFO - Filling up the DagBag from /home/airflow/.local/lib/python3.12/site-packages/airflow/example_dags/example_complex.py
[2025-04-25T23:47:30.593+0000] {processor.py:925} INFO - DAG(s) 'example_complex' retrieved from /home/airflow/.local/lib/python3.12/site-packages/airflow/example_dags/example_complex.py
[2025-04-25T23:47:30.736+0000] {logging_mixin.py:190} INFO - [2025-04-25T23:47:30.735+0000] {dag.py:3239} INFO - Sync 1 DAGs
[2025-04-25T23:47:30.774+0000] {logging_mixin.py:190} INFO - [2025-04-25T23:47:30.774+0000] {dag.py:4180} INFO - Setting next_dagrun for example_complex to None, run_after=None
[2025-04-25T23:47:30.821+0000] {processor.py:208} INFO - Processing /home/airflow/.local/lib/python3.12/site-packages/airflow/example_dags/example_complex.py took 0.286 seconds
[2025-04-25T23:48:01.571+0000] {processor.py:186} INFO - Started process (PID=1285) to work on /home/airflow/.local/lib/python3.12/site-packages/airflow/example_dags/example_complex.py
[2025-04-25T23:48:01.572+0000] {processor.py:914} INFO - Processing file /home/airflow/.local/lib/python3.12/site-packages/airflow/example_dags/example_complex.py for tasks to queue
[2025-04-25T23:48:01.574+0000] {logging_mixin.py:190} INFO - [2025-04-25T23:48:01.574+0000] {dagbag.py:588} INFO - Filling up the DagBag from /home/airflow/.local/lib/python3.12/site-packages/airflow/example_dags/example_complex.py
[2025-04-25T23:48:01.590+0000] {processor.py:925} INFO - DAG(s) 'example_complex' retrieved from /home/airflow/.local/lib/python3.12/site-packages/airflow/example_dags/example_complex.py
[2025-04-25T23:48:01.629+0000] {logging_mixin.py:190} INFO - [2025-04-25T23:48:01.629+0000] {dag.py:3239} INFO - Sync 1 DAGs
[2025-04-25T23:48:01.647+0000] {logging_mixin.py:190} INFO - [2025-04-25T23:48:01.647+0000] {dag.py:4180} INFO - Setting next_dagrun for example_complex to None, run_after=None
[2025-04-25T23:48:01.670+0000] {processor.py:208} INFO - Processing /home/airflow/.local/lib/python3.12/site-packages/airflow/example_dags/example_complex.py took 0.107 seconds
[2025-04-25T23:48:33.050+0000] {processor.py:186} INFO - Started process (PID=1346) to work on /home/airflow/.local/lib/python3.12/site-packages/airflow/example_dags/example_complex.py
[2025-04-25T23:48:33.051+0000] {processor.py:914} INFO - Processing file /home/airflow/.local/lib/python3.12/site-packages/airflow/example_dags/example_complex.py for tasks to queue
[2025-04-25T23:48:33.053+0000] {logging_mixin.py:190} INFO - [2025-04-25T23:48:33.053+0000] {dagbag.py:588} INFO - Filling up the DagBag from /home/airflow/.local/lib/python3.12/site-packages/airflow/example_dags/example_complex.py
[2025-04-25T23:48:33.071+0000] {processor.py:925} INFO - DAG(s) 'example_complex' retrieved from /home/airflow/.local/lib/python3.12/site-packages/airflow/example_dags/example_complex.py
[2025-04-25T23:48:33.112+0000] {logging_mixin.py:190} INFO - [2025-04-25T23:48:33.112+0000] {dag.py:3239} INFO - Sync 1 DAGs
[2025-04-25T23:48:33.131+0000] {logging_mixin.py:190} INFO - [2025-04-25T23:48:33.131+0000] {dag.py:4180} INFO - Setting next_dagrun for example_complex to None, run_after=None
[2025-04-25T23:48:33.153+0000] {processor.py:208} INFO - Processing /home/airflow/.local/lib/python3.12/site-packages/airflow/example_dags/example_complex.py took 0.113 seconds
[2025-04-25T23:49:04.393+0000] {processor.py:186} INFO - Started process (PID=1405) to work on /home/airflow/.local/lib/python3.12/site-packages/airflow/example_dags/example_complex.py
[2025-04-25T23:49:04.397+0000] {processor.py:914} INFO - Processing file /home/airflow/.local/lib/python3.12/site-packages/airflow/example_dags/example_complex.py for tasks to queue
[2025-04-25T23:49:04.413+0000] {logging_mixin.py:190} INFO - [2025-04-25T23:49:04.412+0000] {dagbag.py:588} INFO - Filling up the DagBag from /home/airflow/.local/lib/python3.12/site-packages/airflow/example_dags/example_complex.py
[2025-04-25T23:49:04.582+0000] {processor.py:925} INFO - DAG(s) 'example_complex' retrieved from /home/airflow/.local/lib/python3.12/site-packages/airflow/example_dags/example_complex.py
[2025-04-25T23:49:04.914+0000] {logging_mixin.py:190} INFO - [2025-04-25T23:49:04.914+0000] {dag.py:3239} INFO - Sync 1 DAGs
[2025-04-25T23:49:05.024+0000] {logging_mixin.py:190} INFO - [2025-04-25T23:49:05.024+0000] {dag.py:4180} INFO - Setting next_dagrun for example_complex to None, run_after=None
[2025-04-25T23:49:05.095+0000] {processor.py:208} INFO - Processing /home/airflow/.local/lib/python3.12/site-packages/airflow/example_dags/example_complex.py took 0.781 seconds
[2025-04-25T23:49:35.773+0000] {processor.py:186} INFO - Started process (PID=1468) to work on /home/airflow/.local/lib/python3.12/site-packages/airflow/example_dags/example_complex.py
[2025-04-25T23:49:35.775+0000] {processor.py:914} INFO - Processing file /home/airflow/.local/lib/python3.12/site-packages/airflow/example_dags/example_complex.py for tasks to queue
[2025-04-25T23:49:35.778+0000] {logging_mixin.py:190} INFO - [2025-04-25T23:49:35.778+0000] {dagbag.py:588} INFO - Filling up the DagBag from /home/airflow/.local/lib/python3.12/site-packages/airflow/example_dags/example_complex.py
[2025-04-25T23:49:35.806+0000] {processor.py:925} INFO - DAG(s) 'example_complex' retrieved from /home/airflow/.local/lib/python3.12/site-packages/airflow/example_dags/example_complex.py
[2025-04-25T23:49:35.873+0000] {logging_mixin.py:190} INFO - [2025-04-25T23:49:35.873+0000] {dag.py:3239} INFO - Sync 1 DAGs
[2025-04-25T23:49:35.904+0000] {logging_mixin.py:190} INFO - [2025-04-25T23:49:35.904+0000] {dag.py:4180} INFO - Setting next_dagrun for example_complex to None, run_after=None
[2025-04-25T23:49:35.955+0000] {processor.py:208} INFO - Processing /home/airflow/.local/lib/python3.12/site-packages/airflow/example_dags/example_complex.py took 0.200 seconds
[2025-04-25T23:50:06.572+0000] {processor.py:186} INFO - Started process (PID=1532) to work on /home/airflow/.local/lib/python3.12/site-packages/airflow/example_dags/example_complex.py
[2025-04-25T23:50:06.586+0000] {processor.py:914} INFO - Processing file /home/airflow/.local/lib/python3.12/site-packages/airflow/example_dags/example_complex.py for tasks to queue
[2025-04-25T23:50:06.659+0000] {logging_mixin.py:190} INFO - [2025-04-25T23:50:06.656+0000] {dagbag.py:588} INFO - Filling up the DagBag from /home/airflow/.local/lib/python3.12/site-packages/airflow/example_dags/example_complex.py
[2025-04-25T23:50:06.951+0000] {processor.py:925} INFO - DAG(s) 'example_complex' retrieved from /home/airflow/.local/lib/python3.12/site-packages/airflow/example_dags/example_complex.py
[2025-04-25T23:50:07.449+0000] {logging_mixin.py:190} INFO - [2025-04-25T23:50:07.446+0000] {dag.py:3239} INFO - Sync 1 DAGs
[2025-04-25T23:50:07.663+0000] {logging_mixin.py:190} INFO - [2025-04-25T23:50:07.662+0000] {dag.py:4180} INFO - Setting next_dagrun for example_complex to None, run_after=None
[2025-04-25T23:50:07.707+0000] {processor.py:208} INFO - Processing /home/airflow/.local/lib/python3.12/site-packages/airflow/example_dags/example_complex.py took 1.328 seconds
[2025-04-25T23:50:37.841+0000] {processor.py:186} INFO - Started process (PID=1594) to work on /home/airflow/.local/lib/python3.12/site-packages/airflow/example_dags/example_complex.py
[2025-04-25T23:50:37.844+0000] {processor.py:914} INFO - Processing file /home/airflow/.local/lib/python3.12/site-packages/airflow/example_dags/example_complex.py for tasks to queue
[2025-04-25T23:50:37.849+0000] {logging_mixin.py:190} INFO - [2025-04-25T23:50:37.848+0000] {dagbag.py:588} INFO - Filling up the DagBag from /home/airflow/.local/lib/python3.12/site-packages/airflow/example_dags/example_complex.py
[2025-04-25T23:50:37.869+0000] {processor.py:925} INFO - DAG(s) 'example_complex' retrieved from /home/airflow/.local/lib/python3.12/site-packages/airflow/example_dags/example_complex.py
[2025-04-25T23:50:37.941+0000] {logging_mixin.py:190} INFO - [2025-04-25T23:50:37.940+0000] {dag.py:3239} INFO - Sync 1 DAGs
[2025-04-25T23:50:37.973+0000] {logging_mixin.py:190} INFO - [2025-04-25T23:50:37.972+0000] {dag.py:4180} INFO - Setting next_dagrun for example_complex to None, run_after=None
[2025-04-25T23:50:38.025+0000] {processor.py:208} INFO - Processing /home/airflow/.local/lib/python3.12/site-packages/airflow/example_dags/example_complex.py took 0.192 seconds
[2025-04-25T23:51:08.405+0000] {processor.py:186} INFO - Started process (PID=1657) to work on /home/airflow/.local/lib/python3.12/site-packages/airflow/example_dags/example_complex.py
[2025-04-25T23:51:08.411+0000] {processor.py:914} INFO - Processing file /home/airflow/.local/lib/python3.12/site-packages/airflow/example_dags/example_complex.py for tasks to queue
[2025-04-25T23:51:08.428+0000] {logging_mixin.py:190} INFO - [2025-04-25T23:51:08.427+0000] {dagbag.py:588} INFO - Filling up the DagBag from /home/airflow/.local/lib/python3.12/site-packages/airflow/example_dags/example_complex.py
[2025-04-25T23:51:08.542+0000] {processor.py:925} INFO - DAG(s) 'example_complex' retrieved from /home/airflow/.local/lib/python3.12/site-packages/airflow/example_dags/example_complex.py
[2025-04-25T23:51:10.628+0000] {logging_mixin.py:190} INFO - [2025-04-25T23:51:10.624+0000] {dag.py:3239} INFO - Sync 1 DAGs
[2025-04-25T23:51:11.317+0000] {logging_mixin.py:190} INFO - [2025-04-25T23:51:11.316+0000] {dag.py:4180} INFO - Setting next_dagrun for example_complex to None, run_after=None
[2025-04-25T23:51:11.408+0000] {processor.py:208} INFO - Processing /home/airflow/.local/lib/python3.12/site-packages/airflow/example_dags/example_complex.py took 3.614 seconds
[2025-04-25T23:51:41.939+0000] {processor.py:186} INFO - Started process (PID=1720) to work on /home/airflow/.local/lib/python3.12/site-packages/airflow/example_dags/example_complex.py
[2025-04-25T23:51:41.942+0000] {processor.py:914} INFO - Processing file /home/airflow/.local/lib/python3.12/site-packages/airflow/example_dags/example_complex.py for tasks to queue
[2025-04-25T23:51:41.947+0000] {logging_mixin.py:190} INFO - [2025-04-25T23:51:41.947+0000] {dagbag.py:588} INFO - Filling up the DagBag from /home/airflow/.local/lib/python3.12/site-packages/airflow/example_dags/example_complex.py
[2025-04-25T23:51:41.967+0000] {processor.py:925} INFO - DAG(s) 'example_complex' retrieved from /home/airflow/.local/lib/python3.12/site-packages/airflow/example_dags/example_complex.py
[2025-04-25T23:51:42.016+0000] {logging_mixin.py:190} INFO - [2025-04-25T23:51:42.015+0000] {dag.py:3239} INFO - Sync 1 DAGs
[2025-04-25T23:51:42.041+0000] {logging_mixin.py:190} INFO - [2025-04-25T23:51:42.041+0000] {dag.py:4180} INFO - Setting next_dagrun for example_complex to None, run_after=None
[2025-04-25T23:51:42.079+0000] {processor.py:208} INFO - Processing /home/airflow/.local/lib/python3.12/site-packages/airflow/example_dags/example_complex.py took 0.149 seconds
[2025-04-25T23:52:12.747+0000] {processor.py:186} INFO - Started process (PID=1783) to work on /home/airflow/.local/lib/python3.12/site-packages/airflow/example_dags/example_complex.py
[2025-04-25T23:52:12.749+0000] {processor.py:914} INFO - Processing file /home/airflow/.local/lib/python3.12/site-packages/airflow/example_dags/example_complex.py for tasks to queue
[2025-04-25T23:52:12.755+0000] {logging_mixin.py:190} INFO - [2025-04-25T23:52:12.754+0000] {dagbag.py:588} INFO - Filling up the DagBag from /home/airflow/.local/lib/python3.12/site-packages/airflow/example_dags/example_complex.py
[2025-04-25T23:52:12.797+0000] {processor.py:925} INFO - DAG(s) 'example_complex' retrieved from /home/airflow/.local/lib/python3.12/site-packages/airflow/example_dags/example_complex.py
[2025-04-25T23:52:12.888+0000] {logging_mixin.py:190} INFO - [2025-04-25T23:52:12.887+0000] {dag.py:3239} INFO - Sync 1 DAGs
[2025-04-25T23:52:12.918+0000] {logging_mixin.py:190} INFO - [2025-04-25T23:52:12.917+0000] {dag.py:4180} INFO - Setting next_dagrun for example_complex to None, run_after=None
[2025-04-25T23:52:12.970+0000] {processor.py:208} INFO - Processing /home/airflow/.local/lib/python3.12/site-packages/airflow/example_dags/example_complex.py took 0.231 seconds
[2025-04-25T23:52:43.486+0000] {processor.py:186} INFO - Started process (PID=1847) to work on /home/airflow/.local/lib/python3.12/site-packages/airflow/example_dags/example_complex.py
[2025-04-25T23:52:43.488+0000] {processor.py:914} INFO - Processing file /home/airflow/.local/lib/python3.12/site-packages/airflow/example_dags/example_complex.py for tasks to queue
[2025-04-25T23:52:43.496+0000] {logging_mixin.py:190} INFO - [2025-04-25T23:52:43.492+0000] {dagbag.py:588} INFO - Filling up the DagBag from /home/airflow/.local/lib/python3.12/site-packages/airflow/example_dags/example_complex.py
[2025-04-25T23:52:43.554+0000] {processor.py:925} INFO - DAG(s) 'example_complex' retrieved from /home/airflow/.local/lib/python3.12/site-packages/airflow/example_dags/example_complex.py
[2025-04-25T23:52:43.883+0000] {logging_mixin.py:190} INFO - [2025-04-25T23:52:43.883+0000] {dag.py:3239} INFO - Sync 1 DAGs
[2025-04-25T23:52:44.028+0000] {logging_mixin.py:190} INFO - [2025-04-25T23:52:44.027+0000] {dag.py:4180} INFO - Setting next_dagrun for example_complex to None, run_after=None
[2025-04-25T23:52:44.187+0000] {processor.py:208} INFO - Processing /home/airflow/.local/lib/python3.12/site-packages/airflow/example_dags/example_complex.py took 0.788 seconds
[2025-04-25T23:53:14.303+0000] {processor.py:186} INFO - Started process (PID=1911) to work on /home/airflow/.local/lib/python3.12/site-packages/airflow/example_dags/example_complex.py
[2025-04-25T23:53:14.308+0000] {processor.py:914} INFO - Processing file /home/airflow/.local/lib/python3.12/site-packages/airflow/example_dags/example_complex.py for tasks to queue
[2025-04-25T23:53:14.312+0000] {logging_mixin.py:190} INFO - [2025-04-25T23:53:14.312+0000] {dagbag.py:588} INFO - Filling up the DagBag from /home/airflow/.local/lib/python3.12/site-packages/airflow/example_dags/example_complex.py
[2025-04-25T23:53:14.334+0000] {processor.py:925} INFO - DAG(s) 'example_complex' retrieved from /home/airflow/.local/lib/python3.12/site-packages/airflow/example_dags/example_complex.py
[2025-04-25T23:53:14.404+0000] {logging_mixin.py:190} INFO - [2025-04-25T23:53:14.404+0000] {dag.py:3239} INFO - Sync 1 DAGs
[2025-04-25T23:53:14.436+0000] {logging_mixin.py:190} INFO - [2025-04-25T23:53:14.436+0000] {dag.py:4180} INFO - Setting next_dagrun for example_complex to None, run_after=None
[2025-04-25T23:53:14.466+0000] {processor.py:208} INFO - Processing /home/airflow/.local/lib/python3.12/site-packages/airflow/example_dags/example_complex.py took 0.182 seconds
[2025-04-25T23:53:44.966+0000] {processor.py:186} INFO - Started process (PID=1976) to work on /home/airflow/.local/lib/python3.12/site-packages/airflow/example_dags/example_complex.py
[2025-04-25T23:53:44.967+0000] {processor.py:914} INFO - Processing file /home/airflow/.local/lib/python3.12/site-packages/airflow/example_dags/example_complex.py for tasks to queue
[2025-04-25T23:53:44.970+0000] {logging_mixin.py:190} INFO - [2025-04-25T23:53:44.970+0000] {dagbag.py:588} INFO - Filling up the DagBag from /home/airflow/.local/lib/python3.12/site-packages/airflow/example_dags/example_complex.py
[2025-04-25T23:53:44.991+0000] {processor.py:925} INFO - DAG(s) 'example_complex' retrieved from /home/airflow/.local/lib/python3.12/site-packages/airflow/example_dags/example_complex.py
[2025-04-25T23:53:45.043+0000] {logging_mixin.py:190} INFO - [2025-04-25T23:53:45.043+0000] {dag.py:3239} INFO - Sync 1 DAGs
[2025-04-25T23:53:45.065+0000] {logging_mixin.py:190} INFO - [2025-04-25T23:53:45.065+0000] {dag.py:4180} INFO - Setting next_dagrun for example_complex to None, run_after=None
[2025-04-25T23:53:45.099+0000] {processor.py:208} INFO - Processing /home/airflow/.local/lib/python3.12/site-packages/airflow/example_dags/example_complex.py took 0.140 seconds
[2025-04-25T23:54:15.854+0000] {processor.py:186} INFO - Started process (PID=2040) to work on /home/airflow/.local/lib/python3.12/site-packages/airflow/example_dags/example_complex.py
[2025-04-25T23:54:15.858+0000] {processor.py:914} INFO - Processing file /home/airflow/.local/lib/python3.12/site-packages/airflow/example_dags/example_complex.py for tasks to queue
[2025-04-25T23:54:15.872+0000] {logging_mixin.py:190} INFO - [2025-04-25T23:54:15.871+0000] {dagbag.py:588} INFO - Filling up the DagBag from /home/airflow/.local/lib/python3.12/site-packages/airflow/example_dags/example_complex.py
[2025-04-25T23:54:15.911+0000] {processor.py:925} INFO - DAG(s) 'example_complex' retrieved from /home/airflow/.local/lib/python3.12/site-packages/airflow/example_dags/example_complex.py
[2025-04-25T23:54:15.985+0000] {logging_mixin.py:190} INFO - [2025-04-25T23:54:15.984+0000] {dag.py:3239} INFO - Sync 1 DAGs
[2025-04-25T23:54:16.015+0000] {logging_mixin.py:190} INFO - [2025-04-25T23:54:16.014+0000] {dag.py:4180} INFO - Setting next_dagrun for example_complex to None, run_after=None
[2025-04-25T23:54:16.083+0000] {processor.py:208} INFO - Processing /home/airflow/.local/lib/python3.12/site-packages/airflow/example_dags/example_complex.py took 0.251 seconds
[2025-04-25T23:54:46.294+0000] {processor.py:186} INFO - Started process (PID=2104) to work on /home/airflow/.local/lib/python3.12/site-packages/airflow/example_dags/example_complex.py
[2025-04-25T23:54:46.297+0000] {processor.py:914} INFO - Processing file /home/airflow/.local/lib/python3.12/site-packages/airflow/example_dags/example_complex.py for tasks to queue
[2025-04-25T23:54:46.309+0000] {logging_mixin.py:190} INFO - [2025-04-25T23:54:46.309+0000] {dagbag.py:588} INFO - Filling up the DagBag from /home/airflow/.local/lib/python3.12/site-packages/airflow/example_dags/example_complex.py
[2025-04-25T23:54:46.359+0000] {processor.py:925} INFO - DAG(s) 'example_complex' retrieved from /home/airflow/.local/lib/python3.12/site-packages/airflow/example_dags/example_complex.py
[2025-04-25T23:54:46.441+0000] {logging_mixin.py:190} INFO - [2025-04-25T23:54:46.441+0000] {dag.py:3239} INFO - Sync 1 DAGs
[2025-04-25T23:54:46.469+0000] {logging_mixin.py:190} INFO - [2025-04-25T23:54:46.469+0000] {dag.py:4180} INFO - Setting next_dagrun for example_complex to None, run_after=None
[2025-04-25T23:54:46.512+0000] {processor.py:208} INFO - Processing /home/airflow/.local/lib/python3.12/site-packages/airflow/example_dags/example_complex.py took 0.236 seconds
[2025-04-25T23:55:17.579+0000] {processor.py:186} INFO - Started process (PID=2169) to work on /home/airflow/.local/lib/python3.12/site-packages/airflow/example_dags/example_complex.py
[2025-04-25T23:55:17.580+0000] {processor.py:914} INFO - Processing file /home/airflow/.local/lib/python3.12/site-packages/airflow/example_dags/example_complex.py for tasks to queue
[2025-04-25T23:55:17.583+0000] {logging_mixin.py:190} INFO - [2025-04-25T23:55:17.583+0000] {dagbag.py:588} INFO - Filling up the DagBag from /home/airflow/.local/lib/python3.12/site-packages/airflow/example_dags/example_complex.py
[2025-04-25T23:55:17.599+0000] {processor.py:925} INFO - DAG(s) 'example_complex' retrieved from /home/airflow/.local/lib/python3.12/site-packages/airflow/example_dags/example_complex.py
[2025-04-25T23:55:17.650+0000] {logging_mixin.py:190} INFO - [2025-04-25T23:55:17.650+0000] {dag.py:3239} INFO - Sync 1 DAGs
[2025-04-25T23:55:17.673+0000] {logging_mixin.py:190} INFO - [2025-04-25T23:55:17.673+0000] {dag.py:4180} INFO - Setting next_dagrun for example_complex to None, run_after=None
[2025-04-25T23:55:17.708+0000] {processor.py:208} INFO - Processing /home/airflow/.local/lib/python3.12/site-packages/airflow/example_dags/example_complex.py took 0.136 seconds
[2025-04-25T23:55:48.154+0000] {processor.py:186} INFO - Started process (PID=2233) to work on /home/airflow/.local/lib/python3.12/site-packages/airflow/example_dags/example_complex.py
[2025-04-25T23:55:48.156+0000] {processor.py:914} INFO - Processing file /home/airflow/.local/lib/python3.12/site-packages/airflow/example_dags/example_complex.py for tasks to queue
[2025-04-25T23:55:48.163+0000] {logging_mixin.py:190} INFO - [2025-04-25T23:55:48.162+0000] {dagbag.py:588} INFO - Filling up the DagBag from /home/airflow/.local/lib/python3.12/site-packages/airflow/example_dags/example_complex.py
[2025-04-25T23:55:48.197+0000] {processor.py:925} INFO - DAG(s) 'example_complex' retrieved from /home/airflow/.local/lib/python3.12/site-packages/airflow/example_dags/example_complex.py
[2025-04-25T23:55:48.392+0000] {logging_mixin.py:190} INFO - [2025-04-25T23:55:48.391+0000] {dag.py:3239} INFO - Sync 1 DAGs
[2025-04-25T23:55:48.436+0000] {logging_mixin.py:190} INFO - [2025-04-25T23:55:48.435+0000] {dag.py:4180} INFO - Setting next_dagrun for example_complex to None, run_after=None
[2025-04-25T23:55:48.487+0000] {processor.py:208} INFO - Processing /home/airflow/.local/lib/python3.12/site-packages/airflow/example_dags/example_complex.py took 0.346 seconds
[2025-04-25T23:56:18.656+0000] {processor.py:186} INFO - Started process (PID=2297) to work on /home/airflow/.local/lib/python3.12/site-packages/airflow/example_dags/example_complex.py
[2025-04-25T23:56:18.657+0000] {processor.py:914} INFO - Processing file /home/airflow/.local/lib/python3.12/site-packages/airflow/example_dags/example_complex.py for tasks to queue
[2025-04-25T23:56:18.660+0000] {logging_mixin.py:190} INFO - [2025-04-25T23:56:18.659+0000] {dagbag.py:588} INFO - Filling up the DagBag from /home/airflow/.local/lib/python3.12/site-packages/airflow/example_dags/example_complex.py
[2025-04-25T23:56:18.674+0000] {processor.py:925} INFO - DAG(s) 'example_complex' retrieved from /home/airflow/.local/lib/python3.12/site-packages/airflow/example_dags/example_complex.py
[2025-04-25T23:56:18.717+0000] {logging_mixin.py:190} INFO - [2025-04-25T23:56:18.717+0000] {dag.py:3239} INFO - Sync 1 DAGs
[2025-04-25T23:56:18.736+0000] {logging_mixin.py:190} INFO - [2025-04-25T23:56:18.736+0000] {dag.py:4180} INFO - Setting next_dagrun for example_complex to None, run_after=None
[2025-04-25T23:56:18.759+0000] {processor.py:208} INFO - Processing /home/airflow/.local/lib/python3.12/site-packages/airflow/example_dags/example_complex.py took 0.111 seconds
[2025-04-25T23:56:48.883+0000] {processor.py:186} INFO - Started process (PID=2360) to work on /home/airflow/.local/lib/python3.12/site-packages/airflow/example_dags/example_complex.py
[2025-04-25T23:56:48.886+0000] {processor.py:914} INFO - Processing file /home/airflow/.local/lib/python3.12/site-packages/airflow/example_dags/example_complex.py for tasks to queue
[2025-04-25T23:56:48.888+0000] {logging_mixin.py:190} INFO - [2025-04-25T23:56:48.887+0000] {dagbag.py:588} INFO - Filling up the DagBag from /home/airflow/.local/lib/python3.12/site-packages/airflow/example_dags/example_complex.py
[2025-04-25T23:56:48.913+0000] {processor.py:925} INFO - DAG(s) 'example_complex' retrieved from /home/airflow/.local/lib/python3.12/site-packages/airflow/example_dags/example_complex.py
[2025-04-25T23:56:48.961+0000] {logging_mixin.py:190} INFO - [2025-04-25T23:56:48.960+0000] {dag.py:3239} INFO - Sync 1 DAGs
[2025-04-25T23:56:48.984+0000] {logging_mixin.py:190} INFO - [2025-04-25T23:56:48.983+0000] {dag.py:4180} INFO - Setting next_dagrun for example_complex to None, run_after=None
[2025-04-25T23:56:49.016+0000] {processor.py:208} INFO - Processing /home/airflow/.local/lib/python3.12/site-packages/airflow/example_dags/example_complex.py took 0.142 seconds
[2025-04-25T23:57:19.346+0000] {processor.py:186} INFO - Started process (PID=2424) to work on /home/airflow/.local/lib/python3.12/site-packages/airflow/example_dags/example_complex.py
[2025-04-25T23:57:19.350+0000] {processor.py:914} INFO - Processing file /home/airflow/.local/lib/python3.12/site-packages/airflow/example_dags/example_complex.py for tasks to queue
[2025-04-25T23:57:19.351+0000] {logging_mixin.py:190} INFO - [2025-04-25T23:57:19.351+0000] {dagbag.py:588} INFO - Filling up the DagBag from /home/airflow/.local/lib/python3.12/site-packages/airflow/example_dags/example_complex.py
[2025-04-25T23:57:19.367+0000] {processor.py:925} INFO - DAG(s) 'example_complex' retrieved from /home/airflow/.local/lib/python3.12/site-packages/airflow/example_dags/example_complex.py
[2025-04-25T23:57:19.420+0000] {logging_mixin.py:190} INFO - [2025-04-25T23:57:19.419+0000] {dag.py:3239} INFO - Sync 1 DAGs
[2025-04-25T23:57:19.457+0000] {logging_mixin.py:190} INFO - [2025-04-25T23:57:19.457+0000] {dag.py:4180} INFO - Setting next_dagrun for example_complex to None, run_after=None
[2025-04-25T23:57:19.495+0000] {processor.py:208} INFO - Processing /home/airflow/.local/lib/python3.12/site-packages/airflow/example_dags/example_complex.py took 0.157 seconds
[2025-04-25T23:59:05.010+0000] {processor.py:186} INFO - Started process (PID=2503) to work on /home/airflow/.local/lib/python3.12/site-packages/airflow/example_dags/example_complex.py
[2025-04-25T23:59:05.013+0000] {processor.py:914} INFO - Processing file /home/airflow/.local/lib/python3.12/site-packages/airflow/example_dags/example_complex.py for tasks to queue
[2025-04-25T23:59:05.015+0000] {logging_mixin.py:190} INFO - [2025-04-25T23:59:05.014+0000] {dagbag.py:588} INFO - Filling up the DagBag from /home/airflow/.local/lib/python3.12/site-packages/airflow/example_dags/example_complex.py
[2025-04-25T23:59:05.042+0000] {processor.py:925} INFO - DAG(s) 'example_complex' retrieved from /home/airflow/.local/lib/python3.12/site-packages/airflow/example_dags/example_complex.py
[2025-04-25T23:59:05.115+0000] {logging_mixin.py:190} INFO - [2025-04-25T23:59:05.115+0000] {dag.py:3239} INFO - Sync 1 DAGs
[2025-04-25T23:59:05.148+0000] {logging_mixin.py:190} INFO - [2025-04-25T23:59:05.148+0000] {dag.py:4180} INFO - Setting next_dagrun for example_complex to None, run_after=None
[2025-04-25T23:59:05.182+0000] {processor.py:208} INFO - Processing /home/airflow/.local/lib/python3.12/site-packages/airflow/example_dags/example_complex.py took 0.181 seconds
[2025-04-25T23:59:37.133+0000] {processor.py:186} INFO - Started process (PID=2573) to work on /home/airflow/.local/lib/python3.12/site-packages/airflow/example_dags/example_complex.py
[2025-04-25T23:59:37.142+0000] {processor.py:914} INFO - Processing file /home/airflow/.local/lib/python3.12/site-packages/airflow/example_dags/example_complex.py for tasks to queue
[2025-04-25T23:59:37.145+0000] {logging_mixin.py:190} INFO - [2025-04-25T23:59:37.144+0000] {dagbag.py:588} INFO - Filling up the DagBag from /home/airflow/.local/lib/python3.12/site-packages/airflow/example_dags/example_complex.py
[2025-04-25T23:59:37.265+0000] {processor.py:925} INFO - DAG(s) 'example_complex' retrieved from /home/airflow/.local/lib/python3.12/site-packages/airflow/example_dags/example_complex.py
[2025-04-25T23:59:37.419+0000] {logging_mixin.py:190} INFO - [2025-04-25T23:59:37.419+0000] {dag.py:3239} INFO - Sync 1 DAGs
[2025-04-25T23:59:37.505+0000] {logging_mixin.py:190} INFO - [2025-04-25T23:59:37.505+0000] {dag.py:4180} INFO - Setting next_dagrun for example_complex to None, run_after=None
[2025-04-25T23:59:37.580+0000] {processor.py:208} INFO - Processing /home/airflow/.local/lib/python3.12/site-packages/airflow/example_dags/example_complex.py took 0.480 seconds
