[2025-04-25T23:32:15.075+0000] {processor.py:186} INFO - Started process (PID=105) to work on /home/airflow/.local/lib/python3.12/site-packages/airflow/example_dags/example_setup_teardown.py
[2025-04-25T23:32:15.082+0000] {processor.py:914} INFO - Processing file /home/airflow/.local/lib/python3.12/site-packages/airflow/example_dags/example_setup_teardown.py for tasks to queue
[2025-04-25T23:32:15.305+0000] {logging_mixin.py:190} INFO - [2025-04-25T23:32:15.302+0000] {dagbag.py:588} INFO - Filling up the DagBag from /home/airflow/.local/lib/python3.12/site-packages/airflow/example_dags/example_setup_teardown.py
[2025-04-25T23:32:15.537+0000] {processor.py:925} INFO - DAG(s) 'example_setup_teardown' retrieved from /home/airflow/.local/lib/python3.12/site-packages/airflow/example_dags/example_setup_teardown.py
[2025-04-25T23:32:16.905+0000] {logging_mixin.py:190} INFO - [2025-04-25T23:32:16.904+0000] {override.py:1911} INFO - Created Permission View: can delete on DAG:example_setup_teardown
[2025-04-25T23:32:16.963+0000] {logging_mixin.py:190} INFO - [2025-04-25T23:32:16.962+0000] {override.py:1911} INFO - Created Permission View: can read on DAG:example_setup_teardown
[2025-04-25T23:32:16.995+0000] {logging_mixin.py:190} INFO - [2025-04-25T23:32:16.984+0000] {override.py:1911} INFO - Created Permission View: can edit on DAG:example_setup_teardown
[2025-04-25T23:32:17.054+0000] {logging_mixin.py:190} INFO - [2025-04-25T23:32:17.053+0000] {override.py:1911} INFO - Created Permission View: can create on DAG Run:example_setup_teardown
[2025-04-25T23:32:17.153+0000] {logging_mixin.py:190} INFO - [2025-04-25T23:32:17.152+0000] {override.py:1911} INFO - Created Permission View: can delete on DAG Run:example_setup_teardown
[2025-04-25T23:32:17.213+0000] {logging_mixin.py:190} INFO - [2025-04-25T23:32:17.208+0000] {override.py:1911} INFO - Created Permission View: can read on DAG Run:example_setup_teardown
[2025-04-25T23:32:17.383+0000] {logging_mixin.py:190} INFO - [2025-04-25T23:32:17.381+0000] {override.py:1911} INFO - Created Permission View: menu access on DAG Run:example_setup_teardown
[2025-04-25T23:32:17.411+0000] {logging_mixin.py:190} INFO - [2025-04-25T23:32:17.410+0000] {dag.py:3239} INFO - Sync 1 DAGs
[2025-04-25T23:32:17.793+0000] {logging_mixin.py:190} INFO - [2025-04-25T23:32:17.793+0000] {dag.py:3262} INFO - Creating ORM DAG for example_setup_teardown
[2025-04-25T23:32:17.795+0000] {logging_mixin.py:190} INFO - [2025-04-25T23:32:17.795+0000] {dag.py:4180} INFO - Setting next_dagrun for example_setup_teardown to None, run_after=None
[2025-04-25T23:32:17.859+0000] {processor.py:208} INFO - Processing /home/airflow/.local/lib/python3.12/site-packages/airflow/example_dags/example_setup_teardown.py took 3.162 seconds
[2025-04-25T23:33:45.761+0000] {processor.py:186} INFO - Started process (PID=180) to work on /home/airflow/.local/lib/python3.12/site-packages/airflow/example_dags/example_setup_teardown.py
[2025-04-25T23:33:45.769+0000] {processor.py:914} INFO - Processing file /home/airflow/.local/lib/python3.12/site-packages/airflow/example_dags/example_setup_teardown.py for tasks to queue
[2025-04-25T23:33:45.791+0000] {logging_mixin.py:190} INFO - [2025-04-25T23:33:45.790+0000] {dagbag.py:588} INFO - Filling up the DagBag from /home/airflow/.local/lib/python3.12/site-packages/airflow/example_dags/example_setup_teardown.py
[2025-04-25T23:33:45.816+0000] {processor.py:925} INFO - DAG(s) 'example_setup_teardown' retrieved from /home/airflow/.local/lib/python3.12/site-packages/airflow/example_dags/example_setup_teardown.py
[2025-04-25T23:33:46.016+0000] {logging_mixin.py:190} INFO - [2025-04-25T23:33:46.015+0000] {dag.py:3239} INFO - Sync 1 DAGs
[2025-04-25T23:33:46.081+0000] {logging_mixin.py:190} INFO - [2025-04-25T23:33:46.080+0000] {dag.py:4180} INFO - Setting next_dagrun for example_setup_teardown to None, run_after=None
[2025-04-25T23:33:46.122+0000] {processor.py:208} INFO - Processing /home/airflow/.local/lib/python3.12/site-packages/airflow/example_dags/example_setup_teardown.py took 0.399 seconds
[2025-04-25T23:34:44.521+0000] {processor.py:186} INFO - Started process (PID=242) to work on /home/airflow/.local/lib/python3.12/site-packages/airflow/example_dags/example_setup_teardown.py
[2025-04-25T23:34:44.582+0000] {processor.py:914} INFO - Processing file /home/airflow/.local/lib/python3.12/site-packages/airflow/example_dags/example_setup_teardown.py for tasks to queue
[2025-04-25T23:34:44.663+0000] {logging_mixin.py:190} INFO - [2025-04-25T23:34:44.661+0000] {dagbag.py:588} INFO - Filling up the DagBag from /home/airflow/.local/lib/python3.12/site-packages/airflow/example_dags/example_setup_teardown.py
[2025-04-25T23:34:45.032+0000] {processor.py:925} INFO - DAG(s) 'example_setup_teardown' retrieved from /home/airflow/.local/lib/python3.12/site-packages/airflow/example_dags/example_setup_teardown.py
[2025-04-25T23:34:45.662+0000] {logging_mixin.py:190} INFO - [2025-04-25T23:34:45.661+0000] {dag.py:3239} INFO - Sync 1 DAGs
[2025-04-25T23:34:46.513+0000] {logging_mixin.py:190} INFO - [2025-04-25T23:34:46.512+0000] {dag.py:4180} INFO - Setting next_dagrun for example_setup_teardown to None, run_after=None
[2025-04-25T23:34:47.034+0000] {processor.py:208} INFO - Processing /home/airflow/.local/lib/python3.12/site-packages/airflow/example_dags/example_setup_teardown.py took 3.306 seconds
[2025-04-25T23:37:21.954+0000] {processor.py:186} INFO - Started process (PID=87) to work on /home/airflow/.local/lib/python3.12/site-packages/airflow/example_dags/example_setup_teardown.py
[2025-04-25T23:37:21.966+0000] {processor.py:914} INFO - Processing file /home/airflow/.local/lib/python3.12/site-packages/airflow/example_dags/example_setup_teardown.py for tasks to queue
[2025-04-25T23:37:22.000+0000] {logging_mixin.py:190} INFO - [2025-04-25T23:37:21.999+0000] {dagbag.py:588} INFO - Filling up the DagBag from /home/airflow/.local/lib/python3.12/site-packages/airflow/example_dags/example_setup_teardown.py
[2025-04-25T23:37:22.058+0000] {processor.py:925} INFO - DAG(s) 'example_setup_teardown' retrieved from /home/airflow/.local/lib/python3.12/site-packages/airflow/example_dags/example_setup_teardown.py
[2025-04-25T23:37:22.110+0000] {logging_mixin.py:190} INFO - [2025-04-25T23:37:22.110+0000] {dag.py:3239} INFO - Sync 1 DAGs
[2025-04-25T23:37:22.174+0000] {logging_mixin.py:190} INFO - [2025-04-25T23:37:22.169+0000] {dag.py:4180} INFO - Setting next_dagrun for example_setup_teardown to None, run_after=None
[2025-04-25T23:37:22.275+0000] {processor.py:208} INFO - Processing /home/airflow/.local/lib/python3.12/site-packages/airflow/example_dags/example_setup_teardown.py took 0.359 seconds
[2025-04-25T23:38:08.078+0000] {processor.py:186} INFO - Started process (PID=150) to work on /home/airflow/.local/lib/python3.12/site-packages/airflow/example_dags/example_setup_teardown.py
[2025-04-25T23:38:08.080+0000] {processor.py:914} INFO - Processing file /home/airflow/.local/lib/python3.12/site-packages/airflow/example_dags/example_setup_teardown.py for tasks to queue
[2025-04-25T23:38:08.084+0000] {logging_mixin.py:190} INFO - [2025-04-25T23:38:08.083+0000] {dagbag.py:588} INFO - Filling up the DagBag from /home/airflow/.local/lib/python3.12/site-packages/airflow/example_dags/example_setup_teardown.py
[2025-04-25T23:38:08.097+0000] {processor.py:925} INFO - DAG(s) 'example_setup_teardown' retrieved from /home/airflow/.local/lib/python3.12/site-packages/airflow/example_dags/example_setup_teardown.py
[2025-04-25T23:38:08.134+0000] {logging_mixin.py:190} INFO - [2025-04-25T23:38:08.134+0000] {dag.py:3239} INFO - Sync 1 DAGs
[2025-04-25T23:38:08.158+0000] {logging_mixin.py:190} INFO - [2025-04-25T23:38:08.157+0000] {dag.py:4180} INFO - Setting next_dagrun for example_setup_teardown to None, run_after=None
[2025-04-25T23:38:08.190+0000] {processor.py:208} INFO - Processing /home/airflow/.local/lib/python3.12/site-packages/airflow/example_dags/example_setup_teardown.py took 0.124 seconds
[2025-04-25T23:38:47.632+0000] {processor.py:186} INFO - Started process (PID=212) to work on /home/airflow/.local/lib/python3.12/site-packages/airflow/example_dags/example_setup_teardown.py
[2025-04-25T23:38:47.634+0000] {processor.py:914} INFO - Processing file /home/airflow/.local/lib/python3.12/site-packages/airflow/example_dags/example_setup_teardown.py for tasks to queue
[2025-04-25T23:38:47.646+0000] {logging_mixin.py:190} INFO - [2025-04-25T23:38:47.640+0000] {dagbag.py:588} INFO - Filling up the DagBag from /home/airflow/.local/lib/python3.12/site-packages/airflow/example_dags/example_setup_teardown.py
[2025-04-25T23:38:47.678+0000] {processor.py:925} INFO - DAG(s) 'example_setup_teardown' retrieved from /home/airflow/.local/lib/python3.12/site-packages/airflow/example_dags/example_setup_teardown.py
[2025-04-25T23:38:47.738+0000] {logging_mixin.py:190} INFO - [2025-04-25T23:38:47.738+0000] {dag.py:3239} INFO - Sync 1 DAGs
[2025-04-25T23:38:47.768+0000] {logging_mixin.py:190} INFO - [2025-04-25T23:38:47.767+0000] {dag.py:4180} INFO - Setting next_dagrun for example_setup_teardown to None, run_after=None
[2025-04-25T23:38:47.820+0000] {processor.py:208} INFO - Processing /home/airflow/.local/lib/python3.12/site-packages/airflow/example_dags/example_setup_teardown.py took 0.199 seconds
[2025-04-25T23:39:18.894+0000] {processor.py:186} INFO - Started process (PID=275) to work on /home/airflow/.local/lib/python3.12/site-packages/airflow/example_dags/example_setup_teardown.py
[2025-04-25T23:39:18.897+0000] {processor.py:914} INFO - Processing file /home/airflow/.local/lib/python3.12/site-packages/airflow/example_dags/example_setup_teardown.py for tasks to queue
[2025-04-25T23:39:18.918+0000] {logging_mixin.py:190} INFO - [2025-04-25T23:39:18.916+0000] {dagbag.py:588} INFO - Filling up the DagBag from /home/airflow/.local/lib/python3.12/site-packages/airflow/example_dags/example_setup_teardown.py
[2025-04-25T23:39:18.950+0000] {processor.py:925} INFO - DAG(s) 'example_setup_teardown' retrieved from /home/airflow/.local/lib/python3.12/site-packages/airflow/example_dags/example_setup_teardown.py
[2025-04-25T23:39:19.158+0000] {logging_mixin.py:190} INFO - [2025-04-25T23:39:19.158+0000] {dag.py:3239} INFO - Sync 1 DAGs
[2025-04-25T23:39:19.186+0000] {logging_mixin.py:190} INFO - [2025-04-25T23:39:19.186+0000] {dag.py:4180} INFO - Setting next_dagrun for example_setup_teardown to None, run_after=None
[2025-04-25T23:39:19.222+0000] {processor.py:208} INFO - Processing /home/airflow/.local/lib/python3.12/site-packages/airflow/example_dags/example_setup_teardown.py took 0.341 seconds
[2025-04-25T23:39:59.273+0000] {processor.py:186} INFO - Started process (PID=344) to work on /home/airflow/.local/lib/python3.12/site-packages/airflow/example_dags/example_setup_teardown.py
[2025-04-25T23:39:59.281+0000] {processor.py:914} INFO - Processing file /home/airflow/.local/lib/python3.12/site-packages/airflow/example_dags/example_setup_teardown.py for tasks to queue
[2025-04-25T23:39:59.301+0000] {logging_mixin.py:190} INFO - [2025-04-25T23:39:59.299+0000] {dagbag.py:588} INFO - Filling up the DagBag from /home/airflow/.local/lib/python3.12/site-packages/airflow/example_dags/example_setup_teardown.py
[2025-04-25T23:39:59.393+0000] {processor.py:925} INFO - DAG(s) 'example_setup_teardown' retrieved from /home/airflow/.local/lib/python3.12/site-packages/airflow/example_dags/example_setup_teardown.py
[2025-04-25T23:39:59.723+0000] {logging_mixin.py:190} INFO - [2025-04-25T23:39:59.722+0000] {dag.py:3239} INFO - Sync 1 DAGs
[2025-04-25T23:39:59.906+0000] {logging_mixin.py:190} INFO - [2025-04-25T23:39:59.906+0000] {dag.py:4180} INFO - Setting next_dagrun for example_setup_teardown to None, run_after=None
[2025-04-25T23:40:00.082+0000] {processor.py:208} INFO - Processing /home/airflow/.local/lib/python3.12/site-packages/airflow/example_dags/example_setup_teardown.py took 0.900 seconds
[2025-04-25T23:40:33.713+0000] {processor.py:186} INFO - Started process (PID=407) to work on /home/airflow/.local/lib/python3.12/site-packages/airflow/example_dags/example_setup_teardown.py
[2025-04-25T23:40:33.714+0000] {processor.py:914} INFO - Processing file /home/airflow/.local/lib/python3.12/site-packages/airflow/example_dags/example_setup_teardown.py for tasks to queue
[2025-04-25T23:40:33.718+0000] {logging_mixin.py:190} INFO - [2025-04-25T23:40:33.717+0000] {dagbag.py:588} INFO - Filling up the DagBag from /home/airflow/.local/lib/python3.12/site-packages/airflow/example_dags/example_setup_teardown.py
[2025-04-25T23:40:33.730+0000] {processor.py:925} INFO - DAG(s) 'example_setup_teardown' retrieved from /home/airflow/.local/lib/python3.12/site-packages/airflow/example_dags/example_setup_teardown.py
[2025-04-25T23:40:33.778+0000] {logging_mixin.py:190} INFO - [2025-04-25T23:40:33.778+0000] {dag.py:3239} INFO - Sync 1 DAGs
[2025-04-25T23:40:33.798+0000] {logging_mixin.py:190} INFO - [2025-04-25T23:40:33.797+0000] {dag.py:4180} INFO - Setting next_dagrun for example_setup_teardown to None, run_after=None
[2025-04-25T23:40:33.826+0000] {processor.py:208} INFO - Processing /home/airflow/.local/lib/python3.12/site-packages/airflow/example_dags/example_setup_teardown.py took 0.121 seconds
[2025-04-25T23:41:06.997+0000] {processor.py:186} INFO - Started process (PID=470) to work on /home/airflow/.local/lib/python3.12/site-packages/airflow/example_dags/example_setup_teardown.py
[2025-04-25T23:41:07.001+0000] {processor.py:914} INFO - Processing file /home/airflow/.local/lib/python3.12/site-packages/airflow/example_dags/example_setup_teardown.py for tasks to queue
[2025-04-25T23:41:07.005+0000] {logging_mixin.py:190} INFO - [2025-04-25T23:41:07.005+0000] {dagbag.py:588} INFO - Filling up the DagBag from /home/airflow/.local/lib/python3.12/site-packages/airflow/example_dags/example_setup_teardown.py
[2025-04-25T23:41:07.016+0000] {processor.py:925} INFO - DAG(s) 'example_setup_teardown' retrieved from /home/airflow/.local/lib/python3.12/site-packages/airflow/example_dags/example_setup_teardown.py
[2025-04-25T23:41:07.061+0000] {logging_mixin.py:190} INFO - [2025-04-25T23:41:07.061+0000] {dag.py:3239} INFO - Sync 1 DAGs
[2025-04-25T23:41:07.084+0000] {logging_mixin.py:190} INFO - [2025-04-25T23:41:07.084+0000] {dag.py:4180} INFO - Setting next_dagrun for example_setup_teardown to None, run_after=None
[2025-04-25T23:41:07.114+0000] {processor.py:208} INFO - Processing /home/airflow/.local/lib/python3.12/site-packages/airflow/example_dags/example_setup_teardown.py took 0.128 seconds
[2025-04-25T23:41:38.026+0000] {processor.py:186} INFO - Started process (PID=532) to work on /home/airflow/.local/lib/python3.12/site-packages/airflow/example_dags/example_setup_teardown.py
[2025-04-25T23:41:38.027+0000] {processor.py:914} INFO - Processing file /home/airflow/.local/lib/python3.12/site-packages/airflow/example_dags/example_setup_teardown.py for tasks to queue
[2025-04-25T23:41:38.030+0000] {logging_mixin.py:190} INFO - [2025-04-25T23:41:38.029+0000] {dagbag.py:588} INFO - Filling up the DagBag from /home/airflow/.local/lib/python3.12/site-packages/airflow/example_dags/example_setup_teardown.py
[2025-04-25T23:41:38.042+0000] {processor.py:925} INFO - DAG(s) 'example_setup_teardown' retrieved from /home/airflow/.local/lib/python3.12/site-packages/airflow/example_dags/example_setup_teardown.py
[2025-04-25T23:41:38.075+0000] {logging_mixin.py:190} INFO - [2025-04-25T23:41:38.074+0000] {dag.py:3239} INFO - Sync 1 DAGs
[2025-04-25T23:41:38.095+0000] {logging_mixin.py:190} INFO - [2025-04-25T23:41:38.095+0000] {dag.py:4180} INFO - Setting next_dagrun for example_setup_teardown to None, run_after=None
[2025-04-25T23:41:38.129+0000] {processor.py:208} INFO - Processing /home/airflow/.local/lib/python3.12/site-packages/airflow/example_dags/example_setup_teardown.py took 0.111 seconds
[2025-04-25T23:42:10.023+0000] {processor.py:186} INFO - Started process (PID=595) to work on /home/airflow/.local/lib/python3.12/site-packages/airflow/example_dags/example_setup_teardown.py
[2025-04-25T23:42:10.024+0000] {processor.py:914} INFO - Processing file /home/airflow/.local/lib/python3.12/site-packages/airflow/example_dags/example_setup_teardown.py for tasks to queue
[2025-04-25T23:42:10.027+0000] {logging_mixin.py:190} INFO - [2025-04-25T23:42:10.027+0000] {dagbag.py:588} INFO - Filling up the DagBag from /home/airflow/.local/lib/python3.12/site-packages/airflow/example_dags/example_setup_teardown.py
[2025-04-25T23:42:10.040+0000] {processor.py:925} INFO - DAG(s) 'example_setup_teardown' retrieved from /home/airflow/.local/lib/python3.12/site-packages/airflow/example_dags/example_setup_teardown.py
[2025-04-25T23:42:10.073+0000] {logging_mixin.py:190} INFO - [2025-04-25T23:42:10.073+0000] {dag.py:3239} INFO - Sync 1 DAGs
[2025-04-25T23:42:10.094+0000] {logging_mixin.py:190} INFO - [2025-04-25T23:42:10.094+0000] {dag.py:4180} INFO - Setting next_dagrun for example_setup_teardown to None, run_after=None
[2025-04-25T23:42:10.127+0000] {processor.py:208} INFO - Processing /home/airflow/.local/lib/python3.12/site-packages/airflow/example_dags/example_setup_teardown.py took 0.112 seconds
[2025-04-25T23:42:41.108+0000] {processor.py:186} INFO - Started process (PID=658) to work on /home/airflow/.local/lib/python3.12/site-packages/airflow/example_dags/example_setup_teardown.py
[2025-04-25T23:42:41.109+0000] {processor.py:914} INFO - Processing file /home/airflow/.local/lib/python3.12/site-packages/airflow/example_dags/example_setup_teardown.py for tasks to queue
[2025-04-25T23:42:41.116+0000] {logging_mixin.py:190} INFO - [2025-04-25T23:42:41.116+0000] {dagbag.py:588} INFO - Filling up the DagBag from /home/airflow/.local/lib/python3.12/site-packages/airflow/example_dags/example_setup_teardown.py
[2025-04-25T23:42:41.130+0000] {processor.py:925} INFO - DAG(s) 'example_setup_teardown' retrieved from /home/airflow/.local/lib/python3.12/site-packages/airflow/example_dags/example_setup_teardown.py
[2025-04-25T23:42:41.170+0000] {logging_mixin.py:190} INFO - [2025-04-25T23:42:41.170+0000] {dag.py:3239} INFO - Sync 1 DAGs
[2025-04-25T23:42:41.209+0000] {logging_mixin.py:190} INFO - [2025-04-25T23:42:41.208+0000] {dag.py:4180} INFO - Setting next_dagrun for example_setup_teardown to None, run_after=None
[2025-04-25T23:42:41.243+0000] {processor.py:208} INFO - Processing /home/airflow/.local/lib/python3.12/site-packages/airflow/example_dags/example_setup_teardown.py took 0.142 seconds
[2025-04-25T23:43:17.768+0000] {processor.py:186} INFO - Started process (PID=721) to work on /home/airflow/.local/lib/python3.12/site-packages/airflow/example_dags/example_setup_teardown.py
[2025-04-25T23:43:17.778+0000] {processor.py:914} INFO - Processing file /home/airflow/.local/lib/python3.12/site-packages/airflow/example_dags/example_setup_teardown.py for tasks to queue
[2025-04-25T23:43:17.786+0000] {logging_mixin.py:190} INFO - [2025-04-25T23:43:17.786+0000] {dagbag.py:588} INFO - Filling up the DagBag from /home/airflow/.local/lib/python3.12/site-packages/airflow/example_dags/example_setup_teardown.py
[2025-04-25T23:43:17.821+0000] {processor.py:925} INFO - DAG(s) 'example_setup_teardown' retrieved from /home/airflow/.local/lib/python3.12/site-packages/airflow/example_dags/example_setup_teardown.py
[2025-04-25T23:43:17.925+0000] {logging_mixin.py:190} INFO - [2025-04-25T23:43:17.924+0000] {dag.py:3239} INFO - Sync 1 DAGs
[2025-04-25T23:43:17.981+0000] {logging_mixin.py:190} INFO - [2025-04-25T23:43:17.980+0000] {dag.py:4180} INFO - Setting next_dagrun for example_setup_teardown to None, run_after=None
[2025-04-25T23:43:18.075+0000] {processor.py:208} INFO - Processing /home/airflow/.local/lib/python3.12/site-packages/airflow/example_dags/example_setup_teardown.py took 0.321 seconds
[2025-04-25T23:43:48.930+0000] {processor.py:186} INFO - Started process (PID=784) to work on /home/airflow/.local/lib/python3.12/site-packages/airflow/example_dags/example_setup_teardown.py
[2025-04-25T23:43:48.944+0000] {processor.py:914} INFO - Processing file /home/airflow/.local/lib/python3.12/site-packages/airflow/example_dags/example_setup_teardown.py for tasks to queue
[2025-04-25T23:43:48.952+0000] {logging_mixin.py:190} INFO - [2025-04-25T23:43:48.951+0000] {dagbag.py:588} INFO - Filling up the DagBag from /home/airflow/.local/lib/python3.12/site-packages/airflow/example_dags/example_setup_teardown.py
[2025-04-25T23:43:48.969+0000] {processor.py:925} INFO - DAG(s) 'example_setup_teardown' retrieved from /home/airflow/.local/lib/python3.12/site-packages/airflow/example_dags/example_setup_teardown.py
[2025-04-25T23:43:49.027+0000] {logging_mixin.py:190} INFO - [2025-04-25T23:43:49.027+0000] {dag.py:3239} INFO - Sync 1 DAGs
[2025-04-25T23:43:49.060+0000] {logging_mixin.py:190} INFO - [2025-04-25T23:43:49.060+0000] {dag.py:4180} INFO - Setting next_dagrun for example_setup_teardown to None, run_after=None
[2025-04-25T23:43:49.096+0000] {processor.py:208} INFO - Processing /home/airflow/.local/lib/python3.12/site-packages/airflow/example_dags/example_setup_teardown.py took 0.212 seconds
[2025-04-25T23:44:19.841+0000] {processor.py:186} INFO - Started process (PID=846) to work on /home/airflow/.local/lib/python3.12/site-packages/airflow/example_dags/example_setup_teardown.py
[2025-04-25T23:44:19.843+0000] {processor.py:914} INFO - Processing file /home/airflow/.local/lib/python3.12/site-packages/airflow/example_dags/example_setup_teardown.py for tasks to queue
[2025-04-25T23:44:19.846+0000] {logging_mixin.py:190} INFO - [2025-04-25T23:44:19.845+0000] {dagbag.py:588} INFO - Filling up the DagBag from /home/airflow/.local/lib/python3.12/site-packages/airflow/example_dags/example_setup_teardown.py
[2025-04-25T23:44:19.857+0000] {processor.py:925} INFO - DAG(s) 'example_setup_teardown' retrieved from /home/airflow/.local/lib/python3.12/site-packages/airflow/example_dags/example_setup_teardown.py
[2025-04-25T23:44:19.894+0000] {logging_mixin.py:190} INFO - [2025-04-25T23:44:19.893+0000] {dag.py:3239} INFO - Sync 1 DAGs
[2025-04-25T23:44:19.917+0000] {logging_mixin.py:190} INFO - [2025-04-25T23:44:19.917+0000] {dag.py:4180} INFO - Setting next_dagrun for example_setup_teardown to None, run_after=None
[2025-04-25T23:44:19.952+0000] {processor.py:208} INFO - Processing /home/airflow/.local/lib/python3.12/site-packages/airflow/example_dags/example_setup_teardown.py took 0.118 seconds
[2025-04-25T23:44:50.045+0000] {processor.py:186} INFO - Started process (PID=909) to work on /home/airflow/.local/lib/python3.12/site-packages/airflow/example_dags/example_setup_teardown.py
[2025-04-25T23:44:50.048+0000] {processor.py:914} INFO - Processing file /home/airflow/.local/lib/python3.12/site-packages/airflow/example_dags/example_setup_teardown.py for tasks to queue
[2025-04-25T23:44:50.052+0000] {logging_mixin.py:190} INFO - [2025-04-25T23:44:50.051+0000] {dagbag.py:588} INFO - Filling up the DagBag from /home/airflow/.local/lib/python3.12/site-packages/airflow/example_dags/example_setup_teardown.py
[2025-04-25T23:44:50.069+0000] {processor.py:925} INFO - DAG(s) 'example_setup_teardown' retrieved from /home/airflow/.local/lib/python3.12/site-packages/airflow/example_dags/example_setup_teardown.py
[2025-04-25T23:44:50.100+0000] {logging_mixin.py:190} INFO - [2025-04-25T23:44:50.100+0000] {dag.py:3239} INFO - Sync 1 DAGs
[2025-04-25T23:44:50.119+0000] {logging_mixin.py:190} INFO - [2025-04-25T23:44:50.119+0000] {dag.py:4180} INFO - Setting next_dagrun for example_setup_teardown to None, run_after=None
[2025-04-25T23:44:50.152+0000] {processor.py:208} INFO - Processing /home/airflow/.local/lib/python3.12/site-packages/airflow/example_dags/example_setup_teardown.py took 0.116 seconds
[2025-04-25T23:45:20.675+0000] {processor.py:186} INFO - Started process (PID=972) to work on /home/airflow/.local/lib/python3.12/site-packages/airflow/example_dags/example_setup_teardown.py
[2025-04-25T23:45:20.677+0000] {processor.py:914} INFO - Processing file /home/airflow/.local/lib/python3.12/site-packages/airflow/example_dags/example_setup_teardown.py for tasks to queue
[2025-04-25T23:45:20.681+0000] {logging_mixin.py:190} INFO - [2025-04-25T23:45:20.681+0000] {dagbag.py:588} INFO - Filling up the DagBag from /home/airflow/.local/lib/python3.12/site-packages/airflow/example_dags/example_setup_teardown.py
[2025-04-25T23:45:20.697+0000] {processor.py:925} INFO - DAG(s) 'example_setup_teardown' retrieved from /home/airflow/.local/lib/python3.12/site-packages/airflow/example_dags/example_setup_teardown.py
[2025-04-25T23:45:20.732+0000] {logging_mixin.py:190} INFO - [2025-04-25T23:45:20.731+0000] {dag.py:3239} INFO - Sync 1 DAGs
[2025-04-25T23:45:20.755+0000] {logging_mixin.py:190} INFO - [2025-04-25T23:45:20.753+0000] {dag.py:4180} INFO - Setting next_dagrun for example_setup_teardown to None, run_after=None
[2025-04-25T23:45:20.781+0000] {processor.py:208} INFO - Processing /home/airflow/.local/lib/python3.12/site-packages/airflow/example_dags/example_setup_teardown.py took 0.117 seconds
[2025-04-25T23:45:51.612+0000] {processor.py:186} INFO - Started process (PID=1035) to work on /home/airflow/.local/lib/python3.12/site-packages/airflow/example_dags/example_setup_teardown.py
[2025-04-25T23:45:51.614+0000] {processor.py:914} INFO - Processing file /home/airflow/.local/lib/python3.12/site-packages/airflow/example_dags/example_setup_teardown.py for tasks to queue
[2025-04-25T23:45:51.620+0000] {logging_mixin.py:190} INFO - [2025-04-25T23:45:51.620+0000] {dagbag.py:588} INFO - Filling up the DagBag from /home/airflow/.local/lib/python3.12/site-packages/airflow/example_dags/example_setup_teardown.py
[2025-04-25T23:45:51.662+0000] {processor.py:925} INFO - DAG(s) 'example_setup_teardown' retrieved from /home/airflow/.local/lib/python3.12/site-packages/airflow/example_dags/example_setup_teardown.py
[2025-04-25T23:45:51.723+0000] {logging_mixin.py:190} INFO - [2025-04-25T23:45:51.722+0000] {dag.py:3239} INFO - Sync 1 DAGs
[2025-04-25T23:45:51.763+0000] {logging_mixin.py:190} INFO - [2025-04-25T23:45:51.762+0000] {dag.py:4180} INFO - Setting next_dagrun for example_setup_teardown to None, run_after=None
[2025-04-25T23:45:51.806+0000] {processor.py:208} INFO - Processing /home/airflow/.local/lib/python3.12/site-packages/airflow/example_dags/example_setup_teardown.py took 0.203 seconds
[2025-04-25T23:46:22.309+0000] {processor.py:186} INFO - Started process (PID=1096) to work on /home/airflow/.local/lib/python3.12/site-packages/airflow/example_dags/example_setup_teardown.py
[2025-04-25T23:46:22.315+0000] {processor.py:914} INFO - Processing file /home/airflow/.local/lib/python3.12/site-packages/airflow/example_dags/example_setup_teardown.py for tasks to queue
[2025-04-25T23:46:22.434+0000] {logging_mixin.py:190} INFO - [2025-04-25T23:46:22.434+0000] {dagbag.py:588} INFO - Filling up the DagBag from /home/airflow/.local/lib/python3.12/site-packages/airflow/example_dags/example_setup_teardown.py
[2025-04-25T23:46:22.472+0000] {processor.py:925} INFO - DAG(s) 'example_setup_teardown' retrieved from /home/airflow/.local/lib/python3.12/site-packages/airflow/example_dags/example_setup_teardown.py
[2025-04-25T23:46:22.540+0000] {logging_mixin.py:190} INFO - [2025-04-25T23:46:22.540+0000] {dag.py:3239} INFO - Sync 1 DAGs
[2025-04-25T23:46:22.623+0000] {logging_mixin.py:190} INFO - [2025-04-25T23:46:22.622+0000] {dag.py:4180} INFO - Setting next_dagrun for example_setup_teardown to None, run_after=None
[2025-04-25T23:46:22.691+0000] {processor.py:208} INFO - Processing /home/airflow/.local/lib/python3.12/site-packages/airflow/example_dags/example_setup_teardown.py took 0.403 seconds
[2025-04-25T23:46:59.742+0000] {processor.py:186} INFO - Started process (PID=1165) to work on /home/airflow/.local/lib/python3.12/site-packages/airflow/example_dags/example_setup_teardown.py
[2025-04-25T23:46:59.744+0000] {processor.py:914} INFO - Processing file /home/airflow/.local/lib/python3.12/site-packages/airflow/example_dags/example_setup_teardown.py for tasks to queue
[2025-04-25T23:46:59.748+0000] {logging_mixin.py:190} INFO - [2025-04-25T23:46:59.748+0000] {dagbag.py:588} INFO - Filling up the DagBag from /home/airflow/.local/lib/python3.12/site-packages/airflow/example_dags/example_setup_teardown.py
[2025-04-25T23:46:59.764+0000] {processor.py:925} INFO - DAG(s) 'example_setup_teardown' retrieved from /home/airflow/.local/lib/python3.12/site-packages/airflow/example_dags/example_setup_teardown.py
[2025-04-25T23:46:59.809+0000] {logging_mixin.py:190} INFO - [2025-04-25T23:46:59.808+0000] {dag.py:3239} INFO - Sync 1 DAGs
[2025-04-25T23:46:59.847+0000] {logging_mixin.py:190} INFO - [2025-04-25T23:46:59.846+0000] {dag.py:4180} INFO - Setting next_dagrun for example_setup_teardown to None, run_after=None
[2025-04-25T23:46:59.897+0000] {processor.py:208} INFO - Processing /home/airflow/.local/lib/python3.12/site-packages/airflow/example_dags/example_setup_teardown.py took 0.165 seconds
[2025-04-25T23:47:30.643+0000] {processor.py:186} INFO - Started process (PID=1226) to work on /home/airflow/.local/lib/python3.12/site-packages/airflow/example_dags/example_setup_teardown.py
[2025-04-25T23:47:30.647+0000] {processor.py:914} INFO - Processing file /home/airflow/.local/lib/python3.12/site-packages/airflow/example_dags/example_setup_teardown.py for tasks to queue
[2025-04-25T23:47:30.655+0000] {logging_mixin.py:190} INFO - [2025-04-25T23:47:30.654+0000] {dagbag.py:588} INFO - Filling up the DagBag from /home/airflow/.local/lib/python3.12/site-packages/airflow/example_dags/example_setup_teardown.py
[2025-04-25T23:47:30.685+0000] {processor.py:925} INFO - DAG(s) 'example_setup_teardown' retrieved from /home/airflow/.local/lib/python3.12/site-packages/airflow/example_dags/example_setup_teardown.py
[2025-04-25T23:47:30.766+0000] {logging_mixin.py:190} INFO - [2025-04-25T23:47:30.765+0000] {dag.py:3239} INFO - Sync 1 DAGs
[2025-04-25T23:47:30.810+0000] {logging_mixin.py:190} INFO - [2025-04-25T23:47:30.809+0000] {dag.py:4180} INFO - Setting next_dagrun for example_setup_teardown to None, run_after=None
[2025-04-25T23:47:31.025+0000] {processor.py:208} INFO - Processing /home/airflow/.local/lib/python3.12/site-packages/airflow/example_dags/example_setup_teardown.py took 0.401 seconds
[2025-04-25T23:48:01.702+0000] {processor.py:186} INFO - Started process (PID=1286) to work on /home/airflow/.local/lib/python3.12/site-packages/airflow/example_dags/example_setup_teardown.py
[2025-04-25T23:48:01.705+0000] {processor.py:914} INFO - Processing file /home/airflow/.local/lib/python3.12/site-packages/airflow/example_dags/example_setup_teardown.py for tasks to queue
[2025-04-25T23:48:01.708+0000] {logging_mixin.py:190} INFO - [2025-04-25T23:48:01.708+0000] {dagbag.py:588} INFO - Filling up the DagBag from /home/airflow/.local/lib/python3.12/site-packages/airflow/example_dags/example_setup_teardown.py
[2025-04-25T23:48:01.720+0000] {processor.py:925} INFO - DAG(s) 'example_setup_teardown' retrieved from /home/airflow/.local/lib/python3.12/site-packages/airflow/example_dags/example_setup_teardown.py
[2025-04-25T23:48:01.756+0000] {logging_mixin.py:190} INFO - [2025-04-25T23:48:01.756+0000] {dag.py:3239} INFO - Sync 1 DAGs
[2025-04-25T23:48:01.785+0000] {logging_mixin.py:190} INFO - [2025-04-25T23:48:01.784+0000] {dag.py:4180} INFO - Setting next_dagrun for example_setup_teardown to None, run_after=None
[2025-04-25T23:48:01.820+0000] {processor.py:208} INFO - Processing /home/airflow/.local/lib/python3.12/site-packages/airflow/example_dags/example_setup_teardown.py took 0.126 seconds
[2025-04-25T23:48:33.183+0000] {processor.py:186} INFO - Started process (PID=1347) to work on /home/airflow/.local/lib/python3.12/site-packages/airflow/example_dags/example_setup_teardown.py
[2025-04-25T23:48:33.185+0000] {processor.py:914} INFO - Processing file /home/airflow/.local/lib/python3.12/site-packages/airflow/example_dags/example_setup_teardown.py for tasks to queue
[2025-04-25T23:48:33.187+0000] {logging_mixin.py:190} INFO - [2025-04-25T23:48:33.187+0000] {dagbag.py:588} INFO - Filling up the DagBag from /home/airflow/.local/lib/python3.12/site-packages/airflow/example_dags/example_setup_teardown.py
[2025-04-25T23:48:33.201+0000] {processor.py:925} INFO - DAG(s) 'example_setup_teardown' retrieved from /home/airflow/.local/lib/python3.12/site-packages/airflow/example_dags/example_setup_teardown.py
[2025-04-25T23:48:33.241+0000] {logging_mixin.py:190} INFO - [2025-04-25T23:48:33.240+0000] {dag.py:3239} INFO - Sync 1 DAGs
[2025-04-25T23:48:33.264+0000] {logging_mixin.py:190} INFO - [2025-04-25T23:48:33.264+0000] {dag.py:4180} INFO - Setting next_dagrun for example_setup_teardown to None, run_after=None
[2025-04-25T23:48:33.300+0000] {processor.py:208} INFO - Processing /home/airflow/.local/lib/python3.12/site-packages/airflow/example_dags/example_setup_teardown.py took 0.124 seconds
[2025-04-25T23:49:04.690+0000] {processor.py:186} INFO - Started process (PID=1406) to work on /home/airflow/.local/lib/python3.12/site-packages/airflow/example_dags/example_setup_teardown.py
[2025-04-25T23:49:04.692+0000] {processor.py:914} INFO - Processing file /home/airflow/.local/lib/python3.12/site-packages/airflow/example_dags/example_setup_teardown.py for tasks to queue
[2025-04-25T23:49:04.717+0000] {logging_mixin.py:190} INFO - [2025-04-25T23:49:04.717+0000] {dagbag.py:588} INFO - Filling up the DagBag from /home/airflow/.local/lib/python3.12/site-packages/airflow/example_dags/example_setup_teardown.py
[2025-04-25T23:49:04.780+0000] {processor.py:925} INFO - DAG(s) 'example_setup_teardown' retrieved from /home/airflow/.local/lib/python3.12/site-packages/airflow/example_dags/example_setup_teardown.py
[2025-04-25T23:49:04.948+0000] {logging_mixin.py:190} INFO - [2025-04-25T23:49:04.948+0000] {dag.py:3239} INFO - Sync 1 DAGs
[2025-04-25T23:49:05.057+0000] {logging_mixin.py:190} INFO - [2025-04-25T23:49:05.056+0000] {dag.py:4180} INFO - Setting next_dagrun for example_setup_teardown to None, run_after=None
[2025-04-25T23:49:05.133+0000] {processor.py:208} INFO - Processing /home/airflow/.local/lib/python3.12/site-packages/airflow/example_dags/example_setup_teardown.py took 0.543 seconds
[2025-04-25T23:49:35.777+0000] {processor.py:186} INFO - Started process (PID=1469) to work on /home/airflow/.local/lib/python3.12/site-packages/airflow/example_dags/example_setup_teardown.py
[2025-04-25T23:49:35.778+0000] {processor.py:914} INFO - Processing file /home/airflow/.local/lib/python3.12/site-packages/airflow/example_dags/example_setup_teardown.py for tasks to queue
[2025-04-25T23:49:35.785+0000] {logging_mixin.py:190} INFO - [2025-04-25T23:49:35.784+0000] {dagbag.py:588} INFO - Filling up the DagBag from /home/airflow/.local/lib/python3.12/site-packages/airflow/example_dags/example_setup_teardown.py
[2025-04-25T23:49:35.807+0000] {processor.py:925} INFO - DAG(s) 'example_setup_teardown' retrieved from /home/airflow/.local/lib/python3.12/site-packages/airflow/example_dags/example_setup_teardown.py
[2025-04-25T23:49:35.860+0000] {logging_mixin.py:190} INFO - [2025-04-25T23:49:35.860+0000] {dag.py:3239} INFO - Sync 1 DAGs
[2025-04-25T23:49:35.886+0000] {logging_mixin.py:190} INFO - [2025-04-25T23:49:35.886+0000] {dag.py:4180} INFO - Setting next_dagrun for example_setup_teardown to None, run_after=None
[2025-04-25T23:49:35.927+0000] {processor.py:208} INFO - Processing /home/airflow/.local/lib/python3.12/site-packages/airflow/example_dags/example_setup_teardown.py took 0.159 seconds
[2025-04-25T23:50:07.707+0000] {processor.py:186} INFO - Started process (PID=1533) to work on /home/airflow/.local/lib/python3.12/site-packages/airflow/example_dags/example_setup_teardown.py
[2025-04-25T23:50:07.709+0000] {processor.py:914} INFO - Processing file /home/airflow/.local/lib/python3.12/site-packages/airflow/example_dags/example_setup_teardown.py for tasks to queue
[2025-04-25T23:50:07.714+0000] {logging_mixin.py:190} INFO - [2025-04-25T23:50:07.714+0000] {dagbag.py:588} INFO - Filling up the DagBag from /home/airflow/.local/lib/python3.12/site-packages/airflow/example_dags/example_setup_teardown.py
[2025-04-25T23:50:07.749+0000] {processor.py:925} INFO - DAG(s) 'example_setup_teardown' retrieved from /home/airflow/.local/lib/python3.12/site-packages/airflow/example_dags/example_setup_teardown.py
[2025-04-25T23:50:07.871+0000] {logging_mixin.py:190} INFO - [2025-04-25T23:50:07.871+0000] {dag.py:3239} INFO - Sync 1 DAGs
[2025-04-25T23:50:08.071+0000] {logging_mixin.py:190} INFO - [2025-04-25T23:50:08.071+0000] {dag.py:4180} INFO - Setting next_dagrun for example_setup_teardown to None, run_after=None
[2025-04-25T23:50:08.335+0000] {processor.py:208} INFO - Processing /home/airflow/.local/lib/python3.12/site-packages/airflow/example_dags/example_setup_teardown.py took 0.637 seconds
[2025-04-25T23:50:39.076+0000] {processor.py:186} INFO - Started process (PID=1595) to work on /home/airflow/.local/lib/python3.12/site-packages/airflow/example_dags/example_setup_teardown.py
[2025-04-25T23:50:39.081+0000] {processor.py:914} INFO - Processing file /home/airflow/.local/lib/python3.12/site-packages/airflow/example_dags/example_setup_teardown.py for tasks to queue
[2025-04-25T23:50:39.084+0000] {logging_mixin.py:190} INFO - [2025-04-25T23:50:39.084+0000] {dagbag.py:588} INFO - Filling up the DagBag from /home/airflow/.local/lib/python3.12/site-packages/airflow/example_dags/example_setup_teardown.py
[2025-04-25T23:50:39.104+0000] {processor.py:925} INFO - DAG(s) 'example_setup_teardown' retrieved from /home/airflow/.local/lib/python3.12/site-packages/airflow/example_dags/example_setup_teardown.py
[2025-04-25T23:50:39.138+0000] {logging_mixin.py:190} INFO - [2025-04-25T23:50:39.138+0000] {dag.py:3239} INFO - Sync 1 DAGs
[2025-04-25T23:50:39.159+0000] {logging_mixin.py:190} INFO - [2025-04-25T23:50:39.159+0000] {dag.py:4180} INFO - Setting next_dagrun for example_setup_teardown to None, run_after=None
[2025-04-25T23:50:39.193+0000] {processor.py:208} INFO - Processing /home/airflow/.local/lib/python3.12/site-packages/airflow/example_dags/example_setup_teardown.py took 0.132 seconds
[2025-04-25T23:51:11.779+0000] {processor.py:186} INFO - Started process (PID=1658) to work on /home/airflow/.local/lib/python3.12/site-packages/airflow/example_dags/example_setup_teardown.py
[2025-04-25T23:51:11.786+0000] {processor.py:914} INFO - Processing file /home/airflow/.local/lib/python3.12/site-packages/airflow/example_dags/example_setup_teardown.py for tasks to queue
[2025-04-25T23:51:11.805+0000] {logging_mixin.py:190} INFO - [2025-04-25T23:51:11.804+0000] {dagbag.py:588} INFO - Filling up the DagBag from /home/airflow/.local/lib/python3.12/site-packages/airflow/example_dags/example_setup_teardown.py
[2025-04-25T23:51:11.950+0000] {processor.py:925} INFO - DAG(s) 'example_setup_teardown' retrieved from /home/airflow/.local/lib/python3.12/site-packages/airflow/example_dags/example_setup_teardown.py
[2025-04-25T23:51:12.173+0000] {logging_mixin.py:190} INFO - [2025-04-25T23:51:12.168+0000] {dag.py:3239} INFO - Sync 1 DAGs
[2025-04-25T23:51:12.272+0000] {logging_mixin.py:190} INFO - [2025-04-25T23:51:12.272+0000] {dag.py:4180} INFO - Setting next_dagrun for example_setup_teardown to None, run_after=None
[2025-04-25T23:51:12.377+0000] {processor.py:208} INFO - Processing /home/airflow/.local/lib/python3.12/site-packages/airflow/example_dags/example_setup_teardown.py took 0.629 seconds
[2025-04-25T23:51:43.135+0000] {processor.py:186} INFO - Started process (PID=1721) to work on /home/airflow/.local/lib/python3.12/site-packages/airflow/example_dags/example_setup_teardown.py
[2025-04-25T23:51:43.139+0000] {processor.py:914} INFO - Processing file /home/airflow/.local/lib/python3.12/site-packages/airflow/example_dags/example_setup_teardown.py for tasks to queue
[2025-04-25T23:51:43.144+0000] {logging_mixin.py:190} INFO - [2025-04-25T23:51:43.144+0000] {dagbag.py:588} INFO - Filling up the DagBag from /home/airflow/.local/lib/python3.12/site-packages/airflow/example_dags/example_setup_teardown.py
[2025-04-25T23:51:43.154+0000] {processor.py:925} INFO - DAG(s) 'example_setup_teardown' retrieved from /home/airflow/.local/lib/python3.12/site-packages/airflow/example_dags/example_setup_teardown.py
[2025-04-25T23:51:43.181+0000] {logging_mixin.py:190} INFO - [2025-04-25T23:51:43.180+0000] {dag.py:3239} INFO - Sync 1 DAGs
[2025-04-25T23:51:43.199+0000] {logging_mixin.py:190} INFO - [2025-04-25T23:51:43.199+0000] {dag.py:4180} INFO - Setting next_dagrun for example_setup_teardown to None, run_after=None
[2025-04-25T23:51:43.231+0000] {processor.py:208} INFO - Processing /home/airflow/.local/lib/python3.12/site-packages/airflow/example_dags/example_setup_teardown.py took 0.106 seconds
[2025-04-25T23:52:14.089+0000] {processor.py:186} INFO - Started process (PID=1785) to work on /home/airflow/.local/lib/python3.12/site-packages/airflow/example_dags/example_setup_teardown.py
[2025-04-25T23:52:14.093+0000] {processor.py:914} INFO - Processing file /home/airflow/.local/lib/python3.12/site-packages/airflow/example_dags/example_setup_teardown.py for tasks to queue
[2025-04-25T23:52:14.097+0000] {logging_mixin.py:190} INFO - [2025-04-25T23:52:14.097+0000] {dagbag.py:588} INFO - Filling up the DagBag from /home/airflow/.local/lib/python3.12/site-packages/airflow/example_dags/example_setup_teardown.py
[2025-04-25T23:52:14.115+0000] {processor.py:925} INFO - DAG(s) 'example_setup_teardown' retrieved from /home/airflow/.local/lib/python3.12/site-packages/airflow/example_dags/example_setup_teardown.py
[2025-04-25T23:52:14.173+0000] {logging_mixin.py:190} INFO - [2025-04-25T23:52:14.173+0000] {dag.py:3239} INFO - Sync 1 DAGs
[2025-04-25T23:52:14.211+0000] {logging_mixin.py:190} INFO - [2025-04-25T23:52:14.210+0000] {dag.py:4180} INFO - Setting next_dagrun for example_setup_teardown to None, run_after=None
[2025-04-25T23:52:14.250+0000] {processor.py:208} INFO - Processing /home/airflow/.local/lib/python3.12/site-packages/airflow/example_dags/example_setup_teardown.py took 0.177 seconds
[2025-04-25T23:52:44.319+0000] {processor.py:186} INFO - Started process (PID=1848) to work on /home/airflow/.local/lib/python3.12/site-packages/airflow/example_dags/example_setup_teardown.py
[2025-04-25T23:52:44.321+0000] {processor.py:914} INFO - Processing file /home/airflow/.local/lib/python3.12/site-packages/airflow/example_dags/example_setup_teardown.py for tasks to queue
[2025-04-25T23:52:44.331+0000] {logging_mixin.py:190} INFO - [2025-04-25T23:52:44.330+0000] {dagbag.py:588} INFO - Filling up the DagBag from /home/airflow/.local/lib/python3.12/site-packages/airflow/example_dags/example_setup_teardown.py
[2025-04-25T23:52:44.346+0000] {processor.py:925} INFO - DAG(s) 'example_setup_teardown' retrieved from /home/airflow/.local/lib/python3.12/site-packages/airflow/example_dags/example_setup_teardown.py
[2025-04-25T23:52:44.390+0000] {logging_mixin.py:190} INFO - [2025-04-25T23:52:44.389+0000] {dag.py:3239} INFO - Sync 1 DAGs
[2025-04-25T23:52:44.407+0000] {logging_mixin.py:190} INFO - [2025-04-25T23:52:44.407+0000] {dag.py:4180} INFO - Setting next_dagrun for example_setup_teardown to None, run_after=None
[2025-04-25T23:52:44.474+0000] {processor.py:208} INFO - Processing /home/airflow/.local/lib/python3.12/site-packages/airflow/example_dags/example_setup_teardown.py took 0.167 seconds
[2025-04-25T23:53:14.526+0000] {processor.py:186} INFO - Started process (PID=1913) to work on /home/airflow/.local/lib/python3.12/site-packages/airflow/example_dags/example_setup_teardown.py
[2025-04-25T23:53:14.527+0000] {processor.py:914} INFO - Processing file /home/airflow/.local/lib/python3.12/site-packages/airflow/example_dags/example_setup_teardown.py for tasks to queue
[2025-04-25T23:53:14.533+0000] {logging_mixin.py:190} INFO - [2025-04-25T23:53:14.532+0000] {dagbag.py:588} INFO - Filling up the DagBag from /home/airflow/.local/lib/python3.12/site-packages/airflow/example_dags/example_setup_teardown.py
[2025-04-25T23:53:14.553+0000] {processor.py:925} INFO - DAG(s) 'example_setup_teardown' retrieved from /home/airflow/.local/lib/python3.12/site-packages/airflow/example_dags/example_setup_teardown.py
[2025-04-25T23:53:14.613+0000] {logging_mixin.py:190} INFO - [2025-04-25T23:53:14.613+0000] {dag.py:3239} INFO - Sync 1 DAGs
[2025-04-25T23:53:14.646+0000] {logging_mixin.py:190} INFO - [2025-04-25T23:53:14.645+0000] {dag.py:4180} INFO - Setting next_dagrun for example_setup_teardown to None, run_after=None
[2025-04-25T23:53:14.773+0000] {processor.py:208} INFO - Processing /home/airflow/.local/lib/python3.12/site-packages/airflow/example_dags/example_setup_teardown.py took 0.256 seconds
[2025-04-25T23:53:45.134+0000] {processor.py:186} INFO - Started process (PID=1977) to work on /home/airflow/.local/lib/python3.12/site-packages/airflow/example_dags/example_setup_teardown.py
[2025-04-25T23:53:45.135+0000] {processor.py:914} INFO - Processing file /home/airflow/.local/lib/python3.12/site-packages/airflow/example_dags/example_setup_teardown.py for tasks to queue
[2025-04-25T23:53:45.138+0000] {logging_mixin.py:190} INFO - [2025-04-25T23:53:45.138+0000] {dagbag.py:588} INFO - Filling up the DagBag from /home/airflow/.local/lib/python3.12/site-packages/airflow/example_dags/example_setup_teardown.py
[2025-04-25T23:53:45.149+0000] {processor.py:925} INFO - DAG(s) 'example_setup_teardown' retrieved from /home/airflow/.local/lib/python3.12/site-packages/airflow/example_dags/example_setup_teardown.py
[2025-04-25T23:53:45.173+0000] {logging_mixin.py:190} INFO - [2025-04-25T23:53:45.172+0000] {dag.py:3239} INFO - Sync 1 DAGs
[2025-04-25T23:53:45.193+0000] {logging_mixin.py:190} INFO - [2025-04-25T23:53:45.193+0000] {dag.py:4180} INFO - Setting next_dagrun for example_setup_teardown to None, run_after=None
[2025-04-25T23:53:45.225+0000] {processor.py:208} INFO - Processing /home/airflow/.local/lib/python3.12/site-packages/airflow/example_dags/example_setup_teardown.py took 0.098 seconds
[2025-04-25T23:54:16.243+0000] {processor.py:186} INFO - Started process (PID=2041) to work on /home/airflow/.local/lib/python3.12/site-packages/airflow/example_dags/example_setup_teardown.py
[2025-04-25T23:54:16.245+0000] {processor.py:914} INFO - Processing file /home/airflow/.local/lib/python3.12/site-packages/airflow/example_dags/example_setup_teardown.py for tasks to queue
[2025-04-25T23:54:16.250+0000] {logging_mixin.py:190} INFO - [2025-04-25T23:54:16.249+0000] {dagbag.py:588} INFO - Filling up the DagBag from /home/airflow/.local/lib/python3.12/site-packages/airflow/example_dags/example_setup_teardown.py
[2025-04-25T23:54:16.264+0000] {processor.py:925} INFO - DAG(s) 'example_setup_teardown' retrieved from /home/airflow/.local/lib/python3.12/site-packages/airflow/example_dags/example_setup_teardown.py
[2025-04-25T23:54:16.309+0000] {logging_mixin.py:190} INFO - [2025-04-25T23:54:16.309+0000] {dag.py:3239} INFO - Sync 1 DAGs
[2025-04-25T23:54:16.329+0000] {logging_mixin.py:190} INFO - [2025-04-25T23:54:16.329+0000] {dag.py:4180} INFO - Setting next_dagrun for example_setup_teardown to None, run_after=None
[2025-04-25T23:54:16.352+0000] {processor.py:208} INFO - Processing /home/airflow/.local/lib/python3.12/site-packages/airflow/example_dags/example_setup_teardown.py took 0.151 seconds
[2025-04-25T23:54:46.541+0000] {processor.py:186} INFO - Started process (PID=2105) to work on /home/airflow/.local/lib/python3.12/site-packages/airflow/example_dags/example_setup_teardown.py
[2025-04-25T23:54:46.542+0000] {processor.py:914} INFO - Processing file /home/airflow/.local/lib/python3.12/site-packages/airflow/example_dags/example_setup_teardown.py for tasks to queue
[2025-04-25T23:54:46.545+0000] {logging_mixin.py:190} INFO - [2025-04-25T23:54:46.545+0000] {dagbag.py:588} INFO - Filling up the DagBag from /home/airflow/.local/lib/python3.12/site-packages/airflow/example_dags/example_setup_teardown.py
[2025-04-25T23:54:46.561+0000] {processor.py:925} INFO - DAG(s) 'example_setup_teardown' retrieved from /home/airflow/.local/lib/python3.12/site-packages/airflow/example_dags/example_setup_teardown.py
[2025-04-25T23:54:46.598+0000] {logging_mixin.py:190} INFO - [2025-04-25T23:54:46.598+0000] {dag.py:3239} INFO - Sync 1 DAGs
[2025-04-25T23:54:46.624+0000] {logging_mixin.py:190} INFO - [2025-04-25T23:54:46.623+0000] {dag.py:4180} INFO - Setting next_dagrun for example_setup_teardown to None, run_after=None
[2025-04-25T23:54:46.663+0000] {processor.py:208} INFO - Processing /home/airflow/.local/lib/python3.12/site-packages/airflow/example_dags/example_setup_teardown.py took 0.138 seconds
[2025-04-25T23:55:17.597+0000] {processor.py:186} INFO - Started process (PID=2170) to work on /home/airflow/.local/lib/python3.12/site-packages/airflow/example_dags/example_setup_teardown.py
[2025-04-25T23:55:17.599+0000] {processor.py:914} INFO - Processing file /home/airflow/.local/lib/python3.12/site-packages/airflow/example_dags/example_setup_teardown.py for tasks to queue
[2025-04-25T23:55:17.605+0000] {logging_mixin.py:190} INFO - [2025-04-25T23:55:17.604+0000] {dagbag.py:588} INFO - Filling up the DagBag from /home/airflow/.local/lib/python3.12/site-packages/airflow/example_dags/example_setup_teardown.py
[2025-04-25T23:55:17.619+0000] {processor.py:925} INFO - DAG(s) 'example_setup_teardown' retrieved from /home/airflow/.local/lib/python3.12/site-packages/airflow/example_dags/example_setup_teardown.py
[2025-04-25T23:55:17.649+0000] {logging_mixin.py:190} INFO - [2025-04-25T23:55:17.649+0000] {dag.py:3239} INFO - Sync 1 DAGs
[2025-04-25T23:55:17.670+0000] {logging_mixin.py:190} INFO - [2025-04-25T23:55:17.670+0000] {dag.py:4180} INFO - Setting next_dagrun for example_setup_teardown to None, run_after=None
[2025-04-25T23:55:17.704+0000] {processor.py:208} INFO - Processing /home/airflow/.local/lib/python3.12/site-packages/airflow/example_dags/example_setup_teardown.py took 0.113 seconds
[2025-04-25T23:55:48.203+0000] {processor.py:186} INFO - Started process (PID=2234) to work on /home/airflow/.local/lib/python3.12/site-packages/airflow/example_dags/example_setup_teardown.py
[2025-04-25T23:55:48.207+0000] {processor.py:914} INFO - Processing file /home/airflow/.local/lib/python3.12/site-packages/airflow/example_dags/example_setup_teardown.py for tasks to queue
[2025-04-25T23:55:48.233+0000] {logging_mixin.py:190} INFO - [2025-04-25T23:55:48.212+0000] {dagbag.py:588} INFO - Filling up the DagBag from /home/airflow/.local/lib/python3.12/site-packages/airflow/example_dags/example_setup_teardown.py
[2025-04-25T23:55:48.276+0000] {processor.py:925} INFO - DAG(s) 'example_setup_teardown' retrieved from /home/airflow/.local/lib/python3.12/site-packages/airflow/example_dags/example_setup_teardown.py
[2025-04-25T23:55:48.380+0000] {logging_mixin.py:190} INFO - [2025-04-25T23:55:48.380+0000] {dag.py:3239} INFO - Sync 1 DAGs
[2025-04-25T23:55:48.423+0000] {logging_mixin.py:190} INFO - [2025-04-25T23:55:48.423+0000] {dag.py:4180} INFO - Setting next_dagrun for example_setup_teardown to None, run_after=None
[2025-04-25T23:55:48.470+0000] {processor.py:208} INFO - Processing /home/airflow/.local/lib/python3.12/site-packages/airflow/example_dags/example_setup_teardown.py took 0.284 seconds
[2025-04-25T23:56:18.791+0000] {processor.py:186} INFO - Started process (PID=2298) to work on /home/airflow/.local/lib/python3.12/site-packages/airflow/example_dags/example_setup_teardown.py
[2025-04-25T23:56:18.792+0000] {processor.py:914} INFO - Processing file /home/airflow/.local/lib/python3.12/site-packages/airflow/example_dags/example_setup_teardown.py for tasks to queue
[2025-04-25T23:56:18.795+0000] {logging_mixin.py:190} INFO - [2025-04-25T23:56:18.794+0000] {dagbag.py:588} INFO - Filling up the DagBag from /home/airflow/.local/lib/python3.12/site-packages/airflow/example_dags/example_setup_teardown.py
[2025-04-25T23:56:18.806+0000] {processor.py:925} INFO - DAG(s) 'example_setup_teardown' retrieved from /home/airflow/.local/lib/python3.12/site-packages/airflow/example_dags/example_setup_teardown.py
[2025-04-25T23:56:18.837+0000] {logging_mixin.py:190} INFO - [2025-04-25T23:56:18.837+0000] {dag.py:3239} INFO - Sync 1 DAGs
[2025-04-25T23:56:18.859+0000] {logging_mixin.py:190} INFO - [2025-04-25T23:56:18.859+0000] {dag.py:4180} INFO - Setting next_dagrun for example_setup_teardown to None, run_after=None
[2025-04-25T23:56:18.887+0000] {processor.py:208} INFO - Processing /home/airflow/.local/lib/python3.12/site-packages/airflow/example_dags/example_setup_teardown.py took 0.104 seconds
[2025-04-25T23:56:49.046+0000] {processor.py:186} INFO - Started process (PID=2361) to work on /home/airflow/.local/lib/python3.12/site-packages/airflow/example_dags/example_setup_teardown.py
[2025-04-25T23:56:49.048+0000] {processor.py:914} INFO - Processing file /home/airflow/.local/lib/python3.12/site-packages/airflow/example_dags/example_setup_teardown.py for tasks to queue
[2025-04-25T23:56:49.049+0000] {logging_mixin.py:190} INFO - [2025-04-25T23:56:49.049+0000] {dagbag.py:588} INFO - Filling up the DagBag from /home/airflow/.local/lib/python3.12/site-packages/airflow/example_dags/example_setup_teardown.py
[2025-04-25T23:56:49.060+0000] {processor.py:925} INFO - DAG(s) 'example_setup_teardown' retrieved from /home/airflow/.local/lib/python3.12/site-packages/airflow/example_dags/example_setup_teardown.py
[2025-04-25T23:56:49.089+0000] {logging_mixin.py:190} INFO - [2025-04-25T23:56:49.089+0000] {dag.py:3239} INFO - Sync 1 DAGs
[2025-04-25T23:56:49.108+0000] {logging_mixin.py:190} INFO - [2025-04-25T23:56:49.108+0000] {dag.py:4180} INFO - Setting next_dagrun for example_setup_teardown to None, run_after=None
[2025-04-25T23:56:49.131+0000] {processor.py:208} INFO - Processing /home/airflow/.local/lib/python3.12/site-packages/airflow/example_dags/example_setup_teardown.py took 0.092 seconds
[2025-04-25T23:57:19.531+0000] {processor.py:186} INFO - Started process (PID=2425) to work on /home/airflow/.local/lib/python3.12/site-packages/airflow/example_dags/example_setup_teardown.py
[2025-04-25T23:57:19.532+0000] {processor.py:914} INFO - Processing file /home/airflow/.local/lib/python3.12/site-packages/airflow/example_dags/example_setup_teardown.py for tasks to queue
[2025-04-25T23:57:19.534+0000] {logging_mixin.py:190} INFO - [2025-04-25T23:57:19.533+0000] {dagbag.py:588} INFO - Filling up the DagBag from /home/airflow/.local/lib/python3.12/site-packages/airflow/example_dags/example_setup_teardown.py
[2025-04-25T23:57:19.547+0000] {processor.py:925} INFO - DAG(s) 'example_setup_teardown' retrieved from /home/airflow/.local/lib/python3.12/site-packages/airflow/example_dags/example_setup_teardown.py
[2025-04-25T23:57:19.576+0000] {logging_mixin.py:190} INFO - [2025-04-25T23:57:19.576+0000] {dag.py:3239} INFO - Sync 1 DAGs
[2025-04-25T23:57:19.596+0000] {logging_mixin.py:190} INFO - [2025-04-25T23:57:19.595+0000] {dag.py:4180} INFO - Setting next_dagrun for example_setup_teardown to None, run_after=None
[2025-04-25T23:57:19.625+0000] {processor.py:208} INFO - Processing /home/airflow/.local/lib/python3.12/site-packages/airflow/example_dags/example_setup_teardown.py took 0.101 seconds
[2025-04-25T23:59:05.236+0000] {processor.py:186} INFO - Started process (PID=2504) to work on /home/airflow/.local/lib/python3.12/site-packages/airflow/example_dags/example_setup_teardown.py
[2025-04-25T23:59:05.315+0000] {processor.py:914} INFO - Processing file /home/airflow/.local/lib/python3.12/site-packages/airflow/example_dags/example_setup_teardown.py for tasks to queue
[2025-04-25T23:59:05.324+0000] {logging_mixin.py:190} INFO - [2025-04-25T23:59:05.320+0000] {dagbag.py:588} INFO - Filling up the DagBag from /home/airflow/.local/lib/python3.12/site-packages/airflow/example_dags/example_setup_teardown.py
[2025-04-25T23:59:05.352+0000] {processor.py:925} INFO - DAG(s) 'example_setup_teardown' retrieved from /home/airflow/.local/lib/python3.12/site-packages/airflow/example_dags/example_setup_teardown.py
[2025-04-25T23:59:05.432+0000] {logging_mixin.py:190} INFO - [2025-04-25T23:59:05.431+0000] {dag.py:3239} INFO - Sync 1 DAGs
[2025-04-25T23:59:05.466+0000] {logging_mixin.py:190} INFO - [2025-04-25T23:59:05.466+0000] {dag.py:4180} INFO - Setting next_dagrun for example_setup_teardown to None, run_after=None
[2025-04-25T23:59:05.519+0000] {processor.py:208} INFO - Processing /home/airflow/.local/lib/python3.12/site-packages/airflow/example_dags/example_setup_teardown.py took 0.295 seconds
[2025-04-25T23:59:37.734+0000] {processor.py:186} INFO - Started process (PID=2574) to work on /home/airflow/.local/lib/python3.12/site-packages/airflow/example_dags/example_setup_teardown.py
[2025-04-25T23:59:37.737+0000] {processor.py:914} INFO - Processing file /home/airflow/.local/lib/python3.12/site-packages/airflow/example_dags/example_setup_teardown.py for tasks to queue
[2025-04-25T23:59:37.740+0000] {logging_mixin.py:190} INFO - [2025-04-25T23:59:37.739+0000] {dagbag.py:588} INFO - Filling up the DagBag from /home/airflow/.local/lib/python3.12/site-packages/airflow/example_dags/example_setup_teardown.py
[2025-04-25T23:59:37.768+0000] {processor.py:925} INFO - DAG(s) 'example_setup_teardown' retrieved from /home/airflow/.local/lib/python3.12/site-packages/airflow/example_dags/example_setup_teardown.py
[2025-04-25T23:59:37.906+0000] {logging_mixin.py:190} INFO - [2025-04-25T23:59:37.905+0000] {dag.py:3239} INFO - Sync 1 DAGs
[2025-04-25T23:59:37.955+0000] {logging_mixin.py:190} INFO - [2025-04-25T23:59:37.950+0000] {dag.py:4180} INFO - Setting next_dagrun for example_setup_teardown to None, run_after=None
[2025-04-25T23:59:38.007+0000] {processor.py:208} INFO - Processing /home/airflow/.local/lib/python3.12/site-packages/airflow/example_dags/example_setup_teardown.py took 0.286 seconds
