[2025-04-25T23:33:24.909+0000] {processor.py:186} INFO - Started process (PID=137) to work on /home/airflow/.local/lib/python3.12/site-packages/airflow/example_dags/example_python_operator.py
[2025-04-25T23:33:24.911+0000] {processor.py:914} INFO - Processing file /home/airflow/.local/lib/python3.12/site-packages/airflow/example_dags/example_python_operator.py for tasks to queue
[2025-04-25T23:33:24.928+0000] {logging_mixin.py:190} INFO - [2025-04-25T23:33:24.927+0000] {dagbag.py:588} INFO - Filling up the DagBag from /home/airflow/.local/lib/python3.12/site-packages/airflow/example_dags/example_python_operator.py
[2025-04-25T23:33:24.975+0000] {processor.py:925} INFO - DAG(s) 'example_python_operator' retrieved from /home/airflow/.local/lib/python3.12/site-packages/airflow/example_dags/example_python_operator.py
[2025-04-25T23:33:25.244+0000] {logging_mixin.py:190} INFO - [2025-04-25T23:33:25.243+0000] {override.py:1911} INFO - Created Permission View: can delete on DAG:example_python_operator
[2025-04-25T23:33:25.263+0000] {logging_mixin.py:190} INFO - [2025-04-25T23:33:25.263+0000] {override.py:1911} INFO - Created Permission View: can read on DAG:example_python_operator
[2025-04-25T23:33:25.275+0000] {logging_mixin.py:190} INFO - [2025-04-25T23:33:25.274+0000] {override.py:1911} INFO - Created Permission View: can edit on DAG:example_python_operator
[2025-04-25T23:33:25.299+0000] {logging_mixin.py:190} INFO - [2025-04-25T23:33:25.298+0000] {override.py:1911} INFO - Created Permission View: can create on DAG Run:example_python_operator
[2025-04-25T23:33:25.323+0000] {logging_mixin.py:190} INFO - [2025-04-25T23:33:25.323+0000] {override.py:1911} INFO - Created Permission View: can delete on DAG Run:example_python_operator
[2025-04-25T23:33:25.346+0000] {logging_mixin.py:190} INFO - [2025-04-25T23:33:25.345+0000] {override.py:1911} INFO - Created Permission View: can read on DAG Run:example_python_operator
[2025-04-25T23:33:25.378+0000] {logging_mixin.py:190} INFO - [2025-04-25T23:33:25.377+0000] {override.py:1911} INFO - Created Permission View: menu access on DAG Run:example_python_operator
[2025-04-25T23:33:25.378+0000] {logging_mixin.py:190} INFO - [2025-04-25T23:33:25.378+0000] {dag.py:3239} INFO - Sync 1 DAGs
[2025-04-25T23:33:25.445+0000] {logging_mixin.py:190} INFO - [2025-04-25T23:33:25.444+0000] {dag.py:3262} INFO - Creating ORM DAG for example_python_operator
[2025-04-25T23:33:25.448+0000] {logging_mixin.py:190} INFO - [2025-04-25T23:33:25.448+0000] {dag.py:4180} INFO - Setting next_dagrun for example_python_operator to None, run_after=None
[2025-04-25T23:33:25.525+0000] {processor.py:208} INFO - Processing /home/airflow/.local/lib/python3.12/site-packages/airflow/example_dags/example_python_operator.py took 0.632 seconds
[2025-04-25T23:33:56.558+0000] {processor.py:186} INFO - Started process (PID=199) to work on /home/airflow/.local/lib/python3.12/site-packages/airflow/example_dags/example_python_operator.py
[2025-04-25T23:33:56.560+0000] {processor.py:914} INFO - Processing file /home/airflow/.local/lib/python3.12/site-packages/airflow/example_dags/example_python_operator.py for tasks to queue
[2025-04-25T23:33:56.573+0000] {logging_mixin.py:190} INFO - [2025-04-25T23:33:56.572+0000] {dagbag.py:588} INFO - Filling up the DagBag from /home/airflow/.local/lib/python3.12/site-packages/airflow/example_dags/example_python_operator.py
[2025-04-25T23:33:56.615+0000] {processor.py:925} INFO - DAG(s) 'example_python_operator' retrieved from /home/airflow/.local/lib/python3.12/site-packages/airflow/example_dags/example_python_operator.py
[2025-04-25T23:33:56.792+0000] {logging_mixin.py:190} INFO - [2025-04-25T23:33:56.792+0000] {dag.py:3239} INFO - Sync 1 DAGs
[2025-04-25T23:33:56.840+0000] {logging_mixin.py:190} INFO - [2025-04-25T23:33:56.840+0000] {dag.py:4180} INFO - Setting next_dagrun for example_python_operator to None, run_after=None
[2025-04-25T23:33:56.882+0000] {processor.py:208} INFO - Processing /home/airflow/.local/lib/python3.12/site-packages/airflow/example_dags/example_python_operator.py took 0.338 seconds
[2025-04-25T23:35:01.170+0000] {processor.py:186} INFO - Started process (PID=261) to work on /home/airflow/.local/lib/python3.12/site-packages/airflow/example_dags/example_python_operator.py
[2025-04-25T23:35:01.188+0000] {processor.py:914} INFO - Processing file /home/airflow/.local/lib/python3.12/site-packages/airflow/example_dags/example_python_operator.py for tasks to queue
[2025-04-25T23:35:01.248+0000] {logging_mixin.py:190} INFO - [2025-04-25T23:35:01.236+0000] {dagbag.py:588} INFO - Filling up the DagBag from /home/airflow/.local/lib/python3.12/site-packages/airflow/example_dags/example_python_operator.py
[2025-04-25T23:35:01.944+0000] {processor.py:925} INFO - DAG(s) 'example_python_operator' retrieved from /home/airflow/.local/lib/python3.12/site-packages/airflow/example_dags/example_python_operator.py
[2025-04-25T23:35:03.517+0000] {logging_mixin.py:190} INFO - [2025-04-25T23:35:03.497+0000] {dag.py:3239} INFO - Sync 1 DAGs
[2025-04-25T23:35:04.466+0000] {logging_mixin.py:190} INFO - [2025-04-25T23:35:04.465+0000] {dag.py:4180} INFO - Setting next_dagrun for example_python_operator to None, run_after=None
[2025-04-25T23:35:05.483+0000] {processor.py:208} INFO - Processing /home/airflow/.local/lib/python3.12/site-packages/airflow/example_dags/example_python_operator.py took 4.571 seconds
[2025-04-25T23:37:56.009+0000] {processor.py:186} INFO - Started process (PID=113) to work on /home/airflow/.local/lib/python3.12/site-packages/airflow/example_dags/example_python_operator.py
[2025-04-25T23:37:56.011+0000] {processor.py:914} INFO - Processing file /home/airflow/.local/lib/python3.12/site-packages/airflow/example_dags/example_python_operator.py for tasks to queue
[2025-04-25T23:37:56.020+0000] {logging_mixin.py:190} INFO - [2025-04-25T23:37:56.019+0000] {dagbag.py:588} INFO - Filling up the DagBag from /home/airflow/.local/lib/python3.12/site-packages/airflow/example_dags/example_python_operator.py
[2025-04-25T23:37:56.066+0000] {processor.py:925} INFO - DAG(s) 'example_python_operator' retrieved from /home/airflow/.local/lib/python3.12/site-packages/airflow/example_dags/example_python_operator.py
[2025-04-25T23:37:56.428+0000] {logging_mixin.py:190} INFO - [2025-04-25T23:37:56.428+0000] {dag.py:3239} INFO - Sync 1 DAGs
[2025-04-25T23:37:56.448+0000] {logging_mixin.py:190} INFO - [2025-04-25T23:37:56.447+0000] {dag.py:4180} INFO - Setting next_dagrun for example_python_operator to None, run_after=None
[2025-04-25T23:37:56.508+0000] {processor.py:208} INFO - Processing /home/airflow/.local/lib/python3.12/site-packages/airflow/example_dags/example_python_operator.py took 0.510 seconds
[2025-04-25T23:38:31.960+0000] {processor.py:186} INFO - Started process (PID=176) to work on /home/airflow/.local/lib/python3.12/site-packages/airflow/example_dags/example_python_operator.py
[2025-04-25T23:38:31.964+0000] {processor.py:914} INFO - Processing file /home/airflow/.local/lib/python3.12/site-packages/airflow/example_dags/example_python_operator.py for tasks to queue
[2025-04-25T23:38:31.973+0000] {logging_mixin.py:190} INFO - [2025-04-25T23:38:31.972+0000] {dagbag.py:588} INFO - Filling up the DagBag from /home/airflow/.local/lib/python3.12/site-packages/airflow/example_dags/example_python_operator.py
[2025-04-25T23:38:32.012+0000] {processor.py:925} INFO - DAG(s) 'example_python_operator' retrieved from /home/airflow/.local/lib/python3.12/site-packages/airflow/example_dags/example_python_operator.py
[2025-04-25T23:38:32.164+0000] {logging_mixin.py:190} INFO - [2025-04-25T23:38:32.164+0000] {dag.py:3239} INFO - Sync 1 DAGs
[2025-04-25T23:38:32.219+0000] {logging_mixin.py:190} INFO - [2025-04-25T23:38:32.218+0000] {dag.py:4180} INFO - Setting next_dagrun for example_python_operator to None, run_after=None
[2025-04-25T23:38:32.253+0000] {processor.py:208} INFO - Processing /home/airflow/.local/lib/python3.12/site-packages/airflow/example_dags/example_python_operator.py took 0.325 seconds
[2025-04-25T23:39:02.910+0000] {processor.py:186} INFO - Started process (PID=239) to work on /home/airflow/.local/lib/python3.12/site-packages/airflow/example_dags/example_python_operator.py
[2025-04-25T23:39:02.912+0000] {processor.py:914} INFO - Processing file /home/airflow/.local/lib/python3.12/site-packages/airflow/example_dags/example_python_operator.py for tasks to queue
[2025-04-25T23:39:02.915+0000] {logging_mixin.py:190} INFO - [2025-04-25T23:39:02.915+0000] {dagbag.py:588} INFO - Filling up the DagBag from /home/airflow/.local/lib/python3.12/site-packages/airflow/example_dags/example_python_operator.py
[2025-04-25T23:39:02.938+0000] {processor.py:925} INFO - DAG(s) 'example_python_operator' retrieved from /home/airflow/.local/lib/python3.12/site-packages/airflow/example_dags/example_python_operator.py
[2025-04-25T23:39:02.987+0000] {logging_mixin.py:190} INFO - [2025-04-25T23:39:02.987+0000] {dag.py:3239} INFO - Sync 1 DAGs
[2025-04-25T23:39:03.011+0000] {logging_mixin.py:190} INFO - [2025-04-25T23:39:03.010+0000] {dag.py:4180} INFO - Setting next_dagrun for example_python_operator to None, run_after=None
[2025-04-25T23:39:03.042+0000] {processor.py:208} INFO - Processing /home/airflow/.local/lib/python3.12/site-packages/airflow/example_dags/example_python_operator.py took 0.156 seconds
[2025-04-25T23:39:42.092+0000] {processor.py:186} INFO - Started process (PID=302) to work on /home/airflow/.local/lib/python3.12/site-packages/airflow/example_dags/example_python_operator.py
[2025-04-25T23:39:42.094+0000] {processor.py:914} INFO - Processing file /home/airflow/.local/lib/python3.12/site-packages/airflow/example_dags/example_python_operator.py for tasks to queue
[2025-04-25T23:39:42.109+0000] {logging_mixin.py:190} INFO - [2025-04-25T23:39:42.107+0000] {dagbag.py:588} INFO - Filling up the DagBag from /home/airflow/.local/lib/python3.12/site-packages/airflow/example_dags/example_python_operator.py
[2025-04-25T23:39:42.147+0000] {processor.py:925} INFO - DAG(s) 'example_python_operator' retrieved from /home/airflow/.local/lib/python3.12/site-packages/airflow/example_dags/example_python_operator.py
[2025-04-25T23:39:42.273+0000] {logging_mixin.py:190} INFO - [2025-04-25T23:39:42.272+0000] {dag.py:3239} INFO - Sync 1 DAGs
[2025-04-25T23:39:42.308+0000] {logging_mixin.py:190} INFO - [2025-04-25T23:39:42.307+0000] {dag.py:4180} INFO - Setting next_dagrun for example_python_operator to None, run_after=None
[2025-04-25T23:39:42.354+0000] {processor.py:208} INFO - Processing /home/airflow/.local/lib/python3.12/site-packages/airflow/example_dags/example_python_operator.py took 0.278 seconds
[2025-04-25T23:40:13.281+0000] {processor.py:186} INFO - Started process (PID=365) to work on /home/airflow/.local/lib/python3.12/site-packages/airflow/example_dags/example_python_operator.py
[2025-04-25T23:40:13.283+0000] {processor.py:914} INFO - Processing file /home/airflow/.local/lib/python3.12/site-packages/airflow/example_dags/example_python_operator.py for tasks to queue
[2025-04-25T23:40:13.287+0000] {logging_mixin.py:190} INFO - [2025-04-25T23:40:13.286+0000] {dagbag.py:588} INFO - Filling up the DagBag from /home/airflow/.local/lib/python3.12/site-packages/airflow/example_dags/example_python_operator.py
[2025-04-25T23:40:13.311+0000] {processor.py:925} INFO - DAG(s) 'example_python_operator' retrieved from /home/airflow/.local/lib/python3.12/site-packages/airflow/example_dags/example_python_operator.py
[2025-04-25T23:40:13.381+0000] {logging_mixin.py:190} INFO - [2025-04-25T23:40:13.381+0000] {dag.py:3239} INFO - Sync 1 DAGs
[2025-04-25T23:40:13.491+0000] {logging_mixin.py:190} INFO - [2025-04-25T23:40:13.491+0000] {dag.py:4180} INFO - Setting next_dagrun for example_python_operator to None, run_after=None
[2025-04-25T23:40:13.657+0000] {processor.py:208} INFO - Processing /home/airflow/.local/lib/python3.12/site-packages/airflow/example_dags/example_python_operator.py took 0.385 seconds
[2025-04-25T23:40:43.751+0000] {processor.py:186} INFO - Started process (PID=427) to work on /home/airflow/.local/lib/python3.12/site-packages/airflow/example_dags/example_python_operator.py
[2025-04-25T23:40:43.752+0000] {processor.py:914} INFO - Processing file /home/airflow/.local/lib/python3.12/site-packages/airflow/example_dags/example_python_operator.py for tasks to queue
[2025-04-25T23:40:43.755+0000] {logging_mixin.py:190} INFO - [2025-04-25T23:40:43.754+0000] {dagbag.py:588} INFO - Filling up the DagBag from /home/airflow/.local/lib/python3.12/site-packages/airflow/example_dags/example_python_operator.py
[2025-04-25T23:40:43.775+0000] {processor.py:925} INFO - DAG(s) 'example_python_operator' retrieved from /home/airflow/.local/lib/python3.12/site-packages/airflow/example_dags/example_python_operator.py
[2025-04-25T23:40:43.805+0000] {logging_mixin.py:190} INFO - [2025-04-25T23:40:43.805+0000] {dag.py:3239} INFO - Sync 1 DAGs
[2025-04-25T23:40:43.823+0000] {logging_mixin.py:190} INFO - [2025-04-25T23:40:43.823+0000] {dag.py:4180} INFO - Setting next_dagrun for example_python_operator to None, run_after=None
[2025-04-25T23:40:43.849+0000] {processor.py:208} INFO - Processing /home/airflow/.local/lib/python3.12/site-packages/airflow/example_dags/example_python_operator.py took 0.107 seconds
[2025-04-25T23:41:14.032+0000] {processor.py:186} INFO - Started process (PID=490) to work on /home/airflow/.local/lib/python3.12/site-packages/airflow/example_dags/example_python_operator.py
[2025-04-25T23:41:14.034+0000] {processor.py:914} INFO - Processing file /home/airflow/.local/lib/python3.12/site-packages/airflow/example_dags/example_python_operator.py for tasks to queue
[2025-04-25T23:41:14.038+0000] {logging_mixin.py:190} INFO - [2025-04-25T23:41:14.038+0000] {dagbag.py:588} INFO - Filling up the DagBag from /home/airflow/.local/lib/python3.12/site-packages/airflow/example_dags/example_python_operator.py
[2025-04-25T23:41:14.100+0000] {processor.py:925} INFO - DAG(s) 'example_python_operator' retrieved from /home/airflow/.local/lib/python3.12/site-packages/airflow/example_dags/example_python_operator.py
[2025-04-25T23:41:14.184+0000] {logging_mixin.py:190} INFO - [2025-04-25T23:41:14.183+0000] {dag.py:3239} INFO - Sync 1 DAGs
[2025-04-25T23:41:14.241+0000] {logging_mixin.py:190} INFO - [2025-04-25T23:41:14.241+0000] {dag.py:4180} INFO - Setting next_dagrun for example_python_operator to None, run_after=None
[2025-04-25T23:41:14.277+0000] {processor.py:208} INFO - Processing /home/airflow/.local/lib/python3.12/site-packages/airflow/example_dags/example_python_operator.py took 0.258 seconds
[2025-04-25T23:41:44.501+0000] {processor.py:186} INFO - Started process (PID=552) to work on /home/airflow/.local/lib/python3.12/site-packages/airflow/example_dags/example_python_operator.py
[2025-04-25T23:41:44.503+0000] {processor.py:914} INFO - Processing file /home/airflow/.local/lib/python3.12/site-packages/airflow/example_dags/example_python_operator.py for tasks to queue
[2025-04-25T23:41:44.507+0000] {logging_mixin.py:190} INFO - [2025-04-25T23:41:44.507+0000] {dagbag.py:588} INFO - Filling up the DagBag from /home/airflow/.local/lib/python3.12/site-packages/airflow/example_dags/example_python_operator.py
[2025-04-25T23:41:44.537+0000] {processor.py:925} INFO - DAG(s) 'example_python_operator' retrieved from /home/airflow/.local/lib/python3.12/site-packages/airflow/example_dags/example_python_operator.py
[2025-04-25T23:41:44.575+0000] {logging_mixin.py:190} INFO - [2025-04-25T23:41:44.575+0000] {dag.py:3239} INFO - Sync 1 DAGs
[2025-04-25T23:41:44.609+0000] {logging_mixin.py:190} INFO - [2025-04-25T23:41:44.609+0000] {dag.py:4180} INFO - Setting next_dagrun for example_python_operator to None, run_after=None
[2025-04-25T23:41:44.641+0000] {processor.py:208} INFO - Processing /home/airflow/.local/lib/python3.12/site-packages/airflow/example_dags/example_python_operator.py took 0.149 seconds
[2025-04-25T23:42:14.781+0000] {processor.py:186} INFO - Started process (PID=615) to work on /home/airflow/.local/lib/python3.12/site-packages/airflow/example_dags/example_python_operator.py
[2025-04-25T23:42:14.783+0000] {processor.py:914} INFO - Processing file /home/airflow/.local/lib/python3.12/site-packages/airflow/example_dags/example_python_operator.py for tasks to queue
[2025-04-25T23:42:14.790+0000] {logging_mixin.py:190} INFO - [2025-04-25T23:42:14.789+0000] {dagbag.py:588} INFO - Filling up the DagBag from /home/airflow/.local/lib/python3.12/site-packages/airflow/example_dags/example_python_operator.py
[2025-04-25T23:42:14.813+0000] {processor.py:925} INFO - DAG(s) 'example_python_operator' retrieved from /home/airflow/.local/lib/python3.12/site-packages/airflow/example_dags/example_python_operator.py
[2025-04-25T23:42:14.857+0000] {logging_mixin.py:190} INFO - [2025-04-25T23:42:14.856+0000] {dag.py:3239} INFO - Sync 1 DAGs
[2025-04-25T23:42:14.895+0000] {logging_mixin.py:190} INFO - [2025-04-25T23:42:14.895+0000] {dag.py:4180} INFO - Setting next_dagrun for example_python_operator to None, run_after=None
[2025-04-25T23:42:14.940+0000] {processor.py:208} INFO - Processing /home/airflow/.local/lib/python3.12/site-packages/airflow/example_dags/example_python_operator.py took 0.168 seconds
[2025-04-25T23:42:45.119+0000] {processor.py:186} INFO - Started process (PID=678) to work on /home/airflow/.local/lib/python3.12/site-packages/airflow/example_dags/example_python_operator.py
[2025-04-25T23:42:45.122+0000] {processor.py:914} INFO - Processing file /home/airflow/.local/lib/python3.12/site-packages/airflow/example_dags/example_python_operator.py for tasks to queue
[2025-04-25T23:42:45.129+0000] {logging_mixin.py:190} INFO - [2025-04-25T23:42:45.127+0000] {dagbag.py:588} INFO - Filling up the DagBag from /home/airflow/.local/lib/python3.12/site-packages/airflow/example_dags/example_python_operator.py
[2025-04-25T23:42:45.143+0000] {processor.py:925} INFO - DAG(s) 'example_python_operator' retrieved from /home/airflow/.local/lib/python3.12/site-packages/airflow/example_dags/example_python_operator.py
[2025-04-25T23:42:45.177+0000] {logging_mixin.py:190} INFO - [2025-04-25T23:42:45.177+0000] {dag.py:3239} INFO - Sync 1 DAGs
[2025-04-25T23:42:45.201+0000] {logging_mixin.py:190} INFO - [2025-04-25T23:42:45.201+0000] {dag.py:4180} INFO - Setting next_dagrun for example_python_operator to None, run_after=None
[2025-04-25T23:42:45.232+0000] {processor.py:208} INFO - Processing /home/airflow/.local/lib/python3.12/site-packages/airflow/example_dags/example_python_operator.py took 0.123 seconds
[2025-04-25T23:43:27.827+0000] {processor.py:186} INFO - Started process (PID=746) to work on /home/airflow/.local/lib/python3.12/site-packages/airflow/example_dags/example_python_operator.py
[2025-04-25T23:43:27.829+0000] {processor.py:914} INFO - Processing file /home/airflow/.local/lib/python3.12/site-packages/airflow/example_dags/example_python_operator.py for tasks to queue
[2025-04-25T23:43:27.838+0000] {logging_mixin.py:190} INFO - [2025-04-25T23:43:27.836+0000] {dagbag.py:588} INFO - Filling up the DagBag from /home/airflow/.local/lib/python3.12/site-packages/airflow/example_dags/example_python_operator.py
[2025-04-25T23:43:27.865+0000] {processor.py:925} INFO - DAG(s) 'example_python_operator' retrieved from /home/airflow/.local/lib/python3.12/site-packages/airflow/example_dags/example_python_operator.py
[2025-04-25T23:43:27.911+0000] {logging_mixin.py:190} INFO - [2025-04-25T23:43:27.910+0000] {dag.py:3239} INFO - Sync 1 DAGs
[2025-04-25T23:43:27.983+0000] {logging_mixin.py:190} INFO - [2025-04-25T23:43:27.982+0000] {dag.py:4180} INFO - Setting next_dagrun for example_python_operator to None, run_after=None
[2025-04-25T23:43:28.019+0000] {processor.py:208} INFO - Processing /home/airflow/.local/lib/python3.12/site-packages/airflow/example_dags/example_python_operator.py took 0.211 seconds
[2025-04-25T23:43:58.290+0000] {processor.py:186} INFO - Started process (PID=809) to work on /home/airflow/.local/lib/python3.12/site-packages/airflow/example_dags/example_python_operator.py
[2025-04-25T23:43:58.292+0000] {processor.py:914} INFO - Processing file /home/airflow/.local/lib/python3.12/site-packages/airflow/example_dags/example_python_operator.py for tasks to queue
[2025-04-25T23:43:58.295+0000] {logging_mixin.py:190} INFO - [2025-04-25T23:43:58.294+0000] {dagbag.py:588} INFO - Filling up the DagBag from /home/airflow/.local/lib/python3.12/site-packages/airflow/example_dags/example_python_operator.py
[2025-04-25T23:43:58.318+0000] {processor.py:925} INFO - DAG(s) 'example_python_operator' retrieved from /home/airflow/.local/lib/python3.12/site-packages/airflow/example_dags/example_python_operator.py
[2025-04-25T23:43:58.349+0000] {logging_mixin.py:190} INFO - [2025-04-25T23:43:58.349+0000] {dag.py:3239} INFO - Sync 1 DAGs
[2025-04-25T23:43:58.375+0000] {logging_mixin.py:190} INFO - [2025-04-25T23:43:58.374+0000] {dag.py:4180} INFO - Setting next_dagrun for example_python_operator to None, run_after=None
[2025-04-25T23:43:58.403+0000] {processor.py:208} INFO - Processing /home/airflow/.local/lib/python3.12/site-packages/airflow/example_dags/example_python_operator.py took 0.122 seconds
[2025-04-25T23:44:28.897+0000] {processor.py:186} INFO - Started process (PID=872) to work on /home/airflow/.local/lib/python3.12/site-packages/airflow/example_dags/example_python_operator.py
[2025-04-25T23:44:28.901+0000] {processor.py:914} INFO - Processing file /home/airflow/.local/lib/python3.12/site-packages/airflow/example_dags/example_python_operator.py for tasks to queue
[2025-04-25T23:44:28.904+0000] {logging_mixin.py:190} INFO - [2025-04-25T23:44:28.904+0000] {dagbag.py:588} INFO - Filling up the DagBag from /home/airflow/.local/lib/python3.12/site-packages/airflow/example_dags/example_python_operator.py
[2025-04-25T23:44:28.924+0000] {processor.py:925} INFO - DAG(s) 'example_python_operator' retrieved from /home/airflow/.local/lib/python3.12/site-packages/airflow/example_dags/example_python_operator.py
[2025-04-25T23:44:28.956+0000] {logging_mixin.py:190} INFO - [2025-04-25T23:44:28.955+0000] {dag.py:3239} INFO - Sync 1 DAGs
[2025-04-25T23:44:28.976+0000] {logging_mixin.py:190} INFO - [2025-04-25T23:44:28.976+0000] {dag.py:4180} INFO - Setting next_dagrun for example_python_operator to None, run_after=None
[2025-04-25T23:44:29.008+0000] {processor.py:208} INFO - Processing /home/airflow/.local/lib/python3.12/site-packages/airflow/example_dags/example_python_operator.py took 0.120 seconds
[2025-04-25T23:44:59.506+0000] {processor.py:186} INFO - Started process (PID=935) to work on /home/airflow/.local/lib/python3.12/site-packages/airflow/example_dags/example_python_operator.py
[2025-04-25T23:44:59.507+0000] {processor.py:914} INFO - Processing file /home/airflow/.local/lib/python3.12/site-packages/airflow/example_dags/example_python_operator.py for tasks to queue
[2025-04-25T23:44:59.515+0000] {logging_mixin.py:190} INFO - [2025-04-25T23:44:59.514+0000] {dagbag.py:588} INFO - Filling up the DagBag from /home/airflow/.local/lib/python3.12/site-packages/airflow/example_dags/example_python_operator.py
[2025-04-25T23:44:59.548+0000] {processor.py:925} INFO - DAG(s) 'example_python_operator' retrieved from /home/airflow/.local/lib/python3.12/site-packages/airflow/example_dags/example_python_operator.py
[2025-04-25T23:44:59.594+0000] {logging_mixin.py:190} INFO - [2025-04-25T23:44:59.592+0000] {dag.py:3239} INFO - Sync 1 DAGs
[2025-04-25T23:44:59.624+0000] {logging_mixin.py:190} INFO - [2025-04-25T23:44:59.623+0000] {dag.py:4180} INFO - Setting next_dagrun for example_python_operator to None, run_after=None
[2025-04-25T23:44:59.678+0000] {processor.py:208} INFO - Processing /home/airflow/.local/lib/python3.12/site-packages/airflow/example_dags/example_python_operator.py took 0.188 seconds
[2025-04-25T23:45:30.508+0000] {processor.py:186} INFO - Started process (PID=998) to work on /home/airflow/.local/lib/python3.12/site-packages/airflow/example_dags/example_python_operator.py
[2025-04-25T23:45:30.511+0000] {processor.py:914} INFO - Processing file /home/airflow/.local/lib/python3.12/site-packages/airflow/example_dags/example_python_operator.py for tasks to queue
[2025-04-25T23:45:30.515+0000] {logging_mixin.py:190} INFO - [2025-04-25T23:45:30.514+0000] {dagbag.py:588} INFO - Filling up the DagBag from /home/airflow/.local/lib/python3.12/site-packages/airflow/example_dags/example_python_operator.py
[2025-04-25T23:45:30.539+0000] {processor.py:925} INFO - DAG(s) 'example_python_operator' retrieved from /home/airflow/.local/lib/python3.12/site-packages/airflow/example_dags/example_python_operator.py
[2025-04-25T23:45:30.577+0000] {logging_mixin.py:190} INFO - [2025-04-25T23:45:30.577+0000] {dag.py:3239} INFO - Sync 1 DAGs
[2025-04-25T23:45:30.600+0000] {logging_mixin.py:190} INFO - [2025-04-25T23:45:30.600+0000] {dag.py:4180} INFO - Setting next_dagrun for example_python_operator to None, run_after=None
[2025-04-25T23:45:30.629+0000] {processor.py:208} INFO - Processing /home/airflow/.local/lib/python3.12/site-packages/airflow/example_dags/example_python_operator.py took 0.128 seconds
[2025-04-25T23:46:01.368+0000] {processor.py:186} INFO - Started process (PID=1060) to work on /home/airflow/.local/lib/python3.12/site-packages/airflow/example_dags/example_python_operator.py
[2025-04-25T23:46:01.371+0000] {processor.py:914} INFO - Processing file /home/airflow/.local/lib/python3.12/site-packages/airflow/example_dags/example_python_operator.py for tasks to queue
[2025-04-25T23:46:01.377+0000] {logging_mixin.py:190} INFO - [2025-04-25T23:46:01.376+0000] {dagbag.py:588} INFO - Filling up the DagBag from /home/airflow/.local/lib/python3.12/site-packages/airflow/example_dags/example_python_operator.py
[2025-04-25T23:46:01.398+0000] {processor.py:925} INFO - DAG(s) 'example_python_operator' retrieved from /home/airflow/.local/lib/python3.12/site-packages/airflow/example_dags/example_python_operator.py
[2025-04-25T23:46:01.480+0000] {logging_mixin.py:190} INFO - [2025-04-25T23:46:01.479+0000] {dag.py:3239} INFO - Sync 1 DAGs
[2025-04-25T23:46:01.515+0000] {logging_mixin.py:190} INFO - [2025-04-25T23:46:01.514+0000] {dag.py:4180} INFO - Setting next_dagrun for example_python_operator to None, run_after=None
[2025-04-25T23:46:01.551+0000] {processor.py:208} INFO - Processing /home/airflow/.local/lib/python3.12/site-packages/airflow/example_dags/example_python_operator.py took 0.196 seconds
[2025-04-25T23:46:47.488+0000] {processor.py:186} INFO - Started process (PID=1132) to work on /home/airflow/.local/lib/python3.12/site-packages/airflow/example_dags/example_python_operator.py
[2025-04-25T23:46:47.493+0000] {processor.py:914} INFO - Processing file /home/airflow/.local/lib/python3.12/site-packages/airflow/example_dags/example_python_operator.py for tasks to queue
[2025-04-25T23:46:47.498+0000] {logging_mixin.py:190} INFO - [2025-04-25T23:46:47.497+0000] {dagbag.py:588} INFO - Filling up the DagBag from /home/airflow/.local/lib/python3.12/site-packages/airflow/example_dags/example_python_operator.py
[2025-04-25T23:46:47.524+0000] {processor.py:925} INFO - DAG(s) 'example_python_operator' retrieved from /home/airflow/.local/lib/python3.12/site-packages/airflow/example_dags/example_python_operator.py
[2025-04-25T23:46:47.576+0000] {logging_mixin.py:190} INFO - [2025-04-25T23:46:47.575+0000] {dag.py:3239} INFO - Sync 1 DAGs
[2025-04-25T23:46:47.647+0000] {logging_mixin.py:190} INFO - [2025-04-25T23:46:47.646+0000] {dag.py:4180} INFO - Setting next_dagrun for example_python_operator to None, run_after=None
[2025-04-25T23:46:47.692+0000] {processor.py:208} INFO - Processing /home/airflow/.local/lib/python3.12/site-packages/airflow/example_dags/example_python_operator.py took 0.216 seconds
[2025-04-25T23:47:18.367+0000] {processor.py:186} INFO - Started process (PID=1194) to work on /home/airflow/.local/lib/python3.12/site-packages/airflow/example_dags/example_python_operator.py
[2025-04-25T23:47:18.370+0000] {processor.py:914} INFO - Processing file /home/airflow/.local/lib/python3.12/site-packages/airflow/example_dags/example_python_operator.py for tasks to queue
[2025-04-25T23:47:18.375+0000] {logging_mixin.py:190} INFO - [2025-04-25T23:47:18.374+0000] {dagbag.py:588} INFO - Filling up the DagBag from /home/airflow/.local/lib/python3.12/site-packages/airflow/example_dags/example_python_operator.py
[2025-04-25T23:47:18.396+0000] {processor.py:925} INFO - DAG(s) 'example_python_operator' retrieved from /home/airflow/.local/lib/python3.12/site-packages/airflow/example_dags/example_python_operator.py
[2025-04-25T23:47:18.439+0000] {logging_mixin.py:190} INFO - [2025-04-25T23:47:18.438+0000] {dag.py:3239} INFO - Sync 1 DAGs
[2025-04-25T23:47:18.462+0000] {logging_mixin.py:190} INFO - [2025-04-25T23:47:18.461+0000] {dag.py:4180} INFO - Setting next_dagrun for example_python_operator to None, run_after=None
[2025-04-25T23:47:18.484+0000] {processor.py:208} INFO - Processing /home/airflow/.local/lib/python3.12/site-packages/airflow/example_dags/example_python_operator.py took 0.133 seconds
[2025-04-25T23:47:49.182+0000] {processor.py:186} INFO - Started process (PID=1256) to work on /home/airflow/.local/lib/python3.12/site-packages/airflow/example_dags/example_python_operator.py
[2025-04-25T23:47:49.183+0000] {processor.py:914} INFO - Processing file /home/airflow/.local/lib/python3.12/site-packages/airflow/example_dags/example_python_operator.py for tasks to queue
[2025-04-25T23:47:49.186+0000] {logging_mixin.py:190} INFO - [2025-04-25T23:47:49.185+0000] {dagbag.py:588} INFO - Filling up the DagBag from /home/airflow/.local/lib/python3.12/site-packages/airflow/example_dags/example_python_operator.py
[2025-04-25T23:47:49.201+0000] {processor.py:925} INFO - DAG(s) 'example_python_operator' retrieved from /home/airflow/.local/lib/python3.12/site-packages/airflow/example_dags/example_python_operator.py
[2025-04-25T23:47:49.235+0000] {logging_mixin.py:190} INFO - [2025-04-25T23:47:49.235+0000] {dag.py:3239} INFO - Sync 1 DAGs
[2025-04-25T23:47:49.259+0000] {logging_mixin.py:190} INFO - [2025-04-25T23:47:49.259+0000] {dag.py:4180} INFO - Setting next_dagrun for example_python_operator to None, run_after=None
[2025-04-25T23:47:49.291+0000] {processor.py:208} INFO - Processing /home/airflow/.local/lib/python3.12/site-packages/airflow/example_dags/example_python_operator.py took 0.119 seconds
[2025-04-25T23:48:19.665+0000] {processor.py:186} INFO - Started process (PID=1319) to work on /home/airflow/.local/lib/python3.12/site-packages/airflow/example_dags/example_python_operator.py
[2025-04-25T23:48:19.668+0000] {processor.py:914} INFO - Processing file /home/airflow/.local/lib/python3.12/site-packages/airflow/example_dags/example_python_operator.py for tasks to queue
[2025-04-25T23:48:19.673+0000] {logging_mixin.py:190} INFO - [2025-04-25T23:48:19.673+0000] {dagbag.py:588} INFO - Filling up the DagBag from /home/airflow/.local/lib/python3.12/site-packages/airflow/example_dags/example_python_operator.py
[2025-04-25T23:48:19.698+0000] {processor.py:925} INFO - DAG(s) 'example_python_operator' retrieved from /home/airflow/.local/lib/python3.12/site-packages/airflow/example_dags/example_python_operator.py
[2025-04-25T23:48:19.740+0000] {logging_mixin.py:190} INFO - [2025-04-25T23:48:19.739+0000] {dag.py:3239} INFO - Sync 1 DAGs
[2025-04-25T23:48:19.761+0000] {logging_mixin.py:190} INFO - [2025-04-25T23:48:19.760+0000] {dag.py:4180} INFO - Setting next_dagrun for example_python_operator to None, run_after=None
[2025-04-25T23:48:19.795+0000] {processor.py:208} INFO - Processing /home/airflow/.local/lib/python3.12/site-packages/airflow/example_dags/example_python_operator.py took 0.137 seconds
[2025-04-25T23:48:50.218+0000] {processor.py:186} INFO - Started process (PID=1381) to work on /home/airflow/.local/lib/python3.12/site-packages/airflow/example_dags/example_python_operator.py
[2025-04-25T23:48:50.220+0000] {processor.py:914} INFO - Processing file /home/airflow/.local/lib/python3.12/site-packages/airflow/example_dags/example_python_operator.py for tasks to queue
[2025-04-25T23:48:50.225+0000] {logging_mixin.py:190} INFO - [2025-04-25T23:48:50.225+0000] {dagbag.py:588} INFO - Filling up the DagBag from /home/airflow/.local/lib/python3.12/site-packages/airflow/example_dags/example_python_operator.py
[2025-04-25T23:48:50.253+0000] {processor.py:925} INFO - DAG(s) 'example_python_operator' retrieved from /home/airflow/.local/lib/python3.12/site-packages/airflow/example_dags/example_python_operator.py
[2025-04-25T23:48:50.304+0000] {logging_mixin.py:190} INFO - [2025-04-25T23:48:50.303+0000] {dag.py:3239} INFO - Sync 1 DAGs
[2025-04-25T23:48:50.335+0000] {logging_mixin.py:190} INFO - [2025-04-25T23:48:50.335+0000] {dag.py:4180} INFO - Setting next_dagrun for example_python_operator to None, run_after=None
[2025-04-25T23:48:50.365+0000] {processor.py:208} INFO - Processing /home/airflow/.local/lib/python3.12/site-packages/airflow/example_dags/example_python_operator.py took 0.159 seconds
[2025-04-25T23:49:20.534+0000] {processor.py:186} INFO - Started process (PID=1443) to work on /home/airflow/.local/lib/python3.12/site-packages/airflow/example_dags/example_python_operator.py
[2025-04-25T23:49:20.535+0000] {processor.py:914} INFO - Processing file /home/airflow/.local/lib/python3.12/site-packages/airflow/example_dags/example_python_operator.py for tasks to queue
[2025-04-25T23:49:20.540+0000] {logging_mixin.py:190} INFO - [2025-04-25T23:49:20.539+0000] {dagbag.py:588} INFO - Filling up the DagBag from /home/airflow/.local/lib/python3.12/site-packages/airflow/example_dags/example_python_operator.py
[2025-04-25T23:49:20.563+0000] {processor.py:925} INFO - DAG(s) 'example_python_operator' retrieved from /home/airflow/.local/lib/python3.12/site-packages/airflow/example_dags/example_python_operator.py
[2025-04-25T23:49:20.618+0000] {logging_mixin.py:190} INFO - [2025-04-25T23:49:20.617+0000] {dag.py:3239} INFO - Sync 1 DAGs
[2025-04-25T23:49:20.648+0000] {logging_mixin.py:190} INFO - [2025-04-25T23:49:20.648+0000] {dag.py:4180} INFO - Setting next_dagrun for example_python_operator to None, run_after=None
[2025-04-25T23:49:20.688+0000] {processor.py:208} INFO - Processing /home/airflow/.local/lib/python3.12/site-packages/airflow/example_dags/example_python_operator.py took 0.167 seconds
[2025-04-25T23:49:51.012+0000] {processor.py:186} INFO - Started process (PID=1506) to work on /home/airflow/.local/lib/python3.12/site-packages/airflow/example_dags/example_python_operator.py
[2025-04-25T23:49:51.013+0000] {processor.py:914} INFO - Processing file /home/airflow/.local/lib/python3.12/site-packages/airflow/example_dags/example_python_operator.py for tasks to queue
[2025-04-25T23:49:51.016+0000] {logging_mixin.py:190} INFO - [2025-04-25T23:49:51.016+0000] {dagbag.py:588} INFO - Filling up the DagBag from /home/airflow/.local/lib/python3.12/site-packages/airflow/example_dags/example_python_operator.py
[2025-04-25T23:49:51.034+0000] {processor.py:925} INFO - DAG(s) 'example_python_operator' retrieved from /home/airflow/.local/lib/python3.12/site-packages/airflow/example_dags/example_python_operator.py
[2025-04-25T23:49:51.070+0000] {logging_mixin.py:190} INFO - [2025-04-25T23:49:51.069+0000] {dag.py:3239} INFO - Sync 1 DAGs
[2025-04-25T23:49:51.096+0000] {logging_mixin.py:190} INFO - [2025-04-25T23:49:51.095+0000] {dag.py:4180} INFO - Setting next_dagrun for example_python_operator to None, run_after=None
[2025-04-25T23:49:51.128+0000] {processor.py:208} INFO - Processing /home/airflow/.local/lib/python3.12/site-packages/airflow/example_dags/example_python_operator.py took 0.128 seconds
[2025-04-25T23:50:21.337+0000] {processor.py:186} INFO - Started process (PID=1570) to work on /home/airflow/.local/lib/python3.12/site-packages/airflow/example_dags/example_python_operator.py
[2025-04-25T23:50:21.339+0000] {processor.py:914} INFO - Processing file /home/airflow/.local/lib/python3.12/site-packages/airflow/example_dags/example_python_operator.py for tasks to queue
[2025-04-25T23:50:21.343+0000] {logging_mixin.py:190} INFO - [2025-04-25T23:50:21.343+0000] {dagbag.py:588} INFO - Filling up the DagBag from /home/airflow/.local/lib/python3.12/site-packages/airflow/example_dags/example_python_operator.py
[2025-04-25T23:50:21.361+0000] {processor.py:925} INFO - DAG(s) 'example_python_operator' retrieved from /home/airflow/.local/lib/python3.12/site-packages/airflow/example_dags/example_python_operator.py
[2025-04-25T23:50:21.396+0000] {logging_mixin.py:190} INFO - [2025-04-25T23:50:21.396+0000] {dag.py:3239} INFO - Sync 1 DAGs
[2025-04-25T23:50:21.420+0000] {logging_mixin.py:190} INFO - [2025-04-25T23:50:21.417+0000] {dag.py:4180} INFO - Setting next_dagrun for example_python_operator to None, run_after=None
[2025-04-25T23:50:21.453+0000] {processor.py:208} INFO - Processing /home/airflow/.local/lib/python3.12/site-packages/airflow/example_dags/example_python_operator.py took 0.125 seconds
[2025-04-25T23:50:52.059+0000] {processor.py:186} INFO - Started process (PID=1632) to work on /home/airflow/.local/lib/python3.12/site-packages/airflow/example_dags/example_python_operator.py
[2025-04-25T23:50:52.060+0000] {processor.py:914} INFO - Processing file /home/airflow/.local/lib/python3.12/site-packages/airflow/example_dags/example_python_operator.py for tasks to queue
[2025-04-25T23:50:52.063+0000] {logging_mixin.py:190} INFO - [2025-04-25T23:50:52.063+0000] {dagbag.py:588} INFO - Filling up the DagBag from /home/airflow/.local/lib/python3.12/site-packages/airflow/example_dags/example_python_operator.py
[2025-04-25T23:50:52.080+0000] {processor.py:925} INFO - DAG(s) 'example_python_operator' retrieved from /home/airflow/.local/lib/python3.12/site-packages/airflow/example_dags/example_python_operator.py
[2025-04-25T23:50:52.105+0000] {logging_mixin.py:190} INFO - [2025-04-25T23:50:52.105+0000] {dag.py:3239} INFO - Sync 1 DAGs
[2025-04-25T23:50:52.121+0000] {logging_mixin.py:190} INFO - [2025-04-25T23:50:52.121+0000] {dag.py:4180} INFO - Setting next_dagrun for example_python_operator to None, run_after=None
[2025-04-25T23:50:52.146+0000] {processor.py:208} INFO - Processing /home/airflow/.local/lib/python3.12/site-packages/airflow/example_dags/example_python_operator.py took 0.094 seconds
[2025-04-25T23:51:27.797+0000] {processor.py:186} INFO - Started process (PID=1695) to work on /home/airflow/.local/lib/python3.12/site-packages/airflow/example_dags/example_python_operator.py
[2025-04-25T23:51:27.800+0000] {processor.py:914} INFO - Processing file /home/airflow/.local/lib/python3.12/site-packages/airflow/example_dags/example_python_operator.py for tasks to queue
[2025-04-25T23:51:27.804+0000] {logging_mixin.py:190} INFO - [2025-04-25T23:51:27.803+0000] {dagbag.py:588} INFO - Filling up the DagBag from /home/airflow/.local/lib/python3.12/site-packages/airflow/example_dags/example_python_operator.py
[2025-04-25T23:51:27.855+0000] {processor.py:925} INFO - DAG(s) 'example_python_operator' retrieved from /home/airflow/.local/lib/python3.12/site-packages/airflow/example_dags/example_python_operator.py
[2025-04-25T23:51:27.898+0000] {logging_mixin.py:190} INFO - [2025-04-25T23:51:27.898+0000] {dag.py:3239} INFO - Sync 1 DAGs
[2025-04-25T23:51:27.940+0000] {logging_mixin.py:190} INFO - [2025-04-25T23:51:27.939+0000] {dag.py:4180} INFO - Setting next_dagrun for example_python_operator to None, run_after=None
[2025-04-25T23:51:27.985+0000] {processor.py:208} INFO - Processing /home/airflow/.local/lib/python3.12/site-packages/airflow/example_dags/example_python_operator.py took 0.196 seconds
[2025-04-25T23:51:58.029+0000] {processor.py:186} INFO - Started process (PID=1758) to work on /home/airflow/.local/lib/python3.12/site-packages/airflow/example_dags/example_python_operator.py
[2025-04-25T23:51:58.032+0000] {processor.py:914} INFO - Processing file /home/airflow/.local/lib/python3.12/site-packages/airflow/example_dags/example_python_operator.py for tasks to queue
[2025-04-25T23:51:58.036+0000] {logging_mixin.py:190} INFO - [2025-04-25T23:51:58.035+0000] {dagbag.py:588} INFO - Filling up the DagBag from /home/airflow/.local/lib/python3.12/site-packages/airflow/example_dags/example_python_operator.py
[2025-04-25T23:51:58.050+0000] {processor.py:925} INFO - DAG(s) 'example_python_operator' retrieved from /home/airflow/.local/lib/python3.12/site-packages/airflow/example_dags/example_python_operator.py
[2025-04-25T23:51:58.077+0000] {logging_mixin.py:190} INFO - [2025-04-25T23:51:58.077+0000] {dag.py:3239} INFO - Sync 1 DAGs
[2025-04-25T23:51:58.094+0000] {logging_mixin.py:190} INFO - [2025-04-25T23:51:58.094+0000] {dag.py:4180} INFO - Setting next_dagrun for example_python_operator to None, run_after=None
[2025-04-25T23:51:58.115+0000] {processor.py:208} INFO - Processing /home/airflow/.local/lib/python3.12/site-packages/airflow/example_dags/example_python_operator.py took 0.094 seconds
[2025-04-25T23:52:28.690+0000] {processor.py:186} INFO - Started process (PID=1822) to work on /home/airflow/.local/lib/python3.12/site-packages/airflow/example_dags/example_python_operator.py
[2025-04-25T23:52:28.691+0000] {processor.py:914} INFO - Processing file /home/airflow/.local/lib/python3.12/site-packages/airflow/example_dags/example_python_operator.py for tasks to queue
[2025-04-25T23:52:28.695+0000] {logging_mixin.py:190} INFO - [2025-04-25T23:52:28.695+0000] {dagbag.py:588} INFO - Filling up the DagBag from /home/airflow/.local/lib/python3.12/site-packages/airflow/example_dags/example_python_operator.py
[2025-04-25T23:52:28.715+0000] {processor.py:925} INFO - DAG(s) 'example_python_operator' retrieved from /home/airflow/.local/lib/python3.12/site-packages/airflow/example_dags/example_python_operator.py
[2025-04-25T23:52:28.750+0000] {logging_mixin.py:190} INFO - [2025-04-25T23:52:28.750+0000] {dag.py:3239} INFO - Sync 1 DAGs
[2025-04-25T23:52:28.775+0000] {logging_mixin.py:190} INFO - [2025-04-25T23:52:28.774+0000] {dag.py:4180} INFO - Setting next_dagrun for example_python_operator to None, run_after=None
[2025-04-25T23:52:28.807+0000] {processor.py:208} INFO - Processing /home/airflow/.local/lib/python3.12/site-packages/airflow/example_dags/example_python_operator.py took 0.126 seconds
[2025-04-25T23:52:59.170+0000] {processor.py:186} INFO - Started process (PID=1886) to work on /home/airflow/.local/lib/python3.12/site-packages/airflow/example_dags/example_python_operator.py
[2025-04-25T23:52:59.172+0000] {processor.py:914} INFO - Processing file /home/airflow/.local/lib/python3.12/site-packages/airflow/example_dags/example_python_operator.py for tasks to queue
[2025-04-25T23:52:59.175+0000] {logging_mixin.py:190} INFO - [2025-04-25T23:52:59.175+0000] {dagbag.py:588} INFO - Filling up the DagBag from /home/airflow/.local/lib/python3.12/site-packages/airflow/example_dags/example_python_operator.py
[2025-04-25T23:52:59.190+0000] {processor.py:925} INFO - DAG(s) 'example_python_operator' retrieved from /home/airflow/.local/lib/python3.12/site-packages/airflow/example_dags/example_python_operator.py
[2025-04-25T23:52:59.217+0000] {logging_mixin.py:190} INFO - [2025-04-25T23:52:59.216+0000] {dag.py:3239} INFO - Sync 1 DAGs
[2025-04-25T23:52:59.233+0000] {logging_mixin.py:190} INFO - [2025-04-25T23:52:59.233+0000] {dag.py:4180} INFO - Setting next_dagrun for example_python_operator to None, run_after=None
[2025-04-25T23:52:59.256+0000] {processor.py:208} INFO - Processing /home/airflow/.local/lib/python3.12/site-packages/airflow/example_dags/example_python_operator.py took 0.093 seconds
[2025-04-25T23:53:31.703+0000] {processor.py:186} INFO - Started process (PID=1957) to work on /home/airflow/.local/lib/python3.12/site-packages/airflow/example_dags/example_python_operator.py
[2025-04-25T23:53:31.705+0000] {processor.py:914} INFO - Processing file /home/airflow/.local/lib/python3.12/site-packages/airflow/example_dags/example_python_operator.py for tasks to queue
[2025-04-25T23:53:31.708+0000] {logging_mixin.py:190} INFO - [2025-04-25T23:53:31.707+0000] {dagbag.py:588} INFO - Filling up the DagBag from /home/airflow/.local/lib/python3.12/site-packages/airflow/example_dags/example_python_operator.py
[2025-04-25T23:53:31.724+0000] {processor.py:925} INFO - DAG(s) 'example_python_operator' retrieved from /home/airflow/.local/lib/python3.12/site-packages/airflow/example_dags/example_python_operator.py
[2025-04-25T23:53:31.753+0000] {logging_mixin.py:190} INFO - [2025-04-25T23:53:31.752+0000] {dag.py:3239} INFO - Sync 1 DAGs
[2025-04-25T23:53:31.769+0000] {logging_mixin.py:190} INFO - [2025-04-25T23:53:31.769+0000] {dag.py:4180} INFO - Setting next_dagrun for example_python_operator to None, run_after=None
[2025-04-25T23:53:31.796+0000] {processor.py:208} INFO - Processing /home/airflow/.local/lib/python3.12/site-packages/airflow/example_dags/example_python_operator.py took 0.100 seconds
[2025-04-25T23:54:04.254+0000] {processor.py:186} INFO - Started process (PID=2021) to work on /home/airflow/.local/lib/python3.12/site-packages/airflow/example_dags/example_python_operator.py
[2025-04-25T23:54:04.258+0000] {processor.py:914} INFO - Processing file /home/airflow/.local/lib/python3.12/site-packages/airflow/example_dags/example_python_operator.py for tasks to queue
[2025-04-25T23:54:04.261+0000] {logging_mixin.py:190} INFO - [2025-04-25T23:54:04.261+0000] {dagbag.py:588} INFO - Filling up the DagBag from /home/airflow/.local/lib/python3.12/site-packages/airflow/example_dags/example_python_operator.py
[2025-04-25T23:54:04.288+0000] {processor.py:925} INFO - DAG(s) 'example_python_operator' retrieved from /home/airflow/.local/lib/python3.12/site-packages/airflow/example_dags/example_python_operator.py
[2025-04-25T23:54:04.336+0000] {logging_mixin.py:190} INFO - [2025-04-25T23:54:04.336+0000] {dag.py:3239} INFO - Sync 1 DAGs
[2025-04-25T23:54:04.357+0000] {logging_mixin.py:190} INFO - [2025-04-25T23:54:04.357+0000] {dag.py:4180} INFO - Setting next_dagrun for example_python_operator to None, run_after=None
[2025-04-25T23:54:04.404+0000] {processor.py:208} INFO - Processing /home/airflow/.local/lib/python3.12/site-packages/airflow/example_dags/example_python_operator.py took 0.159 seconds
[2025-04-25T23:54:34.817+0000] {processor.py:186} INFO - Started process (PID=2085) to work on /home/airflow/.local/lib/python3.12/site-packages/airflow/example_dags/example_python_operator.py
[2025-04-25T23:54:34.818+0000] {processor.py:914} INFO - Processing file /home/airflow/.local/lib/python3.12/site-packages/airflow/example_dags/example_python_operator.py for tasks to queue
[2025-04-25T23:54:34.821+0000] {logging_mixin.py:190} INFO - [2025-04-25T23:54:34.821+0000] {dagbag.py:588} INFO - Filling up the DagBag from /home/airflow/.local/lib/python3.12/site-packages/airflow/example_dags/example_python_operator.py
[2025-04-25T23:54:34.835+0000] {processor.py:925} INFO - DAG(s) 'example_python_operator' retrieved from /home/airflow/.local/lib/python3.12/site-packages/airflow/example_dags/example_python_operator.py
[2025-04-25T23:54:34.860+0000] {logging_mixin.py:190} INFO - [2025-04-25T23:54:34.860+0000] {dag.py:3239} INFO - Sync 1 DAGs
[2025-04-25T23:54:34.876+0000] {logging_mixin.py:190} INFO - [2025-04-25T23:54:34.876+0000] {dag.py:4180} INFO - Setting next_dagrun for example_python_operator to None, run_after=None
[2025-04-25T23:54:34.899+0000] {processor.py:208} INFO - Processing /home/airflow/.local/lib/python3.12/site-packages/airflow/example_dags/example_python_operator.py took 0.089 seconds
[2025-04-25T23:55:05.679+0000] {processor.py:186} INFO - Started process (PID=2149) to work on /home/airflow/.local/lib/python3.12/site-packages/airflow/example_dags/example_python_operator.py
[2025-04-25T23:55:05.681+0000] {processor.py:914} INFO - Processing file /home/airflow/.local/lib/python3.12/site-packages/airflow/example_dags/example_python_operator.py for tasks to queue
[2025-04-25T23:55:05.685+0000] {logging_mixin.py:190} INFO - [2025-04-25T23:55:05.684+0000] {dagbag.py:588} INFO - Filling up the DagBag from /home/airflow/.local/lib/python3.12/site-packages/airflow/example_dags/example_python_operator.py
[2025-04-25T23:55:05.706+0000] {processor.py:925} INFO - DAG(s) 'example_python_operator' retrieved from /home/airflow/.local/lib/python3.12/site-packages/airflow/example_dags/example_python_operator.py
[2025-04-25T23:55:05.776+0000] {logging_mixin.py:190} INFO - [2025-04-25T23:55:05.775+0000] {dag.py:3239} INFO - Sync 1 DAGs
[2025-04-25T23:55:05.815+0000] {logging_mixin.py:190} INFO - [2025-04-25T23:55:05.815+0000] {dag.py:4180} INFO - Setting next_dagrun for example_python_operator to None, run_after=None
[2025-04-25T23:55:05.847+0000] {processor.py:208} INFO - Processing /home/airflow/.local/lib/python3.12/site-packages/airflow/example_dags/example_python_operator.py took 0.178 seconds
[2025-04-25T23:55:36.788+0000] {processor.py:186} INFO - Started process (PID=2213) to work on /home/airflow/.local/lib/python3.12/site-packages/airflow/example_dags/example_python_operator.py
[2025-04-25T23:55:36.790+0000] {processor.py:914} INFO - Processing file /home/airflow/.local/lib/python3.12/site-packages/airflow/example_dags/example_python_operator.py for tasks to queue
[2025-04-25T23:55:36.793+0000] {logging_mixin.py:190} INFO - [2025-04-25T23:55:36.793+0000] {dagbag.py:588} INFO - Filling up the DagBag from /home/airflow/.local/lib/python3.12/site-packages/airflow/example_dags/example_python_operator.py
[2025-04-25T23:55:36.818+0000] {processor.py:925} INFO - DAG(s) 'example_python_operator' retrieved from /home/airflow/.local/lib/python3.12/site-packages/airflow/example_dags/example_python_operator.py
[2025-04-25T23:55:36.857+0000] {logging_mixin.py:190} INFO - [2025-04-25T23:55:36.857+0000] {dag.py:3239} INFO - Sync 1 DAGs
[2025-04-25T23:55:36.893+0000] {logging_mixin.py:190} INFO - [2025-04-25T23:55:36.893+0000] {dag.py:4180} INFO - Setting next_dagrun for example_python_operator to None, run_after=None
[2025-04-25T23:55:36.921+0000] {processor.py:208} INFO - Processing /home/airflow/.local/lib/python3.12/site-packages/airflow/example_dags/example_python_operator.py took 0.142 seconds
[2025-04-25T23:56:09.667+0000] {processor.py:186} INFO - Started process (PID=2277) to work on /home/airflow/.local/lib/python3.12/site-packages/airflow/example_dags/example_python_operator.py
[2025-04-25T23:56:09.668+0000] {processor.py:914} INFO - Processing file /home/airflow/.local/lib/python3.12/site-packages/airflow/example_dags/example_python_operator.py for tasks to queue
[2025-04-25T23:56:09.671+0000] {logging_mixin.py:190} INFO - [2025-04-25T23:56:09.671+0000] {dagbag.py:588} INFO - Filling up the DagBag from /home/airflow/.local/lib/python3.12/site-packages/airflow/example_dags/example_python_operator.py
[2025-04-25T23:56:09.689+0000] {processor.py:925} INFO - DAG(s) 'example_python_operator' retrieved from /home/airflow/.local/lib/python3.12/site-packages/airflow/example_dags/example_python_operator.py
[2025-04-25T23:56:09.714+0000] {logging_mixin.py:190} INFO - [2025-04-25T23:56:09.714+0000] {dag.py:3239} INFO - Sync 1 DAGs
[2025-04-25T23:56:09.733+0000] {logging_mixin.py:190} INFO - [2025-04-25T23:56:09.733+0000] {dag.py:4180} INFO - Setting next_dagrun for example_python_operator to None, run_after=None
[2025-04-25T23:56:09.753+0000] {processor.py:208} INFO - Processing /home/airflow/.local/lib/python3.12/site-packages/airflow/example_dags/example_python_operator.py took 0.092 seconds
[2025-04-25T23:56:40.489+0000] {processor.py:186} INFO - Started process (PID=2341) to work on /home/airflow/.local/lib/python3.12/site-packages/airflow/example_dags/example_python_operator.py
[2025-04-25T23:56:40.490+0000] {processor.py:914} INFO - Processing file /home/airflow/.local/lib/python3.12/site-packages/airflow/example_dags/example_python_operator.py for tasks to queue
[2025-04-25T23:56:40.492+0000] {logging_mixin.py:190} INFO - [2025-04-25T23:56:40.491+0000] {dagbag.py:588} INFO - Filling up the DagBag from /home/airflow/.local/lib/python3.12/site-packages/airflow/example_dags/example_python_operator.py
[2025-04-25T23:56:40.507+0000] {processor.py:925} INFO - DAG(s) 'example_python_operator' retrieved from /home/airflow/.local/lib/python3.12/site-packages/airflow/example_dags/example_python_operator.py
[2025-04-25T23:56:40.543+0000] {logging_mixin.py:190} INFO - [2025-04-25T23:56:40.543+0000] {dag.py:3239} INFO - Sync 1 DAGs
[2025-04-25T23:56:40.561+0000] {logging_mixin.py:190} INFO - [2025-04-25T23:56:40.561+0000] {dag.py:4180} INFO - Setting next_dagrun for example_python_operator to None, run_after=None
[2025-04-25T23:56:40.586+0000] {processor.py:208} INFO - Processing /home/airflow/.local/lib/python3.12/site-packages/airflow/example_dags/example_python_operator.py took 0.106 seconds
[2025-04-25T23:57:11.075+0000] {processor.py:186} INFO - Started process (PID=2404) to work on /home/airflow/.local/lib/python3.12/site-packages/airflow/example_dags/example_python_operator.py
[2025-04-25T23:57:11.077+0000] {processor.py:914} INFO - Processing file /home/airflow/.local/lib/python3.12/site-packages/airflow/example_dags/example_python_operator.py for tasks to queue
[2025-04-25T23:57:11.079+0000] {logging_mixin.py:190} INFO - [2025-04-25T23:57:11.078+0000] {dagbag.py:588} INFO - Filling up the DagBag from /home/airflow/.local/lib/python3.12/site-packages/airflow/example_dags/example_python_operator.py
[2025-04-25T23:57:11.103+0000] {processor.py:925} INFO - DAG(s) 'example_python_operator' retrieved from /home/airflow/.local/lib/python3.12/site-packages/airflow/example_dags/example_python_operator.py
[2025-04-25T23:57:11.147+0000] {logging_mixin.py:190} INFO - [2025-04-25T23:57:11.146+0000] {dag.py:3239} INFO - Sync 1 DAGs
[2025-04-25T23:57:11.177+0000] {logging_mixin.py:190} INFO - [2025-04-25T23:57:11.176+0000] {dag.py:4180} INFO - Setting next_dagrun for example_python_operator to None, run_after=None
[2025-04-25T23:57:11.227+0000] {processor.py:208} INFO - Processing /home/airflow/.local/lib/python3.12/site-packages/airflow/example_dags/example_python_operator.py took 0.167 seconds
[2025-04-25T23:57:44.921+0000] {processor.py:186} INFO - Started process (PID=2465) to work on /home/airflow/.local/lib/python3.12/site-packages/airflow/example_dags/example_python_operator.py
[2025-04-25T23:57:44.923+0000] {processor.py:914} INFO - Processing file /home/airflow/.local/lib/python3.12/site-packages/airflow/example_dags/example_python_operator.py for tasks to queue
[2025-04-25T23:57:44.926+0000] {logging_mixin.py:190} INFO - [2025-04-25T23:57:44.925+0000] {dagbag.py:588} INFO - Filling up the DagBag from /home/airflow/.local/lib/python3.12/site-packages/airflow/example_dags/example_python_operator.py
[2025-04-25T23:57:45.004+0000] {processor.py:925} INFO - DAG(s) 'example_python_operator' retrieved from /home/airflow/.local/lib/python3.12/site-packages/airflow/example_dags/example_python_operator.py
[2025-04-25T23:57:45.083+0000] {logging_mixin.py:190} INFO - [2025-04-25T23:57:45.083+0000] {dag.py:3239} INFO - Sync 1 DAGs
[2025-04-25T23:57:45.278+0000] {logging_mixin.py:190} INFO - [2025-04-25T23:57:45.278+0000] {dag.py:4180} INFO - Setting next_dagrun for example_python_operator to None, run_after=None
[2025-04-25T23:57:45.335+0000] {processor.py:208} INFO - Processing /home/airflow/.local/lib/python3.12/site-packages/airflow/example_dags/example_python_operator.py took 0.446 seconds
[2025-04-25T23:59:09.022+0000] {processor.py:186} INFO - Started process (PID=2530) to work on /home/airflow/.local/lib/python3.12/site-packages/airflow/example_dags/example_python_operator.py
[2025-04-25T23:59:09.023+0000] {processor.py:914} INFO - Processing file /home/airflow/.local/lib/python3.12/site-packages/airflow/example_dags/example_python_operator.py for tasks to queue
[2025-04-25T23:59:09.026+0000] {logging_mixin.py:190} INFO - [2025-04-25T23:59:09.025+0000] {dagbag.py:588} INFO - Filling up the DagBag from /home/airflow/.local/lib/python3.12/site-packages/airflow/example_dags/example_python_operator.py
[2025-04-25T23:59:09.058+0000] {processor.py:925} INFO - DAG(s) 'example_python_operator' retrieved from /home/airflow/.local/lib/python3.12/site-packages/airflow/example_dags/example_python_operator.py
[2025-04-25T23:59:09.141+0000] {logging_mixin.py:190} INFO - [2025-04-25T23:59:09.140+0000] {dag.py:3239} INFO - Sync 1 DAGs
[2025-04-25T23:59:09.254+0000] {logging_mixin.py:190} INFO - [2025-04-25T23:59:09.254+0000] {dag.py:4180} INFO - Setting next_dagrun for example_python_operator to None, run_after=None
[2025-04-25T23:59:09.305+0000] {processor.py:208} INFO - Processing /home/airflow/.local/lib/python3.12/site-packages/airflow/example_dags/example_python_operator.py took 0.290 seconds
[2025-04-25T23:59:45.160+0000] {processor.py:186} INFO - Started process (PID=2594) to work on /home/airflow/.local/lib/python3.12/site-packages/airflow/example_dags/example_python_operator.py
[2025-04-25T23:59:45.163+0000] {processor.py:914} INFO - Processing file /home/airflow/.local/lib/python3.12/site-packages/airflow/example_dags/example_python_operator.py for tasks to queue
[2025-04-25T23:59:45.166+0000] {logging_mixin.py:190} INFO - [2025-04-25T23:59:45.165+0000] {dagbag.py:588} INFO - Filling up the DagBag from /home/airflow/.local/lib/python3.12/site-packages/airflow/example_dags/example_python_operator.py
[2025-04-25T23:59:45.205+0000] {processor.py:925} INFO - DAG(s) 'example_python_operator' retrieved from /home/airflow/.local/lib/python3.12/site-packages/airflow/example_dags/example_python_operator.py
[2025-04-25T23:59:45.294+0000] {logging_mixin.py:190} INFO - [2025-04-25T23:59:45.293+0000] {dag.py:3239} INFO - Sync 1 DAGs
[2025-04-25T23:59:45.342+0000] {logging_mixin.py:190} INFO - [2025-04-25T23:59:45.340+0000] {dag.py:4180} INFO - Setting next_dagrun for example_python_operator to None, run_after=None
[2025-04-25T23:59:45.388+0000] {processor.py:208} INFO - Processing /home/airflow/.local/lib/python3.12/site-packages/airflow/example_dags/example_python_operator.py took 0.241 seconds
