[2025-04-25T23:32:15.940+0000] {processor.py:186} INFO - Started process (PID=106) to work on /home/airflow/.local/lib/python3.12/site-packages/airflow/example_dags/example_latest_only_with_trigger.py
[2025-04-25T23:32:15.951+0000] {processor.py:914} INFO - Processing file /home/airflow/.local/lib/python3.12/site-packages/airflow/example_dags/example_latest_only_with_trigger.py for tasks to queue
[2025-04-25T23:32:15.987+0000] {logging_mixin.py:190} INFO - [2025-04-25T23:32:15.982+0000] {dagbag.py:588} INFO - Filling up the DagBag from /home/airflow/.local/lib/python3.12/site-packages/airflow/example_dags/example_latest_only_with_trigger.py
[2025-04-25T23:32:16.185+0000] {processor.py:925} INFO - DAG(s) 'latest_only_with_trigger' retrieved from /home/airflow/.local/lib/python3.12/site-packages/airflow/example_dags/example_latest_only_with_trigger.py
[2025-04-25T23:32:17.807+0000] {logging_mixin.py:190} INFO - [2025-04-25T23:32:17.806+0000] {override.py:1911} INFO - Created Permission View: can delete on DAG:latest_only_with_trigger
[2025-04-25T23:32:17.857+0000] {logging_mixin.py:190} INFO - [2025-04-25T23:32:17.856+0000] {override.py:1911} INFO - Created Permission View: can read on DAG:latest_only_with_trigger
[2025-04-25T23:32:17.908+0000] {logging_mixin.py:190} INFO - [2025-04-25T23:32:17.898+0000] {override.py:1911} INFO - Created Permission View: can edit on DAG:latest_only_with_trigger
[2025-04-25T23:32:17.943+0000] {logging_mixin.py:190} INFO - [2025-04-25T23:32:17.943+0000] {override.py:1911} INFO - Created Permission View: can create on DAG Run:latest_only_with_trigger
[2025-04-25T23:32:17.985+0000] {logging_mixin.py:190} INFO - [2025-04-25T23:32:17.985+0000] {override.py:1911} INFO - Created Permission View: can delete on DAG Run:latest_only_with_trigger
[2025-04-25T23:32:18.384+0000] {logging_mixin.py:190} INFO - [2025-04-25T23:32:18.318+0000] {override.py:1911} INFO - Created Permission View: can read on DAG Run:latest_only_with_trigger
[2025-04-25T23:32:18.694+0000] {logging_mixin.py:190} INFO - [2025-04-25T23:32:18.693+0000] {override.py:1911} INFO - Created Permission View: menu access on DAG Run:latest_only_with_trigger
[2025-04-25T23:32:18.757+0000] {logging_mixin.py:190} INFO - [2025-04-25T23:32:18.754+0000] {dag.py:3239} INFO - Sync 1 DAGs
[2025-04-25T23:32:19.183+0000] {logging_mixin.py:190} INFO - [2025-04-25T23:32:19.182+0000] {dag.py:3262} INFO - Creating ORM DAG for latest_only_with_trigger
[2025-04-25T23:32:19.715+0000] {logging_mixin.py:190} INFO - [2025-04-25T23:32:19.645+0000] {dag.py:4180} INFO - Setting next_dagrun for latest_only_with_trigger to 2025-04-25 16:00:00+00:00, run_after=2025-04-25 20:00:00+00:00
[2025-04-25T23:32:19.901+0000] {processor.py:208} INFO - Processing /home/airflow/.local/lib/python3.12/site-packages/airflow/example_dags/example_latest_only_with_trigger.py took 4.003 seconds
[2025-04-25T23:33:46.178+0000] {processor.py:186} INFO - Started process (PID=181) to work on /home/airflow/.local/lib/python3.12/site-packages/airflow/example_dags/example_latest_only_with_trigger.py
[2025-04-25T23:33:46.183+0000] {processor.py:914} INFO - Processing file /home/airflow/.local/lib/python3.12/site-packages/airflow/example_dags/example_latest_only_with_trigger.py for tasks to queue
[2025-04-25T23:33:46.190+0000] {logging_mixin.py:190} INFO - [2025-04-25T23:33:46.189+0000] {dagbag.py:588} INFO - Filling up the DagBag from /home/airflow/.local/lib/python3.12/site-packages/airflow/example_dags/example_latest_only_with_trigger.py
[2025-04-25T23:33:46.219+0000] {processor.py:925} INFO - DAG(s) 'latest_only_with_trigger' retrieved from /home/airflow/.local/lib/python3.12/site-packages/airflow/example_dags/example_latest_only_with_trigger.py
[2025-04-25T23:33:46.274+0000] {logging_mixin.py:190} INFO - [2025-04-25T23:33:46.273+0000] {dag.py:3239} INFO - Sync 1 DAGs
[2025-04-25T23:33:46.322+0000] {logging_mixin.py:190} INFO - [2025-04-25T23:33:46.322+0000] {dag.py:4180} INFO - Setting next_dagrun for latest_only_with_trigger to 2025-04-25 16:00:00+00:00, run_after=2025-04-25 20:00:00+00:00
[2025-04-25T23:33:46.353+0000] {processor.py:208} INFO - Processing /home/airflow/.local/lib/python3.12/site-packages/airflow/example_dags/example_latest_only_with_trigger.py took 0.189 seconds
[2025-04-25T23:34:47.022+0000] {processor.py:186} INFO - Started process (PID=243) to work on /home/airflow/.local/lib/python3.12/site-packages/airflow/example_dags/example_latest_only_with_trigger.py
[2025-04-25T23:34:47.029+0000] {processor.py:914} INFO - Processing file /home/airflow/.local/lib/python3.12/site-packages/airflow/example_dags/example_latest_only_with_trigger.py for tasks to queue
[2025-04-25T23:34:47.043+0000] {logging_mixin.py:190} INFO - [2025-04-25T23:34:47.042+0000] {dagbag.py:588} INFO - Filling up the DagBag from /home/airflow/.local/lib/python3.12/site-packages/airflow/example_dags/example_latest_only_with_trigger.py
[2025-04-25T23:34:47.329+0000] {processor.py:925} INFO - DAG(s) 'latest_only_with_trigger' retrieved from /home/airflow/.local/lib/python3.12/site-packages/airflow/example_dags/example_latest_only_with_trigger.py
[2025-04-25T23:34:48.180+0000] {logging_mixin.py:190} INFO - [2025-04-25T23:34:48.179+0000] {dag.py:3239} INFO - Sync 1 DAGs
[2025-04-25T23:34:48.524+0000] {logging_mixin.py:190} INFO - [2025-04-25T23:34:48.524+0000] {dag.py:4180} INFO - Setting next_dagrun for latest_only_with_trigger to 2025-04-25 16:00:00+00:00, run_after=2025-04-25 20:00:00+00:00
[2025-04-25T23:34:48.757+0000] {processor.py:208} INFO - Processing /home/airflow/.local/lib/python3.12/site-packages/airflow/example_dags/example_latest_only_with_trigger.py took 1.871 seconds
[2025-04-25T23:37:22.227+0000] {processor.py:186} INFO - Started process (PID=88) to work on /home/airflow/.local/lib/python3.12/site-packages/airflow/example_dags/example_latest_only_with_trigger.py
[2025-04-25T23:37:22.229+0000] {processor.py:914} INFO - Processing file /home/airflow/.local/lib/python3.12/site-packages/airflow/example_dags/example_latest_only_with_trigger.py for tasks to queue
[2025-04-25T23:37:22.237+0000] {logging_mixin.py:190} INFO - [2025-04-25T23:37:22.236+0000] {dagbag.py:588} INFO - Filling up the DagBag from /home/airflow/.local/lib/python3.12/site-packages/airflow/example_dags/example_latest_only_with_trigger.py
[2025-04-25T23:37:22.276+0000] {processor.py:925} INFO - DAG(s) 'latest_only_with_trigger' retrieved from /home/airflow/.local/lib/python3.12/site-packages/airflow/example_dags/example_latest_only_with_trigger.py
[2025-04-25T23:37:22.448+0000] {logging_mixin.py:190} INFO - [2025-04-25T23:37:22.445+0000] {dag.py:3239} INFO - Sync 1 DAGs
[2025-04-25T23:37:22.654+0000] {logging_mixin.py:190} INFO - [2025-04-25T23:37:22.654+0000] {dag.py:4180} INFO - Setting next_dagrun for latest_only_with_trigger to 2025-04-25 16:00:00+00:00, run_after=2025-04-25 20:00:00+00:00
[2025-04-25T23:37:22.710+0000] {processor.py:208} INFO - Processing /home/airflow/.local/lib/python3.12/site-packages/airflow/example_dags/example_latest_only_with_trigger.py took 0.539 seconds
[2025-04-25T23:38:08.173+0000] {processor.py:186} INFO - Started process (PID=151) to work on /home/airflow/.local/lib/python3.12/site-packages/airflow/example_dags/example_latest_only_with_trigger.py
[2025-04-25T23:38:08.174+0000] {processor.py:914} INFO - Processing file /home/airflow/.local/lib/python3.12/site-packages/airflow/example_dags/example_latest_only_with_trigger.py for tasks to queue
[2025-04-25T23:38:08.179+0000] {logging_mixin.py:190} INFO - [2025-04-25T23:38:08.178+0000] {dagbag.py:588} INFO - Filling up the DagBag from /home/airflow/.local/lib/python3.12/site-packages/airflow/example_dags/example_latest_only_with_trigger.py
[2025-04-25T23:38:08.191+0000] {processor.py:925} INFO - DAG(s) 'latest_only_with_trigger' retrieved from /home/airflow/.local/lib/python3.12/site-packages/airflow/example_dags/example_latest_only_with_trigger.py
[2025-04-25T23:38:08.242+0000] {logging_mixin.py:190} INFO - [2025-04-25T23:38:08.242+0000] {dag.py:3239} INFO - Sync 1 DAGs
[2025-04-25T23:38:08.298+0000] {logging_mixin.py:190} INFO - [2025-04-25T23:38:08.297+0000] {dag.py:4180} INFO - Setting next_dagrun for latest_only_with_trigger to 2025-04-25 16:00:00+00:00, run_after=2025-04-25 20:00:00+00:00
[2025-04-25T23:38:08.342+0000] {processor.py:208} INFO - Processing /home/airflow/.local/lib/python3.12/site-packages/airflow/example_dags/example_latest_only_with_trigger.py took 0.176 seconds
[2025-04-25T23:38:47.822+0000] {processor.py:186} INFO - Started process (PID=213) to work on /home/airflow/.local/lib/python3.12/site-packages/airflow/example_dags/example_latest_only_with_trigger.py
[2025-04-25T23:38:47.823+0000] {processor.py:914} INFO - Processing file /home/airflow/.local/lib/python3.12/site-packages/airflow/example_dags/example_latest_only_with_trigger.py for tasks to queue
[2025-04-25T23:38:47.827+0000] {logging_mixin.py:190} INFO - [2025-04-25T23:38:47.826+0000] {dagbag.py:588} INFO - Filling up the DagBag from /home/airflow/.local/lib/python3.12/site-packages/airflow/example_dags/example_latest_only_with_trigger.py
[2025-04-25T23:38:47.840+0000] {processor.py:925} INFO - DAG(s) 'latest_only_with_trigger' retrieved from /home/airflow/.local/lib/python3.12/site-packages/airflow/example_dags/example_latest_only_with_trigger.py
[2025-04-25T23:38:47.879+0000] {logging_mixin.py:190} INFO - [2025-04-25T23:38:47.878+0000] {dag.py:3239} INFO - Sync 1 DAGs
[2025-04-25T23:38:47.924+0000] {logging_mixin.py:190} INFO - [2025-04-25T23:38:47.923+0000] {dag.py:4180} INFO - Setting next_dagrun for latest_only_with_trigger to 2025-04-25 16:00:00+00:00, run_after=2025-04-25 20:00:00+00:00
[2025-04-25T23:38:47.973+0000] {processor.py:208} INFO - Processing /home/airflow/.local/lib/python3.12/site-packages/airflow/example_dags/example_latest_only_with_trigger.py took 0.161 seconds
[2025-04-25T23:39:19.270+0000] {processor.py:186} INFO - Started process (PID=276) to work on /home/airflow/.local/lib/python3.12/site-packages/airflow/example_dags/example_latest_only_with_trigger.py
[2025-04-25T23:39:19.271+0000] {processor.py:914} INFO - Processing file /home/airflow/.local/lib/python3.12/site-packages/airflow/example_dags/example_latest_only_with_trigger.py for tasks to queue
[2025-04-25T23:39:19.275+0000] {logging_mixin.py:190} INFO - [2025-04-25T23:39:19.275+0000] {dagbag.py:588} INFO - Filling up the DagBag from /home/airflow/.local/lib/python3.12/site-packages/airflow/example_dags/example_latest_only_with_trigger.py
[2025-04-25T23:39:19.288+0000] {processor.py:925} INFO - DAG(s) 'latest_only_with_trigger' retrieved from /home/airflow/.local/lib/python3.12/site-packages/airflow/example_dags/example_latest_only_with_trigger.py
[2025-04-25T23:39:19.325+0000] {logging_mixin.py:190} INFO - [2025-04-25T23:39:19.325+0000] {dag.py:3239} INFO - Sync 1 DAGs
[2025-04-25T23:39:19.444+0000] {logging_mixin.py:190} INFO - [2025-04-25T23:39:19.443+0000] {dag.py:4180} INFO - Setting next_dagrun for latest_only_with_trigger to 2025-04-25 16:00:00+00:00, run_after=2025-04-25 20:00:00+00:00
[2025-04-25T23:39:19.490+0000] {processor.py:208} INFO - Processing /home/airflow/.local/lib/python3.12/site-packages/airflow/example_dags/example_latest_only_with_trigger.py took 0.230 seconds
[2025-04-25T23:40:00.005+0000] {processor.py:186} INFO - Started process (PID=345) to work on /home/airflow/.local/lib/python3.12/site-packages/airflow/example_dags/example_latest_only_with_trigger.py
[2025-04-25T23:40:00.006+0000] {processor.py:914} INFO - Processing file /home/airflow/.local/lib/python3.12/site-packages/airflow/example_dags/example_latest_only_with_trigger.py for tasks to queue
[2025-04-25T23:40:00.035+0000] {logging_mixin.py:190} INFO - [2025-04-25T23:40:00.027+0000] {dagbag.py:588} INFO - Filling up the DagBag from /home/airflow/.local/lib/python3.12/site-packages/airflow/example_dags/example_latest_only_with_trigger.py
[2025-04-25T23:40:00.091+0000] {processor.py:925} INFO - DAG(s) 'latest_only_with_trigger' retrieved from /home/airflow/.local/lib/python3.12/site-packages/airflow/example_dags/example_latest_only_with_trigger.py
[2025-04-25T23:40:00.144+0000] {logging_mixin.py:190} INFO - [2025-04-25T23:40:00.144+0000] {dag.py:3239} INFO - Sync 1 DAGs
[2025-04-25T23:40:00.288+0000] {logging_mixin.py:190} INFO - [2025-04-25T23:40:00.288+0000] {dag.py:4180} INFO - Setting next_dagrun for latest_only_with_trigger to 2025-04-25 16:00:00+00:00, run_after=2025-04-25 20:00:00+00:00
[2025-04-25T23:40:00.324+0000] {processor.py:208} INFO - Processing /home/airflow/.local/lib/python3.12/site-packages/airflow/example_dags/example_latest_only_with_trigger.py took 0.332 seconds
[2025-04-25T23:40:33.786+0000] {processor.py:186} INFO - Started process (PID=408) to work on /home/airflow/.local/lib/python3.12/site-packages/airflow/example_dags/example_latest_only_with_trigger.py
[2025-04-25T23:40:33.788+0000] {processor.py:914} INFO - Processing file /home/airflow/.local/lib/python3.12/site-packages/airflow/example_dags/example_latest_only_with_trigger.py for tasks to queue
[2025-04-25T23:40:33.792+0000] {logging_mixin.py:190} INFO - [2025-04-25T23:40:33.791+0000] {dagbag.py:588} INFO - Filling up the DagBag from /home/airflow/.local/lib/python3.12/site-packages/airflow/example_dags/example_latest_only_with_trigger.py
[2025-04-25T23:40:33.801+0000] {processor.py:925} INFO - DAG(s) 'latest_only_with_trigger' retrieved from /home/airflow/.local/lib/python3.12/site-packages/airflow/example_dags/example_latest_only_with_trigger.py
[2025-04-25T23:40:33.832+0000] {logging_mixin.py:190} INFO - [2025-04-25T23:40:33.832+0000] {dag.py:3239} INFO - Sync 1 DAGs
[2025-04-25T23:40:33.878+0000] {logging_mixin.py:190} INFO - [2025-04-25T23:40:33.878+0000] {dag.py:4180} INFO - Setting next_dagrun for latest_only_with_trigger to 2025-04-25 16:00:00+00:00, run_after=2025-04-25 20:00:00+00:00
[2025-04-25T23:40:33.905+0000] {processor.py:208} INFO - Processing /home/airflow/.local/lib/python3.12/site-packages/airflow/example_dags/example_latest_only_with_trigger.py took 0.127 seconds
[2025-04-25T23:41:07.002+0000] {processor.py:186} INFO - Started process (PID=471) to work on /home/airflow/.local/lib/python3.12/site-packages/airflow/example_dags/example_latest_only_with_trigger.py
[2025-04-25T23:41:07.003+0000] {processor.py:914} INFO - Processing file /home/airflow/.local/lib/python3.12/site-packages/airflow/example_dags/example_latest_only_with_trigger.py for tasks to queue
[2025-04-25T23:41:07.005+0000] {logging_mixin.py:190} INFO - [2025-04-25T23:41:07.005+0000] {dagbag.py:588} INFO - Filling up the DagBag from /home/airflow/.local/lib/python3.12/site-packages/airflow/example_dags/example_latest_only_with_trigger.py
[2025-04-25T23:41:07.015+0000] {processor.py:925} INFO - DAG(s) 'latest_only_with_trigger' retrieved from /home/airflow/.local/lib/python3.12/site-packages/airflow/example_dags/example_latest_only_with_trigger.py
[2025-04-25T23:41:07.053+0000] {logging_mixin.py:190} INFO - [2025-04-25T23:41:07.052+0000] {dag.py:3239} INFO - Sync 1 DAGs
[2025-04-25T23:41:07.096+0000] {logging_mixin.py:190} INFO - [2025-04-25T23:41:07.096+0000] {dag.py:4180} INFO - Setting next_dagrun for latest_only_with_trigger to 2025-04-25 16:00:00+00:00, run_after=2025-04-25 20:00:00+00:00
[2025-04-25T23:41:07.125+0000] {processor.py:208} INFO - Processing /home/airflow/.local/lib/python3.12/site-packages/airflow/example_dags/example_latest_only_with_trigger.py took 0.130 seconds
[2025-04-25T23:41:38.130+0000] {processor.py:186} INFO - Started process (PID=533) to work on /home/airflow/.local/lib/python3.12/site-packages/airflow/example_dags/example_latest_only_with_trigger.py
[2025-04-25T23:41:38.131+0000] {processor.py:914} INFO - Processing file /home/airflow/.local/lib/python3.12/site-packages/airflow/example_dags/example_latest_only_with_trigger.py for tasks to queue
[2025-04-25T23:41:38.135+0000] {logging_mixin.py:190} INFO - [2025-04-25T23:41:38.134+0000] {dagbag.py:588} INFO - Filling up the DagBag from /home/airflow/.local/lib/python3.12/site-packages/airflow/example_dags/example_latest_only_with_trigger.py
[2025-04-25T23:41:38.146+0000] {processor.py:925} INFO - DAG(s) 'latest_only_with_trigger' retrieved from /home/airflow/.local/lib/python3.12/site-packages/airflow/example_dags/example_latest_only_with_trigger.py
[2025-04-25T23:41:38.185+0000] {logging_mixin.py:190} INFO - [2025-04-25T23:41:38.185+0000] {dag.py:3239} INFO - Sync 1 DAGs
[2025-04-25T23:41:38.228+0000] {logging_mixin.py:190} INFO - [2025-04-25T23:41:38.227+0000] {dag.py:4180} INFO - Setting next_dagrun for latest_only_with_trigger to 2025-04-25 16:00:00+00:00, run_after=2025-04-25 20:00:00+00:00
[2025-04-25T23:41:38.289+0000] {processor.py:208} INFO - Processing /home/airflow/.local/lib/python3.12/site-packages/airflow/example_dags/example_latest_only_with_trigger.py took 0.170 seconds
[2025-04-25T23:42:10.126+0000] {processor.py:186} INFO - Started process (PID=596) to work on /home/airflow/.local/lib/python3.12/site-packages/airflow/example_dags/example_latest_only_with_trigger.py
[2025-04-25T23:42:10.127+0000] {processor.py:914} INFO - Processing file /home/airflow/.local/lib/python3.12/site-packages/airflow/example_dags/example_latest_only_with_trigger.py for tasks to queue
[2025-04-25T23:42:10.132+0000] {logging_mixin.py:190} INFO - [2025-04-25T23:42:10.131+0000] {dagbag.py:588} INFO - Filling up the DagBag from /home/airflow/.local/lib/python3.12/site-packages/airflow/example_dags/example_latest_only_with_trigger.py
[2025-04-25T23:42:10.143+0000] {processor.py:925} INFO - DAG(s) 'latest_only_with_trigger' retrieved from /home/airflow/.local/lib/python3.12/site-packages/airflow/example_dags/example_latest_only_with_trigger.py
[2025-04-25T23:42:10.173+0000] {logging_mixin.py:190} INFO - [2025-04-25T23:42:10.173+0000] {dag.py:3239} INFO - Sync 1 DAGs
[2025-04-25T23:42:10.210+0000] {logging_mixin.py:190} INFO - [2025-04-25T23:42:10.210+0000] {dag.py:4180} INFO - Setting next_dagrun for latest_only_with_trigger to 2025-04-25 16:00:00+00:00, run_after=2025-04-25 20:00:00+00:00
[2025-04-25T23:42:10.239+0000] {processor.py:208} INFO - Processing /home/airflow/.local/lib/python3.12/site-packages/airflow/example_dags/example_latest_only_with_trigger.py took 0.121 seconds
[2025-04-25T23:42:41.233+0000] {processor.py:186} INFO - Started process (PID=659) to work on /home/airflow/.local/lib/python3.12/site-packages/airflow/example_dags/example_latest_only_with_trigger.py
[2025-04-25T23:42:41.235+0000] {processor.py:914} INFO - Processing file /home/airflow/.local/lib/python3.12/site-packages/airflow/example_dags/example_latest_only_with_trigger.py for tasks to queue
[2025-04-25T23:42:41.239+0000] {logging_mixin.py:190} INFO - [2025-04-25T23:42:41.239+0000] {dagbag.py:588} INFO - Filling up the DagBag from /home/airflow/.local/lib/python3.12/site-packages/airflow/example_dags/example_latest_only_with_trigger.py
[2025-04-25T23:42:41.251+0000] {processor.py:925} INFO - DAG(s) 'latest_only_with_trigger' retrieved from /home/airflow/.local/lib/python3.12/site-packages/airflow/example_dags/example_latest_only_with_trigger.py
[2025-04-25T23:42:41.281+0000] {logging_mixin.py:190} INFO - [2025-04-25T23:42:41.281+0000] {dag.py:3239} INFO - Sync 1 DAGs
[2025-04-25T23:42:41.329+0000] {logging_mixin.py:190} INFO - [2025-04-25T23:42:41.328+0000] {dag.py:4180} INFO - Setting next_dagrun for latest_only_with_trigger to 2025-04-25 16:00:00+00:00, run_after=2025-04-25 20:00:00+00:00
[2025-04-25T23:42:41.359+0000] {processor.py:208} INFO - Processing /home/airflow/.local/lib/python3.12/site-packages/airflow/example_dags/example_latest_only_with_trigger.py took 0.136 seconds
[2025-04-25T23:43:18.146+0000] {processor.py:186} INFO - Started process (PID=722) to work on /home/airflow/.local/lib/python3.12/site-packages/airflow/example_dags/example_latest_only_with_trigger.py
[2025-04-25T23:43:18.148+0000] {processor.py:914} INFO - Processing file /home/airflow/.local/lib/python3.12/site-packages/airflow/example_dags/example_latest_only_with_trigger.py for tasks to queue
[2025-04-25T23:43:18.152+0000] {logging_mixin.py:190} INFO - [2025-04-25T23:43:18.152+0000] {dagbag.py:588} INFO - Filling up the DagBag from /home/airflow/.local/lib/python3.12/site-packages/airflow/example_dags/example_latest_only_with_trigger.py
[2025-04-25T23:43:18.167+0000] {processor.py:925} INFO - DAG(s) 'latest_only_with_trigger' retrieved from /home/airflow/.local/lib/python3.12/site-packages/airflow/example_dags/example_latest_only_with_trigger.py
[2025-04-25T23:43:18.213+0000] {logging_mixin.py:190} INFO - [2025-04-25T23:43:18.213+0000] {dag.py:3239} INFO - Sync 1 DAGs
[2025-04-25T23:43:18.280+0000] {logging_mixin.py:190} INFO - [2025-04-25T23:43:18.280+0000] {dag.py:4180} INFO - Setting next_dagrun for latest_only_with_trigger to 2025-04-25 16:00:00+00:00, run_after=2025-04-25 20:00:00+00:00
[2025-04-25T23:43:18.314+0000] {processor.py:208} INFO - Processing /home/airflow/.local/lib/python3.12/site-packages/airflow/example_dags/example_latest_only_with_trigger.py took 0.178 seconds
[2025-04-25T23:43:49.152+0000] {processor.py:186} INFO - Started process (PID=785) to work on /home/airflow/.local/lib/python3.12/site-packages/airflow/example_dags/example_latest_only_with_trigger.py
[2025-04-25T23:43:49.153+0000] {processor.py:914} INFO - Processing file /home/airflow/.local/lib/python3.12/site-packages/airflow/example_dags/example_latest_only_with_trigger.py for tasks to queue
[2025-04-25T23:43:49.158+0000] {logging_mixin.py:190} INFO - [2025-04-25T23:43:49.157+0000] {dagbag.py:588} INFO - Filling up the DagBag from /home/airflow/.local/lib/python3.12/site-packages/airflow/example_dags/example_latest_only_with_trigger.py
[2025-04-25T23:43:49.171+0000] {processor.py:925} INFO - DAG(s) 'latest_only_with_trigger' retrieved from /home/airflow/.local/lib/python3.12/site-packages/airflow/example_dags/example_latest_only_with_trigger.py
[2025-04-25T23:43:49.215+0000] {logging_mixin.py:190} INFO - [2025-04-25T23:43:49.215+0000] {dag.py:3239} INFO - Sync 1 DAGs
[2025-04-25T23:43:49.266+0000] {logging_mixin.py:190} INFO - [2025-04-25T23:43:49.266+0000] {dag.py:4180} INFO - Setting next_dagrun for latest_only_with_trigger to 2025-04-25 16:00:00+00:00, run_after=2025-04-25 20:00:00+00:00
[2025-04-25T23:43:49.305+0000] {processor.py:208} INFO - Processing /home/airflow/.local/lib/python3.12/site-packages/airflow/example_dags/example_latest_only_with_trigger.py took 0.164 seconds
[2025-04-25T23:44:19.985+0000] {processor.py:186} INFO - Started process (PID=847) to work on /home/airflow/.local/lib/python3.12/site-packages/airflow/example_dags/example_latest_only_with_trigger.py
[2025-04-25T23:44:19.986+0000] {processor.py:914} INFO - Processing file /home/airflow/.local/lib/python3.12/site-packages/airflow/example_dags/example_latest_only_with_trigger.py for tasks to queue
[2025-04-25T23:44:19.989+0000] {logging_mixin.py:190} INFO - [2025-04-25T23:44:19.989+0000] {dagbag.py:588} INFO - Filling up the DagBag from /home/airflow/.local/lib/python3.12/site-packages/airflow/example_dags/example_latest_only_with_trigger.py
[2025-04-25T23:44:20.000+0000] {processor.py:925} INFO - DAG(s) 'latest_only_with_trigger' retrieved from /home/airflow/.local/lib/python3.12/site-packages/airflow/example_dags/example_latest_only_with_trigger.py
[2025-04-25T23:44:20.025+0000] {logging_mixin.py:190} INFO - [2025-04-25T23:44:20.025+0000] {dag.py:3239} INFO - Sync 1 DAGs
[2025-04-25T23:44:20.056+0000] {logging_mixin.py:190} INFO - [2025-04-25T23:44:20.056+0000] {dag.py:4180} INFO - Setting next_dagrun for latest_only_with_trigger to 2025-04-25 16:00:00+00:00, run_after=2025-04-25 20:00:00+00:00
[2025-04-25T23:44:20.086+0000] {processor.py:208} INFO - Processing /home/airflow/.local/lib/python3.12/site-packages/airflow/example_dags/example_latest_only_with_trigger.py took 0.109 seconds
[2025-04-25T23:44:50.189+0000] {processor.py:186} INFO - Started process (PID=910) to work on /home/airflow/.local/lib/python3.12/site-packages/airflow/example_dags/example_latest_only_with_trigger.py
[2025-04-25T23:44:50.191+0000] {processor.py:914} INFO - Processing file /home/airflow/.local/lib/python3.12/site-packages/airflow/example_dags/example_latest_only_with_trigger.py for tasks to queue
[2025-04-25T23:44:50.196+0000] {logging_mixin.py:190} INFO - [2025-04-25T23:44:50.195+0000] {dagbag.py:588} INFO - Filling up the DagBag from /home/airflow/.local/lib/python3.12/site-packages/airflow/example_dags/example_latest_only_with_trigger.py
[2025-04-25T23:44:50.205+0000] {processor.py:925} INFO - DAG(s) 'latest_only_with_trigger' retrieved from /home/airflow/.local/lib/python3.12/site-packages/airflow/example_dags/example_latest_only_with_trigger.py
[2025-04-25T23:44:50.233+0000] {logging_mixin.py:190} INFO - [2025-04-25T23:44:50.232+0000] {dag.py:3239} INFO - Sync 1 DAGs
[2025-04-25T23:44:50.263+0000] {logging_mixin.py:190} INFO - [2025-04-25T23:44:50.262+0000] {dag.py:4180} INFO - Setting next_dagrun for latest_only_with_trigger to 2025-04-25 16:00:00+00:00, run_after=2025-04-25 20:00:00+00:00
[2025-04-25T23:44:50.286+0000] {processor.py:208} INFO - Processing /home/airflow/.local/lib/python3.12/site-packages/airflow/example_dags/example_latest_only_with_trigger.py took 0.104 seconds
[2025-04-25T23:45:20.818+0000] {processor.py:186} INFO - Started process (PID=973) to work on /home/airflow/.local/lib/python3.12/site-packages/airflow/example_dags/example_latest_only_with_trigger.py
[2025-04-25T23:45:20.819+0000] {processor.py:914} INFO - Processing file /home/airflow/.local/lib/python3.12/site-packages/airflow/example_dags/example_latest_only_with_trigger.py for tasks to queue
[2025-04-25T23:45:20.824+0000] {logging_mixin.py:190} INFO - [2025-04-25T23:45:20.823+0000] {dagbag.py:588} INFO - Filling up the DagBag from /home/airflow/.local/lib/python3.12/site-packages/airflow/example_dags/example_latest_only_with_trigger.py
[2025-04-25T23:45:20.835+0000] {processor.py:925} INFO - DAG(s) 'latest_only_with_trigger' retrieved from /home/airflow/.local/lib/python3.12/site-packages/airflow/example_dags/example_latest_only_with_trigger.py
[2025-04-25T23:45:20.879+0000] {logging_mixin.py:190} INFO - [2025-04-25T23:45:20.879+0000] {dag.py:3239} INFO - Sync 1 DAGs
[2025-04-25T23:45:20.917+0000] {logging_mixin.py:190} INFO - [2025-04-25T23:45:20.917+0000] {dag.py:4180} INFO - Setting next_dagrun for latest_only_with_trigger to 2025-04-25 16:00:00+00:00, run_after=2025-04-25 20:00:00+00:00
[2025-04-25T23:45:20.947+0000] {processor.py:208} INFO - Processing /home/airflow/.local/lib/python3.12/site-packages/airflow/example_dags/example_latest_only_with_trigger.py took 0.137 seconds
[2025-04-25T23:45:51.872+0000] {processor.py:186} INFO - Started process (PID=1036) to work on /home/airflow/.local/lib/python3.12/site-packages/airflow/example_dags/example_latest_only_with_trigger.py
[2025-04-25T23:45:51.886+0000] {processor.py:914} INFO - Processing file /home/airflow/.local/lib/python3.12/site-packages/airflow/example_dags/example_latest_only_with_trigger.py for tasks to queue
[2025-04-25T23:45:51.918+0000] {logging_mixin.py:190} INFO - [2025-04-25T23:45:51.913+0000] {dagbag.py:588} INFO - Filling up the DagBag from /home/airflow/.local/lib/python3.12/site-packages/airflow/example_dags/example_latest_only_with_trigger.py
[2025-04-25T23:45:51.939+0000] {processor.py:925} INFO - DAG(s) 'latest_only_with_trigger' retrieved from /home/airflow/.local/lib/python3.12/site-packages/airflow/example_dags/example_latest_only_with_trigger.py
[2025-04-25T23:45:51.982+0000] {logging_mixin.py:190} INFO - [2025-04-25T23:45:51.982+0000] {dag.py:3239} INFO - Sync 1 DAGs
[2025-04-25T23:45:52.036+0000] {logging_mixin.py:190} INFO - [2025-04-25T23:45:52.035+0000] {dag.py:4180} INFO - Setting next_dagrun for latest_only_with_trigger to 2025-04-25 16:00:00+00:00, run_after=2025-04-25 20:00:00+00:00
[2025-04-25T23:45:52.071+0000] {processor.py:208} INFO - Processing /home/airflow/.local/lib/python3.12/site-packages/airflow/example_dags/example_latest_only_with_trigger.py took 0.224 seconds
[2025-04-25T23:46:22.818+0000] {processor.py:186} INFO - Started process (PID=1098) to work on /home/airflow/.local/lib/python3.12/site-packages/airflow/example_dags/example_latest_only_with_trigger.py
[2025-04-25T23:46:22.820+0000] {processor.py:914} INFO - Processing file /home/airflow/.local/lib/python3.12/site-packages/airflow/example_dags/example_latest_only_with_trigger.py for tasks to queue
[2025-04-25T23:46:22.826+0000] {logging_mixin.py:190} INFO - [2025-04-25T23:46:22.824+0000] {dagbag.py:588} INFO - Filling up the DagBag from /home/airflow/.local/lib/python3.12/site-packages/airflow/example_dags/example_latest_only_with_trigger.py
[2025-04-25T23:46:22.888+0000] {processor.py:925} INFO - DAG(s) 'latest_only_with_trigger' retrieved from /home/airflow/.local/lib/python3.12/site-packages/airflow/example_dags/example_latest_only_with_trigger.py
[2025-04-25T23:46:23.086+0000] {logging_mixin.py:190} INFO - [2025-04-25T23:46:23.086+0000] {dag.py:3239} INFO - Sync 1 DAGs
[2025-04-25T23:46:23.234+0000] {logging_mixin.py:190} INFO - [2025-04-25T23:46:23.234+0000] {dag.py:4180} INFO - Setting next_dagrun for latest_only_with_trigger to 2025-04-25 16:00:00+00:00, run_after=2025-04-25 20:00:00+00:00
[2025-04-25T23:46:23.352+0000] {processor.py:208} INFO - Processing /home/airflow/.local/lib/python3.12/site-packages/airflow/example_dags/example_latest_only_with_trigger.py took 0.581 seconds
[2025-04-25T23:46:59.978+0000] {processor.py:186} INFO - Started process (PID=1166) to work on /home/airflow/.local/lib/python3.12/site-packages/airflow/example_dags/example_latest_only_with_trigger.py
[2025-04-25T23:46:59.983+0000] {processor.py:914} INFO - Processing file /home/airflow/.local/lib/python3.12/site-packages/airflow/example_dags/example_latest_only_with_trigger.py for tasks to queue
[2025-04-25T23:46:59.987+0000] {logging_mixin.py:190} INFO - [2025-04-25T23:46:59.986+0000] {dagbag.py:588} INFO - Filling up the DagBag from /home/airflow/.local/lib/python3.12/site-packages/airflow/example_dags/example_latest_only_with_trigger.py
[2025-04-25T23:47:00.019+0000] {processor.py:925} INFO - DAG(s) 'latest_only_with_trigger' retrieved from /home/airflow/.local/lib/python3.12/site-packages/airflow/example_dags/example_latest_only_with_trigger.py
[2025-04-25T23:47:00.063+0000] {logging_mixin.py:190} INFO - [2025-04-25T23:47:00.062+0000] {dag.py:3239} INFO - Sync 1 DAGs
[2025-04-25T23:47:00.179+0000] {logging_mixin.py:190} INFO - [2025-04-25T23:47:00.179+0000] {dag.py:4180} INFO - Setting next_dagrun for latest_only_with_trigger to 2025-04-25 16:00:00+00:00, run_after=2025-04-25 20:00:00+00:00
[2025-04-25T23:47:00.236+0000] {processor.py:208} INFO - Processing /home/airflow/.local/lib/python3.12/site-packages/airflow/example_dags/example_latest_only_with_trigger.py took 0.286 seconds
[2025-04-25T23:47:31.093+0000] {processor.py:186} INFO - Started process (PID=1228) to work on /home/airflow/.local/lib/python3.12/site-packages/airflow/example_dags/example_latest_only_with_trigger.py
[2025-04-25T23:47:31.095+0000] {processor.py:914} INFO - Processing file /home/airflow/.local/lib/python3.12/site-packages/airflow/example_dags/example_latest_only_with_trigger.py for tasks to queue
[2025-04-25T23:47:31.101+0000] {logging_mixin.py:190} INFO - [2025-04-25T23:47:31.100+0000] {dagbag.py:588} INFO - Filling up the DagBag from /home/airflow/.local/lib/python3.12/site-packages/airflow/example_dags/example_latest_only_with_trigger.py
[2025-04-25T23:47:31.122+0000] {processor.py:925} INFO - DAG(s) 'latest_only_with_trigger' retrieved from /home/airflow/.local/lib/python3.12/site-packages/airflow/example_dags/example_latest_only_with_trigger.py
[2025-04-25T23:47:31.203+0000] {logging_mixin.py:190} INFO - [2025-04-25T23:47:31.202+0000] {dag.py:3239} INFO - Sync 1 DAGs
[2025-04-25T23:47:31.258+0000] {logging_mixin.py:190} INFO - [2025-04-25T23:47:31.258+0000] {dag.py:4180} INFO - Setting next_dagrun for latest_only_with_trigger to 2025-04-25 16:00:00+00:00, run_after=2025-04-25 20:00:00+00:00
[2025-04-25T23:47:31.294+0000] {processor.py:208} INFO - Processing /home/airflow/.local/lib/python3.12/site-packages/airflow/example_dags/example_latest_only_with_trigger.py took 0.213 seconds
[2025-04-25T23:48:01.708+0000] {processor.py:186} INFO - Started process (PID=1287) to work on /home/airflow/.local/lib/python3.12/site-packages/airflow/example_dags/example_latest_only_with_trigger.py
[2025-04-25T23:48:01.710+0000] {processor.py:914} INFO - Processing file /home/airflow/.local/lib/python3.12/site-packages/airflow/example_dags/example_latest_only_with_trigger.py for tasks to queue
[2025-04-25T23:48:01.715+0000] {logging_mixin.py:190} INFO - [2025-04-25T23:48:01.715+0000] {dagbag.py:588} INFO - Filling up the DagBag from /home/airflow/.local/lib/python3.12/site-packages/airflow/example_dags/example_latest_only_with_trigger.py
[2025-04-25T23:48:01.725+0000] {processor.py:925} INFO - DAG(s) 'latest_only_with_trigger' retrieved from /home/airflow/.local/lib/python3.12/site-packages/airflow/example_dags/example_latest_only_with_trigger.py
[2025-04-25T23:48:01.757+0000] {logging_mixin.py:190} INFO - [2025-04-25T23:48:01.756+0000] {dag.py:3239} INFO - Sync 1 DAGs
[2025-04-25T23:48:01.800+0000] {logging_mixin.py:190} INFO - [2025-04-25T23:48:01.800+0000] {dag.py:4180} INFO - Setting next_dagrun for latest_only_with_trigger to 2025-04-25 16:00:00+00:00, run_after=2025-04-25 20:00:00+00:00
[2025-04-25T23:48:01.836+0000] {processor.py:208} INFO - Processing /home/airflow/.local/lib/python3.12/site-packages/airflow/example_dags/example_latest_only_with_trigger.py took 0.136 seconds
[2025-04-25T23:48:33.188+0000] {processor.py:186} INFO - Started process (PID=1348) to work on /home/airflow/.local/lib/python3.12/site-packages/airflow/example_dags/example_latest_only_with_trigger.py
[2025-04-25T23:48:33.190+0000] {processor.py:914} INFO - Processing file /home/airflow/.local/lib/python3.12/site-packages/airflow/example_dags/example_latest_only_with_trigger.py for tasks to queue
[2025-04-25T23:48:33.194+0000] {logging_mixin.py:190} INFO - [2025-04-25T23:48:33.194+0000] {dagbag.py:588} INFO - Filling up the DagBag from /home/airflow/.local/lib/python3.12/site-packages/airflow/example_dags/example_latest_only_with_trigger.py
[2025-04-25T23:48:33.203+0000] {processor.py:925} INFO - DAG(s) 'latest_only_with_trigger' retrieved from /home/airflow/.local/lib/python3.12/site-packages/airflow/example_dags/example_latest_only_with_trigger.py
[2025-04-25T23:48:33.244+0000] {logging_mixin.py:190} INFO - [2025-04-25T23:48:33.244+0000] {dag.py:3239} INFO - Sync 1 DAGs
[2025-04-25T23:48:33.283+0000] {logging_mixin.py:190} INFO - [2025-04-25T23:48:33.283+0000] {dag.py:4180} INFO - Setting next_dagrun for latest_only_with_trigger to 2025-04-25 16:00:00+00:00, run_after=2025-04-25 20:00:00+00:00
[2025-04-25T23:48:33.315+0000] {processor.py:208} INFO - Processing /home/airflow/.local/lib/python3.12/site-packages/airflow/example_dags/example_latest_only_with_trigger.py took 0.134 seconds
[2025-04-25T23:49:05.205+0000] {processor.py:186} INFO - Started process (PID=1407) to work on /home/airflow/.local/lib/python3.12/site-packages/airflow/example_dags/example_latest_only_with_trigger.py
[2025-04-25T23:49:05.208+0000] {processor.py:914} INFO - Processing file /home/airflow/.local/lib/python3.12/site-packages/airflow/example_dags/example_latest_only_with_trigger.py for tasks to queue
[2025-04-25T23:49:05.214+0000] {logging_mixin.py:190} INFO - [2025-04-25T23:49:05.213+0000] {dagbag.py:588} INFO - Filling up the DagBag from /home/airflow/.local/lib/python3.12/site-packages/airflow/example_dags/example_latest_only_with_trigger.py
[2025-04-25T23:49:05.247+0000] {processor.py:925} INFO - DAG(s) 'latest_only_with_trigger' retrieved from /home/airflow/.local/lib/python3.12/site-packages/airflow/example_dags/example_latest_only_with_trigger.py
[2025-04-25T23:49:05.346+0000] {logging_mixin.py:190} INFO - [2025-04-25T23:49:05.346+0000] {dag.py:3239} INFO - Sync 1 DAGs
[2025-04-25T23:49:05.409+0000] {logging_mixin.py:190} INFO - [2025-04-25T23:49:05.409+0000] {dag.py:4180} INFO - Setting next_dagrun for latest_only_with_trigger to 2025-04-25 16:00:00+00:00, run_after=2025-04-25 20:00:00+00:00
[2025-04-25T23:49:05.584+0000] {processor.py:208} INFO - Processing /home/airflow/.local/lib/python3.12/site-packages/airflow/example_dags/example_latest_only_with_trigger.py took 0.399 seconds
[2025-04-25T23:49:35.980+0000] {processor.py:186} INFO - Started process (PID=1470) to work on /home/airflow/.local/lib/python3.12/site-packages/airflow/example_dags/example_latest_only_with_trigger.py
[2025-04-25T23:49:35.984+0000] {processor.py:914} INFO - Processing file /home/airflow/.local/lib/python3.12/site-packages/airflow/example_dags/example_latest_only_with_trigger.py for tasks to queue
[2025-04-25T23:49:35.987+0000] {logging_mixin.py:190} INFO - [2025-04-25T23:49:35.986+0000] {dagbag.py:588} INFO - Filling up the DagBag from /home/airflow/.local/lib/python3.12/site-packages/airflow/example_dags/example_latest_only_with_trigger.py
[2025-04-25T23:49:35.996+0000] {processor.py:925} INFO - DAG(s) 'latest_only_with_trigger' retrieved from /home/airflow/.local/lib/python3.12/site-packages/airflow/example_dags/example_latest_only_with_trigger.py
[2025-04-25T23:49:36.025+0000] {logging_mixin.py:190} INFO - [2025-04-25T23:49:36.025+0000] {dag.py:3239} INFO - Sync 1 DAGs
[2025-04-25T23:49:36.057+0000] {logging_mixin.py:190} INFO - [2025-04-25T23:49:36.056+0000] {dag.py:4180} INFO - Setting next_dagrun for latest_only_with_trigger to 2025-04-25 16:00:00+00:00, run_after=2025-04-25 20:00:00+00:00
[2025-04-25T23:49:36.086+0000] {processor.py:208} INFO - Processing /home/airflow/.local/lib/python3.12/site-packages/airflow/example_dags/example_latest_only_with_trigger.py took 0.116 seconds
[2025-04-25T23:50:07.823+0000] {processor.py:186} INFO - Started process (PID=1534) to work on /home/airflow/.local/lib/python3.12/site-packages/airflow/example_dags/example_latest_only_with_trigger.py
[2025-04-25T23:50:07.826+0000] {processor.py:914} INFO - Processing file /home/airflow/.local/lib/python3.12/site-packages/airflow/example_dags/example_latest_only_with_trigger.py for tasks to queue
[2025-04-25T23:50:07.854+0000] {logging_mixin.py:190} INFO - [2025-04-25T23:50:07.852+0000] {dagbag.py:588} INFO - Filling up the DagBag from /home/airflow/.local/lib/python3.12/site-packages/airflow/example_dags/example_latest_only_with_trigger.py
[2025-04-25T23:50:07.953+0000] {processor.py:925} INFO - DAG(s) 'latest_only_with_trigger' retrieved from /home/airflow/.local/lib/python3.12/site-packages/airflow/example_dags/example_latest_only_with_trigger.py
[2025-04-25T23:50:08.082+0000] {logging_mixin.py:190} INFO - [2025-04-25T23:50:08.082+0000] {dag.py:3239} INFO - Sync 1 DAGs
[2025-04-25T23:50:08.310+0000] {logging_mixin.py:190} INFO - [2025-04-25T23:50:08.310+0000] {dag.py:4180} INFO - Setting next_dagrun for latest_only_with_trigger to 2025-04-25 16:00:00+00:00, run_after=2025-04-25 20:00:00+00:00
[2025-04-25T23:50:08.427+0000] {processor.py:208} INFO - Processing /home/airflow/.local/lib/python3.12/site-packages/airflow/example_dags/example_latest_only_with_trigger.py took 0.655 seconds
[2025-04-25T23:50:39.085+0000] {processor.py:186} INFO - Started process (PID=1596) to work on /home/airflow/.local/lib/python3.12/site-packages/airflow/example_dags/example_latest_only_with_trigger.py
[2025-04-25T23:50:39.088+0000] {processor.py:914} INFO - Processing file /home/airflow/.local/lib/python3.12/site-packages/airflow/example_dags/example_latest_only_with_trigger.py for tasks to queue
[2025-04-25T23:50:39.092+0000] {logging_mixin.py:190} INFO - [2025-04-25T23:50:39.092+0000] {dagbag.py:588} INFO - Filling up the DagBag from /home/airflow/.local/lib/python3.12/site-packages/airflow/example_dags/example_latest_only_with_trigger.py
[2025-04-25T23:50:39.106+0000] {processor.py:925} INFO - DAG(s) 'latest_only_with_trigger' retrieved from /home/airflow/.local/lib/python3.12/site-packages/airflow/example_dags/example_latest_only_with_trigger.py
[2025-04-25T23:50:39.144+0000] {logging_mixin.py:190} INFO - [2025-04-25T23:50:39.143+0000] {dag.py:3239} INFO - Sync 1 DAGs
[2025-04-25T23:50:39.185+0000] {logging_mixin.py:190} INFO - [2025-04-25T23:50:39.185+0000] {dag.py:4180} INFO - Setting next_dagrun for latest_only_with_trigger to 2025-04-25 16:00:00+00:00, run_after=2025-04-25 20:00:00+00:00
[2025-04-25T23:50:39.222+0000] {processor.py:208} INFO - Processing /home/airflow/.local/lib/python3.12/site-packages/airflow/example_dags/example_latest_only_with_trigger.py took 0.146 seconds
[2025-04-25T23:51:11.745+0000] {processor.py:186} INFO - Started process (PID=1659) to work on /home/airflow/.local/lib/python3.12/site-packages/airflow/example_dags/example_latest_only_with_trigger.py
[2025-04-25T23:51:11.753+0000] {processor.py:914} INFO - Processing file /home/airflow/.local/lib/python3.12/site-packages/airflow/example_dags/example_latest_only_with_trigger.py for tasks to queue
[2025-04-25T23:51:11.763+0000] {logging_mixin.py:190} INFO - [2025-04-25T23:51:11.761+0000] {dagbag.py:588} INFO - Filling up the DagBag from /home/airflow/.local/lib/python3.12/site-packages/airflow/example_dags/example_latest_only_with_trigger.py
[2025-04-25T23:51:11.939+0000] {processor.py:925} INFO - DAG(s) 'latest_only_with_trigger' retrieved from /home/airflow/.local/lib/python3.12/site-packages/airflow/example_dags/example_latest_only_with_trigger.py
[2025-04-25T23:51:12.094+0000] {logging_mixin.py:190} INFO - [2025-04-25T23:51:12.093+0000] {dag.py:3239} INFO - Sync 1 DAGs
[2025-04-25T23:51:12.275+0000] {logging_mixin.py:190} INFO - [2025-04-25T23:51:12.274+0000] {dag.py:4180} INFO - Setting next_dagrun for latest_only_with_trigger to 2025-04-25 16:00:00+00:00, run_after=2025-04-25 20:00:00+00:00
[2025-04-25T23:51:12.376+0000] {processor.py:208} INFO - Processing /home/airflow/.local/lib/python3.12/site-packages/airflow/example_dags/example_latest_only_with_trigger.py took 0.648 seconds
[2025-04-25T23:51:43.138+0000] {processor.py:186} INFO - Started process (PID=1722) to work on /home/airflow/.local/lib/python3.12/site-packages/airflow/example_dags/example_latest_only_with_trigger.py
[2025-04-25T23:51:43.142+0000] {processor.py:914} INFO - Processing file /home/airflow/.local/lib/python3.12/site-packages/airflow/example_dags/example_latest_only_with_trigger.py for tasks to queue
[2025-04-25T23:51:43.145+0000] {logging_mixin.py:190} INFO - [2025-04-25T23:51:43.145+0000] {dagbag.py:588} INFO - Filling up the DagBag from /home/airflow/.local/lib/python3.12/site-packages/airflow/example_dags/example_latest_only_with_trigger.py
[2025-04-25T23:51:43.154+0000] {processor.py:925} INFO - DAG(s) 'latest_only_with_trigger' retrieved from /home/airflow/.local/lib/python3.12/site-packages/airflow/example_dags/example_latest_only_with_trigger.py
[2025-04-25T23:51:43.180+0000] {logging_mixin.py:190} INFO - [2025-04-25T23:51:43.180+0000] {dag.py:3239} INFO - Sync 1 DAGs
[2025-04-25T23:51:43.211+0000] {logging_mixin.py:190} INFO - [2025-04-25T23:51:43.211+0000] {dag.py:4180} INFO - Setting next_dagrun for latest_only_with_trigger to 2025-04-25 16:00:00+00:00, run_after=2025-04-25 20:00:00+00:00
[2025-04-25T23:51:43.244+0000] {processor.py:208} INFO - Processing /home/airflow/.local/lib/python3.12/site-packages/airflow/example_dags/example_latest_only_with_trigger.py took 0.114 seconds
[2025-04-25T23:52:14.308+0000] {processor.py:186} INFO - Started process (PID=1786) to work on /home/airflow/.local/lib/python3.12/site-packages/airflow/example_dags/example_latest_only_with_trigger.py
[2025-04-25T23:52:14.312+0000] {processor.py:914} INFO - Processing file /home/airflow/.local/lib/python3.12/site-packages/airflow/example_dags/example_latest_only_with_trigger.py for tasks to queue
[2025-04-25T23:52:14.329+0000] {logging_mixin.py:190} INFO - [2025-04-25T23:52:14.324+0000] {dagbag.py:588} INFO - Filling up the DagBag from /home/airflow/.local/lib/python3.12/site-packages/airflow/example_dags/example_latest_only_with_trigger.py
[2025-04-25T23:52:14.347+0000] {processor.py:925} INFO - DAG(s) 'latest_only_with_trigger' retrieved from /home/airflow/.local/lib/python3.12/site-packages/airflow/example_dags/example_latest_only_with_trigger.py
[2025-04-25T23:52:14.415+0000] {logging_mixin.py:190} INFO - [2025-04-25T23:52:14.415+0000] {dag.py:3239} INFO - Sync 1 DAGs
[2025-04-25T23:52:14.501+0000] {logging_mixin.py:190} INFO - [2025-04-25T23:52:14.500+0000] {dag.py:4180} INFO - Setting next_dagrun for latest_only_with_trigger to 2025-04-25 16:00:00+00:00, run_after=2025-04-25 20:00:00+00:00
[2025-04-25T23:52:14.593+0000] {processor.py:208} INFO - Processing /home/airflow/.local/lib/python3.12/site-packages/airflow/example_dags/example_latest_only_with_trigger.py took 0.296 seconds
[2025-04-25T23:52:45.350+0000] {processor.py:186} INFO - Started process (PID=1850) to work on /home/airflow/.local/lib/python3.12/site-packages/airflow/example_dags/example_latest_only_with_trigger.py
[2025-04-25T23:52:45.352+0000] {processor.py:914} INFO - Processing file /home/airflow/.local/lib/python3.12/site-packages/airflow/example_dags/example_latest_only_with_trigger.py for tasks to queue
[2025-04-25T23:52:45.355+0000] {logging_mixin.py:190} INFO - [2025-04-25T23:52:45.355+0000] {dagbag.py:588} INFO - Filling up the DagBag from /home/airflow/.local/lib/python3.12/site-packages/airflow/example_dags/example_latest_only_with_trigger.py
[2025-04-25T23:52:45.368+0000] {processor.py:925} INFO - DAG(s) 'latest_only_with_trigger' retrieved from /home/airflow/.local/lib/python3.12/site-packages/airflow/example_dags/example_latest_only_with_trigger.py
[2025-04-25T23:52:45.460+0000] {logging_mixin.py:190} INFO - [2025-04-25T23:52:45.459+0000] {dag.py:3239} INFO - Sync 1 DAGs
[2025-04-25T23:52:45.540+0000] {logging_mixin.py:190} INFO - [2025-04-25T23:52:45.540+0000] {dag.py:4180} INFO - Setting next_dagrun for latest_only_with_trigger to 2025-04-25 16:00:00+00:00, run_after=2025-04-25 20:00:00+00:00
[2025-04-25T23:52:45.628+0000] {processor.py:208} INFO - Processing /home/airflow/.local/lib/python3.12/site-packages/airflow/example_dags/example_latest_only_with_trigger.py took 0.288 seconds
[2025-04-25T23:53:15.905+0000] {processor.py:186} INFO - Started process (PID=1915) to work on /home/airflow/.local/lib/python3.12/site-packages/airflow/example_dags/example_latest_only_with_trigger.py
[2025-04-25T23:53:15.906+0000] {processor.py:914} INFO - Processing file /home/airflow/.local/lib/python3.12/site-packages/airflow/example_dags/example_latest_only_with_trigger.py for tasks to queue
[2025-04-25T23:53:15.909+0000] {logging_mixin.py:190} INFO - [2025-04-25T23:53:15.908+0000] {dagbag.py:588} INFO - Filling up the DagBag from /home/airflow/.local/lib/python3.12/site-packages/airflow/example_dags/example_latest_only_with_trigger.py
[2025-04-25T23:53:15.924+0000] {processor.py:925} INFO - DAG(s) 'latest_only_with_trigger' retrieved from /home/airflow/.local/lib/python3.12/site-packages/airflow/example_dags/example_latest_only_with_trigger.py
[2025-04-25T23:53:15.968+0000] {logging_mixin.py:190} INFO - [2025-04-25T23:53:15.968+0000] {dag.py:3239} INFO - Sync 1 DAGs
[2025-04-25T23:53:16.024+0000] {logging_mixin.py:190} INFO - [2025-04-25T23:53:16.023+0000] {dag.py:4180} INFO - Setting next_dagrun for latest_only_with_trigger to 2025-04-25 16:00:00+00:00, run_after=2025-04-25 20:00:00+00:00
[2025-04-25T23:53:16.058+0000] {processor.py:208} INFO - Processing /home/airflow/.local/lib/python3.12/site-packages/airflow/example_dags/example_latest_only_with_trigger.py took 0.162 seconds
[2025-04-25T23:53:46.172+0000] {processor.py:186} INFO - Started process (PID=1979) to work on /home/airflow/.local/lib/python3.12/site-packages/airflow/example_dags/example_latest_only_with_trigger.py
[2025-04-25T23:53:46.175+0000] {processor.py:914} INFO - Processing file /home/airflow/.local/lib/python3.12/site-packages/airflow/example_dags/example_latest_only_with_trigger.py for tasks to queue
[2025-04-25T23:53:46.178+0000] {logging_mixin.py:190} INFO - [2025-04-25T23:53:46.178+0000] {dagbag.py:588} INFO - Filling up the DagBag from /home/airflow/.local/lib/python3.12/site-packages/airflow/example_dags/example_latest_only_with_trigger.py
[2025-04-25T23:53:46.199+0000] {processor.py:925} INFO - DAG(s) 'latest_only_with_trigger' retrieved from /home/airflow/.local/lib/python3.12/site-packages/airflow/example_dags/example_latest_only_with_trigger.py
[2025-04-25T23:53:46.233+0000] {logging_mixin.py:190} INFO - [2025-04-25T23:53:46.233+0000] {dag.py:3239} INFO - Sync 1 DAGs
[2025-04-25T23:53:46.265+0000] {logging_mixin.py:190} INFO - [2025-04-25T23:53:46.265+0000] {dag.py:4180} INFO - Setting next_dagrun for latest_only_with_trigger to 2025-04-25 16:00:00+00:00, run_after=2025-04-25 20:00:00+00:00
[2025-04-25T23:53:46.296+0000] {processor.py:208} INFO - Processing /home/airflow/.local/lib/python3.12/site-packages/airflow/example_dags/example_latest_only_with_trigger.py took 0.132 seconds
[2025-04-25T23:54:16.393+0000] {processor.py:186} INFO - Started process (PID=2043) to work on /home/airflow/.local/lib/python3.12/site-packages/airflow/example_dags/example_latest_only_with_trigger.py
[2025-04-25T23:54:16.394+0000] {processor.py:914} INFO - Processing file /home/airflow/.local/lib/python3.12/site-packages/airflow/example_dags/example_latest_only_with_trigger.py for tasks to queue
[2025-04-25T23:54:16.397+0000] {logging_mixin.py:190} INFO - [2025-04-25T23:54:16.397+0000] {dagbag.py:588} INFO - Filling up the DagBag from /home/airflow/.local/lib/python3.12/site-packages/airflow/example_dags/example_latest_only_with_trigger.py
[2025-04-25T23:54:16.409+0000] {processor.py:925} INFO - DAG(s) 'latest_only_with_trigger' retrieved from /home/airflow/.local/lib/python3.12/site-packages/airflow/example_dags/example_latest_only_with_trigger.py
[2025-04-25T23:54:16.442+0000] {logging_mixin.py:190} INFO - [2025-04-25T23:54:16.442+0000] {dag.py:3239} INFO - Sync 1 DAGs
[2025-04-25T23:54:16.499+0000] {logging_mixin.py:190} INFO - [2025-04-25T23:54:16.499+0000] {dag.py:4180} INFO - Setting next_dagrun for latest_only_with_trigger to 2025-04-25 16:00:00+00:00, run_after=2025-04-25 20:00:00+00:00
[2025-04-25T23:54:16.535+0000] {processor.py:208} INFO - Processing /home/airflow/.local/lib/python3.12/site-packages/airflow/example_dags/example_latest_only_with_trigger.py took 0.149 seconds
[2025-04-25T23:54:46.702+0000] {processor.py:186} INFO - Started process (PID=2107) to work on /home/airflow/.local/lib/python3.12/site-packages/airflow/example_dags/example_latest_only_with_trigger.py
[2025-04-25T23:54:46.703+0000] {processor.py:914} INFO - Processing file /home/airflow/.local/lib/python3.12/site-packages/airflow/example_dags/example_latest_only_with_trigger.py for tasks to queue
[2025-04-25T23:54:46.706+0000] {logging_mixin.py:190} INFO - [2025-04-25T23:54:46.706+0000] {dagbag.py:588} INFO - Filling up the DagBag from /home/airflow/.local/lib/python3.12/site-packages/airflow/example_dags/example_latest_only_with_trigger.py
[2025-04-25T23:54:46.717+0000] {processor.py:925} INFO - DAG(s) 'latest_only_with_trigger' retrieved from /home/airflow/.local/lib/python3.12/site-packages/airflow/example_dags/example_latest_only_with_trigger.py
[2025-04-25T23:54:46.748+0000] {logging_mixin.py:190} INFO - [2025-04-25T23:54:46.748+0000] {dag.py:3239} INFO - Sync 1 DAGs
[2025-04-25T23:54:46.776+0000] {logging_mixin.py:190} INFO - [2025-04-25T23:54:46.776+0000] {dag.py:4180} INFO - Setting next_dagrun for latest_only_with_trigger to 2025-04-25 16:00:00+00:00, run_after=2025-04-25 20:00:00+00:00
[2025-04-25T23:54:46.797+0000] {processor.py:208} INFO - Processing /home/airflow/.local/lib/python3.12/site-packages/airflow/example_dags/example_latest_only_with_trigger.py took 0.103 seconds
[2025-04-25T23:55:17.737+0000] {processor.py:186} INFO - Started process (PID=2171) to work on /home/airflow/.local/lib/python3.12/site-packages/airflow/example_dags/example_latest_only_with_trigger.py
[2025-04-25T23:55:17.739+0000] {processor.py:914} INFO - Processing file /home/airflow/.local/lib/python3.12/site-packages/airflow/example_dags/example_latest_only_with_trigger.py for tasks to queue
[2025-04-25T23:55:17.741+0000] {logging_mixin.py:190} INFO - [2025-04-25T23:55:17.741+0000] {dagbag.py:588} INFO - Filling up the DagBag from /home/airflow/.local/lib/python3.12/site-packages/airflow/example_dags/example_latest_only_with_trigger.py
[2025-04-25T23:55:17.751+0000] {processor.py:925} INFO - DAG(s) 'latest_only_with_trigger' retrieved from /home/airflow/.local/lib/python3.12/site-packages/airflow/example_dags/example_latest_only_with_trigger.py
[2025-04-25T23:55:17.772+0000] {logging_mixin.py:190} INFO - [2025-04-25T23:55:17.771+0000] {dag.py:3239} INFO - Sync 1 DAGs
[2025-04-25T23:55:17.798+0000] {logging_mixin.py:190} INFO - [2025-04-25T23:55:17.798+0000] {dag.py:4180} INFO - Setting next_dagrun for latest_only_with_trigger to 2025-04-25 16:00:00+00:00, run_after=2025-04-25 20:00:00+00:00
[2025-04-25T23:55:17.816+0000] {processor.py:208} INFO - Processing /home/airflow/.local/lib/python3.12/site-packages/airflow/example_dags/example_latest_only_with_trigger.py took 0.085 seconds
[2025-04-25T23:55:48.526+0000] {processor.py:186} INFO - Started process (PID=2235) to work on /home/airflow/.local/lib/python3.12/site-packages/airflow/example_dags/example_latest_only_with_trigger.py
[2025-04-25T23:55:48.528+0000] {processor.py:914} INFO - Processing file /home/airflow/.local/lib/python3.12/site-packages/airflow/example_dags/example_latest_only_with_trigger.py for tasks to queue
[2025-04-25T23:55:48.537+0000] {logging_mixin.py:190} INFO - [2025-04-25T23:55:48.536+0000] {dagbag.py:588} INFO - Filling up the DagBag from /home/airflow/.local/lib/python3.12/site-packages/airflow/example_dags/example_latest_only_with_trigger.py
[2025-04-25T23:55:48.557+0000] {processor.py:925} INFO - DAG(s) 'latest_only_with_trigger' retrieved from /home/airflow/.local/lib/python3.12/site-packages/airflow/example_dags/example_latest_only_with_trigger.py
[2025-04-25T23:55:48.624+0000] {logging_mixin.py:190} INFO - [2025-04-25T23:55:48.624+0000] {dag.py:3239} INFO - Sync 1 DAGs
[2025-04-25T23:55:48.702+0000] {logging_mixin.py:190} INFO - [2025-04-25T23:55:48.701+0000] {dag.py:4180} INFO - Setting next_dagrun for latest_only_with_trigger to 2025-04-25 16:00:00+00:00, run_after=2025-04-25 20:00:00+00:00
[2025-04-25T23:55:48.736+0000] {processor.py:208} INFO - Processing /home/airflow/.local/lib/python3.12/site-packages/airflow/example_dags/example_latest_only_with_trigger.py took 0.220 seconds
[2025-04-25T23:56:18.921+0000] {processor.py:186} INFO - Started process (PID=2299) to work on /home/airflow/.local/lib/python3.12/site-packages/airflow/example_dags/example_latest_only_with_trigger.py
[2025-04-25T23:56:18.922+0000] {processor.py:914} INFO - Processing file /home/airflow/.local/lib/python3.12/site-packages/airflow/example_dags/example_latest_only_with_trigger.py for tasks to queue
[2025-04-25T23:56:18.926+0000] {logging_mixin.py:190} INFO - [2025-04-25T23:56:18.925+0000] {dagbag.py:588} INFO - Filling up the DagBag from /home/airflow/.local/lib/python3.12/site-packages/airflow/example_dags/example_latest_only_with_trigger.py
[2025-04-25T23:56:18.939+0000] {processor.py:925} INFO - DAG(s) 'latest_only_with_trigger' retrieved from /home/airflow/.local/lib/python3.12/site-packages/airflow/example_dags/example_latest_only_with_trigger.py
[2025-04-25T23:56:18.965+0000] {logging_mixin.py:190} INFO - [2025-04-25T23:56:18.965+0000] {dag.py:3239} INFO - Sync 1 DAGs
[2025-04-25T23:56:18.995+0000] {logging_mixin.py:190} INFO - [2025-04-25T23:56:18.994+0000] {dag.py:4180} INFO - Setting next_dagrun for latest_only_with_trigger to 2025-04-25 16:00:00+00:00, run_after=2025-04-25 20:00:00+00:00
[2025-04-25T23:56:19.028+0000] {processor.py:208} INFO - Processing /home/airflow/.local/lib/python3.12/site-packages/airflow/example_dags/example_latest_only_with_trigger.py took 0.114 seconds
[2025-04-25T23:56:49.166+0000] {processor.py:186} INFO - Started process (PID=2362) to work on /home/airflow/.local/lib/python3.12/site-packages/airflow/example_dags/example_latest_only_with_trigger.py
[2025-04-25T23:56:49.168+0000] {processor.py:914} INFO - Processing file /home/airflow/.local/lib/python3.12/site-packages/airflow/example_dags/example_latest_only_with_trigger.py for tasks to queue
[2025-04-25T23:56:49.169+0000] {logging_mixin.py:190} INFO - [2025-04-25T23:56:49.169+0000] {dagbag.py:588} INFO - Filling up the DagBag from /home/airflow/.local/lib/python3.12/site-packages/airflow/example_dags/example_latest_only_with_trigger.py
[2025-04-25T23:56:49.180+0000] {processor.py:925} INFO - DAG(s) 'latest_only_with_trigger' retrieved from /home/airflow/.local/lib/python3.12/site-packages/airflow/example_dags/example_latest_only_with_trigger.py
[2025-04-25T23:56:49.205+0000] {logging_mixin.py:190} INFO - [2025-04-25T23:56:49.205+0000] {dag.py:3239} INFO - Sync 1 DAGs
[2025-04-25T23:56:49.232+0000] {logging_mixin.py:190} INFO - [2025-04-25T23:56:49.232+0000] {dag.py:4180} INFO - Setting next_dagrun for latest_only_with_trigger to 2025-04-25 16:00:00+00:00, run_after=2025-04-25 20:00:00+00:00
[2025-04-25T23:56:49.254+0000] {processor.py:208} INFO - Processing /home/airflow/.local/lib/python3.12/site-packages/airflow/example_dags/example_latest_only_with_trigger.py took 0.098 seconds
[2025-04-25T23:57:19.668+0000] {processor.py:186} INFO - Started process (PID=2426) to work on /home/airflow/.local/lib/python3.12/site-packages/airflow/example_dags/example_latest_only_with_trigger.py
[2025-04-25T23:57:19.669+0000] {processor.py:914} INFO - Processing file /home/airflow/.local/lib/python3.12/site-packages/airflow/example_dags/example_latest_only_with_trigger.py for tasks to queue
[2025-04-25T23:57:19.671+0000] {logging_mixin.py:190} INFO - [2025-04-25T23:57:19.670+0000] {dagbag.py:588} INFO - Filling up the DagBag from /home/airflow/.local/lib/python3.12/site-packages/airflow/example_dags/example_latest_only_with_trigger.py
[2025-04-25T23:57:19.682+0000] {processor.py:925} INFO - DAG(s) 'latest_only_with_trigger' retrieved from /home/airflow/.local/lib/python3.12/site-packages/airflow/example_dags/example_latest_only_with_trigger.py
[2025-04-25T23:57:19.712+0000] {logging_mixin.py:190} INFO - [2025-04-25T23:57:19.712+0000] {dag.py:3239} INFO - Sync 1 DAGs
[2025-04-25T23:57:19.746+0000] {logging_mixin.py:190} INFO - [2025-04-25T23:57:19.746+0000] {dag.py:4180} INFO - Setting next_dagrun for latest_only_with_trigger to 2025-04-25 16:00:00+00:00, run_after=2025-04-25 20:00:00+00:00
[2025-04-25T23:57:19.772+0000] {processor.py:208} INFO - Processing /home/airflow/.local/lib/python3.12/site-packages/airflow/example_dags/example_latest_only_with_trigger.py took 0.117 seconds
[2025-04-25T23:59:05.586+0000] {processor.py:186} INFO - Started process (PID=2505) to work on /home/airflow/.local/lib/python3.12/site-packages/airflow/example_dags/example_latest_only_with_trigger.py
[2025-04-25T23:59:05.589+0000] {processor.py:914} INFO - Processing file /home/airflow/.local/lib/python3.12/site-packages/airflow/example_dags/example_latest_only_with_trigger.py for tasks to queue
[2025-04-25T23:59:05.591+0000] {logging_mixin.py:190} INFO - [2025-04-25T23:59:05.591+0000] {dagbag.py:588} INFO - Filling up the DagBag from /home/airflow/.local/lib/python3.12/site-packages/airflow/example_dags/example_latest_only_with_trigger.py
[2025-04-25T23:59:05.612+0000] {processor.py:925} INFO - DAG(s) 'latest_only_with_trigger' retrieved from /home/airflow/.local/lib/python3.12/site-packages/airflow/example_dags/example_latest_only_with_trigger.py
[2025-04-25T23:59:05.669+0000] {logging_mixin.py:190} INFO - [2025-04-25T23:59:05.668+0000] {dag.py:3239} INFO - Sync 1 DAGs
[2025-04-25T23:59:05.722+0000] {logging_mixin.py:190} INFO - [2025-04-25T23:59:05.722+0000] {dag.py:4180} INFO - Setting next_dagrun for latest_only_with_trigger to 2025-04-25 16:00:00+00:00, run_after=2025-04-25 20:00:00+00:00
[2025-04-25T23:59:05.772+0000] {processor.py:208} INFO - Processing /home/airflow/.local/lib/python3.12/site-packages/airflow/example_dags/example_latest_only_with_trigger.py took 0.201 seconds
[2025-04-25T23:59:38.089+0000] {processor.py:186} INFO - Started process (PID=2575) to work on /home/airflow/.local/lib/python3.12/site-packages/airflow/example_dags/example_latest_only_with_trigger.py
[2025-04-25T23:59:38.091+0000] {processor.py:914} INFO - Processing file /home/airflow/.local/lib/python3.12/site-packages/airflow/example_dags/example_latest_only_with_trigger.py for tasks to queue
[2025-04-25T23:59:38.104+0000] {logging_mixin.py:190} INFO - [2025-04-25T23:59:38.103+0000] {dagbag.py:588} INFO - Filling up the DagBag from /home/airflow/.local/lib/python3.12/site-packages/airflow/example_dags/example_latest_only_with_trigger.py
[2025-04-25T23:59:38.135+0000] {processor.py:925} INFO - DAG(s) 'latest_only_with_trigger' retrieved from /home/airflow/.local/lib/python3.12/site-packages/airflow/example_dags/example_latest_only_with_trigger.py
[2025-04-25T23:59:38.387+0000] {logging_mixin.py:190} INFO - [2025-04-25T23:59:38.386+0000] {dag.py:3239} INFO - Sync 1 DAGs
[2025-04-25T23:59:38.476+0000] {logging_mixin.py:190} INFO - [2025-04-25T23:59:38.475+0000] {dag.py:4180} INFO - Setting next_dagrun for latest_only_with_trigger to 2025-04-25 16:00:00+00:00, run_after=2025-04-25 20:00:00+00:00
[2025-04-25T23:59:38.575+0000] {processor.py:208} INFO - Processing /home/airflow/.local/lib/python3.12/site-packages/airflow/example_dags/example_latest_only_with_trigger.py took 0.501 seconds
