[2025-04-25T23:33:27.601+0000] {processor.py:186} INFO - Started process (PID=141) to work on /home/airflow/.local/lib/python3.12/site-packages/airflow/example_dags/example_external_task_marker_dag.py
[2025-04-25T23:33:27.603+0000] {processor.py:914} INFO - Processing file /home/airflow/.local/lib/python3.12/site-packages/airflow/example_dags/example_external_task_marker_dag.py for tasks to queue
[2025-04-25T23:33:27.608+0000] {logging_mixin.py:190} INFO - [2025-04-25T23:33:27.607+0000] {dagbag.py:588} INFO - Filling up the DagBag from /home/airflow/.local/lib/python3.12/site-packages/airflow/example_dags/example_external_task_marker_dag.py
[2025-04-25T23:33:27.625+0000] {processor.py:925} INFO - DAG(s) 'example_external_task_marker_child', 'example_external_task_marker_parent' retrieved from /home/airflow/.local/lib/python3.12/site-packages/airflow/example_dags/example_external_task_marker_dag.py
[2025-04-25T23:33:27.863+0000] {logging_mixin.py:190} INFO - [2025-04-25T23:33:27.862+0000] {override.py:1911} INFO - Created Permission View: can delete on DAG:example_external_task_marker_child
[2025-04-25T23:33:27.893+0000] {logging_mixin.py:190} INFO - [2025-04-25T23:33:27.892+0000] {override.py:1911} INFO - Created Permission View: can read on DAG:example_external_task_marker_child
[2025-04-25T23:33:27.909+0000] {logging_mixin.py:190} INFO - [2025-04-25T23:33:27.908+0000] {override.py:1911} INFO - Created Permission View: can edit on DAG:example_external_task_marker_child
[2025-04-25T23:33:27.922+0000] {logging_mixin.py:190} INFO - [2025-04-25T23:33:27.921+0000] {override.py:1911} INFO - Created Permission View: can create on DAG Run:example_external_task_marker_child
[2025-04-25T23:33:27.933+0000] {logging_mixin.py:190} INFO - [2025-04-25T23:33:27.932+0000] {override.py:1911} INFO - Created Permission View: can delete on DAG Run:example_external_task_marker_child
[2025-04-25T23:33:27.945+0000] {logging_mixin.py:190} INFO - [2025-04-25T23:33:27.944+0000] {override.py:1911} INFO - Created Permission View: can read on DAG Run:example_external_task_marker_child
[2025-04-25T23:33:27.961+0000] {logging_mixin.py:190} INFO - [2025-04-25T23:33:27.961+0000] {override.py:1911} INFO - Created Permission View: menu access on DAG Run:example_external_task_marker_child
[2025-04-25T23:33:27.988+0000] {logging_mixin.py:190} INFO - [2025-04-25T23:33:27.987+0000] {override.py:1911} INFO - Created Permission View: can delete on DAG:example_external_task_marker_parent
[2025-04-25T23:33:28.002+0000] {logging_mixin.py:190} INFO - [2025-04-25T23:33:28.001+0000] {override.py:1911} INFO - Created Permission View: can read on DAG:example_external_task_marker_parent
[2025-04-25T23:33:28.015+0000] {logging_mixin.py:190} INFO - [2025-04-25T23:33:28.014+0000] {override.py:1911} INFO - Created Permission View: can edit on DAG:example_external_task_marker_parent
[2025-04-25T23:33:28.029+0000] {logging_mixin.py:190} INFO - [2025-04-25T23:33:28.029+0000] {override.py:1911} INFO - Created Permission View: can create on DAG Run:example_external_task_marker_parent
[2025-04-25T23:33:28.045+0000] {logging_mixin.py:190} INFO - [2025-04-25T23:33:28.045+0000] {override.py:1911} INFO - Created Permission View: can delete on DAG Run:example_external_task_marker_parent
[2025-04-25T23:33:28.057+0000] {logging_mixin.py:190} INFO - [2025-04-25T23:33:28.057+0000] {override.py:1911} INFO - Created Permission View: can read on DAG Run:example_external_task_marker_parent
[2025-04-25T23:33:28.072+0000] {logging_mixin.py:190} INFO - [2025-04-25T23:33:28.071+0000] {override.py:1911} INFO - Created Permission View: menu access on DAG Run:example_external_task_marker_parent
[2025-04-25T23:33:28.074+0000] {logging_mixin.py:190} INFO - [2025-04-25T23:33:28.073+0000] {dag.py:3239} INFO - Sync 2 DAGs
[2025-04-25T23:33:28.099+0000] {logging_mixin.py:190} INFO - [2025-04-25T23:33:28.099+0000] {dag.py:3262} INFO - Creating ORM DAG for example_external_task_marker_parent
[2025-04-25T23:33:28.101+0000] {logging_mixin.py:190} INFO - [2025-04-25T23:33:28.101+0000] {dag.py:3262} INFO - Creating ORM DAG for example_external_task_marker_child
[2025-04-25T23:33:28.103+0000] {logging_mixin.py:190} INFO - [2025-04-25T23:33:28.103+0000] {dag.py:4180} INFO - Setting next_dagrun for example_external_task_marker_child to None, run_after=None
[2025-04-25T23:33:28.105+0000] {logging_mixin.py:190} INFO - [2025-04-25T23:33:28.105+0000] {dag.py:4180} INFO - Setting next_dagrun for example_external_task_marker_parent to None, run_after=None
[2025-04-25T23:33:28.140+0000] {processor.py:208} INFO - Processing /home/airflow/.local/lib/python3.12/site-packages/airflow/example_dags/example_external_task_marker_dag.py took 0.551 seconds
[2025-04-25T23:33:58.327+0000] {processor.py:186} INFO - Started process (PID=203) to work on /home/airflow/.local/lib/python3.12/site-packages/airflow/example_dags/example_external_task_marker_dag.py
[2025-04-25T23:33:58.328+0000] {processor.py:914} INFO - Processing file /home/airflow/.local/lib/python3.12/site-packages/airflow/example_dags/example_external_task_marker_dag.py for tasks to queue
[2025-04-25T23:33:58.331+0000] {logging_mixin.py:190} INFO - [2025-04-25T23:33:58.331+0000] {dagbag.py:588} INFO - Filling up the DagBag from /home/airflow/.local/lib/python3.12/site-packages/airflow/example_dags/example_external_task_marker_dag.py
[2025-04-25T23:33:58.342+0000] {processor.py:925} INFO - DAG(s) 'example_external_task_marker_child', 'example_external_task_marker_parent' retrieved from /home/airflow/.local/lib/python3.12/site-packages/airflow/example_dags/example_external_task_marker_dag.py
[2025-04-25T23:33:58.378+0000] {logging_mixin.py:190} INFO - [2025-04-25T23:33:58.377+0000] {dag.py:3239} INFO - Sync 2 DAGs
[2025-04-25T23:33:58.397+0000] {logging_mixin.py:190} INFO - [2025-04-25T23:33:58.397+0000] {dag.py:4180} INFO - Setting next_dagrun for example_external_task_marker_child to None, run_after=None
[2025-04-25T23:33:58.406+0000] {logging_mixin.py:190} INFO - [2025-04-25T23:33:58.406+0000] {dag.py:4180} INFO - Setting next_dagrun for example_external_task_marker_parent to None, run_after=None
[2025-04-25T23:33:58.431+0000] {processor.py:208} INFO - Processing /home/airflow/.local/lib/python3.12/site-packages/airflow/example_dags/example_external_task_marker_dag.py took 0.112 seconds
[2025-04-25T23:35:10.347+0000] {processor.py:186} INFO - Started process (PID=270) to work on /home/airflow/.local/lib/python3.12/site-packages/airflow/example_dags/example_external_task_marker_dag.py
[2025-04-25T23:35:10.633+0000] {processor.py:914} INFO - Processing file /home/airflow/.local/lib/python3.12/site-packages/airflow/example_dags/example_external_task_marker_dag.py for tasks to queue
[2025-04-25T23:35:10.793+0000] {logging_mixin.py:190} INFO - [2025-04-25T23:35:10.724+0000] {dagbag.py:588} INFO - Filling up the DagBag from /home/airflow/.local/lib/python3.12/site-packages/airflow/example_dags/example_external_task_marker_dag.py
[2025-04-25T23:35:11.023+0000] {processor.py:925} INFO - DAG(s) 'example_external_task_marker_parent', 'example_external_task_marker_child' retrieved from /home/airflow/.local/lib/python3.12/site-packages/airflow/example_dags/example_external_task_marker_dag.py
[2025-04-25T23:35:11.639+0000] {logging_mixin.py:190} INFO - [2025-04-25T23:35:11.638+0000] {dag.py:3239} INFO - Sync 2 DAGs
[2025-04-25T23:35:11.897+0000] {logging_mixin.py:190} INFO - [2025-04-25T23:35:11.897+0000] {dag.py:4180} INFO - Setting next_dagrun for example_external_task_marker_child to None, run_after=None
[2025-04-25T23:35:12.008+0000] {logging_mixin.py:190} INFO - [2025-04-25T23:35:12.006+0000] {dag.py:4180} INFO - Setting next_dagrun for example_external_task_marker_parent to None, run_after=None
[2025-04-25T23:35:12.272+0000] {processor.py:208} INFO - Processing /home/airflow/.local/lib/python3.12/site-packages/airflow/example_dags/example_external_task_marker_dag.py took 2.263 seconds
[2025-04-25T23:37:56.885+0000] {processor.py:186} INFO - Started process (PID=117) to work on /home/airflow/.local/lib/python3.12/site-packages/airflow/example_dags/example_external_task_marker_dag.py
[2025-04-25T23:37:56.888+0000] {processor.py:914} INFO - Processing file /home/airflow/.local/lib/python3.12/site-packages/airflow/example_dags/example_external_task_marker_dag.py for tasks to queue
[2025-04-25T23:37:56.894+0000] {logging_mixin.py:190} INFO - [2025-04-25T23:37:56.893+0000] {dagbag.py:588} INFO - Filling up the DagBag from /home/airflow/.local/lib/python3.12/site-packages/airflow/example_dags/example_external_task_marker_dag.py
[2025-04-25T23:37:56.908+0000] {processor.py:925} INFO - DAG(s) 'example_external_task_marker_parent', 'example_external_task_marker_child' retrieved from /home/airflow/.local/lib/python3.12/site-packages/airflow/example_dags/example_external_task_marker_dag.py
[2025-04-25T23:37:56.948+0000] {logging_mixin.py:190} INFO - [2025-04-25T23:37:56.948+0000] {dag.py:3239} INFO - Sync 2 DAGs
[2025-04-25T23:37:56.976+0000] {logging_mixin.py:190} INFO - [2025-04-25T23:37:56.976+0000] {dag.py:4180} INFO - Setting next_dagrun for example_external_task_marker_child to None, run_after=None
[2025-04-25T23:37:56.984+0000] {logging_mixin.py:190} INFO - [2025-04-25T23:37:56.983+0000] {dag.py:4180} INFO - Setting next_dagrun for example_external_task_marker_parent to None, run_after=None
[2025-04-25T23:37:57.019+0000] {processor.py:208} INFO - Processing /home/airflow/.local/lib/python3.12/site-packages/airflow/example_dags/example_external_task_marker_dag.py took 0.142 seconds
[2025-04-25T23:38:32.824+0000] {processor.py:186} INFO - Started process (PID=180) to work on /home/airflow/.local/lib/python3.12/site-packages/airflow/example_dags/example_external_task_marker_dag.py
[2025-04-25T23:38:32.830+0000] {processor.py:914} INFO - Processing file /home/airflow/.local/lib/python3.12/site-packages/airflow/example_dags/example_external_task_marker_dag.py for tasks to queue
[2025-04-25T23:38:32.848+0000] {logging_mixin.py:190} INFO - [2025-04-25T23:38:32.847+0000] {dagbag.py:588} INFO - Filling up the DagBag from /home/airflow/.local/lib/python3.12/site-packages/airflow/example_dags/example_external_task_marker_dag.py
[2025-04-25T23:38:32.880+0000] {processor.py:925} INFO - DAG(s) 'example_external_task_marker_parent', 'example_external_task_marker_child' retrieved from /home/airflow/.local/lib/python3.12/site-packages/airflow/example_dags/example_external_task_marker_dag.py
[2025-04-25T23:38:32.936+0000] {logging_mixin.py:190} INFO - [2025-04-25T23:38:32.936+0000] {dag.py:3239} INFO - Sync 2 DAGs
[2025-04-25T23:38:32.972+0000] {logging_mixin.py:190} INFO - [2025-04-25T23:38:32.972+0000] {dag.py:4180} INFO - Setting next_dagrun for example_external_task_marker_child to None, run_after=None
[2025-04-25T23:38:32.985+0000] {logging_mixin.py:190} INFO - [2025-04-25T23:38:32.985+0000] {dag.py:4180} INFO - Setting next_dagrun for example_external_task_marker_parent to None, run_after=None
[2025-04-25T23:38:33.040+0000] {processor.py:208} INFO - Processing /home/airflow/.local/lib/python3.12/site-packages/airflow/example_dags/example_external_task_marker_dag.py took 0.234 seconds
[2025-04-25T23:39:03.302+0000] {processor.py:186} INFO - Started process (PID=243) to work on /home/airflow/.local/lib/python3.12/site-packages/airflow/example_dags/example_external_task_marker_dag.py
[2025-04-25T23:39:03.305+0000] {processor.py:914} INFO - Processing file /home/airflow/.local/lib/python3.12/site-packages/airflow/example_dags/example_external_task_marker_dag.py for tasks to queue
[2025-04-25T23:39:03.308+0000] {logging_mixin.py:190} INFO - [2025-04-25T23:39:03.307+0000] {dagbag.py:588} INFO - Filling up the DagBag from /home/airflow/.local/lib/python3.12/site-packages/airflow/example_dags/example_external_task_marker_dag.py
[2025-04-25T23:39:03.317+0000] {processor.py:925} INFO - DAG(s) 'example_external_task_marker_child', 'example_external_task_marker_parent' retrieved from /home/airflow/.local/lib/python3.12/site-packages/airflow/example_dags/example_external_task_marker_dag.py
[2025-04-25T23:39:03.352+0000] {logging_mixin.py:190} INFO - [2025-04-25T23:39:03.352+0000] {dag.py:3239} INFO - Sync 2 DAGs
[2025-04-25T23:39:03.368+0000] {logging_mixin.py:190} INFO - [2025-04-25T23:39:03.368+0000] {dag.py:4180} INFO - Setting next_dagrun for example_external_task_marker_child to None, run_after=None
[2025-04-25T23:39:03.373+0000] {logging_mixin.py:190} INFO - [2025-04-25T23:39:03.373+0000] {dag.py:4180} INFO - Setting next_dagrun for example_external_task_marker_parent to None, run_after=None
[2025-04-25T23:39:03.393+0000] {processor.py:208} INFO - Processing /home/airflow/.local/lib/python3.12/site-packages/airflow/example_dags/example_external_task_marker_dag.py took 0.101 seconds
[2025-04-25T23:39:44.065+0000] {processor.py:186} INFO - Started process (PID=306) to work on /home/airflow/.local/lib/python3.12/site-packages/airflow/example_dags/example_external_task_marker_dag.py
[2025-04-25T23:39:44.071+0000] {processor.py:914} INFO - Processing file /home/airflow/.local/lib/python3.12/site-packages/airflow/example_dags/example_external_task_marker_dag.py for tasks to queue
[2025-04-25T23:39:44.083+0000] {logging_mixin.py:190} INFO - [2025-04-25T23:39:44.082+0000] {dagbag.py:588} INFO - Filling up the DagBag from /home/airflow/.local/lib/python3.12/site-packages/airflow/example_dags/example_external_task_marker_dag.py
[2025-04-25T23:39:44.188+0000] {processor.py:925} INFO - DAG(s) 'example_external_task_marker_child', 'example_external_task_marker_parent' retrieved from /home/airflow/.local/lib/python3.12/site-packages/airflow/example_dags/example_external_task_marker_dag.py
[2025-04-25T23:39:44.307+0000] {logging_mixin.py:190} INFO - [2025-04-25T23:39:44.304+0000] {dag.py:3239} INFO - Sync 2 DAGs
[2025-04-25T23:39:44.452+0000] {logging_mixin.py:190} INFO - [2025-04-25T23:39:44.452+0000] {dag.py:4180} INFO - Setting next_dagrun for example_external_task_marker_child to None, run_after=None
[2025-04-25T23:39:44.464+0000] {logging_mixin.py:190} INFO - [2025-04-25T23:39:44.464+0000] {dag.py:4180} INFO - Setting next_dagrun for example_external_task_marker_parent to None, run_after=None
[2025-04-25T23:39:44.503+0000] {processor.py:208} INFO - Processing /home/airflow/.local/lib/python3.12/site-packages/airflow/example_dags/example_external_task_marker_dag.py took 0.640 seconds
[2025-04-25T23:40:15.956+0000] {processor.py:186} INFO - Started process (PID=369) to work on /home/airflow/.local/lib/python3.12/site-packages/airflow/example_dags/example_external_task_marker_dag.py
[2025-04-25T23:40:15.958+0000] {processor.py:914} INFO - Processing file /home/airflow/.local/lib/python3.12/site-packages/airflow/example_dags/example_external_task_marker_dag.py for tasks to queue
[2025-04-25T23:40:15.965+0000] {logging_mixin.py:190} INFO - [2025-04-25T23:40:15.962+0000] {dagbag.py:588} INFO - Filling up the DagBag from /home/airflow/.local/lib/python3.12/site-packages/airflow/example_dags/example_external_task_marker_dag.py
[2025-04-25T23:40:15.978+0000] {processor.py:925} INFO - DAG(s) 'example_external_task_marker_child', 'example_external_task_marker_parent' retrieved from /home/airflow/.local/lib/python3.12/site-packages/airflow/example_dags/example_external_task_marker_dag.py
[2025-04-25T23:40:16.054+0000] {logging_mixin.py:190} INFO - [2025-04-25T23:40:16.054+0000] {dag.py:3239} INFO - Sync 2 DAGs
[2025-04-25T23:40:16.089+0000] {logging_mixin.py:190} INFO - [2025-04-25T23:40:16.088+0000] {dag.py:4180} INFO - Setting next_dagrun for example_external_task_marker_child to None, run_after=None
[2025-04-25T23:40:16.098+0000] {logging_mixin.py:190} INFO - [2025-04-25T23:40:16.097+0000] {dag.py:4180} INFO - Setting next_dagrun for example_external_task_marker_parent to None, run_after=None
[2025-04-25T23:40:16.121+0000] {processor.py:208} INFO - Processing /home/airflow/.local/lib/python3.12/site-packages/airflow/example_dags/example_external_task_marker_dag.py took 0.179 seconds
[2025-04-25T23:40:47.084+0000] {processor.py:186} INFO - Started process (PID=432) to work on /home/airflow/.local/lib/python3.12/site-packages/airflow/example_dags/example_external_task_marker_dag.py
[2025-04-25T23:40:47.085+0000] {processor.py:914} INFO - Processing file /home/airflow/.local/lib/python3.12/site-packages/airflow/example_dags/example_external_task_marker_dag.py for tasks to queue
[2025-04-25T23:40:47.088+0000] {logging_mixin.py:190} INFO - [2025-04-25T23:40:47.088+0000] {dagbag.py:588} INFO - Filling up the DagBag from /home/airflow/.local/lib/python3.12/site-packages/airflow/example_dags/example_external_task_marker_dag.py
[2025-04-25T23:40:47.098+0000] {processor.py:925} INFO - DAG(s) 'example_external_task_marker_parent', 'example_external_task_marker_child' retrieved from /home/airflow/.local/lib/python3.12/site-packages/airflow/example_dags/example_external_task_marker_dag.py
[2025-04-25T23:40:47.133+0000] {logging_mixin.py:190} INFO - [2025-04-25T23:40:47.133+0000] {dag.py:3239} INFO - Sync 2 DAGs
[2025-04-25T23:40:47.153+0000] {logging_mixin.py:190} INFO - [2025-04-25T23:40:47.153+0000] {dag.py:4180} INFO - Setting next_dagrun for example_external_task_marker_child to None, run_after=None
[2025-04-25T23:40:47.158+0000] {logging_mixin.py:190} INFO - [2025-04-25T23:40:47.157+0000] {dag.py:4180} INFO - Setting next_dagrun for example_external_task_marker_parent to None, run_after=None
[2025-04-25T23:40:47.178+0000] {processor.py:208} INFO - Processing /home/airflow/.local/lib/python3.12/site-packages/airflow/example_dags/example_external_task_marker_dag.py took 0.103 seconds
[2025-04-25T23:41:17.759+0000] {processor.py:186} INFO - Started process (PID=494) to work on /home/airflow/.local/lib/python3.12/site-packages/airflow/example_dags/example_external_task_marker_dag.py
[2025-04-25T23:41:17.763+0000] {processor.py:914} INFO - Processing file /home/airflow/.local/lib/python3.12/site-packages/airflow/example_dags/example_external_task_marker_dag.py for tasks to queue
[2025-04-25T23:41:17.771+0000] {logging_mixin.py:190} INFO - [2025-04-25T23:41:17.771+0000] {dagbag.py:588} INFO - Filling up the DagBag from /home/airflow/.local/lib/python3.12/site-packages/airflow/example_dags/example_external_task_marker_dag.py
[2025-04-25T23:41:17.797+0000] {processor.py:925} INFO - DAG(s) 'example_external_task_marker_child', 'example_external_task_marker_parent' retrieved from /home/airflow/.local/lib/python3.12/site-packages/airflow/example_dags/example_external_task_marker_dag.py
[2025-04-25T23:41:17.850+0000] {logging_mixin.py:190} INFO - [2025-04-25T23:41:17.850+0000] {dag.py:3239} INFO - Sync 2 DAGs
[2025-04-25T23:41:17.897+0000] {logging_mixin.py:190} INFO - [2025-04-25T23:41:17.893+0000] {dag.py:4180} INFO - Setting next_dagrun for example_external_task_marker_child to None, run_after=None
[2025-04-25T23:41:17.932+0000] {logging_mixin.py:190} INFO - [2025-04-25T23:41:17.932+0000] {dag.py:4180} INFO - Setting next_dagrun for example_external_task_marker_parent to None, run_after=None
[2025-04-25T23:41:17.969+0000] {processor.py:208} INFO - Processing /home/airflow/.local/lib/python3.12/site-packages/airflow/example_dags/example_external_task_marker_dag.py took 0.223 seconds
[2025-04-25T23:41:48.066+0000] {processor.py:186} INFO - Started process (PID=556) to work on /home/airflow/.local/lib/python3.12/site-packages/airflow/example_dags/example_external_task_marker_dag.py
[2025-04-25T23:41:48.068+0000] {processor.py:914} INFO - Processing file /home/airflow/.local/lib/python3.12/site-packages/airflow/example_dags/example_external_task_marker_dag.py for tasks to queue
[2025-04-25T23:41:48.072+0000] {logging_mixin.py:190} INFO - [2025-04-25T23:41:48.071+0000] {dagbag.py:588} INFO - Filling up the DagBag from /home/airflow/.local/lib/python3.12/site-packages/airflow/example_dags/example_external_task_marker_dag.py
[2025-04-25T23:41:48.085+0000] {processor.py:925} INFO - DAG(s) 'example_external_task_marker_parent', 'example_external_task_marker_child' retrieved from /home/airflow/.local/lib/python3.12/site-packages/airflow/example_dags/example_external_task_marker_dag.py
[2025-04-25T23:41:48.124+0000] {logging_mixin.py:190} INFO - [2025-04-25T23:41:48.124+0000] {dag.py:3239} INFO - Sync 2 DAGs
[2025-04-25T23:41:48.146+0000] {logging_mixin.py:190} INFO - [2025-04-25T23:41:48.145+0000] {dag.py:4180} INFO - Setting next_dagrun for example_external_task_marker_child to None, run_after=None
[2025-04-25T23:41:48.154+0000] {logging_mixin.py:190} INFO - [2025-04-25T23:41:48.153+0000] {dag.py:4180} INFO - Setting next_dagrun for example_external_task_marker_parent to None, run_after=None
[2025-04-25T23:41:48.179+0000] {processor.py:208} INFO - Processing /home/airflow/.local/lib/python3.12/site-packages/airflow/example_dags/example_external_task_marker_dag.py took 0.121 seconds
[2025-04-25T23:42:18.677+0000] {processor.py:186} INFO - Started process (PID=619) to work on /home/airflow/.local/lib/python3.12/site-packages/airflow/example_dags/example_external_task_marker_dag.py
[2025-04-25T23:42:18.679+0000] {processor.py:914} INFO - Processing file /home/airflow/.local/lib/python3.12/site-packages/airflow/example_dags/example_external_task_marker_dag.py for tasks to queue
[2025-04-25T23:42:18.684+0000] {logging_mixin.py:190} INFO - [2025-04-25T23:42:18.683+0000] {dagbag.py:588} INFO - Filling up the DagBag from /home/airflow/.local/lib/python3.12/site-packages/airflow/example_dags/example_external_task_marker_dag.py
[2025-04-25T23:42:18.710+0000] {processor.py:925} INFO - DAG(s) 'example_external_task_marker_child', 'example_external_task_marker_parent' retrieved from /home/airflow/.local/lib/python3.12/site-packages/airflow/example_dags/example_external_task_marker_dag.py
[2025-04-25T23:42:18.788+0000] {logging_mixin.py:190} INFO - [2025-04-25T23:42:18.788+0000] {dag.py:3239} INFO - Sync 2 DAGs
[2025-04-25T23:42:18.858+0000] {logging_mixin.py:190} INFO - [2025-04-25T23:42:18.857+0000] {dag.py:4180} INFO - Setting next_dagrun for example_external_task_marker_child to None, run_after=None
[2025-04-25T23:42:18.882+0000] {logging_mixin.py:190} INFO - [2025-04-25T23:42:18.881+0000] {dag.py:4180} INFO - Setting next_dagrun for example_external_task_marker_parent to None, run_after=None
[2025-04-25T23:42:18.919+0000] {processor.py:208} INFO - Processing /home/airflow/.local/lib/python3.12/site-packages/airflow/example_dags/example_external_task_marker_dag.py took 0.258 seconds
[2025-04-25T23:42:49.491+0000] {processor.py:186} INFO - Started process (PID=682) to work on /home/airflow/.local/lib/python3.12/site-packages/airflow/example_dags/example_external_task_marker_dag.py
[2025-04-25T23:42:49.493+0000] {processor.py:914} INFO - Processing file /home/airflow/.local/lib/python3.12/site-packages/airflow/example_dags/example_external_task_marker_dag.py for tasks to queue
[2025-04-25T23:42:49.498+0000] {logging_mixin.py:190} INFO - [2025-04-25T23:42:49.496+0000] {dagbag.py:588} INFO - Filling up the DagBag from /home/airflow/.local/lib/python3.12/site-packages/airflow/example_dags/example_external_task_marker_dag.py
[2025-04-25T23:42:49.515+0000] {processor.py:925} INFO - DAG(s) 'example_external_task_marker_parent', 'example_external_task_marker_child' retrieved from /home/airflow/.local/lib/python3.12/site-packages/airflow/example_dags/example_external_task_marker_dag.py
[2025-04-25T23:42:49.562+0000] {logging_mixin.py:190} INFO - [2025-04-25T23:42:49.562+0000] {dag.py:3239} INFO - Sync 2 DAGs
[2025-04-25T23:42:49.587+0000] {logging_mixin.py:190} INFO - [2025-04-25T23:42:49.587+0000] {dag.py:4180} INFO - Setting next_dagrun for example_external_task_marker_child to None, run_after=None
[2025-04-25T23:42:49.598+0000] {logging_mixin.py:190} INFO - [2025-04-25T23:42:49.598+0000] {dag.py:4180} INFO - Setting next_dagrun for example_external_task_marker_parent to None, run_after=None
[2025-04-25T23:42:49.637+0000] {processor.py:208} INFO - Processing /home/airflow/.local/lib/python3.12/site-packages/airflow/example_dags/example_external_task_marker_dag.py took 0.153 seconds
[2025-04-25T23:43:30.845+0000] {processor.py:186} INFO - Started process (PID=761) to work on /home/airflow/.local/lib/python3.12/site-packages/airflow/example_dags/example_external_task_marker_dag.py
[2025-04-25T23:43:30.847+0000] {processor.py:914} INFO - Processing file /home/airflow/.local/lib/python3.12/site-packages/airflow/example_dags/example_external_task_marker_dag.py for tasks to queue
[2025-04-25T23:43:30.850+0000] {logging_mixin.py:190} INFO - [2025-04-25T23:43:30.850+0000] {dagbag.py:588} INFO - Filling up the DagBag from /home/airflow/.local/lib/python3.12/site-packages/airflow/example_dags/example_external_task_marker_dag.py
[2025-04-25T23:43:30.865+0000] {processor.py:925} INFO - DAG(s) 'example_external_task_marker_parent', 'example_external_task_marker_child' retrieved from /home/airflow/.local/lib/python3.12/site-packages/airflow/example_dags/example_external_task_marker_dag.py
[2025-04-25T23:43:30.912+0000] {logging_mixin.py:190} INFO - [2025-04-25T23:43:30.911+0000] {dag.py:3239} INFO - Sync 2 DAGs
[2025-04-25T23:43:30.934+0000] {logging_mixin.py:190} INFO - [2025-04-25T23:43:30.933+0000] {dag.py:4180} INFO - Setting next_dagrun for example_external_task_marker_child to None, run_after=None
[2025-04-25T23:43:30.942+0000] {logging_mixin.py:190} INFO - [2025-04-25T23:43:30.941+0000] {dag.py:4180} INFO - Setting next_dagrun for example_external_task_marker_parent to None, run_after=None
[2025-04-25T23:43:30.973+0000] {processor.py:208} INFO - Processing /home/airflow/.local/lib/python3.12/site-packages/airflow/example_dags/example_external_task_marker_dag.py took 0.140 seconds
[2025-04-25T23:44:01.684+0000] {processor.py:186} INFO - Started process (PID=824) to work on /home/airflow/.local/lib/python3.12/site-packages/airflow/example_dags/example_external_task_marker_dag.py
[2025-04-25T23:44:01.686+0000] {processor.py:914} INFO - Processing file /home/airflow/.local/lib/python3.12/site-packages/airflow/example_dags/example_external_task_marker_dag.py for tasks to queue
[2025-04-25T23:44:01.691+0000] {logging_mixin.py:190} INFO - [2025-04-25T23:44:01.690+0000] {dagbag.py:588} INFO - Filling up the DagBag from /home/airflow/.local/lib/python3.12/site-packages/airflow/example_dags/example_external_task_marker_dag.py
[2025-04-25T23:44:01.702+0000] {processor.py:925} INFO - DAG(s) 'example_external_task_marker_parent', 'example_external_task_marker_child' retrieved from /home/airflow/.local/lib/python3.12/site-packages/airflow/example_dags/example_external_task_marker_dag.py
[2025-04-25T23:44:01.742+0000] {logging_mixin.py:190} INFO - [2025-04-25T23:44:01.742+0000] {dag.py:3239} INFO - Sync 2 DAGs
[2025-04-25T23:44:01.765+0000] {logging_mixin.py:190} INFO - [2025-04-25T23:44:01.765+0000] {dag.py:4180} INFO - Setting next_dagrun for example_external_task_marker_child to None, run_after=None
[2025-04-25T23:44:01.774+0000] {logging_mixin.py:190} INFO - [2025-04-25T23:44:01.773+0000] {dag.py:4180} INFO - Setting next_dagrun for example_external_task_marker_parent to None, run_after=None
[2025-04-25T23:44:01.799+0000] {processor.py:208} INFO - Processing /home/airflow/.local/lib/python3.12/site-packages/airflow/example_dags/example_external_task_marker_dag.py took 0.122 seconds
[2025-04-25T23:44:32.031+0000] {processor.py:186} INFO - Started process (PID=886) to work on /home/airflow/.local/lib/python3.12/site-packages/airflow/example_dags/example_external_task_marker_dag.py
[2025-04-25T23:44:32.035+0000] {processor.py:914} INFO - Processing file /home/airflow/.local/lib/python3.12/site-packages/airflow/example_dags/example_external_task_marker_dag.py for tasks to queue
[2025-04-25T23:44:32.038+0000] {logging_mixin.py:190} INFO - [2025-04-25T23:44:32.037+0000] {dagbag.py:588} INFO - Filling up the DagBag from /home/airflow/.local/lib/python3.12/site-packages/airflow/example_dags/example_external_task_marker_dag.py
[2025-04-25T23:44:32.047+0000] {processor.py:925} INFO - DAG(s) 'example_external_task_marker_parent', 'example_external_task_marker_child' retrieved from /home/airflow/.local/lib/python3.12/site-packages/airflow/example_dags/example_external_task_marker_dag.py
[2025-04-25T23:44:32.096+0000] {logging_mixin.py:190} INFO - [2025-04-25T23:44:32.096+0000] {dag.py:3239} INFO - Sync 2 DAGs
[2025-04-25T23:44:32.123+0000] {logging_mixin.py:190} INFO - [2025-04-25T23:44:32.123+0000] {dag.py:4180} INFO - Setting next_dagrun for example_external_task_marker_child to None, run_after=None
[2025-04-25T23:44:32.129+0000] {logging_mixin.py:190} INFO - [2025-04-25T23:44:32.129+0000] {dag.py:4180} INFO - Setting next_dagrun for example_external_task_marker_parent to None, run_after=None
[2025-04-25T23:44:32.161+0000] {processor.py:208} INFO - Processing /home/airflow/.local/lib/python3.12/site-packages/airflow/example_dags/example_external_task_marker_dag.py took 0.138 seconds
[2025-04-25T23:45:02.239+0000] {processor.py:186} INFO - Started process (PID=948) to work on /home/airflow/.local/lib/python3.12/site-packages/airflow/example_dags/example_external_task_marker_dag.py
[2025-04-25T23:45:02.240+0000] {processor.py:914} INFO - Processing file /home/airflow/.local/lib/python3.12/site-packages/airflow/example_dags/example_external_task_marker_dag.py for tasks to queue
[2025-04-25T23:45:02.245+0000] {logging_mixin.py:190} INFO - [2025-04-25T23:45:02.244+0000] {dagbag.py:588} INFO - Filling up the DagBag from /home/airflow/.local/lib/python3.12/site-packages/airflow/example_dags/example_external_task_marker_dag.py
[2025-04-25T23:45:02.264+0000] {processor.py:925} INFO - DAG(s) 'example_external_task_marker_child', 'example_external_task_marker_parent' retrieved from /home/airflow/.local/lib/python3.12/site-packages/airflow/example_dags/example_external_task_marker_dag.py
[2025-04-25T23:45:02.316+0000] {logging_mixin.py:190} INFO - [2025-04-25T23:45:02.316+0000] {dag.py:3239} INFO - Sync 2 DAGs
[2025-04-25T23:45:02.348+0000] {logging_mixin.py:190} INFO - [2025-04-25T23:45:02.348+0000] {dag.py:4180} INFO - Setting next_dagrun for example_external_task_marker_child to None, run_after=None
[2025-04-25T23:45:02.354+0000] {logging_mixin.py:190} INFO - [2025-04-25T23:45:02.354+0000] {dag.py:4180} INFO - Setting next_dagrun for example_external_task_marker_parent to None, run_after=None
[2025-04-25T23:45:02.388+0000] {processor.py:208} INFO - Processing /home/airflow/.local/lib/python3.12/site-packages/airflow/example_dags/example_external_task_marker_dag.py took 0.163 seconds
[2025-04-25T23:45:32.711+0000] {processor.py:186} INFO - Started process (PID=1011) to work on /home/airflow/.local/lib/python3.12/site-packages/airflow/example_dags/example_external_task_marker_dag.py
[2025-04-25T23:45:32.713+0000] {processor.py:914} INFO - Processing file /home/airflow/.local/lib/python3.12/site-packages/airflow/example_dags/example_external_task_marker_dag.py for tasks to queue
[2025-04-25T23:45:32.717+0000] {logging_mixin.py:190} INFO - [2025-04-25T23:45:32.716+0000] {dagbag.py:588} INFO - Filling up the DagBag from /home/airflow/.local/lib/python3.12/site-packages/airflow/example_dags/example_external_task_marker_dag.py
[2025-04-25T23:45:32.734+0000] {processor.py:925} INFO - DAG(s) 'example_external_task_marker_parent', 'example_external_task_marker_child' retrieved from /home/airflow/.local/lib/python3.12/site-packages/airflow/example_dags/example_external_task_marker_dag.py
[2025-04-25T23:45:32.776+0000] {logging_mixin.py:190} INFO - [2025-04-25T23:45:32.775+0000] {dag.py:3239} INFO - Sync 2 DAGs
[2025-04-25T23:45:32.812+0000] {logging_mixin.py:190} INFO - [2025-04-25T23:45:32.812+0000] {dag.py:4180} INFO - Setting next_dagrun for example_external_task_marker_child to None, run_after=None
[2025-04-25T23:45:32.819+0000] {logging_mixin.py:190} INFO - [2025-04-25T23:45:32.818+0000] {dag.py:4180} INFO - Setting next_dagrun for example_external_task_marker_parent to None, run_after=None
[2025-04-25T23:45:32.865+0000] {processor.py:208} INFO - Processing /home/airflow/.local/lib/python3.12/site-packages/airflow/example_dags/example_external_task_marker_dag.py took 0.163 seconds
[2025-04-25T23:46:03.925+0000] {processor.py:186} INFO - Started process (PID=1074) to work on /home/airflow/.local/lib/python3.12/site-packages/airflow/example_dags/example_external_task_marker_dag.py
[2025-04-25T23:46:03.927+0000] {processor.py:914} INFO - Processing file /home/airflow/.local/lib/python3.12/site-packages/airflow/example_dags/example_external_task_marker_dag.py for tasks to queue
[2025-04-25T23:46:03.930+0000] {logging_mixin.py:190} INFO - [2025-04-25T23:46:03.930+0000] {dagbag.py:588} INFO - Filling up the DagBag from /home/airflow/.local/lib/python3.12/site-packages/airflow/example_dags/example_external_task_marker_dag.py
[2025-04-25T23:46:03.950+0000] {processor.py:925} INFO - DAG(s) 'example_external_task_marker_parent', 'example_external_task_marker_child' retrieved from /home/airflow/.local/lib/python3.12/site-packages/airflow/example_dags/example_external_task_marker_dag.py
[2025-04-25T23:46:03.995+0000] {logging_mixin.py:190} INFO - [2025-04-25T23:46:03.995+0000] {dag.py:3239} INFO - Sync 2 DAGs
[2025-04-25T23:46:04.018+0000] {logging_mixin.py:190} INFO - [2025-04-25T23:46:04.017+0000] {dag.py:4180} INFO - Setting next_dagrun for example_external_task_marker_child to None, run_after=None
[2025-04-25T23:46:04.026+0000] {logging_mixin.py:190} INFO - [2025-04-25T23:46:04.025+0000] {dag.py:4180} INFO - Setting next_dagrun for example_external_task_marker_parent to None, run_after=None
[2025-04-25T23:46:04.053+0000] {processor.py:208} INFO - Processing /home/airflow/.local/lib/python3.12/site-packages/airflow/example_dags/example_external_task_marker_dag.py took 0.138 seconds
[2025-04-25T23:46:49.047+0000] {processor.py:186} INFO - Started process (PID=1136) to work on /home/airflow/.local/lib/python3.12/site-packages/airflow/example_dags/example_external_task_marker_dag.py
[2025-04-25T23:46:49.056+0000] {processor.py:914} INFO - Processing file /home/airflow/.local/lib/python3.12/site-packages/airflow/example_dags/example_external_task_marker_dag.py for tasks to queue
[2025-04-25T23:46:49.061+0000] {logging_mixin.py:190} INFO - [2025-04-25T23:46:49.060+0000] {dagbag.py:588} INFO - Filling up the DagBag from /home/airflow/.local/lib/python3.12/site-packages/airflow/example_dags/example_external_task_marker_dag.py
[2025-04-25T23:46:49.096+0000] {processor.py:925} INFO - DAG(s) 'example_external_task_marker_child', 'example_external_task_marker_parent' retrieved from /home/airflow/.local/lib/python3.12/site-packages/airflow/example_dags/example_external_task_marker_dag.py
[2025-04-25T23:46:49.182+0000] {logging_mixin.py:190} INFO - [2025-04-25T23:46:49.181+0000] {dag.py:3239} INFO - Sync 2 DAGs
[2025-04-25T23:46:49.235+0000] {logging_mixin.py:190} INFO - [2025-04-25T23:46:49.235+0000] {dag.py:4180} INFO - Setting next_dagrun for example_external_task_marker_child to None, run_after=None
[2025-04-25T23:46:49.244+0000] {logging_mixin.py:190} INFO - [2025-04-25T23:46:49.244+0000] {dag.py:4180} INFO - Setting next_dagrun for example_external_task_marker_parent to None, run_after=None
[2025-04-25T23:46:49.312+0000] {processor.py:208} INFO - Processing /home/airflow/.local/lib/python3.12/site-packages/airflow/example_dags/example_external_task_marker_dag.py took 0.308 seconds
[2025-04-25T23:47:20.101+0000] {processor.py:186} INFO - Started process (PID=1199) to work on /home/airflow/.local/lib/python3.12/site-packages/airflow/example_dags/example_external_task_marker_dag.py
[2025-04-25T23:47:20.102+0000] {processor.py:914} INFO - Processing file /home/airflow/.local/lib/python3.12/site-packages/airflow/example_dags/example_external_task_marker_dag.py for tasks to queue
[2025-04-25T23:47:20.105+0000] {logging_mixin.py:190} INFO - [2025-04-25T23:47:20.105+0000] {dagbag.py:588} INFO - Filling up the DagBag from /home/airflow/.local/lib/python3.12/site-packages/airflow/example_dags/example_external_task_marker_dag.py
[2025-04-25T23:47:20.119+0000] {processor.py:925} INFO - DAG(s) 'example_external_task_marker_child', 'example_external_task_marker_parent' retrieved from /home/airflow/.local/lib/python3.12/site-packages/airflow/example_dags/example_external_task_marker_dag.py
[2025-04-25T23:47:20.159+0000] {logging_mixin.py:190} INFO - [2025-04-25T23:47:20.159+0000] {dag.py:3239} INFO - Sync 2 DAGs
[2025-04-25T23:47:20.189+0000] {logging_mixin.py:190} INFO - [2025-04-25T23:47:20.188+0000] {dag.py:4180} INFO - Setting next_dagrun for example_external_task_marker_child to None, run_after=None
[2025-04-25T23:47:20.194+0000] {logging_mixin.py:190} INFO - [2025-04-25T23:47:20.194+0000] {dag.py:4180} INFO - Setting next_dagrun for example_external_task_marker_parent to None, run_after=None
[2025-04-25T23:47:20.232+0000] {processor.py:208} INFO - Processing /home/airflow/.local/lib/python3.12/site-packages/airflow/example_dags/example_external_task_marker_dag.py took 0.144 seconds
[2025-04-25T23:47:50.630+0000] {processor.py:186} INFO - Started process (PID=1260) to work on /home/airflow/.local/lib/python3.12/site-packages/airflow/example_dags/example_external_task_marker_dag.py
[2025-04-25T23:47:50.631+0000] {processor.py:914} INFO - Processing file /home/airflow/.local/lib/python3.12/site-packages/airflow/example_dags/example_external_task_marker_dag.py for tasks to queue
[2025-04-25T23:47:50.634+0000] {logging_mixin.py:190} INFO - [2025-04-25T23:47:50.633+0000] {dagbag.py:588} INFO - Filling up the DagBag from /home/airflow/.local/lib/python3.12/site-packages/airflow/example_dags/example_external_task_marker_dag.py
[2025-04-25T23:47:50.645+0000] {processor.py:925} INFO - DAG(s) 'example_external_task_marker_child', 'example_external_task_marker_parent' retrieved from /home/airflow/.local/lib/python3.12/site-packages/airflow/example_dags/example_external_task_marker_dag.py
[2025-04-25T23:47:50.675+0000] {logging_mixin.py:190} INFO - [2025-04-25T23:47:50.675+0000] {dag.py:3239} INFO - Sync 2 DAGs
[2025-04-25T23:47:50.696+0000] {logging_mixin.py:190} INFO - [2025-04-25T23:47:50.696+0000] {dag.py:4180} INFO - Setting next_dagrun for example_external_task_marker_child to None, run_after=None
[2025-04-25T23:47:50.701+0000] {logging_mixin.py:190} INFO - [2025-04-25T23:47:50.701+0000] {dag.py:4180} INFO - Setting next_dagrun for example_external_task_marker_parent to None, run_after=None
[2025-04-25T23:47:50.722+0000] {processor.py:208} INFO - Processing /home/airflow/.local/lib/python3.12/site-packages/airflow/example_dags/example_external_task_marker_dag.py took 0.102 seconds
[2025-04-25T23:48:21.058+0000] {processor.py:186} INFO - Started process (PID=1323) to work on /home/airflow/.local/lib/python3.12/site-packages/airflow/example_dags/example_external_task_marker_dag.py
[2025-04-25T23:48:21.059+0000] {processor.py:914} INFO - Processing file /home/airflow/.local/lib/python3.12/site-packages/airflow/example_dags/example_external_task_marker_dag.py for tasks to queue
[2025-04-25T23:48:21.062+0000] {logging_mixin.py:190} INFO - [2025-04-25T23:48:21.062+0000] {dagbag.py:588} INFO - Filling up the DagBag from /home/airflow/.local/lib/python3.12/site-packages/airflow/example_dags/example_external_task_marker_dag.py
[2025-04-25T23:48:21.076+0000] {processor.py:925} INFO - DAG(s) 'example_external_task_marker_parent', 'example_external_task_marker_child' retrieved from /home/airflow/.local/lib/python3.12/site-packages/airflow/example_dags/example_external_task_marker_dag.py
[2025-04-25T23:48:21.120+0000] {logging_mixin.py:190} INFO - [2025-04-25T23:48:21.120+0000] {dag.py:3239} INFO - Sync 2 DAGs
[2025-04-25T23:48:21.145+0000] {logging_mixin.py:190} INFO - [2025-04-25T23:48:21.145+0000] {dag.py:4180} INFO - Setting next_dagrun for example_external_task_marker_child to None, run_after=None
[2025-04-25T23:48:21.152+0000] {logging_mixin.py:190} INFO - [2025-04-25T23:48:21.152+0000] {dag.py:4180} INFO - Setting next_dagrun for example_external_task_marker_parent to None, run_after=None
[2025-04-25T23:48:21.197+0000] {processor.py:208} INFO - Processing /home/airflow/.local/lib/python3.12/site-packages/airflow/example_dags/example_external_task_marker_dag.py took 0.149 seconds
[2025-04-25T23:48:51.852+0000] {processor.py:186} INFO - Started process (PID=1385) to work on /home/airflow/.local/lib/python3.12/site-packages/airflow/example_dags/example_external_task_marker_dag.py
[2025-04-25T23:48:51.855+0000] {processor.py:914} INFO - Processing file /home/airflow/.local/lib/python3.12/site-packages/airflow/example_dags/example_external_task_marker_dag.py for tasks to queue
[2025-04-25T23:48:51.857+0000] {logging_mixin.py:190} INFO - [2025-04-25T23:48:51.857+0000] {dagbag.py:588} INFO - Filling up the DagBag from /home/airflow/.local/lib/python3.12/site-packages/airflow/example_dags/example_external_task_marker_dag.py
[2025-04-25T23:48:51.873+0000] {processor.py:925} INFO - DAG(s) 'example_external_task_marker_parent', 'example_external_task_marker_child' retrieved from /home/airflow/.local/lib/python3.12/site-packages/airflow/example_dags/example_external_task_marker_dag.py
[2025-04-25T23:48:51.910+0000] {logging_mixin.py:190} INFO - [2025-04-25T23:48:51.909+0000] {dag.py:3239} INFO - Sync 2 DAGs
[2025-04-25T23:48:51.936+0000] {logging_mixin.py:190} INFO - [2025-04-25T23:48:51.935+0000] {dag.py:4180} INFO - Setting next_dagrun for example_external_task_marker_child to None, run_after=None
[2025-04-25T23:48:51.942+0000] {logging_mixin.py:190} INFO - [2025-04-25T23:48:51.942+0000] {dag.py:4180} INFO - Setting next_dagrun for example_external_task_marker_parent to None, run_after=None
[2025-04-25T23:48:51.967+0000] {processor.py:208} INFO - Processing /home/airflow/.local/lib/python3.12/site-packages/airflow/example_dags/example_external_task_marker_dag.py took 0.123 seconds
[2025-04-25T23:49:22.437+0000] {processor.py:186} INFO - Started process (PID=1448) to work on /home/airflow/.local/lib/python3.12/site-packages/airflow/example_dags/example_external_task_marker_dag.py
[2025-04-25T23:49:22.438+0000] {processor.py:914} INFO - Processing file /home/airflow/.local/lib/python3.12/site-packages/airflow/example_dags/example_external_task_marker_dag.py for tasks to queue
[2025-04-25T23:49:22.442+0000] {logging_mixin.py:190} INFO - [2025-04-25T23:49:22.442+0000] {dagbag.py:588} INFO - Filling up the DagBag from /home/airflow/.local/lib/python3.12/site-packages/airflow/example_dags/example_external_task_marker_dag.py
[2025-04-25T23:49:22.455+0000] {processor.py:925} INFO - DAG(s) 'example_external_task_marker_parent', 'example_external_task_marker_child' retrieved from /home/airflow/.local/lib/python3.12/site-packages/airflow/example_dags/example_external_task_marker_dag.py
[2025-04-25T23:49:22.507+0000] {logging_mixin.py:190} INFO - [2025-04-25T23:49:22.507+0000] {dag.py:3239} INFO - Sync 2 DAGs
[2025-04-25T23:49:22.543+0000] {logging_mixin.py:190} INFO - [2025-04-25T23:49:22.543+0000] {dag.py:4180} INFO - Setting next_dagrun for example_external_task_marker_child to None, run_after=None
[2025-04-25T23:49:22.554+0000] {logging_mixin.py:190} INFO - [2025-04-25T23:49:22.553+0000] {dag.py:4180} INFO - Setting next_dagrun for example_external_task_marker_parent to None, run_after=None
[2025-04-25T23:49:22.586+0000] {processor.py:208} INFO - Processing /home/airflow/.local/lib/python3.12/site-packages/airflow/example_dags/example_external_task_marker_dag.py took 0.158 seconds
[2025-04-25T23:49:52.718+0000] {processor.py:186} INFO - Started process (PID=1510) to work on /home/airflow/.local/lib/python3.12/site-packages/airflow/example_dags/example_external_task_marker_dag.py
[2025-04-25T23:49:52.720+0000] {processor.py:914} INFO - Processing file /home/airflow/.local/lib/python3.12/site-packages/airflow/example_dags/example_external_task_marker_dag.py for tasks to queue
[2025-04-25T23:49:52.725+0000] {logging_mixin.py:190} INFO - [2025-04-25T23:49:52.724+0000] {dagbag.py:588} INFO - Filling up the DagBag from /home/airflow/.local/lib/python3.12/site-packages/airflow/example_dags/example_external_task_marker_dag.py
[2025-04-25T23:49:52.738+0000] {processor.py:925} INFO - DAG(s) 'example_external_task_marker_child', 'example_external_task_marker_parent' retrieved from /home/airflow/.local/lib/python3.12/site-packages/airflow/example_dags/example_external_task_marker_dag.py
[2025-04-25T23:49:52.770+0000] {logging_mixin.py:190} INFO - [2025-04-25T23:49:52.769+0000] {dag.py:3239} INFO - Sync 2 DAGs
[2025-04-25T23:49:52.795+0000] {logging_mixin.py:190} INFO - [2025-04-25T23:49:52.795+0000] {dag.py:4180} INFO - Setting next_dagrun for example_external_task_marker_child to None, run_after=None
[2025-04-25T23:49:52.800+0000] {logging_mixin.py:190} INFO - [2025-04-25T23:49:52.800+0000] {dag.py:4180} INFO - Setting next_dagrun for example_external_task_marker_parent to None, run_after=None
[2025-04-25T23:49:52.825+0000] {processor.py:208} INFO - Processing /home/airflow/.local/lib/python3.12/site-packages/airflow/example_dags/example_external_task_marker_dag.py took 0.115 seconds
[2025-04-25T23:50:22.905+0000] {processor.py:186} INFO - Started process (PID=1574) to work on /home/airflow/.local/lib/python3.12/site-packages/airflow/example_dags/example_external_task_marker_dag.py
[2025-04-25T23:50:22.907+0000] {processor.py:914} INFO - Processing file /home/airflow/.local/lib/python3.12/site-packages/airflow/example_dags/example_external_task_marker_dag.py for tasks to queue
[2025-04-25T23:50:22.909+0000] {logging_mixin.py:190} INFO - [2025-04-25T23:50:22.909+0000] {dagbag.py:588} INFO - Filling up the DagBag from /home/airflow/.local/lib/python3.12/site-packages/airflow/example_dags/example_external_task_marker_dag.py
[2025-04-25T23:50:22.919+0000] {processor.py:925} INFO - DAG(s) 'example_external_task_marker_child', 'example_external_task_marker_parent' retrieved from /home/airflow/.local/lib/python3.12/site-packages/airflow/example_dags/example_external_task_marker_dag.py
[2025-04-25T23:50:22.948+0000] {logging_mixin.py:190} INFO - [2025-04-25T23:50:22.948+0000] {dag.py:3239} INFO - Sync 2 DAGs
[2025-04-25T23:50:22.964+0000] {logging_mixin.py:190} INFO - [2025-04-25T23:50:22.964+0000] {dag.py:4180} INFO - Setting next_dagrun for example_external_task_marker_child to None, run_after=None
[2025-04-25T23:50:22.969+0000] {logging_mixin.py:190} INFO - [2025-04-25T23:50:22.969+0000] {dag.py:4180} INFO - Setting next_dagrun for example_external_task_marker_parent to None, run_after=None
[2025-04-25T23:50:22.995+0000] {processor.py:208} INFO - Processing /home/airflow/.local/lib/python3.12/site-packages/airflow/example_dags/example_external_task_marker_dag.py took 0.096 seconds
[2025-04-25T23:50:53.569+0000] {processor.py:186} INFO - Started process (PID=1636) to work on /home/airflow/.local/lib/python3.12/site-packages/airflow/example_dags/example_external_task_marker_dag.py
[2025-04-25T23:50:53.571+0000] {processor.py:914} INFO - Processing file /home/airflow/.local/lib/python3.12/site-packages/airflow/example_dags/example_external_task_marker_dag.py for tasks to queue
[2025-04-25T23:50:53.576+0000] {logging_mixin.py:190} INFO - [2025-04-25T23:50:53.575+0000] {dagbag.py:588} INFO - Filling up the DagBag from /home/airflow/.local/lib/python3.12/site-packages/airflow/example_dags/example_external_task_marker_dag.py
[2025-04-25T23:50:53.590+0000] {processor.py:925} INFO - DAG(s) 'example_external_task_marker_child', 'example_external_task_marker_parent' retrieved from /home/airflow/.local/lib/python3.12/site-packages/airflow/example_dags/example_external_task_marker_dag.py
[2025-04-25T23:50:53.631+0000] {logging_mixin.py:190} INFO - [2025-04-25T23:50:53.631+0000] {dag.py:3239} INFO - Sync 2 DAGs
[2025-04-25T23:50:53.677+0000] {logging_mixin.py:190} INFO - [2025-04-25T23:50:53.677+0000] {dag.py:4180} INFO - Setting next_dagrun for example_external_task_marker_child to None, run_after=None
[2025-04-25T23:50:53.693+0000] {logging_mixin.py:190} INFO - [2025-04-25T23:50:53.693+0000] {dag.py:4180} INFO - Setting next_dagrun for example_external_task_marker_parent to None, run_after=None
[2025-04-25T23:50:53.794+0000] {processor.py:208} INFO - Processing /home/airflow/.local/lib/python3.12/site-packages/airflow/example_dags/example_external_task_marker_dag.py took 0.240 seconds
[2025-04-25T23:51:28.303+0000] {processor.py:186} INFO - Started process (PID=1699) to work on /home/airflow/.local/lib/python3.12/site-packages/airflow/example_dags/example_external_task_marker_dag.py
[2025-04-25T23:51:28.304+0000] {processor.py:914} INFO - Processing file /home/airflow/.local/lib/python3.12/site-packages/airflow/example_dags/example_external_task_marker_dag.py for tasks to queue
[2025-04-25T23:51:28.309+0000] {logging_mixin.py:190} INFO - [2025-04-25T23:51:28.309+0000] {dagbag.py:588} INFO - Filling up the DagBag from /home/airflow/.local/lib/python3.12/site-packages/airflow/example_dags/example_external_task_marker_dag.py
[2025-04-25T23:51:28.329+0000] {processor.py:925} INFO - DAG(s) 'example_external_task_marker_child', 'example_external_task_marker_parent' retrieved from /home/airflow/.local/lib/python3.12/site-packages/airflow/example_dags/example_external_task_marker_dag.py
[2025-04-25T23:51:28.383+0000] {logging_mixin.py:190} INFO - [2025-04-25T23:51:28.382+0000] {dag.py:3239} INFO - Sync 2 DAGs
[2025-04-25T23:51:28.407+0000] {logging_mixin.py:190} INFO - [2025-04-25T23:51:28.406+0000] {dag.py:4180} INFO - Setting next_dagrun for example_external_task_marker_child to None, run_after=None
[2025-04-25T23:51:28.422+0000] {logging_mixin.py:190} INFO - [2025-04-25T23:51:28.421+0000] {dag.py:4180} INFO - Setting next_dagrun for example_external_task_marker_parent to None, run_after=None
[2025-04-25T23:51:28.458+0000] {processor.py:208} INFO - Processing /home/airflow/.local/lib/python3.12/site-packages/airflow/example_dags/example_external_task_marker_dag.py took 0.163 seconds
[2025-04-25T23:51:59.336+0000] {processor.py:186} INFO - Started process (PID=1762) to work on /home/airflow/.local/lib/python3.12/site-packages/airflow/example_dags/example_external_task_marker_dag.py
[2025-04-25T23:51:59.337+0000] {processor.py:914} INFO - Processing file /home/airflow/.local/lib/python3.12/site-packages/airflow/example_dags/example_external_task_marker_dag.py for tasks to queue
[2025-04-25T23:51:59.340+0000] {logging_mixin.py:190} INFO - [2025-04-25T23:51:59.340+0000] {dagbag.py:588} INFO - Filling up the DagBag from /home/airflow/.local/lib/python3.12/site-packages/airflow/example_dags/example_external_task_marker_dag.py
[2025-04-25T23:51:59.351+0000] {processor.py:925} INFO - DAG(s) 'example_external_task_marker_child', 'example_external_task_marker_parent' retrieved from /home/airflow/.local/lib/python3.12/site-packages/airflow/example_dags/example_external_task_marker_dag.py
[2025-04-25T23:51:59.396+0000] {logging_mixin.py:190} INFO - [2025-04-25T23:51:59.396+0000] {dag.py:3239} INFO - Sync 2 DAGs
[2025-04-25T23:51:59.417+0000] {logging_mixin.py:190} INFO - [2025-04-25T23:51:59.416+0000] {dag.py:4180} INFO - Setting next_dagrun for example_external_task_marker_child to None, run_after=None
[2025-04-25T23:51:59.424+0000] {logging_mixin.py:190} INFO - [2025-04-25T23:51:59.423+0000] {dag.py:4180} INFO - Setting next_dagrun for example_external_task_marker_parent to None, run_after=None
[2025-04-25T23:51:59.450+0000] {processor.py:208} INFO - Processing /home/airflow/.local/lib/python3.12/site-packages/airflow/example_dags/example_external_task_marker_dag.py took 0.123 seconds
[2025-04-25T23:52:30.043+0000] {processor.py:186} INFO - Started process (PID=1832) to work on /home/airflow/.local/lib/python3.12/site-packages/airflow/example_dags/example_external_task_marker_dag.py
[2025-04-25T23:52:30.044+0000] {processor.py:914} INFO - Processing file /home/airflow/.local/lib/python3.12/site-packages/airflow/example_dags/example_external_task_marker_dag.py for tasks to queue
[2025-04-25T23:52:30.048+0000] {logging_mixin.py:190} INFO - [2025-04-25T23:52:30.047+0000] {dagbag.py:588} INFO - Filling up the DagBag from /home/airflow/.local/lib/python3.12/site-packages/airflow/example_dags/example_external_task_marker_dag.py
[2025-04-25T23:52:30.058+0000] {processor.py:925} INFO - DAG(s) 'example_external_task_marker_child', 'example_external_task_marker_parent' retrieved from /home/airflow/.local/lib/python3.12/site-packages/airflow/example_dags/example_external_task_marker_dag.py
[2025-04-25T23:52:30.109+0000] {logging_mixin.py:190} INFO - [2025-04-25T23:52:30.109+0000] {dag.py:3239} INFO - Sync 2 DAGs
[2025-04-25T23:52:30.144+0000] {logging_mixin.py:190} INFO - [2025-04-25T23:52:30.143+0000] {dag.py:4180} INFO - Setting next_dagrun for example_external_task_marker_child to None, run_after=None
[2025-04-25T23:52:30.148+0000] {logging_mixin.py:190} INFO - [2025-04-25T23:52:30.148+0000] {dag.py:4180} INFO - Setting next_dagrun for example_external_task_marker_parent to None, run_after=None
[2025-04-25T23:52:30.173+0000] {processor.py:208} INFO - Processing /home/airflow/.local/lib/python3.12/site-packages/airflow/example_dags/example_external_task_marker_dag.py took 0.137 seconds
[2025-04-25T23:53:00.642+0000] {processor.py:186} INFO - Started process (PID=1897) to work on /home/airflow/.local/lib/python3.12/site-packages/airflow/example_dags/example_external_task_marker_dag.py
[2025-04-25T23:53:00.646+0000] {processor.py:914} INFO - Processing file /home/airflow/.local/lib/python3.12/site-packages/airflow/example_dags/example_external_task_marker_dag.py for tasks to queue
[2025-04-25T23:53:00.650+0000] {logging_mixin.py:190} INFO - [2025-04-25T23:53:00.649+0000] {dagbag.py:588} INFO - Filling up the DagBag from /home/airflow/.local/lib/python3.12/site-packages/airflow/example_dags/example_external_task_marker_dag.py
[2025-04-25T23:53:00.666+0000] {processor.py:925} INFO - DAG(s) 'example_external_task_marker_child', 'example_external_task_marker_parent' retrieved from /home/airflow/.local/lib/python3.12/site-packages/airflow/example_dags/example_external_task_marker_dag.py
[2025-04-25T23:53:00.714+0000] {logging_mixin.py:190} INFO - [2025-04-25T23:53:00.713+0000] {dag.py:3239} INFO - Sync 2 DAGs
[2025-04-25T23:53:00.738+0000] {logging_mixin.py:190} INFO - [2025-04-25T23:53:00.738+0000] {dag.py:4180} INFO - Setting next_dagrun for example_external_task_marker_child to None, run_after=None
[2025-04-25T23:53:00.745+0000] {logging_mixin.py:190} INFO - [2025-04-25T23:53:00.745+0000] {dag.py:4180} INFO - Setting next_dagrun for example_external_task_marker_parent to None, run_after=None
[2025-04-25T23:53:00.776+0000] {processor.py:208} INFO - Processing /home/airflow/.local/lib/python3.12/site-packages/airflow/example_dags/example_external_task_marker_dag.py took 0.143 seconds
[2025-04-25T23:53:32.134+0000] {processor.py:186} INFO - Started process (PID=1961) to work on /home/airflow/.local/lib/python3.12/site-packages/airflow/example_dags/example_external_task_marker_dag.py
[2025-04-25T23:53:32.138+0000] {processor.py:914} INFO - Processing file /home/airflow/.local/lib/python3.12/site-packages/airflow/example_dags/example_external_task_marker_dag.py for tasks to queue
[2025-04-25T23:53:32.141+0000] {logging_mixin.py:190} INFO - [2025-04-25T23:53:32.141+0000] {dagbag.py:588} INFO - Filling up the DagBag from /home/airflow/.local/lib/python3.12/site-packages/airflow/example_dags/example_external_task_marker_dag.py
[2025-04-25T23:53:32.152+0000] {processor.py:925} INFO - DAG(s) 'example_external_task_marker_parent', 'example_external_task_marker_child' retrieved from /home/airflow/.local/lib/python3.12/site-packages/airflow/example_dags/example_external_task_marker_dag.py
[2025-04-25T23:53:32.195+0000] {logging_mixin.py:190} INFO - [2025-04-25T23:53:32.194+0000] {dag.py:3239} INFO - Sync 2 DAGs
[2025-04-25T23:53:32.223+0000] {logging_mixin.py:190} INFO - [2025-04-25T23:53:32.222+0000] {dag.py:4180} INFO - Setting next_dagrun for example_external_task_marker_child to None, run_after=None
[2025-04-25T23:53:32.229+0000] {logging_mixin.py:190} INFO - [2025-04-25T23:53:32.228+0000] {dag.py:4180} INFO - Setting next_dagrun for example_external_task_marker_parent to None, run_after=None
[2025-04-25T23:53:32.257+0000] {processor.py:208} INFO - Processing /home/airflow/.local/lib/python3.12/site-packages/airflow/example_dags/example_external_task_marker_dag.py took 0.131 seconds
[2025-04-25T23:54:04.684+0000] {processor.py:186} INFO - Started process (PID=2025) to work on /home/airflow/.local/lib/python3.12/site-packages/airflow/example_dags/example_external_task_marker_dag.py
[2025-04-25T23:54:04.690+0000] {processor.py:914} INFO - Processing file /home/airflow/.local/lib/python3.12/site-packages/airflow/example_dags/example_external_task_marker_dag.py for tasks to queue
[2025-04-25T23:54:04.695+0000] {logging_mixin.py:190} INFO - [2025-04-25T23:54:04.695+0000] {dagbag.py:588} INFO - Filling up the DagBag from /home/airflow/.local/lib/python3.12/site-packages/airflow/example_dags/example_external_task_marker_dag.py
[2025-04-25T23:54:04.711+0000] {processor.py:925} INFO - DAG(s) 'example_external_task_marker_parent', 'example_external_task_marker_child' retrieved from /home/airflow/.local/lib/python3.12/site-packages/airflow/example_dags/example_external_task_marker_dag.py
[2025-04-25T23:54:04.751+0000] {logging_mixin.py:190} INFO - [2025-04-25T23:54:04.750+0000] {dag.py:3239} INFO - Sync 2 DAGs
[2025-04-25T23:54:04.779+0000] {logging_mixin.py:190} INFO - [2025-04-25T23:54:04.779+0000] {dag.py:4180} INFO - Setting next_dagrun for example_external_task_marker_child to None, run_after=None
[2025-04-25T23:54:04.786+0000] {logging_mixin.py:190} INFO - [2025-04-25T23:54:04.786+0000] {dag.py:4180} INFO - Setting next_dagrun for example_external_task_marker_parent to None, run_after=None
[2025-04-25T23:54:04.810+0000] {processor.py:208} INFO - Processing /home/airflow/.local/lib/python3.12/site-packages/airflow/example_dags/example_external_task_marker_dag.py took 0.138 seconds
[2025-04-25T23:54:35.244+0000] {processor.py:186} INFO - Started process (PID=2089) to work on /home/airflow/.local/lib/python3.12/site-packages/airflow/example_dags/example_external_task_marker_dag.py
[2025-04-25T23:54:35.245+0000] {processor.py:914} INFO - Processing file /home/airflow/.local/lib/python3.12/site-packages/airflow/example_dags/example_external_task_marker_dag.py for tasks to queue
[2025-04-25T23:54:35.248+0000] {logging_mixin.py:190} INFO - [2025-04-25T23:54:35.248+0000] {dagbag.py:588} INFO - Filling up the DagBag from /home/airflow/.local/lib/python3.12/site-packages/airflow/example_dags/example_external_task_marker_dag.py
[2025-04-25T23:54:35.257+0000] {processor.py:925} INFO - DAG(s) 'example_external_task_marker_parent', 'example_external_task_marker_child' retrieved from /home/airflow/.local/lib/python3.12/site-packages/airflow/example_dags/example_external_task_marker_dag.py
[2025-04-25T23:54:35.283+0000] {logging_mixin.py:190} INFO - [2025-04-25T23:54:35.283+0000] {dag.py:3239} INFO - Sync 2 DAGs
[2025-04-25T23:54:35.300+0000] {logging_mixin.py:190} INFO - [2025-04-25T23:54:35.300+0000] {dag.py:4180} INFO - Setting next_dagrun for example_external_task_marker_child to None, run_after=None
[2025-04-25T23:54:35.305+0000] {logging_mixin.py:190} INFO - [2025-04-25T23:54:35.305+0000] {dag.py:4180} INFO - Setting next_dagrun for example_external_task_marker_parent to None, run_after=None
[2025-04-25T23:54:35.327+0000] {processor.py:208} INFO - Processing /home/airflow/.local/lib/python3.12/site-packages/airflow/example_dags/example_external_task_marker_dag.py took 0.091 seconds
[2025-04-25T23:55:06.191+0000] {processor.py:186} INFO - Started process (PID=2153) to work on /home/airflow/.local/lib/python3.12/site-packages/airflow/example_dags/example_external_task_marker_dag.py
[2025-04-25T23:55:06.200+0000] {processor.py:914} INFO - Processing file /home/airflow/.local/lib/python3.12/site-packages/airflow/example_dags/example_external_task_marker_dag.py for tasks to queue
[2025-04-25T23:55:06.206+0000] {logging_mixin.py:190} INFO - [2025-04-25T23:55:06.205+0000] {dagbag.py:588} INFO - Filling up the DagBag from /home/airflow/.local/lib/python3.12/site-packages/airflow/example_dags/example_external_task_marker_dag.py
[2025-04-25T23:55:06.218+0000] {processor.py:925} INFO - DAG(s) 'example_external_task_marker_parent', 'example_external_task_marker_child' retrieved from /home/airflow/.local/lib/python3.12/site-packages/airflow/example_dags/example_external_task_marker_dag.py
[2025-04-25T23:55:06.262+0000] {logging_mixin.py:190} INFO - [2025-04-25T23:55:06.262+0000] {dag.py:3239} INFO - Sync 2 DAGs
[2025-04-25T23:55:06.293+0000] {logging_mixin.py:190} INFO - [2025-04-25T23:55:06.292+0000] {dag.py:4180} INFO - Setting next_dagrun for example_external_task_marker_child to None, run_after=None
[2025-04-25T23:55:06.301+0000] {logging_mixin.py:190} INFO - [2025-04-25T23:55:06.300+0000] {dag.py:4180} INFO - Setting next_dagrun for example_external_task_marker_parent to None, run_after=None
[2025-04-25T23:55:06.349+0000] {processor.py:208} INFO - Processing /home/airflow/.local/lib/python3.12/site-packages/airflow/example_dags/example_external_task_marker_dag.py took 0.170 seconds
[2025-04-25T23:55:37.373+0000] {processor.py:186} INFO - Started process (PID=2217) to work on /home/airflow/.local/lib/python3.12/site-packages/airflow/example_dags/example_external_task_marker_dag.py
[2025-04-25T23:55:37.376+0000] {processor.py:914} INFO - Processing file /home/airflow/.local/lib/python3.12/site-packages/airflow/example_dags/example_external_task_marker_dag.py for tasks to queue
[2025-04-25T23:55:37.380+0000] {logging_mixin.py:190} INFO - [2025-04-25T23:55:37.379+0000] {dagbag.py:588} INFO - Filling up the DagBag from /home/airflow/.local/lib/python3.12/site-packages/airflow/example_dags/example_external_task_marker_dag.py
[2025-04-25T23:55:37.393+0000] {processor.py:925} INFO - DAG(s) 'example_external_task_marker_parent', 'example_external_task_marker_child' retrieved from /home/airflow/.local/lib/python3.12/site-packages/airflow/example_dags/example_external_task_marker_dag.py
[2025-04-25T23:55:37.441+0000] {logging_mixin.py:190} INFO - [2025-04-25T23:55:37.441+0000] {dag.py:3239} INFO - Sync 2 DAGs
[2025-04-25T23:55:37.471+0000] {logging_mixin.py:190} INFO - [2025-04-25T23:55:37.471+0000] {dag.py:4180} INFO - Setting next_dagrun for example_external_task_marker_child to None, run_after=None
[2025-04-25T23:55:37.487+0000] {logging_mixin.py:190} INFO - [2025-04-25T23:55:37.486+0000] {dag.py:4180} INFO - Setting next_dagrun for example_external_task_marker_parent to None, run_after=None
[2025-04-25T23:55:37.529+0000] {processor.py:208} INFO - Processing /home/airflow/.local/lib/python3.12/site-packages/airflow/example_dags/example_external_task_marker_dag.py took 0.165 seconds
[2025-04-25T23:56:10.365+0000] {processor.py:186} INFO - Started process (PID=2281) to work on /home/airflow/.local/lib/python3.12/site-packages/airflow/example_dags/example_external_task_marker_dag.py
[2025-04-25T23:56:10.366+0000] {processor.py:914} INFO - Processing file /home/airflow/.local/lib/python3.12/site-packages/airflow/example_dags/example_external_task_marker_dag.py for tasks to queue
[2025-04-25T23:56:10.372+0000] {logging_mixin.py:190} INFO - [2025-04-25T23:56:10.372+0000] {dagbag.py:588} INFO - Filling up the DagBag from /home/airflow/.local/lib/python3.12/site-packages/airflow/example_dags/example_external_task_marker_dag.py
[2025-04-25T23:56:10.388+0000] {processor.py:925} INFO - DAG(s) 'example_external_task_marker_parent', 'example_external_task_marker_child' retrieved from /home/airflow/.local/lib/python3.12/site-packages/airflow/example_dags/example_external_task_marker_dag.py
[2025-04-25T23:56:10.427+0000] {logging_mixin.py:190} INFO - [2025-04-25T23:56:10.427+0000] {dag.py:3239} INFO - Sync 2 DAGs
[2025-04-25T23:56:10.462+0000] {logging_mixin.py:190} INFO - [2025-04-25T23:56:10.461+0000] {dag.py:4180} INFO - Setting next_dagrun for example_external_task_marker_child to None, run_after=None
[2025-04-25T23:56:10.471+0000] {logging_mixin.py:190} INFO - [2025-04-25T23:56:10.471+0000] {dag.py:4180} INFO - Setting next_dagrun for example_external_task_marker_parent to None, run_after=None
[2025-04-25T23:56:10.502+0000] {processor.py:208} INFO - Processing /home/airflow/.local/lib/python3.12/site-packages/airflow/example_dags/example_external_task_marker_dag.py took 0.147 seconds
[2025-04-25T23:56:41.855+0000] {processor.py:186} INFO - Started process (PID=2346) to work on /home/airflow/.local/lib/python3.12/site-packages/airflow/example_dags/example_external_task_marker_dag.py
[2025-04-25T23:56:41.856+0000] {processor.py:914} INFO - Processing file /home/airflow/.local/lib/python3.12/site-packages/airflow/example_dags/example_external_task_marker_dag.py for tasks to queue
[2025-04-25T23:56:41.857+0000] {logging_mixin.py:190} INFO - [2025-04-25T23:56:41.857+0000] {dagbag.py:588} INFO - Filling up the DagBag from /home/airflow/.local/lib/python3.12/site-packages/airflow/example_dags/example_external_task_marker_dag.py
[2025-04-25T23:56:41.867+0000] {processor.py:925} INFO - DAG(s) 'example_external_task_marker_child', 'example_external_task_marker_parent' retrieved from /home/airflow/.local/lib/python3.12/site-packages/airflow/example_dags/example_external_task_marker_dag.py
[2025-04-25T23:56:41.901+0000] {logging_mixin.py:190} INFO - [2025-04-25T23:56:41.901+0000] {dag.py:3239} INFO - Sync 2 DAGs
[2025-04-25T23:56:41.923+0000] {logging_mixin.py:190} INFO - [2025-04-25T23:56:41.923+0000] {dag.py:4180} INFO - Setting next_dagrun for example_external_task_marker_child to None, run_after=None
[2025-04-25T23:56:41.930+0000] {logging_mixin.py:190} INFO - [2025-04-25T23:56:41.930+0000] {dag.py:4180} INFO - Setting next_dagrun for example_external_task_marker_parent to None, run_after=None
[2025-04-25T23:56:41.961+0000] {processor.py:208} INFO - Processing /home/airflow/.local/lib/python3.12/site-packages/airflow/example_dags/example_external_task_marker_dag.py took 0.115 seconds
[2025-04-25T23:57:12.536+0000] {processor.py:186} INFO - Started process (PID=2409) to work on /home/airflow/.local/lib/python3.12/site-packages/airflow/example_dags/example_external_task_marker_dag.py
[2025-04-25T23:57:12.539+0000] {processor.py:914} INFO - Processing file /home/airflow/.local/lib/python3.12/site-packages/airflow/example_dags/example_external_task_marker_dag.py for tasks to queue
[2025-04-25T23:57:12.541+0000] {logging_mixin.py:190} INFO - [2025-04-25T23:57:12.540+0000] {dagbag.py:588} INFO - Filling up the DagBag from /home/airflow/.local/lib/python3.12/site-packages/airflow/example_dags/example_external_task_marker_dag.py
[2025-04-25T23:57:12.556+0000] {processor.py:925} INFO - DAG(s) 'example_external_task_marker_child', 'example_external_task_marker_parent' retrieved from /home/airflow/.local/lib/python3.12/site-packages/airflow/example_dags/example_external_task_marker_dag.py
[2025-04-25T23:57:12.599+0000] {logging_mixin.py:190} INFO - [2025-04-25T23:57:12.599+0000] {dag.py:3239} INFO - Sync 2 DAGs
[2025-04-25T23:57:12.634+0000] {logging_mixin.py:190} INFO - [2025-04-25T23:57:12.634+0000] {dag.py:4180} INFO - Setting next_dagrun for example_external_task_marker_child to None, run_after=None
[2025-04-25T23:57:12.645+0000] {logging_mixin.py:190} INFO - [2025-04-25T23:57:12.645+0000] {dag.py:4180} INFO - Setting next_dagrun for example_external_task_marker_parent to None, run_after=None
[2025-04-25T23:57:12.677+0000] {processor.py:208} INFO - Processing /home/airflow/.local/lib/python3.12/site-packages/airflow/example_dags/example_external_task_marker_dag.py took 0.155 seconds
[2025-04-25T23:58:49.041+0000] {processor.py:186} INFO - Started process (PID=2479) to work on /home/airflow/.local/lib/python3.12/site-packages/airflow/example_dags/example_external_task_marker_dag.py
[2025-04-25T23:58:49.049+0000] {processor.py:914} INFO - Processing file /home/airflow/.local/lib/python3.12/site-packages/airflow/example_dags/example_external_task_marker_dag.py for tasks to queue
[2025-04-25T23:58:49.103+0000] {logging_mixin.py:190} INFO - [2025-04-25T23:58:49.068+0000] {dagbag.py:588} INFO - Filling up the DagBag from /home/airflow/.local/lib/python3.12/site-packages/airflow/example_dags/example_external_task_marker_dag.py
[2025-04-25T23:58:49.182+0000] {processor.py:925} INFO - DAG(s) 'example_external_task_marker_child', 'example_external_task_marker_parent' retrieved from /home/airflow/.local/lib/python3.12/site-packages/airflow/example_dags/example_external_task_marker_dag.py
[2025-04-25T23:58:49.386+0000] {logging_mixin.py:190} INFO - [2025-04-25T23:58:49.386+0000] {dag.py:3239} INFO - Sync 2 DAGs
[2025-04-25T23:58:49.516+0000] {logging_mixin.py:190} INFO - [2025-04-25T23:58:49.515+0000] {dag.py:4180} INFO - Setting next_dagrun for example_external_task_marker_child to None, run_after=None
[2025-04-25T23:58:49.552+0000] {logging_mixin.py:190} INFO - [2025-04-25T23:58:49.552+0000] {dag.py:4180} INFO - Setting next_dagrun for example_external_task_marker_parent to None, run_after=None
[2025-04-25T23:58:49.666+0000] {processor.py:208} INFO - Processing /home/airflow/.local/lib/python3.12/site-packages/airflow/example_dags/example_external_task_marker_dag.py took 0.670 seconds
[2025-04-25T23:59:20.271+0000] {processor.py:186} INFO - Started process (PID=2544) to work on /home/airflow/.local/lib/python3.12/site-packages/airflow/example_dags/example_external_task_marker_dag.py
[2025-04-25T23:59:20.274+0000] {processor.py:914} INFO - Processing file /home/airflow/.local/lib/python3.12/site-packages/airflow/example_dags/example_external_task_marker_dag.py for tasks to queue
[2025-04-25T23:59:20.277+0000] {logging_mixin.py:190} INFO - [2025-04-25T23:59:20.276+0000] {dagbag.py:588} INFO - Filling up the DagBag from /home/airflow/.local/lib/python3.12/site-packages/airflow/example_dags/example_external_task_marker_dag.py
[2025-04-25T23:59:20.298+0000] {processor.py:925} INFO - DAG(s) 'example_external_task_marker_parent', 'example_external_task_marker_child' retrieved from /home/airflow/.local/lib/python3.12/site-packages/airflow/example_dags/example_external_task_marker_dag.py
[2025-04-25T23:59:20.360+0000] {logging_mixin.py:190} INFO - [2025-04-25T23:59:20.359+0000] {dag.py:3239} INFO - Sync 2 DAGs
[2025-04-25T23:59:20.402+0000] {logging_mixin.py:190} INFO - [2025-04-25T23:59:20.402+0000] {dag.py:4180} INFO - Setting next_dagrun for example_external_task_marker_child to None, run_after=None
[2025-04-25T23:59:20.411+0000] {logging_mixin.py:190} INFO - [2025-04-25T23:59:20.411+0000] {dag.py:4180} INFO - Setting next_dagrun for example_external_task_marker_parent to None, run_after=None
[2025-04-25T23:59:20.470+0000] {processor.py:208} INFO - Processing /home/airflow/.local/lib/python3.12/site-packages/airflow/example_dags/example_external_task_marker_dag.py took 0.209 seconds
[2025-04-25T23:59:56.307+0000] {processor.py:186} INFO - Started process (PID=2608) to work on /home/airflow/.local/lib/python3.12/site-packages/airflow/example_dags/example_external_task_marker_dag.py
[2025-04-25T23:59:56.311+0000] {processor.py:914} INFO - Processing file /home/airflow/.local/lib/python3.12/site-packages/airflow/example_dags/example_external_task_marker_dag.py for tasks to queue
[2025-04-25T23:59:56.318+0000] {logging_mixin.py:190} INFO - [2025-04-25T23:59:56.317+0000] {dagbag.py:588} INFO - Filling up the DagBag from /home/airflow/.local/lib/python3.12/site-packages/airflow/example_dags/example_external_task_marker_dag.py
[2025-04-25T23:59:56.440+0000] {processor.py:925} INFO - DAG(s) 'example_external_task_marker_parent', 'example_external_task_marker_child' retrieved from /home/airflow/.local/lib/python3.12/site-packages/airflow/example_dags/example_external_task_marker_dag.py
[2025-04-25T23:59:57.042+0000] {logging_mixin.py:190} INFO - [2025-04-25T23:59:57.042+0000] {dag.py:3239} INFO - Sync 2 DAGs
[2025-04-25T23:59:57.104+0000] {logging_mixin.py:190} INFO - [2025-04-25T23:59:57.103+0000] {dag.py:4180} INFO - Setting next_dagrun for example_external_task_marker_child to None, run_after=None
[2025-04-25T23:59:57.113+0000] {logging_mixin.py:190} INFO - [2025-04-25T23:59:57.113+0000] {dag.py:4180} INFO - Setting next_dagrun for example_external_task_marker_parent to None, run_after=None
[2025-04-25T23:59:57.173+0000] {processor.py:208} INFO - Processing /home/airflow/.local/lib/python3.12/site-packages/airflow/example_dags/example_external_task_marker_dag.py took 1.115 seconds
