[2025-04-25T23:31:40.636+0000] {processor.py:186} INFO - Started process (PID=94) to work on /home/airflow/.local/lib/python3.12/site-packages/airflow/example_dags/example_branch_python_dop_operator_3.py
[2025-04-25T23:31:40.669+0000] {processor.py:914} INFO - Processing file /home/airflow/.local/lib/python3.12/site-packages/airflow/example_dags/example_branch_python_dop_operator_3.py for tasks to queue
[2025-04-25T23:31:40.698+0000] {logging_mixin.py:190} INFO - [2025-04-25T23:31:40.697+0000] {dagbag.py:588} INFO - Filling up the DagBag from /home/airflow/.local/lib/python3.12/site-packages/airflow/example_dags/example_branch_python_dop_operator_3.py
[2025-04-25T23:31:41.393+0000] {processor.py:925} INFO - DAG(s) 'example_branch_dop_operator_v3' retrieved from /home/airflow/.local/lib/python3.12/site-packages/airflow/example_dags/example_branch_python_dop_operator_3.py
[2025-04-25T23:31:58.862+0000] {logging_mixin.py:190} INFO - [2025-04-25T23:31:58.852+0000] {override.py:1911} INFO - Created Permission View: can delete on DAG:example_branch_dop_operator_v3
[2025-04-25T23:31:59.318+0000] {logging_mixin.py:190} INFO - [2025-04-25T23:31:59.293+0000] {override.py:1911} INFO - Created Permission View: can read on DAG:example_branch_dop_operator_v3
[2025-04-25T23:31:59.978+0000] {logging_mixin.py:190} INFO - [2025-04-25T23:31:59.977+0000] {override.py:1911} INFO - Created Permission View: can edit on DAG:example_branch_dop_operator_v3
[2025-04-25T23:32:01.276+0000] {logging_mixin.py:190} INFO - [2025-04-25T23:32:01.275+0000] {override.py:1911} INFO - Created Permission View: can create on DAG Run:example_branch_dop_operator_v3
[2025-04-25T23:32:01.368+0000] {logging_mixin.py:190} INFO - [2025-04-25T23:32:01.340+0000] {override.py:1911} INFO - Created Permission View: can delete on DAG Run:example_branch_dop_operator_v3
[2025-04-25T23:32:02.053+0000] {logging_mixin.py:190} INFO - [2025-04-25T23:32:02.022+0000] {override.py:1911} INFO - Created Permission View: can read on DAG Run:example_branch_dop_operator_v3
[2025-04-25T23:32:02.224+0000] {logging_mixin.py:190} INFO - [2025-04-25T23:32:02.223+0000] {override.py:1911} INFO - Created Permission View: menu access on DAG Run:example_branch_dop_operator_v3
[2025-04-25T23:32:02.241+0000] {logging_mixin.py:190} INFO - [2025-04-25T23:32:02.227+0000] {dag.py:3239} INFO - Sync 1 DAGs
[2025-04-25T23:32:02.446+0000] {logging_mixin.py:190} INFO - [2025-04-25T23:32:02.444+0000] {dag.py:3262} INFO - Creating ORM DAG for example_branch_dop_operator_v3
[2025-04-25T23:32:03.748+0000] {logging_mixin.py:190} INFO - [2025-04-25T23:32:03.747+0000] {dag.py:4180} INFO - Setting next_dagrun for example_branch_dop_operator_v3 to 2025-04-25 23:31:00+00:00, run_after=2025-04-25 23:32:00+00:00
[2025-04-25T23:32:04.027+0000] {processor.py:208} INFO - Processing /home/airflow/.local/lib/python3.12/site-packages/airflow/example_dags/example_branch_python_dop_operator_3.py took 23.481 seconds
[2025-04-25T23:33:43.787+0000] {processor.py:186} INFO - Started process (PID=175) to work on /home/airflow/.local/lib/python3.12/site-packages/airflow/example_dags/example_branch_python_dop_operator_3.py
[2025-04-25T23:33:43.789+0000] {processor.py:914} INFO - Processing file /home/airflow/.local/lib/python3.12/site-packages/airflow/example_dags/example_branch_python_dop_operator_3.py for tasks to queue
[2025-04-25T23:33:43.796+0000] {logging_mixin.py:190} INFO - [2025-04-25T23:33:43.795+0000] {dagbag.py:588} INFO - Filling up the DagBag from /home/airflow/.local/lib/python3.12/site-packages/airflow/example_dags/example_branch_python_dop_operator_3.py
[2025-04-25T23:33:43.864+0000] {processor.py:925} INFO - DAG(s) 'example_branch_dop_operator_v3' retrieved from /home/airflow/.local/lib/python3.12/site-packages/airflow/example_dags/example_branch_python_dop_operator_3.py
[2025-04-25T23:33:43.908+0000] {logging_mixin.py:190} INFO - [2025-04-25T23:33:43.908+0000] {dag.py:3239} INFO - Sync 1 DAGs
[2025-04-25T23:33:43.970+0000] {logging_mixin.py:190} INFO - [2025-04-25T23:33:43.970+0000] {dag.py:4180} INFO - Setting next_dagrun for example_branch_dop_operator_v3 to 2025-04-25 23:32:00+00:00, run_after=2025-04-25 23:33:00+00:00
[2025-04-25T23:33:44.017+0000] {processor.py:208} INFO - Processing /home/airflow/.local/lib/python3.12/site-packages/airflow/example_dags/example_branch_python_dop_operator_3.py took 0.259 seconds
[2025-04-25T23:34:38.087+0000] {processor.py:186} INFO - Started process (PID=237) to work on /home/airflow/.local/lib/python3.12/site-packages/airflow/example_dags/example_branch_python_dop_operator_3.py
[2025-04-25T23:34:38.090+0000] {processor.py:914} INFO - Processing file /home/airflow/.local/lib/python3.12/site-packages/airflow/example_dags/example_branch_python_dop_operator_3.py for tasks to queue
[2025-04-25T23:34:38.106+0000] {logging_mixin.py:190} INFO - [2025-04-25T23:34:38.094+0000] {dagbag.py:588} INFO - Filling up the DagBag from /home/airflow/.local/lib/python3.12/site-packages/airflow/example_dags/example_branch_python_dop_operator_3.py
[2025-04-25T23:34:38.146+0000] {processor.py:925} INFO - DAG(s) 'example_branch_dop_operator_v3' retrieved from /home/airflow/.local/lib/python3.12/site-packages/airflow/example_dags/example_branch_python_dop_operator_3.py
[2025-04-25T23:34:38.246+0000] {logging_mixin.py:190} INFO - [2025-04-25T23:34:38.246+0000] {dag.py:3239} INFO - Sync 1 DAGs
[2025-04-25T23:34:38.313+0000] {logging_mixin.py:190} INFO - [2025-04-25T23:34:38.313+0000] {dag.py:4180} INFO - Setting next_dagrun for example_branch_dop_operator_v3 to 2025-04-25 23:33:00+00:00, run_after=2025-04-25 23:34:00+00:00
[2025-04-25T23:34:38.492+0000] {processor.py:208} INFO - Processing /home/airflow/.local/lib/python3.12/site-packages/airflow/example_dags/example_branch_python_dop_operator_3.py took 0.431 seconds
[2025-04-25T23:35:28.453+0000] {processor.py:186} INFO - Started process (PID=286) to work on /home/airflow/.local/lib/python3.12/site-packages/airflow/example_dags/example_branch_python_dop_operator_3.py
[2025-04-25T23:35:28.467+0000] {processor.py:914} INFO - Processing file /home/airflow/.local/lib/python3.12/site-packages/airflow/example_dags/example_branch_python_dop_operator_3.py for tasks to queue
[2025-04-25T23:35:28.477+0000] {logging_mixin.py:190} INFO - [2025-04-25T23:35:28.476+0000] {dagbag.py:588} INFO - Filling up the DagBag from /home/airflow/.local/lib/python3.12/site-packages/airflow/example_dags/example_branch_python_dop_operator_3.py
[2025-04-25T23:35:28.577+0000] {processor.py:925} INFO - DAG(s) 'example_branch_dop_operator_v3' retrieved from /home/airflow/.local/lib/python3.12/site-packages/airflow/example_dags/example_branch_python_dop_operator_3.py
[2025-04-25T23:35:29.161+0000] {logging_mixin.py:190} INFO - [2025-04-25T23:35:29.160+0000] {dag.py:3239} INFO - Sync 1 DAGs
[2025-04-25T23:35:30.655+0000] {logging_mixin.py:190} INFO - [2025-04-25T23:35:30.654+0000] {dag.py:4180} INFO - Setting next_dagrun for example_branch_dop_operator_v3 to 2025-04-25 23:34:00+00:00, run_after=2025-04-25 23:35:00+00:00
[2025-04-25T23:35:30.851+0000] {processor.py:208} INFO - Processing /home/airflow/.local/lib/python3.12/site-packages/airflow/example_dags/example_branch_python_dop_operator_3.py took 2.428 seconds
[2025-04-25T23:37:18.822+0000] {processor.py:186} INFO - Started process (PID=82) to work on /home/airflow/.local/lib/python3.12/site-packages/airflow/example_dags/example_branch_python_dop_operator_3.py
[2025-04-25T23:37:18.826+0000] {processor.py:914} INFO - Processing file /home/airflow/.local/lib/python3.12/site-packages/airflow/example_dags/example_branch_python_dop_operator_3.py for tasks to queue
[2025-04-25T23:37:18.838+0000] {logging_mixin.py:190} INFO - [2025-04-25T23:37:18.838+0000] {dagbag.py:588} INFO - Filling up the DagBag from /home/airflow/.local/lib/python3.12/site-packages/airflow/example_dags/example_branch_python_dop_operator_3.py
[2025-04-25T23:37:18.897+0000] {processor.py:925} INFO - DAG(s) 'example_branch_dop_operator_v3' retrieved from /home/airflow/.local/lib/python3.12/site-packages/airflow/example_dags/example_branch_python_dop_operator_3.py
[2025-04-25T23:37:18.999+0000] {logging_mixin.py:190} INFO - [2025-04-25T23:37:18.999+0000] {dag.py:3239} INFO - Sync 1 DAGs
[2025-04-25T23:37:19.150+0000] {logging_mixin.py:190} INFO - [2025-04-25T23:37:19.150+0000] {dag.py:4180} INFO - Setting next_dagrun for example_branch_dop_operator_v3 to 2025-04-25 23:36:00+00:00, run_after=2025-04-25 23:37:00+00:00
[2025-04-25T23:37:19.259+0000] {processor.py:208} INFO - Processing /home/airflow/.local/lib/python3.12/site-packages/airflow/example_dags/example_branch_python_dop_operator_3.py took 0.480 seconds
[2025-04-25T23:38:07.080+0000] {processor.py:186} INFO - Started process (PID=145) to work on /home/airflow/.local/lib/python3.12/site-packages/airflow/example_dags/example_branch_python_dop_operator_3.py
[2025-04-25T23:38:07.081+0000] {processor.py:914} INFO - Processing file /home/airflow/.local/lib/python3.12/site-packages/airflow/example_dags/example_branch_python_dop_operator_3.py for tasks to queue
[2025-04-25T23:38:07.085+0000] {logging_mixin.py:190} INFO - [2025-04-25T23:38:07.085+0000] {dagbag.py:588} INFO - Filling up the DagBag from /home/airflow/.local/lib/python3.12/site-packages/airflow/example_dags/example_branch_python_dop_operator_3.py
[2025-04-25T23:38:07.101+0000] {processor.py:925} INFO - DAG(s) 'example_branch_dop_operator_v3' retrieved from /home/airflow/.local/lib/python3.12/site-packages/airflow/example_dags/example_branch_python_dop_operator_3.py
[2025-04-25T23:38:07.131+0000] {logging_mixin.py:190} INFO - [2025-04-25T23:38:07.130+0000] {dag.py:3239} INFO - Sync 1 DAGs
[2025-04-25T23:38:07.189+0000] {logging_mixin.py:190} INFO - [2025-04-25T23:38:07.188+0000] {dag.py:4180} INFO - Setting next_dagrun for example_branch_dop_operator_v3 to 2025-04-25 23:37:00+00:00, run_after=2025-04-25 23:38:00+00:00
[2025-04-25T23:38:07.240+0000] {processor.py:208} INFO - Processing /home/airflow/.local/lib/python3.12/site-packages/airflow/example_dags/example_branch_python_dop_operator_3.py took 0.169 seconds
[2025-04-25T23:38:46.127+0000] {processor.py:186} INFO - Started process (PID=207) to work on /home/airflow/.local/lib/python3.12/site-packages/airflow/example_dags/example_branch_python_dop_operator_3.py
[2025-04-25T23:38:46.129+0000] {processor.py:914} INFO - Processing file /home/airflow/.local/lib/python3.12/site-packages/airflow/example_dags/example_branch_python_dop_operator_3.py for tasks to queue
[2025-04-25T23:38:46.134+0000] {logging_mixin.py:190} INFO - [2025-04-25T23:38:46.133+0000] {dagbag.py:588} INFO - Filling up the DagBag from /home/airflow/.local/lib/python3.12/site-packages/airflow/example_dags/example_branch_python_dop_operator_3.py
[2025-04-25T23:38:46.169+0000] {processor.py:925} INFO - DAG(s) 'example_branch_dop_operator_v3' retrieved from /home/airflow/.local/lib/python3.12/site-packages/airflow/example_dags/example_branch_python_dop_operator_3.py
[2025-04-25T23:38:46.310+0000] {logging_mixin.py:190} INFO - [2025-04-25T23:38:46.310+0000] {dag.py:3239} INFO - Sync 1 DAGs
[2025-04-25T23:38:46.371+0000] {logging_mixin.py:190} INFO - [2025-04-25T23:38:46.371+0000] {dag.py:4180} INFO - Setting next_dagrun for example_branch_dop_operator_v3 to 2025-04-25 23:37:00+00:00, run_after=2025-04-25 23:38:00+00:00
[2025-04-25T23:38:46.412+0000] {processor.py:208} INFO - Processing /home/airflow/.local/lib/python3.12/site-packages/airflow/example_dags/example_branch_python_dop_operator_3.py took 0.296 seconds
[2025-04-25T23:39:16.524+0000] {processor.py:186} INFO - Started process (PID=269) to work on /home/airflow/.local/lib/python3.12/site-packages/airflow/example_dags/example_branch_python_dop_operator_3.py
[2025-04-25T23:39:16.525+0000] {processor.py:914} INFO - Processing file /home/airflow/.local/lib/python3.12/site-packages/airflow/example_dags/example_branch_python_dop_operator_3.py for tasks to queue
[2025-04-25T23:39:16.529+0000] {logging_mixin.py:190} INFO - [2025-04-25T23:39:16.529+0000] {dagbag.py:588} INFO - Filling up the DagBag from /home/airflow/.local/lib/python3.12/site-packages/airflow/example_dags/example_branch_python_dop_operator_3.py
[2025-04-25T23:39:16.548+0000] {processor.py:925} INFO - DAG(s) 'example_branch_dop_operator_v3' retrieved from /home/airflow/.local/lib/python3.12/site-packages/airflow/example_dags/example_branch_python_dop_operator_3.py
[2025-04-25T23:39:16.585+0000] {logging_mixin.py:190} INFO - [2025-04-25T23:39:16.584+0000] {dag.py:3239} INFO - Sync 1 DAGs
[2025-04-25T23:39:16.656+0000] {logging_mixin.py:190} INFO - [2025-04-25T23:39:16.655+0000] {dag.py:4180} INFO - Setting next_dagrun for example_branch_dop_operator_v3 to 2025-04-25 23:38:00+00:00, run_after=2025-04-25 23:39:00+00:00
[2025-04-25T23:39:16.695+0000] {processor.py:208} INFO - Processing /home/airflow/.local/lib/python3.12/site-packages/airflow/example_dags/example_branch_python_dop_operator_3.py took 0.182 seconds
[2025-04-25T23:39:50.007+0000] {processor.py:186} INFO - Started process (PID=323) to work on /home/airflow/.local/lib/python3.12/site-packages/airflow/example_dags/example_branch_python_dop_operator_3.py
[2025-04-25T23:39:50.009+0000] {processor.py:914} INFO - Processing file /home/airflow/.local/lib/python3.12/site-packages/airflow/example_dags/example_branch_python_dop_operator_3.py for tasks to queue
[2025-04-25T23:39:50.024+0000] {logging_mixin.py:190} INFO - [2025-04-25T23:39:50.023+0000] {dagbag.py:588} INFO - Filling up the DagBag from /home/airflow/.local/lib/python3.12/site-packages/airflow/example_dags/example_branch_python_dop_operator_3.py
[2025-04-25T23:39:50.053+0000] {processor.py:925} INFO - DAG(s) 'example_branch_dop_operator_v3' retrieved from /home/airflow/.local/lib/python3.12/site-packages/airflow/example_dags/example_branch_python_dop_operator_3.py
[2025-04-25T23:39:50.149+0000] {logging_mixin.py:190} INFO - [2025-04-25T23:39:50.149+0000] {dag.py:3239} INFO - Sync 1 DAGs
[2025-04-25T23:39:50.241+0000] {logging_mixin.py:190} INFO - [2025-04-25T23:39:50.241+0000] {dag.py:4180} INFO - Setting next_dagrun for example_branch_dop_operator_v3 to 2025-04-25 23:38:00+00:00, run_after=2025-04-25 23:39:00+00:00
[2025-04-25T23:39:50.284+0000] {processor.py:208} INFO - Processing /home/airflow/.local/lib/python3.12/site-packages/airflow/example_dags/example_branch_python_dop_operator_3.py took 0.289 seconds
[2025-04-25T23:40:20.806+0000] {processor.py:186} INFO - Started process (PID=386) to work on /home/airflow/.local/lib/python3.12/site-packages/airflow/example_dags/example_branch_python_dop_operator_3.py
[2025-04-25T23:40:20.806+0000] {processor.py:914} INFO - Processing file /home/airflow/.local/lib/python3.12/site-packages/airflow/example_dags/example_branch_python_dop_operator_3.py for tasks to queue
[2025-04-25T23:40:20.809+0000] {logging_mixin.py:190} INFO - [2025-04-25T23:40:20.809+0000] {dagbag.py:588} INFO - Filling up the DagBag from /home/airflow/.local/lib/python3.12/site-packages/airflow/example_dags/example_branch_python_dop_operator_3.py
[2025-04-25T23:40:20.826+0000] {processor.py:925} INFO - DAG(s) 'example_branch_dop_operator_v3' retrieved from /home/airflow/.local/lib/python3.12/site-packages/airflow/example_dags/example_branch_python_dop_operator_3.py
[2025-04-25T23:40:20.859+0000] {logging_mixin.py:190} INFO - [2025-04-25T23:40:20.859+0000] {dag.py:3239} INFO - Sync 1 DAGs
[2025-04-25T23:40:20.904+0000] {logging_mixin.py:190} INFO - [2025-04-25T23:40:20.904+0000] {dag.py:4180} INFO - Setting next_dagrun for example_branch_dop_operator_v3 to 2025-04-25 23:39:00+00:00, run_after=2025-04-25 23:40:00+00:00
[2025-04-25T23:40:20.932+0000] {processor.py:208} INFO - Processing /home/airflow/.local/lib/python3.12/site-packages/airflow/example_dags/example_branch_python_dop_operator_3.py took 0.137 seconds
[2025-04-25T23:40:51.442+0000] {processor.py:186} INFO - Started process (PID=449) to work on /home/airflow/.local/lib/python3.12/site-packages/airflow/example_dags/example_branch_python_dop_operator_3.py
[2025-04-25T23:40:51.443+0000] {processor.py:914} INFO - Processing file /home/airflow/.local/lib/python3.12/site-packages/airflow/example_dags/example_branch_python_dop_operator_3.py for tasks to queue
[2025-04-25T23:40:51.447+0000] {logging_mixin.py:190} INFO - [2025-04-25T23:40:51.446+0000] {dagbag.py:588} INFO - Filling up the DagBag from /home/airflow/.local/lib/python3.12/site-packages/airflow/example_dags/example_branch_python_dop_operator_3.py
[2025-04-25T23:40:51.464+0000] {processor.py:925} INFO - DAG(s) 'example_branch_dop_operator_v3' retrieved from /home/airflow/.local/lib/python3.12/site-packages/airflow/example_dags/example_branch_python_dop_operator_3.py
[2025-04-25T23:40:51.498+0000] {logging_mixin.py:190} INFO - [2025-04-25T23:40:51.498+0000] {dag.py:3239} INFO - Sync 1 DAGs
[2025-04-25T23:40:51.553+0000] {logging_mixin.py:190} INFO - [2025-04-25T23:40:51.553+0000] {dag.py:4180} INFO - Setting next_dagrun for example_branch_dop_operator_v3 to 2025-04-25 23:39:00+00:00, run_after=2025-04-25 23:40:00+00:00
[2025-04-25T23:40:51.590+0000] {processor.py:208} INFO - Processing /home/airflow/.local/lib/python3.12/site-packages/airflow/example_dags/example_branch_python_dop_operator_3.py took 0.157 seconds
[2025-04-25T23:41:22.486+0000] {processor.py:186} INFO - Started process (PID=511) to work on /home/airflow/.local/lib/python3.12/site-packages/airflow/example_dags/example_branch_python_dop_operator_3.py
[2025-04-25T23:41:22.487+0000] {processor.py:914} INFO - Processing file /home/airflow/.local/lib/python3.12/site-packages/airflow/example_dags/example_branch_python_dop_operator_3.py for tasks to queue
[2025-04-25T23:41:22.491+0000] {logging_mixin.py:190} INFO - [2025-04-25T23:41:22.491+0000] {dagbag.py:588} INFO - Filling up the DagBag from /home/airflow/.local/lib/python3.12/site-packages/airflow/example_dags/example_branch_python_dop_operator_3.py
[2025-04-25T23:41:22.515+0000] {processor.py:925} INFO - DAG(s) 'example_branch_dop_operator_v3' retrieved from /home/airflow/.local/lib/python3.12/site-packages/airflow/example_dags/example_branch_python_dop_operator_3.py
[2025-04-25T23:41:22.559+0000] {logging_mixin.py:190} INFO - [2025-04-25T23:41:22.559+0000] {dag.py:3239} INFO - Sync 1 DAGs
[2025-04-25T23:41:22.597+0000] {logging_mixin.py:190} INFO - [2025-04-25T23:41:22.597+0000] {dag.py:4180} INFO - Setting next_dagrun for example_branch_dop_operator_v3 to 2025-04-25 23:40:00+00:00, run_after=2025-04-25 23:41:00+00:00
[2025-04-25T23:41:22.625+0000] {processor.py:208} INFO - Processing /home/airflow/.local/lib/python3.12/site-packages/airflow/example_dags/example_branch_python_dop_operator_3.py took 0.149 seconds
[2025-04-25T23:41:53.409+0000] {processor.py:186} INFO - Started process (PID=575) to work on /home/airflow/.local/lib/python3.12/site-packages/airflow/example_dags/example_branch_python_dop_operator_3.py
[2025-04-25T23:41:53.411+0000] {processor.py:914} INFO - Processing file /home/airflow/.local/lib/python3.12/site-packages/airflow/example_dags/example_branch_python_dop_operator_3.py for tasks to queue
[2025-04-25T23:41:53.415+0000] {logging_mixin.py:190} INFO - [2025-04-25T23:41:53.414+0000] {dagbag.py:588} INFO - Filling up the DagBag from /home/airflow/.local/lib/python3.12/site-packages/airflow/example_dags/example_branch_python_dop_operator_3.py
[2025-04-25T23:41:53.435+0000] {processor.py:925} INFO - DAG(s) 'example_branch_dop_operator_v3' retrieved from /home/airflow/.local/lib/python3.12/site-packages/airflow/example_dags/example_branch_python_dop_operator_3.py
[2025-04-25T23:41:53.470+0000] {logging_mixin.py:190} INFO - [2025-04-25T23:41:53.470+0000] {dag.py:3239} INFO - Sync 1 DAGs
[2025-04-25T23:41:53.643+0000] {logging_mixin.py:190} INFO - [2025-04-25T23:41:53.642+0000] {dag.py:4180} INFO - Setting next_dagrun for example_branch_dop_operator_v3 to 2025-04-25 23:40:00+00:00, run_after=2025-04-25 23:41:00+00:00
[2025-04-25T23:41:53.725+0000] {processor.py:208} INFO - Processing /home/airflow/.local/lib/python3.12/site-packages/airflow/example_dags/example_branch_python_dop_operator_3.py took 0.327 seconds
[2025-04-25T23:42:23.991+0000] {processor.py:186} INFO - Started process (PID=638) to work on /home/airflow/.local/lib/python3.12/site-packages/airflow/example_dags/example_branch_python_dop_operator_3.py
[2025-04-25T23:42:23.992+0000] {processor.py:914} INFO - Processing file /home/airflow/.local/lib/python3.12/site-packages/airflow/example_dags/example_branch_python_dop_operator_3.py for tasks to queue
[2025-04-25T23:42:23.996+0000] {logging_mixin.py:190} INFO - [2025-04-25T23:42:23.995+0000] {dagbag.py:588} INFO - Filling up the DagBag from /home/airflow/.local/lib/python3.12/site-packages/airflow/example_dags/example_branch_python_dop_operator_3.py
[2025-04-25T23:42:24.010+0000] {processor.py:925} INFO - DAG(s) 'example_branch_dop_operator_v3' retrieved from /home/airflow/.local/lib/python3.12/site-packages/airflow/example_dags/example_branch_python_dop_operator_3.py
[2025-04-25T23:42:24.040+0000] {logging_mixin.py:190} INFO - [2025-04-25T23:42:24.040+0000] {dag.py:3239} INFO - Sync 1 DAGs
[2025-04-25T23:42:24.083+0000] {logging_mixin.py:190} INFO - [2025-04-25T23:42:24.083+0000] {dag.py:4180} INFO - Setting next_dagrun for example_branch_dop_operator_v3 to 2025-04-25 23:41:00+00:00, run_after=2025-04-25 23:42:00+00:00
[2025-04-25T23:42:24.109+0000] {processor.py:208} INFO - Processing /home/airflow/.local/lib/python3.12/site-packages/airflow/example_dags/example_branch_python_dop_operator_3.py took 0.131 seconds
[2025-04-25T23:42:54.452+0000] {processor.py:186} INFO - Started process (PID=700) to work on /home/airflow/.local/lib/python3.12/site-packages/airflow/example_dags/example_branch_python_dop_operator_3.py
[2025-04-25T23:42:54.453+0000] {processor.py:914} INFO - Processing file /home/airflow/.local/lib/python3.12/site-packages/airflow/example_dags/example_branch_python_dop_operator_3.py for tasks to queue
[2025-04-25T23:42:54.456+0000] {logging_mixin.py:190} INFO - [2025-04-25T23:42:54.456+0000] {dagbag.py:588} INFO - Filling up the DagBag from /home/airflow/.local/lib/python3.12/site-packages/airflow/example_dags/example_branch_python_dop_operator_3.py
[2025-04-25T23:42:54.473+0000] {processor.py:925} INFO - DAG(s) 'example_branch_dop_operator_v3' retrieved from /home/airflow/.local/lib/python3.12/site-packages/airflow/example_dags/example_branch_python_dop_operator_3.py
[2025-04-25T23:42:54.509+0000] {logging_mixin.py:190} INFO - [2025-04-25T23:42:54.509+0000] {dag.py:3239} INFO - Sync 1 DAGs
[2025-04-25T23:42:54.566+0000] {logging_mixin.py:190} INFO - [2025-04-25T23:42:54.565+0000] {dag.py:4180} INFO - Setting next_dagrun for example_branch_dop_operator_v3 to 2025-04-25 23:41:00+00:00, run_after=2025-04-25 23:42:00+00:00
[2025-04-25T23:42:54.595+0000] {processor.py:208} INFO - Processing /home/airflow/.local/lib/python3.12/site-packages/airflow/example_dags/example_branch_python_dop_operator_3.py took 0.152 seconds
[2025-04-25T23:43:29.686+0000] {processor.py:186} INFO - Started process (PID=757) to work on /home/airflow/.local/lib/python3.12/site-packages/airflow/example_dags/example_branch_python_dop_operator_3.py
[2025-04-25T23:43:29.687+0000] {processor.py:914} INFO - Processing file /home/airflow/.local/lib/python3.12/site-packages/airflow/example_dags/example_branch_python_dop_operator_3.py for tasks to queue
[2025-04-25T23:43:29.690+0000] {logging_mixin.py:190} INFO - [2025-04-25T23:43:29.690+0000] {dagbag.py:588} INFO - Filling up the DagBag from /home/airflow/.local/lib/python3.12/site-packages/airflow/example_dags/example_branch_python_dop_operator_3.py
[2025-04-25T23:43:29.708+0000] {processor.py:925} INFO - DAG(s) 'example_branch_dop_operator_v3' retrieved from /home/airflow/.local/lib/python3.12/site-packages/airflow/example_dags/example_branch_python_dop_operator_3.py
[2025-04-25T23:43:29.742+0000] {logging_mixin.py:190} INFO - [2025-04-25T23:43:29.742+0000] {dag.py:3239} INFO - Sync 1 DAGs
[2025-04-25T23:43:29.788+0000] {logging_mixin.py:190} INFO - [2025-04-25T23:43:29.788+0000] {dag.py:4180} INFO - Setting next_dagrun for example_branch_dop_operator_v3 to 2025-04-25 23:42:00+00:00, run_after=2025-04-25 23:43:00+00:00
[2025-04-25T23:43:29.821+0000] {processor.py:208} INFO - Processing /home/airflow/.local/lib/python3.12/site-packages/airflow/example_dags/example_branch_python_dop_operator_3.py took 0.145 seconds
[2025-04-25T23:44:00.256+0000] {processor.py:186} INFO - Started process (PID=820) to work on /home/airflow/.local/lib/python3.12/site-packages/airflow/example_dags/example_branch_python_dop_operator_3.py
[2025-04-25T23:44:00.259+0000] {processor.py:914} INFO - Processing file /home/airflow/.local/lib/python3.12/site-packages/airflow/example_dags/example_branch_python_dop_operator_3.py for tasks to queue
[2025-04-25T23:44:00.263+0000] {logging_mixin.py:190} INFO - [2025-04-25T23:44:00.263+0000] {dagbag.py:588} INFO - Filling up the DagBag from /home/airflow/.local/lib/python3.12/site-packages/airflow/example_dags/example_branch_python_dop_operator_3.py
[2025-04-25T23:44:00.286+0000] {processor.py:925} INFO - DAG(s) 'example_branch_dop_operator_v3' retrieved from /home/airflow/.local/lib/python3.12/site-packages/airflow/example_dags/example_branch_python_dop_operator_3.py
[2025-04-25T23:44:00.314+0000] {logging_mixin.py:190} INFO - [2025-04-25T23:44:00.314+0000] {dag.py:3239} INFO - Sync 1 DAGs
[2025-04-25T23:44:00.360+0000] {logging_mixin.py:190} INFO - [2025-04-25T23:44:00.360+0000] {dag.py:4180} INFO - Setting next_dagrun for example_branch_dop_operator_v3 to 2025-04-25 23:43:00+00:00, run_after=2025-04-25 23:44:00+00:00
[2025-04-25T23:44:00.390+0000] {processor.py:208} INFO - Processing /home/airflow/.local/lib/python3.12/site-packages/airflow/example_dags/example_branch_python_dop_operator_3.py took 0.143 seconds
[2025-04-25T23:44:30.835+0000] {processor.py:186} INFO - Started process (PID=883) to work on /home/airflow/.local/lib/python3.12/site-packages/airflow/example_dags/example_branch_python_dop_operator_3.py
[2025-04-25T23:44:30.836+0000] {processor.py:914} INFO - Processing file /home/airflow/.local/lib/python3.12/site-packages/airflow/example_dags/example_branch_python_dop_operator_3.py for tasks to queue
[2025-04-25T23:44:30.839+0000] {logging_mixin.py:190} INFO - [2025-04-25T23:44:30.839+0000] {dagbag.py:588} INFO - Filling up the DagBag from /home/airflow/.local/lib/python3.12/site-packages/airflow/example_dags/example_branch_python_dop_operator_3.py
[2025-04-25T23:44:30.858+0000] {processor.py:925} INFO - DAG(s) 'example_branch_dop_operator_v3' retrieved from /home/airflow/.local/lib/python3.12/site-packages/airflow/example_dags/example_branch_python_dop_operator_3.py
[2025-04-25T23:44:30.897+0000] {logging_mixin.py:190} INFO - [2025-04-25T23:44:30.897+0000] {dag.py:3239} INFO - Sync 1 DAGs
[2025-04-25T23:44:30.943+0000] {logging_mixin.py:190} INFO - [2025-04-25T23:44:30.942+0000] {dag.py:4180} INFO - Setting next_dagrun for example_branch_dop_operator_v3 to 2025-04-25 23:43:00+00:00, run_after=2025-04-25 23:44:00+00:00
[2025-04-25T23:44:30.975+0000] {processor.py:208} INFO - Processing /home/airflow/.local/lib/python3.12/site-packages/airflow/example_dags/example_branch_python_dop_operator_3.py took 0.150 seconds
[2025-04-25T23:45:01.924+0000] {processor.py:186} INFO - Started process (PID=946) to work on /home/airflow/.local/lib/python3.12/site-packages/airflow/example_dags/example_branch_python_dop_operator_3.py
[2025-04-25T23:45:01.952+0000] {processor.py:914} INFO - Processing file /home/airflow/.local/lib/python3.12/site-packages/airflow/example_dags/example_branch_python_dop_operator_3.py for tasks to queue
[2025-04-25T23:45:01.962+0000] {logging_mixin.py:190} INFO - [2025-04-25T23:45:01.962+0000] {dagbag.py:588} INFO - Filling up the DagBag from /home/airflow/.local/lib/python3.12/site-packages/airflow/example_dags/example_branch_python_dop_operator_3.py
[2025-04-25T23:45:01.984+0000] {processor.py:925} INFO - DAG(s) 'example_branch_dop_operator_v3' retrieved from /home/airflow/.local/lib/python3.12/site-packages/airflow/example_dags/example_branch_python_dop_operator_3.py
[2025-04-25T23:45:02.030+0000] {logging_mixin.py:190} INFO - [2025-04-25T23:45:02.029+0000] {dag.py:3239} INFO - Sync 1 DAGs
[2025-04-25T23:45:02.099+0000] {logging_mixin.py:190} INFO - [2025-04-25T23:45:02.099+0000] {dag.py:4180} INFO - Setting next_dagrun for example_branch_dop_operator_v3 to 2025-04-25 23:44:00+00:00, run_after=2025-04-25 23:45:00+00:00
[2025-04-25T23:45:02.141+0000] {processor.py:208} INFO - Processing /home/airflow/.local/lib/python3.12/site-packages/airflow/example_dags/example_branch_python_dop_operator_3.py took 0.229 seconds
[2025-04-25T23:45:32.520+0000] {processor.py:186} INFO - Started process (PID=1009) to work on /home/airflow/.local/lib/python3.12/site-packages/airflow/example_dags/example_branch_python_dop_operator_3.py
[2025-04-25T23:45:32.522+0000] {processor.py:914} INFO - Processing file /home/airflow/.local/lib/python3.12/site-packages/airflow/example_dags/example_branch_python_dop_operator_3.py for tasks to queue
[2025-04-25T23:45:32.529+0000] {logging_mixin.py:190} INFO - [2025-04-25T23:45:32.529+0000] {dagbag.py:588} INFO - Filling up the DagBag from /home/airflow/.local/lib/python3.12/site-packages/airflow/example_dags/example_branch_python_dop_operator_3.py
[2025-04-25T23:45:32.546+0000] {processor.py:925} INFO - DAG(s) 'example_branch_dop_operator_v3' retrieved from /home/airflow/.local/lib/python3.12/site-packages/airflow/example_dags/example_branch_python_dop_operator_3.py
[2025-04-25T23:45:32.582+0000] {logging_mixin.py:190} INFO - [2025-04-25T23:45:32.581+0000] {dag.py:3239} INFO - Sync 1 DAGs
[2025-04-25T23:45:32.630+0000] {logging_mixin.py:190} INFO - [2025-04-25T23:45:32.629+0000] {dag.py:4180} INFO - Setting next_dagrun for example_branch_dop_operator_v3 to 2025-04-25 23:44:00+00:00, run_after=2025-04-25 23:45:00+00:00
[2025-04-25T23:45:32.662+0000] {processor.py:208} INFO - Processing /home/airflow/.local/lib/python3.12/site-packages/airflow/example_dags/example_branch_python_dop_operator_3.py took 0.151 seconds
[2025-04-25T23:46:03.644+0000] {processor.py:186} INFO - Started process (PID=1071) to work on /home/airflow/.local/lib/python3.12/site-packages/airflow/example_dags/example_branch_python_dop_operator_3.py
[2025-04-25T23:46:03.645+0000] {processor.py:914} INFO - Processing file /home/airflow/.local/lib/python3.12/site-packages/airflow/example_dags/example_branch_python_dop_operator_3.py for tasks to queue
[2025-04-25T23:46:03.652+0000] {logging_mixin.py:190} INFO - [2025-04-25T23:46:03.651+0000] {dagbag.py:588} INFO - Filling up the DagBag from /home/airflow/.local/lib/python3.12/site-packages/airflow/example_dags/example_branch_python_dop_operator_3.py
[2025-04-25T23:46:03.666+0000] {processor.py:925} INFO - DAG(s) 'example_branch_dop_operator_v3' retrieved from /home/airflow/.local/lib/python3.12/site-packages/airflow/example_dags/example_branch_python_dop_operator_3.py
[2025-04-25T23:46:03.705+0000] {logging_mixin.py:190} INFO - [2025-04-25T23:46:03.705+0000] {dag.py:3239} INFO - Sync 1 DAGs
[2025-04-25T23:46:03.747+0000] {logging_mixin.py:190} INFO - [2025-04-25T23:46:03.747+0000] {dag.py:4180} INFO - Setting next_dagrun for example_branch_dop_operator_v3 to 2025-04-25 23:45:00+00:00, run_after=2025-04-25 23:46:00+00:00
[2025-04-25T23:46:03.776+0000] {processor.py:208} INFO - Processing /home/airflow/.local/lib/python3.12/site-packages/airflow/example_dags/example_branch_python_dop_operator_3.py took 0.140 seconds
[2025-04-25T23:46:45.912+0000] {processor.py:186} INFO - Started process (PID=1125) to work on /home/airflow/.local/lib/python3.12/site-packages/airflow/example_dags/example_branch_python_dop_operator_3.py
[2025-04-25T23:46:45.914+0000] {processor.py:914} INFO - Processing file /home/airflow/.local/lib/python3.12/site-packages/airflow/example_dags/example_branch_python_dop_operator_3.py for tasks to queue
[2025-04-25T23:46:45.917+0000] {logging_mixin.py:190} INFO - [2025-04-25T23:46:45.917+0000] {dagbag.py:588} INFO - Filling up the DagBag from /home/airflow/.local/lib/python3.12/site-packages/airflow/example_dags/example_branch_python_dop_operator_3.py
[2025-04-25T23:46:45.942+0000] {processor.py:925} INFO - DAG(s) 'example_branch_dop_operator_v3' retrieved from /home/airflow/.local/lib/python3.12/site-packages/airflow/example_dags/example_branch_python_dop_operator_3.py
[2025-04-25T23:46:45.972+0000] {logging_mixin.py:190} INFO - [2025-04-25T23:46:45.971+0000] {dag.py:3239} INFO - Sync 1 DAGs
[2025-04-25T23:46:46.016+0000] {logging_mixin.py:190} INFO - [2025-04-25T23:46:46.016+0000] {dag.py:4180} INFO - Setting next_dagrun for example_branch_dop_operator_v3 to 2025-04-25 23:45:00+00:00, run_after=2025-04-25 23:46:00+00:00
[2025-04-25T23:46:46.049+0000] {processor.py:208} INFO - Processing /home/airflow/.local/lib/python3.12/site-packages/airflow/example_dags/example_branch_python_dop_operator_3.py took 0.145 seconds
[2025-04-25T23:47:16.314+0000] {processor.py:186} INFO - Started process (PID=1188) to work on /home/airflow/.local/lib/python3.12/site-packages/airflow/example_dags/example_branch_python_dop_operator_3.py
[2025-04-25T23:47:16.315+0000] {processor.py:914} INFO - Processing file /home/airflow/.local/lib/python3.12/site-packages/airflow/example_dags/example_branch_python_dop_operator_3.py for tasks to queue
[2025-04-25T23:47:16.321+0000] {logging_mixin.py:190} INFO - [2025-04-25T23:47:16.320+0000] {dagbag.py:588} INFO - Filling up the DagBag from /home/airflow/.local/lib/python3.12/site-packages/airflow/example_dags/example_branch_python_dop_operator_3.py
[2025-04-25T23:47:16.336+0000] {processor.py:925} INFO - DAG(s) 'example_branch_dop_operator_v3' retrieved from /home/airflow/.local/lib/python3.12/site-packages/airflow/example_dags/example_branch_python_dop_operator_3.py
[2025-04-25T23:47:16.360+0000] {logging_mixin.py:190} INFO - [2025-04-25T23:47:16.359+0000] {dag.py:3239} INFO - Sync 1 DAGs
[2025-04-25T23:47:16.425+0000] {logging_mixin.py:190} INFO - [2025-04-25T23:47:16.425+0000] {dag.py:4180} INFO - Setting next_dagrun for example_branch_dop_operator_v3 to 2025-04-25 23:46:00+00:00, run_after=2025-04-25 23:47:00+00:00
[2025-04-25T23:47:16.453+0000] {processor.py:208} INFO - Processing /home/airflow/.local/lib/python3.12/site-packages/airflow/example_dags/example_branch_python_dop_operator_3.py took 0.147 seconds
[2025-04-25T23:47:46.981+0000] {processor.py:186} INFO - Started process (PID=1250) to work on /home/airflow/.local/lib/python3.12/site-packages/airflow/example_dags/example_branch_python_dop_operator_3.py
[2025-04-25T23:47:46.984+0000] {processor.py:914} INFO - Processing file /home/airflow/.local/lib/python3.12/site-packages/airflow/example_dags/example_branch_python_dop_operator_3.py for tasks to queue
[2025-04-25T23:47:46.987+0000] {logging_mixin.py:190} INFO - [2025-04-25T23:47:46.987+0000] {dagbag.py:588} INFO - Filling up the DagBag from /home/airflow/.local/lib/python3.12/site-packages/airflow/example_dags/example_branch_python_dop_operator_3.py
[2025-04-25T23:47:47.000+0000] {processor.py:925} INFO - DAG(s) 'example_branch_dop_operator_v3' retrieved from /home/airflow/.local/lib/python3.12/site-packages/airflow/example_dags/example_branch_python_dop_operator_3.py
[2025-04-25T23:47:47.026+0000] {logging_mixin.py:190} INFO - [2025-04-25T23:47:47.026+0000] {dag.py:3239} INFO - Sync 1 DAGs
[2025-04-25T23:47:47.067+0000] {logging_mixin.py:190} INFO - [2025-04-25T23:47:47.066+0000] {dag.py:4180} INFO - Setting next_dagrun for example_branch_dop_operator_v3 to 2025-04-25 23:46:00+00:00, run_after=2025-04-25 23:47:00+00:00
[2025-04-25T23:47:47.089+0000] {processor.py:208} INFO - Processing /home/airflow/.local/lib/python3.12/site-packages/airflow/example_dags/example_branch_python_dop_operator_3.py took 0.115 seconds
[2025-04-25T23:48:17.446+0000] {processor.py:186} INFO - Started process (PID=1312) to work on /home/airflow/.local/lib/python3.12/site-packages/airflow/example_dags/example_branch_python_dop_operator_3.py
[2025-04-25T23:48:17.447+0000] {processor.py:914} INFO - Processing file /home/airflow/.local/lib/python3.12/site-packages/airflow/example_dags/example_branch_python_dop_operator_3.py for tasks to queue
[2025-04-25T23:48:17.453+0000] {logging_mixin.py:190} INFO - [2025-04-25T23:48:17.452+0000] {dagbag.py:588} INFO - Filling up the DagBag from /home/airflow/.local/lib/python3.12/site-packages/airflow/example_dags/example_branch_python_dop_operator_3.py
[2025-04-25T23:48:17.467+0000] {processor.py:925} INFO - DAG(s) 'example_branch_dop_operator_v3' retrieved from /home/airflow/.local/lib/python3.12/site-packages/airflow/example_dags/example_branch_python_dop_operator_3.py
[2025-04-25T23:48:17.504+0000] {logging_mixin.py:190} INFO - [2025-04-25T23:48:17.504+0000] {dag.py:3239} INFO - Sync 1 DAGs
[2025-04-25T23:48:17.548+0000] {logging_mixin.py:190} INFO - [2025-04-25T23:48:17.548+0000] {dag.py:4180} INFO - Setting next_dagrun for example_branch_dop_operator_v3 to 2025-04-25 23:47:00+00:00, run_after=2025-04-25 23:48:00+00:00
[2025-04-25T23:48:17.581+0000] {processor.py:208} INFO - Processing /home/airflow/.local/lib/python3.12/site-packages/airflow/example_dags/example_branch_python_dop_operator_3.py took 0.142 seconds
[2025-04-25T23:48:48.973+0000] {processor.py:186} INFO - Started process (PID=1374) to work on /home/airflow/.local/lib/python3.12/site-packages/airflow/example_dags/example_branch_python_dop_operator_3.py
[2025-04-25T23:48:48.975+0000] {processor.py:914} INFO - Processing file /home/airflow/.local/lib/python3.12/site-packages/airflow/example_dags/example_branch_python_dop_operator_3.py for tasks to queue
[2025-04-25T23:48:49.038+0000] {logging_mixin.py:190} INFO - [2025-04-25T23:48:48.992+0000] {dagbag.py:588} INFO - Filling up the DagBag from /home/airflow/.local/lib/python3.12/site-packages/airflow/example_dags/example_branch_python_dop_operator_3.py
[2025-04-25T23:48:49.067+0000] {processor.py:925} INFO - DAG(s) 'example_branch_dop_operator_v3' retrieved from /home/airflow/.local/lib/python3.12/site-packages/airflow/example_dags/example_branch_python_dop_operator_3.py
[2025-04-25T23:48:49.117+0000] {logging_mixin.py:190} INFO - [2025-04-25T23:48:49.117+0000] {dag.py:3239} INFO - Sync 1 DAGs
[2025-04-25T23:48:49.183+0000] {logging_mixin.py:190} INFO - [2025-04-25T23:48:49.182+0000] {dag.py:4180} INFO - Setting next_dagrun for example_branch_dop_operator_v3 to 2025-04-25 23:47:00+00:00, run_after=2025-04-25 23:48:00+00:00
[2025-04-25T23:48:49.253+0000] {processor.py:208} INFO - Processing /home/airflow/.local/lib/python3.12/site-packages/airflow/example_dags/example_branch_python_dop_operator_3.py took 0.291 seconds
[2025-04-25T23:49:19.600+0000] {processor.py:186} INFO - Started process (PID=1437) to work on /home/airflow/.local/lib/python3.12/site-packages/airflow/example_dags/example_branch_python_dop_operator_3.py
[2025-04-25T23:49:19.604+0000] {processor.py:914} INFO - Processing file /home/airflow/.local/lib/python3.12/site-packages/airflow/example_dags/example_branch_python_dop_operator_3.py for tasks to queue
[2025-04-25T23:49:19.616+0000] {logging_mixin.py:190} INFO - [2025-04-25T23:49:19.615+0000] {dagbag.py:588} INFO - Filling up the DagBag from /home/airflow/.local/lib/python3.12/site-packages/airflow/example_dags/example_branch_python_dop_operator_3.py
[2025-04-25T23:49:19.650+0000] {processor.py:925} INFO - DAG(s) 'example_branch_dop_operator_v3' retrieved from /home/airflow/.local/lib/python3.12/site-packages/airflow/example_dags/example_branch_python_dop_operator_3.py
[2025-04-25T23:49:19.708+0000] {logging_mixin.py:190} INFO - [2025-04-25T23:49:19.707+0000] {dag.py:3239} INFO - Sync 1 DAGs
[2025-04-25T23:49:19.772+0000] {logging_mixin.py:190} INFO - [2025-04-25T23:49:19.772+0000] {dag.py:4180} INFO - Setting next_dagrun for example_branch_dop_operator_v3 to 2025-04-25 23:48:00+00:00, run_after=2025-04-25 23:49:00+00:00
[2025-04-25T23:49:19.841+0000] {processor.py:208} INFO - Processing /home/airflow/.local/lib/python3.12/site-packages/airflow/example_dags/example_branch_python_dop_operator_3.py took 0.257 seconds
[2025-04-25T23:49:50.303+0000] {processor.py:186} INFO - Started process (PID=1500) to work on /home/airflow/.local/lib/python3.12/site-packages/airflow/example_dags/example_branch_python_dop_operator_3.py
[2025-04-25T23:49:50.307+0000] {processor.py:914} INFO - Processing file /home/airflow/.local/lib/python3.12/site-packages/airflow/example_dags/example_branch_python_dop_operator_3.py for tasks to queue
[2025-04-25T23:49:50.312+0000] {logging_mixin.py:190} INFO - [2025-04-25T23:49:50.312+0000] {dagbag.py:588} INFO - Filling up the DagBag from /home/airflow/.local/lib/python3.12/site-packages/airflow/example_dags/example_branch_python_dop_operator_3.py
[2025-04-25T23:49:50.340+0000] {processor.py:925} INFO - DAG(s) 'example_branch_dop_operator_v3' retrieved from /home/airflow/.local/lib/python3.12/site-packages/airflow/example_dags/example_branch_python_dop_operator_3.py
[2025-04-25T23:49:50.392+0000] {logging_mixin.py:190} INFO - [2025-04-25T23:49:50.392+0000] {dag.py:3239} INFO - Sync 1 DAGs
[2025-04-25T23:49:50.454+0000] {logging_mixin.py:190} INFO - [2025-04-25T23:49:50.453+0000] {dag.py:4180} INFO - Setting next_dagrun for example_branch_dop_operator_v3 to 2025-04-25 23:48:00+00:00, run_after=2025-04-25 23:49:00+00:00
[2025-04-25T23:49:50.493+0000] {processor.py:208} INFO - Processing /home/airflow/.local/lib/python3.12/site-packages/airflow/example_dags/example_branch_python_dop_operator_3.py took 0.198 seconds
[2025-04-25T23:50:20.698+0000] {processor.py:186} INFO - Started process (PID=1562) to work on /home/airflow/.local/lib/python3.12/site-packages/airflow/example_dags/example_branch_python_dop_operator_3.py
[2025-04-25T23:50:20.700+0000] {processor.py:914} INFO - Processing file /home/airflow/.local/lib/python3.12/site-packages/airflow/example_dags/example_branch_python_dop_operator_3.py for tasks to queue
[2025-04-25T23:50:20.703+0000] {logging_mixin.py:190} INFO - [2025-04-25T23:50:20.703+0000] {dagbag.py:588} INFO - Filling up the DagBag from /home/airflow/.local/lib/python3.12/site-packages/airflow/example_dags/example_branch_python_dop_operator_3.py
[2025-04-25T23:50:20.720+0000] {processor.py:925} INFO - DAG(s) 'example_branch_dop_operator_v3' retrieved from /home/airflow/.local/lib/python3.12/site-packages/airflow/example_dags/example_branch_python_dop_operator_3.py
[2025-04-25T23:50:20.751+0000] {logging_mixin.py:190} INFO - [2025-04-25T23:50:20.751+0000] {dag.py:3239} INFO - Sync 1 DAGs
[2025-04-25T23:50:20.793+0000] {logging_mixin.py:190} INFO - [2025-04-25T23:50:20.792+0000] {dag.py:4180} INFO - Setting next_dagrun for example_branch_dop_operator_v3 to 2025-04-25 23:49:00+00:00, run_after=2025-04-25 23:50:00+00:00
[2025-04-25T23:50:20.828+0000] {processor.py:208} INFO - Processing /home/airflow/.local/lib/python3.12/site-packages/airflow/example_dags/example_branch_python_dop_operator_3.py took 0.140 seconds
[2025-04-25T23:50:51.212+0000] {processor.py:186} INFO - Started process (PID=1624) to work on /home/airflow/.local/lib/python3.12/site-packages/airflow/example_dags/example_branch_python_dop_operator_3.py
[2025-04-25T23:50:51.214+0000] {processor.py:914} INFO - Processing file /home/airflow/.local/lib/python3.12/site-packages/airflow/example_dags/example_branch_python_dop_operator_3.py for tasks to queue
[2025-04-25T23:50:51.218+0000] {logging_mixin.py:190} INFO - [2025-04-25T23:50:51.217+0000] {dagbag.py:588} INFO - Filling up the DagBag from /home/airflow/.local/lib/python3.12/site-packages/airflow/example_dags/example_branch_python_dop_operator_3.py
[2025-04-25T23:50:51.235+0000] {processor.py:925} INFO - DAG(s) 'example_branch_dop_operator_v3' retrieved from /home/airflow/.local/lib/python3.12/site-packages/airflow/example_dags/example_branch_python_dop_operator_3.py
[2025-04-25T23:50:51.268+0000] {logging_mixin.py:190} INFO - [2025-04-25T23:50:51.268+0000] {dag.py:3239} INFO - Sync 1 DAGs
[2025-04-25T23:50:51.386+0000] {logging_mixin.py:190} INFO - [2025-04-25T23:50:51.385+0000] {dag.py:4180} INFO - Setting next_dagrun for example_branch_dop_operator_v3 to 2025-04-25 23:49:00+00:00, run_after=2025-04-25 23:50:00+00:00
[2025-04-25T23:50:51.468+0000] {processor.py:208} INFO - Processing /home/airflow/.local/lib/python3.12/site-packages/airflow/example_dags/example_branch_python_dop_operator_3.py took 0.267 seconds
[2025-04-25T23:51:26.471+0000] {processor.py:186} INFO - Started process (PID=1685) to work on /home/airflow/.local/lib/python3.12/site-packages/airflow/example_dags/example_branch_python_dop_operator_3.py
[2025-04-25T23:51:26.476+0000] {processor.py:914} INFO - Processing file /home/airflow/.local/lib/python3.12/site-packages/airflow/example_dags/example_branch_python_dop_operator_3.py for tasks to queue
[2025-04-25T23:51:26.480+0000] {logging_mixin.py:190} INFO - [2025-04-25T23:51:26.480+0000] {dagbag.py:588} INFO - Filling up the DagBag from /home/airflow/.local/lib/python3.12/site-packages/airflow/example_dags/example_branch_python_dop_operator_3.py
[2025-04-25T23:51:26.500+0000] {processor.py:925} INFO - DAG(s) 'example_branch_dop_operator_v3' retrieved from /home/airflow/.local/lib/python3.12/site-packages/airflow/example_dags/example_branch_python_dop_operator_3.py
[2025-04-25T23:51:26.560+0000] {logging_mixin.py:190} INFO - [2025-04-25T23:51:26.559+0000] {dag.py:3239} INFO - Sync 1 DAGs
[2025-04-25T23:51:26.614+0000] {logging_mixin.py:190} INFO - [2025-04-25T23:51:26.614+0000] {dag.py:4180} INFO - Setting next_dagrun for example_branch_dop_operator_v3 to 2025-04-25 23:50:00+00:00, run_after=2025-04-25 23:51:00+00:00
[2025-04-25T23:51:26.664+0000] {processor.py:208} INFO - Processing /home/airflow/.local/lib/python3.12/site-packages/airflow/example_dags/example_branch_python_dop_operator_3.py took 0.204 seconds
[2025-04-25T23:51:57.144+0000] {processor.py:186} INFO - Started process (PID=1748) to work on /home/airflow/.local/lib/python3.12/site-packages/airflow/example_dags/example_branch_python_dop_operator_3.py
[2025-04-25T23:51:57.145+0000] {processor.py:914} INFO - Processing file /home/airflow/.local/lib/python3.12/site-packages/airflow/example_dags/example_branch_python_dop_operator_3.py for tasks to queue
[2025-04-25T23:51:57.148+0000] {logging_mixin.py:190} INFO - [2025-04-25T23:51:57.148+0000] {dagbag.py:588} INFO - Filling up the DagBag from /home/airflow/.local/lib/python3.12/site-packages/airflow/example_dags/example_branch_python_dop_operator_3.py
[2025-04-25T23:51:57.169+0000] {processor.py:925} INFO - DAG(s) 'example_branch_dop_operator_v3' retrieved from /home/airflow/.local/lib/python3.12/site-packages/airflow/example_dags/example_branch_python_dop_operator_3.py
[2025-04-25T23:51:57.198+0000] {logging_mixin.py:190} INFO - [2025-04-25T23:51:57.198+0000] {dag.py:3239} INFO - Sync 1 DAGs
[2025-04-25T23:51:57.252+0000] {logging_mixin.py:190} INFO - [2025-04-25T23:51:57.252+0000] {dag.py:4180} INFO - Setting next_dagrun for example_branch_dop_operator_v3 to 2025-04-25 23:50:00+00:00, run_after=2025-04-25 23:51:00+00:00
[2025-04-25T23:51:57.285+0000] {processor.py:208} INFO - Processing /home/airflow/.local/lib/python3.12/site-packages/airflow/example_dags/example_branch_python_dop_operator_3.py took 0.151 seconds
[2025-04-25T23:52:27.704+0000] {processor.py:186} INFO - Started process (PID=1812) to work on /home/airflow/.local/lib/python3.12/site-packages/airflow/example_dags/example_branch_python_dop_operator_3.py
[2025-04-25T23:52:27.707+0000] {processor.py:914} INFO - Processing file /home/airflow/.local/lib/python3.12/site-packages/airflow/example_dags/example_branch_python_dop_operator_3.py for tasks to queue
[2025-04-25T23:52:27.712+0000] {logging_mixin.py:190} INFO - [2025-04-25T23:52:27.712+0000] {dagbag.py:588} INFO - Filling up the DagBag from /home/airflow/.local/lib/python3.12/site-packages/airflow/example_dags/example_branch_python_dop_operator_3.py
[2025-04-25T23:52:27.729+0000] {processor.py:925} INFO - DAG(s) 'example_branch_dop_operator_v3' retrieved from /home/airflow/.local/lib/python3.12/site-packages/airflow/example_dags/example_branch_python_dop_operator_3.py
[2025-04-25T23:52:27.771+0000] {logging_mixin.py:190} INFO - [2025-04-25T23:52:27.771+0000] {dag.py:3239} INFO - Sync 1 DAGs
[2025-04-25T23:52:27.823+0000] {logging_mixin.py:190} INFO - [2025-04-25T23:52:27.823+0000] {dag.py:4180} INFO - Setting next_dagrun for example_branch_dop_operator_v3 to 2025-04-25 23:51:00+00:00, run_after=2025-04-25 23:52:00+00:00
[2025-04-25T23:52:27.860+0000] {processor.py:208} INFO - Processing /home/airflow/.local/lib/python3.12/site-packages/airflow/example_dags/example_branch_python_dop_operator_3.py took 0.164 seconds
[2025-04-25T23:52:58.319+0000] {processor.py:186} INFO - Started process (PID=1876) to work on /home/airflow/.local/lib/python3.12/site-packages/airflow/example_dags/example_branch_python_dop_operator_3.py
[2025-04-25T23:52:58.321+0000] {processor.py:914} INFO - Processing file /home/airflow/.local/lib/python3.12/site-packages/airflow/example_dags/example_branch_python_dop_operator_3.py for tasks to queue
[2025-04-25T23:52:58.325+0000] {logging_mixin.py:190} INFO - [2025-04-25T23:52:58.324+0000] {dagbag.py:588} INFO - Filling up the DagBag from /home/airflow/.local/lib/python3.12/site-packages/airflow/example_dags/example_branch_python_dop_operator_3.py
[2025-04-25T23:52:58.341+0000] {processor.py:925} INFO - DAG(s) 'example_branch_dop_operator_v3' retrieved from /home/airflow/.local/lib/python3.12/site-packages/airflow/example_dags/example_branch_python_dop_operator_3.py
[2025-04-25T23:52:58.366+0000] {logging_mixin.py:190} INFO - [2025-04-25T23:52:58.366+0000] {dag.py:3239} INFO - Sync 1 DAGs
[2025-04-25T23:52:58.397+0000] {logging_mixin.py:190} INFO - [2025-04-25T23:52:58.397+0000] {dag.py:4180} INFO - Setting next_dagrun for example_branch_dop_operator_v3 to 2025-04-25 23:51:00+00:00, run_after=2025-04-25 23:52:00+00:00
[2025-04-25T23:52:58.434+0000] {processor.py:208} INFO - Processing /home/airflow/.local/lib/python3.12/site-packages/airflow/example_dags/example_branch_python_dop_operator_3.py took 0.123 seconds
[2025-04-25T23:53:29.934+0000] {processor.py:186} INFO - Started process (PID=1941) to work on /home/airflow/.local/lib/python3.12/site-packages/airflow/example_dags/example_branch_python_dop_operator_3.py
[2025-04-25T23:53:29.936+0000] {processor.py:914} INFO - Processing file /home/airflow/.local/lib/python3.12/site-packages/airflow/example_dags/example_branch_python_dop_operator_3.py for tasks to queue
[2025-04-25T23:53:29.942+0000] {logging_mixin.py:190} INFO - [2025-04-25T23:53:29.942+0000] {dagbag.py:588} INFO - Filling up the DagBag from /home/airflow/.local/lib/python3.12/site-packages/airflow/example_dags/example_branch_python_dop_operator_3.py
[2025-04-25T23:53:29.967+0000] {processor.py:925} INFO - DAG(s) 'example_branch_dop_operator_v3' retrieved from /home/airflow/.local/lib/python3.12/site-packages/airflow/example_dags/example_branch_python_dop_operator_3.py
[2025-04-25T23:53:30.048+0000] {logging_mixin.py:190} INFO - [2025-04-25T23:53:30.048+0000] {dag.py:3239} INFO - Sync 1 DAGs
[2025-04-25T23:53:30.188+0000] {logging_mixin.py:190} INFO - [2025-04-25T23:53:30.187+0000] {dag.py:4180} INFO - Setting next_dagrun for example_branch_dop_operator_v3 to 2025-04-25 23:52:00+00:00, run_after=2025-04-25 23:53:00+00:00
[2025-04-25T23:53:30.270+0000] {processor.py:208} INFO - Processing /home/airflow/.local/lib/python3.12/site-packages/airflow/example_dags/example_branch_python_dop_operator_3.py took 0.345 seconds
[2025-04-25T23:54:01.906+0000] {processor.py:186} INFO - Started process (PID=2011) to work on /home/airflow/.local/lib/python3.12/site-packages/airflow/example_dags/example_branch_python_dop_operator_3.py
[2025-04-25T23:54:01.917+0000] {processor.py:914} INFO - Processing file /home/airflow/.local/lib/python3.12/site-packages/airflow/example_dags/example_branch_python_dop_operator_3.py for tasks to queue
[2025-04-25T23:54:01.934+0000] {logging_mixin.py:190} INFO - [2025-04-25T23:54:01.933+0000] {dagbag.py:588} INFO - Filling up the DagBag from /home/airflow/.local/lib/python3.12/site-packages/airflow/example_dags/example_branch_python_dop_operator_3.py
[2025-04-25T23:54:01.965+0000] {processor.py:925} INFO - DAG(s) 'example_branch_dop_operator_v3' retrieved from /home/airflow/.local/lib/python3.12/site-packages/airflow/example_dags/example_branch_python_dop_operator_3.py
[2025-04-25T23:54:02.020+0000] {logging_mixin.py:190} INFO - [2025-04-25T23:54:02.019+0000] {dag.py:3239} INFO - Sync 1 DAGs
[2025-04-25T23:54:02.103+0000] {logging_mixin.py:190} INFO - [2025-04-25T23:54:02.102+0000] {dag.py:4180} INFO - Setting next_dagrun for example_branch_dop_operator_v3 to 2025-04-25 23:53:00+00:00, run_after=2025-04-25 23:54:00+00:00
[2025-04-25T23:54:02.152+0000] {processor.py:208} INFO - Processing /home/airflow/.local/lib/python3.12/site-packages/airflow/example_dags/example_branch_python_dop_operator_3.py took 0.295 seconds
[2025-04-25T23:54:32.574+0000] {processor.py:186} INFO - Started process (PID=2074) to work on /home/airflow/.local/lib/python3.12/site-packages/airflow/example_dags/example_branch_python_dop_operator_3.py
[2025-04-25T23:54:32.575+0000] {processor.py:914} INFO - Processing file /home/airflow/.local/lib/python3.12/site-packages/airflow/example_dags/example_branch_python_dop_operator_3.py for tasks to queue
[2025-04-25T23:54:32.578+0000] {logging_mixin.py:190} INFO - [2025-04-25T23:54:32.578+0000] {dagbag.py:588} INFO - Filling up the DagBag from /home/airflow/.local/lib/python3.12/site-packages/airflow/example_dags/example_branch_python_dop_operator_3.py
[2025-04-25T23:54:32.590+0000] {processor.py:925} INFO - DAG(s) 'example_branch_dop_operator_v3' retrieved from /home/airflow/.local/lib/python3.12/site-packages/airflow/example_dags/example_branch_python_dop_operator_3.py
[2025-04-25T23:54:32.616+0000] {logging_mixin.py:190} INFO - [2025-04-25T23:54:32.616+0000] {dag.py:3239} INFO - Sync 1 DAGs
[2025-04-25T23:54:32.650+0000] {logging_mixin.py:190} INFO - [2025-04-25T23:54:32.650+0000] {dag.py:4180} INFO - Setting next_dagrun for example_branch_dop_operator_v3 to 2025-04-25 23:53:00+00:00, run_after=2025-04-25 23:54:00+00:00
[2025-04-25T23:54:32.672+0000] {processor.py:208} INFO - Processing /home/airflow/.local/lib/python3.12/site-packages/airflow/example_dags/example_branch_python_dop_operator_3.py took 0.105 seconds
[2025-04-25T23:55:03.166+0000] {processor.py:186} INFO - Started process (PID=2137) to work on /home/airflow/.local/lib/python3.12/site-packages/airflow/example_dags/example_branch_python_dop_operator_3.py
[2025-04-25T23:55:03.169+0000] {processor.py:914} INFO - Processing file /home/airflow/.local/lib/python3.12/site-packages/airflow/example_dags/example_branch_python_dop_operator_3.py for tasks to queue
[2025-04-25T23:55:03.175+0000] {logging_mixin.py:190} INFO - [2025-04-25T23:55:03.174+0000] {dagbag.py:588} INFO - Filling up the DagBag from /home/airflow/.local/lib/python3.12/site-packages/airflow/example_dags/example_branch_python_dop_operator_3.py
[2025-04-25T23:55:03.259+0000] {processor.py:925} INFO - DAG(s) 'example_branch_dop_operator_v3' retrieved from /home/airflow/.local/lib/python3.12/site-packages/airflow/example_dags/example_branch_python_dop_operator_3.py
[2025-04-25T23:55:03.315+0000] {logging_mixin.py:190} INFO - [2025-04-25T23:55:03.314+0000] {dag.py:3239} INFO - Sync 1 DAGs
[2025-04-25T23:55:03.454+0000] {logging_mixin.py:190} INFO - [2025-04-25T23:55:03.448+0000] {dag.py:4180} INFO - Setting next_dagrun for example_branch_dop_operator_v3 to 2025-04-25 23:54:00+00:00, run_after=2025-04-25 23:55:00+00:00
[2025-04-25T23:55:03.674+0000] {processor.py:208} INFO - Processing /home/airflow/.local/lib/python3.12/site-packages/airflow/example_dags/example_branch_python_dop_operator_3.py took 0.517 seconds
[2025-04-25T23:55:34.070+0000] {processor.py:186} INFO - Started process (PID=2197) to work on /home/airflow/.local/lib/python3.12/site-packages/airflow/example_dags/example_branch_python_dop_operator_3.py
[2025-04-25T23:55:34.072+0000] {processor.py:914} INFO - Processing file /home/airflow/.local/lib/python3.12/site-packages/airflow/example_dags/example_branch_python_dop_operator_3.py for tasks to queue
[2025-04-25T23:55:34.077+0000] {logging_mixin.py:190} INFO - [2025-04-25T23:55:34.075+0000] {dagbag.py:588} INFO - Filling up the DagBag from /home/airflow/.local/lib/python3.12/site-packages/airflow/example_dags/example_branch_python_dop_operator_3.py
[2025-04-25T23:55:34.092+0000] {processor.py:925} INFO - DAG(s) 'example_branch_dop_operator_v3' retrieved from /home/airflow/.local/lib/python3.12/site-packages/airflow/example_dags/example_branch_python_dop_operator_3.py
[2025-04-25T23:55:34.118+0000] {logging_mixin.py:190} INFO - [2025-04-25T23:55:34.118+0000] {dag.py:3239} INFO - Sync 1 DAGs
[2025-04-25T23:55:34.202+0000] {logging_mixin.py:190} INFO - [2025-04-25T23:55:34.200+0000] {dag.py:4180} INFO - Setting next_dagrun for example_branch_dop_operator_v3 to 2025-04-25 23:54:00+00:00, run_after=2025-04-25 23:55:00+00:00
[2025-04-25T23:55:34.240+0000] {processor.py:208} INFO - Processing /home/airflow/.local/lib/python3.12/site-packages/airflow/example_dags/example_branch_python_dop_operator_3.py took 0.182 seconds
[2025-04-25T23:56:05.165+0000] {processor.py:186} INFO - Started process (PID=2260) to work on /home/airflow/.local/lib/python3.12/site-packages/airflow/example_dags/example_branch_python_dop_operator_3.py
[2025-04-25T23:56:05.167+0000] {processor.py:914} INFO - Processing file /home/airflow/.local/lib/python3.12/site-packages/airflow/example_dags/example_branch_python_dop_operator_3.py for tasks to queue
[2025-04-25T23:56:05.175+0000] {logging_mixin.py:190} INFO - [2025-04-25T23:56:05.174+0000] {dagbag.py:588} INFO - Filling up the DagBag from /home/airflow/.local/lib/python3.12/site-packages/airflow/example_dags/example_branch_python_dop_operator_3.py
[2025-04-25T23:56:05.209+0000] {processor.py:925} INFO - DAG(s) 'example_branch_dop_operator_v3' retrieved from /home/airflow/.local/lib/python3.12/site-packages/airflow/example_dags/example_branch_python_dop_operator_3.py
[2025-04-25T23:56:05.303+0000] {logging_mixin.py:190} INFO - [2025-04-25T23:56:05.303+0000] {dag.py:3239} INFO - Sync 1 DAGs
[2025-04-25T23:56:05.464+0000] {logging_mixin.py:190} INFO - [2025-04-25T23:56:05.463+0000] {dag.py:4180} INFO - Setting next_dagrun for example_branch_dop_operator_v3 to 2025-04-25 23:55:00+00:00, run_after=2025-04-25 23:56:00+00:00
[2025-04-25T23:56:05.540+0000] {processor.py:208} INFO - Processing /home/airflow/.local/lib/python3.12/site-packages/airflow/example_dags/example_branch_python_dop_operator_3.py took 0.388 seconds
[2025-04-25T23:56:36.361+0000] {processor.py:186} INFO - Started process (PID=2325) to work on /home/airflow/.local/lib/python3.12/site-packages/airflow/example_dags/example_branch_python_dop_operator_3.py
[2025-04-25T23:56:36.362+0000] {processor.py:914} INFO - Processing file /home/airflow/.local/lib/python3.12/site-packages/airflow/example_dags/example_branch_python_dop_operator_3.py for tasks to queue
[2025-04-25T23:56:36.365+0000] {logging_mixin.py:190} INFO - [2025-04-25T23:56:36.365+0000] {dagbag.py:588} INFO - Filling up the DagBag from /home/airflow/.local/lib/python3.12/site-packages/airflow/example_dags/example_branch_python_dop_operator_3.py
[2025-04-25T23:56:36.379+0000] {processor.py:925} INFO - DAG(s) 'example_branch_dop_operator_v3' retrieved from /home/airflow/.local/lib/python3.12/site-packages/airflow/example_dags/example_branch_python_dop_operator_3.py
[2025-04-25T23:56:36.406+0000] {logging_mixin.py:190} INFO - [2025-04-25T23:56:36.405+0000] {dag.py:3239} INFO - Sync 1 DAGs
[2025-04-25T23:56:36.451+0000] {logging_mixin.py:190} INFO - [2025-04-25T23:56:36.450+0000] {dag.py:4180} INFO - Setting next_dagrun for example_branch_dop_operator_v3 to 2025-04-25 23:55:00+00:00, run_after=2025-04-25 23:56:00+00:00
[2025-04-25T23:56:36.485+0000] {processor.py:208} INFO - Processing /home/airflow/.local/lib/python3.12/site-packages/airflow/example_dags/example_branch_python_dop_operator_3.py took 0.131 seconds
[2025-04-25T23:57:06.844+0000] {processor.py:186} INFO - Started process (PID=2389) to work on /home/airflow/.local/lib/python3.12/site-packages/airflow/example_dags/example_branch_python_dop_operator_3.py
[2025-04-25T23:57:06.846+0000] {processor.py:914} INFO - Processing file /home/airflow/.local/lib/python3.12/site-packages/airflow/example_dags/example_branch_python_dop_operator_3.py for tasks to queue
[2025-04-25T23:57:06.847+0000] {logging_mixin.py:190} INFO - [2025-04-25T23:57:06.847+0000] {dagbag.py:588} INFO - Filling up the DagBag from /home/airflow/.local/lib/python3.12/site-packages/airflow/example_dags/example_branch_python_dop_operator_3.py
[2025-04-25T23:57:06.869+0000] {processor.py:925} INFO - DAG(s) 'example_branch_dop_operator_v3' retrieved from /home/airflow/.local/lib/python3.12/site-packages/airflow/example_dags/example_branch_python_dop_operator_3.py
[2025-04-25T23:57:06.904+0000] {logging_mixin.py:190} INFO - [2025-04-25T23:57:06.904+0000] {dag.py:3239} INFO - Sync 1 DAGs
[2025-04-25T23:57:06.960+0000] {logging_mixin.py:190} INFO - [2025-04-25T23:57:06.960+0000] {dag.py:4180} INFO - Setting next_dagrun for example_branch_dop_operator_v3 to 2025-04-25 23:56:00+00:00, run_after=2025-04-25 23:57:00+00:00
[2025-04-25T23:57:07.002+0000] {processor.py:208} INFO - Processing /home/airflow/.local/lib/python3.12/site-packages/airflow/example_dags/example_branch_python_dop_operator_3.py took 0.174 seconds
[2025-04-25T23:57:38.909+0000] {processor.py:186} INFO - Started process (PID=2453) to work on /home/airflow/.local/lib/python3.12/site-packages/airflow/example_dags/example_branch_python_dop_operator_3.py
[2025-04-25T23:57:38.941+0000] {processor.py:914} INFO - Processing file /home/airflow/.local/lib/python3.12/site-packages/airflow/example_dags/example_branch_python_dop_operator_3.py for tasks to queue
[2025-04-25T23:57:38.948+0000] {logging_mixin.py:190} INFO - [2025-04-25T23:57:38.948+0000] {dagbag.py:588} INFO - Filling up the DagBag from /home/airflow/.local/lib/python3.12/site-packages/airflow/example_dags/example_branch_python_dop_operator_3.py
[2025-04-25T23:57:39.054+0000] {processor.py:925} INFO - DAG(s) 'example_branch_dop_operator_v3' retrieved from /home/airflow/.local/lib/python3.12/site-packages/airflow/example_dags/example_branch_python_dop_operator_3.py
[2025-04-25T23:57:39.109+0000] {logging_mixin.py:190} INFO - [2025-04-25T23:57:39.109+0000] {dag.py:3239} INFO - Sync 1 DAGs
[2025-04-25T23:57:39.167+0000] {logging_mixin.py:190} INFO - [2025-04-25T23:57:39.166+0000] {dag.py:4180} INFO - Setting next_dagrun for example_branch_dop_operator_v3 to 2025-04-25 23:56:00+00:00, run_after=2025-04-25 23:57:00+00:00
[2025-04-25T23:57:39.233+0000] {processor.py:208} INFO - Processing /home/airflow/.local/lib/python3.12/site-packages/airflow/example_dags/example_branch_python_dop_operator_3.py took 0.343 seconds
[2025-04-25T23:59:03.631+0000] {processor.py:186} INFO - Started process (PID=2500) to work on /home/airflow/.local/lib/python3.12/site-packages/airflow/example_dags/example_branch_python_dop_operator_3.py
[2025-04-25T23:59:03.638+0000] {processor.py:914} INFO - Processing file /home/airflow/.local/lib/python3.12/site-packages/airflow/example_dags/example_branch_python_dop_operator_3.py for tasks to queue
[2025-04-25T23:59:03.656+0000] {logging_mixin.py:190} INFO - [2025-04-25T23:59:03.655+0000] {dagbag.py:588} INFO - Filling up the DagBag from /home/airflow/.local/lib/python3.12/site-packages/airflow/example_dags/example_branch_python_dop_operator_3.py
[2025-04-25T23:59:03.730+0000] {processor.py:925} INFO - DAG(s) 'example_branch_dop_operator_v3' retrieved from /home/airflow/.local/lib/python3.12/site-packages/airflow/example_dags/example_branch_python_dop_operator_3.py
[2025-04-25T23:59:03.801+0000] {logging_mixin.py:190} INFO - [2025-04-25T23:59:03.793+0000] {dag.py:3239} INFO - Sync 1 DAGs
[2025-04-25T23:59:03.908+0000] {logging_mixin.py:190} INFO - [2025-04-25T23:59:03.908+0000] {dag.py:4180} INFO - Setting next_dagrun for example_branch_dop_operator_v3 to 2025-04-25 23:58:00+00:00, run_after=2025-04-25 23:59:00+00:00
[2025-04-25T23:59:04.019+0000] {processor.py:208} INFO - Processing /home/airflow/.local/lib/python3.12/site-packages/airflow/example_dags/example_branch_python_dop_operator_3.py took 0.420 seconds
[2025-04-25T23:59:35.179+0000] {processor.py:186} INFO - Started process (PID=2563) to work on /home/airflow/.local/lib/python3.12/site-packages/airflow/example_dags/example_branch_python_dop_operator_3.py
[2025-04-25T23:59:35.195+0000] {processor.py:914} INFO - Processing file /home/airflow/.local/lib/python3.12/site-packages/airflow/example_dags/example_branch_python_dop_operator_3.py for tasks to queue
[2025-04-25T23:59:35.209+0000] {logging_mixin.py:190} INFO - [2025-04-25T23:59:35.206+0000] {dagbag.py:588} INFO - Filling up the DagBag from /home/airflow/.local/lib/python3.12/site-packages/airflow/example_dags/example_branch_python_dop_operator_3.py
[2025-04-25T23:59:35.302+0000] {processor.py:925} INFO - DAG(s) 'example_branch_dop_operator_v3' retrieved from /home/airflow/.local/lib/python3.12/site-packages/airflow/example_dags/example_branch_python_dop_operator_3.py
[2025-04-25T23:59:35.390+0000] {logging_mixin.py:190} INFO - [2025-04-25T23:59:35.389+0000] {dag.py:3239} INFO - Sync 1 DAGs
[2025-04-25T23:59:35.506+0000] {logging_mixin.py:190} INFO - [2025-04-25T23:59:35.504+0000] {dag.py:4180} INFO - Setting next_dagrun for example_branch_dop_operator_v3 to 2025-04-25 23:58:00+00:00, run_after=2025-04-25 23:59:00+00:00
[2025-04-25T23:59:35.856+0000] {processor.py:208} INFO - Processing /home/airflow/.local/lib/python3.12/site-packages/airflow/example_dags/example_branch_python_dop_operator_3.py took 0.619 seconds
