[2025-04-25T23:33:28.205+0000] {processor.py:186} INFO - Started process (PID=142) to work on /home/airflow/.local/lib/python3.12/site-packages/airflow/example_dags/example_time_delta_sensor_async.py
[2025-04-25T23:33:28.208+0000] {processor.py:914} INFO - Processing file /home/airflow/.local/lib/python3.12/site-packages/airflow/example_dags/example_time_delta_sensor_async.py for tasks to queue
[2025-04-25T23:33:28.214+0000] {logging_mixin.py:190} INFO - [2025-04-25T23:33:28.214+0000] {dagbag.py:588} INFO - Filling up the DagBag from /home/airflow/.local/lib/python3.12/site-packages/airflow/example_dags/example_time_delta_sensor_async.py
[2025-04-25T23:33:28.229+0000] {processor.py:925} INFO - DAG(s) 'example_time_delta_sensor_async' retrieved from /home/airflow/.local/lib/python3.12/site-packages/airflow/example_dags/example_time_delta_sensor_async.py
[2025-04-25T23:33:28.472+0000] {logging_mixin.py:190} INFO - [2025-04-25T23:33:28.470+0000] {override.py:1911} INFO - Created Permission View: can delete on DAG:example_time_delta_sensor_async
[2025-04-25T23:33:28.489+0000] {logging_mixin.py:190} INFO - [2025-04-25T23:33:28.488+0000] {override.py:1911} INFO - Created Permission View: can read on DAG:example_time_delta_sensor_async
[2025-04-25T23:33:28.508+0000] {logging_mixin.py:190} INFO - [2025-04-25T23:33:28.507+0000] {override.py:1911} INFO - Created Permission View: can edit on DAG:example_time_delta_sensor_async
[2025-04-25T23:33:28.535+0000] {logging_mixin.py:190} INFO - [2025-04-25T23:33:28.534+0000] {override.py:1911} INFO - Created Permission View: can create on DAG Run:example_time_delta_sensor_async
[2025-04-25T23:33:28.563+0000] {logging_mixin.py:190} INFO - [2025-04-25T23:33:28.562+0000] {override.py:1911} INFO - Created Permission View: can delete on DAG Run:example_time_delta_sensor_async
[2025-04-25T23:33:28.600+0000] {logging_mixin.py:190} INFO - [2025-04-25T23:33:28.599+0000] {override.py:1911} INFO - Created Permission View: can read on DAG Run:example_time_delta_sensor_async
[2025-04-25T23:33:28.653+0000] {logging_mixin.py:190} INFO - [2025-04-25T23:33:28.653+0000] {override.py:1911} INFO - Created Permission View: menu access on DAG Run:example_time_delta_sensor_async
[2025-04-25T23:33:28.658+0000] {logging_mixin.py:190} INFO - [2025-04-25T23:33:28.657+0000] {dag.py:3239} INFO - Sync 1 DAGs
[2025-04-25T23:33:28.792+0000] {logging_mixin.py:190} INFO - [2025-04-25T23:33:28.791+0000] {dag.py:3262} INFO - Creating ORM DAG for example_time_delta_sensor_async
[2025-04-25T23:33:28.796+0000] {logging_mixin.py:190} INFO - [2025-04-25T23:33:28.796+0000] {dag.py:4180} INFO - Setting next_dagrun for example_time_delta_sensor_async to None, run_after=None
[2025-04-25T23:33:28.843+0000] {processor.py:208} INFO - Processing /home/airflow/.local/lib/python3.12/site-packages/airflow/example_dags/example_time_delta_sensor_async.py took 0.651 seconds
[2025-04-25T23:33:59.353+0000] {processor.py:186} INFO - Started process (PID=204) to work on /home/airflow/.local/lib/python3.12/site-packages/airflow/example_dags/example_time_delta_sensor_async.py
[2025-04-25T23:33:59.355+0000] {processor.py:914} INFO - Processing file /home/airflow/.local/lib/python3.12/site-packages/airflow/example_dags/example_time_delta_sensor_async.py for tasks to queue
[2025-04-25T23:33:59.358+0000] {logging_mixin.py:190} INFO - [2025-04-25T23:33:59.358+0000] {dagbag.py:588} INFO - Filling up the DagBag from /home/airflow/.local/lib/python3.12/site-packages/airflow/example_dags/example_time_delta_sensor_async.py
[2025-04-25T23:33:59.372+0000] {processor.py:925} INFO - DAG(s) 'example_time_delta_sensor_async' retrieved from /home/airflow/.local/lib/python3.12/site-packages/airflow/example_dags/example_time_delta_sensor_async.py
[2025-04-25T23:33:59.406+0000] {logging_mixin.py:190} INFO - [2025-04-25T23:33:59.406+0000] {dag.py:3239} INFO - Sync 1 DAGs
[2025-04-25T23:33:59.430+0000] {logging_mixin.py:190} INFO - [2025-04-25T23:33:59.430+0000] {dag.py:4180} INFO - Setting next_dagrun for example_time_delta_sensor_async to None, run_after=None
[2025-04-25T23:33:59.466+0000] {processor.py:208} INFO - Processing /home/airflow/.local/lib/python3.12/site-packages/airflow/example_dags/example_time_delta_sensor_async.py took 0.121 seconds
[2025-04-25T23:35:37.943+0000] {processor.py:186} INFO - Started process (PID=298) to work on /home/airflow/.local/lib/python3.12/site-packages/airflow/example_dags/example_time_delta_sensor_async.py
[2025-04-25T23:35:38.061+0000] {processor.py:914} INFO - Processing file /home/airflow/.local/lib/python3.12/site-packages/airflow/example_dags/example_time_delta_sensor_async.py for tasks to queue
[2025-04-25T23:35:38.225+0000] {logging_mixin.py:190} INFO - [2025-04-25T23:35:38.191+0000] {dagbag.py:588} INFO - Filling up the DagBag from /home/airflow/.local/lib/python3.12/site-packages/airflow/example_dags/example_time_delta_sensor_async.py
[2025-04-25T23:35:38.738+0000] {processor.py:925} INFO - DAG(s) 'example_time_delta_sensor_async' retrieved from /home/airflow/.local/lib/python3.12/site-packages/airflow/example_dags/example_time_delta_sensor_async.py
[2025-04-25T23:35:38.991+0000] {logging_mixin.py:190} INFO - [2025-04-25T23:35:38.990+0000] {dag.py:3239} INFO - Sync 1 DAGs
[2025-04-25T23:35:39.182+0000] {logging_mixin.py:190} INFO - [2025-04-25T23:35:39.182+0000] {dag.py:4180} INFO - Setting next_dagrun for example_time_delta_sensor_async to None, run_after=None
[2025-04-25T23:35:39.407+0000] {processor.py:208} INFO - Processing /home/airflow/.local/lib/python3.12/site-packages/airflow/example_dags/example_time_delta_sensor_async.py took 1.797 seconds
[2025-04-25T23:37:57.042+0000] {processor.py:186} INFO - Started process (PID=118) to work on /home/airflow/.local/lib/python3.12/site-packages/airflow/example_dags/example_time_delta_sensor_async.py
[2025-04-25T23:37:57.043+0000] {processor.py:914} INFO - Processing file /home/airflow/.local/lib/python3.12/site-packages/airflow/example_dags/example_time_delta_sensor_async.py for tasks to queue
[2025-04-25T23:37:57.047+0000] {logging_mixin.py:190} INFO - [2025-04-25T23:37:57.046+0000] {dagbag.py:588} INFO - Filling up the DagBag from /home/airflow/.local/lib/python3.12/site-packages/airflow/example_dags/example_time_delta_sensor_async.py
[2025-04-25T23:37:57.060+0000] {processor.py:925} INFO - DAG(s) 'example_time_delta_sensor_async' retrieved from /home/airflow/.local/lib/python3.12/site-packages/airflow/example_dags/example_time_delta_sensor_async.py
[2025-04-25T23:37:57.086+0000] {logging_mixin.py:190} INFO - [2025-04-25T23:37:57.086+0000] {dag.py:3239} INFO - Sync 1 DAGs
[2025-04-25T23:37:57.121+0000] {logging_mixin.py:190} INFO - [2025-04-25T23:37:57.121+0000] {dag.py:4180} INFO - Setting next_dagrun for example_time_delta_sensor_async to None, run_after=None
[2025-04-25T23:37:57.154+0000] {processor.py:208} INFO - Processing /home/airflow/.local/lib/python3.12/site-packages/airflow/example_dags/example_time_delta_sensor_async.py took 0.121 seconds
[2025-04-25T23:38:33.082+0000] {processor.py:186} INFO - Started process (PID=181) to work on /home/airflow/.local/lib/python3.12/site-packages/airflow/example_dags/example_time_delta_sensor_async.py
[2025-04-25T23:38:33.085+0000] {processor.py:914} INFO - Processing file /home/airflow/.local/lib/python3.12/site-packages/airflow/example_dags/example_time_delta_sensor_async.py for tasks to queue
[2025-04-25T23:38:33.088+0000] {logging_mixin.py:190} INFO - [2025-04-25T23:38:33.088+0000] {dagbag.py:588} INFO - Filling up the DagBag from /home/airflow/.local/lib/python3.12/site-packages/airflow/example_dags/example_time_delta_sensor_async.py
[2025-04-25T23:38:33.107+0000] {processor.py:925} INFO - DAG(s) 'example_time_delta_sensor_async' retrieved from /home/airflow/.local/lib/python3.12/site-packages/airflow/example_dags/example_time_delta_sensor_async.py
[2025-04-25T23:38:33.206+0000] {logging_mixin.py:190} INFO - [2025-04-25T23:38:33.201+0000] {dag.py:3239} INFO - Sync 1 DAGs
[2025-04-25T23:38:33.284+0000] {logging_mixin.py:190} INFO - [2025-04-25T23:38:33.283+0000] {dag.py:4180} INFO - Setting next_dagrun for example_time_delta_sensor_async to None, run_after=None
[2025-04-25T23:38:33.331+0000] {processor.py:208} INFO - Processing /home/airflow/.local/lib/python3.12/site-packages/airflow/example_dags/example_time_delta_sensor_async.py took 0.259 seconds
[2025-04-25T23:39:03.420+0000] {processor.py:186} INFO - Started process (PID=244) to work on /home/airflow/.local/lib/python3.12/site-packages/airflow/example_dags/example_time_delta_sensor_async.py
[2025-04-25T23:39:03.421+0000] {processor.py:914} INFO - Processing file /home/airflow/.local/lib/python3.12/site-packages/airflow/example_dags/example_time_delta_sensor_async.py for tasks to queue
[2025-04-25T23:39:03.424+0000] {logging_mixin.py:190} INFO - [2025-04-25T23:39:03.423+0000] {dagbag.py:588} INFO - Filling up the DagBag from /home/airflow/.local/lib/python3.12/site-packages/airflow/example_dags/example_time_delta_sensor_async.py
[2025-04-25T23:39:03.431+0000] {processor.py:925} INFO - DAG(s) 'example_time_delta_sensor_async' retrieved from /home/airflow/.local/lib/python3.12/site-packages/airflow/example_dags/example_time_delta_sensor_async.py
[2025-04-25T23:39:03.453+0000] {logging_mixin.py:190} INFO - [2025-04-25T23:39:03.452+0000] {dag.py:3239} INFO - Sync 1 DAGs
[2025-04-25T23:39:03.469+0000] {logging_mixin.py:190} INFO - [2025-04-25T23:39:03.468+0000] {dag.py:4180} INFO - Setting next_dagrun for example_time_delta_sensor_async to None, run_after=None
[2025-04-25T23:39:03.492+0000] {processor.py:208} INFO - Processing /home/airflow/.local/lib/python3.12/site-packages/airflow/example_dags/example_time_delta_sensor_async.py took 0.078 seconds
[2025-04-25T23:39:44.245+0000] {processor.py:186} INFO - Started process (PID=307) to work on /home/airflow/.local/lib/python3.12/site-packages/airflow/example_dags/example_time_delta_sensor_async.py
[2025-04-25T23:39:44.250+0000] {processor.py:914} INFO - Processing file /home/airflow/.local/lib/python3.12/site-packages/airflow/example_dags/example_time_delta_sensor_async.py for tasks to queue
[2025-04-25T23:39:44.272+0000] {logging_mixin.py:190} INFO - [2025-04-25T23:39:44.270+0000] {dagbag.py:588} INFO - Filling up the DagBag from /home/airflow/.local/lib/python3.12/site-packages/airflow/example_dags/example_time_delta_sensor_async.py
[2025-04-25T23:39:44.310+0000] {processor.py:925} INFO - DAG(s) 'example_time_delta_sensor_async' retrieved from /home/airflow/.local/lib/python3.12/site-packages/airflow/example_dags/example_time_delta_sensor_async.py
[2025-04-25T23:39:44.469+0000] {logging_mixin.py:190} INFO - [2025-04-25T23:39:44.466+0000] {dag.py:3239} INFO - Sync 1 DAGs
[2025-04-25T23:39:44.509+0000] {logging_mixin.py:190} INFO - [2025-04-25T23:39:44.508+0000] {dag.py:4180} INFO - Setting next_dagrun for example_time_delta_sensor_async to None, run_after=None
[2025-04-25T23:39:44.773+0000] {processor.py:208} INFO - Processing /home/airflow/.local/lib/python3.12/site-packages/airflow/example_dags/example_time_delta_sensor_async.py took 0.610 seconds
[2025-04-25T23:40:16.159+0000] {processor.py:186} INFO - Started process (PID=370) to work on /home/airflow/.local/lib/python3.12/site-packages/airflow/example_dags/example_time_delta_sensor_async.py
[2025-04-25T23:40:16.160+0000] {processor.py:914} INFO - Processing file /home/airflow/.local/lib/python3.12/site-packages/airflow/example_dags/example_time_delta_sensor_async.py for tasks to queue
[2025-04-25T23:40:16.164+0000] {logging_mixin.py:190} INFO - [2025-04-25T23:40:16.163+0000] {dagbag.py:588} INFO - Filling up the DagBag from /home/airflow/.local/lib/python3.12/site-packages/airflow/example_dags/example_time_delta_sensor_async.py
[2025-04-25T23:40:16.174+0000] {processor.py:925} INFO - DAG(s) 'example_time_delta_sensor_async' retrieved from /home/airflow/.local/lib/python3.12/site-packages/airflow/example_dags/example_time_delta_sensor_async.py
[2025-04-25T23:40:16.212+0000] {logging_mixin.py:190} INFO - [2025-04-25T23:40:16.212+0000] {dag.py:3239} INFO - Sync 1 DAGs
[2025-04-25T23:40:16.236+0000] {logging_mixin.py:190} INFO - [2025-04-25T23:40:16.236+0000] {dag.py:4180} INFO - Setting next_dagrun for example_time_delta_sensor_async to None, run_after=None
[2025-04-25T23:40:16.267+0000] {processor.py:208} INFO - Processing /home/airflow/.local/lib/python3.12/site-packages/airflow/example_dags/example_time_delta_sensor_async.py took 0.116 seconds
[2025-04-25T23:40:47.210+0000] {processor.py:186} INFO - Started process (PID=433) to work on /home/airflow/.local/lib/python3.12/site-packages/airflow/example_dags/example_time_delta_sensor_async.py
[2025-04-25T23:40:47.211+0000] {processor.py:914} INFO - Processing file /home/airflow/.local/lib/python3.12/site-packages/airflow/example_dags/example_time_delta_sensor_async.py for tasks to queue
[2025-04-25T23:40:47.215+0000] {logging_mixin.py:190} INFO - [2025-04-25T23:40:47.215+0000] {dagbag.py:588} INFO - Filling up the DagBag from /home/airflow/.local/lib/python3.12/site-packages/airflow/example_dags/example_time_delta_sensor_async.py
[2025-04-25T23:40:47.225+0000] {processor.py:925} INFO - DAG(s) 'example_time_delta_sensor_async' retrieved from /home/airflow/.local/lib/python3.12/site-packages/airflow/example_dags/example_time_delta_sensor_async.py
[2025-04-25T23:40:47.254+0000] {logging_mixin.py:190} INFO - [2025-04-25T23:40:47.254+0000] {dag.py:3239} INFO - Sync 1 DAGs
[2025-04-25T23:40:47.274+0000] {logging_mixin.py:190} INFO - [2025-04-25T23:40:47.273+0000] {dag.py:4180} INFO - Setting next_dagrun for example_time_delta_sensor_async to None, run_after=None
[2025-04-25T23:40:47.298+0000] {processor.py:208} INFO - Processing /home/airflow/.local/lib/python3.12/site-packages/airflow/example_dags/example_time_delta_sensor_async.py took 0.095 seconds
[2025-04-25T23:41:17.798+0000] {processor.py:186} INFO - Started process (PID=495) to work on /home/airflow/.local/lib/python3.12/site-packages/airflow/example_dags/example_time_delta_sensor_async.py
[2025-04-25T23:41:17.799+0000] {processor.py:914} INFO - Processing file /home/airflow/.local/lib/python3.12/site-packages/airflow/example_dags/example_time_delta_sensor_async.py for tasks to queue
[2025-04-25T23:41:17.807+0000] {logging_mixin.py:190} INFO - [2025-04-25T23:41:17.807+0000] {dagbag.py:588} INFO - Filling up the DagBag from /home/airflow/.local/lib/python3.12/site-packages/airflow/example_dags/example_time_delta_sensor_async.py
[2025-04-25T23:41:17.823+0000] {processor.py:925} INFO - DAG(s) 'example_time_delta_sensor_async' retrieved from /home/airflow/.local/lib/python3.12/site-packages/airflow/example_dags/example_time_delta_sensor_async.py
[2025-04-25T23:41:17.889+0000] {logging_mixin.py:190} INFO - [2025-04-25T23:41:17.889+0000] {dag.py:3239} INFO - Sync 1 DAGs
[2025-04-25T23:41:17.925+0000] {logging_mixin.py:190} INFO - [2025-04-25T23:41:17.924+0000] {dag.py:4180} INFO - Setting next_dagrun for example_time_delta_sensor_async to None, run_after=None
[2025-04-25T23:41:17.958+0000] {processor.py:208} INFO - Processing /home/airflow/.local/lib/python3.12/site-packages/airflow/example_dags/example_time_delta_sensor_async.py took 0.191 seconds
[2025-04-25T23:41:48.078+0000] {processor.py:186} INFO - Started process (PID=557) to work on /home/airflow/.local/lib/python3.12/site-packages/airflow/example_dags/example_time_delta_sensor_async.py
[2025-04-25T23:41:48.081+0000] {processor.py:914} INFO - Processing file /home/airflow/.local/lib/python3.12/site-packages/airflow/example_dags/example_time_delta_sensor_async.py for tasks to queue
[2025-04-25T23:41:48.085+0000] {logging_mixin.py:190} INFO - [2025-04-25T23:41:48.085+0000] {dagbag.py:588} INFO - Filling up the DagBag from /home/airflow/.local/lib/python3.12/site-packages/airflow/example_dags/example_time_delta_sensor_async.py
[2025-04-25T23:41:48.097+0000] {processor.py:925} INFO - DAG(s) 'example_time_delta_sensor_async' retrieved from /home/airflow/.local/lib/python3.12/site-packages/airflow/example_dags/example_time_delta_sensor_async.py
[2025-04-25T23:41:48.130+0000] {logging_mixin.py:190} INFO - [2025-04-25T23:41:48.130+0000] {dag.py:3239} INFO - Sync 1 DAGs
[2025-04-25T23:41:48.153+0000] {logging_mixin.py:190} INFO - [2025-04-25T23:41:48.152+0000] {dag.py:4180} INFO - Setting next_dagrun for example_time_delta_sensor_async to None, run_after=None
[2025-04-25T23:41:48.181+0000] {processor.py:208} INFO - Processing /home/airflow/.local/lib/python3.12/site-packages/airflow/example_dags/example_time_delta_sensor_async.py took 0.110 seconds
[2025-04-25T23:42:18.693+0000] {processor.py:186} INFO - Started process (PID=620) to work on /home/airflow/.local/lib/python3.12/site-packages/airflow/example_dags/example_time_delta_sensor_async.py
[2025-04-25T23:42:18.696+0000] {processor.py:914} INFO - Processing file /home/airflow/.local/lib/python3.12/site-packages/airflow/example_dags/example_time_delta_sensor_async.py for tasks to queue
[2025-04-25T23:42:18.703+0000] {logging_mixin.py:190} INFO - [2025-04-25T23:42:18.702+0000] {dagbag.py:588} INFO - Filling up the DagBag from /home/airflow/.local/lib/python3.12/site-packages/airflow/example_dags/example_time_delta_sensor_async.py
[2025-04-25T23:42:18.727+0000] {processor.py:925} INFO - DAG(s) 'example_time_delta_sensor_async' retrieved from /home/airflow/.local/lib/python3.12/site-packages/airflow/example_dags/example_time_delta_sensor_async.py
[2025-04-25T23:42:18.793+0000] {logging_mixin.py:190} INFO - [2025-04-25T23:42:18.792+0000] {dag.py:3239} INFO - Sync 1 DAGs
[2025-04-25T23:42:18.890+0000] {logging_mixin.py:190} INFO - [2025-04-25T23:42:18.890+0000] {dag.py:4180} INFO - Setting next_dagrun for example_time_delta_sensor_async to None, run_after=None
[2025-04-25T23:42:18.934+0000] {processor.py:208} INFO - Processing /home/airflow/.local/lib/python3.12/site-packages/airflow/example_dags/example_time_delta_sensor_async.py took 0.255 seconds
[2025-04-25T23:42:49.499+0000] {processor.py:186} INFO - Started process (PID=683) to work on /home/airflow/.local/lib/python3.12/site-packages/airflow/example_dags/example_time_delta_sensor_async.py
[2025-04-25T23:42:49.502+0000] {processor.py:914} INFO - Processing file /home/airflow/.local/lib/python3.12/site-packages/airflow/example_dags/example_time_delta_sensor_async.py for tasks to queue
[2025-04-25T23:42:49.507+0000] {logging_mixin.py:190} INFO - [2025-04-25T23:42:49.506+0000] {dagbag.py:588} INFO - Filling up the DagBag from /home/airflow/.local/lib/python3.12/site-packages/airflow/example_dags/example_time_delta_sensor_async.py
[2025-04-25T23:42:49.522+0000] {processor.py:925} INFO - DAG(s) 'example_time_delta_sensor_async' retrieved from /home/airflow/.local/lib/python3.12/site-packages/airflow/example_dags/example_time_delta_sensor_async.py
[2025-04-25T23:42:49.568+0000] {logging_mixin.py:190} INFO - [2025-04-25T23:42:49.568+0000] {dag.py:3239} INFO - Sync 1 DAGs
[2025-04-25T23:42:49.592+0000] {logging_mixin.py:190} INFO - [2025-04-25T23:42:49.592+0000] {dag.py:4180} INFO - Setting next_dagrun for example_time_delta_sensor_async to None, run_after=None
[2025-04-25T23:42:49.638+0000] {processor.py:208} INFO - Processing /home/airflow/.local/lib/python3.12/site-packages/airflow/example_dags/example_time_delta_sensor_async.py took 0.148 seconds
[2025-04-25T23:43:30.929+0000] {processor.py:186} INFO - Started process (PID=762) to work on /home/airflow/.local/lib/python3.12/site-packages/airflow/example_dags/example_time_delta_sensor_async.py
[2025-04-25T23:43:30.931+0000] {processor.py:914} INFO - Processing file /home/airflow/.local/lib/python3.12/site-packages/airflow/example_dags/example_time_delta_sensor_async.py for tasks to queue
[2025-04-25T23:43:30.935+0000] {logging_mixin.py:190} INFO - [2025-04-25T23:43:30.934+0000] {dagbag.py:588} INFO - Filling up the DagBag from /home/airflow/.local/lib/python3.12/site-packages/airflow/example_dags/example_time_delta_sensor_async.py
[2025-04-25T23:43:30.949+0000] {processor.py:925} INFO - DAG(s) 'example_time_delta_sensor_async' retrieved from /home/airflow/.local/lib/python3.12/site-packages/airflow/example_dags/example_time_delta_sensor_async.py
[2025-04-25T23:43:31.000+0000] {logging_mixin.py:190} INFO - [2025-04-25T23:43:31.000+0000] {dag.py:3239} INFO - Sync 1 DAGs
[2025-04-25T23:43:31.031+0000] {logging_mixin.py:190} INFO - [2025-04-25T23:43:31.030+0000] {dag.py:4180} INFO - Setting next_dagrun for example_time_delta_sensor_async to None, run_after=None
[2025-04-25T23:43:31.069+0000] {processor.py:208} INFO - Processing /home/airflow/.local/lib/python3.12/site-packages/airflow/example_dags/example_time_delta_sensor_async.py took 0.149 seconds
[2025-04-25T23:44:01.842+0000] {processor.py:186} INFO - Started process (PID=825) to work on /home/airflow/.local/lib/python3.12/site-packages/airflow/example_dags/example_time_delta_sensor_async.py
[2025-04-25T23:44:01.843+0000] {processor.py:914} INFO - Processing file /home/airflow/.local/lib/python3.12/site-packages/airflow/example_dags/example_time_delta_sensor_async.py for tasks to queue
[2025-04-25T23:44:01.845+0000] {logging_mixin.py:190} INFO - [2025-04-25T23:44:01.845+0000] {dagbag.py:588} INFO - Filling up the DagBag from /home/airflow/.local/lib/python3.12/site-packages/airflow/example_dags/example_time_delta_sensor_async.py
[2025-04-25T23:44:01.857+0000] {processor.py:925} INFO - DAG(s) 'example_time_delta_sensor_async' retrieved from /home/airflow/.local/lib/python3.12/site-packages/airflow/example_dags/example_time_delta_sensor_async.py
[2025-04-25T23:44:01.885+0000] {logging_mixin.py:190} INFO - [2025-04-25T23:44:01.885+0000] {dag.py:3239} INFO - Sync 1 DAGs
[2025-04-25T23:44:01.911+0000] {logging_mixin.py:190} INFO - [2025-04-25T23:44:01.911+0000] {dag.py:4180} INFO - Setting next_dagrun for example_time_delta_sensor_async to None, run_after=None
[2025-04-25T23:44:01.943+0000] {processor.py:208} INFO - Processing /home/airflow/.local/lib/python3.12/site-packages/airflow/example_dags/example_time_delta_sensor_async.py took 0.110 seconds
[2025-04-25T23:44:32.199+0000] {processor.py:186} INFO - Started process (PID=887) to work on /home/airflow/.local/lib/python3.12/site-packages/airflow/example_dags/example_time_delta_sensor_async.py
[2025-04-25T23:44:32.202+0000] {processor.py:914} INFO - Processing file /home/airflow/.local/lib/python3.12/site-packages/airflow/example_dags/example_time_delta_sensor_async.py for tasks to queue
[2025-04-25T23:44:32.207+0000] {logging_mixin.py:190} INFO - [2025-04-25T23:44:32.206+0000] {dagbag.py:588} INFO - Filling up the DagBag from /home/airflow/.local/lib/python3.12/site-packages/airflow/example_dags/example_time_delta_sensor_async.py
[2025-04-25T23:44:32.220+0000] {processor.py:925} INFO - DAG(s) 'example_time_delta_sensor_async' retrieved from /home/airflow/.local/lib/python3.12/site-packages/airflow/example_dags/example_time_delta_sensor_async.py
[2025-04-25T23:44:32.249+0000] {logging_mixin.py:190} INFO - [2025-04-25T23:44:32.248+0000] {dag.py:3239} INFO - Sync 1 DAGs
[2025-04-25T23:44:32.273+0000] {logging_mixin.py:190} INFO - [2025-04-25T23:44:32.273+0000] {dag.py:4180} INFO - Setting next_dagrun for example_time_delta_sensor_async to None, run_after=None
[2025-04-25T23:44:32.305+0000] {processor.py:208} INFO - Processing /home/airflow/.local/lib/python3.12/site-packages/airflow/example_dags/example_time_delta_sensor_async.py took 0.115 seconds
[2025-04-25T23:45:02.460+0000] {processor.py:186} INFO - Started process (PID=950) to work on /home/airflow/.local/lib/python3.12/site-packages/airflow/example_dags/example_time_delta_sensor_async.py
[2025-04-25T23:45:02.463+0000] {processor.py:914} INFO - Processing file /home/airflow/.local/lib/python3.12/site-packages/airflow/example_dags/example_time_delta_sensor_async.py for tasks to queue
[2025-04-25T23:45:02.479+0000] {logging_mixin.py:190} INFO - [2025-04-25T23:45:02.474+0000] {dagbag.py:588} INFO - Filling up the DagBag from /home/airflow/.local/lib/python3.12/site-packages/airflow/example_dags/example_time_delta_sensor_async.py
[2025-04-25T23:45:02.491+0000] {processor.py:925} INFO - DAG(s) 'example_time_delta_sensor_async' retrieved from /home/airflow/.local/lib/python3.12/site-packages/airflow/example_dags/example_time_delta_sensor_async.py
[2025-04-25T23:45:02.539+0000] {logging_mixin.py:190} INFO - [2025-04-25T23:45:02.539+0000] {dag.py:3239} INFO - Sync 1 DAGs
[2025-04-25T23:45:02.567+0000] {logging_mixin.py:190} INFO - [2025-04-25T23:45:02.567+0000] {dag.py:4180} INFO - Setting next_dagrun for example_time_delta_sensor_async to None, run_after=None
[2025-04-25T23:45:02.612+0000] {processor.py:208} INFO - Processing /home/airflow/.local/lib/python3.12/site-packages/airflow/example_dags/example_time_delta_sensor_async.py took 0.162 seconds
[2025-04-25T23:45:32.738+0000] {processor.py:186} INFO - Started process (PID=1012) to work on /home/airflow/.local/lib/python3.12/site-packages/airflow/example_dags/example_time_delta_sensor_async.py
[2025-04-25T23:45:32.740+0000] {processor.py:914} INFO - Processing file /home/airflow/.local/lib/python3.12/site-packages/airflow/example_dags/example_time_delta_sensor_async.py for tasks to queue
[2025-04-25T23:45:32.746+0000] {logging_mixin.py:190} INFO - [2025-04-25T23:45:32.745+0000] {dagbag.py:588} INFO - Filling up the DagBag from /home/airflow/.local/lib/python3.12/site-packages/airflow/example_dags/example_time_delta_sensor_async.py
[2025-04-25T23:45:32.760+0000] {processor.py:925} INFO - DAG(s) 'example_time_delta_sensor_async' retrieved from /home/airflow/.local/lib/python3.12/site-packages/airflow/example_dags/example_time_delta_sensor_async.py
[2025-04-25T23:45:32.802+0000] {logging_mixin.py:190} INFO - [2025-04-25T23:45:32.802+0000] {dag.py:3239} INFO - Sync 1 DAGs
[2025-04-25T23:45:32.838+0000] {logging_mixin.py:190} INFO - [2025-04-25T23:45:32.838+0000] {dag.py:4180} INFO - Setting next_dagrun for example_time_delta_sensor_async to None, run_after=None
[2025-04-25T23:45:32.894+0000] {processor.py:208} INFO - Processing /home/airflow/.local/lib/python3.12/site-packages/airflow/example_dags/example_time_delta_sensor_async.py took 0.164 seconds
[2025-04-25T23:46:04.012+0000] {processor.py:186} INFO - Started process (PID=1075) to work on /home/airflow/.local/lib/python3.12/site-packages/airflow/example_dags/example_time_delta_sensor_async.py
[2025-04-25T23:46:04.014+0000] {processor.py:914} INFO - Processing file /home/airflow/.local/lib/python3.12/site-packages/airflow/example_dags/example_time_delta_sensor_async.py for tasks to queue
[2025-04-25T23:46:04.018+0000] {logging_mixin.py:190} INFO - [2025-04-25T23:46:04.017+0000] {dagbag.py:588} INFO - Filling up the DagBag from /home/airflow/.local/lib/python3.12/site-packages/airflow/example_dags/example_time_delta_sensor_async.py
[2025-04-25T23:46:04.031+0000] {processor.py:925} INFO - DAG(s) 'example_time_delta_sensor_async' retrieved from /home/airflow/.local/lib/python3.12/site-packages/airflow/example_dags/example_time_delta_sensor_async.py
[2025-04-25T23:46:04.067+0000] {logging_mixin.py:190} INFO - [2025-04-25T23:46:04.067+0000] {dag.py:3239} INFO - Sync 1 DAGs
[2025-04-25T23:46:04.094+0000] {logging_mixin.py:190} INFO - [2025-04-25T23:46:04.094+0000] {dag.py:4180} INFO - Setting next_dagrun for example_time_delta_sensor_async to None, run_after=None
[2025-04-25T23:46:04.124+0000] {processor.py:208} INFO - Processing /home/airflow/.local/lib/python3.12/site-packages/airflow/example_dags/example_time_delta_sensor_async.py took 0.119 seconds
[2025-04-25T23:46:49.123+0000] {processor.py:186} INFO - Started process (PID=1137) to work on /home/airflow/.local/lib/python3.12/site-packages/airflow/example_dags/example_time_delta_sensor_async.py
[2025-04-25T23:46:49.133+0000] {processor.py:914} INFO - Processing file /home/airflow/.local/lib/python3.12/site-packages/airflow/example_dags/example_time_delta_sensor_async.py for tasks to queue
[2025-04-25T23:46:49.147+0000] {logging_mixin.py:190} INFO - [2025-04-25T23:46:49.142+0000] {dagbag.py:588} INFO - Filling up the DagBag from /home/airflow/.local/lib/python3.12/site-packages/airflow/example_dags/example_time_delta_sensor_async.py
[2025-04-25T23:46:49.161+0000] {processor.py:925} INFO - DAG(s) 'example_time_delta_sensor_async' retrieved from /home/airflow/.local/lib/python3.12/site-packages/airflow/example_dags/example_time_delta_sensor_async.py
[2025-04-25T23:46:49.255+0000] {logging_mixin.py:190} INFO - [2025-04-25T23:46:49.254+0000] {dag.py:3239} INFO - Sync 1 DAGs
[2025-04-25T23:46:49.312+0000] {logging_mixin.py:190} INFO - [2025-04-25T23:46:49.312+0000] {dag.py:4180} INFO - Setting next_dagrun for example_time_delta_sensor_async to None, run_after=None
[2025-04-25T23:46:49.417+0000] {processor.py:208} INFO - Processing /home/airflow/.local/lib/python3.12/site-packages/airflow/example_dags/example_time_delta_sensor_async.py took 0.309 seconds
[2025-04-25T23:47:20.286+0000] {processor.py:186} INFO - Started process (PID=1200) to work on /home/airflow/.local/lib/python3.12/site-packages/airflow/example_dags/example_time_delta_sensor_async.py
[2025-04-25T23:47:20.292+0000] {processor.py:914} INFO - Processing file /home/airflow/.local/lib/python3.12/site-packages/airflow/example_dags/example_time_delta_sensor_async.py for tasks to queue
[2025-04-25T23:47:20.295+0000] {logging_mixin.py:190} INFO - [2025-04-25T23:47:20.294+0000] {dagbag.py:588} INFO - Filling up the DagBag from /home/airflow/.local/lib/python3.12/site-packages/airflow/example_dags/example_time_delta_sensor_async.py
[2025-04-25T23:47:20.305+0000] {processor.py:925} INFO - DAG(s) 'example_time_delta_sensor_async' retrieved from /home/airflow/.local/lib/python3.12/site-packages/airflow/example_dags/example_time_delta_sensor_async.py
[2025-04-25T23:47:20.339+0000] {logging_mixin.py:190} INFO - [2025-04-25T23:47:20.339+0000] {dag.py:3239} INFO - Sync 1 DAGs
[2025-04-25T23:47:20.360+0000] {logging_mixin.py:190} INFO - [2025-04-25T23:47:20.360+0000] {dag.py:4180} INFO - Setting next_dagrun for example_time_delta_sensor_async to None, run_after=None
[2025-04-25T23:47:20.392+0000] {processor.py:208} INFO - Processing /home/airflow/.local/lib/python3.12/site-packages/airflow/example_dags/example_time_delta_sensor_async.py took 0.134 seconds
[2025-04-25T23:47:50.767+0000] {processor.py:186} INFO - Started process (PID=1261) to work on /home/airflow/.local/lib/python3.12/site-packages/airflow/example_dags/example_time_delta_sensor_async.py
[2025-04-25T23:47:50.769+0000] {processor.py:914} INFO - Processing file /home/airflow/.local/lib/python3.12/site-packages/airflow/example_dags/example_time_delta_sensor_async.py for tasks to queue
[2025-04-25T23:47:50.772+0000] {logging_mixin.py:190} INFO - [2025-04-25T23:47:50.772+0000] {dagbag.py:588} INFO - Filling up the DagBag from /home/airflow/.local/lib/python3.12/site-packages/airflow/example_dags/example_time_delta_sensor_async.py
[2025-04-25T23:47:50.786+0000] {processor.py:925} INFO - DAG(s) 'example_time_delta_sensor_async' retrieved from /home/airflow/.local/lib/python3.12/site-packages/airflow/example_dags/example_time_delta_sensor_async.py
[2025-04-25T23:47:50.829+0000] {logging_mixin.py:190} INFO - [2025-04-25T23:47:50.828+0000] {dag.py:3239} INFO - Sync 1 DAGs
[2025-04-25T23:47:50.863+0000] {logging_mixin.py:190} INFO - [2025-04-25T23:47:50.863+0000] {dag.py:4180} INFO - Setting next_dagrun for example_time_delta_sensor_async to None, run_after=None
[2025-04-25T23:47:50.903+0000] {processor.py:208} INFO - Processing /home/airflow/.local/lib/python3.12/site-packages/airflow/example_dags/example_time_delta_sensor_async.py took 0.149 seconds
[2025-04-25T23:48:21.080+0000] {processor.py:186} INFO - Started process (PID=1324) to work on /home/airflow/.local/lib/python3.12/site-packages/airflow/example_dags/example_time_delta_sensor_async.py
[2025-04-25T23:48:21.081+0000] {processor.py:914} INFO - Processing file /home/airflow/.local/lib/python3.12/site-packages/airflow/example_dags/example_time_delta_sensor_async.py for tasks to queue
[2025-04-25T23:48:21.085+0000] {logging_mixin.py:190} INFO - [2025-04-25T23:48:21.085+0000] {dagbag.py:588} INFO - Filling up the DagBag from /home/airflow/.local/lib/python3.12/site-packages/airflow/example_dags/example_time_delta_sensor_async.py
[2025-04-25T23:48:21.099+0000] {processor.py:925} INFO - DAG(s) 'example_time_delta_sensor_async' retrieved from /home/airflow/.local/lib/python3.12/site-packages/airflow/example_dags/example_time_delta_sensor_async.py
[2025-04-25T23:48:21.132+0000] {logging_mixin.py:190} INFO - [2025-04-25T23:48:21.132+0000] {dag.py:3239} INFO - Sync 1 DAGs
[2025-04-25T23:48:21.159+0000] {logging_mixin.py:190} INFO - [2025-04-25T23:48:21.159+0000] {dag.py:4180} INFO - Setting next_dagrun for example_time_delta_sensor_async to None, run_after=None
[2025-04-25T23:48:21.226+0000] {processor.py:208} INFO - Processing /home/airflow/.local/lib/python3.12/site-packages/airflow/example_dags/example_time_delta_sensor_async.py took 0.155 seconds
[2025-04-25T23:48:51.964+0000] {processor.py:186} INFO - Started process (PID=1386) to work on /home/airflow/.local/lib/python3.12/site-packages/airflow/example_dags/example_time_delta_sensor_async.py
[2025-04-25T23:48:51.966+0000] {processor.py:914} INFO - Processing file /home/airflow/.local/lib/python3.12/site-packages/airflow/example_dags/example_time_delta_sensor_async.py for tasks to queue
[2025-04-25T23:48:51.972+0000] {logging_mixin.py:190} INFO - [2025-04-25T23:48:51.971+0000] {dagbag.py:588} INFO - Filling up the DagBag from /home/airflow/.local/lib/python3.12/site-packages/airflow/example_dags/example_time_delta_sensor_async.py
[2025-04-25T23:48:51.984+0000] {processor.py:925} INFO - DAG(s) 'example_time_delta_sensor_async' retrieved from /home/airflow/.local/lib/python3.12/site-packages/airflow/example_dags/example_time_delta_sensor_async.py
[2025-04-25T23:48:52.009+0000] {logging_mixin.py:190} INFO - [2025-04-25T23:48:52.008+0000] {dag.py:3239} INFO - Sync 1 DAGs
[2025-04-25T23:48:52.035+0000] {logging_mixin.py:190} INFO - [2025-04-25T23:48:52.035+0000] {dag.py:4180} INFO - Setting next_dagrun for example_time_delta_sensor_async to None, run_after=None
[2025-04-25T23:48:52.069+0000] {processor.py:208} INFO - Processing /home/airflow/.local/lib/python3.12/site-packages/airflow/example_dags/example_time_delta_sensor_async.py took 0.112 seconds
[2025-04-25T23:49:22.635+0000] {processor.py:186} INFO - Started process (PID=1449) to work on /home/airflow/.local/lib/python3.12/site-packages/airflow/example_dags/example_time_delta_sensor_async.py
[2025-04-25T23:49:22.637+0000] {processor.py:914} INFO - Processing file /home/airflow/.local/lib/python3.12/site-packages/airflow/example_dags/example_time_delta_sensor_async.py for tasks to queue
[2025-04-25T23:49:22.642+0000] {logging_mixin.py:190} INFO - [2025-04-25T23:49:22.642+0000] {dagbag.py:588} INFO - Filling up the DagBag from /home/airflow/.local/lib/python3.12/site-packages/airflow/example_dags/example_time_delta_sensor_async.py
[2025-04-25T23:49:22.653+0000] {processor.py:925} INFO - DAG(s) 'example_time_delta_sensor_async' retrieved from /home/airflow/.local/lib/python3.12/site-packages/airflow/example_dags/example_time_delta_sensor_async.py
[2025-04-25T23:49:22.690+0000] {logging_mixin.py:190} INFO - [2025-04-25T23:49:22.690+0000] {dag.py:3239} INFO - Sync 1 DAGs
[2025-04-25T23:49:22.716+0000] {logging_mixin.py:190} INFO - [2025-04-25T23:49:22.715+0000] {dag.py:4180} INFO - Setting next_dagrun for example_time_delta_sensor_async to None, run_after=None
[2025-04-25T23:49:22.752+0000] {processor.py:208} INFO - Processing /home/airflow/.local/lib/python3.12/site-packages/airflow/example_dags/example_time_delta_sensor_async.py took 0.129 seconds
[2025-04-25T23:49:52.863+0000] {processor.py:186} INFO - Started process (PID=1511) to work on /home/airflow/.local/lib/python3.12/site-packages/airflow/example_dags/example_time_delta_sensor_async.py
[2025-04-25T23:49:52.864+0000] {processor.py:914} INFO - Processing file /home/airflow/.local/lib/python3.12/site-packages/airflow/example_dags/example_time_delta_sensor_async.py for tasks to queue
[2025-04-25T23:49:52.867+0000] {logging_mixin.py:190} INFO - [2025-04-25T23:49:52.867+0000] {dagbag.py:588} INFO - Filling up the DagBag from /home/airflow/.local/lib/python3.12/site-packages/airflow/example_dags/example_time_delta_sensor_async.py
[2025-04-25T23:49:52.879+0000] {processor.py:925} INFO - DAG(s) 'example_time_delta_sensor_async' retrieved from /home/airflow/.local/lib/python3.12/site-packages/airflow/example_dags/example_time_delta_sensor_async.py
[2025-04-25T23:49:52.911+0000] {logging_mixin.py:190} INFO - [2025-04-25T23:49:52.910+0000] {dag.py:3239} INFO - Sync 1 DAGs
[2025-04-25T23:49:52.936+0000] {logging_mixin.py:190} INFO - [2025-04-25T23:49:52.936+0000] {dag.py:4180} INFO - Setting next_dagrun for example_time_delta_sensor_async to None, run_after=None
[2025-04-25T23:49:52.962+0000] {processor.py:208} INFO - Processing /home/airflow/.local/lib/python3.12/site-packages/airflow/example_dags/example_time_delta_sensor_async.py took 0.107 seconds
[2025-04-25T23:50:23.039+0000] {processor.py:186} INFO - Started process (PID=1575) to work on /home/airflow/.local/lib/python3.12/site-packages/airflow/example_dags/example_time_delta_sensor_async.py
[2025-04-25T23:50:23.041+0000] {processor.py:914} INFO - Processing file /home/airflow/.local/lib/python3.12/site-packages/airflow/example_dags/example_time_delta_sensor_async.py for tasks to queue
[2025-04-25T23:50:23.045+0000] {logging_mixin.py:190} INFO - [2025-04-25T23:50:23.045+0000] {dagbag.py:588} INFO - Filling up the DagBag from /home/airflow/.local/lib/python3.12/site-packages/airflow/example_dags/example_time_delta_sensor_async.py
[2025-04-25T23:50:23.057+0000] {processor.py:925} INFO - DAG(s) 'example_time_delta_sensor_async' retrieved from /home/airflow/.local/lib/python3.12/site-packages/airflow/example_dags/example_time_delta_sensor_async.py
[2025-04-25T23:50:23.095+0000] {logging_mixin.py:190} INFO - [2025-04-25T23:50:23.095+0000] {dag.py:3239} INFO - Sync 1 DAGs
[2025-04-25T23:50:23.127+0000] {logging_mixin.py:190} INFO - [2025-04-25T23:50:23.127+0000] {dag.py:4180} INFO - Setting next_dagrun for example_time_delta_sensor_async to None, run_after=None
[2025-04-25T23:50:23.182+0000] {processor.py:208} INFO - Processing /home/airflow/.local/lib/python3.12/site-packages/airflow/example_dags/example_time_delta_sensor_async.py took 0.153 seconds
[2025-04-25T23:50:53.614+0000] {processor.py:186} INFO - Started process (PID=1637) to work on /home/airflow/.local/lib/python3.12/site-packages/airflow/example_dags/example_time_delta_sensor_async.py
[2025-04-25T23:50:53.616+0000] {processor.py:914} INFO - Processing file /home/airflow/.local/lib/python3.12/site-packages/airflow/example_dags/example_time_delta_sensor_async.py for tasks to queue
[2025-04-25T23:50:53.620+0000] {logging_mixin.py:190} INFO - [2025-04-25T23:50:53.619+0000] {dagbag.py:588} INFO - Filling up the DagBag from /home/airflow/.local/lib/python3.12/site-packages/airflow/example_dags/example_time_delta_sensor_async.py
[2025-04-25T23:50:53.630+0000] {processor.py:925} INFO - DAG(s) 'example_time_delta_sensor_async' retrieved from /home/airflow/.local/lib/python3.12/site-packages/airflow/example_dags/example_time_delta_sensor_async.py
[2025-04-25T23:50:53.688+0000] {logging_mixin.py:190} INFO - [2025-04-25T23:50:53.688+0000] {dag.py:3239} INFO - Sync 1 DAGs
[2025-04-25T23:50:53.723+0000] {logging_mixin.py:190} INFO - [2025-04-25T23:50:53.723+0000] {dag.py:4180} INFO - Setting next_dagrun for example_time_delta_sensor_async to None, run_after=None
[2025-04-25T23:50:53.811+0000] {processor.py:208} INFO - Processing /home/airflow/.local/lib/python3.12/site-packages/airflow/example_dags/example_time_delta_sensor_async.py took 0.206 seconds
[2025-04-25T23:51:28.385+0000] {processor.py:186} INFO - Started process (PID=1700) to work on /home/airflow/.local/lib/python3.12/site-packages/airflow/example_dags/example_time_delta_sensor_async.py
[2025-04-25T23:51:28.388+0000] {processor.py:914} INFO - Processing file /home/airflow/.local/lib/python3.12/site-packages/airflow/example_dags/example_time_delta_sensor_async.py for tasks to queue
[2025-04-25T23:51:28.394+0000] {logging_mixin.py:190} INFO - [2025-04-25T23:51:28.393+0000] {dagbag.py:588} INFO - Filling up the DagBag from /home/airflow/.local/lib/python3.12/site-packages/airflow/example_dags/example_time_delta_sensor_async.py
[2025-04-25T23:51:28.407+0000] {processor.py:925} INFO - DAG(s) 'example_time_delta_sensor_async' retrieved from /home/airflow/.local/lib/python3.12/site-packages/airflow/example_dags/example_time_delta_sensor_async.py
[2025-04-25T23:51:28.463+0000] {logging_mixin.py:190} INFO - [2025-04-25T23:51:28.462+0000] {dag.py:3239} INFO - Sync 1 DAGs
[2025-04-25T23:51:28.495+0000] {logging_mixin.py:190} INFO - [2025-04-25T23:51:28.494+0000] {dag.py:4180} INFO - Setting next_dagrun for example_time_delta_sensor_async to None, run_after=None
[2025-04-25T23:51:28.543+0000] {processor.py:208} INFO - Processing /home/airflow/.local/lib/python3.12/site-packages/airflow/example_dags/example_time_delta_sensor_async.py took 0.167 seconds
[2025-04-25T23:51:59.340+0000] {processor.py:186} INFO - Started process (PID=1763) to work on /home/airflow/.local/lib/python3.12/site-packages/airflow/example_dags/example_time_delta_sensor_async.py
[2025-04-25T23:51:59.343+0000] {processor.py:914} INFO - Processing file /home/airflow/.local/lib/python3.12/site-packages/airflow/example_dags/example_time_delta_sensor_async.py for tasks to queue
[2025-04-25T23:51:59.347+0000] {logging_mixin.py:190} INFO - [2025-04-25T23:51:59.346+0000] {dagbag.py:588} INFO - Filling up the DagBag from /home/airflow/.local/lib/python3.12/site-packages/airflow/example_dags/example_time_delta_sensor_async.py
[2025-04-25T23:51:59.355+0000] {processor.py:925} INFO - DAG(s) 'example_time_delta_sensor_async' retrieved from /home/airflow/.local/lib/python3.12/site-packages/airflow/example_dags/example_time_delta_sensor_async.py
[2025-04-25T23:51:59.390+0000] {logging_mixin.py:190} INFO - [2025-04-25T23:51:59.389+0000] {dag.py:3239} INFO - Sync 1 DAGs
[2025-04-25T23:51:59.410+0000] {logging_mixin.py:190} INFO - [2025-04-25T23:51:59.410+0000] {dag.py:4180} INFO - Setting next_dagrun for example_time_delta_sensor_async to None, run_after=None
[2025-04-25T23:51:59.442+0000] {processor.py:208} INFO - Processing /home/airflow/.local/lib/python3.12/site-packages/airflow/example_dags/example_time_delta_sensor_async.py took 0.110 seconds
[2025-04-25T23:52:30.054+0000] {processor.py:186} INFO - Started process (PID=1833) to work on /home/airflow/.local/lib/python3.12/site-packages/airflow/example_dags/example_time_delta_sensor_async.py
[2025-04-25T23:52:30.057+0000] {processor.py:914} INFO - Processing file /home/airflow/.local/lib/python3.12/site-packages/airflow/example_dags/example_time_delta_sensor_async.py for tasks to queue
[2025-04-25T23:52:30.060+0000] {logging_mixin.py:190} INFO - [2025-04-25T23:52:30.059+0000] {dagbag.py:588} INFO - Filling up the DagBag from /home/airflow/.local/lib/python3.12/site-packages/airflow/example_dags/example_time_delta_sensor_async.py
[2025-04-25T23:52:30.074+0000] {processor.py:925} INFO - DAG(s) 'example_time_delta_sensor_async' retrieved from /home/airflow/.local/lib/python3.12/site-packages/airflow/example_dags/example_time_delta_sensor_async.py
[2025-04-25T23:52:30.114+0000] {logging_mixin.py:190} INFO - [2025-04-25T23:52:30.114+0000] {dag.py:3239} INFO - Sync 1 DAGs
[2025-04-25T23:52:30.147+0000] {logging_mixin.py:190} INFO - [2025-04-25T23:52:30.143+0000] {dag.py:4180} INFO - Setting next_dagrun for example_time_delta_sensor_async to None, run_after=None
[2025-04-25T23:52:30.185+0000] {processor.py:208} INFO - Processing /home/airflow/.local/lib/python3.12/site-packages/airflow/example_dags/example_time_delta_sensor_async.py took 0.139 seconds
[2025-04-25T23:53:00.649+0000] {processor.py:186} INFO - Started process (PID=1898) to work on /home/airflow/.local/lib/python3.12/site-packages/airflow/example_dags/example_time_delta_sensor_async.py
[2025-04-25T23:53:00.650+0000] {processor.py:914} INFO - Processing file /home/airflow/.local/lib/python3.12/site-packages/airflow/example_dags/example_time_delta_sensor_async.py for tasks to queue
[2025-04-25T23:53:00.654+0000] {logging_mixin.py:190} INFO - [2025-04-25T23:53:00.654+0000] {dagbag.py:588} INFO - Filling up the DagBag from /home/airflow/.local/lib/python3.12/site-packages/airflow/example_dags/example_time_delta_sensor_async.py
[2025-04-25T23:53:00.668+0000] {processor.py:925} INFO - DAG(s) 'example_time_delta_sensor_async' retrieved from /home/airflow/.local/lib/python3.12/site-packages/airflow/example_dags/example_time_delta_sensor_async.py
[2025-04-25T23:53:00.704+0000] {logging_mixin.py:190} INFO - [2025-04-25T23:53:00.703+0000] {dag.py:3239} INFO - Sync 1 DAGs
[2025-04-25T23:53:00.732+0000] {logging_mixin.py:190} INFO - [2025-04-25T23:53:00.732+0000] {dag.py:4180} INFO - Setting next_dagrun for example_time_delta_sensor_async to None, run_after=None
[2025-04-25T23:53:00.761+0000] {processor.py:208} INFO - Processing /home/airflow/.local/lib/python3.12/site-packages/airflow/example_dags/example_time_delta_sensor_async.py took 0.121 seconds
[2025-04-25T23:53:32.140+0000] {processor.py:186} INFO - Started process (PID=1962) to work on /home/airflow/.local/lib/python3.12/site-packages/airflow/example_dags/example_time_delta_sensor_async.py
[2025-04-25T23:53:32.141+0000] {processor.py:914} INFO - Processing file /home/airflow/.local/lib/python3.12/site-packages/airflow/example_dags/example_time_delta_sensor_async.py for tasks to queue
[2025-04-25T23:53:32.145+0000] {logging_mixin.py:190} INFO - [2025-04-25T23:53:32.145+0000] {dagbag.py:588} INFO - Filling up the DagBag from /home/airflow/.local/lib/python3.12/site-packages/airflow/example_dags/example_time_delta_sensor_async.py
[2025-04-25T23:53:32.153+0000] {processor.py:925} INFO - DAG(s) 'example_time_delta_sensor_async' retrieved from /home/airflow/.local/lib/python3.12/site-packages/airflow/example_dags/example_time_delta_sensor_async.py
[2025-04-25T23:53:32.186+0000] {logging_mixin.py:190} INFO - [2025-04-25T23:53:32.185+0000] {dag.py:3239} INFO - Sync 1 DAGs
[2025-04-25T23:53:32.212+0000] {logging_mixin.py:190} INFO - [2025-04-25T23:53:32.212+0000] {dag.py:4180} INFO - Setting next_dagrun for example_time_delta_sensor_async to None, run_after=None
[2025-04-25T23:53:32.244+0000] {processor.py:208} INFO - Processing /home/airflow/.local/lib/python3.12/site-packages/airflow/example_dags/example_time_delta_sensor_async.py took 0.112 seconds
[2025-04-25T23:54:04.731+0000] {processor.py:186} INFO - Started process (PID=2026) to work on /home/airflow/.local/lib/python3.12/site-packages/airflow/example_dags/example_time_delta_sensor_async.py
[2025-04-25T23:54:04.735+0000] {processor.py:914} INFO - Processing file /home/airflow/.local/lib/python3.12/site-packages/airflow/example_dags/example_time_delta_sensor_async.py for tasks to queue
[2025-04-25T23:54:04.738+0000] {logging_mixin.py:190} INFO - [2025-04-25T23:54:04.737+0000] {dagbag.py:588} INFO - Filling up the DagBag from /home/airflow/.local/lib/python3.12/site-packages/airflow/example_dags/example_time_delta_sensor_async.py
[2025-04-25T23:54:04.749+0000] {processor.py:925} INFO - DAG(s) 'example_time_delta_sensor_async' retrieved from /home/airflow/.local/lib/python3.12/site-packages/airflow/example_dags/example_time_delta_sensor_async.py
[2025-04-25T23:54:04.790+0000] {logging_mixin.py:190} INFO - [2025-04-25T23:54:04.789+0000] {dag.py:3239} INFO - Sync 1 DAGs
[2025-04-25T23:54:04.817+0000] {logging_mixin.py:190} INFO - [2025-04-25T23:54:04.816+0000] {dag.py:4180} INFO - Setting next_dagrun for example_time_delta_sensor_async to None, run_after=None
[2025-04-25T23:54:04.855+0000] {processor.py:208} INFO - Processing /home/airflow/.local/lib/python3.12/site-packages/airflow/example_dags/example_time_delta_sensor_async.py took 0.134 seconds
[2025-04-25T23:54:35.357+0000] {processor.py:186} INFO - Started process (PID=2090) to work on /home/airflow/.local/lib/python3.12/site-packages/airflow/example_dags/example_time_delta_sensor_async.py
[2025-04-25T23:54:35.359+0000] {processor.py:914} INFO - Processing file /home/airflow/.local/lib/python3.12/site-packages/airflow/example_dags/example_time_delta_sensor_async.py for tasks to queue
[2025-04-25T23:54:35.363+0000] {logging_mixin.py:190} INFO - [2025-04-25T23:54:35.362+0000] {dagbag.py:588} INFO - Filling up the DagBag from /home/airflow/.local/lib/python3.12/site-packages/airflow/example_dags/example_time_delta_sensor_async.py
[2025-04-25T23:54:35.375+0000] {processor.py:925} INFO - DAG(s) 'example_time_delta_sensor_async' retrieved from /home/airflow/.local/lib/python3.12/site-packages/airflow/example_dags/example_time_delta_sensor_async.py
[2025-04-25T23:54:35.408+0000] {logging_mixin.py:190} INFO - [2025-04-25T23:54:35.407+0000] {dag.py:3239} INFO - Sync 1 DAGs
[2025-04-25T23:54:35.437+0000] {logging_mixin.py:190} INFO - [2025-04-25T23:54:35.435+0000] {dag.py:4180} INFO - Setting next_dagrun for example_time_delta_sensor_async to None, run_after=None
[2025-04-25T23:54:35.470+0000] {processor.py:208} INFO - Processing /home/airflow/.local/lib/python3.12/site-packages/airflow/example_dags/example_time_delta_sensor_async.py took 0.120 seconds
[2025-04-25T23:55:06.294+0000] {processor.py:186} INFO - Started process (PID=2154) to work on /home/airflow/.local/lib/python3.12/site-packages/airflow/example_dags/example_time_delta_sensor_async.py
[2025-04-25T23:55:06.297+0000] {processor.py:914} INFO - Processing file /home/airflow/.local/lib/python3.12/site-packages/airflow/example_dags/example_time_delta_sensor_async.py for tasks to queue
[2025-04-25T23:55:06.302+0000] {logging_mixin.py:190} INFO - [2025-04-25T23:55:06.302+0000] {dagbag.py:588} INFO - Filling up the DagBag from /home/airflow/.local/lib/python3.12/site-packages/airflow/example_dags/example_time_delta_sensor_async.py
[2025-04-25T23:55:06.319+0000] {processor.py:925} INFO - DAG(s) 'example_time_delta_sensor_async' retrieved from /home/airflow/.local/lib/python3.12/site-packages/airflow/example_dags/example_time_delta_sensor_async.py
[2025-04-25T23:55:06.392+0000] {logging_mixin.py:190} INFO - [2025-04-25T23:55:06.391+0000] {dag.py:3239} INFO - Sync 1 DAGs
[2025-04-25T23:55:06.423+0000] {logging_mixin.py:190} INFO - [2025-04-25T23:55:06.422+0000] {dag.py:4180} INFO - Setting next_dagrun for example_time_delta_sensor_async to None, run_after=None
[2025-04-25T23:55:06.465+0000] {processor.py:208} INFO - Processing /home/airflow/.local/lib/python3.12/site-packages/airflow/example_dags/example_time_delta_sensor_async.py took 0.180 seconds
[2025-04-25T23:55:37.567+0000] {processor.py:186} INFO - Started process (PID=2218) to work on /home/airflow/.local/lib/python3.12/site-packages/airflow/example_dags/example_time_delta_sensor_async.py
[2025-04-25T23:55:37.568+0000] {processor.py:914} INFO - Processing file /home/airflow/.local/lib/python3.12/site-packages/airflow/example_dags/example_time_delta_sensor_async.py for tasks to queue
[2025-04-25T23:55:37.571+0000] {logging_mixin.py:190} INFO - [2025-04-25T23:55:37.571+0000] {dagbag.py:588} INFO - Filling up the DagBag from /home/airflow/.local/lib/python3.12/site-packages/airflow/example_dags/example_time_delta_sensor_async.py
[2025-04-25T23:55:37.582+0000] {processor.py:925} INFO - DAG(s) 'example_time_delta_sensor_async' retrieved from /home/airflow/.local/lib/python3.12/site-packages/airflow/example_dags/example_time_delta_sensor_async.py
[2025-04-25T23:55:37.617+0000] {logging_mixin.py:190} INFO - [2025-04-25T23:55:37.617+0000] {dag.py:3239} INFO - Sync 1 DAGs
[2025-04-25T23:55:37.637+0000] {logging_mixin.py:190} INFO - [2025-04-25T23:55:37.637+0000] {dag.py:4180} INFO - Setting next_dagrun for example_time_delta_sensor_async to None, run_after=None
[2025-04-25T23:55:37.659+0000] {processor.py:208} INFO - Processing /home/airflow/.local/lib/python3.12/site-packages/airflow/example_dags/example_time_delta_sensor_async.py took 0.099 seconds
[2025-04-25T23:56:10.376+0000] {processor.py:186} INFO - Started process (PID=2282) to work on /home/airflow/.local/lib/python3.12/site-packages/airflow/example_dags/example_time_delta_sensor_async.py
[2025-04-25T23:56:10.378+0000] {processor.py:914} INFO - Processing file /home/airflow/.local/lib/python3.12/site-packages/airflow/example_dags/example_time_delta_sensor_async.py for tasks to queue
[2025-04-25T23:56:10.381+0000] {logging_mixin.py:190} INFO - [2025-04-25T23:56:10.381+0000] {dagbag.py:588} INFO - Filling up the DagBag from /home/airflow/.local/lib/python3.12/site-packages/airflow/example_dags/example_time_delta_sensor_async.py
[2025-04-25T23:56:10.391+0000] {processor.py:925} INFO - DAG(s) 'example_time_delta_sensor_async' retrieved from /home/airflow/.local/lib/python3.12/site-packages/airflow/example_dags/example_time_delta_sensor_async.py
[2025-04-25T23:56:10.420+0000] {logging_mixin.py:190} INFO - [2025-04-25T23:56:10.420+0000] {dag.py:3239} INFO - Sync 1 DAGs
[2025-04-25T23:56:10.451+0000] {logging_mixin.py:190} INFO - [2025-04-25T23:56:10.451+0000] {dag.py:4180} INFO - Setting next_dagrun for example_time_delta_sensor_async to None, run_after=None
[2025-04-25T23:56:10.491+0000] {processor.py:208} INFO - Processing /home/airflow/.local/lib/python3.12/site-packages/airflow/example_dags/example_time_delta_sensor_async.py took 0.128 seconds
[2025-04-25T23:56:41.994+0000] {processor.py:186} INFO - Started process (PID=2347) to work on /home/airflow/.local/lib/python3.12/site-packages/airflow/example_dags/example_time_delta_sensor_async.py
[2025-04-25T23:56:41.995+0000] {processor.py:914} INFO - Processing file /home/airflow/.local/lib/python3.12/site-packages/airflow/example_dags/example_time_delta_sensor_async.py for tasks to queue
[2025-04-25T23:56:41.996+0000] {logging_mixin.py:190} INFO - [2025-04-25T23:56:41.996+0000] {dagbag.py:588} INFO - Filling up the DagBag from /home/airflow/.local/lib/python3.12/site-packages/airflow/example_dags/example_time_delta_sensor_async.py
[2025-04-25T23:56:42.004+0000] {processor.py:925} INFO - DAG(s) 'example_time_delta_sensor_async' retrieved from /home/airflow/.local/lib/python3.12/site-packages/airflow/example_dags/example_time_delta_sensor_async.py
[2025-04-25T23:56:42.027+0000] {logging_mixin.py:190} INFO - [2025-04-25T23:56:42.027+0000] {dag.py:3239} INFO - Sync 1 DAGs
[2025-04-25T23:56:42.044+0000] {logging_mixin.py:190} INFO - [2025-04-25T23:56:42.044+0000] {dag.py:4180} INFO - Setting next_dagrun for example_time_delta_sensor_async to None, run_after=None
[2025-04-25T23:56:42.063+0000] {processor.py:208} INFO - Processing /home/airflow/.local/lib/python3.12/site-packages/airflow/example_dags/example_time_delta_sensor_async.py took 0.075 seconds
[2025-04-25T23:57:12.703+0000] {processor.py:186} INFO - Started process (PID=2410) to work on /home/airflow/.local/lib/python3.12/site-packages/airflow/example_dags/example_time_delta_sensor_async.py
[2025-04-25T23:57:12.705+0000] {processor.py:914} INFO - Processing file /home/airflow/.local/lib/python3.12/site-packages/airflow/example_dags/example_time_delta_sensor_async.py for tasks to queue
[2025-04-25T23:57:12.707+0000] {logging_mixin.py:190} INFO - [2025-04-25T23:57:12.707+0000] {dagbag.py:588} INFO - Filling up the DagBag from /home/airflow/.local/lib/python3.12/site-packages/airflow/example_dags/example_time_delta_sensor_async.py
[2025-04-25T23:57:12.715+0000] {processor.py:925} INFO - DAG(s) 'example_time_delta_sensor_async' retrieved from /home/airflow/.local/lib/python3.12/site-packages/airflow/example_dags/example_time_delta_sensor_async.py
[2025-04-25T23:57:12.747+0000] {logging_mixin.py:190} INFO - [2025-04-25T23:57:12.746+0000] {dag.py:3239} INFO - Sync 1 DAGs
[2025-04-25T23:57:12.766+0000] {logging_mixin.py:190} INFO - [2025-04-25T23:57:12.765+0000] {dag.py:4180} INFO - Setting next_dagrun for example_time_delta_sensor_async to None, run_after=None
[2025-04-25T23:57:12.793+0000] {processor.py:208} INFO - Processing /home/airflow/.local/lib/python3.12/site-packages/airflow/example_dags/example_time_delta_sensor_async.py took 0.097 seconds
[2025-04-25T23:58:49.596+0000] {processor.py:186} INFO - Started process (PID=2480) to work on /home/airflow/.local/lib/python3.12/site-packages/airflow/example_dags/example_time_delta_sensor_async.py
[2025-04-25T23:58:49.600+0000] {processor.py:914} INFO - Processing file /home/airflow/.local/lib/python3.12/site-packages/airflow/example_dags/example_time_delta_sensor_async.py for tasks to queue
[2025-04-25T23:58:49.610+0000] {logging_mixin.py:190} INFO - [2025-04-25T23:58:49.606+0000] {dagbag.py:588} INFO - Filling up the DagBag from /home/airflow/.local/lib/python3.12/site-packages/airflow/example_dags/example_time_delta_sensor_async.py
[2025-04-25T23:58:49.649+0000] {processor.py:925} INFO - DAG(s) 'example_time_delta_sensor_async' retrieved from /home/airflow/.local/lib/python3.12/site-packages/airflow/example_dags/example_time_delta_sensor_async.py
[2025-04-25T23:58:49.794+0000] {logging_mixin.py:190} INFO - [2025-04-25T23:58:49.794+0000] {dag.py:3239} INFO - Sync 1 DAGs
[2025-04-25T23:58:49.875+0000] {logging_mixin.py:190} INFO - [2025-04-25T23:58:49.875+0000] {dag.py:4180} INFO - Setting next_dagrun for example_time_delta_sensor_async to None, run_after=None
[2025-04-25T23:58:50.012+0000] {processor.py:208} INFO - Processing /home/airflow/.local/lib/python3.12/site-packages/airflow/example_dags/example_time_delta_sensor_async.py took 0.448 seconds
[2025-04-25T23:59:20.528+0000] {processor.py:186} INFO - Started process (PID=2545) to work on /home/airflow/.local/lib/python3.12/site-packages/airflow/example_dags/example_time_delta_sensor_async.py
[2025-04-25T23:59:20.530+0000] {processor.py:914} INFO - Processing file /home/airflow/.local/lib/python3.12/site-packages/airflow/example_dags/example_time_delta_sensor_async.py for tasks to queue
[2025-04-25T23:59:20.532+0000] {logging_mixin.py:190} INFO - [2025-04-25T23:59:20.531+0000] {dagbag.py:588} INFO - Filling up the DagBag from /home/airflow/.local/lib/python3.12/site-packages/airflow/example_dags/example_time_delta_sensor_async.py
[2025-04-25T23:59:20.543+0000] {processor.py:925} INFO - DAG(s) 'example_time_delta_sensor_async' retrieved from /home/airflow/.local/lib/python3.12/site-packages/airflow/example_dags/example_time_delta_sensor_async.py
[2025-04-25T23:59:20.576+0000] {logging_mixin.py:190} INFO - [2025-04-25T23:59:20.576+0000] {dag.py:3239} INFO - Sync 1 DAGs
[2025-04-25T23:59:20.608+0000] {logging_mixin.py:190} INFO - [2025-04-25T23:59:20.607+0000] {dag.py:4180} INFO - Setting next_dagrun for example_time_delta_sensor_async to None, run_after=None
[2025-04-25T23:59:20.655+0000] {processor.py:208} INFO - Processing /home/airflow/.local/lib/python3.12/site-packages/airflow/example_dags/example_time_delta_sensor_async.py took 0.140 seconds
[2025-04-25T23:59:57.117+0000] {processor.py:186} INFO - Started process (PID=2609) to work on /home/airflow/.local/lib/python3.12/site-packages/airflow/example_dags/example_time_delta_sensor_async.py
[2025-04-25T23:59:57.126+0000] {processor.py:914} INFO - Processing file /home/airflow/.local/lib/python3.12/site-packages/airflow/example_dags/example_time_delta_sensor_async.py for tasks to queue
[2025-04-25T23:59:57.132+0000] {logging_mixin.py:190} INFO - [2025-04-25T23:59:57.132+0000] {dagbag.py:588} INFO - Filling up the DagBag from /home/airflow/.local/lib/python3.12/site-packages/airflow/example_dags/example_time_delta_sensor_async.py
[2025-04-25T23:59:57.196+0000] {processor.py:925} INFO - DAG(s) 'example_time_delta_sensor_async' retrieved from /home/airflow/.local/lib/python3.12/site-packages/airflow/example_dags/example_time_delta_sensor_async.py
[2025-04-25T23:59:57.296+0000] {logging_mixin.py:190} INFO - [2025-04-25T23:59:57.294+0000] {dag.py:3239} INFO - Sync 1 DAGs
[2025-04-25T23:59:57.343+0000] {logging_mixin.py:190} INFO - [2025-04-25T23:59:57.342+0000] {dag.py:4180} INFO - Setting next_dagrun for example_time_delta_sensor_async to None, run_after=None
[2025-04-25T23:59:57.466+0000] {processor.py:208} INFO - Processing /home/airflow/.local/lib/python3.12/site-packages/airflow/example_dags/example_time_delta_sensor_async.py took 0.396 seconds
