[2025-04-25T23:33:18.403+0000] {processor.py:186} INFO - Started process (PID=132) to work on /home/airflow/.local/lib/python3.12/site-packages/airflow/example_dags/example_local_kubernetes_executor.py
[2025-04-25T23:33:18.408+0000] {processor.py:914} INFO - Processing file /home/airflow/.local/lib/python3.12/site-packages/airflow/example_dags/example_local_kubernetes_executor.py for tasks to queue
[2025-04-25T23:33:18.419+0000] {logging_mixin.py:190} INFO - [2025-04-25T23:33:18.418+0000] {dagbag.py:588} INFO - Filling up the DagBag from /home/airflow/.local/lib/python3.12/site-packages/airflow/example_dags/example_local_kubernetes_executor.py
[2025-04-25T23:33:18.500+0000] {processor.py:925} INFO - DAG(s) 'example_local_kubernetes_executor' retrieved from /home/airflow/.local/lib/python3.12/site-packages/airflow/example_dags/example_local_kubernetes_executor.py
[2025-04-25T23:33:19.282+0000] {logging_mixin.py:190} INFO - [2025-04-25T23:33:19.277+0000] {override.py:1911} INFO - Created Permission View: can delete on DAG:example_local_kubernetes_executor
[2025-04-25T23:33:19.313+0000] {logging_mixin.py:190} INFO - [2025-04-25T23:33:19.313+0000] {override.py:1911} INFO - Created Permission View: can read on DAG:example_local_kubernetes_executor
[2025-04-25T23:33:19.332+0000] {logging_mixin.py:190} INFO - [2025-04-25T23:33:19.331+0000] {override.py:1911} INFO - Created Permission View: can edit on DAG:example_local_kubernetes_executor
[2025-04-25T23:33:19.354+0000] {logging_mixin.py:190} INFO - [2025-04-25T23:33:19.354+0000] {override.py:1911} INFO - Created Permission View: can create on DAG Run:example_local_kubernetes_executor
[2025-04-25T23:33:19.373+0000] {logging_mixin.py:190} INFO - [2025-04-25T23:33:19.372+0000] {override.py:1911} INFO - Created Permission View: can delete on DAG Run:example_local_kubernetes_executor
[2025-04-25T23:33:19.391+0000] {logging_mixin.py:190} INFO - [2025-04-25T23:33:19.390+0000] {override.py:1911} INFO - Created Permission View: can read on DAG Run:example_local_kubernetes_executor
[2025-04-25T23:33:19.433+0000] {logging_mixin.py:190} INFO - [2025-04-25T23:33:19.432+0000] {override.py:1911} INFO - Created Permission View: menu access on DAG Run:example_local_kubernetes_executor
[2025-04-25T23:33:19.434+0000] {logging_mixin.py:190} INFO - [2025-04-25T23:33:19.434+0000] {dag.py:3239} INFO - Sync 1 DAGs
[2025-04-25T23:33:19.520+0000] {logging_mixin.py:190} INFO - [2025-04-25T23:33:19.512+0000] {dag.py:3262} INFO - Creating ORM DAG for example_local_kubernetes_executor
[2025-04-25T23:33:19.526+0000] {logging_mixin.py:190} INFO - [2025-04-25T23:33:19.525+0000] {dag.py:4180} INFO - Setting next_dagrun for example_local_kubernetes_executor to None, run_after=None
[2025-04-25T23:33:19.601+0000] {processor.py:208} INFO - Processing /home/airflow/.local/lib/python3.12/site-packages/airflow/example_dags/example_local_kubernetes_executor.py took 1.272 seconds
[2025-04-25T23:33:50.077+0000] {processor.py:186} INFO - Started process (PID=194) to work on /home/airflow/.local/lib/python3.12/site-packages/airflow/example_dags/example_local_kubernetes_executor.py
[2025-04-25T23:33:50.078+0000] {processor.py:914} INFO - Processing file /home/airflow/.local/lib/python3.12/site-packages/airflow/example_dags/example_local_kubernetes_executor.py for tasks to queue
[2025-04-25T23:33:50.087+0000] {logging_mixin.py:190} INFO - [2025-04-25T23:33:50.086+0000] {dagbag.py:588} INFO - Filling up the DagBag from /home/airflow/.local/lib/python3.12/site-packages/airflow/example_dags/example_local_kubernetes_executor.py
[2025-04-25T23:33:50.144+0000] {processor.py:925} INFO - DAG(s) 'example_local_kubernetes_executor' retrieved from /home/airflow/.local/lib/python3.12/site-packages/airflow/example_dags/example_local_kubernetes_executor.py
[2025-04-25T23:33:50.234+0000] {logging_mixin.py:190} INFO - [2025-04-25T23:33:50.234+0000] {dag.py:3239} INFO - Sync 1 DAGs
[2025-04-25T23:33:50.272+0000] {logging_mixin.py:190} INFO - [2025-04-25T23:33:50.271+0000] {dag.py:4180} INFO - Setting next_dagrun for example_local_kubernetes_executor to None, run_after=None
[2025-04-25T23:33:50.311+0000] {processor.py:208} INFO - Processing /home/airflow/.local/lib/python3.12/site-packages/airflow/example_dags/example_local_kubernetes_executor.py took 0.255 seconds
[2025-04-25T23:34:54.662+0000] {processor.py:186} INFO - Started process (PID=256) to work on /home/airflow/.local/lib/python3.12/site-packages/airflow/example_dags/example_local_kubernetes_executor.py
[2025-04-25T23:34:54.666+0000] {processor.py:914} INFO - Processing file /home/airflow/.local/lib/python3.12/site-packages/airflow/example_dags/example_local_kubernetes_executor.py for tasks to queue
[2025-04-25T23:34:54.677+0000] {logging_mixin.py:190} INFO - [2025-04-25T23:34:54.676+0000] {dagbag.py:588} INFO - Filling up the DagBag from /home/airflow/.local/lib/python3.12/site-packages/airflow/example_dags/example_local_kubernetes_executor.py
[2025-04-25T23:34:54.734+0000] {processor.py:925} INFO - DAG(s) 'example_local_kubernetes_executor' retrieved from /home/airflow/.local/lib/python3.12/site-packages/airflow/example_dags/example_local_kubernetes_executor.py
[2025-04-25T23:34:54.860+0000] {logging_mixin.py:190} INFO - [2025-04-25T23:34:54.857+0000] {dag.py:3239} INFO - Sync 1 DAGs
[2025-04-25T23:34:55.097+0000] {logging_mixin.py:190} INFO - [2025-04-25T23:34:55.095+0000] {dag.py:4180} INFO - Setting next_dagrun for example_local_kubernetes_executor to None, run_after=None
[2025-04-25T23:34:55.345+0000] {processor.py:208} INFO - Processing /home/airflow/.local/lib/python3.12/site-packages/airflow/example_dags/example_local_kubernetes_executor.py took 0.702 seconds
[2025-04-25T23:37:54.938+0000] {processor.py:186} INFO - Started process (PID=108) to work on /home/airflow/.local/lib/python3.12/site-packages/airflow/example_dags/example_local_kubernetes_executor.py
[2025-04-25T23:37:54.943+0000] {processor.py:914} INFO - Processing file /home/airflow/.local/lib/python3.12/site-packages/airflow/example_dags/example_local_kubernetes_executor.py for tasks to queue
[2025-04-25T23:37:54.948+0000] {logging_mixin.py:190} INFO - [2025-04-25T23:37:54.947+0000] {dagbag.py:588} INFO - Filling up the DagBag from /home/airflow/.local/lib/python3.12/site-packages/airflow/example_dags/example_local_kubernetes_executor.py
[2025-04-25T23:37:54.993+0000] {processor.py:925} INFO - DAG(s) 'example_local_kubernetes_executor' retrieved from /home/airflow/.local/lib/python3.12/site-packages/airflow/example_dags/example_local_kubernetes_executor.py
[2025-04-25T23:37:55.079+0000] {logging_mixin.py:190} INFO - [2025-04-25T23:37:55.079+0000] {dag.py:3239} INFO - Sync 1 DAGs
[2025-04-25T23:37:55.121+0000] {logging_mixin.py:190} INFO - [2025-04-25T23:37:55.120+0000] {dag.py:4180} INFO - Setting next_dagrun for example_local_kubernetes_executor to None, run_after=None
[2025-04-25T23:37:55.156+0000] {processor.py:208} INFO - Processing /home/airflow/.local/lib/python3.12/site-packages/airflow/example_dags/example_local_kubernetes_executor.py took 0.230 seconds
[2025-04-25T23:38:25.275+0000] {processor.py:186} INFO - Started process (PID=170) to work on /home/airflow/.local/lib/python3.12/site-packages/airflow/example_dags/example_local_kubernetes_executor.py
[2025-04-25T23:38:25.277+0000] {processor.py:914} INFO - Processing file /home/airflow/.local/lib/python3.12/site-packages/airflow/example_dags/example_local_kubernetes_executor.py for tasks to queue
[2025-04-25T23:38:25.282+0000] {logging_mixin.py:190} INFO - [2025-04-25T23:38:25.281+0000] {dagbag.py:588} INFO - Filling up the DagBag from /home/airflow/.local/lib/python3.12/site-packages/airflow/example_dags/example_local_kubernetes_executor.py
[2025-04-25T23:38:25.310+0000] {processor.py:925} INFO - DAG(s) 'example_local_kubernetes_executor' retrieved from /home/airflow/.local/lib/python3.12/site-packages/airflow/example_dags/example_local_kubernetes_executor.py
[2025-04-25T23:38:25.354+0000] {logging_mixin.py:190} INFO - [2025-04-25T23:38:25.354+0000] {dag.py:3239} INFO - Sync 1 DAGs
[2025-04-25T23:38:25.386+0000] {logging_mixin.py:190} INFO - [2025-04-25T23:38:25.386+0000] {dag.py:4180} INFO - Setting next_dagrun for example_local_kubernetes_executor to None, run_after=None
[2025-04-25T23:38:25.421+0000] {processor.py:208} INFO - Processing /home/airflow/.local/lib/python3.12/site-packages/airflow/example_dags/example_local_kubernetes_executor.py took 0.164 seconds
[2025-04-25T23:38:56.464+0000] {processor.py:186} INFO - Started process (PID=233) to work on /home/airflow/.local/lib/python3.12/site-packages/airflow/example_dags/example_local_kubernetes_executor.py
[2025-04-25T23:38:56.466+0000] {processor.py:914} INFO - Processing file /home/airflow/.local/lib/python3.12/site-packages/airflow/example_dags/example_local_kubernetes_executor.py for tasks to queue
[2025-04-25T23:38:56.471+0000] {logging_mixin.py:190} INFO - [2025-04-25T23:38:56.470+0000] {dagbag.py:588} INFO - Filling up the DagBag from /home/airflow/.local/lib/python3.12/site-packages/airflow/example_dags/example_local_kubernetes_executor.py
[2025-04-25T23:38:56.488+0000] {processor.py:925} INFO - DAG(s) 'example_local_kubernetes_executor' retrieved from /home/airflow/.local/lib/python3.12/site-packages/airflow/example_dags/example_local_kubernetes_executor.py
[2025-04-25T23:38:56.524+0000] {logging_mixin.py:190} INFO - [2025-04-25T23:38:56.523+0000] {dag.py:3239} INFO - Sync 1 DAGs
[2025-04-25T23:38:56.547+0000] {logging_mixin.py:190} INFO - [2025-04-25T23:38:56.546+0000] {dag.py:4180} INFO - Setting next_dagrun for example_local_kubernetes_executor to None, run_after=None
[2025-04-25T23:38:56.576+0000] {processor.py:208} INFO - Processing /home/airflow/.local/lib/python3.12/site-packages/airflow/example_dags/example_local_kubernetes_executor.py took 0.125 seconds
[2025-04-25T23:39:38.216+0000] {processor.py:186} INFO - Started process (PID=296) to work on /home/airflow/.local/lib/python3.12/site-packages/airflow/example_dags/example_local_kubernetes_executor.py
[2025-04-25T23:39:38.219+0000] {processor.py:914} INFO - Processing file /home/airflow/.local/lib/python3.12/site-packages/airflow/example_dags/example_local_kubernetes_executor.py for tasks to queue
[2025-04-25T23:39:38.228+0000] {logging_mixin.py:190} INFO - [2025-04-25T23:39:38.228+0000] {dagbag.py:588} INFO - Filling up the DagBag from /home/airflow/.local/lib/python3.12/site-packages/airflow/example_dags/example_local_kubernetes_executor.py
[2025-04-25T23:39:38.400+0000] {processor.py:925} INFO - DAG(s) 'example_local_kubernetes_executor' retrieved from /home/airflow/.local/lib/python3.12/site-packages/airflow/example_dags/example_local_kubernetes_executor.py
[2025-04-25T23:39:38.865+0000] {logging_mixin.py:190} INFO - [2025-04-25T23:39:38.864+0000] {dag.py:3239} INFO - Sync 1 DAGs
[2025-04-25T23:39:38.900+0000] {logging_mixin.py:190} INFO - [2025-04-25T23:39:38.899+0000] {dag.py:4180} INFO - Setting next_dagrun for example_local_kubernetes_executor to None, run_after=None
[2025-04-25T23:39:39.113+0000] {processor.py:208} INFO - Processing /home/airflow/.local/lib/python3.12/site-packages/airflow/example_dags/example_local_kubernetes_executor.py took 0.966 seconds
[2025-04-25T23:40:09.686+0000] {processor.py:186} INFO - Started process (PID=359) to work on /home/airflow/.local/lib/python3.12/site-packages/airflow/example_dags/example_local_kubernetes_executor.py
[2025-04-25T23:40:09.690+0000] {processor.py:914} INFO - Processing file /home/airflow/.local/lib/python3.12/site-packages/airflow/example_dags/example_local_kubernetes_executor.py for tasks to queue
[2025-04-25T23:40:09.694+0000] {logging_mixin.py:190} INFO - [2025-04-25T23:40:09.694+0000] {dagbag.py:588} INFO - Filling up the DagBag from /home/airflow/.local/lib/python3.12/site-packages/airflow/example_dags/example_local_kubernetes_executor.py
[2025-04-25T23:40:09.716+0000] {processor.py:925} INFO - DAG(s) 'example_local_kubernetes_executor' retrieved from /home/airflow/.local/lib/python3.12/site-packages/airflow/example_dags/example_local_kubernetes_executor.py
[2025-04-25T23:40:09.750+0000] {logging_mixin.py:190} INFO - [2025-04-25T23:40:09.749+0000] {dag.py:3239} INFO - Sync 1 DAGs
[2025-04-25T23:40:09.772+0000] {logging_mixin.py:190} INFO - [2025-04-25T23:40:09.771+0000] {dag.py:4180} INFO - Setting next_dagrun for example_local_kubernetes_executor to None, run_after=None
[2025-04-25T23:40:09.798+0000] {processor.py:208} INFO - Processing /home/airflow/.local/lib/python3.12/site-packages/airflow/example_dags/example_local_kubernetes_executor.py took 0.133 seconds
[2025-04-25T23:40:40.338+0000] {processor.py:186} INFO - Started process (PID=422) to work on /home/airflow/.local/lib/python3.12/site-packages/airflow/example_dags/example_local_kubernetes_executor.py
[2025-04-25T23:40:40.339+0000] {processor.py:914} INFO - Processing file /home/airflow/.local/lib/python3.12/site-packages/airflow/example_dags/example_local_kubernetes_executor.py for tasks to queue
[2025-04-25T23:40:40.343+0000] {logging_mixin.py:190} INFO - [2025-04-25T23:40:40.343+0000] {dagbag.py:588} INFO - Filling up the DagBag from /home/airflow/.local/lib/python3.12/site-packages/airflow/example_dags/example_local_kubernetes_executor.py
[2025-04-25T23:40:40.359+0000] {processor.py:925} INFO - DAG(s) 'example_local_kubernetes_executor' retrieved from /home/airflow/.local/lib/python3.12/site-packages/airflow/example_dags/example_local_kubernetes_executor.py
[2025-04-25T23:40:40.395+0000] {logging_mixin.py:190} INFO - [2025-04-25T23:40:40.394+0000] {dag.py:3239} INFO - Sync 1 DAGs
[2025-04-25T23:40:40.419+0000] {logging_mixin.py:190} INFO - [2025-04-25T23:40:40.419+0000] {dag.py:4180} INFO - Setting next_dagrun for example_local_kubernetes_executor to None, run_after=None
[2025-04-25T23:40:40.452+0000] {processor.py:208} INFO - Processing /home/airflow/.local/lib/python3.12/site-packages/airflow/example_dags/example_local_kubernetes_executor.py took 0.128 seconds
[2025-04-25T23:41:10.493+0000] {processor.py:186} INFO - Started process (PID=485) to work on /home/airflow/.local/lib/python3.12/site-packages/airflow/example_dags/example_local_kubernetes_executor.py
[2025-04-25T23:41:10.494+0000] {processor.py:914} INFO - Processing file /home/airflow/.local/lib/python3.12/site-packages/airflow/example_dags/example_local_kubernetes_executor.py for tasks to queue
[2025-04-25T23:41:10.499+0000] {logging_mixin.py:190} INFO - [2025-04-25T23:41:10.498+0000] {dagbag.py:588} INFO - Filling up the DagBag from /home/airflow/.local/lib/python3.12/site-packages/airflow/example_dags/example_local_kubernetes_executor.py
[2025-04-25T23:41:10.510+0000] {processor.py:925} INFO - DAG(s) 'example_local_kubernetes_executor' retrieved from /home/airflow/.local/lib/python3.12/site-packages/airflow/example_dags/example_local_kubernetes_executor.py
[2025-04-25T23:41:10.545+0000] {logging_mixin.py:190} INFO - [2025-04-25T23:41:10.544+0000] {dag.py:3239} INFO - Sync 1 DAGs
[2025-04-25T23:41:10.567+0000] {logging_mixin.py:190} INFO - [2025-04-25T23:41:10.566+0000] {dag.py:4180} INFO - Setting next_dagrun for example_local_kubernetes_executor to None, run_after=None
[2025-04-25T23:41:10.598+0000] {processor.py:208} INFO - Processing /home/airflow/.local/lib/python3.12/site-packages/airflow/example_dags/example_local_kubernetes_executor.py took 0.119 seconds
[2025-04-25T23:41:41.444+0000] {processor.py:186} INFO - Started process (PID=547) to work on /home/airflow/.local/lib/python3.12/site-packages/airflow/example_dags/example_local_kubernetes_executor.py
[2025-04-25T23:41:41.448+0000] {processor.py:914} INFO - Processing file /home/airflow/.local/lib/python3.12/site-packages/airflow/example_dags/example_local_kubernetes_executor.py for tasks to queue
[2025-04-25T23:41:41.459+0000] {logging_mixin.py:190} INFO - [2025-04-25T23:41:41.458+0000] {dagbag.py:588} INFO - Filling up the DagBag from /home/airflow/.local/lib/python3.12/site-packages/airflow/example_dags/example_local_kubernetes_executor.py
[2025-04-25T23:41:41.487+0000] {processor.py:925} INFO - DAG(s) 'example_local_kubernetes_executor' retrieved from /home/airflow/.local/lib/python3.12/site-packages/airflow/example_dags/example_local_kubernetes_executor.py
[2025-04-25T23:41:41.551+0000] {logging_mixin.py:190} INFO - [2025-04-25T23:41:41.551+0000] {dag.py:3239} INFO - Sync 1 DAGs
[2025-04-25T23:41:41.589+0000] {logging_mixin.py:190} INFO - [2025-04-25T23:41:41.588+0000] {dag.py:4180} INFO - Setting next_dagrun for example_local_kubernetes_executor to None, run_after=None
[2025-04-25T23:41:41.632+0000] {processor.py:208} INFO - Processing /home/airflow/.local/lib/python3.12/site-packages/airflow/example_dags/example_local_kubernetes_executor.py took 0.203 seconds
[2025-04-25T23:42:12.306+0000] {processor.py:186} INFO - Started process (PID=610) to work on /home/airflow/.local/lib/python3.12/site-packages/airflow/example_dags/example_local_kubernetes_executor.py
[2025-04-25T23:42:12.307+0000] {processor.py:914} INFO - Processing file /home/airflow/.local/lib/python3.12/site-packages/airflow/example_dags/example_local_kubernetes_executor.py for tasks to queue
[2025-04-25T23:42:12.310+0000] {logging_mixin.py:190} INFO - [2025-04-25T23:42:12.310+0000] {dagbag.py:588} INFO - Filling up the DagBag from /home/airflow/.local/lib/python3.12/site-packages/airflow/example_dags/example_local_kubernetes_executor.py
[2025-04-25T23:42:12.322+0000] {processor.py:925} INFO - DAG(s) 'example_local_kubernetes_executor' retrieved from /home/airflow/.local/lib/python3.12/site-packages/airflow/example_dags/example_local_kubernetes_executor.py
[2025-04-25T23:42:12.348+0000] {logging_mixin.py:190} INFO - [2025-04-25T23:42:12.348+0000] {dag.py:3239} INFO - Sync 1 DAGs
[2025-04-25T23:42:12.370+0000] {logging_mixin.py:190} INFO - [2025-04-25T23:42:12.369+0000] {dag.py:4180} INFO - Setting next_dagrun for example_local_kubernetes_executor to None, run_after=None
[2025-04-25T23:42:12.394+0000] {processor.py:208} INFO - Processing /home/airflow/.local/lib/python3.12/site-packages/airflow/example_dags/example_local_kubernetes_executor.py took 0.096 seconds
[2025-04-25T23:42:42.725+0000] {processor.py:186} INFO - Started process (PID=673) to work on /home/airflow/.local/lib/python3.12/site-packages/airflow/example_dags/example_local_kubernetes_executor.py
[2025-04-25T23:42:42.728+0000] {processor.py:914} INFO - Processing file /home/airflow/.local/lib/python3.12/site-packages/airflow/example_dags/example_local_kubernetes_executor.py for tasks to queue
[2025-04-25T23:42:42.732+0000] {logging_mixin.py:190} INFO - [2025-04-25T23:42:42.732+0000] {dagbag.py:588} INFO - Filling up the DagBag from /home/airflow/.local/lib/python3.12/site-packages/airflow/example_dags/example_local_kubernetes_executor.py
[2025-04-25T23:42:42.747+0000] {processor.py:925} INFO - DAG(s) 'example_local_kubernetes_executor' retrieved from /home/airflow/.local/lib/python3.12/site-packages/airflow/example_dags/example_local_kubernetes_executor.py
[2025-04-25T23:42:42.793+0000] {logging_mixin.py:190} INFO - [2025-04-25T23:42:42.793+0000] {dag.py:3239} INFO - Sync 1 DAGs
[2025-04-25T23:42:42.817+0000] {logging_mixin.py:190} INFO - [2025-04-25T23:42:42.817+0000] {dag.py:4180} INFO - Setting next_dagrun for example_local_kubernetes_executor to None, run_after=None
[2025-04-25T23:42:42.853+0000] {processor.py:208} INFO - Processing /home/airflow/.local/lib/python3.12/site-packages/airflow/example_dags/example_local_kubernetes_executor.py took 0.138 seconds
[2025-04-25T23:43:27.032+0000] {processor.py:186} INFO - Started process (PID=741) to work on /home/airflow/.local/lib/python3.12/site-packages/airflow/example_dags/example_local_kubernetes_executor.py
[2025-04-25T23:43:27.035+0000] {processor.py:914} INFO - Processing file /home/airflow/.local/lib/python3.12/site-packages/airflow/example_dags/example_local_kubernetes_executor.py for tasks to queue
[2025-04-25T23:43:27.040+0000] {logging_mixin.py:190} INFO - [2025-04-25T23:43:27.040+0000] {dagbag.py:588} INFO - Filling up the DagBag from /home/airflow/.local/lib/python3.12/site-packages/airflow/example_dags/example_local_kubernetes_executor.py
[2025-04-25T23:43:27.065+0000] {processor.py:925} INFO - DAG(s) 'example_local_kubernetes_executor' retrieved from /home/airflow/.local/lib/python3.12/site-packages/airflow/example_dags/example_local_kubernetes_executor.py
[2025-04-25T23:43:27.101+0000] {logging_mixin.py:190} INFO - [2025-04-25T23:43:27.101+0000] {dag.py:3239} INFO - Sync 1 DAGs
[2025-04-25T23:43:27.149+0000] {logging_mixin.py:190} INFO - [2025-04-25T23:43:27.149+0000] {dag.py:4180} INFO - Setting next_dagrun for example_local_kubernetes_executor to None, run_after=None
[2025-04-25T23:43:27.199+0000] {processor.py:208} INFO - Processing /home/airflow/.local/lib/python3.12/site-packages/airflow/example_dags/example_local_kubernetes_executor.py took 0.184 seconds
[2025-04-25T23:43:57.822+0000] {processor.py:186} INFO - Started process (PID=804) to work on /home/airflow/.local/lib/python3.12/site-packages/airflow/example_dags/example_local_kubernetes_executor.py
[2025-04-25T23:43:57.824+0000] {processor.py:914} INFO - Processing file /home/airflow/.local/lib/python3.12/site-packages/airflow/example_dags/example_local_kubernetes_executor.py for tasks to queue
[2025-04-25T23:43:57.827+0000] {logging_mixin.py:190} INFO - [2025-04-25T23:43:57.827+0000] {dagbag.py:588} INFO - Filling up the DagBag from /home/airflow/.local/lib/python3.12/site-packages/airflow/example_dags/example_local_kubernetes_executor.py
[2025-04-25T23:43:57.844+0000] {processor.py:925} INFO - DAG(s) 'example_local_kubernetes_executor' retrieved from /home/airflow/.local/lib/python3.12/site-packages/airflow/example_dags/example_local_kubernetes_executor.py
[2025-04-25T23:43:57.877+0000] {logging_mixin.py:190} INFO - [2025-04-25T23:43:57.877+0000] {dag.py:3239} INFO - Sync 1 DAGs
[2025-04-25T23:43:57.897+0000] {logging_mixin.py:190} INFO - [2025-04-25T23:43:57.897+0000] {dag.py:4180} INFO - Setting next_dagrun for example_local_kubernetes_executor to None, run_after=None
[2025-04-25T23:43:57.934+0000] {processor.py:208} INFO - Processing /home/airflow/.local/lib/python3.12/site-packages/airflow/example_dags/example_local_kubernetes_executor.py took 0.120 seconds
[2025-04-25T23:44:28.223+0000] {processor.py:186} INFO - Started process (PID=867) to work on /home/airflow/.local/lib/python3.12/site-packages/airflow/example_dags/example_local_kubernetes_executor.py
[2025-04-25T23:44:28.225+0000] {processor.py:914} INFO - Processing file /home/airflow/.local/lib/python3.12/site-packages/airflow/example_dags/example_local_kubernetes_executor.py for tasks to queue
[2025-04-25T23:44:28.229+0000] {logging_mixin.py:190} INFO - [2025-04-25T23:44:28.228+0000] {dagbag.py:588} INFO - Filling up the DagBag from /home/airflow/.local/lib/python3.12/site-packages/airflow/example_dags/example_local_kubernetes_executor.py
[2025-04-25T23:44:28.245+0000] {processor.py:925} INFO - DAG(s) 'example_local_kubernetes_executor' retrieved from /home/airflow/.local/lib/python3.12/site-packages/airflow/example_dags/example_local_kubernetes_executor.py
[2025-04-25T23:44:28.274+0000] {logging_mixin.py:190} INFO - [2025-04-25T23:44:28.273+0000] {dag.py:3239} INFO - Sync 1 DAGs
[2025-04-25T23:44:28.293+0000] {logging_mixin.py:190} INFO - [2025-04-25T23:44:28.293+0000] {dag.py:4180} INFO - Setting next_dagrun for example_local_kubernetes_executor to None, run_after=None
[2025-04-25T23:44:28.325+0000] {processor.py:208} INFO - Processing /home/airflow/.local/lib/python3.12/site-packages/airflow/example_dags/example_local_kubernetes_executor.py took 0.111 seconds
[2025-04-25T23:44:58.688+0000] {processor.py:186} INFO - Started process (PID=930) to work on /home/airflow/.local/lib/python3.12/site-packages/airflow/example_dags/example_local_kubernetes_executor.py
[2025-04-25T23:44:58.691+0000] {processor.py:914} INFO - Processing file /home/airflow/.local/lib/python3.12/site-packages/airflow/example_dags/example_local_kubernetes_executor.py for tasks to queue
[2025-04-25T23:44:58.704+0000] {logging_mixin.py:190} INFO - [2025-04-25T23:44:58.702+0000] {dagbag.py:588} INFO - Filling up the DagBag from /home/airflow/.local/lib/python3.12/site-packages/airflow/example_dags/example_local_kubernetes_executor.py
[2025-04-25T23:44:58.745+0000] {processor.py:925} INFO - DAG(s) 'example_local_kubernetes_executor' retrieved from /home/airflow/.local/lib/python3.12/site-packages/airflow/example_dags/example_local_kubernetes_executor.py
[2025-04-25T23:44:58.836+0000] {logging_mixin.py:190} INFO - [2025-04-25T23:44:58.835+0000] {dag.py:3239} INFO - Sync 1 DAGs
[2025-04-25T23:44:58.887+0000] {logging_mixin.py:190} INFO - [2025-04-25T23:44:58.887+0000] {dag.py:4180} INFO - Setting next_dagrun for example_local_kubernetes_executor to None, run_after=None
[2025-04-25T23:44:58.956+0000] {processor.py:208} INFO - Processing /home/airflow/.local/lib/python3.12/site-packages/airflow/example_dags/example_local_kubernetes_executor.py took 0.317 seconds
[2025-04-25T23:45:29.027+0000] {processor.py:186} INFO - Started process (PID=993) to work on /home/airflow/.local/lib/python3.12/site-packages/airflow/example_dags/example_local_kubernetes_executor.py
[2025-04-25T23:45:29.028+0000] {processor.py:914} INFO - Processing file /home/airflow/.local/lib/python3.12/site-packages/airflow/example_dags/example_local_kubernetes_executor.py for tasks to queue
[2025-04-25T23:45:29.033+0000] {logging_mixin.py:190} INFO - [2025-04-25T23:45:29.032+0000] {dagbag.py:588} INFO - Filling up the DagBag from /home/airflow/.local/lib/python3.12/site-packages/airflow/example_dags/example_local_kubernetes_executor.py
[2025-04-25T23:45:29.052+0000] {processor.py:925} INFO - DAG(s) 'example_local_kubernetes_executor' retrieved from /home/airflow/.local/lib/python3.12/site-packages/airflow/example_dags/example_local_kubernetes_executor.py
[2025-04-25T23:45:29.095+0000] {logging_mixin.py:190} INFO - [2025-04-25T23:45:29.094+0000] {dag.py:3239} INFO - Sync 1 DAGs
[2025-04-25T23:45:29.114+0000] {logging_mixin.py:190} INFO - [2025-04-25T23:45:29.114+0000] {dag.py:4180} INFO - Setting next_dagrun for example_local_kubernetes_executor to None, run_after=None
[2025-04-25T23:45:29.150+0000] {processor.py:208} INFO - Processing /home/airflow/.local/lib/python3.12/site-packages/airflow/example_dags/example_local_kubernetes_executor.py took 0.137 seconds
[2025-04-25T23:45:59.840+0000] {processor.py:186} INFO - Started process (PID=1055) to work on /home/airflow/.local/lib/python3.12/site-packages/airflow/example_dags/example_local_kubernetes_executor.py
[2025-04-25T23:45:59.841+0000] {processor.py:914} INFO - Processing file /home/airflow/.local/lib/python3.12/site-packages/airflow/example_dags/example_local_kubernetes_executor.py for tasks to queue
[2025-04-25T23:45:59.848+0000] {logging_mixin.py:190} INFO - [2025-04-25T23:45:59.846+0000] {dagbag.py:588} INFO - Filling up the DagBag from /home/airflow/.local/lib/python3.12/site-packages/airflow/example_dags/example_local_kubernetes_executor.py
[2025-04-25T23:45:59.870+0000] {processor.py:925} INFO - DAG(s) 'example_local_kubernetes_executor' retrieved from /home/airflow/.local/lib/python3.12/site-packages/airflow/example_dags/example_local_kubernetes_executor.py
[2025-04-25T23:45:59.923+0000] {logging_mixin.py:190} INFO - [2025-04-25T23:45:59.923+0000] {dag.py:3239} INFO - Sync 1 DAGs
[2025-04-25T23:45:59.957+0000] {logging_mixin.py:190} INFO - [2025-04-25T23:45:59.956+0000] {dag.py:4180} INFO - Setting next_dagrun for example_local_kubernetes_executor to None, run_after=None
[2025-04-25T23:45:59.992+0000] {processor.py:208} INFO - Processing /home/airflow/.local/lib/python3.12/site-packages/airflow/example_dags/example_local_kubernetes_executor.py took 0.165 seconds
[2025-04-25T23:46:44.494+0000] {processor.py:186} INFO - Started process (PID=1117) to work on /home/airflow/.local/lib/python3.12/site-packages/airflow/example_dags/example_local_kubernetes_executor.py
[2025-04-25T23:46:44.524+0000] {processor.py:914} INFO - Processing file /home/airflow/.local/lib/python3.12/site-packages/airflow/example_dags/example_local_kubernetes_executor.py for tasks to queue
[2025-04-25T23:46:44.532+0000] {logging_mixin.py:190} INFO - [2025-04-25T23:46:44.531+0000] {dagbag.py:588} INFO - Filling up the DagBag from /home/airflow/.local/lib/python3.12/site-packages/airflow/example_dags/example_local_kubernetes_executor.py
[2025-04-25T23:46:44.577+0000] {processor.py:925} INFO - DAG(s) 'example_local_kubernetes_executor' retrieved from /home/airflow/.local/lib/python3.12/site-packages/airflow/example_dags/example_local_kubernetes_executor.py
[2025-04-25T23:46:44.677+0000] {logging_mixin.py:190} INFO - [2025-04-25T23:46:44.676+0000] {dag.py:3239} INFO - Sync 1 DAGs
[2025-04-25T23:46:44.733+0000] {logging_mixin.py:190} INFO - [2025-04-25T23:46:44.732+0000] {dag.py:4180} INFO - Setting next_dagrun for example_local_kubernetes_executor to None, run_after=None
[2025-04-25T23:46:44.792+0000] {processor.py:208} INFO - Processing /home/airflow/.local/lib/python3.12/site-packages/airflow/example_dags/example_local_kubernetes_executor.py took 0.311 seconds
[2025-04-25T23:47:15.315+0000] {processor.py:186} INFO - Started process (PID=1180) to work on /home/airflow/.local/lib/python3.12/site-packages/airflow/example_dags/example_local_kubernetes_executor.py
[2025-04-25T23:47:15.316+0000] {processor.py:914} INFO - Processing file /home/airflow/.local/lib/python3.12/site-packages/airflow/example_dags/example_local_kubernetes_executor.py for tasks to queue
[2025-04-25T23:47:15.319+0000] {logging_mixin.py:190} INFO - [2025-04-25T23:47:15.318+0000] {dagbag.py:588} INFO - Filling up the DagBag from /home/airflow/.local/lib/python3.12/site-packages/airflow/example_dags/example_local_kubernetes_executor.py
[2025-04-25T23:47:15.332+0000] {processor.py:925} INFO - DAG(s) 'example_local_kubernetes_executor' retrieved from /home/airflow/.local/lib/python3.12/site-packages/airflow/example_dags/example_local_kubernetes_executor.py
[2025-04-25T23:47:15.361+0000] {logging_mixin.py:190} INFO - [2025-04-25T23:47:15.361+0000] {dag.py:3239} INFO - Sync 1 DAGs
[2025-04-25T23:47:15.382+0000] {logging_mixin.py:190} INFO - [2025-04-25T23:47:15.382+0000] {dag.py:4180} INFO - Setting next_dagrun for example_local_kubernetes_executor to None, run_after=None
[2025-04-25T23:47:15.410+0000] {processor.py:208} INFO - Processing /home/airflow/.local/lib/python3.12/site-packages/airflow/example_dags/example_local_kubernetes_executor.py took 0.105 seconds
[2025-04-25T23:47:46.305+0000] {processor.py:186} INFO - Started process (PID=1243) to work on /home/airflow/.local/lib/python3.12/site-packages/airflow/example_dags/example_local_kubernetes_executor.py
[2025-04-25T23:47:46.306+0000] {processor.py:914} INFO - Processing file /home/airflow/.local/lib/python3.12/site-packages/airflow/example_dags/example_local_kubernetes_executor.py for tasks to queue
[2025-04-25T23:47:46.311+0000] {logging_mixin.py:190} INFO - [2025-04-25T23:47:46.310+0000] {dagbag.py:588} INFO - Filling up the DagBag from /home/airflow/.local/lib/python3.12/site-packages/airflow/example_dags/example_local_kubernetes_executor.py
[2025-04-25T23:47:46.328+0000] {processor.py:925} INFO - DAG(s) 'example_local_kubernetes_executor' retrieved from /home/airflow/.local/lib/python3.12/site-packages/airflow/example_dags/example_local_kubernetes_executor.py
[2025-04-25T23:47:46.360+0000] {logging_mixin.py:190} INFO - [2025-04-25T23:47:46.360+0000] {dag.py:3239} INFO - Sync 1 DAGs
[2025-04-25T23:47:46.390+0000] {logging_mixin.py:190} INFO - [2025-04-25T23:47:46.389+0000] {dag.py:4180} INFO - Setting next_dagrun for example_local_kubernetes_executor to None, run_after=None
[2025-04-25T23:47:46.420+0000] {processor.py:208} INFO - Processing /home/airflow/.local/lib/python3.12/site-packages/airflow/example_dags/example_local_kubernetes_executor.py took 0.124 seconds
[2025-04-25T23:48:17.070+0000] {processor.py:186} INFO - Started process (PID=1308) to work on /home/airflow/.local/lib/python3.12/site-packages/airflow/example_dags/example_local_kubernetes_executor.py
[2025-04-25T23:48:17.071+0000] {processor.py:914} INFO - Processing file /home/airflow/.local/lib/python3.12/site-packages/airflow/example_dags/example_local_kubernetes_executor.py for tasks to queue
[2025-04-25T23:48:17.074+0000] {logging_mixin.py:190} INFO - [2025-04-25T23:48:17.073+0000] {dagbag.py:588} INFO - Filling up the DagBag from /home/airflow/.local/lib/python3.12/site-packages/airflow/example_dags/example_local_kubernetes_executor.py
[2025-04-25T23:48:17.085+0000] {processor.py:925} INFO - DAG(s) 'example_local_kubernetes_executor' retrieved from /home/airflow/.local/lib/python3.12/site-packages/airflow/example_dags/example_local_kubernetes_executor.py
[2025-04-25T23:48:17.117+0000] {logging_mixin.py:190} INFO - [2025-04-25T23:48:17.116+0000] {dag.py:3239} INFO - Sync 1 DAGs
[2025-04-25T23:48:17.146+0000] {logging_mixin.py:190} INFO - [2025-04-25T23:48:17.146+0000] {dag.py:4180} INFO - Setting next_dagrun for example_local_kubernetes_executor to None, run_after=None
[2025-04-25T23:48:17.173+0000] {processor.py:208} INFO - Processing /home/airflow/.local/lib/python3.12/site-packages/airflow/example_dags/example_local_kubernetes_executor.py took 0.112 seconds
[2025-04-25T23:48:48.392+0000] {processor.py:186} INFO - Started process (PID=1371) to work on /home/airflow/.local/lib/python3.12/site-packages/airflow/example_dags/example_local_kubernetes_executor.py
[2025-04-25T23:48:48.394+0000] {processor.py:914} INFO - Processing file /home/airflow/.local/lib/python3.12/site-packages/airflow/example_dags/example_local_kubernetes_executor.py for tasks to queue
[2025-04-25T23:48:48.403+0000] {logging_mixin.py:190} INFO - [2025-04-25T23:48:48.398+0000] {dagbag.py:588} INFO - Filling up the DagBag from /home/airflow/.local/lib/python3.12/site-packages/airflow/example_dags/example_local_kubernetes_executor.py
[2025-04-25T23:48:48.430+0000] {processor.py:925} INFO - DAG(s) 'example_local_kubernetes_executor' retrieved from /home/airflow/.local/lib/python3.12/site-packages/airflow/example_dags/example_local_kubernetes_executor.py
[2025-04-25T23:48:48.497+0000] {logging_mixin.py:190} INFO - [2025-04-25T23:48:48.496+0000] {dag.py:3239} INFO - Sync 1 DAGs
[2025-04-25T23:48:48.566+0000] {logging_mixin.py:190} INFO - [2025-04-25T23:48:48.565+0000] {dag.py:4180} INFO - Setting next_dagrun for example_local_kubernetes_executor to None, run_after=None
[2025-04-25T23:48:48.634+0000] {processor.py:208} INFO - Processing /home/airflow/.local/lib/python3.12/site-packages/airflow/example_dags/example_local_kubernetes_executor.py took 0.254 seconds
[2025-04-25T23:49:19.479+0000] {processor.py:186} INFO - Started process (PID=1436) to work on /home/airflow/.local/lib/python3.12/site-packages/airflow/example_dags/example_local_kubernetes_executor.py
[2025-04-25T23:49:19.481+0000] {processor.py:914} INFO - Processing file /home/airflow/.local/lib/python3.12/site-packages/airflow/example_dags/example_local_kubernetes_executor.py for tasks to queue
[2025-04-25T23:49:19.485+0000] {logging_mixin.py:190} INFO - [2025-04-25T23:49:19.484+0000] {dagbag.py:588} INFO - Filling up the DagBag from /home/airflow/.local/lib/python3.12/site-packages/airflow/example_dags/example_local_kubernetes_executor.py
[2025-04-25T23:49:19.502+0000] {processor.py:925} INFO - DAG(s) 'example_local_kubernetes_executor' retrieved from /home/airflow/.local/lib/python3.12/site-packages/airflow/example_dags/example_local_kubernetes_executor.py
[2025-04-25T23:49:19.553+0000] {logging_mixin.py:190} INFO - [2025-04-25T23:49:19.553+0000] {dag.py:3239} INFO - Sync 1 DAGs
[2025-04-25T23:49:19.597+0000] {logging_mixin.py:190} INFO - [2025-04-25T23:49:19.596+0000] {dag.py:4180} INFO - Setting next_dagrun for example_local_kubernetes_executor to None, run_after=None
[2025-04-25T23:49:19.650+0000] {processor.py:208} INFO - Processing /home/airflow/.local/lib/python3.12/site-packages/airflow/example_dags/example_local_kubernetes_executor.py took 0.183 seconds
[2025-04-25T23:49:50.199+0000] {processor.py:186} INFO - Started process (PID=1499) to work on /home/airflow/.local/lib/python3.12/site-packages/airflow/example_dags/example_local_kubernetes_executor.py
[2025-04-25T23:49:50.201+0000] {processor.py:914} INFO - Processing file /home/airflow/.local/lib/python3.12/site-packages/airflow/example_dags/example_local_kubernetes_executor.py for tasks to queue
[2025-04-25T23:49:50.209+0000] {logging_mixin.py:190} INFO - [2025-04-25T23:49:50.209+0000] {dagbag.py:588} INFO - Filling up the DagBag from /home/airflow/.local/lib/python3.12/site-packages/airflow/example_dags/example_local_kubernetes_executor.py
[2025-04-25T23:49:50.233+0000] {processor.py:925} INFO - DAG(s) 'example_local_kubernetes_executor' retrieved from /home/airflow/.local/lib/python3.12/site-packages/airflow/example_dags/example_local_kubernetes_executor.py
[2025-04-25T23:49:50.283+0000] {logging_mixin.py:190} INFO - [2025-04-25T23:49:50.283+0000] {dag.py:3239} INFO - Sync 1 DAGs
[2025-04-25T23:49:50.311+0000] {logging_mixin.py:190} INFO - [2025-04-25T23:49:50.311+0000] {dag.py:4180} INFO - Setting next_dagrun for example_local_kubernetes_executor to None, run_after=None
[2025-04-25T23:49:50.353+0000] {processor.py:208} INFO - Processing /home/airflow/.local/lib/python3.12/site-packages/airflow/example_dags/example_local_kubernetes_executor.py took 0.162 seconds
[2025-04-25T23:50:20.898+0000] {processor.py:186} INFO - Started process (PID=1565) to work on /home/airflow/.local/lib/python3.12/site-packages/airflow/example_dags/example_local_kubernetes_executor.py
[2025-04-25T23:50:20.900+0000] {processor.py:914} INFO - Processing file /home/airflow/.local/lib/python3.12/site-packages/airflow/example_dags/example_local_kubernetes_executor.py for tasks to queue
[2025-04-25T23:50:20.903+0000] {logging_mixin.py:190} INFO - [2025-04-25T23:50:20.903+0000] {dagbag.py:588} INFO - Filling up the DagBag from /home/airflow/.local/lib/python3.12/site-packages/airflow/example_dags/example_local_kubernetes_executor.py
[2025-04-25T23:50:20.915+0000] {processor.py:925} INFO - DAG(s) 'example_local_kubernetes_executor' retrieved from /home/airflow/.local/lib/python3.12/site-packages/airflow/example_dags/example_local_kubernetes_executor.py
[2025-04-25T23:50:20.953+0000] {logging_mixin.py:190} INFO - [2025-04-25T23:50:20.952+0000] {dag.py:3239} INFO - Sync 1 DAGs
[2025-04-25T23:50:20.975+0000] {logging_mixin.py:190} INFO - [2025-04-25T23:50:20.975+0000] {dag.py:4180} INFO - Setting next_dagrun for example_local_kubernetes_executor to None, run_after=None
[2025-04-25T23:50:21.003+0000] {processor.py:208} INFO - Processing /home/airflow/.local/lib/python3.12/site-packages/airflow/example_dags/example_local_kubernetes_executor.py took 0.113 seconds
[2025-04-25T23:50:51.554+0000] {processor.py:186} INFO - Started process (PID=1627) to work on /home/airflow/.local/lib/python3.12/site-packages/airflow/example_dags/example_local_kubernetes_executor.py
[2025-04-25T23:50:51.555+0000] {processor.py:914} INFO - Processing file /home/airflow/.local/lib/python3.12/site-packages/airflow/example_dags/example_local_kubernetes_executor.py for tasks to queue
[2025-04-25T23:50:51.560+0000] {logging_mixin.py:190} INFO - [2025-04-25T23:50:51.559+0000] {dagbag.py:588} INFO - Filling up the DagBag from /home/airflow/.local/lib/python3.12/site-packages/airflow/example_dags/example_local_kubernetes_executor.py
[2025-04-25T23:50:51.576+0000] {processor.py:925} INFO - DAG(s) 'example_local_kubernetes_executor' retrieved from /home/airflow/.local/lib/python3.12/site-packages/airflow/example_dags/example_local_kubernetes_executor.py
[2025-04-25T23:50:51.628+0000] {logging_mixin.py:190} INFO - [2025-04-25T23:50:51.627+0000] {dag.py:3239} INFO - Sync 1 DAGs
[2025-04-25T23:50:51.658+0000] {logging_mixin.py:190} INFO - [2025-04-25T23:50:51.657+0000] {dag.py:4180} INFO - Setting next_dagrun for example_local_kubernetes_executor to None, run_after=None
[2025-04-25T23:50:51.708+0000] {processor.py:208} INFO - Processing /home/airflow/.local/lib/python3.12/site-packages/airflow/example_dags/example_local_kubernetes_executor.py took 0.164 seconds
[2025-04-25T23:51:27.259+0000] {processor.py:186} INFO - Started process (PID=1690) to work on /home/airflow/.local/lib/python3.12/site-packages/airflow/example_dags/example_local_kubernetes_executor.py
[2025-04-25T23:51:27.262+0000] {processor.py:914} INFO - Processing file /home/airflow/.local/lib/python3.12/site-packages/airflow/example_dags/example_local_kubernetes_executor.py for tasks to queue
[2025-04-25T23:51:27.267+0000] {logging_mixin.py:190} INFO - [2025-04-25T23:51:27.266+0000] {dagbag.py:588} INFO - Filling up the DagBag from /home/airflow/.local/lib/python3.12/site-packages/airflow/example_dags/example_local_kubernetes_executor.py
[2025-04-25T23:51:27.286+0000] {processor.py:925} INFO - DAG(s) 'example_local_kubernetes_executor' retrieved from /home/airflow/.local/lib/python3.12/site-packages/airflow/example_dags/example_local_kubernetes_executor.py
[2025-04-25T23:51:27.335+0000] {logging_mixin.py:190} INFO - [2025-04-25T23:51:27.334+0000] {dag.py:3239} INFO - Sync 1 DAGs
[2025-04-25T23:51:27.363+0000] {logging_mixin.py:190} INFO - [2025-04-25T23:51:27.362+0000] {dag.py:4180} INFO - Setting next_dagrun for example_local_kubernetes_executor to None, run_after=None
[2025-04-25T23:51:27.410+0000] {processor.py:208} INFO - Processing /home/airflow/.local/lib/python3.12/site-packages/airflow/example_dags/example_local_kubernetes_executor.py took 0.162 seconds
[2025-04-25T23:51:57.519+0000] {processor.py:186} INFO - Started process (PID=1753) to work on /home/airflow/.local/lib/python3.12/site-packages/airflow/example_dags/example_local_kubernetes_executor.py
[2025-04-25T23:51:57.520+0000] {processor.py:914} INFO - Processing file /home/airflow/.local/lib/python3.12/site-packages/airflow/example_dags/example_local_kubernetes_executor.py for tasks to queue
[2025-04-25T23:51:57.525+0000] {logging_mixin.py:190} INFO - [2025-04-25T23:51:57.524+0000] {dagbag.py:588} INFO - Filling up the DagBag from /home/airflow/.local/lib/python3.12/site-packages/airflow/example_dags/example_local_kubernetes_executor.py
[2025-04-25T23:51:57.539+0000] {processor.py:925} INFO - DAG(s) 'example_local_kubernetes_executor' retrieved from /home/airflow/.local/lib/python3.12/site-packages/airflow/example_dags/example_local_kubernetes_executor.py
[2025-04-25T23:51:57.576+0000] {logging_mixin.py:190} INFO - [2025-04-25T23:51:57.576+0000] {dag.py:3239} INFO - Sync 1 DAGs
[2025-04-25T23:51:57.600+0000] {logging_mixin.py:190} INFO - [2025-04-25T23:51:57.600+0000] {dag.py:4180} INFO - Setting next_dagrun for example_local_kubernetes_executor to None, run_after=None
[2025-04-25T23:51:57.625+0000] {processor.py:208} INFO - Processing /home/airflow/.local/lib/python3.12/site-packages/airflow/example_dags/example_local_kubernetes_executor.py took 0.115 seconds
[2025-04-25T23:52:28.153+0000] {processor.py:186} INFO - Started process (PID=1817) to work on /home/airflow/.local/lib/python3.12/site-packages/airflow/example_dags/example_local_kubernetes_executor.py
[2025-04-25T23:52:28.154+0000] {processor.py:914} INFO - Processing file /home/airflow/.local/lib/python3.12/site-packages/airflow/example_dags/example_local_kubernetes_executor.py for tasks to queue
[2025-04-25T23:52:28.160+0000] {logging_mixin.py:190} INFO - [2025-04-25T23:52:28.160+0000] {dagbag.py:588} INFO - Filling up the DagBag from /home/airflow/.local/lib/python3.12/site-packages/airflow/example_dags/example_local_kubernetes_executor.py
[2025-04-25T23:52:28.179+0000] {processor.py:925} INFO - DAG(s) 'example_local_kubernetes_executor' retrieved from /home/airflow/.local/lib/python3.12/site-packages/airflow/example_dags/example_local_kubernetes_executor.py
[2025-04-25T23:52:28.217+0000] {logging_mixin.py:190} INFO - [2025-04-25T23:52:28.216+0000] {dag.py:3239} INFO - Sync 1 DAGs
[2025-04-25T23:52:28.241+0000] {logging_mixin.py:190} INFO - [2025-04-25T23:52:28.241+0000] {dag.py:4180} INFO - Setting next_dagrun for example_local_kubernetes_executor to None, run_after=None
[2025-04-25T23:52:28.270+0000] {processor.py:208} INFO - Processing /home/airflow/.local/lib/python3.12/site-packages/airflow/example_dags/example_local_kubernetes_executor.py took 0.127 seconds
[2025-04-25T23:52:58.759+0000] {processor.py:186} INFO - Started process (PID=1881) to work on /home/airflow/.local/lib/python3.12/site-packages/airflow/example_dags/example_local_kubernetes_executor.py
[2025-04-25T23:52:58.761+0000] {processor.py:914} INFO - Processing file /home/airflow/.local/lib/python3.12/site-packages/airflow/example_dags/example_local_kubernetes_executor.py for tasks to queue
[2025-04-25T23:52:58.766+0000] {logging_mixin.py:190} INFO - [2025-04-25T23:52:58.765+0000] {dagbag.py:588} INFO - Filling up the DagBag from /home/airflow/.local/lib/python3.12/site-packages/airflow/example_dags/example_local_kubernetes_executor.py
[2025-04-25T23:52:58.779+0000] {processor.py:925} INFO - DAG(s) 'example_local_kubernetes_executor' retrieved from /home/airflow/.local/lib/python3.12/site-packages/airflow/example_dags/example_local_kubernetes_executor.py
[2025-04-25T23:52:58.808+0000] {logging_mixin.py:190} INFO - [2025-04-25T23:52:58.807+0000] {dag.py:3239} INFO - Sync 1 DAGs
[2025-04-25T23:52:58.827+0000] {logging_mixin.py:190} INFO - [2025-04-25T23:52:58.827+0000] {dag.py:4180} INFO - Setting next_dagrun for example_local_kubernetes_executor to None, run_after=None
[2025-04-25T23:52:58.850+0000] {processor.py:208} INFO - Processing /home/airflow/.local/lib/python3.12/site-packages/airflow/example_dags/example_local_kubernetes_executor.py took 0.098 seconds
[2025-04-25T23:53:31.141+0000] {processor.py:186} INFO - Started process (PID=1952) to work on /home/airflow/.local/lib/python3.12/site-packages/airflow/example_dags/example_local_kubernetes_executor.py
[2025-04-25T23:53:31.144+0000] {processor.py:914} INFO - Processing file /home/airflow/.local/lib/python3.12/site-packages/airflow/example_dags/example_local_kubernetes_executor.py for tasks to queue
[2025-04-25T23:53:31.151+0000] {logging_mixin.py:190} INFO - [2025-04-25T23:53:31.151+0000] {dagbag.py:588} INFO - Filling up the DagBag from /home/airflow/.local/lib/python3.12/site-packages/airflow/example_dags/example_local_kubernetes_executor.py
[2025-04-25T23:53:31.171+0000] {processor.py:925} INFO - DAG(s) 'example_local_kubernetes_executor' retrieved from /home/airflow/.local/lib/python3.12/site-packages/airflow/example_dags/example_local_kubernetes_executor.py
[2025-04-25T23:53:31.224+0000] {logging_mixin.py:190} INFO - [2025-04-25T23:53:31.224+0000] {dag.py:3239} INFO - Sync 1 DAGs
[2025-04-25T23:53:31.251+0000] {logging_mixin.py:190} INFO - [2025-04-25T23:53:31.251+0000] {dag.py:4180} INFO - Setting next_dagrun for example_local_kubernetes_executor to None, run_after=None
[2025-04-25T23:53:31.297+0000] {processor.py:208} INFO - Processing /home/airflow/.local/lib/python3.12/site-packages/airflow/example_dags/example_local_kubernetes_executor.py took 0.165 seconds
[2025-04-25T23:54:03.425+0000] {processor.py:186} INFO - Started process (PID=2016) to work on /home/airflow/.local/lib/python3.12/site-packages/airflow/example_dags/example_local_kubernetes_executor.py
[2025-04-25T23:54:03.428+0000] {processor.py:914} INFO - Processing file /home/airflow/.local/lib/python3.12/site-packages/airflow/example_dags/example_local_kubernetes_executor.py for tasks to queue
[2025-04-25T23:54:03.432+0000] {logging_mixin.py:190} INFO - [2025-04-25T23:54:03.432+0000] {dagbag.py:588} INFO - Filling up the DagBag from /home/airflow/.local/lib/python3.12/site-packages/airflow/example_dags/example_local_kubernetes_executor.py
[2025-04-25T23:54:03.456+0000] {processor.py:925} INFO - DAG(s) 'example_local_kubernetes_executor' retrieved from /home/airflow/.local/lib/python3.12/site-packages/airflow/example_dags/example_local_kubernetes_executor.py
[2025-04-25T23:54:03.556+0000] {logging_mixin.py:190} INFO - [2025-04-25T23:54:03.556+0000] {dag.py:3239} INFO - Sync 1 DAGs
[2025-04-25T23:54:03.632+0000] {logging_mixin.py:190} INFO - [2025-04-25T23:54:03.632+0000] {dag.py:4180} INFO - Setting next_dagrun for example_local_kubernetes_executor to None, run_after=None
[2025-04-25T23:54:03.662+0000] {processor.py:208} INFO - Processing /home/airflow/.local/lib/python3.12/site-packages/airflow/example_dags/example_local_kubernetes_executor.py took 0.256 seconds
[2025-04-25T23:54:34.135+0000] {processor.py:186} INFO - Started process (PID=2080) to work on /home/airflow/.local/lib/python3.12/site-packages/airflow/example_dags/example_local_kubernetes_executor.py
[2025-04-25T23:54:34.136+0000] {processor.py:914} INFO - Processing file /home/airflow/.local/lib/python3.12/site-packages/airflow/example_dags/example_local_kubernetes_executor.py for tasks to queue
[2025-04-25T23:54:34.140+0000] {logging_mixin.py:190} INFO - [2025-04-25T23:54:34.140+0000] {dagbag.py:588} INFO - Filling up the DagBag from /home/airflow/.local/lib/python3.12/site-packages/airflow/example_dags/example_local_kubernetes_executor.py
[2025-04-25T23:54:34.155+0000] {processor.py:925} INFO - DAG(s) 'example_local_kubernetes_executor' retrieved from /home/airflow/.local/lib/python3.12/site-packages/airflow/example_dags/example_local_kubernetes_executor.py
[2025-04-25T23:54:34.189+0000] {logging_mixin.py:190} INFO - [2025-04-25T23:54:34.189+0000] {dag.py:3239} INFO - Sync 1 DAGs
[2025-04-25T23:54:34.211+0000] {logging_mixin.py:190} INFO - [2025-04-25T23:54:34.211+0000] {dag.py:4180} INFO - Setting next_dagrun for example_local_kubernetes_executor to None, run_after=None
[2025-04-25T23:54:34.246+0000] {processor.py:208} INFO - Processing /home/airflow/.local/lib/python3.12/site-packages/airflow/example_dags/example_local_kubernetes_executor.py took 0.121 seconds
[2025-04-25T23:55:04.594+0000] {processor.py:186} INFO - Started process (PID=2143) to work on /home/airflow/.local/lib/python3.12/site-packages/airflow/example_dags/example_local_kubernetes_executor.py
[2025-04-25T23:55:04.595+0000] {processor.py:914} INFO - Processing file /home/airflow/.local/lib/python3.12/site-packages/airflow/example_dags/example_local_kubernetes_executor.py for tasks to queue
[2025-04-25T23:55:04.598+0000] {logging_mixin.py:190} INFO - [2025-04-25T23:55:04.598+0000] {dagbag.py:588} INFO - Filling up the DagBag from /home/airflow/.local/lib/python3.12/site-packages/airflow/example_dags/example_local_kubernetes_executor.py
[2025-04-25T23:55:04.617+0000] {processor.py:925} INFO - DAG(s) 'example_local_kubernetes_executor' retrieved from /home/airflow/.local/lib/python3.12/site-packages/airflow/example_dags/example_local_kubernetes_executor.py
[2025-04-25T23:55:04.667+0000] {logging_mixin.py:190} INFO - [2025-04-25T23:55:04.666+0000] {dag.py:3239} INFO - Sync 1 DAGs
[2025-04-25T23:55:04.700+0000] {logging_mixin.py:190} INFO - [2025-04-25T23:55:04.700+0000] {dag.py:4180} INFO - Setting next_dagrun for example_local_kubernetes_executor to None, run_after=None
[2025-04-25T23:55:04.738+0000] {processor.py:208} INFO - Processing /home/airflow/.local/lib/python3.12/site-packages/airflow/example_dags/example_local_kubernetes_executor.py took 0.153 seconds
[2025-04-25T23:55:34.964+0000] {processor.py:186} INFO - Started process (PID=2206) to work on /home/airflow/.local/lib/python3.12/site-packages/airflow/example_dags/example_local_kubernetes_executor.py
[2025-04-25T23:55:34.964+0000] {processor.py:914} INFO - Processing file /home/airflow/.local/lib/python3.12/site-packages/airflow/example_dags/example_local_kubernetes_executor.py for tasks to queue
[2025-04-25T23:55:34.967+0000] {logging_mixin.py:190} INFO - [2025-04-25T23:55:34.967+0000] {dagbag.py:588} INFO - Filling up the DagBag from /home/airflow/.local/lib/python3.12/site-packages/airflow/example_dags/example_local_kubernetes_executor.py
[2025-04-25T23:55:34.978+0000] {processor.py:925} INFO - DAG(s) 'example_local_kubernetes_executor' retrieved from /home/airflow/.local/lib/python3.12/site-packages/airflow/example_dags/example_local_kubernetes_executor.py
[2025-04-25T23:55:35.001+0000] {logging_mixin.py:190} INFO - [2025-04-25T23:55:35.001+0000] {dag.py:3239} INFO - Sync 1 DAGs
[2025-04-25T23:55:35.017+0000] {logging_mixin.py:190} INFO - [2025-04-25T23:55:35.016+0000] {dag.py:4180} INFO - Setting next_dagrun for example_local_kubernetes_executor to None, run_after=None
[2025-04-25T23:55:35.039+0000] {processor.py:208} INFO - Processing /home/airflow/.local/lib/python3.12/site-packages/airflow/example_dags/example_local_kubernetes_executor.py took 0.082 seconds
[2025-04-25T23:56:07.362+0000] {processor.py:186} INFO - Started process (PID=2268) to work on /home/airflow/.local/lib/python3.12/site-packages/airflow/example_dags/example_local_kubernetes_executor.py
[2025-04-25T23:56:07.364+0000] {processor.py:914} INFO - Processing file /home/airflow/.local/lib/python3.12/site-packages/airflow/example_dags/example_local_kubernetes_executor.py for tasks to queue
[2025-04-25T23:56:07.368+0000] {logging_mixin.py:190} INFO - [2025-04-25T23:56:07.368+0000] {dagbag.py:588} INFO - Filling up the DagBag from /home/airflow/.local/lib/python3.12/site-packages/airflow/example_dags/example_local_kubernetes_executor.py
[2025-04-25T23:56:07.385+0000] {processor.py:925} INFO - DAG(s) 'example_local_kubernetes_executor' retrieved from /home/airflow/.local/lib/python3.12/site-packages/airflow/example_dags/example_local_kubernetes_executor.py
[2025-04-25T23:56:07.455+0000] {logging_mixin.py:190} INFO - [2025-04-25T23:56:07.454+0000] {dag.py:3239} INFO - Sync 1 DAGs
[2025-04-25T23:56:07.489+0000] {logging_mixin.py:190} INFO - [2025-04-25T23:56:07.489+0000] {dag.py:4180} INFO - Setting next_dagrun for example_local_kubernetes_executor to None, run_after=None
[2025-04-25T23:56:07.527+0000] {processor.py:208} INFO - Processing /home/airflow/.local/lib/python3.12/site-packages/airflow/example_dags/example_local_kubernetes_executor.py took 0.176 seconds
[2025-04-25T23:56:37.933+0000] {processor.py:186} INFO - Started process (PID=2332) to work on /home/airflow/.local/lib/python3.12/site-packages/airflow/example_dags/example_local_kubernetes_executor.py
[2025-04-25T23:56:37.935+0000] {processor.py:914} INFO - Processing file /home/airflow/.local/lib/python3.12/site-packages/airflow/example_dags/example_local_kubernetes_executor.py for tasks to queue
[2025-04-25T23:56:37.937+0000] {logging_mixin.py:190} INFO - [2025-04-25T23:56:37.936+0000] {dagbag.py:588} INFO - Filling up the DagBag from /home/airflow/.local/lib/python3.12/site-packages/airflow/example_dags/example_local_kubernetes_executor.py
[2025-04-25T23:56:37.949+0000] {processor.py:925} INFO - DAG(s) 'example_local_kubernetes_executor' retrieved from /home/airflow/.local/lib/python3.12/site-packages/airflow/example_dags/example_local_kubernetes_executor.py
[2025-04-25T23:56:37.971+0000] {logging_mixin.py:190} INFO - [2025-04-25T23:56:37.970+0000] {dag.py:3239} INFO - Sync 1 DAGs
[2025-04-25T23:56:37.995+0000] {logging_mixin.py:190} INFO - [2025-04-25T23:56:37.995+0000] {dag.py:4180} INFO - Setting next_dagrun for example_local_kubernetes_executor to None, run_after=None
[2025-04-25T23:56:38.015+0000] {processor.py:208} INFO - Processing /home/airflow/.local/lib/python3.12/site-packages/airflow/example_dags/example_local_kubernetes_executor.py took 0.091 seconds
[2025-04-25T23:57:08.582+0000] {processor.py:186} INFO - Started process (PID=2396) to work on /home/airflow/.local/lib/python3.12/site-packages/airflow/example_dags/example_local_kubernetes_executor.py
[2025-04-25T23:57:08.583+0000] {processor.py:914} INFO - Processing file /home/airflow/.local/lib/python3.12/site-packages/airflow/example_dags/example_local_kubernetes_executor.py for tasks to queue
[2025-04-25T23:57:08.586+0000] {logging_mixin.py:190} INFO - [2025-04-25T23:57:08.586+0000] {dagbag.py:588} INFO - Filling up the DagBag from /home/airflow/.local/lib/python3.12/site-packages/airflow/example_dags/example_local_kubernetes_executor.py
[2025-04-25T23:57:08.599+0000] {processor.py:925} INFO - DAG(s) 'example_local_kubernetes_executor' retrieved from /home/airflow/.local/lib/python3.12/site-packages/airflow/example_dags/example_local_kubernetes_executor.py
[2025-04-25T23:57:08.630+0000] {logging_mixin.py:190} INFO - [2025-04-25T23:57:08.630+0000] {dag.py:3239} INFO - Sync 1 DAGs
[2025-04-25T23:57:08.655+0000] {logging_mixin.py:190} INFO - [2025-04-25T23:57:08.655+0000] {dag.py:4180} INFO - Setting next_dagrun for example_local_kubernetes_executor to None, run_after=None
[2025-04-25T23:57:08.683+0000] {processor.py:208} INFO - Processing /home/airflow/.local/lib/python3.12/site-packages/airflow/example_dags/example_local_kubernetes_executor.py took 0.112 seconds
[2025-04-25T23:57:41.038+0000] {processor.py:186} INFO - Started process (PID=2458) to work on /home/airflow/.local/lib/python3.12/site-packages/airflow/example_dags/example_local_kubernetes_executor.py
[2025-04-25T23:57:41.042+0000] {processor.py:914} INFO - Processing file /home/airflow/.local/lib/python3.12/site-packages/airflow/example_dags/example_local_kubernetes_executor.py for tasks to queue
[2025-04-25T23:57:41.048+0000] {logging_mixin.py:190} INFO - [2025-04-25T23:57:41.048+0000] {dagbag.py:588} INFO - Filling up the DagBag from /home/airflow/.local/lib/python3.12/site-packages/airflow/example_dags/example_local_kubernetes_executor.py
[2025-04-25T23:57:41.101+0000] {processor.py:925} INFO - DAG(s) 'example_local_kubernetes_executor' retrieved from /home/airflow/.local/lib/python3.12/site-packages/airflow/example_dags/example_local_kubernetes_executor.py
[2025-04-25T23:57:41.256+0000] {logging_mixin.py:190} INFO - [2025-04-25T23:57:41.255+0000] {dag.py:3239} INFO - Sync 1 DAGs
[2025-04-25T23:57:41.607+0000] {logging_mixin.py:190} INFO - [2025-04-25T23:57:41.606+0000] {dag.py:4180} INFO - Setting next_dagrun for example_local_kubernetes_executor to None, run_after=None
[2025-04-25T23:57:41.687+0000] {processor.py:208} INFO - Processing /home/airflow/.local/lib/python3.12/site-packages/airflow/example_dags/example_local_kubernetes_executor.py took 0.677 seconds
[2025-04-25T23:59:08.183+0000] {processor.py:186} INFO - Started process (PID=2525) to work on /home/airflow/.local/lib/python3.12/site-packages/airflow/example_dags/example_local_kubernetes_executor.py
[2025-04-25T23:59:08.188+0000] {processor.py:914} INFO - Processing file /home/airflow/.local/lib/python3.12/site-packages/airflow/example_dags/example_local_kubernetes_executor.py for tasks to queue
[2025-04-25T23:59:08.194+0000] {logging_mixin.py:190} INFO - [2025-04-25T23:59:08.193+0000] {dagbag.py:588} INFO - Filling up the DagBag from /home/airflow/.local/lib/python3.12/site-packages/airflow/example_dags/example_local_kubernetes_executor.py
[2025-04-25T23:59:08.226+0000] {processor.py:925} INFO - DAG(s) 'example_local_kubernetes_executor' retrieved from /home/airflow/.local/lib/python3.12/site-packages/airflow/example_dags/example_local_kubernetes_executor.py
[2025-04-25T23:59:08.345+0000] {logging_mixin.py:190} INFO - [2025-04-25T23:59:08.344+0000] {dag.py:3239} INFO - Sync 1 DAGs
[2025-04-25T23:59:08.419+0000] {logging_mixin.py:190} INFO - [2025-04-25T23:59:08.418+0000] {dag.py:4180} INFO - Setting next_dagrun for example_local_kubernetes_executor to None, run_after=None
[2025-04-25T23:59:08.476+0000] {processor.py:208} INFO - Processing /home/airflow/.local/lib/python3.12/site-packages/airflow/example_dags/example_local_kubernetes_executor.py took 0.308 seconds
[2025-04-25T23:59:44.249+0000] {processor.py:186} INFO - Started process (PID=2589) to work on /home/airflow/.local/lib/python3.12/site-packages/airflow/example_dags/example_local_kubernetes_executor.py
[2025-04-25T23:59:44.250+0000] {processor.py:914} INFO - Processing file /home/airflow/.local/lib/python3.12/site-packages/airflow/example_dags/example_local_kubernetes_executor.py for tasks to queue
[2025-04-25T23:59:44.252+0000] {logging_mixin.py:190} INFO - [2025-04-25T23:59:44.252+0000] {dagbag.py:588} INFO - Filling up the DagBag from /home/airflow/.local/lib/python3.12/site-packages/airflow/example_dags/example_local_kubernetes_executor.py
[2025-04-25T23:59:44.284+0000] {processor.py:925} INFO - DAG(s) 'example_local_kubernetes_executor' retrieved from /home/airflow/.local/lib/python3.12/site-packages/airflow/example_dags/example_local_kubernetes_executor.py
[2025-04-25T23:59:44.395+0000] {logging_mixin.py:190} INFO - [2025-04-25T23:59:44.395+0000] {dag.py:3239} INFO - Sync 1 DAGs
[2025-04-25T23:59:44.446+0000] {logging_mixin.py:190} INFO - [2025-04-25T23:59:44.446+0000] {dag.py:4180} INFO - Setting next_dagrun for example_local_kubernetes_executor to None, run_after=None
[2025-04-25T23:59:44.501+0000] {processor.py:208} INFO - Processing /home/airflow/.local/lib/python3.12/site-packages/airflow/example_dags/example_local_kubernetes_executor.py took 0.270 seconds
