[2025-04-25T23:33:38.355+0000] {processor.py:186} INFO - Started process (PID=159) to work on /home/airflow/.local/lib/python3.12/site-packages/airflow/example_dags/example_short_circuit_decorator.py
[2025-04-25T23:33:38.357+0000] {processor.py:914} INFO - Processing file /home/airflow/.local/lib/python3.12/site-packages/airflow/example_dags/example_short_circuit_decorator.py for tasks to queue
[2025-04-25T23:33:38.362+0000] {logging_mixin.py:190} INFO - [2025-04-25T23:33:38.362+0000] {dagbag.py:588} INFO - Filling up the DagBag from /home/airflow/.local/lib/python3.12/site-packages/airflow/example_dags/example_short_circuit_decorator.py
[2025-04-25T23:33:38.383+0000] {processor.py:925} INFO - DAG(s) 'example_short_circuit_decorator' retrieved from /home/airflow/.local/lib/python3.12/site-packages/airflow/example_dags/example_short_circuit_decorator.py
[2025-04-25T23:33:38.661+0000] {logging_mixin.py:190} INFO - [2025-04-25T23:33:38.660+0000] {override.py:1911} INFO - Created Permission View: can delete on DAG:example_short_circuit_decorator
[2025-04-25T23:33:38.685+0000] {logging_mixin.py:190} INFO - [2025-04-25T23:33:38.685+0000] {override.py:1911} INFO - Created Permission View: can read on DAG:example_short_circuit_decorator
[2025-04-25T23:33:38.700+0000] {logging_mixin.py:190} INFO - [2025-04-25T23:33:38.700+0000] {override.py:1911} INFO - Created Permission View: can edit on DAG:example_short_circuit_decorator
[2025-04-25T23:33:38.714+0000] {logging_mixin.py:190} INFO - [2025-04-25T23:33:38.714+0000] {override.py:1911} INFO - Created Permission View: can create on DAG Run:example_short_circuit_decorator
[2025-04-25T23:33:38.814+0000] {logging_mixin.py:190} INFO - [2025-04-25T23:33:38.814+0000] {override.py:1911} INFO - Created Permission View: can delete on DAG Run:example_short_circuit_decorator
[2025-04-25T23:33:38.859+0000] {logging_mixin.py:190} INFO - [2025-04-25T23:33:38.859+0000] {override.py:1911} INFO - Created Permission View: can read on DAG Run:example_short_circuit_decorator
[2025-04-25T23:33:38.876+0000] {logging_mixin.py:190} INFO - [2025-04-25T23:33:38.875+0000] {override.py:1911} INFO - Created Permission View: menu access on DAG Run:example_short_circuit_decorator
[2025-04-25T23:33:38.879+0000] {logging_mixin.py:190} INFO - [2025-04-25T23:33:38.878+0000] {dag.py:3239} INFO - Sync 1 DAGs
[2025-04-25T23:33:38.923+0000] {logging_mixin.py:190} INFO - [2025-04-25T23:33:38.922+0000] {dag.py:3262} INFO - Creating ORM DAG for example_short_circuit_decorator
[2025-04-25T23:33:38.925+0000] {logging_mixin.py:190} INFO - [2025-04-25T23:33:38.925+0000] {dag.py:4180} INFO - Setting next_dagrun for example_short_circuit_decorator to None, run_after=None
[2025-04-25T23:33:38.964+0000] {processor.py:208} INFO - Processing /home/airflow/.local/lib/python3.12/site-packages/airflow/example_dags/example_short_circuit_decorator.py took 0.621 seconds
[2025-04-25T23:34:28.912+0000] {processor.py:186} INFO - Started process (PID=221) to work on /home/airflow/.local/lib/python3.12/site-packages/airflow/example_dags/example_short_circuit_decorator.py
[2025-04-25T23:34:29.068+0000] {processor.py:914} INFO - Processing file /home/airflow/.local/lib/python3.12/site-packages/airflow/example_dags/example_short_circuit_decorator.py for tasks to queue
[2025-04-25T23:34:29.079+0000] {logging_mixin.py:190} INFO - [2025-04-25T23:34:29.078+0000] {dagbag.py:588} INFO - Filling up the DagBag from /home/airflow/.local/lib/python3.12/site-packages/airflow/example_dags/example_short_circuit_decorator.py
[2025-04-25T23:34:29.105+0000] {processor.py:925} INFO - DAG(s) 'example_short_circuit_decorator' retrieved from /home/airflow/.local/lib/python3.12/site-packages/airflow/example_dags/example_short_circuit_decorator.py
[2025-04-25T23:34:29.182+0000] {logging_mixin.py:190} INFO - [2025-04-25T23:34:29.182+0000] {dag.py:3239} INFO - Sync 1 DAGs
[2025-04-25T23:34:29.328+0000] {logging_mixin.py:190} INFO - [2025-04-25T23:34:29.328+0000] {dag.py:4180} INFO - Setting next_dagrun for example_short_circuit_decorator to None, run_after=None
[2025-04-25T23:34:29.361+0000] {processor.py:208} INFO - Processing /home/airflow/.local/lib/python3.12/site-packages/airflow/example_dags/example_short_circuit_decorator.py took 0.570 seconds
[2025-04-25T23:38:04.200+0000] {processor.py:186} INFO - Started process (PID=129) to work on /home/airflow/.local/lib/python3.12/site-packages/airflow/example_dags/example_short_circuit_decorator.py
[2025-04-25T23:38:04.204+0000] {processor.py:914} INFO - Processing file /home/airflow/.local/lib/python3.12/site-packages/airflow/example_dags/example_short_circuit_decorator.py for tasks to queue
[2025-04-25T23:38:04.213+0000] {logging_mixin.py:190} INFO - [2025-04-25T23:38:04.212+0000] {dagbag.py:588} INFO - Filling up the DagBag from /home/airflow/.local/lib/python3.12/site-packages/airflow/example_dags/example_short_circuit_decorator.py
[2025-04-25T23:38:04.278+0000] {processor.py:925} INFO - DAG(s) 'example_short_circuit_decorator' retrieved from /home/airflow/.local/lib/python3.12/site-packages/airflow/example_dags/example_short_circuit_decorator.py
[2025-04-25T23:38:04.379+0000] {logging_mixin.py:190} INFO - [2025-04-25T23:38:04.378+0000] {dag.py:3239} INFO - Sync 1 DAGs
[2025-04-25T23:38:04.441+0000] {logging_mixin.py:190} INFO - [2025-04-25T23:38:04.441+0000] {dag.py:4180} INFO - Setting next_dagrun for example_short_circuit_decorator to None, run_after=None
[2025-04-25T23:38:04.484+0000] {processor.py:208} INFO - Processing /home/airflow/.local/lib/python3.12/site-packages/airflow/example_dags/example_short_circuit_decorator.py took 0.308 seconds
[2025-04-25T23:38:42.204+0000] {processor.py:186} INFO - Started process (PID=192) to work on /home/airflow/.local/lib/python3.12/site-packages/airflow/example_dags/example_short_circuit_decorator.py
[2025-04-25T23:38:42.230+0000] {processor.py:914} INFO - Processing file /home/airflow/.local/lib/python3.12/site-packages/airflow/example_dags/example_short_circuit_decorator.py for tasks to queue
[2025-04-25T23:38:42.237+0000] {logging_mixin.py:190} INFO - [2025-04-25T23:38:42.237+0000] {dagbag.py:588} INFO - Filling up the DagBag from /home/airflow/.local/lib/python3.12/site-packages/airflow/example_dags/example_short_circuit_decorator.py
[2025-04-25T23:38:42.267+0000] {processor.py:925} INFO - DAG(s) 'example_short_circuit_decorator' retrieved from /home/airflow/.local/lib/python3.12/site-packages/airflow/example_dags/example_short_circuit_decorator.py
[2025-04-25T23:38:42.366+0000] {logging_mixin.py:190} INFO - [2025-04-25T23:38:42.365+0000] {dag.py:3239} INFO - Sync 1 DAGs
[2025-04-25T23:38:42.425+0000] {logging_mixin.py:190} INFO - [2025-04-25T23:38:42.424+0000] {dag.py:4180} INFO - Setting next_dagrun for example_short_circuit_decorator to None, run_after=None
[2025-04-25T23:38:42.457+0000] {processor.py:208} INFO - Processing /home/airflow/.local/lib/python3.12/site-packages/airflow/example_dags/example_short_circuit_decorator.py took 0.278 seconds
[2025-04-25T23:39:14.399+0000] {processor.py:186} INFO - Started process (PID=255) to work on /home/airflow/.local/lib/python3.12/site-packages/airflow/example_dags/example_short_circuit_decorator.py
[2025-04-25T23:39:14.409+0000] {processor.py:914} INFO - Processing file /home/airflow/.local/lib/python3.12/site-packages/airflow/example_dags/example_short_circuit_decorator.py for tasks to queue
[2025-04-25T23:39:14.420+0000] {logging_mixin.py:190} INFO - [2025-04-25T23:39:14.420+0000] {dagbag.py:588} INFO - Filling up the DagBag from /home/airflow/.local/lib/python3.12/site-packages/airflow/example_dags/example_short_circuit_decorator.py
[2025-04-25T23:39:14.470+0000] {processor.py:925} INFO - DAG(s) 'example_short_circuit_decorator' retrieved from /home/airflow/.local/lib/python3.12/site-packages/airflow/example_dags/example_short_circuit_decorator.py
[2025-04-25T23:39:14.528+0000] {logging_mixin.py:190} INFO - [2025-04-25T23:39:14.528+0000] {dag.py:3239} INFO - Sync 1 DAGs
[2025-04-25T23:39:14.571+0000] {logging_mixin.py:190} INFO - [2025-04-25T23:39:14.570+0000] {dag.py:4180} INFO - Setting next_dagrun for example_short_circuit_decorator to None, run_after=None
[2025-04-25T23:39:14.627+0000] {processor.py:208} INFO - Processing /home/airflow/.local/lib/python3.12/site-packages/airflow/example_dags/example_short_circuit_decorator.py took 0.244 seconds
[2025-04-25T23:39:52.809+0000] {processor.py:186} INFO - Started process (PID=333) to work on /home/airflow/.local/lib/python3.12/site-packages/airflow/example_dags/example_short_circuit_decorator.py
[2025-04-25T23:39:52.812+0000] {processor.py:914} INFO - Processing file /home/airflow/.local/lib/python3.12/site-packages/airflow/example_dags/example_short_circuit_decorator.py for tasks to queue
[2025-04-25T23:39:52.820+0000] {logging_mixin.py:190} INFO - [2025-04-25T23:39:52.818+0000] {dagbag.py:588} INFO - Filling up the DagBag from /home/airflow/.local/lib/python3.12/site-packages/airflow/example_dags/example_short_circuit_decorator.py
[2025-04-25T23:39:52.860+0000] {processor.py:925} INFO - DAG(s) 'example_short_circuit_decorator' retrieved from /home/airflow/.local/lib/python3.12/site-packages/airflow/example_dags/example_short_circuit_decorator.py
[2025-04-25T23:39:52.911+0000] {logging_mixin.py:190} INFO - [2025-04-25T23:39:52.910+0000] {dag.py:3239} INFO - Sync 1 DAGs
[2025-04-25T23:39:52.941+0000] {logging_mixin.py:190} INFO - [2025-04-25T23:39:52.941+0000] {dag.py:4180} INFO - Setting next_dagrun for example_short_circuit_decorator to None, run_after=None
[2025-04-25T23:39:52.985+0000] {processor.py:208} INFO - Processing /home/airflow/.local/lib/python3.12/site-packages/airflow/example_dags/example_short_circuit_decorator.py took 0.188 seconds
[2025-04-25T23:40:23.965+0000] {processor.py:186} INFO - Started process (PID=396) to work on /home/airflow/.local/lib/python3.12/site-packages/airflow/example_dags/example_short_circuit_decorator.py
[2025-04-25T23:40:23.967+0000] {processor.py:914} INFO - Processing file /home/airflow/.local/lib/python3.12/site-packages/airflow/example_dags/example_short_circuit_decorator.py for tasks to queue
[2025-04-25T23:40:23.971+0000] {logging_mixin.py:190} INFO - [2025-04-25T23:40:23.970+0000] {dagbag.py:588} INFO - Filling up the DagBag from /home/airflow/.local/lib/python3.12/site-packages/airflow/example_dags/example_short_circuit_decorator.py
[2025-04-25T23:40:23.984+0000] {processor.py:925} INFO - DAG(s) 'example_short_circuit_decorator' retrieved from /home/airflow/.local/lib/python3.12/site-packages/airflow/example_dags/example_short_circuit_decorator.py
[2025-04-25T23:40:24.015+0000] {logging_mixin.py:190} INFO - [2025-04-25T23:40:24.015+0000] {dag.py:3239} INFO - Sync 1 DAGs
[2025-04-25T23:40:24.042+0000] {logging_mixin.py:190} INFO - [2025-04-25T23:40:24.042+0000] {dag.py:4180} INFO - Setting next_dagrun for example_short_circuit_decorator to None, run_after=None
[2025-04-25T23:40:24.070+0000] {processor.py:208} INFO - Processing /home/airflow/.local/lib/python3.12/site-packages/airflow/example_dags/example_short_circuit_decorator.py took 0.112 seconds
[2025-04-25T23:40:55.660+0000] {processor.py:186} INFO - Started process (PID=459) to work on /home/airflow/.local/lib/python3.12/site-packages/airflow/example_dags/example_short_circuit_decorator.py
[2025-04-25T23:40:55.662+0000] {processor.py:914} INFO - Processing file /home/airflow/.local/lib/python3.12/site-packages/airflow/example_dags/example_short_circuit_decorator.py for tasks to queue
[2025-04-25T23:40:55.665+0000] {logging_mixin.py:190} INFO - [2025-04-25T23:40:55.665+0000] {dagbag.py:588} INFO - Filling up the DagBag from /home/airflow/.local/lib/python3.12/site-packages/airflow/example_dags/example_short_circuit_decorator.py
[2025-04-25T23:40:55.680+0000] {processor.py:925} INFO - DAG(s) 'example_short_circuit_decorator' retrieved from /home/airflow/.local/lib/python3.12/site-packages/airflow/example_dags/example_short_circuit_decorator.py
[2025-04-25T23:40:55.717+0000] {logging_mixin.py:190} INFO - [2025-04-25T23:40:55.716+0000] {dag.py:3239} INFO - Sync 1 DAGs
[2025-04-25T23:40:55.740+0000] {logging_mixin.py:190} INFO - [2025-04-25T23:40:55.739+0000] {dag.py:4180} INFO - Setting next_dagrun for example_short_circuit_decorator to None, run_after=None
[2025-04-25T23:40:55.766+0000] {processor.py:208} INFO - Processing /home/airflow/.local/lib/python3.12/site-packages/airflow/example_dags/example_short_circuit_decorator.py took 0.116 seconds
[2025-04-25T23:41:27.330+0000] {processor.py:186} INFO - Started process (PID=521) to work on /home/airflow/.local/lib/python3.12/site-packages/airflow/example_dags/example_short_circuit_decorator.py
[2025-04-25T23:41:27.332+0000] {processor.py:914} INFO - Processing file /home/airflow/.local/lib/python3.12/site-packages/airflow/example_dags/example_short_circuit_decorator.py for tasks to queue
[2025-04-25T23:41:27.337+0000] {logging_mixin.py:190} INFO - [2025-04-25T23:41:27.337+0000] {dagbag.py:588} INFO - Filling up the DagBag from /home/airflow/.local/lib/python3.12/site-packages/airflow/example_dags/example_short_circuit_decorator.py
[2025-04-25T23:41:27.349+0000] {processor.py:925} INFO - DAG(s) 'example_short_circuit_decorator' retrieved from /home/airflow/.local/lib/python3.12/site-packages/airflow/example_dags/example_short_circuit_decorator.py
[2025-04-25T23:41:27.380+0000] {logging_mixin.py:190} INFO - [2025-04-25T23:41:27.380+0000] {dag.py:3239} INFO - Sync 1 DAGs
[2025-04-25T23:41:27.401+0000] {logging_mixin.py:190} INFO - [2025-04-25T23:41:27.401+0000] {dag.py:4180} INFO - Setting next_dagrun for example_short_circuit_decorator to None, run_after=None
[2025-04-25T23:41:27.434+0000] {processor.py:208} INFO - Processing /home/airflow/.local/lib/python3.12/site-packages/airflow/example_dags/example_short_circuit_decorator.py took 0.111 seconds
[2025-04-25T23:42:00.033+0000] {processor.py:186} INFO - Started process (PID=584) to work on /home/airflow/.local/lib/python3.12/site-packages/airflow/example_dags/example_short_circuit_decorator.py
[2025-04-25T23:42:00.035+0000] {processor.py:914} INFO - Processing file /home/airflow/.local/lib/python3.12/site-packages/airflow/example_dags/example_short_circuit_decorator.py for tasks to queue
[2025-04-25T23:42:00.039+0000] {logging_mixin.py:190} INFO - [2025-04-25T23:42:00.038+0000] {dagbag.py:588} INFO - Filling up the DagBag from /home/airflow/.local/lib/python3.12/site-packages/airflow/example_dags/example_short_circuit_decorator.py
[2025-04-25T23:42:00.061+0000] {processor.py:925} INFO - DAG(s) 'example_short_circuit_decorator' retrieved from /home/airflow/.local/lib/python3.12/site-packages/airflow/example_dags/example_short_circuit_decorator.py
[2025-04-25T23:42:00.110+0000] {logging_mixin.py:190} INFO - [2025-04-25T23:42:00.109+0000] {dag.py:3239} INFO - Sync 1 DAGs
[2025-04-25T23:42:00.140+0000] {logging_mixin.py:190} INFO - [2025-04-25T23:42:00.138+0000] {dag.py:4180} INFO - Setting next_dagrun for example_short_circuit_decorator to None, run_after=None
[2025-04-25T23:42:00.182+0000] {processor.py:208} INFO - Processing /home/airflow/.local/lib/python3.12/site-packages/airflow/example_dags/example_short_circuit_decorator.py took 0.163 seconds
[2025-04-25T23:42:33.431+0000] {processor.py:186} INFO - Started process (PID=647) to work on /home/airflow/.local/lib/python3.12/site-packages/airflow/example_dags/example_short_circuit_decorator.py
[2025-04-25T23:42:33.433+0000] {processor.py:914} INFO - Processing file /home/airflow/.local/lib/python3.12/site-packages/airflow/example_dags/example_short_circuit_decorator.py for tasks to queue
[2025-04-25T23:42:33.438+0000] {logging_mixin.py:190} INFO - [2025-04-25T23:42:33.437+0000] {dagbag.py:588} INFO - Filling up the DagBag from /home/airflow/.local/lib/python3.12/site-packages/airflow/example_dags/example_short_circuit_decorator.py
[2025-04-25T23:42:33.464+0000] {processor.py:925} INFO - DAG(s) 'example_short_circuit_decorator' retrieved from /home/airflow/.local/lib/python3.12/site-packages/airflow/example_dags/example_short_circuit_decorator.py
[2025-04-25T23:42:33.509+0000] {logging_mixin.py:190} INFO - [2025-04-25T23:42:33.508+0000] {dag.py:3239} INFO - Sync 1 DAGs
[2025-04-25T23:42:33.546+0000] {logging_mixin.py:190} INFO - [2025-04-25T23:42:33.546+0000] {dag.py:4180} INFO - Setting next_dagrun for example_short_circuit_decorator to None, run_after=None
[2025-04-25T23:42:33.587+0000] {processor.py:208} INFO - Processing /home/airflow/.local/lib/python3.12/site-packages/airflow/example_dags/example_short_circuit_decorator.py took 0.177 seconds
[2025-04-25T23:43:06.470+0000] {processor.py:186} INFO - Started process (PID=710) to work on /home/airflow/.local/lib/python3.12/site-packages/airflow/example_dags/example_short_circuit_decorator.py
[2025-04-25T23:43:06.477+0000] {processor.py:914} INFO - Processing file /home/airflow/.local/lib/python3.12/site-packages/airflow/example_dags/example_short_circuit_decorator.py for tasks to queue
[2025-04-25T23:43:06.495+0000] {logging_mixin.py:190} INFO - [2025-04-25T23:43:06.488+0000] {dagbag.py:588} INFO - Filling up the DagBag from /home/airflow/.local/lib/python3.12/site-packages/airflow/example_dags/example_short_circuit_decorator.py
[2025-04-25T23:43:06.584+0000] {processor.py:925} INFO - DAG(s) 'example_short_circuit_decorator' retrieved from /home/airflow/.local/lib/python3.12/site-packages/airflow/example_dags/example_short_circuit_decorator.py
[2025-04-25T23:43:06.860+0000] {logging_mixin.py:190} INFO - [2025-04-25T23:43:06.857+0000] {dag.py:3239} INFO - Sync 1 DAGs
[2025-04-25T23:43:06.932+0000] {logging_mixin.py:190} INFO - [2025-04-25T23:43:06.932+0000] {dag.py:4180} INFO - Setting next_dagrun for example_short_circuit_decorator to None, run_after=None
[2025-04-25T23:43:07.014+0000] {processor.py:208} INFO - Processing /home/airflow/.local/lib/python3.12/site-packages/airflow/example_dags/example_short_circuit_decorator.py took 0.620 seconds
[2025-04-25T23:43:37.839+0000] {processor.py:186} INFO - Started process (PID=773) to work on /home/airflow/.local/lib/python3.12/site-packages/airflow/example_dags/example_short_circuit_decorator.py
[2025-04-25T23:43:37.840+0000] {processor.py:914} INFO - Processing file /home/airflow/.local/lib/python3.12/site-packages/airflow/example_dags/example_short_circuit_decorator.py for tasks to queue
[2025-04-25T23:43:37.843+0000] {logging_mixin.py:190} INFO - [2025-04-25T23:43:37.843+0000] {dagbag.py:588} INFO - Filling up the DagBag from /home/airflow/.local/lib/python3.12/site-packages/airflow/example_dags/example_short_circuit_decorator.py
[2025-04-25T23:43:37.857+0000] {processor.py:925} INFO - DAG(s) 'example_short_circuit_decorator' retrieved from /home/airflow/.local/lib/python3.12/site-packages/airflow/example_dags/example_short_circuit_decorator.py
[2025-04-25T23:43:37.897+0000] {logging_mixin.py:190} INFO - [2025-04-25T23:43:37.896+0000] {dag.py:3239} INFO - Sync 1 DAGs
[2025-04-25T23:43:37.920+0000] {logging_mixin.py:190} INFO - [2025-04-25T23:43:37.920+0000] {dag.py:4180} INFO - Setting next_dagrun for example_short_circuit_decorator to None, run_after=None
[2025-04-25T23:43:37.952+0000] {processor.py:208} INFO - Processing /home/airflow/.local/lib/python3.12/site-packages/airflow/example_dags/example_short_circuit_decorator.py took 0.129 seconds
[2025-04-25T23:44:09.329+0000] {processor.py:186} INFO - Started process (PID=836) to work on /home/airflow/.local/lib/python3.12/site-packages/airflow/example_dags/example_short_circuit_decorator.py
[2025-04-25T23:44:09.330+0000] {processor.py:914} INFO - Processing file /home/airflow/.local/lib/python3.12/site-packages/airflow/example_dags/example_short_circuit_decorator.py for tasks to queue
[2025-04-25T23:44:09.334+0000] {logging_mixin.py:190} INFO - [2025-04-25T23:44:09.333+0000] {dagbag.py:588} INFO - Filling up the DagBag from /home/airflow/.local/lib/python3.12/site-packages/airflow/example_dags/example_short_circuit_decorator.py
[2025-04-25T23:44:09.348+0000] {processor.py:925} INFO - DAG(s) 'example_short_circuit_decorator' retrieved from /home/airflow/.local/lib/python3.12/site-packages/airflow/example_dags/example_short_circuit_decorator.py
[2025-04-25T23:44:09.382+0000] {logging_mixin.py:190} INFO - [2025-04-25T23:44:09.382+0000] {dag.py:3239} INFO - Sync 1 DAGs
[2025-04-25T23:44:09.402+0000] {logging_mixin.py:190} INFO - [2025-04-25T23:44:09.401+0000] {dag.py:4180} INFO - Setting next_dagrun for example_short_circuit_decorator to None, run_after=None
[2025-04-25T23:44:09.429+0000] {processor.py:208} INFO - Processing /home/airflow/.local/lib/python3.12/site-packages/airflow/example_dags/example_short_circuit_decorator.py took 0.109 seconds
[2025-04-25T23:44:40.407+0000] {processor.py:186} INFO - Started process (PID=899) to work on /home/airflow/.local/lib/python3.12/site-packages/airflow/example_dags/example_short_circuit_decorator.py
[2025-04-25T23:44:40.408+0000] {processor.py:914} INFO - Processing file /home/airflow/.local/lib/python3.12/site-packages/airflow/example_dags/example_short_circuit_decorator.py for tasks to queue
[2025-04-25T23:44:40.411+0000] {logging_mixin.py:190} INFO - [2025-04-25T23:44:40.411+0000] {dagbag.py:588} INFO - Filling up the DagBag from /home/airflow/.local/lib/python3.12/site-packages/airflow/example_dags/example_short_circuit_decorator.py
[2025-04-25T23:44:40.423+0000] {processor.py:925} INFO - DAG(s) 'example_short_circuit_decorator' retrieved from /home/airflow/.local/lib/python3.12/site-packages/airflow/example_dags/example_short_circuit_decorator.py
[2025-04-25T23:44:40.452+0000] {logging_mixin.py:190} INFO - [2025-04-25T23:44:40.451+0000] {dag.py:3239} INFO - Sync 1 DAGs
[2025-04-25T23:44:40.474+0000] {logging_mixin.py:190} INFO - [2025-04-25T23:44:40.474+0000] {dag.py:4180} INFO - Setting next_dagrun for example_short_circuit_decorator to None, run_after=None
[2025-04-25T23:44:40.500+0000] {processor.py:208} INFO - Processing /home/airflow/.local/lib/python3.12/site-packages/airflow/example_dags/example_short_circuit_decorator.py took 0.102 seconds
[2025-04-25T23:45:11.829+0000] {processor.py:186} INFO - Started process (PID=962) to work on /home/airflow/.local/lib/python3.12/site-packages/airflow/example_dags/example_short_circuit_decorator.py
[2025-04-25T23:45:11.830+0000] {processor.py:914} INFO - Processing file /home/airflow/.local/lib/python3.12/site-packages/airflow/example_dags/example_short_circuit_decorator.py for tasks to queue
[2025-04-25T23:45:11.834+0000] {logging_mixin.py:190} INFO - [2025-04-25T23:45:11.833+0000] {dagbag.py:588} INFO - Filling up the DagBag from /home/airflow/.local/lib/python3.12/site-packages/airflow/example_dags/example_short_circuit_decorator.py
[2025-04-25T23:45:11.846+0000] {processor.py:925} INFO - DAG(s) 'example_short_circuit_decorator' retrieved from /home/airflow/.local/lib/python3.12/site-packages/airflow/example_dags/example_short_circuit_decorator.py
[2025-04-25T23:45:11.876+0000] {logging_mixin.py:190} INFO - [2025-04-25T23:45:11.875+0000] {dag.py:3239} INFO - Sync 1 DAGs
[2025-04-25T23:45:11.893+0000] {logging_mixin.py:190} INFO - [2025-04-25T23:45:11.893+0000] {dag.py:4180} INFO - Setting next_dagrun for example_short_circuit_decorator to None, run_after=None
[2025-04-25T23:45:11.916+0000] {processor.py:208} INFO - Processing /home/airflow/.local/lib/python3.12/site-packages/airflow/example_dags/example_short_circuit_decorator.py took 0.094 seconds
[2025-04-25T23:45:43.451+0000] {processor.py:186} INFO - Started process (PID=1025) to work on /home/airflow/.local/lib/python3.12/site-packages/airflow/example_dags/example_short_circuit_decorator.py
[2025-04-25T23:45:43.454+0000] {processor.py:914} INFO - Processing file /home/airflow/.local/lib/python3.12/site-packages/airflow/example_dags/example_short_circuit_decorator.py for tasks to queue
[2025-04-25T23:45:43.458+0000] {logging_mixin.py:190} INFO - [2025-04-25T23:45:43.457+0000] {dagbag.py:588} INFO - Filling up the DagBag from /home/airflow/.local/lib/python3.12/site-packages/airflow/example_dags/example_short_circuit_decorator.py
[2025-04-25T23:45:43.477+0000] {processor.py:925} INFO - DAG(s) 'example_short_circuit_decorator' retrieved from /home/airflow/.local/lib/python3.12/site-packages/airflow/example_dags/example_short_circuit_decorator.py
[2025-04-25T23:45:43.510+0000] {logging_mixin.py:190} INFO - [2025-04-25T23:45:43.509+0000] {dag.py:3239} INFO - Sync 1 DAGs
[2025-04-25T23:45:43.541+0000] {logging_mixin.py:190} INFO - [2025-04-25T23:45:43.541+0000] {dag.py:4180} INFO - Setting next_dagrun for example_short_circuit_decorator to None, run_after=None
[2025-04-25T23:45:43.569+0000] {processor.py:208} INFO - Processing /home/airflow/.local/lib/python3.12/site-packages/airflow/example_dags/example_short_circuit_decorator.py took 0.127 seconds
[2025-04-25T23:46:15.829+0000] {processor.py:186} INFO - Started process (PID=1087) to work on /home/airflow/.local/lib/python3.12/site-packages/airflow/example_dags/example_short_circuit_decorator.py
[2025-04-25T23:46:15.831+0000] {processor.py:914} INFO - Processing file /home/airflow/.local/lib/python3.12/site-packages/airflow/example_dags/example_short_circuit_decorator.py for tasks to queue
[2025-04-25T23:46:15.839+0000] {logging_mixin.py:190} INFO - [2025-04-25T23:46:15.838+0000] {dagbag.py:588} INFO - Filling up the DagBag from /home/airflow/.local/lib/python3.12/site-packages/airflow/example_dags/example_short_circuit_decorator.py
[2025-04-25T23:46:15.866+0000] {processor.py:925} INFO - DAG(s) 'example_short_circuit_decorator' retrieved from /home/airflow/.local/lib/python3.12/site-packages/airflow/example_dags/example_short_circuit_decorator.py
[2025-04-25T23:46:15.918+0000] {logging_mixin.py:190} INFO - [2025-04-25T23:46:15.917+0000] {dag.py:3239} INFO - Sync 1 DAGs
[2025-04-25T23:46:15.953+0000] {logging_mixin.py:190} INFO - [2025-04-25T23:46:15.953+0000] {dag.py:4180} INFO - Setting next_dagrun for example_short_circuit_decorator to None, run_after=None
[2025-04-25T23:46:16.432+0000] {processor.py:208} INFO - Processing /home/airflow/.local/lib/python3.12/site-packages/airflow/example_dags/example_short_circuit_decorator.py took 0.623 seconds
[2025-04-25T23:46:55.610+0000] {processor.py:186} INFO - Started process (PID=1149) to work on /home/airflow/.local/lib/python3.12/site-packages/airflow/example_dags/example_short_circuit_decorator.py
[2025-04-25T23:46:55.619+0000] {processor.py:914} INFO - Processing file /home/airflow/.local/lib/python3.12/site-packages/airflow/example_dags/example_short_circuit_decorator.py for tasks to queue
[2025-04-25T23:46:55.639+0000] {logging_mixin.py:190} INFO - [2025-04-25T23:46:55.638+0000] {dagbag.py:588} INFO - Filling up the DagBag from /home/airflow/.local/lib/python3.12/site-packages/airflow/example_dags/example_short_circuit_decorator.py
[2025-04-25T23:46:55.739+0000] {processor.py:925} INFO - DAG(s) 'example_short_circuit_decorator' retrieved from /home/airflow/.local/lib/python3.12/site-packages/airflow/example_dags/example_short_circuit_decorator.py
[2025-04-25T23:46:55.978+0000] {logging_mixin.py:190} INFO - [2025-04-25T23:46:55.977+0000] {dag.py:3239} INFO - Sync 1 DAGs
[2025-04-25T23:46:56.897+0000] {logging_mixin.py:190} INFO - [2025-04-25T23:46:56.897+0000] {dag.py:4180} INFO - Setting next_dagrun for example_short_circuit_decorator to None, run_after=None
[2025-04-25T23:46:57.503+0000] {processor.py:208} INFO - Processing /home/airflow/.local/lib/python3.12/site-packages/airflow/example_dags/example_short_circuit_decorator.py took 1.926 seconds
[2025-04-25T23:47:29.006+0000] {processor.py:186} INFO - Started process (PID=1217) to work on /home/airflow/.local/lib/python3.12/site-packages/airflow/example_dags/example_short_circuit_decorator.py
[2025-04-25T23:47:29.008+0000] {processor.py:914} INFO - Processing file /home/airflow/.local/lib/python3.12/site-packages/airflow/example_dags/example_short_circuit_decorator.py for tasks to queue
[2025-04-25T23:47:29.016+0000] {logging_mixin.py:190} INFO - [2025-04-25T23:47:29.016+0000] {dagbag.py:588} INFO - Filling up the DagBag from /home/airflow/.local/lib/python3.12/site-packages/airflow/example_dags/example_short_circuit_decorator.py
[2025-04-25T23:47:29.050+0000] {processor.py:925} INFO - DAG(s) 'example_short_circuit_decorator' retrieved from /home/airflow/.local/lib/python3.12/site-packages/airflow/example_dags/example_short_circuit_decorator.py
[2025-04-25T23:47:29.145+0000] {logging_mixin.py:190} INFO - [2025-04-25T23:47:29.144+0000] {dag.py:3239} INFO - Sync 1 DAGs
[2025-04-25T23:47:29.195+0000] {logging_mixin.py:190} INFO - [2025-04-25T23:47:29.192+0000] {dag.py:4180} INFO - Setting next_dagrun for example_short_circuit_decorator to None, run_after=None
[2025-04-25T23:47:29.253+0000] {processor.py:208} INFO - Processing /home/airflow/.local/lib/python3.12/site-packages/airflow/example_dags/example_short_circuit_decorator.py took 0.259 seconds
[2025-04-25T23:48:01.131+0000] {processor.py:186} INFO - Started process (PID=1280) to work on /home/airflow/.local/lib/python3.12/site-packages/airflow/example_dags/example_short_circuit_decorator.py
[2025-04-25T23:48:01.134+0000] {processor.py:914} INFO - Processing file /home/airflow/.local/lib/python3.12/site-packages/airflow/example_dags/example_short_circuit_decorator.py for tasks to queue
[2025-04-25T23:48:01.138+0000] {logging_mixin.py:190} INFO - [2025-04-25T23:48:01.137+0000] {dagbag.py:588} INFO - Filling up the DagBag from /home/airflow/.local/lib/python3.12/site-packages/airflow/example_dags/example_short_circuit_decorator.py
[2025-04-25T23:48:01.155+0000] {processor.py:925} INFO - DAG(s) 'example_short_circuit_decorator' retrieved from /home/airflow/.local/lib/python3.12/site-packages/airflow/example_dags/example_short_circuit_decorator.py
[2025-04-25T23:48:01.208+0000] {logging_mixin.py:190} INFO - [2025-04-25T23:48:01.208+0000] {dag.py:3239} INFO - Sync 1 DAGs
[2025-04-25T23:48:01.234+0000] {logging_mixin.py:190} INFO - [2025-04-25T23:48:01.234+0000] {dag.py:4180} INFO - Setting next_dagrun for example_short_circuit_decorator to None, run_after=None
[2025-04-25T23:48:01.262+0000] {processor.py:208} INFO - Processing /home/airflow/.local/lib/python3.12/site-packages/airflow/example_dags/example_short_circuit_decorator.py took 0.142 seconds
[2025-04-25T23:48:32.764+0000] {processor.py:186} INFO - Started process (PID=1342) to work on /home/airflow/.local/lib/python3.12/site-packages/airflow/example_dags/example_short_circuit_decorator.py
[2025-04-25T23:48:32.765+0000] {processor.py:914} INFO - Processing file /home/airflow/.local/lib/python3.12/site-packages/airflow/example_dags/example_short_circuit_decorator.py for tasks to queue
[2025-04-25T23:48:32.770+0000] {logging_mixin.py:190} INFO - [2025-04-25T23:48:32.769+0000] {dagbag.py:588} INFO - Filling up the DagBag from /home/airflow/.local/lib/python3.12/site-packages/airflow/example_dags/example_short_circuit_decorator.py
[2025-04-25T23:48:32.785+0000] {processor.py:925} INFO - DAG(s) 'example_short_circuit_decorator' retrieved from /home/airflow/.local/lib/python3.12/site-packages/airflow/example_dags/example_short_circuit_decorator.py
[2025-04-25T23:48:32.820+0000] {logging_mixin.py:190} INFO - [2025-04-25T23:48:32.820+0000] {dag.py:3239} INFO - Sync 1 DAGs
[2025-04-25T23:48:32.842+0000] {logging_mixin.py:190} INFO - [2025-04-25T23:48:32.842+0000] {dag.py:4180} INFO - Setting next_dagrun for example_short_circuit_decorator to None, run_after=None
[2025-04-25T23:48:32.870+0000] {processor.py:208} INFO - Processing /home/airflow/.local/lib/python3.12/site-packages/airflow/example_dags/example_short_circuit_decorator.py took 0.115 seconds
[2025-04-25T23:49:10.215+0000] {processor.py:186} INFO - Started process (PID=1410) to work on /home/airflow/.local/lib/python3.12/site-packages/airflow/example_dags/example_short_circuit_decorator.py
[2025-04-25T23:49:10.219+0000] {processor.py:914} INFO - Processing file /home/airflow/.local/lib/python3.12/site-packages/airflow/example_dags/example_short_circuit_decorator.py for tasks to queue
[2025-04-25T23:49:10.226+0000] {logging_mixin.py:190} INFO - [2025-04-25T23:49:10.226+0000] {dagbag.py:588} INFO - Filling up the DagBag from /home/airflow/.local/lib/python3.12/site-packages/airflow/example_dags/example_short_circuit_decorator.py
[2025-04-25T23:49:10.292+0000] {processor.py:925} INFO - DAG(s) 'example_short_circuit_decorator' retrieved from /home/airflow/.local/lib/python3.12/site-packages/airflow/example_dags/example_short_circuit_decorator.py
[2025-04-25T23:49:10.407+0000] {logging_mixin.py:190} INFO - [2025-04-25T23:49:10.406+0000] {dag.py:3239} INFO - Sync 1 DAGs
[2025-04-25T23:49:10.471+0000] {logging_mixin.py:190} INFO - [2025-04-25T23:49:10.471+0000] {dag.py:4180} INFO - Setting next_dagrun for example_short_circuit_decorator to None, run_after=None
[2025-04-25T23:49:10.532+0000] {processor.py:208} INFO - Processing /home/airflow/.local/lib/python3.12/site-packages/airflow/example_dags/example_short_circuit_decorator.py took 0.419 seconds
[2025-04-25T23:49:41.610+0000] {processor.py:186} INFO - Started process (PID=1475) to work on /home/airflow/.local/lib/python3.12/site-packages/airflow/example_dags/example_short_circuit_decorator.py
[2025-04-25T23:49:41.612+0000] {processor.py:914} INFO - Processing file /home/airflow/.local/lib/python3.12/site-packages/airflow/example_dags/example_short_circuit_decorator.py for tasks to queue
[2025-04-25T23:49:41.615+0000] {logging_mixin.py:190} INFO - [2025-04-25T23:49:41.615+0000] {dagbag.py:588} INFO - Filling up the DagBag from /home/airflow/.local/lib/python3.12/site-packages/airflow/example_dags/example_short_circuit_decorator.py
[2025-04-25T23:49:41.631+0000] {processor.py:925} INFO - DAG(s) 'example_short_circuit_decorator' retrieved from /home/airflow/.local/lib/python3.12/site-packages/airflow/example_dags/example_short_circuit_decorator.py
[2025-04-25T23:49:41.675+0000] {logging_mixin.py:190} INFO - [2025-04-25T23:49:41.675+0000] {dag.py:3239} INFO - Sync 1 DAGs
[2025-04-25T23:49:41.705+0000] {logging_mixin.py:190} INFO - [2025-04-25T23:49:41.704+0000] {dag.py:4180} INFO - Setting next_dagrun for example_short_circuit_decorator to None, run_after=None
[2025-04-25T23:49:41.740+0000] {processor.py:208} INFO - Processing /home/airflow/.local/lib/python3.12/site-packages/airflow/example_dags/example_short_circuit_decorator.py took 0.137 seconds
[2025-04-25T23:50:14.099+0000] {processor.py:186} INFO - Started process (PID=1543) to work on /home/airflow/.local/lib/python3.12/site-packages/airflow/example_dags/example_short_circuit_decorator.py
[2025-04-25T23:50:14.100+0000] {processor.py:914} INFO - Processing file /home/airflow/.local/lib/python3.12/site-packages/airflow/example_dags/example_short_circuit_decorator.py for tasks to queue
[2025-04-25T23:50:14.103+0000] {logging_mixin.py:190} INFO - [2025-04-25T23:50:14.103+0000] {dagbag.py:588} INFO - Filling up the DagBag from /home/airflow/.local/lib/python3.12/site-packages/airflow/example_dags/example_short_circuit_decorator.py
[2025-04-25T23:50:14.118+0000] {processor.py:925} INFO - DAG(s) 'example_short_circuit_decorator' retrieved from /home/airflow/.local/lib/python3.12/site-packages/airflow/example_dags/example_short_circuit_decorator.py
[2025-04-25T23:50:14.156+0000] {logging_mixin.py:190} INFO - [2025-04-25T23:50:14.155+0000] {dag.py:3239} INFO - Sync 1 DAGs
[2025-04-25T23:50:14.188+0000] {logging_mixin.py:190} INFO - [2025-04-25T23:50:14.187+0000] {dag.py:4180} INFO - Setting next_dagrun for example_short_circuit_decorator to None, run_after=None
[2025-04-25T23:50:14.225+0000] {processor.py:208} INFO - Processing /home/airflow/.local/lib/python3.12/site-packages/airflow/example_dags/example_short_circuit_decorator.py took 0.136 seconds
[2025-04-25T23:50:46.640+0000] {processor.py:186} INFO - Started process (PID=1608) to work on /home/airflow/.local/lib/python3.12/site-packages/airflow/example_dags/example_short_circuit_decorator.py
[2025-04-25T23:50:46.641+0000] {processor.py:914} INFO - Processing file /home/airflow/.local/lib/python3.12/site-packages/airflow/example_dags/example_short_circuit_decorator.py for tasks to queue
[2025-04-25T23:50:46.648+0000] {logging_mixin.py:190} INFO - [2025-04-25T23:50:46.647+0000] {dagbag.py:588} INFO - Filling up the DagBag from /home/airflow/.local/lib/python3.12/site-packages/airflow/example_dags/example_short_circuit_decorator.py
[2025-04-25T23:50:46.674+0000] {processor.py:925} INFO - DAG(s) 'example_short_circuit_decorator' retrieved from /home/airflow/.local/lib/python3.12/site-packages/airflow/example_dags/example_short_circuit_decorator.py
[2025-04-25T23:50:46.728+0000] {logging_mixin.py:190} INFO - [2025-04-25T23:50:46.726+0000] {dag.py:3239} INFO - Sync 1 DAGs
[2025-04-25T23:50:46.783+0000] {logging_mixin.py:190} INFO - [2025-04-25T23:50:46.783+0000] {dag.py:4180} INFO - Setting next_dagrun for example_short_circuit_decorator to None, run_after=None
[2025-04-25T23:50:46.822+0000] {processor.py:208} INFO - Processing /home/airflow/.local/lib/python3.12/site-packages/airflow/example_dags/example_short_circuit_decorator.py took 0.191 seconds
[2025-04-25T23:51:23.623+0000] {processor.py:186} INFO - Started process (PID=1673) to work on /home/airflow/.local/lib/python3.12/site-packages/airflow/example_dags/example_short_circuit_decorator.py
[2025-04-25T23:51:23.627+0000] {processor.py:914} INFO - Processing file /home/airflow/.local/lib/python3.12/site-packages/airflow/example_dags/example_short_circuit_decorator.py for tasks to queue
[2025-04-25T23:51:23.667+0000] {logging_mixin.py:190} INFO - [2025-04-25T23:51:23.663+0000] {dagbag.py:588} INFO - Filling up the DagBag from /home/airflow/.local/lib/python3.12/site-packages/airflow/example_dags/example_short_circuit_decorator.py
[2025-04-25T23:51:23.718+0000] {processor.py:925} INFO - DAG(s) 'example_short_circuit_decorator' retrieved from /home/airflow/.local/lib/python3.12/site-packages/airflow/example_dags/example_short_circuit_decorator.py
[2025-04-25T23:51:23.907+0000] {logging_mixin.py:190} INFO - [2025-04-25T23:51:23.906+0000] {dag.py:3239} INFO - Sync 1 DAGs
[2025-04-25T23:51:23.984+0000] {logging_mixin.py:190} INFO - [2025-04-25T23:51:23.984+0000] {dag.py:4180} INFO - Setting next_dagrun for example_short_circuit_decorator to None, run_after=None
[2025-04-25T23:51:24.073+0000] {processor.py:208} INFO - Processing /home/airflow/.local/lib/python3.12/site-packages/airflow/example_dags/example_short_circuit_decorator.py took 0.468 seconds
[2025-04-25T23:51:54.369+0000] {processor.py:186} INFO - Started process (PID=1735) to work on /home/airflow/.local/lib/python3.12/site-packages/airflow/example_dags/example_short_circuit_decorator.py
[2025-04-25T23:51:54.370+0000] {processor.py:914} INFO - Processing file /home/airflow/.local/lib/python3.12/site-packages/airflow/example_dags/example_short_circuit_decorator.py for tasks to queue
[2025-04-25T23:51:54.374+0000] {logging_mixin.py:190} INFO - [2025-04-25T23:51:54.374+0000] {dagbag.py:588} INFO - Filling up the DagBag from /home/airflow/.local/lib/python3.12/site-packages/airflow/example_dags/example_short_circuit_decorator.py
[2025-04-25T23:51:54.391+0000] {processor.py:925} INFO - DAG(s) 'example_short_circuit_decorator' retrieved from /home/airflow/.local/lib/python3.12/site-packages/airflow/example_dags/example_short_circuit_decorator.py
[2025-04-25T23:51:54.439+0000] {logging_mixin.py:190} INFO - [2025-04-25T23:51:54.439+0000] {dag.py:3239} INFO - Sync 1 DAGs
[2025-04-25T23:51:54.474+0000] {logging_mixin.py:190} INFO - [2025-04-25T23:51:54.473+0000] {dag.py:4180} INFO - Setting next_dagrun for example_short_circuit_decorator to None, run_after=None
[2025-04-25T23:51:54.518+0000] {processor.py:208} INFO - Processing /home/airflow/.local/lib/python3.12/site-packages/airflow/example_dags/example_short_circuit_decorator.py took 0.158 seconds
[2025-04-25T23:52:24.951+0000] {processor.py:186} INFO - Started process (PID=1799) to work on /home/airflow/.local/lib/python3.12/site-packages/airflow/example_dags/example_short_circuit_decorator.py
[2025-04-25T23:52:24.966+0000] {processor.py:914} INFO - Processing file /home/airflow/.local/lib/python3.12/site-packages/airflow/example_dags/example_short_circuit_decorator.py for tasks to queue
[2025-04-25T23:52:24.989+0000] {logging_mixin.py:190} INFO - [2025-04-25T23:52:24.989+0000] {dagbag.py:588} INFO - Filling up the DagBag from /home/airflow/.local/lib/python3.12/site-packages/airflow/example_dags/example_short_circuit_decorator.py
[2025-04-25T23:52:25.062+0000] {processor.py:925} INFO - DAG(s) 'example_short_circuit_decorator' retrieved from /home/airflow/.local/lib/python3.12/site-packages/airflow/example_dags/example_short_circuit_decorator.py
[2025-04-25T23:52:25.164+0000] {logging_mixin.py:190} INFO - [2025-04-25T23:52:25.164+0000] {dag.py:3239} INFO - Sync 1 DAGs
[2025-04-25T23:52:25.204+0000] {logging_mixin.py:190} INFO - [2025-04-25T23:52:25.204+0000] {dag.py:4180} INFO - Setting next_dagrun for example_short_circuit_decorator to None, run_after=None
[2025-04-25T23:52:25.260+0000] {processor.py:208} INFO - Processing /home/airflow/.local/lib/python3.12/site-packages/airflow/example_dags/example_short_circuit_decorator.py took 0.368 seconds
[2025-04-25T23:52:56.350+0000] {processor.py:186} INFO - Started process (PID=1863) to work on /home/airflow/.local/lib/python3.12/site-packages/airflow/example_dags/example_short_circuit_decorator.py
[2025-04-25T23:52:56.352+0000] {processor.py:914} INFO - Processing file /home/airflow/.local/lib/python3.12/site-packages/airflow/example_dags/example_short_circuit_decorator.py for tasks to queue
[2025-04-25T23:52:56.355+0000] {logging_mixin.py:190} INFO - [2025-04-25T23:52:56.355+0000] {dagbag.py:588} INFO - Filling up the DagBag from /home/airflow/.local/lib/python3.12/site-packages/airflow/example_dags/example_short_circuit_decorator.py
[2025-04-25T23:52:56.374+0000] {processor.py:925} INFO - DAG(s) 'example_short_circuit_decorator' retrieved from /home/airflow/.local/lib/python3.12/site-packages/airflow/example_dags/example_short_circuit_decorator.py
[2025-04-25T23:52:56.434+0000] {logging_mixin.py:190} INFO - [2025-04-25T23:52:56.433+0000] {dag.py:3239} INFO - Sync 1 DAGs
[2025-04-25T23:52:56.464+0000] {logging_mixin.py:190} INFO - [2025-04-25T23:52:56.463+0000] {dag.py:4180} INFO - Setting next_dagrun for example_short_circuit_decorator to None, run_after=None
[2025-04-25T23:52:56.498+0000] {processor.py:208} INFO - Processing /home/airflow/.local/lib/python3.12/site-packages/airflow/example_dags/example_short_circuit_decorator.py took 0.157 seconds
[2025-04-25T23:53:26.733+0000] {processor.py:186} INFO - Started process (PID=1927) to work on /home/airflow/.local/lib/python3.12/site-packages/airflow/example_dags/example_short_circuit_decorator.py
[2025-04-25T23:53:26.736+0000] {processor.py:914} INFO - Processing file /home/airflow/.local/lib/python3.12/site-packages/airflow/example_dags/example_short_circuit_decorator.py for tasks to queue
[2025-04-25T23:53:26.740+0000] {logging_mixin.py:190} INFO - [2025-04-25T23:53:26.740+0000] {dagbag.py:588} INFO - Filling up the DagBag from /home/airflow/.local/lib/python3.12/site-packages/airflow/example_dags/example_short_circuit_decorator.py
[2025-04-25T23:53:26.755+0000] {processor.py:925} INFO - DAG(s) 'example_short_circuit_decorator' retrieved from /home/airflow/.local/lib/python3.12/site-packages/airflow/example_dags/example_short_circuit_decorator.py
[2025-04-25T23:53:26.822+0000] {logging_mixin.py:190} INFO - [2025-04-25T23:53:26.822+0000] {dag.py:3239} INFO - Sync 1 DAGs
[2025-04-25T23:53:26.859+0000] {logging_mixin.py:190} INFO - [2025-04-25T23:53:26.859+0000] {dag.py:4180} INFO - Setting next_dagrun for example_short_circuit_decorator to None, run_after=None
[2025-04-25T23:53:26.893+0000] {processor.py:208} INFO - Processing /home/airflow/.local/lib/python3.12/site-packages/airflow/example_dags/example_short_circuit_decorator.py took 0.168 seconds
[2025-04-25T23:53:57.037+0000] {processor.py:186} INFO - Started process (PID=1990) to work on /home/airflow/.local/lib/python3.12/site-packages/airflow/example_dags/example_short_circuit_decorator.py
[2025-04-25T23:53:57.038+0000] {processor.py:914} INFO - Processing file /home/airflow/.local/lib/python3.12/site-packages/airflow/example_dags/example_short_circuit_decorator.py for tasks to queue
[2025-04-25T23:53:57.041+0000] {logging_mixin.py:190} INFO - [2025-04-25T23:53:57.040+0000] {dagbag.py:588} INFO - Filling up the DagBag from /home/airflow/.local/lib/python3.12/site-packages/airflow/example_dags/example_short_circuit_decorator.py
[2025-04-25T23:53:57.054+0000] {processor.py:925} INFO - DAG(s) 'example_short_circuit_decorator' retrieved from /home/airflow/.local/lib/python3.12/site-packages/airflow/example_dags/example_short_circuit_decorator.py
[2025-04-25T23:53:57.085+0000] {logging_mixin.py:190} INFO - [2025-04-25T23:53:57.085+0000] {dag.py:3239} INFO - Sync 1 DAGs
[2025-04-25T23:53:57.104+0000] {logging_mixin.py:190} INFO - [2025-04-25T23:53:57.103+0000] {dag.py:4180} INFO - Setting next_dagrun for example_short_circuit_decorator to None, run_after=None
[2025-04-25T23:53:57.129+0000] {processor.py:208} INFO - Processing /home/airflow/.local/lib/python3.12/site-packages/airflow/example_dags/example_short_circuit_decorator.py took 0.100 seconds
[2025-04-25T23:54:27.326+0000] {processor.py:186} INFO - Started process (PID=2054) to work on /home/airflow/.local/lib/python3.12/site-packages/airflow/example_dags/example_short_circuit_decorator.py
[2025-04-25T23:54:27.327+0000] {processor.py:914} INFO - Processing file /home/airflow/.local/lib/python3.12/site-packages/airflow/example_dags/example_short_circuit_decorator.py for tasks to queue
[2025-04-25T23:54:27.330+0000] {logging_mixin.py:190} INFO - [2025-04-25T23:54:27.330+0000] {dagbag.py:588} INFO - Filling up the DagBag from /home/airflow/.local/lib/python3.12/site-packages/airflow/example_dags/example_short_circuit_decorator.py
[2025-04-25T23:54:27.340+0000] {processor.py:925} INFO - DAG(s) 'example_short_circuit_decorator' retrieved from /home/airflow/.local/lib/python3.12/site-packages/airflow/example_dags/example_short_circuit_decorator.py
[2025-04-25T23:54:27.368+0000] {logging_mixin.py:190} INFO - [2025-04-25T23:54:27.368+0000] {dag.py:3239} INFO - Sync 1 DAGs
[2025-04-25T23:54:27.386+0000] {logging_mixin.py:190} INFO - [2025-04-25T23:54:27.386+0000] {dag.py:4180} INFO - Setting next_dagrun for example_short_circuit_decorator to None, run_after=None
[2025-04-25T23:54:27.411+0000] {processor.py:208} INFO - Processing /home/airflow/.local/lib/python3.12/site-packages/airflow/example_dags/example_short_circuit_decorator.py took 0.093 seconds
[2025-04-25T23:54:57.810+0000] {processor.py:186} INFO - Started process (PID=2118) to work on /home/airflow/.local/lib/python3.12/site-packages/airflow/example_dags/example_short_circuit_decorator.py
[2025-04-25T23:54:57.811+0000] {processor.py:914} INFO - Processing file /home/airflow/.local/lib/python3.12/site-packages/airflow/example_dags/example_short_circuit_decorator.py for tasks to queue
[2025-04-25T23:54:57.814+0000] {logging_mixin.py:190} INFO - [2025-04-25T23:54:57.813+0000] {dagbag.py:588} INFO - Filling up the DagBag from /home/airflow/.local/lib/python3.12/site-packages/airflow/example_dags/example_short_circuit_decorator.py
[2025-04-25T23:54:57.824+0000] {processor.py:925} INFO - DAG(s) 'example_short_circuit_decorator' retrieved from /home/airflow/.local/lib/python3.12/site-packages/airflow/example_dags/example_short_circuit_decorator.py
[2025-04-25T23:54:57.850+0000] {logging_mixin.py:190} INFO - [2025-04-25T23:54:57.850+0000] {dag.py:3239} INFO - Sync 1 DAGs
[2025-04-25T23:54:57.873+0000] {logging_mixin.py:190} INFO - [2025-04-25T23:54:57.873+0000] {dag.py:4180} INFO - Setting next_dagrun for example_short_circuit_decorator to None, run_after=None
[2025-04-25T23:54:57.895+0000] {processor.py:208} INFO - Processing /home/airflow/.local/lib/python3.12/site-packages/airflow/example_dags/example_short_circuit_decorator.py took 0.092 seconds
[2025-04-25T23:55:28.419+0000] {processor.py:186} INFO - Started process (PID=2182) to work on /home/airflow/.local/lib/python3.12/site-packages/airflow/example_dags/example_short_circuit_decorator.py
[2025-04-25T23:55:28.428+0000] {processor.py:914} INFO - Processing file /home/airflow/.local/lib/python3.12/site-packages/airflow/example_dags/example_short_circuit_decorator.py for tasks to queue
[2025-04-25T23:55:28.446+0000] {logging_mixin.py:190} INFO - [2025-04-25T23:55:28.442+0000] {dagbag.py:588} INFO - Filling up the DagBag from /home/airflow/.local/lib/python3.12/site-packages/airflow/example_dags/example_short_circuit_decorator.py
[2025-04-25T23:55:28.472+0000] {processor.py:925} INFO - DAG(s) 'example_short_circuit_decorator' retrieved from /home/airflow/.local/lib/python3.12/site-packages/airflow/example_dags/example_short_circuit_decorator.py
[2025-04-25T23:55:28.588+0000] {logging_mixin.py:190} INFO - [2025-04-25T23:55:28.588+0000] {dag.py:3239} INFO - Sync 1 DAGs
[2025-04-25T23:55:28.733+0000] {logging_mixin.py:190} INFO - [2025-04-25T23:55:28.726+0000] {dag.py:4180} INFO - Setting next_dagrun for example_short_circuit_decorator to None, run_after=None
[2025-04-25T23:55:28.789+0000] {processor.py:208} INFO - Processing /home/airflow/.local/lib/python3.12/site-packages/airflow/example_dags/example_short_circuit_decorator.py took 0.382 seconds
[2025-04-25T23:55:58.983+0000] {processor.py:186} INFO - Started process (PID=2246) to work on /home/airflow/.local/lib/python3.12/site-packages/airflow/example_dags/example_short_circuit_decorator.py
[2025-04-25T23:55:58.985+0000] {processor.py:914} INFO - Processing file /home/airflow/.local/lib/python3.12/site-packages/airflow/example_dags/example_short_circuit_decorator.py for tasks to queue
[2025-04-25T23:55:58.996+0000] {logging_mixin.py:190} INFO - [2025-04-25T23:55:58.995+0000] {dagbag.py:588} INFO - Filling up the DagBag from /home/airflow/.local/lib/python3.12/site-packages/airflow/example_dags/example_short_circuit_decorator.py
[2025-04-25T23:55:59.022+0000] {processor.py:925} INFO - DAG(s) 'example_short_circuit_decorator' retrieved from /home/airflow/.local/lib/python3.12/site-packages/airflow/example_dags/example_short_circuit_decorator.py
[2025-04-25T23:55:59.060+0000] {logging_mixin.py:190} INFO - [2025-04-25T23:55:59.060+0000] {dag.py:3239} INFO - Sync 1 DAGs
[2025-04-25T23:55:59.084+0000] {logging_mixin.py:190} INFO - [2025-04-25T23:55:59.084+0000] {dag.py:4180} INFO - Setting next_dagrun for example_short_circuit_decorator to None, run_after=None
[2025-04-25T23:55:59.118+0000] {processor.py:208} INFO - Processing /home/airflow/.local/lib/python3.12/site-packages/airflow/example_dags/example_short_circuit_decorator.py took 0.148 seconds
[2025-04-25T23:56:29.618+0000] {processor.py:186} INFO - Started process (PID=2311) to work on /home/airflow/.local/lib/python3.12/site-packages/airflow/example_dags/example_short_circuit_decorator.py
[2025-04-25T23:56:29.656+0000] {processor.py:914} INFO - Processing file /home/airflow/.local/lib/python3.12/site-packages/airflow/example_dags/example_short_circuit_decorator.py for tasks to queue
[2025-04-25T23:56:29.658+0000] {logging_mixin.py:190} INFO - [2025-04-25T23:56:29.658+0000] {dagbag.py:588} INFO - Filling up the DagBag from /home/airflow/.local/lib/python3.12/site-packages/airflow/example_dags/example_short_circuit_decorator.py
[2025-04-25T23:56:29.744+0000] {processor.py:925} INFO - DAG(s) 'example_short_circuit_decorator' retrieved from /home/airflow/.local/lib/python3.12/site-packages/airflow/example_dags/example_short_circuit_decorator.py
[2025-04-25T23:56:29.792+0000] {logging_mixin.py:190} INFO - [2025-04-25T23:56:29.791+0000] {dag.py:3239} INFO - Sync 1 DAGs
[2025-04-25T23:56:29.820+0000] {logging_mixin.py:190} INFO - [2025-04-25T23:56:29.820+0000] {dag.py:4180} INFO - Setting next_dagrun for example_short_circuit_decorator to None, run_after=None
[2025-04-25T23:56:29.883+0000] {processor.py:208} INFO - Processing /home/airflow/.local/lib/python3.12/site-packages/airflow/example_dags/example_short_circuit_decorator.py took 0.290 seconds
[2025-04-25T23:57:00.389+0000] {processor.py:186} INFO - Started process (PID=2375) to work on /home/airflow/.local/lib/python3.12/site-packages/airflow/example_dags/example_short_circuit_decorator.py
[2025-04-25T23:57:00.392+0000] {processor.py:914} INFO - Processing file /home/airflow/.local/lib/python3.12/site-packages/airflow/example_dags/example_short_circuit_decorator.py for tasks to queue
[2025-04-25T23:57:00.394+0000] {logging_mixin.py:190} INFO - [2025-04-25T23:57:00.393+0000] {dagbag.py:588} INFO - Filling up the DagBag from /home/airflow/.local/lib/python3.12/site-packages/airflow/example_dags/example_short_circuit_decorator.py
[2025-04-25T23:57:00.458+0000] {processor.py:925} INFO - DAG(s) 'example_short_circuit_decorator' retrieved from /home/airflow/.local/lib/python3.12/site-packages/airflow/example_dags/example_short_circuit_decorator.py
[2025-04-25T23:57:00.542+0000] {logging_mixin.py:190} INFO - [2025-04-25T23:57:00.541+0000] {dag.py:3239} INFO - Sync 1 DAGs
[2025-04-25T23:57:00.571+0000] {logging_mixin.py:190} INFO - [2025-04-25T23:57:00.571+0000] {dag.py:4180} INFO - Setting next_dagrun for example_short_circuit_decorator to None, run_after=None
[2025-04-25T23:57:00.609+0000] {processor.py:208} INFO - Processing /home/airflow/.local/lib/python3.12/site-packages/airflow/example_dags/example_short_circuit_decorator.py took 0.263 seconds
[2025-04-25T23:57:31.658+0000] {processor.py:186} INFO - Started process (PID=2445) to work on /home/airflow/.local/lib/python3.12/site-packages/airflow/example_dags/example_short_circuit_decorator.py
[2025-04-25T23:57:31.664+0000] {processor.py:914} INFO - Processing file /home/airflow/.local/lib/python3.12/site-packages/airflow/example_dags/example_short_circuit_decorator.py for tasks to queue
[2025-04-25T23:57:31.671+0000] {logging_mixin.py:190} INFO - [2025-04-25T23:57:31.670+0000] {dagbag.py:588} INFO - Filling up the DagBag from /home/airflow/.local/lib/python3.12/site-packages/airflow/example_dags/example_short_circuit_decorator.py
[2025-04-25T23:57:31.699+0000] {processor.py:925} INFO - DAG(s) 'example_short_circuit_decorator' retrieved from /home/airflow/.local/lib/python3.12/site-packages/airflow/example_dags/example_short_circuit_decorator.py
[2025-04-25T23:57:31.820+0000] {logging_mixin.py:190} INFO - [2025-04-25T23:57:31.820+0000] {dag.py:3239} INFO - Sync 1 DAGs
[2025-04-25T23:57:31.851+0000] {logging_mixin.py:190} INFO - [2025-04-25T23:57:31.850+0000] {dag.py:4180} INFO - Setting next_dagrun for example_short_circuit_decorator to None, run_after=None
[2025-04-25T23:57:31.882+0000] {processor.py:208} INFO - Processing /home/airflow/.local/lib/python3.12/site-packages/airflow/example_dags/example_short_circuit_decorator.py took 0.246 seconds
[2025-04-25T23:59:09.065+0000] {processor.py:186} INFO - Started process (PID=2531) to work on /home/airflow/.local/lib/python3.12/site-packages/airflow/example_dags/example_short_circuit_decorator.py
[2025-04-25T23:59:09.066+0000] {processor.py:914} INFO - Processing file /home/airflow/.local/lib/python3.12/site-packages/airflow/example_dags/example_short_circuit_decorator.py for tasks to queue
[2025-04-25T23:59:09.069+0000] {logging_mixin.py:190} INFO - [2025-04-25T23:59:09.068+0000] {dagbag.py:588} INFO - Filling up the DagBag from /home/airflow/.local/lib/python3.12/site-packages/airflow/example_dags/example_short_circuit_decorator.py
[2025-04-25T23:59:09.093+0000] {processor.py:925} INFO - DAG(s) 'example_short_circuit_decorator' retrieved from /home/airflow/.local/lib/python3.12/site-packages/airflow/example_dags/example_short_circuit_decorator.py
[2025-04-25T23:59:09.252+0000] {logging_mixin.py:190} INFO - [2025-04-25T23:59:09.251+0000] {dag.py:3239} INFO - Sync 1 DAGs
[2025-04-25T23:59:09.292+0000] {logging_mixin.py:190} INFO - [2025-04-25T23:59:09.292+0000] {dag.py:4180} INFO - Setting next_dagrun for example_short_circuit_decorator to None, run_after=None
[2025-04-25T23:59:09.377+0000] {processor.py:208} INFO - Processing /home/airflow/.local/lib/python3.12/site-packages/airflow/example_dags/example_short_circuit_decorator.py took 0.325 seconds
[2025-04-25T23:59:45.538+0000] {processor.py:186} INFO - Started process (PID=2596) to work on /home/airflow/.local/lib/python3.12/site-packages/airflow/example_dags/example_short_circuit_decorator.py
[2025-04-25T23:59:45.547+0000] {processor.py:914} INFO - Processing file /home/airflow/.local/lib/python3.12/site-packages/airflow/example_dags/example_short_circuit_decorator.py for tasks to queue
[2025-04-25T23:59:45.549+0000] {logging_mixin.py:190} INFO - [2025-04-25T23:59:45.549+0000] {dagbag.py:588} INFO - Filling up the DagBag from /home/airflow/.local/lib/python3.12/site-packages/airflow/example_dags/example_short_circuit_decorator.py
[2025-04-25T23:59:45.627+0000] {processor.py:925} INFO - DAG(s) 'example_short_circuit_decorator' retrieved from /home/airflow/.local/lib/python3.12/site-packages/airflow/example_dags/example_short_circuit_decorator.py
[2025-04-25T23:59:45.696+0000] {logging_mixin.py:190} INFO - [2025-04-25T23:59:45.696+0000] {dag.py:3239} INFO - Sync 1 DAGs
[2025-04-25T23:59:45.784+0000] {logging_mixin.py:190} INFO - [2025-04-25T23:59:45.783+0000] {dag.py:4180} INFO - Setting next_dagrun for example_short_circuit_decorator to None, run_after=None
[2025-04-25T23:59:45.835+0000] {processor.py:208} INFO - Processing /home/airflow/.local/lib/python3.12/site-packages/airflow/example_dags/example_short_circuit_decorator.py took 0.320 seconds
