[2025-04-25T23:33:21.760+0000] {processor.py:186} INFO - Started process (PID=134) to work on /home/airflow/.local/lib/python3.12/site-packages/airflow/example_dags/example_nested_branch_dag.py
[2025-04-25T23:33:21.762+0000] {processor.py:914} INFO - Processing file /home/airflow/.local/lib/python3.12/site-packages/airflow/example_dags/example_nested_branch_dag.py for tasks to queue
[2025-04-25T23:33:21.788+0000] {logging_mixin.py:190} INFO - [2025-04-25T23:33:21.786+0000] {dagbag.py:588} INFO - Filling up the DagBag from /home/airflow/.local/lib/python3.12/site-packages/airflow/example_dags/example_nested_branch_dag.py
[2025-04-25T23:33:21.868+0000] {processor.py:925} INFO - DAG(s) 'example_nested_branch_dag' retrieved from /home/airflow/.local/lib/python3.12/site-packages/airflow/example_dags/example_nested_branch_dag.py
[2025-04-25T23:33:22.939+0000] {logging_mixin.py:190} INFO - [2025-04-25T23:33:22.937+0000] {override.py:1911} INFO - Created Permission View: can delete on DAG:example_nested_branch_dag
[2025-04-25T23:33:23.025+0000] {logging_mixin.py:190} INFO - [2025-04-25T23:33:23.024+0000] {override.py:1911} INFO - Created Permission View: can read on DAG:example_nested_branch_dag
[2025-04-25T23:33:23.071+0000] {logging_mixin.py:190} INFO - [2025-04-25T23:33:23.071+0000] {override.py:1911} INFO - Created Permission View: can edit on DAG:example_nested_branch_dag
[2025-04-25T23:33:23.108+0000] {logging_mixin.py:190} INFO - [2025-04-25T23:33:23.108+0000] {override.py:1911} INFO - Created Permission View: can create on DAG Run:example_nested_branch_dag
[2025-04-25T23:33:23.140+0000] {logging_mixin.py:190} INFO - [2025-04-25T23:33:23.139+0000] {override.py:1911} INFO - Created Permission View: can delete on DAG Run:example_nested_branch_dag
[2025-04-25T23:33:23.197+0000] {logging_mixin.py:190} INFO - [2025-04-25T23:33:23.196+0000] {override.py:1911} INFO - Created Permission View: can read on DAG Run:example_nested_branch_dag
[2025-04-25T23:33:23.242+0000] {logging_mixin.py:190} INFO - [2025-04-25T23:33:23.241+0000] {override.py:1911} INFO - Created Permission View: menu access on DAG Run:example_nested_branch_dag
[2025-04-25T23:33:23.246+0000] {logging_mixin.py:190} INFO - [2025-04-25T23:33:23.246+0000] {dag.py:3239} INFO - Sync 1 DAGs
[2025-04-25T23:33:23.307+0000] {logging_mixin.py:190} INFO - [2025-04-25T23:33:23.307+0000] {dag.py:3262} INFO - Creating ORM DAG for example_nested_branch_dag
[2025-04-25T23:33:23.338+0000] {logging_mixin.py:190} INFO - [2025-04-25T23:33:23.337+0000] {dag.py:4180} INFO - Setting next_dagrun for example_nested_branch_dag to 2025-04-24 00:00:00+00:00, run_after=2025-04-25 00:00:00+00:00
[2025-04-25T23:33:23.423+0000] {processor.py:208} INFO - Processing /home/airflow/.local/lib/python3.12/site-packages/airflow/example_dags/example_nested_branch_dag.py took 1.691 seconds
[2025-04-25T23:33:53.737+0000] {processor.py:186} INFO - Started process (PID=196) to work on /home/airflow/.local/lib/python3.12/site-packages/airflow/example_dags/example_nested_branch_dag.py
[2025-04-25T23:33:53.742+0000] {processor.py:914} INFO - Processing file /home/airflow/.local/lib/python3.12/site-packages/airflow/example_dags/example_nested_branch_dag.py for tasks to queue
[2025-04-25T23:33:53.747+0000] {logging_mixin.py:190} INFO - [2025-04-25T23:33:53.746+0000] {dagbag.py:588} INFO - Filling up the DagBag from /home/airflow/.local/lib/python3.12/site-packages/airflow/example_dags/example_nested_branch_dag.py
[2025-04-25T23:33:53.793+0000] {processor.py:925} INFO - DAG(s) 'example_nested_branch_dag' retrieved from /home/airflow/.local/lib/python3.12/site-packages/airflow/example_dags/example_nested_branch_dag.py
[2025-04-25T23:33:53.846+0000] {logging_mixin.py:190} INFO - [2025-04-25T23:33:53.846+0000] {dag.py:3239} INFO - Sync 1 DAGs
[2025-04-25T23:33:53.926+0000] {logging_mixin.py:190} INFO - [2025-04-25T23:33:53.925+0000] {dag.py:4180} INFO - Setting next_dagrun for example_nested_branch_dag to 2025-04-24 00:00:00+00:00, run_after=2025-04-25 00:00:00+00:00
[2025-04-25T23:33:53.990+0000] {processor.py:208} INFO - Processing /home/airflow/.local/lib/python3.12/site-packages/airflow/example_dags/example_nested_branch_dag.py took 0.272 seconds
[2025-04-25T23:34:55.678+0000] {processor.py:186} INFO - Started process (PID=258) to work on /home/airflow/.local/lib/python3.12/site-packages/airflow/example_dags/example_nested_branch_dag.py
[2025-04-25T23:34:55.701+0000] {processor.py:914} INFO - Processing file /home/airflow/.local/lib/python3.12/site-packages/airflow/example_dags/example_nested_branch_dag.py for tasks to queue
[2025-04-25T23:34:55.764+0000] {logging_mixin.py:190} INFO - [2025-04-25T23:34:55.764+0000] {dagbag.py:588} INFO - Filling up the DagBag from /home/airflow/.local/lib/python3.12/site-packages/airflow/example_dags/example_nested_branch_dag.py
[2025-04-25T23:34:55.874+0000] {processor.py:925} INFO - DAG(s) 'example_nested_branch_dag' retrieved from /home/airflow/.local/lib/python3.12/site-packages/airflow/example_dags/example_nested_branch_dag.py
[2025-04-25T23:34:56.061+0000] {logging_mixin.py:190} INFO - [2025-04-25T23:34:56.061+0000] {dag.py:3239} INFO - Sync 1 DAGs
[2025-04-25T23:34:56.667+0000] {logging_mixin.py:190} INFO - [2025-04-25T23:34:56.662+0000] {dag.py:4180} INFO - Setting next_dagrun for example_nested_branch_dag to 2025-04-24 00:00:00+00:00, run_after=2025-04-25 00:00:00+00:00
[2025-04-25T23:34:56.987+0000] {processor.py:208} INFO - Processing /home/airflow/.local/lib/python3.12/site-packages/airflow/example_dags/example_nested_branch_dag.py took 1.424 seconds
[2025-04-25T23:37:55.383+0000] {processor.py:186} INFO - Started process (PID=110) to work on /home/airflow/.local/lib/python3.12/site-packages/airflow/example_dags/example_nested_branch_dag.py
[2025-04-25T23:37:55.386+0000] {processor.py:914} INFO - Processing file /home/airflow/.local/lib/python3.12/site-packages/airflow/example_dags/example_nested_branch_dag.py for tasks to queue
[2025-04-25T23:37:55.393+0000] {logging_mixin.py:190} INFO - [2025-04-25T23:37:55.392+0000] {dagbag.py:588} INFO - Filling up the DagBag from /home/airflow/.local/lib/python3.12/site-packages/airflow/example_dags/example_nested_branch_dag.py
[2025-04-25T23:37:55.439+0000] {processor.py:925} INFO - DAG(s) 'example_nested_branch_dag' retrieved from /home/airflow/.local/lib/python3.12/site-packages/airflow/example_dags/example_nested_branch_dag.py
[2025-04-25T23:37:55.552+0000] {logging_mixin.py:190} INFO - [2025-04-25T23:37:55.550+0000] {dag.py:3239} INFO - Sync 1 DAGs
[2025-04-25T23:37:55.658+0000] {logging_mixin.py:190} INFO - [2025-04-25T23:37:55.657+0000] {dag.py:4180} INFO - Setting next_dagrun for example_nested_branch_dag to 2025-04-24 00:00:00+00:00, run_after=2025-04-25 00:00:00+00:00
[2025-04-25T23:37:55.696+0000] {processor.py:208} INFO - Processing /home/airflow/.local/lib/python3.12/site-packages/airflow/example_dags/example_nested_branch_dag.py took 0.350 seconds
[2025-04-25T23:38:27.296+0000] {processor.py:186} INFO - Started process (PID=173) to work on /home/airflow/.local/lib/python3.12/site-packages/airflow/example_dags/example_nested_branch_dag.py
[2025-04-25T23:38:27.300+0000] {processor.py:914} INFO - Processing file /home/airflow/.local/lib/python3.12/site-packages/airflow/example_dags/example_nested_branch_dag.py for tasks to queue
[2025-04-25T23:38:27.307+0000] {logging_mixin.py:190} INFO - [2025-04-25T23:38:27.307+0000] {dagbag.py:588} INFO - Filling up the DagBag from /home/airflow/.local/lib/python3.12/site-packages/airflow/example_dags/example_nested_branch_dag.py
[2025-04-25T23:38:27.350+0000] {processor.py:925} INFO - DAG(s) 'example_nested_branch_dag' retrieved from /home/airflow/.local/lib/python3.12/site-packages/airflow/example_dags/example_nested_branch_dag.py
[2025-04-25T23:38:27.645+0000] {logging_mixin.py:190} INFO - [2025-04-25T23:38:27.644+0000] {dag.py:3239} INFO - Sync 1 DAGs
[2025-04-25T23:38:27.726+0000] {logging_mixin.py:190} INFO - [2025-04-25T23:38:27.726+0000] {dag.py:4180} INFO - Setting next_dagrun for example_nested_branch_dag to 2025-04-24 00:00:00+00:00, run_after=2025-04-25 00:00:00+00:00
[2025-04-25T23:38:27.787+0000] {processor.py:208} INFO - Processing /home/airflow/.local/lib/python3.12/site-packages/airflow/example_dags/example_nested_branch_dag.py took 0.528 seconds
[2025-04-25T23:38:58.657+0000] {processor.py:186} INFO - Started process (PID=236) to work on /home/airflow/.local/lib/python3.12/site-packages/airflow/example_dags/example_nested_branch_dag.py
[2025-04-25T23:38:58.660+0000] {processor.py:914} INFO - Processing file /home/airflow/.local/lib/python3.12/site-packages/airflow/example_dags/example_nested_branch_dag.py for tasks to queue
[2025-04-25T23:38:58.663+0000] {logging_mixin.py:190} INFO - [2025-04-25T23:38:58.663+0000] {dagbag.py:588} INFO - Filling up the DagBag from /home/airflow/.local/lib/python3.12/site-packages/airflow/example_dags/example_nested_branch_dag.py
[2025-04-25T23:38:58.687+0000] {processor.py:925} INFO - DAG(s) 'example_nested_branch_dag' retrieved from /home/airflow/.local/lib/python3.12/site-packages/airflow/example_dags/example_nested_branch_dag.py
[2025-04-25T23:38:58.760+0000] {logging_mixin.py:190} INFO - [2025-04-25T23:38:58.759+0000] {dag.py:3239} INFO - Sync 1 DAGs
[2025-04-25T23:38:58.806+0000] {logging_mixin.py:190} INFO - [2025-04-25T23:38:58.806+0000] {dag.py:4180} INFO - Setting next_dagrun for example_nested_branch_dag to 2025-04-24 00:00:00+00:00, run_after=2025-04-25 00:00:00+00:00
[2025-04-25T23:38:58.839+0000] {processor.py:208} INFO - Processing /home/airflow/.local/lib/python3.12/site-packages/airflow/example_dags/example_nested_branch_dag.py took 0.191 seconds
[2025-04-25T23:39:40.091+0000] {processor.py:186} INFO - Started process (PID=299) to work on /home/airflow/.local/lib/python3.12/site-packages/airflow/example_dags/example_nested_branch_dag.py
[2025-04-25T23:39:40.098+0000] {processor.py:914} INFO - Processing file /home/airflow/.local/lib/python3.12/site-packages/airflow/example_dags/example_nested_branch_dag.py for tasks to queue
[2025-04-25T23:39:40.108+0000] {logging_mixin.py:190} INFO - [2025-04-25T23:39:40.107+0000] {dagbag.py:588} INFO - Filling up the DagBag from /home/airflow/.local/lib/python3.12/site-packages/airflow/example_dags/example_nested_branch_dag.py
[2025-04-25T23:39:40.188+0000] {processor.py:925} INFO - DAG(s) 'example_nested_branch_dag' retrieved from /home/airflow/.local/lib/python3.12/site-packages/airflow/example_dags/example_nested_branch_dag.py
[2025-04-25T23:39:40.342+0000] {logging_mixin.py:190} INFO - [2025-04-25T23:39:40.342+0000] {dag.py:3239} INFO - Sync 1 DAGs
[2025-04-25T23:39:40.492+0000] {logging_mixin.py:190} INFO - [2025-04-25T23:39:40.491+0000] {dag.py:4180} INFO - Setting next_dagrun for example_nested_branch_dag to 2025-04-24 00:00:00+00:00, run_after=2025-04-25 00:00:00+00:00
[2025-04-25T23:39:40.709+0000] {processor.py:208} INFO - Processing /home/airflow/.local/lib/python3.12/site-packages/airflow/example_dags/example_nested_branch_dag.py took 0.639 seconds
[2025-04-25T23:40:10.872+0000] {processor.py:186} INFO - Started process (PID=361) to work on /home/airflow/.local/lib/python3.12/site-packages/airflow/example_dags/example_nested_branch_dag.py
[2025-04-25T23:40:10.873+0000] {processor.py:914} INFO - Processing file /home/airflow/.local/lib/python3.12/site-packages/airflow/example_dags/example_nested_branch_dag.py for tasks to queue
[2025-04-25T23:40:10.877+0000] {logging_mixin.py:190} INFO - [2025-04-25T23:40:10.876+0000] {dagbag.py:588} INFO - Filling up the DagBag from /home/airflow/.local/lib/python3.12/site-packages/airflow/example_dags/example_nested_branch_dag.py
[2025-04-25T23:40:10.916+0000] {processor.py:925} INFO - DAG(s) 'example_nested_branch_dag' retrieved from /home/airflow/.local/lib/python3.12/site-packages/airflow/example_dags/example_nested_branch_dag.py
[2025-04-25T23:40:10.980+0000] {logging_mixin.py:190} INFO - [2025-04-25T23:40:10.979+0000] {dag.py:3239} INFO - Sync 1 DAGs
[2025-04-25T23:40:11.022+0000] {logging_mixin.py:190} INFO - [2025-04-25T23:40:11.021+0000] {dag.py:4180} INFO - Setting next_dagrun for example_nested_branch_dag to 2025-04-24 00:00:00+00:00, run_after=2025-04-25 00:00:00+00:00
[2025-04-25T23:40:11.055+0000] {processor.py:208} INFO - Processing /home/airflow/.local/lib/python3.12/site-packages/airflow/example_dags/example_nested_branch_dag.py took 0.199 seconds
[2025-04-25T23:40:41.366+0000] {processor.py:186} INFO - Started process (PID=424) to work on /home/airflow/.local/lib/python3.12/site-packages/airflow/example_dags/example_nested_branch_dag.py
[2025-04-25T23:40:41.367+0000] {processor.py:914} INFO - Processing file /home/airflow/.local/lib/python3.12/site-packages/airflow/example_dags/example_nested_branch_dag.py for tasks to queue
[2025-04-25T23:40:41.372+0000] {logging_mixin.py:190} INFO - [2025-04-25T23:40:41.371+0000] {dagbag.py:588} INFO - Filling up the DagBag from /home/airflow/.local/lib/python3.12/site-packages/airflow/example_dags/example_nested_branch_dag.py
[2025-04-25T23:40:41.392+0000] {processor.py:925} INFO - DAG(s) 'example_nested_branch_dag' retrieved from /home/airflow/.local/lib/python3.12/site-packages/airflow/example_dags/example_nested_branch_dag.py
[2025-04-25T23:40:41.442+0000] {logging_mixin.py:190} INFO - [2025-04-25T23:40:41.441+0000] {dag.py:3239} INFO - Sync 1 DAGs
[2025-04-25T23:40:41.491+0000] {logging_mixin.py:190} INFO - [2025-04-25T23:40:41.491+0000] {dag.py:4180} INFO - Setting next_dagrun for example_nested_branch_dag to 2025-04-24 00:00:00+00:00, run_after=2025-04-25 00:00:00+00:00
[2025-04-25T23:40:41.538+0000] {processor.py:208} INFO - Processing /home/airflow/.local/lib/python3.12/site-packages/airflow/example_dags/example_nested_branch_dag.py took 0.186 seconds
[2025-04-25T23:41:11.669+0000] {processor.py:186} INFO - Started process (PID=487) to work on /home/airflow/.local/lib/python3.12/site-packages/airflow/example_dags/example_nested_branch_dag.py
[2025-04-25T23:41:11.671+0000] {processor.py:914} INFO - Processing file /home/airflow/.local/lib/python3.12/site-packages/airflow/example_dags/example_nested_branch_dag.py for tasks to queue
[2025-04-25T23:41:11.678+0000] {logging_mixin.py:190} INFO - [2025-04-25T23:41:11.678+0000] {dagbag.py:588} INFO - Filling up the DagBag from /home/airflow/.local/lib/python3.12/site-packages/airflow/example_dags/example_nested_branch_dag.py
[2025-04-25T23:41:11.702+0000] {processor.py:925} INFO - DAG(s) 'example_nested_branch_dag' retrieved from /home/airflow/.local/lib/python3.12/site-packages/airflow/example_dags/example_nested_branch_dag.py
[2025-04-25T23:41:11.749+0000] {logging_mixin.py:190} INFO - [2025-04-25T23:41:11.748+0000] {dag.py:3239} INFO - Sync 1 DAGs
[2025-04-25T23:41:11.794+0000] {logging_mixin.py:190} INFO - [2025-04-25T23:41:11.794+0000] {dag.py:4180} INFO - Setting next_dagrun for example_nested_branch_dag to 2025-04-24 00:00:00+00:00, run_after=2025-04-25 00:00:00+00:00
[2025-04-25T23:41:11.828+0000] {processor.py:208} INFO - Processing /home/airflow/.local/lib/python3.12/site-packages/airflow/example_dags/example_nested_branch_dag.py took 0.174 seconds
[2025-04-25T23:41:42.081+0000] {processor.py:186} INFO - Started process (PID=549) to work on /home/airflow/.local/lib/python3.12/site-packages/airflow/example_dags/example_nested_branch_dag.py
[2025-04-25T23:41:42.082+0000] {processor.py:914} INFO - Processing file /home/airflow/.local/lib/python3.12/site-packages/airflow/example_dags/example_nested_branch_dag.py for tasks to queue
[2025-04-25T23:41:42.085+0000] {logging_mixin.py:190} INFO - [2025-04-25T23:41:42.085+0000] {dagbag.py:588} INFO - Filling up the DagBag from /home/airflow/.local/lib/python3.12/site-packages/airflow/example_dags/example_nested_branch_dag.py
[2025-04-25T23:41:42.105+0000] {processor.py:925} INFO - DAG(s) 'example_nested_branch_dag' retrieved from /home/airflow/.local/lib/python3.12/site-packages/airflow/example_dags/example_nested_branch_dag.py
[2025-04-25T23:41:42.147+0000] {logging_mixin.py:190} INFO - [2025-04-25T23:41:42.146+0000] {dag.py:3239} INFO - Sync 1 DAGs
[2025-04-25T23:41:42.222+0000] {logging_mixin.py:190} INFO - [2025-04-25T23:41:42.222+0000] {dag.py:4180} INFO - Setting next_dagrun for example_nested_branch_dag to 2025-04-24 00:00:00+00:00, run_after=2025-04-25 00:00:00+00:00
[2025-04-25T23:41:42.259+0000] {processor.py:208} INFO - Processing /home/airflow/.local/lib/python3.12/site-packages/airflow/example_dags/example_nested_branch_dag.py took 0.187 seconds
[2025-04-25T23:42:12.432+0000] {processor.py:186} INFO - Started process (PID=611) to work on /home/airflow/.local/lib/python3.12/site-packages/airflow/example_dags/example_nested_branch_dag.py
[2025-04-25T23:42:12.433+0000] {processor.py:914} INFO - Processing file /home/airflow/.local/lib/python3.12/site-packages/airflow/example_dags/example_nested_branch_dag.py for tasks to queue
[2025-04-25T23:42:12.436+0000] {logging_mixin.py:190} INFO - [2025-04-25T23:42:12.436+0000] {dagbag.py:588} INFO - Filling up the DagBag from /home/airflow/.local/lib/python3.12/site-packages/airflow/example_dags/example_nested_branch_dag.py
[2025-04-25T23:42:12.452+0000] {processor.py:925} INFO - DAG(s) 'example_nested_branch_dag' retrieved from /home/airflow/.local/lib/python3.12/site-packages/airflow/example_dags/example_nested_branch_dag.py
[2025-04-25T23:42:12.481+0000] {logging_mixin.py:190} INFO - [2025-04-25T23:42:12.481+0000] {dag.py:3239} INFO - Sync 1 DAGs
[2025-04-25T23:42:12.517+0000] {logging_mixin.py:190} INFO - [2025-04-25T23:42:12.517+0000] {dag.py:4180} INFO - Setting next_dagrun for example_nested_branch_dag to 2025-04-24 00:00:00+00:00, run_after=2025-04-25 00:00:00+00:00
[2025-04-25T23:42:12.547+0000] {processor.py:208} INFO - Processing /home/airflow/.local/lib/python3.12/site-packages/airflow/example_dags/example_nested_branch_dag.py took 0.123 seconds
[2025-04-25T23:42:42.737+0000] {processor.py:186} INFO - Started process (PID=674) to work on /home/airflow/.local/lib/python3.12/site-packages/airflow/example_dags/example_nested_branch_dag.py
[2025-04-25T23:42:42.740+0000] {processor.py:914} INFO - Processing file /home/airflow/.local/lib/python3.12/site-packages/airflow/example_dags/example_nested_branch_dag.py for tasks to queue
[2025-04-25T23:42:42.747+0000] {logging_mixin.py:190} INFO - [2025-04-25T23:42:42.746+0000] {dagbag.py:588} INFO - Filling up the DagBag from /home/airflow/.local/lib/python3.12/site-packages/airflow/example_dags/example_nested_branch_dag.py
[2025-04-25T23:42:42.771+0000] {processor.py:925} INFO - DAG(s) 'example_nested_branch_dag' retrieved from /home/airflow/.local/lib/python3.12/site-packages/airflow/example_dags/example_nested_branch_dag.py
[2025-04-25T23:42:42.811+0000] {logging_mixin.py:190} INFO - [2025-04-25T23:42:42.810+0000] {dag.py:3239} INFO - Sync 1 DAGs
[2025-04-25T23:42:42.859+0000] {logging_mixin.py:190} INFO - [2025-04-25T23:42:42.859+0000] {dag.py:4180} INFO - Setting next_dagrun for example_nested_branch_dag to 2025-04-24 00:00:00+00:00, run_after=2025-04-25 00:00:00+00:00
[2025-04-25T23:42:42.889+0000] {processor.py:208} INFO - Processing /home/airflow/.local/lib/python3.12/site-packages/airflow/example_dags/example_nested_branch_dag.py took 0.160 seconds
[2025-04-25T23:43:27.535+0000] {processor.py:186} INFO - Started process (PID=743) to work on /home/airflow/.local/lib/python3.12/site-packages/airflow/example_dags/example_nested_branch_dag.py
[2025-04-25T23:43:27.540+0000] {processor.py:914} INFO - Processing file /home/airflow/.local/lib/python3.12/site-packages/airflow/example_dags/example_nested_branch_dag.py for tasks to queue
[2025-04-25T23:43:27.546+0000] {logging_mixin.py:190} INFO - [2025-04-25T23:43:27.546+0000] {dagbag.py:588} INFO - Filling up the DagBag from /home/airflow/.local/lib/python3.12/site-packages/airflow/example_dags/example_nested_branch_dag.py
[2025-04-25T23:43:27.572+0000] {processor.py:925} INFO - DAG(s) 'example_nested_branch_dag' retrieved from /home/airflow/.local/lib/python3.12/site-packages/airflow/example_dags/example_nested_branch_dag.py
[2025-04-25T23:43:27.620+0000] {logging_mixin.py:190} INFO - [2025-04-25T23:43:27.620+0000] {dag.py:3239} INFO - Sync 1 DAGs
[2025-04-25T23:43:27.670+0000] {logging_mixin.py:190} INFO - [2025-04-25T23:43:27.670+0000] {dag.py:4180} INFO - Setting next_dagrun for example_nested_branch_dag to 2025-04-24 00:00:00+00:00, run_after=2025-04-25 00:00:00+00:00
[2025-04-25T23:43:27.723+0000] {processor.py:208} INFO - Processing /home/airflow/.local/lib/python3.12/site-packages/airflow/example_dags/example_nested_branch_dag.py took 0.205 seconds
[2025-04-25T23:43:57.977+0000] {processor.py:186} INFO - Started process (PID=806) to work on /home/airflow/.local/lib/python3.12/site-packages/airflow/example_dags/example_nested_branch_dag.py
[2025-04-25T23:43:57.978+0000] {processor.py:914} INFO - Processing file /home/airflow/.local/lib/python3.12/site-packages/airflow/example_dags/example_nested_branch_dag.py for tasks to queue
[2025-04-25T23:43:57.981+0000] {logging_mixin.py:190} INFO - [2025-04-25T23:43:57.981+0000] {dagbag.py:588} INFO - Filling up the DagBag from /home/airflow/.local/lib/python3.12/site-packages/airflow/example_dags/example_nested_branch_dag.py
[2025-04-25T23:43:57.998+0000] {processor.py:925} INFO - DAG(s) 'example_nested_branch_dag' retrieved from /home/airflow/.local/lib/python3.12/site-packages/airflow/example_dags/example_nested_branch_dag.py
[2025-04-25T23:43:58.042+0000] {logging_mixin.py:190} INFO - [2025-04-25T23:43:58.042+0000] {dag.py:3239} INFO - Sync 1 DAGs
[2025-04-25T23:43:58.085+0000] {logging_mixin.py:190} INFO - [2025-04-25T23:43:58.085+0000] {dag.py:4180} INFO - Setting next_dagrun for example_nested_branch_dag to 2025-04-24 00:00:00+00:00, run_after=2025-04-25 00:00:00+00:00
[2025-04-25T23:43:58.112+0000] {processor.py:208} INFO - Processing /home/airflow/.local/lib/python3.12/site-packages/airflow/example_dags/example_nested_branch_dag.py took 0.145 seconds
[2025-04-25T23:44:28.491+0000] {processor.py:186} INFO - Started process (PID=869) to work on /home/airflow/.local/lib/python3.12/site-packages/airflow/example_dags/example_nested_branch_dag.py
[2025-04-25T23:44:28.492+0000] {processor.py:914} INFO - Processing file /home/airflow/.local/lib/python3.12/site-packages/airflow/example_dags/example_nested_branch_dag.py for tasks to queue
[2025-04-25T23:44:28.495+0000] {logging_mixin.py:190} INFO - [2025-04-25T23:44:28.495+0000] {dagbag.py:588} INFO - Filling up the DagBag from /home/airflow/.local/lib/python3.12/site-packages/airflow/example_dags/example_nested_branch_dag.py
[2025-04-25T23:44:28.534+0000] {processor.py:925} INFO - DAG(s) 'example_nested_branch_dag' retrieved from /home/airflow/.local/lib/python3.12/site-packages/airflow/example_dags/example_nested_branch_dag.py
[2025-04-25T23:44:28.573+0000] {logging_mixin.py:190} INFO - [2025-04-25T23:44:28.572+0000] {dag.py:3239} INFO - Sync 1 DAGs
[2025-04-25T23:44:28.615+0000] {logging_mixin.py:190} INFO - [2025-04-25T23:44:28.615+0000] {dag.py:4180} INFO - Setting next_dagrun for example_nested_branch_dag to 2025-04-24 00:00:00+00:00, run_after=2025-04-25 00:00:00+00:00
[2025-04-25T23:44:28.644+0000] {processor.py:208} INFO - Processing /home/airflow/.local/lib/python3.12/site-packages/airflow/example_dags/example_nested_branch_dag.py took 0.162 seconds
[2025-04-25T23:44:59.209+0000] {processor.py:186} INFO - Started process (PID=932) to work on /home/airflow/.local/lib/python3.12/site-packages/airflow/example_dags/example_nested_branch_dag.py
[2025-04-25T23:44:59.212+0000] {processor.py:914} INFO - Processing file /home/airflow/.local/lib/python3.12/site-packages/airflow/example_dags/example_nested_branch_dag.py for tasks to queue
[2025-04-25T23:44:59.217+0000] {logging_mixin.py:190} INFO - [2025-04-25T23:44:59.217+0000] {dagbag.py:588} INFO - Filling up the DagBag from /home/airflow/.local/lib/python3.12/site-packages/airflow/example_dags/example_nested_branch_dag.py
[2025-04-25T23:44:59.247+0000] {processor.py:925} INFO - DAG(s) 'example_nested_branch_dag' retrieved from /home/airflow/.local/lib/python3.12/site-packages/airflow/example_dags/example_nested_branch_dag.py
[2025-04-25T23:44:59.292+0000] {logging_mixin.py:190} INFO - [2025-04-25T23:44:59.292+0000] {dag.py:3239} INFO - Sync 1 DAGs
[2025-04-25T23:44:59.341+0000] {logging_mixin.py:190} INFO - [2025-04-25T23:44:59.340+0000] {dag.py:4180} INFO - Setting next_dagrun for example_nested_branch_dag to 2025-04-24 00:00:00+00:00, run_after=2025-04-25 00:00:00+00:00
[2025-04-25T23:44:59.373+0000] {processor.py:208} INFO - Processing /home/airflow/.local/lib/python3.12/site-packages/airflow/example_dags/example_nested_branch_dag.py took 0.177 seconds
[2025-04-25T23:45:30.196+0000] {processor.py:186} INFO - Started process (PID=995) to work on /home/airflow/.local/lib/python3.12/site-packages/airflow/example_dags/example_nested_branch_dag.py
[2025-04-25T23:45:30.198+0000] {processor.py:914} INFO - Processing file /home/airflow/.local/lib/python3.12/site-packages/airflow/example_dags/example_nested_branch_dag.py for tasks to queue
[2025-04-25T23:45:30.203+0000] {logging_mixin.py:190} INFO - [2025-04-25T23:45:30.202+0000] {dagbag.py:588} INFO - Filling up the DagBag from /home/airflow/.local/lib/python3.12/site-packages/airflow/example_dags/example_nested_branch_dag.py
[2025-04-25T23:45:30.218+0000] {processor.py:925} INFO - DAG(s) 'example_nested_branch_dag' retrieved from /home/airflow/.local/lib/python3.12/site-packages/airflow/example_dags/example_nested_branch_dag.py
[2025-04-25T23:45:30.251+0000] {logging_mixin.py:190} INFO - [2025-04-25T23:45:30.251+0000] {dag.py:3239} INFO - Sync 1 DAGs
[2025-04-25T23:45:30.282+0000] {logging_mixin.py:190} INFO - [2025-04-25T23:45:30.282+0000] {dag.py:4180} INFO - Setting next_dagrun for example_nested_branch_dag to 2025-04-24 00:00:00+00:00, run_after=2025-04-25 00:00:00+00:00
[2025-04-25T23:45:30.311+0000] {processor.py:208} INFO - Processing /home/airflow/.local/lib/python3.12/site-packages/airflow/example_dags/example_nested_branch_dag.py took 0.126 seconds
[2025-04-25T23:46:00.910+0000] {processor.py:186} INFO - Started process (PID=1057) to work on /home/airflow/.local/lib/python3.12/site-packages/airflow/example_dags/example_nested_branch_dag.py
[2025-04-25T23:46:00.915+0000] {processor.py:914} INFO - Processing file /home/airflow/.local/lib/python3.12/site-packages/airflow/example_dags/example_nested_branch_dag.py for tasks to queue
[2025-04-25T23:46:00.921+0000] {logging_mixin.py:190} INFO - [2025-04-25T23:46:00.920+0000] {dagbag.py:588} INFO - Filling up the DagBag from /home/airflow/.local/lib/python3.12/site-packages/airflow/example_dags/example_nested_branch_dag.py
[2025-04-25T23:46:00.943+0000] {processor.py:925} INFO - DAG(s) 'example_nested_branch_dag' retrieved from /home/airflow/.local/lib/python3.12/site-packages/airflow/example_dags/example_nested_branch_dag.py
[2025-04-25T23:46:00.996+0000] {logging_mixin.py:190} INFO - [2025-04-25T23:46:00.996+0000] {dag.py:3239} INFO - Sync 1 DAGs
[2025-04-25T23:46:01.048+0000] {logging_mixin.py:190} INFO - [2025-04-25T23:46:01.047+0000] {dag.py:4180} INFO - Setting next_dagrun for example_nested_branch_dag to 2025-04-24 00:00:00+00:00, run_after=2025-04-25 00:00:00+00:00
[2025-04-25T23:46:01.082+0000] {processor.py:208} INFO - Processing /home/airflow/.local/lib/python3.12/site-packages/airflow/example_dags/example_nested_branch_dag.py took 0.185 seconds
[2025-04-25T23:46:46.728+0000] {processor.py:186} INFO - Started process (PID=1129) to work on /home/airflow/.local/lib/python3.12/site-packages/airflow/example_dags/example_nested_branch_dag.py
[2025-04-25T23:46:46.729+0000] {processor.py:914} INFO - Processing file /home/airflow/.local/lib/python3.12/site-packages/airflow/example_dags/example_nested_branch_dag.py for tasks to queue
[2025-04-25T23:46:46.734+0000] {logging_mixin.py:190} INFO - [2025-04-25T23:46:46.733+0000] {dagbag.py:588} INFO - Filling up the DagBag from /home/airflow/.local/lib/python3.12/site-packages/airflow/example_dags/example_nested_branch_dag.py
[2025-04-25T23:46:46.768+0000] {processor.py:925} INFO - DAG(s) 'example_nested_branch_dag' retrieved from /home/airflow/.local/lib/python3.12/site-packages/airflow/example_dags/example_nested_branch_dag.py
[2025-04-25T23:46:46.810+0000] {logging_mixin.py:190} INFO - [2025-04-25T23:46:46.809+0000] {dag.py:3239} INFO - Sync 1 DAGs
[2025-04-25T23:46:46.861+0000] {logging_mixin.py:190} INFO - [2025-04-25T23:46:46.861+0000] {dag.py:4180} INFO - Setting next_dagrun for example_nested_branch_dag to 2025-04-24 00:00:00+00:00, run_after=2025-04-25 00:00:00+00:00
[2025-04-25T23:46:46.897+0000] {processor.py:208} INFO - Processing /home/airflow/.local/lib/python3.12/site-packages/airflow/example_dags/example_nested_branch_dag.py took 0.181 seconds
[2025-04-25T23:47:17.540+0000] {processor.py:186} INFO - Started process (PID=1191) to work on /home/airflow/.local/lib/python3.12/site-packages/airflow/example_dags/example_nested_branch_dag.py
[2025-04-25T23:47:17.544+0000] {processor.py:914} INFO - Processing file /home/airflow/.local/lib/python3.12/site-packages/airflow/example_dags/example_nested_branch_dag.py for tasks to queue
[2025-04-25T23:47:17.554+0000] {logging_mixin.py:190} INFO - [2025-04-25T23:47:17.554+0000] {dagbag.py:588} INFO - Filling up the DagBag from /home/airflow/.local/lib/python3.12/site-packages/airflow/example_dags/example_nested_branch_dag.py
[2025-04-25T23:47:17.594+0000] {processor.py:925} INFO - DAG(s) 'example_nested_branch_dag' retrieved from /home/airflow/.local/lib/python3.12/site-packages/airflow/example_dags/example_nested_branch_dag.py
[2025-04-25T23:47:17.659+0000] {logging_mixin.py:190} INFO - [2025-04-25T23:47:17.658+0000] {dag.py:3239} INFO - Sync 1 DAGs
[2025-04-25T23:47:17.736+0000] {logging_mixin.py:190} INFO - [2025-04-25T23:47:17.736+0000] {dag.py:4180} INFO - Setting next_dagrun for example_nested_branch_dag to 2025-04-24 00:00:00+00:00, run_after=2025-04-25 00:00:00+00:00
[2025-04-25T23:47:17.775+0000] {processor.py:208} INFO - Processing /home/airflow/.local/lib/python3.12/site-packages/airflow/example_dags/example_nested_branch_dag.py took 0.258 seconds
[2025-04-25T23:47:47.953+0000] {processor.py:186} INFO - Started process (PID=1253) to work on /home/airflow/.local/lib/python3.12/site-packages/airflow/example_dags/example_nested_branch_dag.py
[2025-04-25T23:47:47.955+0000] {processor.py:914} INFO - Processing file /home/airflow/.local/lib/python3.12/site-packages/airflow/example_dags/example_nested_branch_dag.py for tasks to queue
[2025-04-25T23:47:47.961+0000] {logging_mixin.py:190} INFO - [2025-04-25T23:47:47.960+0000] {dagbag.py:588} INFO - Filling up the DagBag from /home/airflow/.local/lib/python3.12/site-packages/airflow/example_dags/example_nested_branch_dag.py
[2025-04-25T23:47:47.976+0000] {processor.py:925} INFO - DAG(s) 'example_nested_branch_dag' retrieved from /home/airflow/.local/lib/python3.12/site-packages/airflow/example_dags/example_nested_branch_dag.py
[2025-04-25T23:47:48.016+0000] {logging_mixin.py:190} INFO - [2025-04-25T23:47:48.015+0000] {dag.py:3239} INFO - Sync 1 DAGs
[2025-04-25T23:47:48.082+0000] {logging_mixin.py:190} INFO - [2025-04-25T23:47:48.082+0000] {dag.py:4180} INFO - Setting next_dagrun for example_nested_branch_dag to 2025-04-24 00:00:00+00:00, run_after=2025-04-25 00:00:00+00:00
[2025-04-25T23:47:48.118+0000] {processor.py:208} INFO - Processing /home/airflow/.local/lib/python3.12/site-packages/airflow/example_dags/example_nested_branch_dag.py took 0.174 seconds
[2025-04-25T23:48:18.793+0000] {processor.py:186} INFO - Started process (PID=1316) to work on /home/airflow/.local/lib/python3.12/site-packages/airflow/example_dags/example_nested_branch_dag.py
[2025-04-25T23:48:18.794+0000] {processor.py:914} INFO - Processing file /home/airflow/.local/lib/python3.12/site-packages/airflow/example_dags/example_nested_branch_dag.py for tasks to queue
[2025-04-25T23:48:18.797+0000] {logging_mixin.py:190} INFO - [2025-04-25T23:48:18.797+0000] {dagbag.py:588} INFO - Filling up the DagBag from /home/airflow/.local/lib/python3.12/site-packages/airflow/example_dags/example_nested_branch_dag.py
[2025-04-25T23:48:18.813+0000] {processor.py:925} INFO - DAG(s) 'example_nested_branch_dag' retrieved from /home/airflow/.local/lib/python3.12/site-packages/airflow/example_dags/example_nested_branch_dag.py
[2025-04-25T23:48:18.845+0000] {logging_mixin.py:190} INFO - [2025-04-25T23:48:18.844+0000] {dag.py:3239} INFO - Sync 1 DAGs
[2025-04-25T23:48:18.876+0000] {logging_mixin.py:190} INFO - [2025-04-25T23:48:18.876+0000] {dag.py:4180} INFO - Setting next_dagrun for example_nested_branch_dag to 2025-04-24 00:00:00+00:00, run_after=2025-04-25 00:00:00+00:00
[2025-04-25T23:48:18.901+0000] {processor.py:208} INFO - Processing /home/airflow/.local/lib/python3.12/site-packages/airflow/example_dags/example_nested_branch_dag.py took 0.116 seconds
[2025-04-25T23:48:49.609+0000] {processor.py:186} INFO - Started process (PID=1377) to work on /home/airflow/.local/lib/python3.12/site-packages/airflow/example_dags/example_nested_branch_dag.py
[2025-04-25T23:48:49.610+0000] {processor.py:914} INFO - Processing file /home/airflow/.local/lib/python3.12/site-packages/airflow/example_dags/example_nested_branch_dag.py for tasks to queue
[2025-04-25T23:48:49.614+0000] {logging_mixin.py:190} INFO - [2025-04-25T23:48:49.614+0000] {dagbag.py:588} INFO - Filling up the DagBag from /home/airflow/.local/lib/python3.12/site-packages/airflow/example_dags/example_nested_branch_dag.py
[2025-04-25T23:48:49.674+0000] {processor.py:925} INFO - DAG(s) 'example_nested_branch_dag' retrieved from /home/airflow/.local/lib/python3.12/site-packages/airflow/example_dags/example_nested_branch_dag.py
[2025-04-25T23:48:49.743+0000] {logging_mixin.py:190} INFO - [2025-04-25T23:48:49.742+0000] {dag.py:3239} INFO - Sync 1 DAGs
[2025-04-25T23:48:49.815+0000] {logging_mixin.py:190} INFO - [2025-04-25T23:48:49.815+0000] {dag.py:4180} INFO - Setting next_dagrun for example_nested_branch_dag to 2025-04-24 00:00:00+00:00, run_after=2025-04-25 00:00:00+00:00
[2025-04-25T23:48:49.878+0000] {processor.py:208} INFO - Processing /home/airflow/.local/lib/python3.12/site-packages/airflow/example_dags/example_nested_branch_dag.py took 0.288 seconds
[2025-04-25T23:49:19.980+0000] {processor.py:186} INFO - Started process (PID=1440) to work on /home/airflow/.local/lib/python3.12/site-packages/airflow/example_dags/example_nested_branch_dag.py
[2025-04-25T23:49:19.983+0000] {processor.py:914} INFO - Processing file /home/airflow/.local/lib/python3.12/site-packages/airflow/example_dags/example_nested_branch_dag.py for tasks to queue
[2025-04-25T23:49:19.991+0000] {logging_mixin.py:190} INFO - [2025-04-25T23:49:19.990+0000] {dagbag.py:588} INFO - Filling up the DagBag from /home/airflow/.local/lib/python3.12/site-packages/airflow/example_dags/example_nested_branch_dag.py
[2025-04-25T23:49:20.020+0000] {processor.py:925} INFO - DAG(s) 'example_nested_branch_dag' retrieved from /home/airflow/.local/lib/python3.12/site-packages/airflow/example_dags/example_nested_branch_dag.py
[2025-04-25T23:49:20.088+0000] {logging_mixin.py:190} INFO - [2025-04-25T23:49:20.088+0000] {dag.py:3239} INFO - Sync 1 DAGs
[2025-04-25T23:49:20.147+0000] {logging_mixin.py:190} INFO - [2025-04-25T23:49:20.147+0000] {dag.py:4180} INFO - Setting next_dagrun for example_nested_branch_dag to 2025-04-24 00:00:00+00:00, run_after=2025-04-25 00:00:00+00:00
[2025-04-25T23:49:20.197+0000] {processor.py:208} INFO - Processing /home/airflow/.local/lib/python3.12/site-packages/airflow/example_dags/example_nested_branch_dag.py took 0.228 seconds
[2025-04-25T23:49:50.599+0000] {processor.py:186} INFO - Started process (PID=1503) to work on /home/airflow/.local/lib/python3.12/site-packages/airflow/example_dags/example_nested_branch_dag.py
[2025-04-25T23:49:50.601+0000] {processor.py:914} INFO - Processing file /home/airflow/.local/lib/python3.12/site-packages/airflow/example_dags/example_nested_branch_dag.py for tasks to queue
[2025-04-25T23:49:50.608+0000] {logging_mixin.py:190} INFO - [2025-04-25T23:49:50.608+0000] {dagbag.py:588} INFO - Filling up the DagBag from /home/airflow/.local/lib/python3.12/site-packages/airflow/example_dags/example_nested_branch_dag.py
[2025-04-25T23:49:50.631+0000] {processor.py:925} INFO - DAG(s) 'example_nested_branch_dag' retrieved from /home/airflow/.local/lib/python3.12/site-packages/airflow/example_dags/example_nested_branch_dag.py
[2025-04-25T23:49:50.682+0000] {logging_mixin.py:190} INFO - [2025-04-25T23:49:50.681+0000] {dag.py:3239} INFO - Sync 1 DAGs
[2025-04-25T23:49:50.734+0000] {logging_mixin.py:190} INFO - [2025-04-25T23:49:50.734+0000] {dag.py:4180} INFO - Setting next_dagrun for example_nested_branch_dag to 2025-04-24 00:00:00+00:00, run_after=2025-04-25 00:00:00+00:00
[2025-04-25T23:49:50.785+0000] {processor.py:208} INFO - Processing /home/airflow/.local/lib/python3.12/site-packages/airflow/example_dags/example_nested_branch_dag.py took 0.195 seconds
[2025-04-25T23:50:21.047+0000] {processor.py:186} INFO - Started process (PID=1567) to work on /home/airflow/.local/lib/python3.12/site-packages/airflow/example_dags/example_nested_branch_dag.py
[2025-04-25T23:50:21.051+0000] {processor.py:914} INFO - Processing file /home/airflow/.local/lib/python3.12/site-packages/airflow/example_dags/example_nested_branch_dag.py for tasks to queue
[2025-04-25T23:50:21.054+0000] {logging_mixin.py:190} INFO - [2025-04-25T23:50:21.053+0000] {dagbag.py:588} INFO - Filling up the DagBag from /home/airflow/.local/lib/python3.12/site-packages/airflow/example_dags/example_nested_branch_dag.py
[2025-04-25T23:50:21.075+0000] {processor.py:925} INFO - DAG(s) 'example_nested_branch_dag' retrieved from /home/airflow/.local/lib/python3.12/site-packages/airflow/example_dags/example_nested_branch_dag.py
[2025-04-25T23:50:21.112+0000] {logging_mixin.py:190} INFO - [2025-04-25T23:50:21.111+0000] {dag.py:3239} INFO - Sync 1 DAGs
[2025-04-25T23:50:21.145+0000] {logging_mixin.py:190} INFO - [2025-04-25T23:50:21.145+0000] {dag.py:4180} INFO - Setting next_dagrun for example_nested_branch_dag to 2025-04-24 00:00:00+00:00, run_after=2025-04-25 00:00:00+00:00
[2025-04-25T23:50:21.175+0000] {processor.py:208} INFO - Processing /home/airflow/.local/lib/python3.12/site-packages/airflow/example_dags/example_nested_branch_dag.py took 0.137 seconds
[2025-04-25T23:50:51.761+0000] {processor.py:186} INFO - Started process (PID=1629) to work on /home/airflow/.local/lib/python3.12/site-packages/airflow/example_dags/example_nested_branch_dag.py
[2025-04-25T23:50:51.764+0000] {processor.py:914} INFO - Processing file /home/airflow/.local/lib/python3.12/site-packages/airflow/example_dags/example_nested_branch_dag.py for tasks to queue
[2025-04-25T23:50:51.769+0000] {logging_mixin.py:190} INFO - [2025-04-25T23:50:51.768+0000] {dagbag.py:588} INFO - Filling up the DagBag from /home/airflow/.local/lib/python3.12/site-packages/airflow/example_dags/example_nested_branch_dag.py
[2025-04-25T23:50:51.789+0000] {processor.py:925} INFO - DAG(s) 'example_nested_branch_dag' retrieved from /home/airflow/.local/lib/python3.12/site-packages/airflow/example_dags/example_nested_branch_dag.py
[2025-04-25T23:50:51.823+0000] {logging_mixin.py:190} INFO - [2025-04-25T23:50:51.823+0000] {dag.py:3239} INFO - Sync 1 DAGs
[2025-04-25T23:50:51.858+0000] {logging_mixin.py:190} INFO - [2025-04-25T23:50:51.858+0000] {dag.py:4180} INFO - Setting next_dagrun for example_nested_branch_dag to 2025-04-24 00:00:00+00:00, run_after=2025-04-25 00:00:00+00:00
[2025-04-25T23:50:51.888+0000] {processor.py:208} INFO - Processing /home/airflow/.local/lib/python3.12/site-packages/airflow/example_dags/example_nested_branch_dag.py took 0.137 seconds
[2025-04-25T23:51:27.459+0000] {processor.py:186} INFO - Started process (PID=1692) to work on /home/airflow/.local/lib/python3.12/site-packages/airflow/example_dags/example_nested_branch_dag.py
[2025-04-25T23:51:27.461+0000] {processor.py:914} INFO - Processing file /home/airflow/.local/lib/python3.12/site-packages/airflow/example_dags/example_nested_branch_dag.py for tasks to queue
[2025-04-25T23:51:27.465+0000] {logging_mixin.py:190} INFO - [2025-04-25T23:51:27.464+0000] {dagbag.py:588} INFO - Filling up the DagBag from /home/airflow/.local/lib/python3.12/site-packages/airflow/example_dags/example_nested_branch_dag.py
[2025-04-25T23:51:27.490+0000] {processor.py:925} INFO - DAG(s) 'example_nested_branch_dag' retrieved from /home/airflow/.local/lib/python3.12/site-packages/airflow/example_dags/example_nested_branch_dag.py
[2025-04-25T23:51:27.532+0000] {logging_mixin.py:190} INFO - [2025-04-25T23:51:27.532+0000] {dag.py:3239} INFO - Sync 1 DAGs
[2025-04-25T23:51:27.583+0000] {logging_mixin.py:190} INFO - [2025-04-25T23:51:27.583+0000] {dag.py:4180} INFO - Setting next_dagrun for example_nested_branch_dag to 2025-04-24 00:00:00+00:00, run_after=2025-04-25 00:00:00+00:00
[2025-04-25T23:51:27.620+0000] {processor.py:208} INFO - Processing /home/airflow/.local/lib/python3.12/site-packages/airflow/example_dags/example_nested_branch_dag.py took 0.172 seconds
[2025-04-25T23:51:57.659+0000] {processor.py:186} INFO - Started process (PID=1755) to work on /home/airflow/.local/lib/python3.12/site-packages/airflow/example_dags/example_nested_branch_dag.py
[2025-04-25T23:51:57.662+0000] {processor.py:914} INFO - Processing file /home/airflow/.local/lib/python3.12/site-packages/airflow/example_dags/example_nested_branch_dag.py for tasks to queue
[2025-04-25T23:51:57.667+0000] {logging_mixin.py:190} INFO - [2025-04-25T23:51:57.666+0000] {dagbag.py:588} INFO - Filling up the DagBag from /home/airflow/.local/lib/python3.12/site-packages/airflow/example_dags/example_nested_branch_dag.py
[2025-04-25T23:51:57.683+0000] {processor.py:925} INFO - DAG(s) 'example_nested_branch_dag' retrieved from /home/airflow/.local/lib/python3.12/site-packages/airflow/example_dags/example_nested_branch_dag.py
[2025-04-25T23:51:57.713+0000] {logging_mixin.py:190} INFO - [2025-04-25T23:51:57.713+0000] {dag.py:3239} INFO - Sync 1 DAGs
[2025-04-25T23:51:57.749+0000] {logging_mixin.py:190} INFO - [2025-04-25T23:51:57.749+0000] {dag.py:4180} INFO - Setting next_dagrun for example_nested_branch_dag to 2025-04-24 00:00:00+00:00, run_after=2025-04-25 00:00:00+00:00
[2025-04-25T23:51:57.771+0000] {processor.py:208} INFO - Processing /home/airflow/.local/lib/python3.12/site-packages/airflow/example_dags/example_nested_branch_dag.py took 0.119 seconds
[2025-04-25T23:52:28.317+0000] {processor.py:186} INFO - Started process (PID=1819) to work on /home/airflow/.local/lib/python3.12/site-packages/airflow/example_dags/example_nested_branch_dag.py
[2025-04-25T23:52:28.318+0000] {processor.py:914} INFO - Processing file /home/airflow/.local/lib/python3.12/site-packages/airflow/example_dags/example_nested_branch_dag.py for tasks to queue
[2025-04-25T23:52:28.321+0000] {logging_mixin.py:190} INFO - [2025-04-25T23:52:28.321+0000] {dagbag.py:588} INFO - Filling up the DagBag from /home/airflow/.local/lib/python3.12/site-packages/airflow/example_dags/example_nested_branch_dag.py
[2025-04-25T23:52:28.342+0000] {processor.py:925} INFO - DAG(s) 'example_nested_branch_dag' retrieved from /home/airflow/.local/lib/python3.12/site-packages/airflow/example_dags/example_nested_branch_dag.py
[2025-04-25T23:52:28.384+0000] {logging_mixin.py:190} INFO - [2025-04-25T23:52:28.384+0000] {dag.py:3239} INFO - Sync 1 DAGs
[2025-04-25T23:52:28.443+0000] {logging_mixin.py:190} INFO - [2025-04-25T23:52:28.441+0000] {dag.py:4180} INFO - Setting next_dagrun for example_nested_branch_dag to 2025-04-24 00:00:00+00:00, run_after=2025-04-25 00:00:00+00:00
[2025-04-25T23:52:28.485+0000] {processor.py:208} INFO - Processing /home/airflow/.local/lib/python3.12/site-packages/airflow/example_dags/example_nested_branch_dag.py took 0.178 seconds
[2025-04-25T23:52:58.881+0000] {processor.py:186} INFO - Started process (PID=1883) to work on /home/airflow/.local/lib/python3.12/site-packages/airflow/example_dags/example_nested_branch_dag.py
[2025-04-25T23:52:58.882+0000] {processor.py:914} INFO - Processing file /home/airflow/.local/lib/python3.12/site-packages/airflow/example_dags/example_nested_branch_dag.py for tasks to queue
[2025-04-25T23:52:58.886+0000] {logging_mixin.py:190} INFO - [2025-04-25T23:52:58.885+0000] {dagbag.py:588} INFO - Filling up the DagBag from /home/airflow/.local/lib/python3.12/site-packages/airflow/example_dags/example_nested_branch_dag.py
[2025-04-25T23:52:58.899+0000] {processor.py:925} INFO - DAG(s) 'example_nested_branch_dag' retrieved from /home/airflow/.local/lib/python3.12/site-packages/airflow/example_dags/example_nested_branch_dag.py
[2025-04-25T23:52:58.935+0000] {logging_mixin.py:190} INFO - [2025-04-25T23:52:58.935+0000] {dag.py:3239} INFO - Sync 1 DAGs
[2025-04-25T23:52:58.976+0000] {logging_mixin.py:190} INFO - [2025-04-25T23:52:58.976+0000] {dag.py:4180} INFO - Setting next_dagrun for example_nested_branch_dag to 2025-04-24 00:00:00+00:00, run_after=2025-04-25 00:00:00+00:00
[2025-04-25T23:52:59.006+0000] {processor.py:208} INFO - Processing /home/airflow/.local/lib/python3.12/site-packages/airflow/example_dags/example_nested_branch_dag.py took 0.132 seconds
[2025-04-25T23:53:31.343+0000] {processor.py:186} INFO - Started process (PID=1954) to work on /home/airflow/.local/lib/python3.12/site-packages/airflow/example_dags/example_nested_branch_dag.py
[2025-04-25T23:53:31.345+0000] {processor.py:914} INFO - Processing file /home/airflow/.local/lib/python3.12/site-packages/airflow/example_dags/example_nested_branch_dag.py for tasks to queue
[2025-04-25T23:53:31.351+0000] {logging_mixin.py:190} INFO - [2025-04-25T23:53:31.351+0000] {dagbag.py:588} INFO - Filling up the DagBag from /home/airflow/.local/lib/python3.12/site-packages/airflow/example_dags/example_nested_branch_dag.py
[2025-04-25T23:53:31.369+0000] {processor.py:925} INFO - DAG(s) 'example_nested_branch_dag' retrieved from /home/airflow/.local/lib/python3.12/site-packages/airflow/example_dags/example_nested_branch_dag.py
[2025-04-25T23:53:31.413+0000] {logging_mixin.py:190} INFO - [2025-04-25T23:53:31.412+0000] {dag.py:3239} INFO - Sync 1 DAGs
[2025-04-25T23:53:31.491+0000] {logging_mixin.py:190} INFO - [2025-04-25T23:53:31.490+0000] {dag.py:4180} INFO - Setting next_dagrun for example_nested_branch_dag to 2025-04-24 00:00:00+00:00, run_after=2025-04-25 00:00:00+00:00
[2025-04-25T23:53:31.514+0000] {processor.py:208} INFO - Processing /home/airflow/.local/lib/python3.12/site-packages/airflow/example_dags/example_nested_branch_dag.py took 0.179 seconds
[2025-04-25T23:54:03.731+0000] {processor.py:186} INFO - Started process (PID=2018) to work on /home/airflow/.local/lib/python3.12/site-packages/airflow/example_dags/example_nested_branch_dag.py
[2025-04-25T23:54:03.735+0000] {processor.py:914} INFO - Processing file /home/airflow/.local/lib/python3.12/site-packages/airflow/example_dags/example_nested_branch_dag.py for tasks to queue
[2025-04-25T23:54:03.740+0000] {logging_mixin.py:190} INFO - [2025-04-25T23:54:03.739+0000] {dagbag.py:588} INFO - Filling up the DagBag from /home/airflow/.local/lib/python3.12/site-packages/airflow/example_dags/example_nested_branch_dag.py
[2025-04-25T23:54:03.769+0000] {processor.py:925} INFO - DAG(s) 'example_nested_branch_dag' retrieved from /home/airflow/.local/lib/python3.12/site-packages/airflow/example_dags/example_nested_branch_dag.py
[2025-04-25T23:54:03.819+0000] {logging_mixin.py:190} INFO - [2025-04-25T23:54:03.818+0000] {dag.py:3239} INFO - Sync 1 DAGs
[2025-04-25T23:54:03.920+0000] {logging_mixin.py:190} INFO - [2025-04-25T23:54:03.920+0000] {dag.py:4180} INFO - Setting next_dagrun for example_nested_branch_dag to 2025-04-24 00:00:00+00:00, run_after=2025-04-25 00:00:00+00:00
[2025-04-25T23:54:03.967+0000] {processor.py:208} INFO - Processing /home/airflow/.local/lib/python3.12/site-packages/airflow/example_dags/example_nested_branch_dag.py took 0.248 seconds
[2025-04-25T23:54:34.467+0000] {processor.py:186} INFO - Started process (PID=2082) to work on /home/airflow/.local/lib/python3.12/site-packages/airflow/example_dags/example_nested_branch_dag.py
[2025-04-25T23:54:34.468+0000] {processor.py:914} INFO - Processing file /home/airflow/.local/lib/python3.12/site-packages/airflow/example_dags/example_nested_branch_dag.py for tasks to queue
[2025-04-25T23:54:34.503+0000] {logging_mixin.py:190} INFO - [2025-04-25T23:54:34.502+0000] {dagbag.py:588} INFO - Filling up the DagBag from /home/airflow/.local/lib/python3.12/site-packages/airflow/example_dags/example_nested_branch_dag.py
[2025-04-25T23:54:34.525+0000] {processor.py:925} INFO - DAG(s) 'example_nested_branch_dag' retrieved from /home/airflow/.local/lib/python3.12/site-packages/airflow/example_dags/example_nested_branch_dag.py
[2025-04-25T23:54:34.592+0000] {logging_mixin.py:190} INFO - [2025-04-25T23:54:34.592+0000] {dag.py:3239} INFO - Sync 1 DAGs
[2025-04-25T23:54:34.630+0000] {logging_mixin.py:190} INFO - [2025-04-25T23:54:34.629+0000] {dag.py:4180} INFO - Setting next_dagrun for example_nested_branch_dag to 2025-04-24 00:00:00+00:00, run_after=2025-04-25 00:00:00+00:00
[2025-04-25T23:54:34.657+0000] {processor.py:208} INFO - Processing /home/airflow/.local/lib/python3.12/site-packages/airflow/example_dags/example_nested_branch_dag.py took 0.199 seconds
[2025-04-25T23:55:05.188+0000] {processor.py:186} INFO - Started process (PID=2146) to work on /home/airflow/.local/lib/python3.12/site-packages/airflow/example_dags/example_nested_branch_dag.py
[2025-04-25T23:55:05.189+0000] {processor.py:914} INFO - Processing file /home/airflow/.local/lib/python3.12/site-packages/airflow/example_dags/example_nested_branch_dag.py for tasks to queue
[2025-04-25T23:55:05.192+0000] {logging_mixin.py:190} INFO - [2025-04-25T23:55:05.192+0000] {dagbag.py:588} INFO - Filling up the DagBag from /home/airflow/.local/lib/python3.12/site-packages/airflow/example_dags/example_nested_branch_dag.py
[2025-04-25T23:55:05.207+0000] {processor.py:925} INFO - DAG(s) 'example_nested_branch_dag' retrieved from /home/airflow/.local/lib/python3.12/site-packages/airflow/example_dags/example_nested_branch_dag.py
[2025-04-25T23:55:05.243+0000] {logging_mixin.py:190} INFO - [2025-04-25T23:55:05.242+0000] {dag.py:3239} INFO - Sync 1 DAGs
[2025-04-25T23:55:05.279+0000] {logging_mixin.py:190} INFO - [2025-04-25T23:55:05.279+0000] {dag.py:4180} INFO - Setting next_dagrun for example_nested_branch_dag to 2025-04-24 00:00:00+00:00, run_after=2025-04-25 00:00:00+00:00
[2025-04-25T23:55:05.305+0000] {processor.py:208} INFO - Processing /home/airflow/.local/lib/python3.12/site-packages/airflow/example_dags/example_nested_branch_dag.py took 0.127 seconds
[2025-04-25T23:55:35.972+0000] {processor.py:186} INFO - Started process (PID=2210) to work on /home/airflow/.local/lib/python3.12/site-packages/airflow/example_dags/example_nested_branch_dag.py
[2025-04-25T23:55:35.973+0000] {processor.py:914} INFO - Processing file /home/airflow/.local/lib/python3.12/site-packages/airflow/example_dags/example_nested_branch_dag.py for tasks to queue
[2025-04-25T23:55:35.977+0000] {logging_mixin.py:190} INFO - [2025-04-25T23:55:35.976+0000] {dagbag.py:588} INFO - Filling up the DagBag from /home/airflow/.local/lib/python3.12/site-packages/airflow/example_dags/example_nested_branch_dag.py
[2025-04-25T23:55:35.992+0000] {processor.py:925} INFO - DAG(s) 'example_nested_branch_dag' retrieved from /home/airflow/.local/lib/python3.12/site-packages/airflow/example_dags/example_nested_branch_dag.py
[2025-04-25T23:55:36.017+0000] {logging_mixin.py:190} INFO - [2025-04-25T23:55:36.017+0000] {dag.py:3239} INFO - Sync 1 DAGs
[2025-04-25T23:55:36.051+0000] {logging_mixin.py:190} INFO - [2025-04-25T23:55:36.051+0000] {dag.py:4180} INFO - Setting next_dagrun for example_nested_branch_dag to 2025-04-24 00:00:00+00:00, run_after=2025-04-25 00:00:00+00:00
[2025-04-25T23:55:36.080+0000] {processor.py:208} INFO - Processing /home/airflow/.local/lib/python3.12/site-packages/airflow/example_dags/example_nested_branch_dag.py took 0.115 seconds
[2025-04-25T23:56:09.238+0000] {processor.py:186} INFO - Started process (PID=2274) to work on /home/airflow/.local/lib/python3.12/site-packages/airflow/example_dags/example_nested_branch_dag.py
[2025-04-25T23:56:09.239+0000] {processor.py:914} INFO - Processing file /home/airflow/.local/lib/python3.12/site-packages/airflow/example_dags/example_nested_branch_dag.py for tasks to queue
[2025-04-25T23:56:09.243+0000] {logging_mixin.py:190} INFO - [2025-04-25T23:56:09.242+0000] {dagbag.py:588} INFO - Filling up the DagBag from /home/airflow/.local/lib/python3.12/site-packages/airflow/example_dags/example_nested_branch_dag.py
[2025-04-25T23:56:09.260+0000] {processor.py:925} INFO - DAG(s) 'example_nested_branch_dag' retrieved from /home/airflow/.local/lib/python3.12/site-packages/airflow/example_dags/example_nested_branch_dag.py
[2025-04-25T23:56:09.298+0000] {logging_mixin.py:190} INFO - [2025-04-25T23:56:09.298+0000] {dag.py:3239} INFO - Sync 1 DAGs
[2025-04-25T23:56:09.348+0000] {logging_mixin.py:190} INFO - [2025-04-25T23:56:09.348+0000] {dag.py:4180} INFO - Setting next_dagrun for example_nested_branch_dag to 2025-04-24 00:00:00+00:00, run_after=2025-04-25 00:00:00+00:00
[2025-04-25T23:56:09.384+0000] {processor.py:208} INFO - Processing /home/airflow/.local/lib/python3.12/site-packages/airflow/example_dags/example_nested_branch_dag.py took 0.156 seconds
[2025-04-25T23:56:39.971+0000] {processor.py:186} INFO - Started process (PID=2338) to work on /home/airflow/.local/lib/python3.12/site-packages/airflow/example_dags/example_nested_branch_dag.py
[2025-04-25T23:56:39.974+0000] {processor.py:914} INFO - Processing file /home/airflow/.local/lib/python3.12/site-packages/airflow/example_dags/example_nested_branch_dag.py for tasks to queue
[2025-04-25T23:56:39.975+0000] {logging_mixin.py:190} INFO - [2025-04-25T23:56:39.975+0000] {dagbag.py:588} INFO - Filling up the DagBag from /home/airflow/.local/lib/python3.12/site-packages/airflow/example_dags/example_nested_branch_dag.py
[2025-04-25T23:56:39.995+0000] {processor.py:925} INFO - DAG(s) 'example_nested_branch_dag' retrieved from /home/airflow/.local/lib/python3.12/site-packages/airflow/example_dags/example_nested_branch_dag.py
[2025-04-25T23:56:40.051+0000] {logging_mixin.py:190} INFO - [2025-04-25T23:56:40.051+0000] {dag.py:3239} INFO - Sync 1 DAGs
[2025-04-25T23:56:40.099+0000] {logging_mixin.py:190} INFO - [2025-04-25T23:56:40.099+0000] {dag.py:4180} INFO - Setting next_dagrun for example_nested_branch_dag to 2025-04-24 00:00:00+00:00, run_after=2025-04-25 00:00:00+00:00
[2025-04-25T23:56:40.129+0000] {processor.py:208} INFO - Processing /home/airflow/.local/lib/python3.12/site-packages/airflow/example_dags/example_nested_branch_dag.py took 0.167 seconds
[2025-04-25T23:57:10.876+0000] {processor.py:186} INFO - Started process (PID=2401) to work on /home/airflow/.local/lib/python3.12/site-packages/airflow/example_dags/example_nested_branch_dag.py
[2025-04-25T23:57:10.877+0000] {processor.py:914} INFO - Processing file /home/airflow/.local/lib/python3.12/site-packages/airflow/example_dags/example_nested_branch_dag.py for tasks to queue
[2025-04-25T23:57:10.879+0000] {logging_mixin.py:190} INFO - [2025-04-25T23:57:10.878+0000] {dagbag.py:588} INFO - Filling up the DagBag from /home/airflow/.local/lib/python3.12/site-packages/airflow/example_dags/example_nested_branch_dag.py
[2025-04-25T23:57:10.895+0000] {processor.py:925} INFO - DAG(s) 'example_nested_branch_dag' retrieved from /home/airflow/.local/lib/python3.12/site-packages/airflow/example_dags/example_nested_branch_dag.py
[2025-04-25T23:57:10.934+0000] {logging_mixin.py:190} INFO - [2025-04-25T23:57:10.934+0000] {dag.py:3239} INFO - Sync 1 DAGs
[2025-04-25T23:57:10.972+0000] {logging_mixin.py:190} INFO - [2025-04-25T23:57:10.971+0000] {dag.py:4180} INFO - Setting next_dagrun for example_nested_branch_dag to 2025-04-24 00:00:00+00:00, run_after=2025-04-25 00:00:00+00:00
[2025-04-25T23:57:10.994+0000] {processor.py:208} INFO - Processing /home/airflow/.local/lib/python3.12/site-packages/airflow/example_dags/example_nested_branch_dag.py took 0.128 seconds
[2025-04-25T23:57:43.082+0000] {processor.py:186} INFO - Started process (PID=2462) to work on /home/airflow/.local/lib/python3.12/site-packages/airflow/example_dags/example_nested_branch_dag.py
[2025-04-25T23:57:43.085+0000] {processor.py:914} INFO - Processing file /home/airflow/.local/lib/python3.12/site-packages/airflow/example_dags/example_nested_branch_dag.py for tasks to queue
[2025-04-25T23:57:43.095+0000] {logging_mixin.py:190} INFO - [2025-04-25T23:57:43.095+0000] {dagbag.py:588} INFO - Filling up the DagBag from /home/airflow/.local/lib/python3.12/site-packages/airflow/example_dags/example_nested_branch_dag.py
[2025-04-25T23:57:43.130+0000] {processor.py:925} INFO - DAG(s) 'example_nested_branch_dag' retrieved from /home/airflow/.local/lib/python3.12/site-packages/airflow/example_dags/example_nested_branch_dag.py
[2025-04-25T23:57:43.659+0000] {logging_mixin.py:190} INFO - [2025-04-25T23:57:43.658+0000] {dag.py:3239} INFO - Sync 1 DAGs
[2025-04-25T23:57:44.038+0000] {logging_mixin.py:190} INFO - [2025-04-25T23:57:44.038+0000] {dag.py:4180} INFO - Setting next_dagrun for example_nested_branch_dag to 2025-04-24 00:00:00+00:00, run_after=2025-04-25 00:00:00+00:00
[2025-04-25T23:57:44.195+0000] {processor.py:208} INFO - Processing /home/airflow/.local/lib/python3.12/site-packages/airflow/example_dags/example_nested_branch_dag.py took 1.135 seconds
[2025-04-25T23:59:08.536+0000] {processor.py:186} INFO - Started process (PID=2527) to work on /home/airflow/.local/lib/python3.12/site-packages/airflow/example_dags/example_nested_branch_dag.py
[2025-04-25T23:59:08.539+0000] {processor.py:914} INFO - Processing file /home/airflow/.local/lib/python3.12/site-packages/airflow/example_dags/example_nested_branch_dag.py for tasks to queue
[2025-04-25T23:59:08.545+0000] {logging_mixin.py:190} INFO - [2025-04-25T23:59:08.541+0000] {dagbag.py:588} INFO - Filling up the DagBag from /home/airflow/.local/lib/python3.12/site-packages/airflow/example_dags/example_nested_branch_dag.py
[2025-04-25T23:59:08.578+0000] {processor.py:925} INFO - DAG(s) 'example_nested_branch_dag' retrieved from /home/airflow/.local/lib/python3.12/site-packages/airflow/example_dags/example_nested_branch_dag.py
[2025-04-25T23:59:08.633+0000] {logging_mixin.py:190} INFO - [2025-04-25T23:59:08.633+0000] {dag.py:3239} INFO - Sync 1 DAGs
[2025-04-25T23:59:08.755+0000] {logging_mixin.py:190} INFO - [2025-04-25T23:59:08.755+0000] {dag.py:4180} INFO - Setting next_dagrun for example_nested_branch_dag to 2025-04-24 00:00:00+00:00, run_after=2025-04-25 00:00:00+00:00
[2025-04-25T23:59:08.790+0000] {processor.py:208} INFO - Processing /home/airflow/.local/lib/python3.12/site-packages/airflow/example_dags/example_nested_branch_dag.py took 0.267 seconds
[2025-04-25T23:59:44.563+0000] {processor.py:186} INFO - Started process (PID=2591) to work on /home/airflow/.local/lib/python3.12/site-packages/airflow/example_dags/example_nested_branch_dag.py
[2025-04-25T23:59:44.565+0000] {processor.py:914} INFO - Processing file /home/airflow/.local/lib/python3.12/site-packages/airflow/example_dags/example_nested_branch_dag.py for tasks to queue
[2025-04-25T23:59:44.567+0000] {logging_mixin.py:190} INFO - [2025-04-25T23:59:44.566+0000] {dagbag.py:588} INFO - Filling up the DagBag from /home/airflow/.local/lib/python3.12/site-packages/airflow/example_dags/example_nested_branch_dag.py
[2025-04-25T23:59:44.617+0000] {processor.py:925} INFO - DAG(s) 'example_nested_branch_dag' retrieved from /home/airflow/.local/lib/python3.12/site-packages/airflow/example_dags/example_nested_branch_dag.py
[2025-04-25T23:59:44.699+0000] {logging_mixin.py:190} INFO - [2025-04-25T23:59:44.699+0000] {dag.py:3239} INFO - Sync 1 DAGs
[2025-04-25T23:59:44.768+0000] {logging_mixin.py:190} INFO - [2025-04-25T23:59:44.768+0000] {dag.py:4180} INFO - Setting next_dagrun for example_nested_branch_dag to 2025-04-24 00:00:00+00:00, run_after=2025-04-25 00:00:00+00:00
[2025-04-25T23:59:44.979+0000] {processor.py:208} INFO - Processing /home/airflow/.local/lib/python3.12/site-packages/airflow/example_dags/example_nested_branch_dag.py took 0.431 seconds
