[2025-04-25T23:33:34.141+0000] {processor.py:186} INFO - Started process (PID=152) to work on /home/airflow/.local/lib/python3.12/site-packages/airflow/example_dags/example_skip_dag.py
[2025-04-25T23:33:34.143+0000] {processor.py:914} INFO - Processing file /home/airflow/.local/lib/python3.12/site-packages/airflow/example_dags/example_skip_dag.py for tasks to queue
[2025-04-25T23:33:34.146+0000] {logging_mixin.py:190} INFO - [2025-04-25T23:33:34.145+0000] {dagbag.py:588} INFO - Filling up the DagBag from /home/airflow/.local/lib/python3.12/site-packages/airflow/example_dags/example_skip_dag.py
[2025-04-25T23:33:34.167+0000] {processor.py:925} INFO - DAG(s) 'example_skip_dag' retrieved from /home/airflow/.local/lib/python3.12/site-packages/airflow/example_dags/example_skip_dag.py
[2025-04-25T23:33:34.517+0000] {logging_mixin.py:190} INFO - [2025-04-25T23:33:34.515+0000] {override.py:1911} INFO - Created Permission View: can delete on DAG:example_skip_dag
[2025-04-25T23:33:34.547+0000] {logging_mixin.py:190} INFO - [2025-04-25T23:33:34.546+0000] {override.py:1911} INFO - Created Permission View: can read on DAG:example_skip_dag
[2025-04-25T23:33:34.577+0000] {logging_mixin.py:190} INFO - [2025-04-25T23:33:34.573+0000] {override.py:1911} INFO - Created Permission View: can edit on DAG:example_skip_dag
[2025-04-25T23:33:34.602+0000] {logging_mixin.py:190} INFO - [2025-04-25T23:33:34.602+0000] {override.py:1911} INFO - Created Permission View: can create on DAG Run:example_skip_dag
[2025-04-25T23:33:34.635+0000] {logging_mixin.py:190} INFO - [2025-04-25T23:33:34.634+0000] {override.py:1911} INFO - Created Permission View: can delete on DAG Run:example_skip_dag
[2025-04-25T23:33:34.665+0000] {logging_mixin.py:190} INFO - [2025-04-25T23:33:34.664+0000] {override.py:1911} INFO - Created Permission View: can read on DAG Run:example_skip_dag
[2025-04-25T23:33:34.675+0000] {logging_mixin.py:190} INFO - [2025-04-25T23:33:34.675+0000] {override.py:1911} INFO - Created Permission View: menu access on DAG Run:example_skip_dag
[2025-04-25T23:33:34.676+0000] {logging_mixin.py:190} INFO - [2025-04-25T23:33:34.676+0000] {dag.py:3239} INFO - Sync 1 DAGs
[2025-04-25T23:33:34.726+0000] {logging_mixin.py:190} INFO - [2025-04-25T23:33:34.726+0000] {dag.py:3262} INFO - Creating ORM DAG for example_skip_dag
[2025-04-25T23:33:34.743+0000] {logging_mixin.py:190} INFO - [2025-04-25T23:33:34.743+0000] {dag.py:4180} INFO - Setting next_dagrun for example_skip_dag to 2025-04-24 00:00:00+00:00, run_after=2025-04-25 00:00:00+00:00
[2025-04-25T23:33:34.855+0000] {processor.py:208} INFO - Processing /home/airflow/.local/lib/python3.12/site-packages/airflow/example_dags/example_skip_dag.py took 0.725 seconds
[2025-04-25T23:34:05.979+0000] {processor.py:186} INFO - Started process (PID=215) to work on /home/airflow/.local/lib/python3.12/site-packages/airflow/example_dags/example_skip_dag.py
[2025-04-25T23:34:05.981+0000] {processor.py:914} INFO - Processing file /home/airflow/.local/lib/python3.12/site-packages/airflow/example_dags/example_skip_dag.py for tasks to queue
[2025-04-25T23:34:05.985+0000] {logging_mixin.py:190} INFO - [2025-04-25T23:34:05.984+0000] {dagbag.py:588} INFO - Filling up the DagBag from /home/airflow/.local/lib/python3.12/site-packages/airflow/example_dags/example_skip_dag.py
[2025-04-25T23:34:06.009+0000] {processor.py:925} INFO - DAG(s) 'example_skip_dag' retrieved from /home/airflow/.local/lib/python3.12/site-packages/airflow/example_dags/example_skip_dag.py
[2025-04-25T23:34:06.055+0000] {logging_mixin.py:190} INFO - [2025-04-25T23:34:06.055+0000] {dag.py:3239} INFO - Sync 1 DAGs
[2025-04-25T23:34:06.122+0000] {logging_mixin.py:190} INFO - [2025-04-25T23:34:06.122+0000] {dag.py:4180} INFO - Setting next_dagrun for example_skip_dag to 2025-04-24 00:00:00+00:00, run_after=2025-04-25 00:00:00+00:00
[2025-04-25T23:34:06.172+0000] {processor.py:208} INFO - Processing /home/airflow/.local/lib/python3.12/site-packages/airflow/example_dags/example_skip_dag.py took 0.206 seconds
[2025-04-25T23:35:42.076+0000] {processor.py:186} INFO - Started process (PID=302) to work on /home/airflow/.local/lib/python3.12/site-packages/airflow/example_dags/example_skip_dag.py
[2025-04-25T23:35:42.081+0000] {processor.py:914} INFO - Processing file /home/airflow/.local/lib/python3.12/site-packages/airflow/example_dags/example_skip_dag.py for tasks to queue
[2025-04-25T23:35:42.090+0000] {logging_mixin.py:190} INFO - [2025-04-25T23:35:42.090+0000] {dagbag.py:588} INFO - Filling up the DagBag from /home/airflow/.local/lib/python3.12/site-packages/airflow/example_dags/example_skip_dag.py
[2025-04-25T23:35:42.190+0000] {processor.py:925} INFO - DAG(s) 'example_skip_dag' retrieved from /home/airflow/.local/lib/python3.12/site-packages/airflow/example_dags/example_skip_dag.py
[2025-04-25T23:35:42.326+0000] {logging_mixin.py:190} INFO - [2025-04-25T23:35:42.325+0000] {dag.py:3239} INFO - Sync 1 DAGs
[2025-04-25T23:35:42.490+0000] {logging_mixin.py:190} INFO - [2025-04-25T23:35:42.489+0000] {dag.py:4180} INFO - Setting next_dagrun for example_skip_dag to 2025-04-24 00:00:00+00:00, run_after=2025-04-25 00:00:00+00:00
[2025-04-25T23:35:42.581+0000] {processor.py:208} INFO - Processing /home/airflow/.local/lib/python3.12/site-packages/airflow/example_dags/example_skip_dag.py took 0.552 seconds
[2025-04-25T23:37:59.190+0000] {processor.py:186} INFO - Started process (PID=122) to work on /home/airflow/.local/lib/python3.12/site-packages/airflow/example_dags/example_skip_dag.py
[2025-04-25T23:37:59.218+0000] {processor.py:914} INFO - Processing file /home/airflow/.local/lib/python3.12/site-packages/airflow/example_dags/example_skip_dag.py for tasks to queue
[2025-04-25T23:37:59.232+0000] {logging_mixin.py:190} INFO - [2025-04-25T23:37:59.231+0000] {dagbag.py:588} INFO - Filling up the DagBag from /home/airflow/.local/lib/python3.12/site-packages/airflow/example_dags/example_skip_dag.py
[2025-04-25T23:37:59.653+0000] {processor.py:925} INFO - DAG(s) 'example_skip_dag' retrieved from /home/airflow/.local/lib/python3.12/site-packages/airflow/example_dags/example_skip_dag.py
[2025-04-25T23:38:00.379+0000] {logging_mixin.py:190} INFO - [2025-04-25T23:38:00.378+0000] {dag.py:3239} INFO - Sync 1 DAGs
[2025-04-25T23:38:00.542+0000] {logging_mixin.py:190} INFO - [2025-04-25T23:38:00.542+0000] {dag.py:4180} INFO - Setting next_dagrun for example_skip_dag to 2025-04-24 00:00:00+00:00, run_after=2025-04-25 00:00:00+00:00
[2025-04-25T23:38:00.675+0000] {processor.py:208} INFO - Processing /home/airflow/.local/lib/python3.12/site-packages/airflow/example_dags/example_skip_dag.py took 1.582 seconds
[2025-04-25T23:38:33.715+0000] {processor.py:186} INFO - Started process (PID=185) to work on /home/airflow/.local/lib/python3.12/site-packages/airflow/example_dags/example_skip_dag.py
[2025-04-25T23:38:33.717+0000] {processor.py:914} INFO - Processing file /home/airflow/.local/lib/python3.12/site-packages/airflow/example_dags/example_skip_dag.py for tasks to queue
[2025-04-25T23:38:33.724+0000] {logging_mixin.py:190} INFO - [2025-04-25T23:38:33.723+0000] {dagbag.py:588} INFO - Filling up the DagBag from /home/airflow/.local/lib/python3.12/site-packages/airflow/example_dags/example_skip_dag.py
[2025-04-25T23:38:33.742+0000] {processor.py:925} INFO - DAG(s) 'example_skip_dag' retrieved from /home/airflow/.local/lib/python3.12/site-packages/airflow/example_dags/example_skip_dag.py
[2025-04-25T23:38:33.783+0000] {logging_mixin.py:190} INFO - [2025-04-25T23:38:33.782+0000] {dag.py:3239} INFO - Sync 1 DAGs
[2025-04-25T23:38:33.841+0000] {logging_mixin.py:190} INFO - [2025-04-25T23:38:33.840+0000] {dag.py:4180} INFO - Setting next_dagrun for example_skip_dag to 2025-04-24 00:00:00+00:00, run_after=2025-04-25 00:00:00+00:00
[2025-04-25T23:38:33.903+0000] {processor.py:208} INFO - Processing /home/airflow/.local/lib/python3.12/site-packages/airflow/example_dags/example_skip_dag.py took 0.203 seconds
[2025-04-25T23:39:04.602+0000] {processor.py:186} INFO - Started process (PID=248) to work on /home/airflow/.local/lib/python3.12/site-packages/airflow/example_dags/example_skip_dag.py
[2025-04-25T23:39:04.603+0000] {processor.py:914} INFO - Processing file /home/airflow/.local/lib/python3.12/site-packages/airflow/example_dags/example_skip_dag.py for tasks to queue
[2025-04-25T23:39:04.609+0000] {logging_mixin.py:190} INFO - [2025-04-25T23:39:04.609+0000] {dagbag.py:588} INFO - Filling up the DagBag from /home/airflow/.local/lib/python3.12/site-packages/airflow/example_dags/example_skip_dag.py
[2025-04-25T23:39:04.619+0000] {processor.py:925} INFO - DAG(s) 'example_skip_dag' retrieved from /home/airflow/.local/lib/python3.12/site-packages/airflow/example_dags/example_skip_dag.py
[2025-04-25T23:39:04.658+0000] {logging_mixin.py:190} INFO - [2025-04-25T23:39:04.657+0000] {dag.py:3239} INFO - Sync 1 DAGs
[2025-04-25T23:39:04.713+0000] {logging_mixin.py:190} INFO - [2025-04-25T23:39:04.713+0000] {dag.py:4180} INFO - Setting next_dagrun for example_skip_dag to 2025-04-24 00:00:00+00:00, run_after=2025-04-25 00:00:00+00:00
[2025-04-25T23:39:04.744+0000] {processor.py:208} INFO - Processing /home/airflow/.local/lib/python3.12/site-packages/airflow/example_dags/example_skip_dag.py took 0.153 seconds
[2025-04-25T23:39:46.651+0000] {processor.py:186} INFO - Started process (PID=311) to work on /home/airflow/.local/lib/python3.12/site-packages/airflow/example_dags/example_skip_dag.py
[2025-04-25T23:39:46.659+0000] {processor.py:914} INFO - Processing file /home/airflow/.local/lib/python3.12/site-packages/airflow/example_dags/example_skip_dag.py for tasks to queue
[2025-04-25T23:39:46.664+0000] {logging_mixin.py:190} INFO - [2025-04-25T23:39:46.664+0000] {dagbag.py:588} INFO - Filling up the DagBag from /home/airflow/.local/lib/python3.12/site-packages/airflow/example_dags/example_skip_dag.py
[2025-04-25T23:39:46.680+0000] {processor.py:925} INFO - DAG(s) 'example_skip_dag' retrieved from /home/airflow/.local/lib/python3.12/site-packages/airflow/example_dags/example_skip_dag.py
[2025-04-25T23:39:46.795+0000] {logging_mixin.py:190} INFO - [2025-04-25T23:39:46.795+0000] {dag.py:3239} INFO - Sync 1 DAGs
[2025-04-25T23:39:46.882+0000] {logging_mixin.py:190} INFO - [2025-04-25T23:39:46.881+0000] {dag.py:4180} INFO - Setting next_dagrun for example_skip_dag to 2025-04-24 00:00:00+00:00, run_after=2025-04-25 00:00:00+00:00
[2025-04-25T23:39:46.982+0000] {processor.py:208} INFO - Processing /home/airflow/.local/lib/python3.12/site-packages/airflow/example_dags/example_skip_dag.py took 0.373 seconds
[2025-04-25T23:40:17.658+0000] {processor.py:186} INFO - Started process (PID=374) to work on /home/airflow/.local/lib/python3.12/site-packages/airflow/example_dags/example_skip_dag.py
[2025-04-25T23:40:17.659+0000] {processor.py:914} INFO - Processing file /home/airflow/.local/lib/python3.12/site-packages/airflow/example_dags/example_skip_dag.py for tasks to queue
[2025-04-25T23:40:17.662+0000] {logging_mixin.py:190} INFO - [2025-04-25T23:40:17.662+0000] {dagbag.py:588} INFO - Filling up the DagBag from /home/airflow/.local/lib/python3.12/site-packages/airflow/example_dags/example_skip_dag.py
[2025-04-25T23:40:17.673+0000] {processor.py:925} INFO - DAG(s) 'example_skip_dag' retrieved from /home/airflow/.local/lib/python3.12/site-packages/airflow/example_dags/example_skip_dag.py
[2025-04-25T23:40:17.705+0000] {logging_mixin.py:190} INFO - [2025-04-25T23:40:17.705+0000] {dag.py:3239} INFO - Sync 1 DAGs
[2025-04-25T23:40:17.733+0000] {logging_mixin.py:190} INFO - [2025-04-25T23:40:17.733+0000] {dag.py:4180} INFO - Setting next_dagrun for example_skip_dag to 2025-04-24 00:00:00+00:00, run_after=2025-04-25 00:00:00+00:00
[2025-04-25T23:40:17.760+0000] {processor.py:208} INFO - Processing /home/airflow/.local/lib/python3.12/site-packages/airflow/example_dags/example_skip_dag.py took 0.110 seconds
[2025-04-25T23:40:48.355+0000] {processor.py:186} INFO - Started process (PID=437) to work on /home/airflow/.local/lib/python3.12/site-packages/airflow/example_dags/example_skip_dag.py
[2025-04-25T23:40:48.357+0000] {processor.py:914} INFO - Processing file /home/airflow/.local/lib/python3.12/site-packages/airflow/example_dags/example_skip_dag.py for tasks to queue
[2025-04-25T23:40:48.360+0000] {logging_mixin.py:190} INFO - [2025-04-25T23:40:48.359+0000] {dagbag.py:588} INFO - Filling up the DagBag from /home/airflow/.local/lib/python3.12/site-packages/airflow/example_dags/example_skip_dag.py
[2025-04-25T23:40:48.372+0000] {processor.py:925} INFO - DAG(s) 'example_skip_dag' retrieved from /home/airflow/.local/lib/python3.12/site-packages/airflow/example_dags/example_skip_dag.py
[2025-04-25T23:40:48.440+0000] {logging_mixin.py:190} INFO - [2025-04-25T23:40:48.439+0000] {dag.py:3239} INFO - Sync 1 DAGs
[2025-04-25T23:40:49.093+0000] {logging_mixin.py:190} INFO - [2025-04-25T23:40:49.077+0000] {dag.py:4180} INFO - Setting next_dagrun for example_skip_dag to 2025-04-24 00:00:00+00:00, run_after=2025-04-25 00:00:00+00:00
[2025-04-25T23:40:49.285+0000] {processor.py:208} INFO - Processing /home/airflow/.local/lib/python3.12/site-packages/airflow/example_dags/example_skip_dag.py took 0.937 seconds
[2025-04-25T23:41:21.539+0000] {processor.py:186} INFO - Started process (PID=503) to work on /home/airflow/.local/lib/python3.12/site-packages/airflow/example_dags/example_skip_dag.py
[2025-04-25T23:41:21.540+0000] {processor.py:914} INFO - Processing file /home/airflow/.local/lib/python3.12/site-packages/airflow/example_dags/example_skip_dag.py for tasks to queue
[2025-04-25T23:41:21.544+0000] {logging_mixin.py:190} INFO - [2025-04-25T23:41:21.544+0000] {dagbag.py:588} INFO - Filling up the DagBag from /home/airflow/.local/lib/python3.12/site-packages/airflow/example_dags/example_skip_dag.py
[2025-04-25T23:41:21.559+0000] {processor.py:925} INFO - DAG(s) 'example_skip_dag' retrieved from /home/airflow/.local/lib/python3.12/site-packages/airflow/example_dags/example_skip_dag.py
[2025-04-25T23:41:21.598+0000] {logging_mixin.py:190} INFO - [2025-04-25T23:41:21.597+0000] {dag.py:3239} INFO - Sync 1 DAGs
[2025-04-25T23:41:21.642+0000] {logging_mixin.py:190} INFO - [2025-04-25T23:41:21.642+0000] {dag.py:4180} INFO - Setting next_dagrun for example_skip_dag to 2025-04-24 00:00:00+00:00, run_after=2025-04-25 00:00:00+00:00
[2025-04-25T23:41:21.680+0000] {processor.py:208} INFO - Processing /home/airflow/.local/lib/python3.12/site-packages/airflow/example_dags/example_skip_dag.py took 0.153 seconds
[2025-04-25T23:41:53.816+0000] {processor.py:186} INFO - Started process (PID=577) to work on /home/airflow/.local/lib/python3.12/site-packages/airflow/example_dags/example_skip_dag.py
[2025-04-25T23:41:53.819+0000] {processor.py:914} INFO - Processing file /home/airflow/.local/lib/python3.12/site-packages/airflow/example_dags/example_skip_dag.py for tasks to queue
[2025-04-25T23:41:53.827+0000] {logging_mixin.py:190} INFO - [2025-04-25T23:41:53.826+0000] {dagbag.py:588} INFO - Filling up the DagBag from /home/airflow/.local/lib/python3.12/site-packages/airflow/example_dags/example_skip_dag.py
[2025-04-25T23:41:53.854+0000] {processor.py:925} INFO - DAG(s) 'example_skip_dag' retrieved from /home/airflow/.local/lib/python3.12/site-packages/airflow/example_dags/example_skip_dag.py
[2025-04-25T23:41:53.915+0000] {logging_mixin.py:190} INFO - [2025-04-25T23:41:53.915+0000] {dag.py:3239} INFO - Sync 1 DAGs
[2025-04-25T23:41:54.002+0000] {logging_mixin.py:190} INFO - [2025-04-25T23:41:54.001+0000] {dag.py:4180} INFO - Setting next_dagrun for example_skip_dag to 2025-04-24 00:00:00+00:00, run_after=2025-04-25 00:00:00+00:00
[2025-04-25T23:41:54.073+0000] {processor.py:208} INFO - Processing /home/airflow/.local/lib/python3.12/site-packages/airflow/example_dags/example_skip_dag.py took 0.275 seconds
[2025-04-25T23:42:24.466+0000] {processor.py:186} INFO - Started process (PID=640) to work on /home/airflow/.local/lib/python3.12/site-packages/airflow/example_dags/example_skip_dag.py
[2025-04-25T23:42:24.476+0000] {processor.py:914} INFO - Processing file /home/airflow/.local/lib/python3.12/site-packages/airflow/example_dags/example_skip_dag.py for tasks to queue
[2025-04-25T23:42:24.482+0000] {logging_mixin.py:190} INFO - [2025-04-25T23:42:24.481+0000] {dagbag.py:588} INFO - Filling up the DagBag from /home/airflow/.local/lib/python3.12/site-packages/airflow/example_dags/example_skip_dag.py
[2025-04-25T23:42:24.503+0000] {processor.py:925} INFO - DAG(s) 'example_skip_dag' retrieved from /home/airflow/.local/lib/python3.12/site-packages/airflow/example_dags/example_skip_dag.py
[2025-04-25T23:42:24.580+0000] {logging_mixin.py:190} INFO - [2025-04-25T23:42:24.579+0000] {dag.py:3239} INFO - Sync 1 DAGs
[2025-04-25T23:42:24.643+0000] {logging_mixin.py:190} INFO - [2025-04-25T23:42:24.643+0000] {dag.py:4180} INFO - Setting next_dagrun for example_skip_dag to 2025-04-24 00:00:00+00:00, run_after=2025-04-25 00:00:00+00:00
[2025-04-25T23:42:24.678+0000] {processor.py:208} INFO - Processing /home/airflow/.local/lib/python3.12/site-packages/airflow/example_dags/example_skip_dag.py took 0.275 seconds
[2025-04-25T23:42:55.633+0000] {processor.py:186} INFO - Started process (PID=703) to work on /home/airflow/.local/lib/python3.12/site-packages/airflow/example_dags/example_skip_dag.py
[2025-04-25T23:42:55.635+0000] {processor.py:914} INFO - Processing file /home/airflow/.local/lib/python3.12/site-packages/airflow/example_dags/example_skip_dag.py for tasks to queue
[2025-04-25T23:42:55.638+0000] {logging_mixin.py:190} INFO - [2025-04-25T23:42:55.637+0000] {dagbag.py:588} INFO - Filling up the DagBag from /home/airflow/.local/lib/python3.12/site-packages/airflow/example_dags/example_skip_dag.py
[2025-04-25T23:42:55.651+0000] {processor.py:925} INFO - DAG(s) 'example_skip_dag' retrieved from /home/airflow/.local/lib/python3.12/site-packages/airflow/example_dags/example_skip_dag.py
[2025-04-25T23:42:55.684+0000] {logging_mixin.py:190} INFO - [2025-04-25T23:42:55.684+0000] {dag.py:3239} INFO - Sync 1 DAGs
[2025-04-25T23:42:55.717+0000] {logging_mixin.py:190} INFO - [2025-04-25T23:42:55.717+0000] {dag.py:4180} INFO - Setting next_dagrun for example_skip_dag to 2025-04-24 00:00:00+00:00, run_after=2025-04-25 00:00:00+00:00
[2025-04-25T23:42:55.743+0000] {processor.py:208} INFO - Processing /home/airflow/.local/lib/python3.12/site-packages/airflow/example_dags/example_skip_dag.py took 0.120 seconds
[2025-04-25T23:43:31.290+0000] {processor.py:186} INFO - Started process (PID=766) to work on /home/airflow/.local/lib/python3.12/site-packages/airflow/example_dags/example_skip_dag.py
[2025-04-25T23:43:31.293+0000] {processor.py:914} INFO - Processing file /home/airflow/.local/lib/python3.12/site-packages/airflow/example_dags/example_skip_dag.py for tasks to queue
[2025-04-25T23:43:31.296+0000] {logging_mixin.py:190} INFO - [2025-04-25T23:43:31.296+0000] {dagbag.py:588} INFO - Filling up the DagBag from /home/airflow/.local/lib/python3.12/site-packages/airflow/example_dags/example_skip_dag.py
[2025-04-25T23:43:31.309+0000] {processor.py:925} INFO - DAG(s) 'example_skip_dag' retrieved from /home/airflow/.local/lib/python3.12/site-packages/airflow/example_dags/example_skip_dag.py
[2025-04-25T23:43:31.348+0000] {logging_mixin.py:190} INFO - [2025-04-25T23:43:31.347+0000] {dag.py:3239} INFO - Sync 1 DAGs
[2025-04-25T23:43:31.394+0000] {logging_mixin.py:190} INFO - [2025-04-25T23:43:31.393+0000] {dag.py:4180} INFO - Setting next_dagrun for example_skip_dag to 2025-04-24 00:00:00+00:00, run_after=2025-04-25 00:00:00+00:00
[2025-04-25T23:43:31.436+0000] {processor.py:208} INFO - Processing /home/airflow/.local/lib/python3.12/site-packages/airflow/example_dags/example_skip_dag.py took 0.153 seconds
[2025-04-25T23:44:02.518+0000] {processor.py:186} INFO - Started process (PID=829) to work on /home/airflow/.local/lib/python3.12/site-packages/airflow/example_dags/example_skip_dag.py
[2025-04-25T23:44:02.521+0000] {processor.py:914} INFO - Processing file /home/airflow/.local/lib/python3.12/site-packages/airflow/example_dags/example_skip_dag.py for tasks to queue
[2025-04-25T23:44:02.526+0000] {logging_mixin.py:190} INFO - [2025-04-25T23:44:02.526+0000] {dagbag.py:588} INFO - Filling up the DagBag from /home/airflow/.local/lib/python3.12/site-packages/airflow/example_dags/example_skip_dag.py
[2025-04-25T23:44:02.537+0000] {processor.py:925} INFO - DAG(s) 'example_skip_dag' retrieved from /home/airflow/.local/lib/python3.12/site-packages/airflow/example_dags/example_skip_dag.py
[2025-04-25T23:44:02.577+0000] {logging_mixin.py:190} INFO - [2025-04-25T23:44:02.577+0000] {dag.py:3239} INFO - Sync 1 DAGs
[2025-04-25T23:44:02.615+0000] {logging_mixin.py:190} INFO - [2025-04-25T23:44:02.614+0000] {dag.py:4180} INFO - Setting next_dagrun for example_skip_dag to 2025-04-24 00:00:00+00:00, run_after=2025-04-25 00:00:00+00:00
[2025-04-25T23:44:02.646+0000] {processor.py:208} INFO - Processing /home/airflow/.local/lib/python3.12/site-packages/airflow/example_dags/example_skip_dag.py took 0.135 seconds
[2025-04-25T23:44:33.572+0000] {processor.py:186} INFO - Started process (PID=892) to work on /home/airflow/.local/lib/python3.12/site-packages/airflow/example_dags/example_skip_dag.py
[2025-04-25T23:44:33.574+0000] {processor.py:914} INFO - Processing file /home/airflow/.local/lib/python3.12/site-packages/airflow/example_dags/example_skip_dag.py for tasks to queue
[2025-04-25T23:44:33.577+0000] {logging_mixin.py:190} INFO - [2025-04-25T23:44:33.577+0000] {dagbag.py:588} INFO - Filling up the DagBag from /home/airflow/.local/lib/python3.12/site-packages/airflow/example_dags/example_skip_dag.py
[2025-04-25T23:44:33.590+0000] {processor.py:925} INFO - DAG(s) 'example_skip_dag' retrieved from /home/airflow/.local/lib/python3.12/site-packages/airflow/example_dags/example_skip_dag.py
[2025-04-25T23:44:33.619+0000] {logging_mixin.py:190} INFO - [2025-04-25T23:44:33.618+0000] {dag.py:3239} INFO - Sync 1 DAGs
[2025-04-25T23:44:33.648+0000] {logging_mixin.py:190} INFO - [2025-04-25T23:44:33.648+0000] {dag.py:4180} INFO - Setting next_dagrun for example_skip_dag to 2025-04-24 00:00:00+00:00, run_after=2025-04-25 00:00:00+00:00
[2025-04-25T23:44:33.678+0000] {processor.py:208} INFO - Processing /home/airflow/.local/lib/python3.12/site-packages/airflow/example_dags/example_skip_dag.py took 0.116 seconds
[2025-04-25T23:45:03.921+0000] {processor.py:186} INFO - Started process (PID=954) to work on /home/airflow/.local/lib/python3.12/site-packages/airflow/example_dags/example_skip_dag.py
[2025-04-25T23:45:03.922+0000] {processor.py:914} INFO - Processing file /home/airflow/.local/lib/python3.12/site-packages/airflow/example_dags/example_skip_dag.py for tasks to queue
[2025-04-25T23:45:03.925+0000] {logging_mixin.py:190} INFO - [2025-04-25T23:45:03.925+0000] {dagbag.py:588} INFO - Filling up the DagBag from /home/airflow/.local/lib/python3.12/site-packages/airflow/example_dags/example_skip_dag.py
[2025-04-25T23:45:03.938+0000] {processor.py:925} INFO - DAG(s) 'example_skip_dag' retrieved from /home/airflow/.local/lib/python3.12/site-packages/airflow/example_dags/example_skip_dag.py
[2025-04-25T23:45:03.973+0000] {logging_mixin.py:190} INFO - [2025-04-25T23:45:03.973+0000] {dag.py:3239} INFO - Sync 1 DAGs
[2025-04-25T23:45:04.011+0000] {logging_mixin.py:190} INFO - [2025-04-25T23:45:04.011+0000] {dag.py:4180} INFO - Setting next_dagrun for example_skip_dag to 2025-04-24 00:00:00+00:00, run_after=2025-04-25 00:00:00+00:00
[2025-04-25T23:45:04.039+0000] {processor.py:208} INFO - Processing /home/airflow/.local/lib/python3.12/site-packages/airflow/example_dags/example_skip_dag.py took 0.124 seconds
[2025-04-25T23:45:34.169+0000] {processor.py:186} INFO - Started process (PID=1017) to work on /home/airflow/.local/lib/python3.12/site-packages/airflow/example_dags/example_skip_dag.py
[2025-04-25T23:45:34.172+0000] {processor.py:914} INFO - Processing file /home/airflow/.local/lib/python3.12/site-packages/airflow/example_dags/example_skip_dag.py for tasks to queue
[2025-04-25T23:45:34.178+0000] {logging_mixin.py:190} INFO - [2025-04-25T23:45:34.178+0000] {dagbag.py:588} INFO - Filling up the DagBag from /home/airflow/.local/lib/python3.12/site-packages/airflow/example_dags/example_skip_dag.py
[2025-04-25T23:45:34.198+0000] {processor.py:925} INFO - DAG(s) 'example_skip_dag' retrieved from /home/airflow/.local/lib/python3.12/site-packages/airflow/example_dags/example_skip_dag.py
[2025-04-25T23:45:34.236+0000] {logging_mixin.py:190} INFO - [2025-04-25T23:45:34.235+0000] {dag.py:3239} INFO - Sync 1 DAGs
[2025-04-25T23:45:34.302+0000] {logging_mixin.py:190} INFO - [2025-04-25T23:45:34.301+0000] {dag.py:4180} INFO - Setting next_dagrun for example_skip_dag to 2025-04-24 00:00:00+00:00, run_after=2025-04-25 00:00:00+00:00
[2025-04-25T23:45:34.339+0000] {processor.py:208} INFO - Processing /home/airflow/.local/lib/python3.12/site-packages/airflow/example_dags/example_skip_dag.py took 0.179 seconds
[2025-04-25T23:46:05.298+0000] {processor.py:186} INFO - Started process (PID=1079) to work on /home/airflow/.local/lib/python3.12/site-packages/airflow/example_dags/example_skip_dag.py
[2025-04-25T23:46:05.300+0000] {processor.py:914} INFO - Processing file /home/airflow/.local/lib/python3.12/site-packages/airflow/example_dags/example_skip_dag.py for tasks to queue
[2025-04-25T23:46:05.312+0000] {logging_mixin.py:190} INFO - [2025-04-25T23:46:05.311+0000] {dagbag.py:588} INFO - Filling up the DagBag from /home/airflow/.local/lib/python3.12/site-packages/airflow/example_dags/example_skip_dag.py
[2025-04-25T23:46:05.328+0000] {processor.py:925} INFO - DAG(s) 'example_skip_dag' retrieved from /home/airflow/.local/lib/python3.12/site-packages/airflow/example_dags/example_skip_dag.py
[2025-04-25T23:46:05.376+0000] {logging_mixin.py:190} INFO - [2025-04-25T23:46:05.376+0000] {dag.py:3239} INFO - Sync 1 DAGs
[2025-04-25T23:46:05.443+0000] {logging_mixin.py:190} INFO - [2025-04-25T23:46:05.443+0000] {dag.py:4180} INFO - Setting next_dagrun for example_skip_dag to 2025-04-24 00:00:00+00:00, run_after=2025-04-25 00:00:00+00:00
[2025-04-25T23:46:05.485+0000] {processor.py:208} INFO - Processing /home/airflow/.local/lib/python3.12/site-packages/airflow/example_dags/example_skip_dag.py took 0.200 seconds
[2025-04-25T23:46:49.808+0000] {processor.py:186} INFO - Started process (PID=1141) to work on /home/airflow/.local/lib/python3.12/site-packages/airflow/example_dags/example_skip_dag.py
[2025-04-25T23:46:49.813+0000] {processor.py:914} INFO - Processing file /home/airflow/.local/lib/python3.12/site-packages/airflow/example_dags/example_skip_dag.py for tasks to queue
[2025-04-25T23:46:49.819+0000] {logging_mixin.py:190} INFO - [2025-04-25T23:46:49.818+0000] {dagbag.py:588} INFO - Filling up the DagBag from /home/airflow/.local/lib/python3.12/site-packages/airflow/example_dags/example_skip_dag.py
[2025-04-25T23:46:49.842+0000] {processor.py:925} INFO - DAG(s) 'example_skip_dag' retrieved from /home/airflow/.local/lib/python3.12/site-packages/airflow/example_dags/example_skip_dag.py
[2025-04-25T23:46:49.899+0000] {logging_mixin.py:190} INFO - [2025-04-25T23:46:49.899+0000] {dag.py:3239} INFO - Sync 1 DAGs
[2025-04-25T23:46:49.945+0000] {logging_mixin.py:190} INFO - [2025-04-25T23:46:49.945+0000] {dag.py:4180} INFO - Setting next_dagrun for example_skip_dag to 2025-04-24 00:00:00+00:00, run_after=2025-04-25 00:00:00+00:00
[2025-04-25T23:46:49.978+0000] {processor.py:208} INFO - Processing /home/airflow/.local/lib/python3.12/site-packages/airflow/example_dags/example_skip_dag.py took 0.180 seconds
[2025-04-25T23:47:20.894+0000] {processor.py:186} INFO - Started process (PID=1204) to work on /home/airflow/.local/lib/python3.12/site-packages/airflow/example_dags/example_skip_dag.py
[2025-04-25T23:47:20.895+0000] {processor.py:914} INFO - Processing file /home/airflow/.local/lib/python3.12/site-packages/airflow/example_dags/example_skip_dag.py for tasks to queue
[2025-04-25T23:47:20.900+0000] {logging_mixin.py:190} INFO - [2025-04-25T23:47:20.900+0000] {dagbag.py:588} INFO - Filling up the DagBag from /home/airflow/.local/lib/python3.12/site-packages/airflow/example_dags/example_skip_dag.py
[2025-04-25T23:47:20.912+0000] {processor.py:925} INFO - DAG(s) 'example_skip_dag' retrieved from /home/airflow/.local/lib/python3.12/site-packages/airflow/example_dags/example_skip_dag.py
[2025-04-25T23:47:20.951+0000] {logging_mixin.py:190} INFO - [2025-04-25T23:47:20.951+0000] {dag.py:3239} INFO - Sync 1 DAGs
[2025-04-25T23:47:20.994+0000] {logging_mixin.py:190} INFO - [2025-04-25T23:47:20.994+0000] {dag.py:4180} INFO - Setting next_dagrun for example_skip_dag to 2025-04-24 00:00:00+00:00, run_after=2025-04-25 00:00:00+00:00
[2025-04-25T23:47:21.032+0000] {processor.py:208} INFO - Processing /home/airflow/.local/lib/python3.12/site-packages/airflow/example_dags/example_skip_dag.py took 0.146 seconds
[2025-04-25T23:47:51.407+0000] {processor.py:186} INFO - Started process (PID=1266) to work on /home/airflow/.local/lib/python3.12/site-packages/airflow/example_dags/example_skip_dag.py
[2025-04-25T23:47:51.410+0000] {processor.py:914} INFO - Processing file /home/airflow/.local/lib/python3.12/site-packages/airflow/example_dags/example_skip_dag.py for tasks to queue
[2025-04-25T23:47:51.421+0000] {logging_mixin.py:190} INFO - [2025-04-25T23:47:51.420+0000] {dagbag.py:588} INFO - Filling up the DagBag from /home/airflow/.local/lib/python3.12/site-packages/airflow/example_dags/example_skip_dag.py
[2025-04-25T23:47:51.437+0000] {processor.py:925} INFO - DAG(s) 'example_skip_dag' retrieved from /home/airflow/.local/lib/python3.12/site-packages/airflow/example_dags/example_skip_dag.py
[2025-04-25T23:47:51.484+0000] {logging_mixin.py:190} INFO - [2025-04-25T23:47:51.483+0000] {dag.py:3239} INFO - Sync 1 DAGs
[2025-04-25T23:47:51.551+0000] {logging_mixin.py:190} INFO - [2025-04-25T23:47:51.550+0000] {dag.py:4180} INFO - Setting next_dagrun for example_skip_dag to 2025-04-24 00:00:00+00:00, run_after=2025-04-25 00:00:00+00:00
[2025-04-25T23:47:51.633+0000] {processor.py:208} INFO - Processing /home/airflow/.local/lib/python3.12/site-packages/airflow/example_dags/example_skip_dag.py took 0.244 seconds
[2025-04-25T23:48:22.487+0000] {processor.py:186} INFO - Started process (PID=1329) to work on /home/airflow/.local/lib/python3.12/site-packages/airflow/example_dags/example_skip_dag.py
[2025-04-25T23:48:22.488+0000] {processor.py:914} INFO - Processing file /home/airflow/.local/lib/python3.12/site-packages/airflow/example_dags/example_skip_dag.py for tasks to queue
[2025-04-25T23:48:22.492+0000] {logging_mixin.py:190} INFO - [2025-04-25T23:48:22.491+0000] {dagbag.py:588} INFO - Filling up the DagBag from /home/airflow/.local/lib/python3.12/site-packages/airflow/example_dags/example_skip_dag.py
[2025-04-25T23:48:22.501+0000] {processor.py:925} INFO - DAG(s) 'example_skip_dag' retrieved from /home/airflow/.local/lib/python3.12/site-packages/airflow/example_dags/example_skip_dag.py
[2025-04-25T23:48:22.534+0000] {logging_mixin.py:190} INFO - [2025-04-25T23:48:22.533+0000] {dag.py:3239} INFO - Sync 1 DAGs
[2025-04-25T23:48:22.565+0000] {logging_mixin.py:190} INFO - [2025-04-25T23:48:22.564+0000] {dag.py:4180} INFO - Setting next_dagrun for example_skip_dag to 2025-04-24 00:00:00+00:00, run_after=2025-04-25 00:00:00+00:00
[2025-04-25T23:48:22.594+0000] {processor.py:208} INFO - Processing /home/airflow/.local/lib/python3.12/site-packages/airflow/example_dags/example_skip_dag.py took 0.115 seconds
[2025-04-25T23:48:53.260+0000] {processor.py:186} INFO - Started process (PID=1390) to work on /home/airflow/.local/lib/python3.12/site-packages/airflow/example_dags/example_skip_dag.py
[2025-04-25T23:48:53.264+0000] {processor.py:914} INFO - Processing file /home/airflow/.local/lib/python3.12/site-packages/airflow/example_dags/example_skip_dag.py for tasks to queue
[2025-04-25T23:48:53.268+0000] {logging_mixin.py:190} INFO - [2025-04-25T23:48:53.267+0000] {dagbag.py:588} INFO - Filling up the DagBag from /home/airflow/.local/lib/python3.12/site-packages/airflow/example_dags/example_skip_dag.py
[2025-04-25T23:48:53.284+0000] {processor.py:925} INFO - DAG(s) 'example_skip_dag' retrieved from /home/airflow/.local/lib/python3.12/site-packages/airflow/example_dags/example_skip_dag.py
[2025-04-25T23:48:53.327+0000] {logging_mixin.py:190} INFO - [2025-04-25T23:48:53.326+0000] {dag.py:3239} INFO - Sync 1 DAGs
[2025-04-25T23:48:53.369+0000] {logging_mixin.py:190} INFO - [2025-04-25T23:48:53.368+0000] {dag.py:4180} INFO - Setting next_dagrun for example_skip_dag to 2025-04-24 00:00:00+00:00, run_after=2025-04-25 00:00:00+00:00
[2025-04-25T23:48:53.417+0000] {processor.py:208} INFO - Processing /home/airflow/.local/lib/python3.12/site-packages/airflow/example_dags/example_skip_dag.py took 0.168 seconds
[2025-04-25T23:49:24.369+0000] {processor.py:186} INFO - Started process (PID=1453) to work on /home/airflow/.local/lib/python3.12/site-packages/airflow/example_dags/example_skip_dag.py
[2025-04-25T23:49:24.374+0000] {processor.py:914} INFO - Processing file /home/airflow/.local/lib/python3.12/site-packages/airflow/example_dags/example_skip_dag.py for tasks to queue
[2025-04-25T23:49:24.380+0000] {logging_mixin.py:190} INFO - [2025-04-25T23:49:24.379+0000] {dagbag.py:588} INFO - Filling up the DagBag from /home/airflow/.local/lib/python3.12/site-packages/airflow/example_dags/example_skip_dag.py
[2025-04-25T23:49:24.407+0000] {processor.py:925} INFO - DAG(s) 'example_skip_dag' retrieved from /home/airflow/.local/lib/python3.12/site-packages/airflow/example_dags/example_skip_dag.py
[2025-04-25T23:49:24.476+0000] {logging_mixin.py:190} INFO - [2025-04-25T23:49:24.476+0000] {dag.py:3239} INFO - Sync 1 DAGs
[2025-04-25T23:49:24.556+0000] {logging_mixin.py:190} INFO - [2025-04-25T23:49:24.554+0000] {dag.py:4180} INFO - Setting next_dagrun for example_skip_dag to 2025-04-24 00:00:00+00:00, run_after=2025-04-25 00:00:00+00:00
[2025-04-25T23:49:24.633+0000] {processor.py:208} INFO - Processing /home/airflow/.local/lib/python3.12/site-packages/airflow/example_dags/example_skip_dag.py took 0.294 seconds
[2025-04-25T23:49:55.366+0000] {processor.py:186} INFO - Started process (PID=1516) to work on /home/airflow/.local/lib/python3.12/site-packages/airflow/example_dags/example_skip_dag.py
[2025-04-25T23:49:55.378+0000] {processor.py:914} INFO - Processing file /home/airflow/.local/lib/python3.12/site-packages/airflow/example_dags/example_skip_dag.py for tasks to queue
[2025-04-25T23:49:55.388+0000] {logging_mixin.py:190} INFO - [2025-04-25T23:49:55.388+0000] {dagbag.py:588} INFO - Filling up the DagBag from /home/airflow/.local/lib/python3.12/site-packages/airflow/example_dags/example_skip_dag.py
[2025-04-25T23:49:55.444+0000] {processor.py:925} INFO - DAG(s) 'example_skip_dag' retrieved from /home/airflow/.local/lib/python3.12/site-packages/airflow/example_dags/example_skip_dag.py
[2025-04-25T23:49:55.503+0000] {logging_mixin.py:190} INFO - [2025-04-25T23:49:55.503+0000] {dag.py:3239} INFO - Sync 1 DAGs
[2025-04-25T23:49:55.568+0000] {logging_mixin.py:190} INFO - [2025-04-25T23:49:55.566+0000] {dag.py:4180} INFO - Setting next_dagrun for example_skip_dag to 2025-04-24 00:00:00+00:00, run_after=2025-04-25 00:00:00+00:00
[2025-04-25T23:49:55.629+0000] {processor.py:208} INFO - Processing /home/airflow/.local/lib/python3.12/site-packages/airflow/example_dags/example_skip_dag.py took 0.273 seconds
[2025-04-25T23:50:26.042+0000] {processor.py:186} INFO - Started process (PID=1580) to work on /home/airflow/.local/lib/python3.12/site-packages/airflow/example_dags/example_skip_dag.py
[2025-04-25T23:50:26.313+0000] {processor.py:914} INFO - Processing file /home/airflow/.local/lib/python3.12/site-packages/airflow/example_dags/example_skip_dag.py for tasks to queue
[2025-04-25T23:50:26.317+0000] {logging_mixin.py:190} INFO - [2025-04-25T23:50:26.317+0000] {dagbag.py:588} INFO - Filling up the DagBag from /home/airflow/.local/lib/python3.12/site-packages/airflow/example_dags/example_skip_dag.py
[2025-04-25T23:50:26.340+0000] {processor.py:925} INFO - DAG(s) 'example_skip_dag' retrieved from /home/airflow/.local/lib/python3.12/site-packages/airflow/example_dags/example_skip_dag.py
[2025-04-25T23:50:26.389+0000] {logging_mixin.py:190} INFO - [2025-04-25T23:50:26.389+0000] {dag.py:3239} INFO - Sync 1 DAGs
[2025-04-25T23:50:26.456+0000] {logging_mixin.py:190} INFO - [2025-04-25T23:50:26.455+0000] {dag.py:4180} INFO - Setting next_dagrun for example_skip_dag to 2025-04-24 00:00:00+00:00, run_after=2025-04-25 00:00:00+00:00
[2025-04-25T23:50:26.493+0000] {processor.py:208} INFO - Processing /home/airflow/.local/lib/python3.12/site-packages/airflow/example_dags/example_skip_dag.py took 0.459 seconds
[2025-04-25T23:50:57.120+0000] {processor.py:186} INFO - Started process (PID=1641) to work on /home/airflow/.local/lib/python3.12/site-packages/airflow/example_dags/example_skip_dag.py
[2025-04-25T23:50:57.124+0000] {processor.py:914} INFO - Processing file /home/airflow/.local/lib/python3.12/site-packages/airflow/example_dags/example_skip_dag.py for tasks to queue
[2025-04-25T23:50:57.132+0000] {logging_mixin.py:190} INFO - [2025-04-25T23:50:57.131+0000] {dagbag.py:588} INFO - Filling up the DagBag from /home/airflow/.local/lib/python3.12/site-packages/airflow/example_dags/example_skip_dag.py
[2025-04-25T23:50:57.161+0000] {processor.py:925} INFO - DAG(s) 'example_skip_dag' retrieved from /home/airflow/.local/lib/python3.12/site-packages/airflow/example_dags/example_skip_dag.py
[2025-04-25T23:50:57.262+0000] {logging_mixin.py:190} INFO - [2025-04-25T23:50:57.262+0000] {dag.py:3239} INFO - Sync 1 DAGs
[2025-04-25T23:50:57.312+0000] {logging_mixin.py:190} INFO - [2025-04-25T23:50:57.312+0000] {dag.py:4180} INFO - Setting next_dagrun for example_skip_dag to 2025-04-24 00:00:00+00:00, run_after=2025-04-25 00:00:00+00:00
[2025-04-25T23:50:57.358+0000] {processor.py:208} INFO - Processing /home/airflow/.local/lib/python3.12/site-packages/airflow/example_dags/example_skip_dag.py took 0.251 seconds
[2025-04-25T23:51:28.994+0000] {processor.py:186} INFO - Started process (PID=1711) to work on /home/airflow/.local/lib/python3.12/site-packages/airflow/example_dags/example_skip_dag.py
[2025-04-25T23:51:28.995+0000] {processor.py:914} INFO - Processing file /home/airflow/.local/lib/python3.12/site-packages/airflow/example_dags/example_skip_dag.py for tasks to queue
[2025-04-25T23:51:28.999+0000] {logging_mixin.py:190} INFO - [2025-04-25T23:51:28.999+0000] {dagbag.py:588} INFO - Filling up the DagBag from /home/airflow/.local/lib/python3.12/site-packages/airflow/example_dags/example_skip_dag.py
[2025-04-25T23:51:29.015+0000] {processor.py:925} INFO - DAG(s) 'example_skip_dag' retrieved from /home/airflow/.local/lib/python3.12/site-packages/airflow/example_dags/example_skip_dag.py
[2025-04-25T23:51:29.052+0000] {logging_mixin.py:190} INFO - [2025-04-25T23:51:29.052+0000] {dag.py:3239} INFO - Sync 1 DAGs
[2025-04-25T23:51:29.094+0000] {logging_mixin.py:190} INFO - [2025-04-25T23:51:29.094+0000] {dag.py:4180} INFO - Setting next_dagrun for example_skip_dag to 2025-04-24 00:00:00+00:00, run_after=2025-04-25 00:00:00+00:00
[2025-04-25T23:51:29.126+0000] {processor.py:208} INFO - Processing /home/airflow/.local/lib/python3.12/site-packages/airflow/example_dags/example_skip_dag.py took 0.142 seconds
[2025-04-25T23:52:00.011+0000] {processor.py:186} INFO - Started process (PID=1773) to work on /home/airflow/.local/lib/python3.12/site-packages/airflow/example_dags/example_skip_dag.py
[2025-04-25T23:52:00.017+0000] {processor.py:914} INFO - Processing file /home/airflow/.local/lib/python3.12/site-packages/airflow/example_dags/example_skip_dag.py for tasks to queue
[2025-04-25T23:52:00.038+0000] {logging_mixin.py:190} INFO - [2025-04-25T23:52:00.037+0000] {dagbag.py:588} INFO - Filling up the DagBag from /home/airflow/.local/lib/python3.12/site-packages/airflow/example_dags/example_skip_dag.py
[2025-04-25T23:52:00.056+0000] {processor.py:925} INFO - DAG(s) 'example_skip_dag' retrieved from /home/airflow/.local/lib/python3.12/site-packages/airflow/example_dags/example_skip_dag.py
[2025-04-25T23:52:00.104+0000] {logging_mixin.py:190} INFO - [2025-04-25T23:52:00.103+0000] {dag.py:3239} INFO - Sync 1 DAGs
[2025-04-25T23:52:00.140+0000] {logging_mixin.py:190} INFO - [2025-04-25T23:52:00.140+0000] {dag.py:4180} INFO - Setting next_dagrun for example_skip_dag to 2025-04-24 00:00:00+00:00, run_after=2025-04-25 00:00:00+00:00
[2025-04-25T23:52:00.182+0000] {processor.py:208} INFO - Processing /home/airflow/.local/lib/python3.12/site-packages/airflow/example_dags/example_skip_dag.py took 0.204 seconds
[2025-04-25T23:52:30.574+0000] {processor.py:186} INFO - Started process (PID=1838) to work on /home/airflow/.local/lib/python3.12/site-packages/airflow/example_dags/example_skip_dag.py
[2025-04-25T23:52:30.579+0000] {processor.py:914} INFO - Processing file /home/airflow/.local/lib/python3.12/site-packages/airflow/example_dags/example_skip_dag.py for tasks to queue
[2025-04-25T23:52:30.583+0000] {logging_mixin.py:190} INFO - [2025-04-25T23:52:30.582+0000] {dagbag.py:588} INFO - Filling up the DagBag from /home/airflow/.local/lib/python3.12/site-packages/airflow/example_dags/example_skip_dag.py
[2025-04-25T23:52:30.596+0000] {processor.py:925} INFO - DAG(s) 'example_skip_dag' retrieved from /home/airflow/.local/lib/python3.12/site-packages/airflow/example_dags/example_skip_dag.py
[2025-04-25T23:52:30.637+0000] {logging_mixin.py:190} INFO - [2025-04-25T23:52:30.637+0000] {dag.py:3239} INFO - Sync 1 DAGs
[2025-04-25T23:52:30.675+0000] {logging_mixin.py:190} INFO - [2025-04-25T23:52:30.675+0000] {dag.py:4180} INFO - Setting next_dagrun for example_skip_dag to 2025-04-24 00:00:00+00:00, run_after=2025-04-25 00:00:00+00:00
[2025-04-25T23:52:30.710+0000] {processor.py:208} INFO - Processing /home/airflow/.local/lib/python3.12/site-packages/airflow/example_dags/example_skip_dag.py took 0.146 seconds
[2025-04-25T23:53:01.123+0000] {processor.py:186} INFO - Started process (PID=1902) to work on /home/airflow/.local/lib/python3.12/site-packages/airflow/example_dags/example_skip_dag.py
[2025-04-25T23:53:01.124+0000] {processor.py:914} INFO - Processing file /home/airflow/.local/lib/python3.12/site-packages/airflow/example_dags/example_skip_dag.py for tasks to queue
[2025-04-25T23:53:01.128+0000] {logging_mixin.py:190} INFO - [2025-04-25T23:53:01.127+0000] {dagbag.py:588} INFO - Filling up the DagBag from /home/airflow/.local/lib/python3.12/site-packages/airflow/example_dags/example_skip_dag.py
[2025-04-25T23:53:01.141+0000] {processor.py:925} INFO - DAG(s) 'example_skip_dag' retrieved from /home/airflow/.local/lib/python3.12/site-packages/airflow/example_dags/example_skip_dag.py
[2025-04-25T23:53:01.201+0000] {logging_mixin.py:190} INFO - [2025-04-25T23:53:01.201+0000] {dag.py:3239} INFO - Sync 1 DAGs
[2025-04-25T23:53:01.253+0000] {logging_mixin.py:190} INFO - [2025-04-25T23:53:01.253+0000] {dag.py:4180} INFO - Setting next_dagrun for example_skip_dag to 2025-04-24 00:00:00+00:00, run_after=2025-04-25 00:00:00+00:00
[2025-04-25T23:53:01.292+0000] {processor.py:208} INFO - Processing /home/airflow/.local/lib/python3.12/site-packages/airflow/example_dags/example_skip_dag.py took 0.182 seconds
[2025-04-25T23:53:32.543+0000] {processor.py:186} INFO - Started process (PID=1966) to work on /home/airflow/.local/lib/python3.12/site-packages/airflow/example_dags/example_skip_dag.py
[2025-04-25T23:53:32.544+0000] {processor.py:914} INFO - Processing file /home/airflow/.local/lib/python3.12/site-packages/airflow/example_dags/example_skip_dag.py for tasks to queue
[2025-04-25T23:53:32.550+0000] {logging_mixin.py:190} INFO - [2025-04-25T23:53:32.550+0000] {dagbag.py:588} INFO - Filling up the DagBag from /home/airflow/.local/lib/python3.12/site-packages/airflow/example_dags/example_skip_dag.py
[2025-04-25T23:53:32.562+0000] {processor.py:925} INFO - DAG(s) 'example_skip_dag' retrieved from /home/airflow/.local/lib/python3.12/site-packages/airflow/example_dags/example_skip_dag.py
[2025-04-25T23:53:32.599+0000] {logging_mixin.py:190} INFO - [2025-04-25T23:53:32.599+0000] {dag.py:3239} INFO - Sync 1 DAGs
[2025-04-25T23:53:32.633+0000] {logging_mixin.py:190} INFO - [2025-04-25T23:53:32.633+0000] {dag.py:4180} INFO - Setting next_dagrun for example_skip_dag to 2025-04-24 00:00:00+00:00, run_after=2025-04-25 00:00:00+00:00
[2025-04-25T23:53:32.679+0000] {processor.py:208} INFO - Processing /home/airflow/.local/lib/python3.12/site-packages/airflow/example_dags/example_skip_dag.py took 0.145 seconds
[2025-04-25T23:54:05.073+0000] {processor.py:186} INFO - Started process (PID=2030) to work on /home/airflow/.local/lib/python3.12/site-packages/airflow/example_dags/example_skip_dag.py
[2025-04-25T23:54:05.075+0000] {processor.py:914} INFO - Processing file /home/airflow/.local/lib/python3.12/site-packages/airflow/example_dags/example_skip_dag.py for tasks to queue
[2025-04-25T23:54:05.081+0000] {logging_mixin.py:190} INFO - [2025-04-25T23:54:05.080+0000] {dagbag.py:588} INFO - Filling up the DagBag from /home/airflow/.local/lib/python3.12/site-packages/airflow/example_dags/example_skip_dag.py
[2025-04-25T23:54:05.096+0000] {processor.py:925} INFO - DAG(s) 'example_skip_dag' retrieved from /home/airflow/.local/lib/python3.12/site-packages/airflow/example_dags/example_skip_dag.py
[2025-04-25T23:54:05.147+0000] {logging_mixin.py:190} INFO - [2025-04-25T23:54:05.146+0000] {dag.py:3239} INFO - Sync 1 DAGs
[2025-04-25T23:54:05.232+0000] {logging_mixin.py:190} INFO - [2025-04-25T23:54:05.232+0000] {dag.py:4180} INFO - Setting next_dagrun for example_skip_dag to 2025-04-24 00:00:00+00:00, run_after=2025-04-25 00:00:00+00:00
[2025-04-25T23:54:05.301+0000] {processor.py:208} INFO - Processing /home/airflow/.local/lib/python3.12/site-packages/airflow/example_dags/example_skip_dag.py took 0.242 seconds
[2025-04-25T23:54:35.650+0000] {processor.py:186} INFO - Started process (PID=2094) to work on /home/airflow/.local/lib/python3.12/site-packages/airflow/example_dags/example_skip_dag.py
[2025-04-25T23:54:35.652+0000] {processor.py:914} INFO - Processing file /home/airflow/.local/lib/python3.12/site-packages/airflow/example_dags/example_skip_dag.py for tasks to queue
[2025-04-25T23:54:35.655+0000] {logging_mixin.py:190} INFO - [2025-04-25T23:54:35.654+0000] {dagbag.py:588} INFO - Filling up the DagBag from /home/airflow/.local/lib/python3.12/site-packages/airflow/example_dags/example_skip_dag.py
[2025-04-25T23:54:35.665+0000] {processor.py:925} INFO - DAG(s) 'example_skip_dag' retrieved from /home/airflow/.local/lib/python3.12/site-packages/airflow/example_dags/example_skip_dag.py
[2025-04-25T23:54:35.693+0000] {logging_mixin.py:190} INFO - [2025-04-25T23:54:35.693+0000] {dag.py:3239} INFO - Sync 1 DAGs
[2025-04-25T23:54:35.729+0000] {logging_mixin.py:190} INFO - [2025-04-25T23:54:35.729+0000] {dag.py:4180} INFO - Setting next_dagrun for example_skip_dag to 2025-04-24 00:00:00+00:00, run_after=2025-04-25 00:00:00+00:00
[2025-04-25T23:54:35.756+0000] {processor.py:208} INFO - Processing /home/airflow/.local/lib/python3.12/site-packages/airflow/example_dags/example_skip_dag.py took 0.113 seconds
[2025-04-25T23:55:06.690+0000] {processor.py:186} INFO - Started process (PID=2158) to work on /home/airflow/.local/lib/python3.12/site-packages/airflow/example_dags/example_skip_dag.py
[2025-04-25T23:55:06.692+0000] {processor.py:914} INFO - Processing file /home/airflow/.local/lib/python3.12/site-packages/airflow/example_dags/example_skip_dag.py for tasks to queue
[2025-04-25T23:55:06.697+0000] {logging_mixin.py:190} INFO - [2025-04-25T23:55:06.696+0000] {dagbag.py:588} INFO - Filling up the DagBag from /home/airflow/.local/lib/python3.12/site-packages/airflow/example_dags/example_skip_dag.py
[2025-04-25T23:55:06.709+0000] {processor.py:925} INFO - DAG(s) 'example_skip_dag' retrieved from /home/airflow/.local/lib/python3.12/site-packages/airflow/example_dags/example_skip_dag.py
[2025-04-25T23:55:06.747+0000] {logging_mixin.py:190} INFO - [2025-04-25T23:55:06.747+0000] {dag.py:3239} INFO - Sync 1 DAGs
[2025-04-25T23:55:06.784+0000] {logging_mixin.py:190} INFO - [2025-04-25T23:55:06.783+0000] {dag.py:4180} INFO - Setting next_dagrun for example_skip_dag to 2025-04-24 00:00:00+00:00, run_after=2025-04-25 00:00:00+00:00
[2025-04-25T23:55:06.815+0000] {processor.py:208} INFO - Processing /home/airflow/.local/lib/python3.12/site-packages/airflow/example_dags/example_skip_dag.py took 0.132 seconds
[2025-04-25T23:55:38.102+0000] {processor.py:186} INFO - Started process (PID=2222) to work on /home/airflow/.local/lib/python3.12/site-packages/airflow/example_dags/example_skip_dag.py
[2025-04-25T23:55:38.104+0000] {processor.py:914} INFO - Processing file /home/airflow/.local/lib/python3.12/site-packages/airflow/example_dags/example_skip_dag.py for tasks to queue
[2025-04-25T23:55:38.109+0000] {logging_mixin.py:190} INFO - [2025-04-25T23:55:38.108+0000] {dagbag.py:588} INFO - Filling up the DagBag from /home/airflow/.local/lib/python3.12/site-packages/airflow/example_dags/example_skip_dag.py
[2025-04-25T23:55:38.124+0000] {processor.py:925} INFO - DAG(s) 'example_skip_dag' retrieved from /home/airflow/.local/lib/python3.12/site-packages/airflow/example_dags/example_skip_dag.py
[2025-04-25T23:55:38.160+0000] {logging_mixin.py:190} INFO - [2025-04-25T23:55:38.160+0000] {dag.py:3239} INFO - Sync 1 DAGs
[2025-04-25T23:55:38.204+0000] {logging_mixin.py:190} INFO - [2025-04-25T23:55:38.203+0000] {dag.py:4180} INFO - Setting next_dagrun for example_skip_dag to 2025-04-24 00:00:00+00:00, run_after=2025-04-25 00:00:00+00:00
[2025-04-25T23:55:38.241+0000] {processor.py:208} INFO - Processing /home/airflow/.local/lib/python3.12/site-packages/airflow/example_dags/example_skip_dag.py took 0.151 seconds
[2025-04-25T23:56:10.799+0000] {processor.py:186} INFO - Started process (PID=2286) to work on /home/airflow/.local/lib/python3.12/site-packages/airflow/example_dags/example_skip_dag.py
[2025-04-25T23:56:10.800+0000] {processor.py:914} INFO - Processing file /home/airflow/.local/lib/python3.12/site-packages/airflow/example_dags/example_skip_dag.py for tasks to queue
[2025-04-25T23:56:10.803+0000] {logging_mixin.py:190} INFO - [2025-04-25T23:56:10.802+0000] {dagbag.py:588} INFO - Filling up the DagBag from /home/airflow/.local/lib/python3.12/site-packages/airflow/example_dags/example_skip_dag.py
[2025-04-25T23:56:10.812+0000] {processor.py:925} INFO - DAG(s) 'example_skip_dag' retrieved from /home/airflow/.local/lib/python3.12/site-packages/airflow/example_dags/example_skip_dag.py
[2025-04-25T23:56:10.836+0000] {logging_mixin.py:190} INFO - [2025-04-25T23:56:10.836+0000] {dag.py:3239} INFO - Sync 1 DAGs
[2025-04-25T23:56:10.861+0000] {logging_mixin.py:190} INFO - [2025-04-25T23:56:10.861+0000] {dag.py:4180} INFO - Setting next_dagrun for example_skip_dag to 2025-04-24 00:00:00+00:00, run_after=2025-04-25 00:00:00+00:00
[2025-04-25T23:56:10.882+0000] {processor.py:208} INFO - Processing /home/airflow/.local/lib/python3.12/site-packages/airflow/example_dags/example_skip_dag.py took 0.090 seconds
[2025-04-25T23:56:42.355+0000] {processor.py:186} INFO - Started process (PID=2351) to work on /home/airflow/.local/lib/python3.12/site-packages/airflow/example_dags/example_skip_dag.py
[2025-04-25T23:56:42.356+0000] {processor.py:914} INFO - Processing file /home/airflow/.local/lib/python3.12/site-packages/airflow/example_dags/example_skip_dag.py for tasks to queue
[2025-04-25T23:56:42.357+0000] {logging_mixin.py:190} INFO - [2025-04-25T23:56:42.357+0000] {dagbag.py:588} INFO - Filling up the DagBag from /home/airflow/.local/lib/python3.12/site-packages/airflow/example_dags/example_skip_dag.py
[2025-04-25T23:56:42.372+0000] {processor.py:925} INFO - DAG(s) 'example_skip_dag' retrieved from /home/airflow/.local/lib/python3.12/site-packages/airflow/example_dags/example_skip_dag.py
[2025-04-25T23:56:42.406+0000] {logging_mixin.py:190} INFO - [2025-04-25T23:56:42.406+0000] {dag.py:3239} INFO - Sync 1 DAGs
[2025-04-25T23:56:42.439+0000] {logging_mixin.py:190} INFO - [2025-04-25T23:56:42.439+0000] {dag.py:4180} INFO - Setting next_dagrun for example_skip_dag to 2025-04-24 00:00:00+00:00, run_after=2025-04-25 00:00:00+00:00
[2025-04-25T23:56:42.468+0000] {processor.py:208} INFO - Processing /home/airflow/.local/lib/python3.12/site-packages/airflow/example_dags/example_skip_dag.py took 0.121 seconds
[2025-04-25T23:57:14.190+0000] {processor.py:186} INFO - Started process (PID=2415) to work on /home/airflow/.local/lib/python3.12/site-packages/airflow/example_dags/example_skip_dag.py
[2025-04-25T23:57:14.191+0000] {processor.py:914} INFO - Processing file /home/airflow/.local/lib/python3.12/site-packages/airflow/example_dags/example_skip_dag.py for tasks to queue
[2025-04-25T23:57:14.194+0000] {logging_mixin.py:190} INFO - [2025-04-25T23:57:14.193+0000] {dagbag.py:588} INFO - Filling up the DagBag from /home/airflow/.local/lib/python3.12/site-packages/airflow/example_dags/example_skip_dag.py
[2025-04-25T23:57:14.211+0000] {processor.py:925} INFO - DAG(s) 'example_skip_dag' retrieved from /home/airflow/.local/lib/python3.12/site-packages/airflow/example_dags/example_skip_dag.py
[2025-04-25T23:57:14.256+0000] {logging_mixin.py:190} INFO - [2025-04-25T23:57:14.256+0000] {dag.py:3239} INFO - Sync 1 DAGs
[2025-04-25T23:57:14.310+0000] {logging_mixin.py:190} INFO - [2025-04-25T23:57:14.309+0000] {dag.py:4180} INFO - Setting next_dagrun for example_skip_dag to 2025-04-24 00:00:00+00:00, run_after=2025-04-25 00:00:00+00:00
[2025-04-25T23:57:14.348+0000] {processor.py:208} INFO - Processing /home/airflow/.local/lib/python3.12/site-packages/airflow/example_dags/example_skip_dag.py took 0.170 seconds
[2025-04-25T23:58:51.782+0000] {processor.py:186} INFO - Started process (PID=2484) to work on /home/airflow/.local/lib/python3.12/site-packages/airflow/example_dags/example_skip_dag.py
[2025-04-25T23:58:51.867+0000] {processor.py:914} INFO - Processing file /home/airflow/.local/lib/python3.12/site-packages/airflow/example_dags/example_skip_dag.py for tasks to queue
[2025-04-25T23:58:51.878+0000] {logging_mixin.py:190} INFO - [2025-04-25T23:58:51.877+0000] {dagbag.py:588} INFO - Filling up the DagBag from /home/airflow/.local/lib/python3.12/site-packages/airflow/example_dags/example_skip_dag.py
[2025-04-25T23:58:51.932+0000] {processor.py:925} INFO - DAG(s) 'example_skip_dag' retrieved from /home/airflow/.local/lib/python3.12/site-packages/airflow/example_dags/example_skip_dag.py
[2025-04-25T23:58:52.084+0000] {logging_mixin.py:190} INFO - [2025-04-25T23:58:52.084+0000] {dag.py:3239} INFO - Sync 1 DAGs
[2025-04-25T23:58:52.269+0000] {logging_mixin.py:190} INFO - [2025-04-25T23:58:52.269+0000] {dag.py:4180} INFO - Setting next_dagrun for example_skip_dag to 2025-04-24 00:00:00+00:00, run_after=2025-04-25 00:00:00+00:00
[2025-04-25T23:58:52.332+0000] {processor.py:208} INFO - Processing /home/airflow/.local/lib/python3.12/site-packages/airflow/example_dags/example_skip_dag.py took 0.614 seconds
[2025-04-25T23:59:23.066+0000] {processor.py:186} INFO - Started process (PID=2549) to work on /home/airflow/.local/lib/python3.12/site-packages/airflow/example_dags/example_skip_dag.py
[2025-04-25T23:59:23.068+0000] {processor.py:914} INFO - Processing file /home/airflow/.local/lib/python3.12/site-packages/airflow/example_dags/example_skip_dag.py for tasks to queue
[2025-04-25T23:59:23.087+0000] {logging_mixin.py:190} INFO - [2025-04-25T23:59:23.086+0000] {dagbag.py:588} INFO - Filling up the DagBag from /home/airflow/.local/lib/python3.12/site-packages/airflow/example_dags/example_skip_dag.py
[2025-04-25T23:59:23.113+0000] {processor.py:925} INFO - DAG(s) 'example_skip_dag' retrieved from /home/airflow/.local/lib/python3.12/site-packages/airflow/example_dags/example_skip_dag.py
[2025-04-25T23:59:23.167+0000] {logging_mixin.py:190} INFO - [2025-04-25T23:59:23.166+0000] {dag.py:3239} INFO - Sync 1 DAGs
[2025-04-25T23:59:23.231+0000] {logging_mixin.py:190} INFO - [2025-04-25T23:59:23.230+0000] {dag.py:4180} INFO - Setting next_dagrun for example_skip_dag to 2025-04-24 00:00:00+00:00, run_after=2025-04-25 00:00:00+00:00
[2025-04-25T23:59:23.283+0000] {processor.py:208} INFO - Processing /home/airflow/.local/lib/python3.12/site-packages/airflow/example_dags/example_skip_dag.py took 0.229 seconds
[2025-04-25T23:59:58.335+0000] {processor.py:186} INFO - Started process (PID=2613) to work on /home/airflow/.local/lib/python3.12/site-packages/airflow/example_dags/example_skip_dag.py
[2025-04-25T23:59:58.353+0000] {processor.py:914} INFO - Processing file /home/airflow/.local/lib/python3.12/site-packages/airflow/example_dags/example_skip_dag.py for tasks to queue
[2025-04-25T23:59:58.358+0000] {logging_mixin.py:190} INFO - [2025-04-25T23:59:58.357+0000] {dagbag.py:588} INFO - Filling up the DagBag from /home/airflow/.local/lib/python3.12/site-packages/airflow/example_dags/example_skip_dag.py
[2025-04-25T23:59:58.393+0000] {processor.py:925} INFO - DAG(s) 'example_skip_dag' retrieved from /home/airflow/.local/lib/python3.12/site-packages/airflow/example_dags/example_skip_dag.py
[2025-04-25T23:59:58.556+0000] {logging_mixin.py:190} INFO - [2025-04-25T23:59:58.555+0000] {dag.py:3239} INFO - Sync 1 DAGs
[2025-04-25T23:59:58.633+0000] {logging_mixin.py:190} INFO - [2025-04-25T23:59:58.632+0000] {dag.py:4180} INFO - Setting next_dagrun for example_skip_dag to 2025-04-24 00:00:00+00:00, run_after=2025-04-25 00:00:00+00:00
[2025-04-25T23:59:58.705+0000] {processor.py:208} INFO - Processing /home/airflow/.local/lib/python3.12/site-packages/airflow/example_dags/example_skip_dag.py took 0.452 seconds
