[2025-04-25T23:32:27.980+0000] {processor.py:186} INFO - Started process (PID=109) to work on /home/airflow/.local/lib/python3.12/site-packages/airflow/example_dags/example_python_decorator.py
[2025-04-25T23:32:27.996+0000] {processor.py:914} INFO - Processing file /home/airflow/.local/lib/python3.12/site-packages/airflow/example_dags/example_python_decorator.py for tasks to queue
[2025-04-25T23:32:28.044+0000] {logging_mixin.py:190} INFO - [2025-04-25T23:32:28.043+0000] {dagbag.py:588} INFO - Filling up the DagBag from /home/airflow/.local/lib/python3.12/site-packages/airflow/example_dags/example_python_decorator.py
[2025-04-25T23:32:28.483+0000] {processor.py:925} INFO - DAG(s) 'example_python_decorator' retrieved from /home/airflow/.local/lib/python3.12/site-packages/airflow/example_dags/example_python_decorator.py
[2025-04-25T23:32:35.223+0000] {logging_mixin.py:190} INFO - [2025-04-25T23:32:35.204+0000] {override.py:1911} INFO - Created Permission View: can delete on DAG:example_python_decorator
[2025-04-25T23:32:36.415+0000] {logging_mixin.py:190} INFO - [2025-04-25T23:32:36.414+0000] {override.py:1911} INFO - Created Permission View: can read on DAG:example_python_decorator
[2025-04-25T23:32:36.564+0000] {logging_mixin.py:190} INFO - [2025-04-25T23:32:36.563+0000] {override.py:1911} INFO - Created Permission View: can edit on DAG:example_python_decorator
[2025-04-25T23:32:36.661+0000] {logging_mixin.py:190} INFO - [2025-04-25T23:32:36.660+0000] {override.py:1911} INFO - Created Permission View: can create on DAG Run:example_python_decorator
[2025-04-25T23:32:36.699+0000] {logging_mixin.py:190} INFO - [2025-04-25T23:32:36.696+0000] {override.py:1911} INFO - Created Permission View: can delete on DAG Run:example_python_decorator
[2025-04-25T23:32:36.747+0000] {logging_mixin.py:190} INFO - [2025-04-25T23:32:36.746+0000] {override.py:1911} INFO - Created Permission View: can read on DAG Run:example_python_decorator
[2025-04-25T23:32:36.770+0000] {logging_mixin.py:190} INFO - [2025-04-25T23:32:36.770+0000] {override.py:1911} INFO - Created Permission View: menu access on DAG Run:example_python_decorator
[2025-04-25T23:32:36.778+0000] {logging_mixin.py:190} INFO - [2025-04-25T23:32:36.777+0000] {dag.py:3239} INFO - Sync 1 DAGs
[2025-04-25T23:32:37.078+0000] {logging_mixin.py:190} INFO - [2025-04-25T23:32:37.077+0000] {dag.py:3262} INFO - Creating ORM DAG for example_python_decorator
[2025-04-25T23:32:37.082+0000] {logging_mixin.py:190} INFO - [2025-04-25T23:32:37.081+0000] {dag.py:4180} INFO - Setting next_dagrun for example_python_decorator to None, run_after=None
[2025-04-25T23:32:37.292+0000] {processor.py:208} INFO - Processing /home/airflow/.local/lib/python3.12/site-packages/airflow/example_dags/example_python_decorator.py took 9.407 seconds
[2025-04-25T23:33:46.876+0000] {processor.py:186} INFO - Started process (PID=184) to work on /home/airflow/.local/lib/python3.12/site-packages/airflow/example_dags/example_python_decorator.py
[2025-04-25T23:33:46.880+0000] {processor.py:914} INFO - Processing file /home/airflow/.local/lib/python3.12/site-packages/airflow/example_dags/example_python_decorator.py for tasks to queue
[2025-04-25T23:33:46.885+0000] {logging_mixin.py:190} INFO - [2025-04-25T23:33:46.884+0000] {dagbag.py:588} INFO - Filling up the DagBag from /home/airflow/.local/lib/python3.12/site-packages/airflow/example_dags/example_python_decorator.py
[2025-04-25T23:33:46.926+0000] {processor.py:925} INFO - DAG(s) 'example_python_decorator' retrieved from /home/airflow/.local/lib/python3.12/site-packages/airflow/example_dags/example_python_decorator.py
[2025-04-25T23:33:46.978+0000] {logging_mixin.py:190} INFO - [2025-04-25T23:33:46.977+0000] {dag.py:3239} INFO - Sync 1 DAGs
[2025-04-25T23:33:47.014+0000] {logging_mixin.py:190} INFO - [2025-04-25T23:33:47.013+0000] {dag.py:4180} INFO - Setting next_dagrun for example_python_decorator to None, run_after=None
[2025-04-25T23:33:47.062+0000] {processor.py:208} INFO - Processing /home/airflow/.local/lib/python3.12/site-packages/airflow/example_dags/example_python_decorator.py took 0.197 seconds
[2025-04-25T23:34:49.265+0000] {processor.py:186} INFO - Started process (PID=246) to work on /home/airflow/.local/lib/python3.12/site-packages/airflow/example_dags/example_python_decorator.py
[2025-04-25T23:34:49.268+0000] {processor.py:914} INFO - Processing file /home/airflow/.local/lib/python3.12/site-packages/airflow/example_dags/example_python_decorator.py for tasks to queue
[2025-04-25T23:34:49.506+0000] {logging_mixin.py:190} INFO - [2025-04-25T23:34:49.375+0000] {dagbag.py:588} INFO - Filling up the DagBag from /home/airflow/.local/lib/python3.12/site-packages/airflow/example_dags/example_python_decorator.py
[2025-04-25T23:34:49.840+0000] {processor.py:925} INFO - DAG(s) 'example_python_decorator' retrieved from /home/airflow/.local/lib/python3.12/site-packages/airflow/example_dags/example_python_decorator.py
[2025-04-25T23:34:49.978+0000] {logging_mixin.py:190} INFO - [2025-04-25T23:34:49.978+0000] {dag.py:3239} INFO - Sync 1 DAGs
[2025-04-25T23:34:50.115+0000] {logging_mixin.py:190} INFO - [2025-04-25T23:34:50.114+0000] {dag.py:4180} INFO - Setting next_dagrun for example_python_decorator to None, run_after=None
[2025-04-25T23:34:50.218+0000] {processor.py:208} INFO - Processing /home/airflow/.local/lib/python3.12/site-packages/airflow/example_dags/example_python_decorator.py took 0.980 seconds
[2025-04-25T23:37:23.007+0000] {processor.py:186} INFO - Started process (PID=91) to work on /home/airflow/.local/lib/python3.12/site-packages/airflow/example_dags/example_python_decorator.py
[2025-04-25T23:37:23.016+0000] {processor.py:914} INFO - Processing file /home/airflow/.local/lib/python3.12/site-packages/airflow/example_dags/example_python_decorator.py for tasks to queue
[2025-04-25T23:37:23.024+0000] {logging_mixin.py:190} INFO - [2025-04-25T23:37:23.023+0000] {dagbag.py:588} INFO - Filling up the DagBag from /home/airflow/.local/lib/python3.12/site-packages/airflow/example_dags/example_python_decorator.py
[2025-04-25T23:37:23.051+0000] {processor.py:925} INFO - DAG(s) 'example_python_decorator' retrieved from /home/airflow/.local/lib/python3.12/site-packages/airflow/example_dags/example_python_decorator.py
[2025-04-25T23:37:24.950+0000] {logging_mixin.py:190} INFO - [2025-04-25T23:37:24.930+0000] {dag.py:3239} INFO - Sync 1 DAGs
[2025-04-25T23:37:25.059+0000] {logging_mixin.py:190} INFO - [2025-04-25T23:37:25.058+0000] {dag.py:4180} INFO - Setting next_dagrun for example_python_decorator to None, run_after=None
[2025-04-25T23:37:25.205+0000] {processor.py:208} INFO - Processing /home/airflow/.local/lib/python3.12/site-packages/airflow/example_dags/example_python_decorator.py took 2.208 seconds
[2025-04-25T23:38:08.510+0000] {processor.py:186} INFO - Started process (PID=154) to work on /home/airflow/.local/lib/python3.12/site-packages/airflow/example_dags/example_python_decorator.py
[2025-04-25T23:38:08.515+0000] {processor.py:914} INFO - Processing file /home/airflow/.local/lib/python3.12/site-packages/airflow/example_dags/example_python_decorator.py for tasks to queue
[2025-04-25T23:38:08.520+0000] {logging_mixin.py:190} INFO - [2025-04-25T23:38:08.520+0000] {dagbag.py:588} INFO - Filling up the DagBag from /home/airflow/.local/lib/python3.12/site-packages/airflow/example_dags/example_python_decorator.py
[2025-04-25T23:38:08.560+0000] {processor.py:925} INFO - DAG(s) 'example_python_decorator' retrieved from /home/airflow/.local/lib/python3.12/site-packages/airflow/example_dags/example_python_decorator.py
[2025-04-25T23:38:08.598+0000] {logging_mixin.py:190} INFO - [2025-04-25T23:38:08.598+0000] {dag.py:3239} INFO - Sync 1 DAGs
[2025-04-25T23:38:08.627+0000] {logging_mixin.py:190} INFO - [2025-04-25T23:38:08.626+0000] {dag.py:4180} INFO - Setting next_dagrun for example_python_decorator to None, run_after=None
[2025-04-25T23:38:08.662+0000] {processor.py:208} INFO - Processing /home/airflow/.local/lib/python3.12/site-packages/airflow/example_dags/example_python_decorator.py took 0.163 seconds
[2025-04-25T23:38:48.150+0000] {processor.py:186} INFO - Started process (PID=216) to work on /home/airflow/.local/lib/python3.12/site-packages/airflow/example_dags/example_python_decorator.py
[2025-04-25T23:38:48.152+0000] {processor.py:914} INFO - Processing file /home/airflow/.local/lib/python3.12/site-packages/airflow/example_dags/example_python_decorator.py for tasks to queue
[2025-04-25T23:38:48.155+0000] {logging_mixin.py:190} INFO - [2025-04-25T23:38:48.155+0000] {dagbag.py:588} INFO - Filling up the DagBag from /home/airflow/.local/lib/python3.12/site-packages/airflow/example_dags/example_python_decorator.py
[2025-04-25T23:38:48.181+0000] {processor.py:925} INFO - DAG(s) 'example_python_decorator' retrieved from /home/airflow/.local/lib/python3.12/site-packages/airflow/example_dags/example_python_decorator.py
[2025-04-25T23:38:48.226+0000] {logging_mixin.py:190} INFO - [2025-04-25T23:38:48.225+0000] {dag.py:3239} INFO - Sync 1 DAGs
[2025-04-25T23:38:48.253+0000] {logging_mixin.py:190} INFO - [2025-04-25T23:38:48.253+0000] {dag.py:4180} INFO - Setting next_dagrun for example_python_decorator to None, run_after=None
[2025-04-25T23:38:48.283+0000] {processor.py:208} INFO - Processing /home/airflow/.local/lib/python3.12/site-packages/airflow/example_dags/example_python_decorator.py took 0.145 seconds
[2025-04-25T23:39:20.399+0000] {processor.py:186} INFO - Started process (PID=279) to work on /home/airflow/.local/lib/python3.12/site-packages/airflow/example_dags/example_python_decorator.py
[2025-04-25T23:39:20.400+0000] {processor.py:914} INFO - Processing file /home/airflow/.local/lib/python3.12/site-packages/airflow/example_dags/example_python_decorator.py for tasks to queue
[2025-04-25T23:39:20.404+0000] {logging_mixin.py:190} INFO - [2025-04-25T23:39:20.404+0000] {dagbag.py:588} INFO - Filling up the DagBag from /home/airflow/.local/lib/python3.12/site-packages/airflow/example_dags/example_python_decorator.py
[2025-04-25T23:39:20.442+0000] {processor.py:925} INFO - DAG(s) 'example_python_decorator' retrieved from /home/airflow/.local/lib/python3.12/site-packages/airflow/example_dags/example_python_decorator.py
[2025-04-25T23:39:20.491+0000] {logging_mixin.py:190} INFO - [2025-04-25T23:39:20.491+0000] {dag.py:3239} INFO - Sync 1 DAGs
[2025-04-25T23:39:20.557+0000] {logging_mixin.py:190} INFO - [2025-04-25T23:39:20.557+0000] {dag.py:4180} INFO - Setting next_dagrun for example_python_decorator to None, run_after=None
[2025-04-25T23:39:20.675+0000] {processor.py:208} INFO - Processing /home/airflow/.local/lib/python3.12/site-packages/airflow/example_dags/example_python_decorator.py took 0.287 seconds
[2025-04-25T23:40:00.550+0000] {processor.py:186} INFO - Started process (PID=348) to work on /home/airflow/.local/lib/python3.12/site-packages/airflow/example_dags/example_python_decorator.py
[2025-04-25T23:40:00.555+0000] {processor.py:914} INFO - Processing file /home/airflow/.local/lib/python3.12/site-packages/airflow/example_dags/example_python_decorator.py for tasks to queue
[2025-04-25T23:40:00.564+0000] {logging_mixin.py:190} INFO - [2025-04-25T23:40:00.563+0000] {dagbag.py:588} INFO - Filling up the DagBag from /home/airflow/.local/lib/python3.12/site-packages/airflow/example_dags/example_python_decorator.py
[2025-04-25T23:40:00.734+0000] {processor.py:925} INFO - DAG(s) 'example_python_decorator' retrieved from /home/airflow/.local/lib/python3.12/site-packages/airflow/example_dags/example_python_decorator.py
[2025-04-25T23:40:00.811+0000] {logging_mixin.py:190} INFO - [2025-04-25T23:40:00.811+0000] {dag.py:3239} INFO - Sync 1 DAGs
[2025-04-25T23:40:00.873+0000] {logging_mixin.py:190} INFO - [2025-04-25T23:40:00.873+0000] {dag.py:4180} INFO - Setting next_dagrun for example_python_decorator to None, run_after=None
[2025-04-25T23:40:00.958+0000] {processor.py:208} INFO - Processing /home/airflow/.local/lib/python3.12/site-packages/airflow/example_dags/example_python_decorator.py took 0.428 seconds
[2025-04-25T23:40:34.104+0000] {processor.py:186} INFO - Started process (PID=411) to work on /home/airflow/.local/lib/python3.12/site-packages/airflow/example_dags/example_python_decorator.py
[2025-04-25T23:40:34.106+0000] {processor.py:914} INFO - Processing file /home/airflow/.local/lib/python3.12/site-packages/airflow/example_dags/example_python_decorator.py for tasks to queue
[2025-04-25T23:40:34.109+0000] {logging_mixin.py:190} INFO - [2025-04-25T23:40:34.109+0000] {dagbag.py:588} INFO - Filling up the DagBag from /home/airflow/.local/lib/python3.12/site-packages/airflow/example_dags/example_python_decorator.py
[2025-04-25T23:40:34.130+0000] {processor.py:925} INFO - DAG(s) 'example_python_decorator' retrieved from /home/airflow/.local/lib/python3.12/site-packages/airflow/example_dags/example_python_decorator.py
[2025-04-25T23:40:34.165+0000] {logging_mixin.py:190} INFO - [2025-04-25T23:40:34.165+0000] {dag.py:3239} INFO - Sync 1 DAGs
[2025-04-25T23:40:34.190+0000] {logging_mixin.py:190} INFO - [2025-04-25T23:40:34.190+0000] {dag.py:4180} INFO - Setting next_dagrun for example_python_decorator to None, run_after=None
[2025-04-25T23:40:34.217+0000] {processor.py:208} INFO - Processing /home/airflow/.local/lib/python3.12/site-packages/airflow/example_dags/example_python_decorator.py took 0.122 seconds
[2025-04-25T23:41:07.322+0000] {processor.py:186} INFO - Started process (PID=474) to work on /home/airflow/.local/lib/python3.12/site-packages/airflow/example_dags/example_python_decorator.py
[2025-04-25T23:41:07.323+0000] {processor.py:914} INFO - Processing file /home/airflow/.local/lib/python3.12/site-packages/airflow/example_dags/example_python_decorator.py for tasks to queue
[2025-04-25T23:41:07.326+0000] {logging_mixin.py:190} INFO - [2025-04-25T23:41:07.326+0000] {dagbag.py:588} INFO - Filling up the DagBag from /home/airflow/.local/lib/python3.12/site-packages/airflow/example_dags/example_python_decorator.py
[2025-04-25T23:41:07.346+0000] {processor.py:925} INFO - DAG(s) 'example_python_decorator' retrieved from /home/airflow/.local/lib/python3.12/site-packages/airflow/example_dags/example_python_decorator.py
[2025-04-25T23:41:07.376+0000] {logging_mixin.py:190} INFO - [2025-04-25T23:41:07.375+0000] {dag.py:3239} INFO - Sync 1 DAGs
[2025-04-25T23:41:07.398+0000] {logging_mixin.py:190} INFO - [2025-04-25T23:41:07.398+0000] {dag.py:4180} INFO - Setting next_dagrun for example_python_decorator to None, run_after=None
[2025-04-25T23:41:07.438+0000] {processor.py:208} INFO - Processing /home/airflow/.local/lib/python3.12/site-packages/airflow/example_dags/example_python_decorator.py took 0.123 seconds
[2025-04-25T23:41:38.433+0000] {processor.py:186} INFO - Started process (PID=536) to work on /home/airflow/.local/lib/python3.12/site-packages/airflow/example_dags/example_python_decorator.py
[2025-04-25T23:41:38.439+0000] {processor.py:914} INFO - Processing file /home/airflow/.local/lib/python3.12/site-packages/airflow/example_dags/example_python_decorator.py for tasks to queue
[2025-04-25T23:41:38.447+0000] {logging_mixin.py:190} INFO - [2025-04-25T23:41:38.446+0000] {dagbag.py:588} INFO - Filling up the DagBag from /home/airflow/.local/lib/python3.12/site-packages/airflow/example_dags/example_python_decorator.py
[2025-04-25T23:41:38.478+0000] {processor.py:925} INFO - DAG(s) 'example_python_decorator' retrieved from /home/airflow/.local/lib/python3.12/site-packages/airflow/example_dags/example_python_decorator.py
[2025-04-25T23:41:38.536+0000] {logging_mixin.py:190} INFO - [2025-04-25T23:41:38.536+0000] {dag.py:3239} INFO - Sync 1 DAGs
[2025-04-25T23:41:38.595+0000] {logging_mixin.py:190} INFO - [2025-04-25T23:41:38.594+0000] {dag.py:4180} INFO - Setting next_dagrun for example_python_decorator to None, run_after=None
[2025-04-25T23:41:38.627+0000] {processor.py:208} INFO - Processing /home/airflow/.local/lib/python3.12/site-packages/airflow/example_dags/example_python_decorator.py took 0.205 seconds
[2025-04-25T23:42:10.356+0000] {processor.py:186} INFO - Started process (PID=599) to work on /home/airflow/.local/lib/python3.12/site-packages/airflow/example_dags/example_python_decorator.py
[2025-04-25T23:42:10.357+0000] {processor.py:914} INFO - Processing file /home/airflow/.local/lib/python3.12/site-packages/airflow/example_dags/example_python_decorator.py for tasks to queue
[2025-04-25T23:42:10.360+0000] {logging_mixin.py:190} INFO - [2025-04-25T23:42:10.359+0000] {dagbag.py:588} INFO - Filling up the DagBag from /home/airflow/.local/lib/python3.12/site-packages/airflow/example_dags/example_python_decorator.py
[2025-04-25T23:42:10.384+0000] {processor.py:925} INFO - DAG(s) 'example_python_decorator' retrieved from /home/airflow/.local/lib/python3.12/site-packages/airflow/example_dags/example_python_decorator.py
[2025-04-25T23:42:10.422+0000] {logging_mixin.py:190} INFO - [2025-04-25T23:42:10.421+0000] {dag.py:3239} INFO - Sync 1 DAGs
[2025-04-25T23:42:10.452+0000] {logging_mixin.py:190} INFO - [2025-04-25T23:42:10.452+0000] {dag.py:4180} INFO - Setting next_dagrun for example_python_decorator to None, run_after=None
[2025-04-25T23:42:10.481+0000] {processor.py:208} INFO - Processing /home/airflow/.local/lib/python3.12/site-packages/airflow/example_dags/example_python_decorator.py took 0.134 seconds
[2025-04-25T23:42:41.618+0000] {processor.py:186} INFO - Started process (PID=662) to work on /home/airflow/.local/lib/python3.12/site-packages/airflow/example_dags/example_python_decorator.py
[2025-04-25T23:42:41.619+0000] {processor.py:914} INFO - Processing file /home/airflow/.local/lib/python3.12/site-packages/airflow/example_dags/example_python_decorator.py for tasks to queue
[2025-04-25T23:42:41.622+0000] {logging_mixin.py:190} INFO - [2025-04-25T23:42:41.622+0000] {dagbag.py:588} INFO - Filling up the DagBag from /home/airflow/.local/lib/python3.12/site-packages/airflow/example_dags/example_python_decorator.py
[2025-04-25T23:42:41.644+0000] {processor.py:925} INFO - DAG(s) 'example_python_decorator' retrieved from /home/airflow/.local/lib/python3.12/site-packages/airflow/example_dags/example_python_decorator.py
[2025-04-25T23:42:41.680+0000] {logging_mixin.py:190} INFO - [2025-04-25T23:42:41.680+0000] {dag.py:3239} INFO - Sync 1 DAGs
[2025-04-25T23:42:41.705+0000] {logging_mixin.py:190} INFO - [2025-04-25T23:42:41.705+0000] {dag.py:4180} INFO - Setting next_dagrun for example_python_decorator to None, run_after=None
[2025-04-25T23:42:41.737+0000] {processor.py:208} INFO - Processing /home/airflow/.local/lib/python3.12/site-packages/airflow/example_dags/example_python_decorator.py took 0.128 seconds
[2025-04-25T23:43:18.894+0000] {processor.py:186} INFO - Started process (PID=725) to work on /home/airflow/.local/lib/python3.12/site-packages/airflow/example_dags/example_python_decorator.py
[2025-04-25T23:43:18.899+0000] {processor.py:914} INFO - Processing file /home/airflow/.local/lib/python3.12/site-packages/airflow/example_dags/example_python_decorator.py for tasks to queue
[2025-04-25T23:43:18.918+0000] {logging_mixin.py:190} INFO - [2025-04-25T23:43:18.914+0000] {dagbag.py:588} INFO - Filling up the DagBag from /home/airflow/.local/lib/python3.12/site-packages/airflow/example_dags/example_python_decorator.py
[2025-04-25T23:43:18.997+0000] {processor.py:925} INFO - DAG(s) 'example_python_decorator' retrieved from /home/airflow/.local/lib/python3.12/site-packages/airflow/example_dags/example_python_decorator.py
[2025-04-25T23:43:19.074+0000] {logging_mixin.py:190} INFO - [2025-04-25T23:43:19.073+0000] {dag.py:3239} INFO - Sync 1 DAGs
[2025-04-25T23:43:19.159+0000] {logging_mixin.py:190} INFO - [2025-04-25T23:43:19.159+0000] {dag.py:4180} INFO - Setting next_dagrun for example_python_decorator to None, run_after=None
[2025-04-25T23:43:19.253+0000] {processor.py:208} INFO - Processing /home/airflow/.local/lib/python3.12/site-packages/airflow/example_dags/example_python_decorator.py took 0.388 seconds
[2025-04-25T23:43:49.987+0000] {processor.py:186} INFO - Started process (PID=788) to work on /home/airflow/.local/lib/python3.12/site-packages/airflow/example_dags/example_python_decorator.py
[2025-04-25T23:43:49.990+0000] {processor.py:914} INFO - Processing file /home/airflow/.local/lib/python3.12/site-packages/airflow/example_dags/example_python_decorator.py for tasks to queue
[2025-04-25T23:43:49.994+0000] {logging_mixin.py:190} INFO - [2025-04-25T23:43:49.993+0000] {dagbag.py:588} INFO - Filling up the DagBag from /home/airflow/.local/lib/python3.12/site-packages/airflow/example_dags/example_python_decorator.py
[2025-04-25T23:43:50.033+0000] {processor.py:925} INFO - DAG(s) 'example_python_decorator' retrieved from /home/airflow/.local/lib/python3.12/site-packages/airflow/example_dags/example_python_decorator.py
[2025-04-25T23:43:50.077+0000] {logging_mixin.py:190} INFO - [2025-04-25T23:43:50.076+0000] {dag.py:3239} INFO - Sync 1 DAGs
[2025-04-25T23:43:50.105+0000] {logging_mixin.py:190} INFO - [2025-04-25T23:43:50.104+0000] {dag.py:4180} INFO - Setting next_dagrun for example_python_decorator to None, run_after=None
[2025-04-25T23:43:50.137+0000] {processor.py:208} INFO - Processing /home/airflow/.local/lib/python3.12/site-packages/airflow/example_dags/example_python_decorator.py took 0.162 seconds
[2025-04-25T23:44:20.520+0000] {processor.py:186} INFO - Started process (PID=851) to work on /home/airflow/.local/lib/python3.12/site-packages/airflow/example_dags/example_python_decorator.py
[2025-04-25T23:44:20.521+0000] {processor.py:914} INFO - Processing file /home/airflow/.local/lib/python3.12/site-packages/airflow/example_dags/example_python_decorator.py for tasks to queue
[2025-04-25T23:44:20.524+0000] {logging_mixin.py:190} INFO - [2025-04-25T23:44:20.523+0000] {dagbag.py:588} INFO - Filling up the DagBag from /home/airflow/.local/lib/python3.12/site-packages/airflow/example_dags/example_python_decorator.py
[2025-04-25T23:44:20.546+0000] {processor.py:925} INFO - DAG(s) 'example_python_decorator' retrieved from /home/airflow/.local/lib/python3.12/site-packages/airflow/example_dags/example_python_decorator.py
[2025-04-25T23:44:20.586+0000] {logging_mixin.py:190} INFO - [2025-04-25T23:44:20.586+0000] {dag.py:3239} INFO - Sync 1 DAGs
[2025-04-25T23:44:20.608+0000] {logging_mixin.py:190} INFO - [2025-04-25T23:44:20.608+0000] {dag.py:4180} INFO - Setting next_dagrun for example_python_decorator to None, run_after=None
[2025-04-25T23:44:20.638+0000] {processor.py:208} INFO - Processing /home/airflow/.local/lib/python3.12/site-packages/airflow/example_dags/example_python_decorator.py took 0.127 seconds
[2025-04-25T23:44:50.919+0000] {processor.py:186} INFO - Started process (PID=913) to work on /home/airflow/.local/lib/python3.12/site-packages/airflow/example_dags/example_python_decorator.py
[2025-04-25T23:44:50.920+0000] {processor.py:914} INFO - Processing file /home/airflow/.local/lib/python3.12/site-packages/airflow/example_dags/example_python_decorator.py for tasks to queue
[2025-04-25T23:44:50.928+0000] {logging_mixin.py:190} INFO - [2025-04-25T23:44:50.925+0000] {dagbag.py:588} INFO - Filling up the DagBag from /home/airflow/.local/lib/python3.12/site-packages/airflow/example_dags/example_python_decorator.py
[2025-04-25T23:44:50.958+0000] {processor.py:925} INFO - DAG(s) 'example_python_decorator' retrieved from /home/airflow/.local/lib/python3.12/site-packages/airflow/example_dags/example_python_decorator.py
[2025-04-25T23:44:51.022+0000] {logging_mixin.py:190} INFO - [2025-04-25T23:44:51.022+0000] {dag.py:3239} INFO - Sync 1 DAGs
[2025-04-25T23:44:51.084+0000] {logging_mixin.py:190} INFO - [2025-04-25T23:44:51.083+0000] {dag.py:4180} INFO - Setting next_dagrun for example_python_decorator to None, run_after=None
[2025-04-25T23:44:51.167+0000] {processor.py:208} INFO - Processing /home/airflow/.local/lib/python3.12/site-packages/airflow/example_dags/example_python_decorator.py took 0.259 seconds
[2025-04-25T23:45:22.090+0000] {processor.py:186} INFO - Started process (PID=976) to work on /home/airflow/.local/lib/python3.12/site-packages/airflow/example_dags/example_python_decorator.py
[2025-04-25T23:45:22.092+0000] {processor.py:914} INFO - Processing file /home/airflow/.local/lib/python3.12/site-packages/airflow/example_dags/example_python_decorator.py for tasks to queue
[2025-04-25T23:45:22.095+0000] {logging_mixin.py:190} INFO - [2025-04-25T23:45:22.094+0000] {dagbag.py:588} INFO - Filling up the DagBag from /home/airflow/.local/lib/python3.12/site-packages/airflow/example_dags/example_python_decorator.py
[2025-04-25T23:45:22.116+0000] {processor.py:925} INFO - DAG(s) 'example_python_decorator' retrieved from /home/airflow/.local/lib/python3.12/site-packages/airflow/example_dags/example_python_decorator.py
[2025-04-25T23:45:22.152+0000] {logging_mixin.py:190} INFO - [2025-04-25T23:45:22.151+0000] {dag.py:3239} INFO - Sync 1 DAGs
[2025-04-25T23:45:22.173+0000] {logging_mixin.py:190} INFO - [2025-04-25T23:45:22.173+0000] {dag.py:4180} INFO - Setting next_dagrun for example_python_decorator to None, run_after=None
[2025-04-25T23:45:22.210+0000] {processor.py:208} INFO - Processing /home/airflow/.local/lib/python3.12/site-packages/airflow/example_dags/example_python_decorator.py took 0.128 seconds
[2025-04-25T23:45:52.401+0000] {processor.py:186} INFO - Started process (PID=1039) to work on /home/airflow/.local/lib/python3.12/site-packages/airflow/example_dags/example_python_decorator.py
[2025-04-25T23:45:52.403+0000] {processor.py:914} INFO - Processing file /home/airflow/.local/lib/python3.12/site-packages/airflow/example_dags/example_python_decorator.py for tasks to queue
[2025-04-25T23:45:52.406+0000] {logging_mixin.py:190} INFO - [2025-04-25T23:45:52.406+0000] {dagbag.py:588} INFO - Filling up the DagBag from /home/airflow/.local/lib/python3.12/site-packages/airflow/example_dags/example_python_decorator.py
[2025-04-25T23:45:52.445+0000] {processor.py:925} INFO - DAG(s) 'example_python_decorator' retrieved from /home/airflow/.local/lib/python3.12/site-packages/airflow/example_dags/example_python_decorator.py
[2025-04-25T23:45:52.489+0000] {logging_mixin.py:190} INFO - [2025-04-25T23:45:52.488+0000] {dag.py:3239} INFO - Sync 1 DAGs
[2025-04-25T23:45:52.517+0000] {logging_mixin.py:190} INFO - [2025-04-25T23:45:52.517+0000] {dag.py:4180} INFO - Setting next_dagrun for example_python_decorator to None, run_after=None
[2025-04-25T23:45:52.608+0000] {processor.py:208} INFO - Processing /home/airflow/.local/lib/python3.12/site-packages/airflow/example_dags/example_python_decorator.py took 0.216 seconds
[2025-04-25T23:46:25.170+0000] {processor.py:186} INFO - Started process (PID=1101) to work on /home/airflow/.local/lib/python3.12/site-packages/airflow/example_dags/example_python_decorator.py
[2025-04-25T23:46:25.178+0000] {processor.py:914} INFO - Processing file /home/airflow/.local/lib/python3.12/site-packages/airflow/example_dags/example_python_decorator.py for tasks to queue
[2025-04-25T23:46:25.183+0000] {logging_mixin.py:190} INFO - [2025-04-25T23:46:25.182+0000] {dagbag.py:588} INFO - Filling up the DagBag from /home/airflow/.local/lib/python3.12/site-packages/airflow/example_dags/example_python_decorator.py
[2025-04-25T23:46:25.223+0000] {processor.py:925} INFO - DAG(s) 'example_python_decorator' retrieved from /home/airflow/.local/lib/python3.12/site-packages/airflow/example_dags/example_python_decorator.py
[2025-04-25T23:46:25.309+0000] {logging_mixin.py:190} INFO - [2025-04-25T23:46:25.309+0000] {dag.py:3239} INFO - Sync 1 DAGs
[2025-04-25T23:46:25.394+0000] {logging_mixin.py:190} INFO - [2025-04-25T23:46:25.389+0000] {dag.py:4180} INFO - Setting next_dagrun for example_python_decorator to None, run_after=None
[2025-04-25T23:46:25.488+0000] {processor.py:208} INFO - Processing /home/airflow/.local/lib/python3.12/site-packages/airflow/example_dags/example_python_decorator.py took 0.332 seconds
[2025-04-25T23:47:00.780+0000] {processor.py:186} INFO - Started process (PID=1169) to work on /home/airflow/.local/lib/python3.12/site-packages/airflow/example_dags/example_python_decorator.py
[2025-04-25T23:47:00.781+0000] {processor.py:914} INFO - Processing file /home/airflow/.local/lib/python3.12/site-packages/airflow/example_dags/example_python_decorator.py for tasks to queue
[2025-04-25T23:47:00.788+0000] {logging_mixin.py:190} INFO - [2025-04-25T23:47:00.787+0000] {dagbag.py:588} INFO - Filling up the DagBag from /home/airflow/.local/lib/python3.12/site-packages/airflow/example_dags/example_python_decorator.py
[2025-04-25T23:47:00.832+0000] {processor.py:925} INFO - DAG(s) 'example_python_decorator' retrieved from /home/airflow/.local/lib/python3.12/site-packages/airflow/example_dags/example_python_decorator.py
[2025-04-25T23:47:00.891+0000] {logging_mixin.py:190} INFO - [2025-04-25T23:47:00.890+0000] {dag.py:3239} INFO - Sync 1 DAGs
[2025-04-25T23:47:00.928+0000] {logging_mixin.py:190} INFO - [2025-04-25T23:47:00.928+0000] {dag.py:4180} INFO - Setting next_dagrun for example_python_decorator to None, run_after=None
[2025-04-25T23:47:00.979+0000] {processor.py:208} INFO - Processing /home/airflow/.local/lib/python3.12/site-packages/airflow/example_dags/example_python_decorator.py took 0.222 seconds
[2025-04-25T23:47:31.941+0000] {processor.py:186} INFO - Started process (PID=1231) to work on /home/airflow/.local/lib/python3.12/site-packages/airflow/example_dags/example_python_decorator.py
[2025-04-25T23:47:31.943+0000] {processor.py:914} INFO - Processing file /home/airflow/.local/lib/python3.12/site-packages/airflow/example_dags/example_python_decorator.py for tasks to queue
[2025-04-25T23:47:31.947+0000] {logging_mixin.py:190} INFO - [2025-04-25T23:47:31.946+0000] {dagbag.py:588} INFO - Filling up the DagBag from /home/airflow/.local/lib/python3.12/site-packages/airflow/example_dags/example_python_decorator.py
[2025-04-25T23:47:31.983+0000] {processor.py:925} INFO - DAG(s) 'example_python_decorator' retrieved from /home/airflow/.local/lib/python3.12/site-packages/airflow/example_dags/example_python_decorator.py
[2025-04-25T23:47:32.039+0000] {logging_mixin.py:190} INFO - [2025-04-25T23:47:32.035+0000] {dag.py:3239} INFO - Sync 1 DAGs
[2025-04-25T23:47:32.106+0000] {logging_mixin.py:190} INFO - [2025-04-25T23:47:32.106+0000] {dag.py:4180} INFO - Setting next_dagrun for example_python_decorator to None, run_after=None
[2025-04-25T23:47:32.142+0000] {processor.py:208} INFO - Processing /home/airflow/.local/lib/python3.12/site-packages/airflow/example_dags/example_python_decorator.py took 0.214 seconds
[2025-04-25T23:48:02.355+0000] {processor.py:186} INFO - Started process (PID=1293) to work on /home/airflow/.local/lib/python3.12/site-packages/airflow/example_dags/example_python_decorator.py
[2025-04-25T23:48:02.356+0000] {processor.py:914} INFO - Processing file /home/airflow/.local/lib/python3.12/site-packages/airflow/example_dags/example_python_decorator.py for tasks to queue
[2025-04-25T23:48:02.359+0000] {logging_mixin.py:190} INFO - [2025-04-25T23:48:02.359+0000] {dagbag.py:588} INFO - Filling up the DagBag from /home/airflow/.local/lib/python3.12/site-packages/airflow/example_dags/example_python_decorator.py
[2025-04-25T23:48:02.379+0000] {processor.py:925} INFO - DAG(s) 'example_python_decorator' retrieved from /home/airflow/.local/lib/python3.12/site-packages/airflow/example_dags/example_python_decorator.py
[2025-04-25T23:48:02.410+0000] {logging_mixin.py:190} INFO - [2025-04-25T23:48:02.410+0000] {dag.py:3239} INFO - Sync 1 DAGs
[2025-04-25T23:48:02.432+0000] {logging_mixin.py:190} INFO - [2025-04-25T23:48:02.432+0000] {dag.py:4180} INFO - Setting next_dagrun for example_python_decorator to None, run_after=None
[2025-04-25T23:48:02.456+0000] {processor.py:208} INFO - Processing /home/airflow/.local/lib/python3.12/site-packages/airflow/example_dags/example_python_decorator.py took 0.110 seconds
[2025-04-25T23:48:33.551+0000] {processor.py:186} INFO - Started process (PID=1351) to work on /home/airflow/.local/lib/python3.12/site-packages/airflow/example_dags/example_python_decorator.py
[2025-04-25T23:48:33.552+0000] {processor.py:914} INFO - Processing file /home/airflow/.local/lib/python3.12/site-packages/airflow/example_dags/example_python_decorator.py for tasks to queue
[2025-04-25T23:48:33.556+0000] {logging_mixin.py:190} INFO - [2025-04-25T23:48:33.555+0000] {dagbag.py:588} INFO - Filling up the DagBag from /home/airflow/.local/lib/python3.12/site-packages/airflow/example_dags/example_python_decorator.py
[2025-04-25T23:48:33.583+0000] {processor.py:925} INFO - DAG(s) 'example_python_decorator' retrieved from /home/airflow/.local/lib/python3.12/site-packages/airflow/example_dags/example_python_decorator.py
[2025-04-25T23:48:33.614+0000] {logging_mixin.py:190} INFO - [2025-04-25T23:48:33.614+0000] {dag.py:3239} INFO - Sync 1 DAGs
[2025-04-25T23:48:33.639+0000] {logging_mixin.py:190} INFO - [2025-04-25T23:48:33.639+0000] {dag.py:4180} INFO - Setting next_dagrun for example_python_decorator to None, run_after=None
[2025-04-25T23:48:33.665+0000] {processor.py:208} INFO - Processing /home/airflow/.local/lib/python3.12/site-packages/airflow/example_dags/example_python_decorator.py took 0.121 seconds
[2025-04-25T23:49:12.067+0000] {processor.py:186} INFO - Started process (PID=1415) to work on /home/airflow/.local/lib/python3.12/site-packages/airflow/example_dags/example_python_decorator.py
[2025-04-25T23:49:12.069+0000] {processor.py:914} INFO - Processing file /home/airflow/.local/lib/python3.12/site-packages/airflow/example_dags/example_python_decorator.py for tasks to queue
[2025-04-25T23:49:12.075+0000] {logging_mixin.py:190} INFO - [2025-04-25T23:49:12.075+0000] {dagbag.py:588} INFO - Filling up the DagBag from /home/airflow/.local/lib/python3.12/site-packages/airflow/example_dags/example_python_decorator.py
[2025-04-25T23:49:12.116+0000] {processor.py:925} INFO - DAG(s) 'example_python_decorator' retrieved from /home/airflow/.local/lib/python3.12/site-packages/airflow/example_dags/example_python_decorator.py
[2025-04-25T23:49:12.196+0000] {logging_mixin.py:190} INFO - [2025-04-25T23:49:12.196+0000] {dag.py:3239} INFO - Sync 1 DAGs
[2025-04-25T23:49:12.240+0000] {logging_mixin.py:190} INFO - [2025-04-25T23:49:12.238+0000] {dag.py:4180} INFO - Setting next_dagrun for example_python_decorator to None, run_after=None
[2025-04-25T23:49:12.317+0000] {processor.py:208} INFO - Processing /home/airflow/.local/lib/python3.12/site-packages/airflow/example_dags/example_python_decorator.py took 0.267 seconds
[2025-04-25T23:49:42.636+0000] {processor.py:186} INFO - Started process (PID=1477) to work on /home/airflow/.local/lib/python3.12/site-packages/airflow/example_dags/example_python_decorator.py
[2025-04-25T23:49:42.641+0000] {processor.py:914} INFO - Processing file /home/airflow/.local/lib/python3.12/site-packages/airflow/example_dags/example_python_decorator.py for tasks to queue
[2025-04-25T23:49:42.645+0000] {logging_mixin.py:190} INFO - [2025-04-25T23:49:42.644+0000] {dagbag.py:588} INFO - Filling up the DagBag from /home/airflow/.local/lib/python3.12/site-packages/airflow/example_dags/example_python_decorator.py
[2025-04-25T23:49:42.676+0000] {processor.py:925} INFO - DAG(s) 'example_python_decorator' retrieved from /home/airflow/.local/lib/python3.12/site-packages/airflow/example_dags/example_python_decorator.py
[2025-04-25T23:49:42.716+0000] {logging_mixin.py:190} INFO - [2025-04-25T23:49:42.716+0000] {dag.py:3239} INFO - Sync 1 DAGs
[2025-04-25T23:49:42.743+0000] {logging_mixin.py:190} INFO - [2025-04-25T23:49:42.742+0000] {dag.py:4180} INFO - Setting next_dagrun for example_python_decorator to None, run_after=None
[2025-04-25T23:49:42.786+0000] {processor.py:208} INFO - Processing /home/airflow/.local/lib/python3.12/site-packages/airflow/example_dags/example_python_decorator.py took 0.161 seconds
[2025-04-25T23:50:13.724+0000] {processor.py:186} INFO - Started process (PID=1540) to work on /home/airflow/.local/lib/python3.12/site-packages/airflow/example_dags/example_python_decorator.py
[2025-04-25T23:50:13.726+0000] {processor.py:914} INFO - Processing file /home/airflow/.local/lib/python3.12/site-packages/airflow/example_dags/example_python_decorator.py for tasks to queue
[2025-04-25T23:50:13.733+0000] {logging_mixin.py:190} INFO - [2025-04-25T23:50:13.732+0000] {dagbag.py:588} INFO - Filling up the DagBag from /home/airflow/.local/lib/python3.12/site-packages/airflow/example_dags/example_python_decorator.py
[2025-04-25T23:50:13.753+0000] {processor.py:925} INFO - DAG(s) 'example_python_decorator' retrieved from /home/airflow/.local/lib/python3.12/site-packages/airflow/example_dags/example_python_decorator.py
[2025-04-25T23:50:13.801+0000] {logging_mixin.py:190} INFO - [2025-04-25T23:50:13.801+0000] {dag.py:3239} INFO - Sync 1 DAGs
[2025-04-25T23:50:13.826+0000] {logging_mixin.py:190} INFO - [2025-04-25T23:50:13.826+0000] {dag.py:4180} INFO - Setting next_dagrun for example_python_decorator to None, run_after=None
[2025-04-25T23:50:13.862+0000] {processor.py:208} INFO - Processing /home/airflow/.local/lib/python3.12/site-packages/airflow/example_dags/example_python_decorator.py took 0.144 seconds
[2025-04-25T23:50:44.596+0000] {processor.py:186} INFO - Started process (PID=1599) to work on /home/airflow/.local/lib/python3.12/site-packages/airflow/example_dags/example_python_decorator.py
[2025-04-25T23:50:44.598+0000] {processor.py:914} INFO - Processing file /home/airflow/.local/lib/python3.12/site-packages/airflow/example_dags/example_python_decorator.py for tasks to queue
[2025-04-25T23:50:44.602+0000] {logging_mixin.py:190} INFO - [2025-04-25T23:50:44.601+0000] {dagbag.py:588} INFO - Filling up the DagBag from /home/airflow/.local/lib/python3.12/site-packages/airflow/example_dags/example_python_decorator.py
[2025-04-25T23:50:44.628+0000] {processor.py:925} INFO - DAG(s) 'example_python_decorator' retrieved from /home/airflow/.local/lib/python3.12/site-packages/airflow/example_dags/example_python_decorator.py
[2025-04-25T23:50:44.681+0000] {logging_mixin.py:190} INFO - [2025-04-25T23:50:44.680+0000] {dag.py:3239} INFO - Sync 1 DAGs
[2025-04-25T23:50:44.698+0000] {logging_mixin.py:190} INFO - [2025-04-25T23:50:44.697+0000] {dag.py:4180} INFO - Setting next_dagrun for example_python_decorator to None, run_after=None
[2025-04-25T23:50:44.717+0000] {processor.py:208} INFO - Processing /home/airflow/.local/lib/python3.12/site-packages/airflow/example_dags/example_python_decorator.py took 0.131 seconds
[2025-04-25T23:51:15.348+0000] {processor.py:186} INFO - Started process (PID=1662) to work on /home/airflow/.local/lib/python3.12/site-packages/airflow/example_dags/example_python_decorator.py
[2025-04-25T23:51:15.350+0000] {processor.py:914} INFO - Processing file /home/airflow/.local/lib/python3.12/site-packages/airflow/example_dags/example_python_decorator.py for tasks to queue
[2025-04-25T23:51:15.365+0000] {logging_mixin.py:190} INFO - [2025-04-25T23:51:15.358+0000] {dagbag.py:588} INFO - Filling up the DagBag from /home/airflow/.local/lib/python3.12/site-packages/airflow/example_dags/example_python_decorator.py
[2025-04-25T23:51:15.524+0000] {processor.py:925} INFO - DAG(s) 'example_python_decorator' retrieved from /home/airflow/.local/lib/python3.12/site-packages/airflow/example_dags/example_python_decorator.py
[2025-04-25T23:51:15.940+0000] {logging_mixin.py:190} INFO - [2025-04-25T23:51:15.940+0000] {dag.py:3239} INFO - Sync 1 DAGs
[2025-04-25T23:51:16.135+0000] {logging_mixin.py:190} INFO - [2025-04-25T23:51:16.135+0000] {dag.py:4180} INFO - Setting next_dagrun for example_python_decorator to None, run_after=None
[2025-04-25T23:51:16.228+0000] {processor.py:208} INFO - Processing /home/airflow/.local/lib/python3.12/site-packages/airflow/example_dags/example_python_decorator.py took 0.892 seconds
[2025-04-25T23:51:46.628+0000] {processor.py:186} INFO - Started process (PID=1725) to work on /home/airflow/.local/lib/python3.12/site-packages/airflow/example_dags/example_python_decorator.py
[2025-04-25T23:51:46.629+0000] {processor.py:914} INFO - Processing file /home/airflow/.local/lib/python3.12/site-packages/airflow/example_dags/example_python_decorator.py for tasks to queue
[2025-04-25T23:51:46.633+0000] {logging_mixin.py:190} INFO - [2025-04-25T23:51:46.633+0000] {dagbag.py:588} INFO - Filling up the DagBag from /home/airflow/.local/lib/python3.12/site-packages/airflow/example_dags/example_python_decorator.py
[2025-04-25T23:51:46.666+0000] {processor.py:925} INFO - DAG(s) 'example_python_decorator' retrieved from /home/airflow/.local/lib/python3.12/site-packages/airflow/example_dags/example_python_decorator.py
[2025-04-25T23:51:46.714+0000] {logging_mixin.py:190} INFO - [2025-04-25T23:51:46.714+0000] {dag.py:3239} INFO - Sync 1 DAGs
[2025-04-25T23:51:46.740+0000] {logging_mixin.py:190} INFO - [2025-04-25T23:51:46.740+0000] {dag.py:4180} INFO - Setting next_dagrun for example_python_decorator to None, run_after=None
[2025-04-25T23:51:46.782+0000] {processor.py:208} INFO - Processing /home/airflow/.local/lib/python3.12/site-packages/airflow/example_dags/example_python_decorator.py took 0.164 seconds
[2025-04-25T23:52:16.891+0000] {processor.py:186} INFO - Started process (PID=1789) to work on /home/airflow/.local/lib/python3.12/site-packages/airflow/example_dags/example_python_decorator.py
[2025-04-25T23:52:16.894+0000] {processor.py:914} INFO - Processing file /home/airflow/.local/lib/python3.12/site-packages/airflow/example_dags/example_python_decorator.py for tasks to queue
[2025-04-25T23:52:16.898+0000] {logging_mixin.py:190} INFO - [2025-04-25T23:52:16.897+0000] {dagbag.py:588} INFO - Filling up the DagBag from /home/airflow/.local/lib/python3.12/site-packages/airflow/example_dags/example_python_decorator.py
[2025-04-25T23:52:16.923+0000] {processor.py:925} INFO - DAG(s) 'example_python_decorator' retrieved from /home/airflow/.local/lib/python3.12/site-packages/airflow/example_dags/example_python_decorator.py
[2025-04-25T23:52:16.962+0000] {logging_mixin.py:190} INFO - [2025-04-25T23:52:16.962+0000] {dag.py:3239} INFO - Sync 1 DAGs
[2025-04-25T23:52:16.983+0000] {logging_mixin.py:190} INFO - [2025-04-25T23:52:16.983+0000] {dag.py:4180} INFO - Setting next_dagrun for example_python_decorator to None, run_after=None
[2025-04-25T23:52:17.016+0000] {processor.py:208} INFO - Processing /home/airflow/.local/lib/python3.12/site-packages/airflow/example_dags/example_python_decorator.py took 0.134 seconds
[2025-04-25T23:52:48.007+0000] {processor.py:186} INFO - Started process (PID=1853) to work on /home/airflow/.local/lib/python3.12/site-packages/airflow/example_dags/example_python_decorator.py
[2025-04-25T23:52:48.009+0000] {processor.py:914} INFO - Processing file /home/airflow/.local/lib/python3.12/site-packages/airflow/example_dags/example_python_decorator.py for tasks to queue
[2025-04-25T23:52:48.015+0000] {logging_mixin.py:190} INFO - [2025-04-25T23:52:48.014+0000] {dagbag.py:588} INFO - Filling up the DagBag from /home/airflow/.local/lib/python3.12/site-packages/airflow/example_dags/example_python_decorator.py
[2025-04-25T23:52:48.071+0000] {processor.py:925} INFO - DAG(s) 'example_python_decorator' retrieved from /home/airflow/.local/lib/python3.12/site-packages/airflow/example_dags/example_python_decorator.py
[2025-04-25T23:52:48.183+0000] {logging_mixin.py:190} INFO - [2025-04-25T23:52:48.183+0000] {dag.py:3239} INFO - Sync 1 DAGs
[2025-04-25T23:52:48.218+0000] {logging_mixin.py:190} INFO - [2025-04-25T23:52:48.218+0000] {dag.py:4180} INFO - Setting next_dagrun for example_python_decorator to None, run_after=None
[2025-04-25T23:52:48.278+0000] {processor.py:208} INFO - Processing /home/airflow/.local/lib/python3.12/site-packages/airflow/example_dags/example_python_decorator.py took 0.282 seconds
[2025-04-25T23:53:19.146+0000] {processor.py:186} INFO - Started process (PID=1918) to work on /home/airflow/.local/lib/python3.12/site-packages/airflow/example_dags/example_python_decorator.py
[2025-04-25T23:53:19.148+0000] {processor.py:914} INFO - Processing file /home/airflow/.local/lib/python3.12/site-packages/airflow/example_dags/example_python_decorator.py for tasks to queue
[2025-04-25T23:53:19.151+0000] {logging_mixin.py:190} INFO - [2025-04-25T23:53:19.150+0000] {dagbag.py:588} INFO - Filling up the DagBag from /home/airflow/.local/lib/python3.12/site-packages/airflow/example_dags/example_python_decorator.py
[2025-04-25T23:53:19.169+0000] {processor.py:925} INFO - DAG(s) 'example_python_decorator' retrieved from /home/airflow/.local/lib/python3.12/site-packages/airflow/example_dags/example_python_decorator.py
[2025-04-25T23:53:19.204+0000] {logging_mixin.py:190} INFO - [2025-04-25T23:53:19.204+0000] {dag.py:3239} INFO - Sync 1 DAGs
[2025-04-25T23:53:19.224+0000] {logging_mixin.py:190} INFO - [2025-04-25T23:53:19.223+0000] {dag.py:4180} INFO - Setting next_dagrun for example_python_decorator to None, run_after=None
[2025-04-25T23:53:19.259+0000] {processor.py:208} INFO - Processing /home/airflow/.local/lib/python3.12/site-packages/airflow/example_dags/example_python_decorator.py took 0.123 seconds
[2025-04-25T23:53:49.576+0000] {processor.py:186} INFO - Started process (PID=1982) to work on /home/airflow/.local/lib/python3.12/site-packages/airflow/example_dags/example_python_decorator.py
[2025-04-25T23:53:49.583+0000] {processor.py:914} INFO - Processing file /home/airflow/.local/lib/python3.12/site-packages/airflow/example_dags/example_python_decorator.py for tasks to queue
[2025-04-25T23:53:49.602+0000] {logging_mixin.py:190} INFO - [2025-04-25T23:53:49.600+0000] {dagbag.py:588} INFO - Filling up the DagBag from /home/airflow/.local/lib/python3.12/site-packages/airflow/example_dags/example_python_decorator.py
[2025-04-25T23:53:49.809+0000] {processor.py:925} INFO - DAG(s) 'example_python_decorator' retrieved from /home/airflow/.local/lib/python3.12/site-packages/airflow/example_dags/example_python_decorator.py
[2025-04-25T23:53:50.030+0000] {logging_mixin.py:190} INFO - [2025-04-25T23:53:50.030+0000] {dag.py:3239} INFO - Sync 1 DAGs
[2025-04-25T23:53:50.130+0000] {logging_mixin.py:190} INFO - [2025-04-25T23:53:50.129+0000] {dag.py:4180} INFO - Setting next_dagrun for example_python_decorator to None, run_after=None
[2025-04-25T23:53:50.405+0000] {processor.py:208} INFO - Processing /home/airflow/.local/lib/python3.12/site-packages/airflow/example_dags/example_python_decorator.py took 0.853 seconds
[2025-04-25T23:54:20.856+0000] {processor.py:186} INFO - Started process (PID=2046) to work on /home/airflow/.local/lib/python3.12/site-packages/airflow/example_dags/example_python_decorator.py
[2025-04-25T23:54:20.859+0000] {processor.py:914} INFO - Processing file /home/airflow/.local/lib/python3.12/site-packages/airflow/example_dags/example_python_decorator.py for tasks to queue
[2025-04-25T23:54:20.862+0000] {logging_mixin.py:190} INFO - [2025-04-25T23:54:20.861+0000] {dagbag.py:588} INFO - Filling up the DagBag from /home/airflow/.local/lib/python3.12/site-packages/airflow/example_dags/example_python_decorator.py
[2025-04-25T23:54:20.884+0000] {processor.py:925} INFO - DAG(s) 'example_python_decorator' retrieved from /home/airflow/.local/lib/python3.12/site-packages/airflow/example_dags/example_python_decorator.py
[2025-04-25T23:54:20.927+0000] {logging_mixin.py:190} INFO - [2025-04-25T23:54:20.926+0000] {dag.py:3239} INFO - Sync 1 DAGs
[2025-04-25T23:54:20.955+0000] {logging_mixin.py:190} INFO - [2025-04-25T23:54:20.955+0000] {dag.py:4180} INFO - Setting next_dagrun for example_python_decorator to None, run_after=None
[2025-04-25T23:54:20.994+0000] {processor.py:208} INFO - Processing /home/airflow/.local/lib/python3.12/site-packages/airflow/example_dags/example_python_decorator.py took 0.149 seconds
[2025-04-25T23:54:51.185+0000] {processor.py:186} INFO - Started process (PID=2110) to work on /home/airflow/.local/lib/python3.12/site-packages/airflow/example_dags/example_python_decorator.py
[2025-04-25T23:54:51.189+0000] {processor.py:914} INFO - Processing file /home/airflow/.local/lib/python3.12/site-packages/airflow/example_dags/example_python_decorator.py for tasks to queue
[2025-04-25T23:54:51.196+0000] {logging_mixin.py:190} INFO - [2025-04-25T23:54:51.195+0000] {dagbag.py:588} INFO - Filling up the DagBag from /home/airflow/.local/lib/python3.12/site-packages/airflow/example_dags/example_python_decorator.py
[2025-04-25T23:54:51.219+0000] {processor.py:925} INFO - DAG(s) 'example_python_decorator' retrieved from /home/airflow/.local/lib/python3.12/site-packages/airflow/example_dags/example_python_decorator.py
[2025-04-25T23:54:51.259+0000] {logging_mixin.py:190} INFO - [2025-04-25T23:54:51.259+0000] {dag.py:3239} INFO - Sync 1 DAGs
[2025-04-25T23:54:51.295+0000] {logging_mixin.py:190} INFO - [2025-04-25T23:54:51.294+0000] {dag.py:4180} INFO - Setting next_dagrun for example_python_decorator to None, run_after=None
[2025-04-25T23:54:51.338+0000] {processor.py:208} INFO - Processing /home/airflow/.local/lib/python3.12/site-packages/airflow/example_dags/example_python_decorator.py took 0.161 seconds
[2025-04-25T23:55:21.888+0000] {processor.py:186} INFO - Started process (PID=2174) to work on /home/airflow/.local/lib/python3.12/site-packages/airflow/example_dags/example_python_decorator.py
[2025-04-25T23:55:21.891+0000] {processor.py:914} INFO - Processing file /home/airflow/.local/lib/python3.12/site-packages/airflow/example_dags/example_python_decorator.py for tasks to queue
[2025-04-25T23:55:21.894+0000] {logging_mixin.py:190} INFO - [2025-04-25T23:55:21.894+0000] {dagbag.py:588} INFO - Filling up the DagBag from /home/airflow/.local/lib/python3.12/site-packages/airflow/example_dags/example_python_decorator.py
[2025-04-25T23:55:21.917+0000] {processor.py:925} INFO - DAG(s) 'example_python_decorator' retrieved from /home/airflow/.local/lib/python3.12/site-packages/airflow/example_dags/example_python_decorator.py
[2025-04-25T23:55:21.962+0000] {logging_mixin.py:190} INFO - [2025-04-25T23:55:21.962+0000] {dag.py:3239} INFO - Sync 1 DAGs
[2025-04-25T23:55:21.988+0000] {logging_mixin.py:190} INFO - [2025-04-25T23:55:21.988+0000] {dag.py:4180} INFO - Setting next_dagrun for example_python_decorator to None, run_after=None
[2025-04-25T23:55:22.029+0000] {processor.py:208} INFO - Processing /home/airflow/.local/lib/python3.12/site-packages/airflow/example_dags/example_python_decorator.py took 0.150 seconds
[2025-04-25T23:55:52.580+0000] {processor.py:186} INFO - Started process (PID=2238) to work on /home/airflow/.local/lib/python3.12/site-packages/airflow/example_dags/example_python_decorator.py
[2025-04-25T23:55:52.582+0000] {processor.py:914} INFO - Processing file /home/airflow/.local/lib/python3.12/site-packages/airflow/example_dags/example_python_decorator.py for tasks to queue
[2025-04-25T23:55:52.585+0000] {logging_mixin.py:190} INFO - [2025-04-25T23:55:52.585+0000] {dagbag.py:588} INFO - Filling up the DagBag from /home/airflow/.local/lib/python3.12/site-packages/airflow/example_dags/example_python_decorator.py
[2025-04-25T23:55:52.607+0000] {processor.py:925} INFO - DAG(s) 'example_python_decorator' retrieved from /home/airflow/.local/lib/python3.12/site-packages/airflow/example_dags/example_python_decorator.py
[2025-04-25T23:55:52.650+0000] {logging_mixin.py:190} INFO - [2025-04-25T23:55:52.649+0000] {dag.py:3239} INFO - Sync 1 DAGs
[2025-04-25T23:55:52.674+0000] {logging_mixin.py:190} INFO - [2025-04-25T23:55:52.673+0000] {dag.py:4180} INFO - Setting next_dagrun for example_python_decorator to None, run_after=None
[2025-04-25T23:55:52.702+0000] {processor.py:208} INFO - Processing /home/airflow/.local/lib/python3.12/site-packages/airflow/example_dags/example_python_decorator.py took 0.130 seconds
[2025-04-25T23:56:23.008+0000] {processor.py:186} INFO - Started process (PID=2303) to work on /home/airflow/.local/lib/python3.12/site-packages/airflow/example_dags/example_python_decorator.py
[2025-04-25T23:56:23.010+0000] {processor.py:914} INFO - Processing file /home/airflow/.local/lib/python3.12/site-packages/airflow/example_dags/example_python_decorator.py for tasks to queue
[2025-04-25T23:56:23.011+0000] {logging_mixin.py:190} INFO - [2025-04-25T23:56:23.011+0000] {dagbag.py:588} INFO - Filling up the DagBag from /home/airflow/.local/lib/python3.12/site-packages/airflow/example_dags/example_python_decorator.py
[2025-04-25T23:56:23.034+0000] {processor.py:925} INFO - DAG(s) 'example_python_decorator' retrieved from /home/airflow/.local/lib/python3.12/site-packages/airflow/example_dags/example_python_decorator.py
[2025-04-25T23:56:23.076+0000] {logging_mixin.py:190} INFO - [2025-04-25T23:56:23.076+0000] {dag.py:3239} INFO - Sync 1 DAGs
[2025-04-25T23:56:23.103+0000] {logging_mixin.py:190} INFO - [2025-04-25T23:56:23.103+0000] {dag.py:4180} INFO - Setting next_dagrun for example_python_decorator to None, run_after=None
[2025-04-25T23:56:23.139+0000] {processor.py:208} INFO - Processing /home/airflow/.local/lib/python3.12/site-packages/airflow/example_dags/example_python_decorator.py took 0.139 seconds
[2025-04-25T23:56:53.647+0000] {processor.py:186} INFO - Started process (PID=2367) to work on /home/airflow/.local/lib/python3.12/site-packages/airflow/example_dags/example_python_decorator.py
[2025-04-25T23:56:53.650+0000] {processor.py:914} INFO - Processing file /home/airflow/.local/lib/python3.12/site-packages/airflow/example_dags/example_python_decorator.py for tasks to queue
[2025-04-25T23:56:53.654+0000] {logging_mixin.py:190} INFO - [2025-04-25T23:56:53.653+0000] {dagbag.py:588} INFO - Filling up the DagBag from /home/airflow/.local/lib/python3.12/site-packages/airflow/example_dags/example_python_decorator.py
[2025-04-25T23:56:53.686+0000] {processor.py:925} INFO - DAG(s) 'example_python_decorator' retrieved from /home/airflow/.local/lib/python3.12/site-packages/airflow/example_dags/example_python_decorator.py
[2025-04-25T23:56:53.739+0000] {logging_mixin.py:190} INFO - [2025-04-25T23:56:53.739+0000] {dag.py:3239} INFO - Sync 1 DAGs
[2025-04-25T23:56:53.762+0000] {logging_mixin.py:190} INFO - [2025-04-25T23:56:53.761+0000] {dag.py:4180} INFO - Setting next_dagrun for example_python_decorator to None, run_after=None
[2025-04-25T23:56:53.818+0000] {processor.py:208} INFO - Processing /home/airflow/.local/lib/python3.12/site-packages/airflow/example_dags/example_python_decorator.py took 0.187 seconds
[2025-04-25T23:57:23.911+0000] {processor.py:186} INFO - Started process (PID=2431) to work on /home/airflow/.local/lib/python3.12/site-packages/airflow/example_dags/example_python_decorator.py
[2025-04-25T23:57:23.912+0000] {processor.py:914} INFO - Processing file /home/airflow/.local/lib/python3.12/site-packages/airflow/example_dags/example_python_decorator.py for tasks to queue
[2025-04-25T23:57:23.913+0000] {logging_mixin.py:190} INFO - [2025-04-25T23:57:23.913+0000] {dagbag.py:588} INFO - Filling up the DagBag from /home/airflow/.local/lib/python3.12/site-packages/airflow/example_dags/example_python_decorator.py
[2025-04-25T23:57:23.933+0000] {processor.py:925} INFO - DAG(s) 'example_python_decorator' retrieved from /home/airflow/.local/lib/python3.12/site-packages/airflow/example_dags/example_python_decorator.py
[2025-04-25T23:57:23.971+0000] {logging_mixin.py:190} INFO - [2025-04-25T23:57:23.971+0000] {dag.py:3239} INFO - Sync 1 DAGs
[2025-04-25T23:57:24.000+0000] {logging_mixin.py:190} INFO - [2025-04-25T23:57:24.000+0000] {dag.py:4180} INFO - Setting next_dagrun for example_python_decorator to None, run_after=None
[2025-04-25T23:57:24.036+0000] {processor.py:208} INFO - Processing /home/airflow/.local/lib/python3.12/site-packages/airflow/example_dags/example_python_decorator.py took 0.134 seconds
[2025-04-25T23:59:06.279+0000] {processor.py:186} INFO - Started process (PID=2514) to work on /home/airflow/.local/lib/python3.12/site-packages/airflow/example_dags/example_python_decorator.py
[2025-04-25T23:59:06.285+0000] {processor.py:914} INFO - Processing file /home/airflow/.local/lib/python3.12/site-packages/airflow/example_dags/example_python_decorator.py for tasks to queue
[2025-04-25T23:59:06.287+0000] {logging_mixin.py:190} INFO - [2025-04-25T23:59:06.286+0000] {dagbag.py:588} INFO - Filling up the DagBag from /home/airflow/.local/lib/python3.12/site-packages/airflow/example_dags/example_python_decorator.py
[2025-04-25T23:59:06.326+0000] {processor.py:925} INFO - DAG(s) 'example_python_decorator' retrieved from /home/airflow/.local/lib/python3.12/site-packages/airflow/example_dags/example_python_decorator.py
[2025-04-25T23:59:06.388+0000] {logging_mixin.py:190} INFO - [2025-04-25T23:59:06.387+0000] {dag.py:3239} INFO - Sync 1 DAGs
[2025-04-25T23:59:06.456+0000] {logging_mixin.py:190} INFO - [2025-04-25T23:59:06.455+0000] {dag.py:4180} INFO - Setting next_dagrun for example_python_decorator to None, run_after=None
[2025-04-25T23:59:06.496+0000] {processor.py:208} INFO - Processing /home/airflow/.local/lib/python3.12/site-packages/airflow/example_dags/example_python_decorator.py took 0.233 seconds
[2025-04-25T23:59:40.252+0000] {processor.py:186} INFO - Started process (PID=2578) to work on /home/airflow/.local/lib/python3.12/site-packages/airflow/example_dags/example_python_decorator.py
[2025-04-25T23:59:40.255+0000] {processor.py:914} INFO - Processing file /home/airflow/.local/lib/python3.12/site-packages/airflow/example_dags/example_python_decorator.py for tasks to queue
[2025-04-25T23:59:40.260+0000] {logging_mixin.py:190} INFO - [2025-04-25T23:59:40.259+0000] {dagbag.py:588} INFO - Filling up the DagBag from /home/airflow/.local/lib/python3.12/site-packages/airflow/example_dags/example_python_decorator.py
[2025-04-25T23:59:40.302+0000] {processor.py:925} INFO - DAG(s) 'example_python_decorator' retrieved from /home/airflow/.local/lib/python3.12/site-packages/airflow/example_dags/example_python_decorator.py
[2025-04-25T23:59:40.390+0000] {logging_mixin.py:190} INFO - [2025-04-25T23:59:40.389+0000] {dag.py:3239} INFO - Sync 1 DAGs
[2025-04-25T23:59:40.473+0000] {logging_mixin.py:190} INFO - [2025-04-25T23:59:40.473+0000] {dag.py:4180} INFO - Setting next_dagrun for example_python_decorator to None, run_after=None
[2025-04-25T23:59:40.542+0000] {processor.py:208} INFO - Processing /home/airflow/.local/lib/python3.12/site-packages/airflow/example_dags/example_python_decorator.py took 0.312 seconds
