[2025-04-25T23:31:02.843+0000] {processor.py:186} INFO - Started process (PID=83) to work on /home/airflow/.local/lib/python3.12/site-packages/airflow/example_dags/example_sla_dag.py
[2025-04-25T23:31:02.846+0000] {processor.py:914} INFO - Processing file /home/airflow/.local/lib/python3.12/site-packages/airflow/example_dags/example_sla_dag.py for tasks to queue
[2025-04-25T23:31:02.850+0000] {logging_mixin.py:190} INFO - [2025-04-25T23:31:02.850+0000] {dagbag.py:588} INFO - Filling up the DagBag from /home/airflow/.local/lib/python3.12/site-packages/airflow/example_dags/example_sla_dag.py
[2025-04-25T23:31:02.940+0000] {processor.py:925} INFO - DAG(s) 'example_sla_dag' retrieved from /home/airflow/.local/lib/python3.12/site-packages/airflow/example_dags/example_sla_dag.py
[2025-04-25T23:31:04.331+0000] {logging_mixin.py:190} INFO - [2025-04-25T23:31:04.321+0000] {override.py:1911} INFO - Created Permission View: can delete on DAG:example_sla_dag
[2025-04-25T23:31:04.377+0000] {logging_mixin.py:190} INFO - [2025-04-25T23:31:04.376+0000] {override.py:1911} INFO - Created Permission View: can read on DAG:example_sla_dag
[2025-04-25T23:31:04.420+0000] {logging_mixin.py:190} INFO - [2025-04-25T23:31:04.420+0000] {override.py:1911} INFO - Created Permission View: can edit on DAG:example_sla_dag
[2025-04-25T23:31:04.434+0000] {logging_mixin.py:190} INFO - [2025-04-25T23:31:04.434+0000] {override.py:1911} INFO - Created Permission View: can create on DAG Run:example_sla_dag
[2025-04-25T23:31:04.452+0000] {logging_mixin.py:190} INFO - [2025-04-25T23:31:04.451+0000] {override.py:1911} INFO - Created Permission View: can delete on DAG Run:example_sla_dag
[2025-04-25T23:31:04.468+0000] {logging_mixin.py:190} INFO - [2025-04-25T23:31:04.467+0000] {override.py:1911} INFO - Created Permission View: can read on DAG Run:example_sla_dag
[2025-04-25T23:31:04.478+0000] {logging_mixin.py:190} INFO - [2025-04-25T23:31:04.478+0000] {override.py:1911} INFO - Created Permission View: menu access on DAG Run:example_sla_dag
[2025-04-25T23:31:04.479+0000] {logging_mixin.py:190} INFO - [2025-04-25T23:31:04.479+0000] {dag.py:3239} INFO - Sync 1 DAGs
[2025-04-25T23:31:04.521+0000] {logging_mixin.py:190} INFO - [2025-04-25T23:31:04.521+0000] {dag.py:3262} INFO - Creating ORM DAG for example_sla_dag
[2025-04-25T23:31:04.646+0000] {logging_mixin.py:190} INFO - [2025-04-25T23:31:04.645+0000] {dag.py:4180} INFO - Setting next_dagrun for example_sla_dag to 2025-04-25 23:28:00+00:00, run_after=2025-04-25 23:30:00+00:00
[2025-04-25T23:31:04.809+0000] {processor.py:208} INFO - Processing /home/airflow/.local/lib/python3.12/site-packages/airflow/example_dags/example_sla_dag.py took 2.009 seconds
[2025-04-25T23:33:41.428+0000] {processor.py:186} INFO - Started process (PID=170) to work on /home/airflow/.local/lib/python3.12/site-packages/airflow/example_dags/example_sla_dag.py
[2025-04-25T23:33:41.429+0000] {processor.py:914} INFO - Processing file /home/airflow/.local/lib/python3.12/site-packages/airflow/example_dags/example_sla_dag.py for tasks to queue
[2025-04-25T23:33:41.436+0000] {logging_mixin.py:190} INFO - [2025-04-25T23:33:41.435+0000] {dagbag.py:588} INFO - Filling up the DagBag from /home/airflow/.local/lib/python3.12/site-packages/airflow/example_dags/example_sla_dag.py
[2025-04-25T23:33:41.453+0000] {processor.py:925} INFO - DAG(s) 'example_sla_dag' retrieved from /home/airflow/.local/lib/python3.12/site-packages/airflow/example_dags/example_sla_dag.py
[2025-04-25T23:33:41.484+0000] {logging_mixin.py:190} INFO - [2025-04-25T23:33:41.484+0000] {dag.py:3239} INFO - Sync 1 DAGs
[2025-04-25T23:33:41.528+0000] {logging_mixin.py:190} INFO - [2025-04-25T23:33:41.528+0000] {dag.py:4180} INFO - Setting next_dagrun for example_sla_dag to 2025-04-25 23:30:00+00:00, run_after=2025-04-25 23:32:00+00:00
[2025-04-25T23:33:41.560+0000] {processor.py:208} INFO - Processing /home/airflow/.local/lib/python3.12/site-packages/airflow/example_dags/example_sla_dag.py took 0.142 seconds
[2025-04-25T23:34:30.244+0000] {processor.py:186} INFO - Started process (PID=226) to work on /home/airflow/.local/lib/python3.12/site-packages/airflow/example_dags/example_sla_dag.py
[2025-04-25T23:34:30.247+0000] {processor.py:914} INFO - Processing file /home/airflow/.local/lib/python3.12/site-packages/airflow/example_dags/example_sla_dag.py for tasks to queue
[2025-04-25T23:34:30.253+0000] {logging_mixin.py:190} INFO - [2025-04-25T23:34:30.252+0000] {dagbag.py:588} INFO - Filling up the DagBag from /home/airflow/.local/lib/python3.12/site-packages/airflow/example_dags/example_sla_dag.py
[2025-04-25T23:34:30.278+0000] {processor.py:925} INFO - DAG(s) 'example_sla_dag' retrieved from /home/airflow/.local/lib/python3.12/site-packages/airflow/example_dags/example_sla_dag.py
[2025-04-25T23:34:30.446+0000] {logging_mixin.py:190} INFO - [2025-04-25T23:34:30.445+0000] {dag.py:3239} INFO - Sync 1 DAGs
[2025-04-25T23:34:30.502+0000] {logging_mixin.py:190} INFO - [2025-04-25T23:34:30.502+0000] {dag.py:4180} INFO - Setting next_dagrun for example_sla_dag to 2025-04-25 23:32:00+00:00, run_after=2025-04-25 23:34:00+00:00
[2025-04-25T23:34:30.669+0000] {processor.py:208} INFO - Processing /home/airflow/.local/lib/python3.12/site-packages/airflow/example_dags/example_sla_dag.py took 0.437 seconds
[2025-04-25T23:35:25.248+0000] {processor.py:186} INFO - Started process (PID=282) to work on /home/airflow/.local/lib/python3.12/site-packages/airflow/example_dags/example_sla_dag.py
[2025-04-25T23:35:25.259+0000] {processor.py:914} INFO - Processing file /home/airflow/.local/lib/python3.12/site-packages/airflow/example_dags/example_sla_dag.py for tasks to queue
[2025-04-25T23:35:25.338+0000] {logging_mixin.py:190} INFO - [2025-04-25T23:35:25.328+0000] {dagbag.py:588} INFO - Filling up the DagBag from /home/airflow/.local/lib/python3.12/site-packages/airflow/example_dags/example_sla_dag.py
[2025-04-25T23:35:25.695+0000] {processor.py:925} INFO - DAG(s) 'example_sla_dag' retrieved from /home/airflow/.local/lib/python3.12/site-packages/airflow/example_dags/example_sla_dag.py
[2025-04-25T23:35:26.103+0000] {logging_mixin.py:190} INFO - [2025-04-25T23:35:26.103+0000] {dag.py:3239} INFO - Sync 1 DAGs
[2025-04-25T23:35:26.231+0000] {logging_mixin.py:190} INFO - [2025-04-25T23:35:26.230+0000] {dag.py:4180} INFO - Setting next_dagrun for example_sla_dag to 2025-04-25 23:32:00+00:00, run_after=2025-04-25 23:34:00+00:00
[2025-04-25T23:35:26.276+0000] {processor.py:208} INFO - Processing /home/airflow/.local/lib/python3.12/site-packages/airflow/example_dags/example_sla_dag.py took 1.197 seconds
[2025-04-25T23:37:14.689+0000] {processor.py:186} INFO - Started process (PID=71) to work on /home/airflow/.local/lib/python3.12/site-packages/airflow/example_dags/example_sla_dag.py
[2025-04-25T23:37:14.697+0000] {processor.py:914} INFO - Processing file /home/airflow/.local/lib/python3.12/site-packages/airflow/example_dags/example_sla_dag.py for tasks to queue
[2025-04-25T23:37:14.720+0000] {logging_mixin.py:190} INFO - [2025-04-25T23:37:14.712+0000] {dagbag.py:588} INFO - Filling up the DagBag from /home/airflow/.local/lib/python3.12/site-packages/airflow/example_dags/example_sla_dag.py
[2025-04-25T23:37:14.811+0000] {processor.py:925} INFO - DAG(s) 'example_sla_dag' retrieved from /home/airflow/.local/lib/python3.12/site-packages/airflow/example_dags/example_sla_dag.py
[2025-04-25T23:37:15.025+0000] {logging_mixin.py:190} INFO - [2025-04-25T23:37:15.025+0000] {dag.py:3239} INFO - Sync 1 DAGs
[2025-04-25T23:37:15.126+0000] {logging_mixin.py:190} INFO - [2025-04-25T23:37:15.126+0000] {dag.py:4180} INFO - Setting next_dagrun for example_sla_dag to 2025-04-25 23:34:00+00:00, run_after=2025-04-25 23:36:00+00:00
[2025-04-25T23:37:15.229+0000] {processor.py:208} INFO - Processing /home/airflow/.local/lib/python3.12/site-packages/airflow/example_dags/example_sla_dag.py took 0.583 seconds
[2025-04-25T23:38:05.560+0000] {processor.py:186} INFO - Started process (PID=140) to work on /home/airflow/.local/lib/python3.12/site-packages/airflow/example_dags/example_sla_dag.py
[2025-04-25T23:38:05.561+0000] {processor.py:914} INFO - Processing file /home/airflow/.local/lib/python3.12/site-packages/airflow/example_dags/example_sla_dag.py for tasks to queue
[2025-04-25T23:38:05.566+0000] {logging_mixin.py:190} INFO - [2025-04-25T23:38:05.566+0000] {dagbag.py:588} INFO - Filling up the DagBag from /home/airflow/.local/lib/python3.12/site-packages/airflow/example_dags/example_sla_dag.py
[2025-04-25T23:38:05.584+0000] {processor.py:925} INFO - DAG(s) 'example_sla_dag' retrieved from /home/airflow/.local/lib/python3.12/site-packages/airflow/example_dags/example_sla_dag.py
[2025-04-25T23:38:05.625+0000] {logging_mixin.py:190} INFO - [2025-04-25T23:38:05.625+0000] {dag.py:3239} INFO - Sync 1 DAGs
[2025-04-25T23:38:05.720+0000] {logging_mixin.py:190} INFO - [2025-04-25T23:38:05.719+0000] {dag.py:4180} INFO - Setting next_dagrun for example_sla_dag to 2025-04-25 23:36:00+00:00, run_after=2025-04-25 23:38:00+00:00
[2025-04-25T23:38:05.795+0000] {processor.py:208} INFO - Processing /home/airflow/.local/lib/python3.12/site-packages/airflow/example_dags/example_sla_dag.py took 0.246 seconds
[2025-04-25T23:38:44.656+0000] {processor.py:186} INFO - Started process (PID=202) to work on /home/airflow/.local/lib/python3.12/site-packages/airflow/example_dags/example_sla_dag.py
[2025-04-25T23:38:44.661+0000] {processor.py:914} INFO - Processing file /home/airflow/.local/lib/python3.12/site-packages/airflow/example_dags/example_sla_dag.py for tasks to queue
[2025-04-25T23:38:44.665+0000] {logging_mixin.py:190} INFO - [2025-04-25T23:38:44.665+0000] {dagbag.py:588} INFO - Filling up the DagBag from /home/airflow/.local/lib/python3.12/site-packages/airflow/example_dags/example_sla_dag.py
[2025-04-25T23:38:44.685+0000] {processor.py:925} INFO - DAG(s) 'example_sla_dag' retrieved from /home/airflow/.local/lib/python3.12/site-packages/airflow/example_dags/example_sla_dag.py
[2025-04-25T23:38:44.723+0000] {logging_mixin.py:190} INFO - [2025-04-25T23:38:44.722+0000] {dag.py:3239} INFO - Sync 1 DAGs
[2025-04-25T23:38:44.779+0000] {logging_mixin.py:190} INFO - [2025-04-25T23:38:44.779+0000] {dag.py:4180} INFO - Setting next_dagrun for example_sla_dag to 2025-04-25 23:36:00+00:00, run_after=2025-04-25 23:38:00+00:00
[2025-04-25T23:38:44.815+0000] {processor.py:208} INFO - Processing /home/airflow/.local/lib/python3.12/site-packages/airflow/example_dags/example_sla_dag.py took 0.170 seconds
[2025-04-25T23:39:15.585+0000] {processor.py:186} INFO - Started process (PID=262) to work on /home/airflow/.local/lib/python3.12/site-packages/airflow/example_dags/example_sla_dag.py
[2025-04-25T23:39:15.586+0000] {processor.py:914} INFO - Processing file /home/airflow/.local/lib/python3.12/site-packages/airflow/example_dags/example_sla_dag.py for tasks to queue
[2025-04-25T23:39:15.590+0000] {logging_mixin.py:190} INFO - [2025-04-25T23:39:15.589+0000] {dagbag.py:588} INFO - Filling up the DagBag from /home/airflow/.local/lib/python3.12/site-packages/airflow/example_dags/example_sla_dag.py
[2025-04-25T23:39:15.612+0000] {processor.py:925} INFO - DAG(s) 'example_sla_dag' retrieved from /home/airflow/.local/lib/python3.12/site-packages/airflow/example_dags/example_sla_dag.py
[2025-04-25T23:39:15.653+0000] {logging_mixin.py:190} INFO - [2025-04-25T23:39:15.652+0000] {dag.py:3239} INFO - Sync 1 DAGs
[2025-04-25T23:39:15.704+0000] {logging_mixin.py:190} INFO - [2025-04-25T23:39:15.704+0000] {dag.py:4180} INFO - Setting next_dagrun for example_sla_dag to 2025-04-25 23:36:00+00:00, run_after=2025-04-25 23:38:00+00:00
[2025-04-25T23:39:15.760+0000] {processor.py:208} INFO - Processing /home/airflow/.local/lib/python3.12/site-packages/airflow/example_dags/example_sla_dag.py took 0.184 seconds
[2025-04-25T23:39:49.305+0000] {processor.py:186} INFO - Started process (PID=319) to work on /home/airflow/.local/lib/python3.12/site-packages/airflow/example_dags/example_sla_dag.py
[2025-04-25T23:39:49.307+0000] {processor.py:914} INFO - Processing file /home/airflow/.local/lib/python3.12/site-packages/airflow/example_dags/example_sla_dag.py for tasks to queue
[2025-04-25T23:39:49.327+0000] {logging_mixin.py:190} INFO - [2025-04-25T23:39:49.326+0000] {dagbag.py:588} INFO - Filling up the DagBag from /home/airflow/.local/lib/python3.12/site-packages/airflow/example_dags/example_sla_dag.py
[2025-04-25T23:39:49.367+0000] {processor.py:925} INFO - DAG(s) 'example_sla_dag' retrieved from /home/airflow/.local/lib/python3.12/site-packages/airflow/example_dags/example_sla_dag.py
[2025-04-25T23:39:49.468+0000] {logging_mixin.py:190} INFO - [2025-04-25T23:39:49.466+0000] {dag.py:3239} INFO - Sync 1 DAGs
[2025-04-25T23:39:49.549+0000] {logging_mixin.py:190} INFO - [2025-04-25T23:39:49.549+0000] {dag.py:4180} INFO - Setting next_dagrun for example_sla_dag to 2025-04-25 23:36:00+00:00, run_after=2025-04-25 23:38:00+00:00
[2025-04-25T23:39:49.607+0000] {processor.py:208} INFO - Processing /home/airflow/.local/lib/python3.12/site-packages/airflow/example_dags/example_sla_dag.py took 0.318 seconds
[2025-04-25T23:40:20.410+0000] {processor.py:186} INFO - Started process (PID=382) to work on /home/airflow/.local/lib/python3.12/site-packages/airflow/example_dags/example_sla_dag.py
[2025-04-25T23:40:20.412+0000] {processor.py:914} INFO - Processing file /home/airflow/.local/lib/python3.12/site-packages/airflow/example_dags/example_sla_dag.py for tasks to queue
[2025-04-25T23:40:20.416+0000] {logging_mixin.py:190} INFO - [2025-04-25T23:40:20.415+0000] {dagbag.py:588} INFO - Filling up the DagBag from /home/airflow/.local/lib/python3.12/site-packages/airflow/example_dags/example_sla_dag.py
[2025-04-25T23:40:20.431+0000] {processor.py:925} INFO - DAG(s) 'example_sla_dag' retrieved from /home/airflow/.local/lib/python3.12/site-packages/airflow/example_dags/example_sla_dag.py
[2025-04-25T23:40:20.466+0000] {logging_mixin.py:190} INFO - [2025-04-25T23:40:20.465+0000] {dag.py:3239} INFO - Sync 1 DAGs
[2025-04-25T23:40:20.512+0000] {logging_mixin.py:190} INFO - [2025-04-25T23:40:20.511+0000] {dag.py:4180} INFO - Setting next_dagrun for example_sla_dag to 2025-04-25 23:38:00+00:00, run_after=2025-04-25 23:40:00+00:00
[2025-04-25T23:40:20.543+0000] {processor.py:208} INFO - Processing /home/airflow/.local/lib/python3.12/site-packages/airflow/example_dags/example_sla_dag.py took 0.141 seconds
[2025-04-25T23:40:50.717+0000] {processor.py:186} INFO - Started process (PID=445) to work on /home/airflow/.local/lib/python3.12/site-packages/airflow/example_dags/example_sla_dag.py
[2025-04-25T23:40:50.755+0000] {processor.py:914} INFO - Processing file /home/airflow/.local/lib/python3.12/site-packages/airflow/example_dags/example_sla_dag.py for tasks to queue
[2025-04-25T23:40:50.770+0000] {logging_mixin.py:190} INFO - [2025-04-25T23:40:50.767+0000] {dagbag.py:588} INFO - Filling up the DagBag from /home/airflow/.local/lib/python3.12/site-packages/airflow/example_dags/example_sla_dag.py
[2025-04-25T23:40:50.811+0000] {processor.py:925} INFO - DAG(s) 'example_sla_dag' retrieved from /home/airflow/.local/lib/python3.12/site-packages/airflow/example_dags/example_sla_dag.py
[2025-04-25T23:40:50.913+0000] {logging_mixin.py:190} INFO - [2025-04-25T23:40:50.912+0000] {dag.py:3239} INFO - Sync 1 DAGs
[2025-04-25T23:40:51.005+0000] {logging_mixin.py:190} INFO - [2025-04-25T23:40:51.005+0000] {dag.py:4180} INFO - Setting next_dagrun for example_sla_dag to 2025-04-25 23:38:00+00:00, run_after=2025-04-25 23:40:00+00:00
[2025-04-25T23:40:51.045+0000] {processor.py:208} INFO - Processing /home/airflow/.local/lib/python3.12/site-packages/airflow/example_dags/example_sla_dag.py took 0.348 seconds
[2025-04-25T23:41:22.003+0000] {processor.py:186} INFO - Started process (PID=507) to work on /home/airflow/.local/lib/python3.12/site-packages/airflow/example_dags/example_sla_dag.py
[2025-04-25T23:41:22.005+0000] {processor.py:914} INFO - Processing file /home/airflow/.local/lib/python3.12/site-packages/airflow/example_dags/example_sla_dag.py for tasks to queue
[2025-04-25T23:41:22.011+0000] {logging_mixin.py:190} INFO - [2025-04-25T23:41:22.010+0000] {dagbag.py:588} INFO - Filling up the DagBag from /home/airflow/.local/lib/python3.12/site-packages/airflow/example_dags/example_sla_dag.py
[2025-04-25T23:41:22.037+0000] {processor.py:925} INFO - DAG(s) 'example_sla_dag' retrieved from /home/airflow/.local/lib/python3.12/site-packages/airflow/example_dags/example_sla_dag.py
[2025-04-25T23:41:22.099+0000] {logging_mixin.py:190} INFO - [2025-04-25T23:41:22.099+0000] {dag.py:3239} INFO - Sync 1 DAGs
[2025-04-25T23:41:22.181+0000] {logging_mixin.py:190} INFO - [2025-04-25T23:41:22.180+0000] {dag.py:4180} INFO - Setting next_dagrun for example_sla_dag to 2025-04-25 23:38:00+00:00, run_after=2025-04-25 23:40:00+00:00
[2025-04-25T23:41:22.214+0000] {processor.py:208} INFO - Processing /home/airflow/.local/lib/python3.12/site-packages/airflow/example_dags/example_sla_dag.py took 0.238 seconds
[2025-04-25T23:41:52.737+0000] {processor.py:186} INFO - Started process (PID=565) to work on /home/airflow/.local/lib/python3.12/site-packages/airflow/example_dags/example_sla_dag.py
[2025-04-25T23:41:52.741+0000] {processor.py:914} INFO - Processing file /home/airflow/.local/lib/python3.12/site-packages/airflow/example_dags/example_sla_dag.py for tasks to queue
[2025-04-25T23:41:52.745+0000] {logging_mixin.py:190} INFO - [2025-04-25T23:41:52.744+0000] {dagbag.py:588} INFO - Filling up the DagBag from /home/airflow/.local/lib/python3.12/site-packages/airflow/example_dags/example_sla_dag.py
[2025-04-25T23:41:52.775+0000] {processor.py:925} INFO - DAG(s) 'example_sla_dag' retrieved from /home/airflow/.local/lib/python3.12/site-packages/airflow/example_dags/example_sla_dag.py
[2025-04-25T23:41:52.868+0000] {logging_mixin.py:190} INFO - [2025-04-25T23:41:52.867+0000] {dag.py:3239} INFO - Sync 1 DAGs
[2025-04-25T23:41:52.939+0000] {logging_mixin.py:190} INFO - [2025-04-25T23:41:52.939+0000] {dag.py:4180} INFO - Setting next_dagrun for example_sla_dag to 2025-04-25 23:38:00+00:00, run_after=2025-04-25 23:40:00+00:00
[2025-04-25T23:41:52.993+0000] {processor.py:208} INFO - Processing /home/airflow/.local/lib/python3.12/site-packages/airflow/example_dags/example_sla_dag.py took 0.268 seconds
[2025-04-25T23:42:23.458+0000] {processor.py:186} INFO - Started process (PID=633) to work on /home/airflow/.local/lib/python3.12/site-packages/airflow/example_dags/example_sla_dag.py
[2025-04-25T23:42:23.459+0000] {processor.py:914} INFO - Processing file /home/airflow/.local/lib/python3.12/site-packages/airflow/example_dags/example_sla_dag.py for tasks to queue
[2025-04-25T23:42:23.461+0000] {logging_mixin.py:190} INFO - [2025-04-25T23:42:23.461+0000] {dagbag.py:588} INFO - Filling up the DagBag from /home/airflow/.local/lib/python3.12/site-packages/airflow/example_dags/example_sla_dag.py
[2025-04-25T23:42:23.479+0000] {processor.py:925} INFO - DAG(s) 'example_sla_dag' retrieved from /home/airflow/.local/lib/python3.12/site-packages/airflow/example_dags/example_sla_dag.py
[2025-04-25T23:42:23.509+0000] {logging_mixin.py:190} INFO - [2025-04-25T23:42:23.509+0000] {dag.py:3239} INFO - Sync 1 DAGs
[2025-04-25T23:42:23.555+0000] {logging_mixin.py:190} INFO - [2025-04-25T23:42:23.555+0000] {dag.py:4180} INFO - Setting next_dagrun for example_sla_dag to 2025-04-25 23:40:00+00:00, run_after=2025-04-25 23:42:00+00:00
[2025-04-25T23:42:23.592+0000] {processor.py:208} INFO - Processing /home/airflow/.local/lib/python3.12/site-packages/airflow/example_dags/example_sla_dag.py took 0.144 seconds
[2025-04-25T23:42:53.983+0000] {processor.py:186} INFO - Started process (PID=696) to work on /home/airflow/.local/lib/python3.12/site-packages/airflow/example_dags/example_sla_dag.py
[2025-04-25T23:42:53.986+0000] {processor.py:914} INFO - Processing file /home/airflow/.local/lib/python3.12/site-packages/airflow/example_dags/example_sla_dag.py for tasks to queue
[2025-04-25T23:42:53.992+0000] {logging_mixin.py:190} INFO - [2025-04-25T23:42:53.992+0000] {dagbag.py:588} INFO - Filling up the DagBag from /home/airflow/.local/lib/python3.12/site-packages/airflow/example_dags/example_sla_dag.py
[2025-04-25T23:42:54.012+0000] {processor.py:925} INFO - DAG(s) 'example_sla_dag' retrieved from /home/airflow/.local/lib/python3.12/site-packages/airflow/example_dags/example_sla_dag.py
[2025-04-25T23:42:54.046+0000] {logging_mixin.py:190} INFO - [2025-04-25T23:42:54.046+0000] {dag.py:3239} INFO - Sync 1 DAGs
[2025-04-25T23:42:54.087+0000] {logging_mixin.py:190} INFO - [2025-04-25T23:42:54.087+0000] {dag.py:4180} INFO - Setting next_dagrun for example_sla_dag to 2025-04-25 23:40:00+00:00, run_after=2025-04-25 23:42:00+00:00
[2025-04-25T23:42:54.115+0000] {processor.py:208} INFO - Processing /home/airflow/.local/lib/python3.12/site-packages/airflow/example_dags/example_sla_dag.py took 0.140 seconds
[2025-04-25T23:43:29.241+0000] {processor.py:186} INFO - Started process (PID=753) to work on /home/airflow/.local/lib/python3.12/site-packages/airflow/example_dags/example_sla_dag.py
[2025-04-25T23:43:29.246+0000] {processor.py:914} INFO - Processing file /home/airflow/.local/lib/python3.12/site-packages/airflow/example_dags/example_sla_dag.py for tasks to queue
[2025-04-25T23:43:29.250+0000] {logging_mixin.py:190} INFO - [2025-04-25T23:43:29.249+0000] {dagbag.py:588} INFO - Filling up the DagBag from /home/airflow/.local/lib/python3.12/site-packages/airflow/example_dags/example_sla_dag.py
[2025-04-25T23:43:29.283+0000] {processor.py:925} INFO - DAG(s) 'example_sla_dag' retrieved from /home/airflow/.local/lib/python3.12/site-packages/airflow/example_dags/example_sla_dag.py
[2025-04-25T23:43:29.331+0000] {logging_mixin.py:190} INFO - [2025-04-25T23:43:29.330+0000] {dag.py:3239} INFO - Sync 1 DAGs
[2025-04-25T23:43:29.374+0000] {logging_mixin.py:190} INFO - [2025-04-25T23:43:29.374+0000] {dag.py:4180} INFO - Setting next_dagrun for example_sla_dag to 2025-04-25 23:40:00+00:00, run_after=2025-04-25 23:42:00+00:00
[2025-04-25T23:43:29.404+0000] {processor.py:208} INFO - Processing /home/airflow/.local/lib/python3.12/site-packages/airflow/example_dags/example_sla_dag.py took 0.180 seconds
[2025-04-25T23:43:59.829+0000] {processor.py:186} INFO - Started process (PID=816) to work on /home/airflow/.local/lib/python3.12/site-packages/airflow/example_dags/example_sla_dag.py
[2025-04-25T23:43:59.830+0000] {processor.py:914} INFO - Processing file /home/airflow/.local/lib/python3.12/site-packages/airflow/example_dags/example_sla_dag.py for tasks to queue
[2025-04-25T23:43:59.834+0000] {logging_mixin.py:190} INFO - [2025-04-25T23:43:59.833+0000] {dagbag.py:588} INFO - Filling up the DagBag from /home/airflow/.local/lib/python3.12/site-packages/airflow/example_dags/example_sla_dag.py
[2025-04-25T23:43:59.850+0000] {processor.py:925} INFO - DAG(s) 'example_sla_dag' retrieved from /home/airflow/.local/lib/python3.12/site-packages/airflow/example_dags/example_sla_dag.py
[2025-04-25T23:43:59.882+0000] {logging_mixin.py:190} INFO - [2025-04-25T23:43:59.881+0000] {dag.py:3239} INFO - Sync 1 DAGs
[2025-04-25T23:43:59.926+0000] {logging_mixin.py:190} INFO - [2025-04-25T23:43:59.926+0000] {dag.py:4180} INFO - Setting next_dagrun for example_sla_dag to 2025-04-25 23:40:00+00:00, run_after=2025-04-25 23:42:00+00:00
[2025-04-25T23:43:59.952+0000] {processor.py:208} INFO - Processing /home/airflow/.local/lib/python3.12/site-packages/airflow/example_dags/example_sla_dag.py took 0.135 seconds
[2025-04-25T23:44:30.368+0000] {processor.py:186} INFO - Started process (PID=879) to work on /home/airflow/.local/lib/python3.12/site-packages/airflow/example_dags/example_sla_dag.py
[2025-04-25T23:44:30.370+0000] {processor.py:914} INFO - Processing file /home/airflow/.local/lib/python3.12/site-packages/airflow/example_dags/example_sla_dag.py for tasks to queue
[2025-04-25T23:44:30.373+0000] {logging_mixin.py:190} INFO - [2025-04-25T23:44:30.373+0000] {dagbag.py:588} INFO - Filling up the DagBag from /home/airflow/.local/lib/python3.12/site-packages/airflow/example_dags/example_sla_dag.py
[2025-04-25T23:44:30.388+0000] {processor.py:925} INFO - DAG(s) 'example_sla_dag' retrieved from /home/airflow/.local/lib/python3.12/site-packages/airflow/example_dags/example_sla_dag.py
[2025-04-25T23:44:30.427+0000] {logging_mixin.py:190} INFO - [2025-04-25T23:44:30.426+0000] {dag.py:3239} INFO - Sync 1 DAGs
[2025-04-25T23:44:30.472+0000] {logging_mixin.py:190} INFO - [2025-04-25T23:44:30.472+0000] {dag.py:4180} INFO - Setting next_dagrun for example_sla_dag to 2025-04-25 23:42:00+00:00, run_after=2025-04-25 23:44:00+00:00
[2025-04-25T23:44:30.498+0000] {processor.py:208} INFO - Processing /home/airflow/.local/lib/python3.12/site-packages/airflow/example_dags/example_sla_dag.py took 0.139 seconds
[2025-04-25T23:45:01.312+0000] {processor.py:186} INFO - Started process (PID=942) to work on /home/airflow/.local/lib/python3.12/site-packages/airflow/example_dags/example_sla_dag.py
[2025-04-25T23:45:01.314+0000] {processor.py:914} INFO - Processing file /home/airflow/.local/lib/python3.12/site-packages/airflow/example_dags/example_sla_dag.py for tasks to queue
[2025-04-25T23:45:01.320+0000] {logging_mixin.py:190} INFO - [2025-04-25T23:45:01.319+0000] {dagbag.py:588} INFO - Filling up the DagBag from /home/airflow/.local/lib/python3.12/site-packages/airflow/example_dags/example_sla_dag.py
[2025-04-25T23:45:01.341+0000] {processor.py:925} INFO - DAG(s) 'example_sla_dag' retrieved from /home/airflow/.local/lib/python3.12/site-packages/airflow/example_dags/example_sla_dag.py
[2025-04-25T23:45:01.375+0000] {logging_mixin.py:190} INFO - [2025-04-25T23:45:01.374+0000] {dag.py:3239} INFO - Sync 1 DAGs
[2025-04-25T23:45:01.445+0000] {logging_mixin.py:190} INFO - [2025-04-25T23:45:01.444+0000] {dag.py:4180} INFO - Setting next_dagrun for example_sla_dag to 2025-04-25 23:42:00+00:00, run_after=2025-04-25 23:44:00+00:00
[2025-04-25T23:45:01.510+0000] {processor.py:208} INFO - Processing /home/airflow/.local/lib/python3.12/site-packages/airflow/example_dags/example_sla_dag.py took 0.209 seconds
[2025-04-25T23:45:32.098+0000] {processor.py:186} INFO - Started process (PID=1005) to work on /home/airflow/.local/lib/python3.12/site-packages/airflow/example_dags/example_sla_dag.py
[2025-04-25T23:45:32.099+0000] {processor.py:914} INFO - Processing file /home/airflow/.local/lib/python3.12/site-packages/airflow/example_dags/example_sla_dag.py for tasks to queue
[2025-04-25T23:45:32.103+0000] {logging_mixin.py:190} INFO - [2025-04-25T23:45:32.102+0000] {dagbag.py:588} INFO - Filling up the DagBag from /home/airflow/.local/lib/python3.12/site-packages/airflow/example_dags/example_sla_dag.py
[2025-04-25T23:45:32.120+0000] {processor.py:925} INFO - DAG(s) 'example_sla_dag' retrieved from /home/airflow/.local/lib/python3.12/site-packages/airflow/example_dags/example_sla_dag.py
[2025-04-25T23:45:32.156+0000] {logging_mixin.py:190} INFO - [2025-04-25T23:45:32.156+0000] {dag.py:3239} INFO - Sync 1 DAGs
[2025-04-25T23:45:32.205+0000] {logging_mixin.py:190} INFO - [2025-04-25T23:45:32.204+0000] {dag.py:4180} INFO - Setting next_dagrun for example_sla_dag to 2025-04-25 23:42:00+00:00, run_after=2025-04-25 23:44:00+00:00
[2025-04-25T23:45:32.237+0000] {processor.py:208} INFO - Processing /home/airflow/.local/lib/python3.12/site-packages/airflow/example_dags/example_sla_dag.py took 0.148 seconds
[2025-04-25T23:46:03.197+0000] {processor.py:186} INFO - Started process (PID=1067) to work on /home/airflow/.local/lib/python3.12/site-packages/airflow/example_dags/example_sla_dag.py
[2025-04-25T23:46:03.199+0000] {processor.py:914} INFO - Processing file /home/airflow/.local/lib/python3.12/site-packages/airflow/example_dags/example_sla_dag.py for tasks to queue
[2025-04-25T23:46:03.205+0000] {logging_mixin.py:190} INFO - [2025-04-25T23:46:03.204+0000] {dagbag.py:588} INFO - Filling up the DagBag from /home/airflow/.local/lib/python3.12/site-packages/airflow/example_dags/example_sla_dag.py
[2025-04-25T23:46:03.218+0000] {processor.py:925} INFO - DAG(s) 'example_sla_dag' retrieved from /home/airflow/.local/lib/python3.12/site-packages/airflow/example_dags/example_sla_dag.py
[2025-04-25T23:46:03.279+0000] {logging_mixin.py:190} INFO - [2025-04-25T23:46:03.278+0000] {dag.py:3239} INFO - Sync 1 DAGs
[2025-04-25T23:46:03.332+0000] {logging_mixin.py:190} INFO - [2025-04-25T23:46:03.331+0000] {dag.py:4180} INFO - Setting next_dagrun for example_sla_dag to 2025-04-25 23:44:00+00:00, run_after=2025-04-25 23:46:00+00:00
[2025-04-25T23:46:03.365+0000] {processor.py:208} INFO - Processing /home/airflow/.local/lib/python3.12/site-packages/airflow/example_dags/example_sla_dag.py took 0.175 seconds
[2025-04-25T23:46:45.348+0000] {processor.py:186} INFO - Started process (PID=1121) to work on /home/airflow/.local/lib/python3.12/site-packages/airflow/example_dags/example_sla_dag.py
[2025-04-25T23:46:45.365+0000] {processor.py:914} INFO - Processing file /home/airflow/.local/lib/python3.12/site-packages/airflow/example_dags/example_sla_dag.py for tasks to queue
[2025-04-25T23:46:45.389+0000] {logging_mixin.py:190} INFO - [2025-04-25T23:46:45.388+0000] {dagbag.py:588} INFO - Filling up the DagBag from /home/airflow/.local/lib/python3.12/site-packages/airflow/example_dags/example_sla_dag.py
[2025-04-25T23:46:45.409+0000] {processor.py:925} INFO - DAG(s) 'example_sla_dag' retrieved from /home/airflow/.local/lib/python3.12/site-packages/airflow/example_dags/example_sla_dag.py
[2025-04-25T23:46:45.462+0000] {logging_mixin.py:190} INFO - [2025-04-25T23:46:45.462+0000] {dag.py:3239} INFO - Sync 1 DAGs
[2025-04-25T23:46:45.531+0000] {logging_mixin.py:190} INFO - [2025-04-25T23:46:45.530+0000] {dag.py:4180} INFO - Setting next_dagrun for example_sla_dag to 2025-04-25 23:44:00+00:00, run_after=2025-04-25 23:46:00+00:00
[2025-04-25T23:46:45.569+0000] {processor.py:208} INFO - Processing /home/airflow/.local/lib/python3.12/site-packages/airflow/example_dags/example_sla_dag.py took 0.235 seconds
[2025-04-25T23:47:15.890+0000] {processor.py:186} INFO - Started process (PID=1184) to work on /home/airflow/.local/lib/python3.12/site-packages/airflow/example_dags/example_sla_dag.py
[2025-04-25T23:47:15.893+0000] {processor.py:914} INFO - Processing file /home/airflow/.local/lib/python3.12/site-packages/airflow/example_dags/example_sla_dag.py for tasks to queue
[2025-04-25T23:47:15.897+0000] {logging_mixin.py:190} INFO - [2025-04-25T23:47:15.896+0000] {dagbag.py:588} INFO - Filling up the DagBag from /home/airflow/.local/lib/python3.12/site-packages/airflow/example_dags/example_sla_dag.py
[2025-04-25T23:47:15.910+0000] {processor.py:925} INFO - DAG(s) 'example_sla_dag' retrieved from /home/airflow/.local/lib/python3.12/site-packages/airflow/example_dags/example_sla_dag.py
[2025-04-25T23:47:15.939+0000] {logging_mixin.py:190} INFO - [2025-04-25T23:47:15.938+0000] {dag.py:3239} INFO - Sync 1 DAGs
[2025-04-25T23:47:15.983+0000] {logging_mixin.py:190} INFO - [2025-04-25T23:47:15.983+0000] {dag.py:4180} INFO - Setting next_dagrun for example_sla_dag to 2025-04-25 23:44:00+00:00, run_after=2025-04-25 23:46:00+00:00
[2025-04-25T23:47:16.019+0000] {processor.py:208} INFO - Processing /home/airflow/.local/lib/python3.12/site-packages/airflow/example_dags/example_sla_dag.py took 0.137 seconds
[2025-04-25T23:47:46.464+0000] {processor.py:186} INFO - Started process (PID=1245) to work on /home/airflow/.local/lib/python3.12/site-packages/airflow/example_dags/example_sla_dag.py
[2025-04-25T23:47:46.466+0000] {processor.py:914} INFO - Processing file /home/airflow/.local/lib/python3.12/site-packages/airflow/example_dags/example_sla_dag.py for tasks to queue
[2025-04-25T23:47:46.471+0000] {logging_mixin.py:190} INFO - [2025-04-25T23:47:46.470+0000] {dagbag.py:588} INFO - Filling up the DagBag from /home/airflow/.local/lib/python3.12/site-packages/airflow/example_dags/example_sla_dag.py
[2025-04-25T23:47:46.490+0000] {processor.py:925} INFO - DAG(s) 'example_sla_dag' retrieved from /home/airflow/.local/lib/python3.12/site-packages/airflow/example_dags/example_sla_dag.py
[2025-04-25T23:47:46.526+0000] {logging_mixin.py:190} INFO - [2025-04-25T23:47:46.526+0000] {dag.py:3239} INFO - Sync 1 DAGs
[2025-04-25T23:47:46.573+0000] {logging_mixin.py:190} INFO - [2025-04-25T23:47:46.573+0000] {dag.py:4180} INFO - Setting next_dagrun for example_sla_dag to 2025-04-25 23:44:00+00:00, run_after=2025-04-25 23:46:00+00:00
[2025-04-25T23:47:46.601+0000] {processor.py:208} INFO - Processing /home/airflow/.local/lib/python3.12/site-packages/airflow/example_dags/example_sla_dag.py took 0.146 seconds
[2025-04-25T23:48:16.903+0000] {processor.py:186} INFO - Started process (PID=1306) to work on /home/airflow/.local/lib/python3.12/site-packages/airflow/example_dags/example_sla_dag.py
[2025-04-25T23:48:16.907+0000] {processor.py:914} INFO - Processing file /home/airflow/.local/lib/python3.12/site-packages/airflow/example_dags/example_sla_dag.py for tasks to queue
[2025-04-25T23:48:16.910+0000] {logging_mixin.py:190} INFO - [2025-04-25T23:48:16.910+0000] {dagbag.py:588} INFO - Filling up the DagBag from /home/airflow/.local/lib/python3.12/site-packages/airflow/example_dags/example_sla_dag.py
[2025-04-25T23:48:16.925+0000] {processor.py:925} INFO - DAG(s) 'example_sla_dag' retrieved from /home/airflow/.local/lib/python3.12/site-packages/airflow/example_dags/example_sla_dag.py
[2025-04-25T23:48:16.956+0000] {logging_mixin.py:190} INFO - [2025-04-25T23:48:16.956+0000] {dag.py:3239} INFO - Sync 1 DAGs
[2025-04-25T23:48:16.999+0000] {logging_mixin.py:190} INFO - [2025-04-25T23:48:16.998+0000] {dag.py:4180} INFO - Setting next_dagrun for example_sla_dag to 2025-04-25 23:46:00+00:00, run_after=2025-04-25 23:48:00+00:00
[2025-04-25T23:48:17.031+0000] {processor.py:208} INFO - Processing /home/airflow/.local/lib/python3.12/site-packages/airflow/example_dags/example_sla_dag.py took 0.136 seconds
[2025-04-25T23:48:47.673+0000] {processor.py:186} INFO - Started process (PID=1368) to work on /home/airflow/.local/lib/python3.12/site-packages/airflow/example_dags/example_sla_dag.py
[2025-04-25T23:48:47.677+0000] {processor.py:914} INFO - Processing file /home/airflow/.local/lib/python3.12/site-packages/airflow/example_dags/example_sla_dag.py for tasks to queue
[2025-04-25T23:48:47.694+0000] {logging_mixin.py:190} INFO - [2025-04-25T23:48:47.691+0000] {dagbag.py:588} INFO - Filling up the DagBag from /home/airflow/.local/lib/python3.12/site-packages/airflow/example_dags/example_sla_dag.py
[2025-04-25T23:48:47.727+0000] {processor.py:925} INFO - DAG(s) 'example_sla_dag' retrieved from /home/airflow/.local/lib/python3.12/site-packages/airflow/example_dags/example_sla_dag.py
[2025-04-25T23:48:47.817+0000] {logging_mixin.py:190} INFO - [2025-04-25T23:48:47.815+0000] {dag.py:3239} INFO - Sync 1 DAGs
[2025-04-25T23:48:47.885+0000] {logging_mixin.py:190} INFO - [2025-04-25T23:48:47.880+0000] {dag.py:4180} INFO - Setting next_dagrun for example_sla_dag to 2025-04-25 23:46:00+00:00, run_after=2025-04-25 23:48:00+00:00
[2025-04-25T23:48:47.927+0000] {processor.py:208} INFO - Processing /home/airflow/.local/lib/python3.12/site-packages/airflow/example_dags/example_sla_dag.py took 0.277 seconds
[2025-04-25T23:49:18.087+0000] {processor.py:186} INFO - Started process (PID=1431) to work on /home/airflow/.local/lib/python3.12/site-packages/airflow/example_dags/example_sla_dag.py
[2025-04-25T23:49:18.089+0000] {processor.py:914} INFO - Processing file /home/airflow/.local/lib/python3.12/site-packages/airflow/example_dags/example_sla_dag.py for tasks to queue
[2025-04-25T23:49:18.093+0000] {logging_mixin.py:190} INFO - [2025-04-25T23:49:18.093+0000] {dagbag.py:588} INFO - Filling up the DagBag from /home/airflow/.local/lib/python3.12/site-packages/airflow/example_dags/example_sla_dag.py
[2025-04-25T23:49:18.106+0000] {processor.py:925} INFO - DAG(s) 'example_sla_dag' retrieved from /home/airflow/.local/lib/python3.12/site-packages/airflow/example_dags/example_sla_dag.py
[2025-04-25T23:49:18.135+0000] {logging_mixin.py:190} INFO - [2025-04-25T23:49:18.134+0000] {dag.py:3239} INFO - Sync 1 DAGs
[2025-04-25T23:49:18.173+0000] {logging_mixin.py:190} INFO - [2025-04-25T23:49:18.173+0000] {dag.py:4180} INFO - Setting next_dagrun for example_sla_dag to 2025-04-25 23:46:00+00:00, run_after=2025-04-25 23:48:00+00:00
[2025-04-25T23:49:18.202+0000] {processor.py:208} INFO - Processing /home/airflow/.local/lib/python3.12/site-packages/airflow/example_dags/example_sla_dag.py took 0.122 seconds
[2025-04-25T23:49:48.619+0000] {processor.py:186} INFO - Started process (PID=1494) to work on /home/airflow/.local/lib/python3.12/site-packages/airflow/example_dags/example_sla_dag.py
[2025-04-25T23:49:48.621+0000] {processor.py:914} INFO - Processing file /home/airflow/.local/lib/python3.12/site-packages/airflow/example_dags/example_sla_dag.py for tasks to queue
[2025-04-25T23:49:48.625+0000] {logging_mixin.py:190} INFO - [2025-04-25T23:49:48.624+0000] {dagbag.py:588} INFO - Filling up the DagBag from /home/airflow/.local/lib/python3.12/site-packages/airflow/example_dags/example_sla_dag.py
[2025-04-25T23:49:48.643+0000] {processor.py:925} INFO - DAG(s) 'example_sla_dag' retrieved from /home/airflow/.local/lib/python3.12/site-packages/airflow/example_dags/example_sla_dag.py
[2025-04-25T23:49:48.675+0000] {logging_mixin.py:190} INFO - [2025-04-25T23:49:48.675+0000] {dag.py:3239} INFO - Sync 1 DAGs
[2025-04-25T23:49:48.715+0000] {logging_mixin.py:190} INFO - [2025-04-25T23:49:48.714+0000] {dag.py:4180} INFO - Setting next_dagrun for example_sla_dag to 2025-04-25 23:46:00+00:00, run_after=2025-04-25 23:48:00+00:00
[2025-04-25T23:49:48.747+0000] {processor.py:208} INFO - Processing /home/airflow/.local/lib/python3.12/site-packages/airflow/example_dags/example_sla_dag.py took 0.135 seconds
[2025-04-25T23:50:19.791+0000] {processor.py:186} INFO - Started process (PID=1557) to work on /home/airflow/.local/lib/python3.12/site-packages/airflow/example_dags/example_sla_dag.py
[2025-04-25T23:50:19.804+0000] {processor.py:914} INFO - Processing file /home/airflow/.local/lib/python3.12/site-packages/airflow/example_dags/example_sla_dag.py for tasks to queue
[2025-04-25T23:50:19.822+0000] {logging_mixin.py:190} INFO - [2025-04-25T23:50:19.822+0000] {dagbag.py:588} INFO - Filling up the DagBag from /home/airflow/.local/lib/python3.12/site-packages/airflow/example_dags/example_sla_dag.py
[2025-04-25T23:50:19.855+0000] {processor.py:925} INFO - DAG(s) 'example_sla_dag' retrieved from /home/airflow/.local/lib/python3.12/site-packages/airflow/example_dags/example_sla_dag.py
[2025-04-25T23:50:19.988+0000] {logging_mixin.py:190} INFO - [2025-04-25T23:50:19.987+0000] {dag.py:3239} INFO - Sync 1 DAGs
[2025-04-25T23:50:20.064+0000] {logging_mixin.py:190} INFO - [2025-04-25T23:50:20.064+0000] {dag.py:4180} INFO - Setting next_dagrun for example_sla_dag to 2025-04-25 23:48:00+00:00, run_after=2025-04-25 23:50:00+00:00
[2025-04-25T23:50:20.133+0000] {processor.py:208} INFO - Processing /home/airflow/.local/lib/python3.12/site-packages/airflow/example_dags/example_sla_dag.py took 0.355 seconds
[2025-04-25T23:50:50.371+0000] {processor.py:186} INFO - Started process (PID=1619) to work on /home/airflow/.local/lib/python3.12/site-packages/airflow/example_dags/example_sla_dag.py
[2025-04-25T23:50:50.372+0000] {processor.py:914} INFO - Processing file /home/airflow/.local/lib/python3.12/site-packages/airflow/example_dags/example_sla_dag.py for tasks to queue
[2025-04-25T23:50:50.377+0000] {logging_mixin.py:190} INFO - [2025-04-25T23:50:50.376+0000] {dagbag.py:588} INFO - Filling up the DagBag from /home/airflow/.local/lib/python3.12/site-packages/airflow/example_dags/example_sla_dag.py
[2025-04-25T23:50:50.395+0000] {processor.py:925} INFO - DAG(s) 'example_sla_dag' retrieved from /home/airflow/.local/lib/python3.12/site-packages/airflow/example_dags/example_sla_dag.py
[2025-04-25T23:50:50.430+0000] {logging_mixin.py:190} INFO - [2025-04-25T23:50:50.430+0000] {dag.py:3239} INFO - Sync 1 DAGs
[2025-04-25T23:50:50.470+0000] {logging_mixin.py:190} INFO - [2025-04-25T23:50:50.470+0000] {dag.py:4180} INFO - Setting next_dagrun for example_sla_dag to 2025-04-25 23:48:00+00:00, run_after=2025-04-25 23:50:00+00:00
[2025-04-25T23:50:50.498+0000] {processor.py:208} INFO - Processing /home/airflow/.local/lib/python3.12/site-packages/airflow/example_dags/example_sla_dag.py took 0.138 seconds
[2025-04-25T23:51:25.899+0000] {processor.py:186} INFO - Started process (PID=1681) to work on /home/airflow/.local/lib/python3.12/site-packages/airflow/example_dags/example_sla_dag.py
[2025-04-25T23:51:25.900+0000] {processor.py:914} INFO - Processing file /home/airflow/.local/lib/python3.12/site-packages/airflow/example_dags/example_sla_dag.py for tasks to queue
[2025-04-25T23:51:25.913+0000] {logging_mixin.py:190} INFO - [2025-04-25T23:51:25.912+0000] {dagbag.py:588} INFO - Filling up the DagBag from /home/airflow/.local/lib/python3.12/site-packages/airflow/example_dags/example_sla_dag.py
[2025-04-25T23:51:25.939+0000] {processor.py:925} INFO - DAG(s) 'example_sla_dag' retrieved from /home/airflow/.local/lib/python3.12/site-packages/airflow/example_dags/example_sla_dag.py
[2025-04-25T23:51:26.014+0000] {logging_mixin.py:190} INFO - [2025-04-25T23:51:26.013+0000] {dag.py:3239} INFO - Sync 1 DAGs
[2025-04-25T23:51:26.073+0000] {logging_mixin.py:190} INFO - [2025-04-25T23:51:26.073+0000] {dag.py:4180} INFO - Setting next_dagrun for example_sla_dag to 2025-04-25 23:48:00+00:00, run_after=2025-04-25 23:50:00+00:00
[2025-04-25T23:51:26.114+0000] {processor.py:208} INFO - Processing /home/airflow/.local/lib/python3.12/site-packages/airflow/example_dags/example_sla_dag.py took 0.230 seconds
[2025-04-25T23:51:56.717+0000] {processor.py:186} INFO - Started process (PID=1744) to work on /home/airflow/.local/lib/python3.12/site-packages/airflow/example_dags/example_sla_dag.py
[2025-04-25T23:51:56.721+0000] {processor.py:914} INFO - Processing file /home/airflow/.local/lib/python3.12/site-packages/airflow/example_dags/example_sla_dag.py for tasks to queue
[2025-04-25T23:51:56.724+0000] {logging_mixin.py:190} INFO - [2025-04-25T23:51:56.723+0000] {dagbag.py:588} INFO - Filling up the DagBag from /home/airflow/.local/lib/python3.12/site-packages/airflow/example_dags/example_sla_dag.py
[2025-04-25T23:51:56.739+0000] {processor.py:925} INFO - DAG(s) 'example_sla_dag' retrieved from /home/airflow/.local/lib/python3.12/site-packages/airflow/example_dags/example_sla_dag.py
[2025-04-25T23:51:56.769+0000] {logging_mixin.py:190} INFO - [2025-04-25T23:51:56.769+0000] {dag.py:3239} INFO - Sync 1 DAGs
[2025-04-25T23:51:56.814+0000] {logging_mixin.py:190} INFO - [2025-04-25T23:51:56.813+0000] {dag.py:4180} INFO - Setting next_dagrun for example_sla_dag to 2025-04-25 23:48:00+00:00, run_after=2025-04-25 23:50:00+00:00
[2025-04-25T23:51:56.845+0000] {processor.py:208} INFO - Processing /home/airflow/.local/lib/python3.12/site-packages/airflow/example_dags/example_sla_dag.py took 0.137 seconds
[2025-04-25T23:52:27.172+0000] {processor.py:186} INFO - Started process (PID=1808) to work on /home/airflow/.local/lib/python3.12/site-packages/airflow/example_dags/example_sla_dag.py
[2025-04-25T23:52:27.174+0000] {processor.py:914} INFO - Processing file /home/airflow/.local/lib/python3.12/site-packages/airflow/example_dags/example_sla_dag.py for tasks to queue
[2025-04-25T23:52:27.180+0000] {logging_mixin.py:190} INFO - [2025-04-25T23:52:27.179+0000] {dagbag.py:588} INFO - Filling up the DagBag from /home/airflow/.local/lib/python3.12/site-packages/airflow/example_dags/example_sla_dag.py
[2025-04-25T23:52:27.196+0000] {processor.py:925} INFO - DAG(s) 'example_sla_dag' retrieved from /home/airflow/.local/lib/python3.12/site-packages/airflow/example_dags/example_sla_dag.py
[2025-04-25T23:52:27.251+0000] {logging_mixin.py:190} INFO - [2025-04-25T23:52:27.251+0000] {dag.py:3239} INFO - Sync 1 DAGs
[2025-04-25T23:52:27.313+0000] {logging_mixin.py:190} INFO - [2025-04-25T23:52:27.313+0000] {dag.py:4180} INFO - Setting next_dagrun for example_sla_dag to 2025-04-25 23:50:00+00:00, run_after=2025-04-25 23:52:00+00:00
[2025-04-25T23:52:27.362+0000] {processor.py:208} INFO - Processing /home/airflow/.local/lib/python3.12/site-packages/airflow/example_dags/example_sla_dag.py took 0.199 seconds
[2025-04-25T23:52:57.941+0000] {processor.py:186} INFO - Started process (PID=1872) to work on /home/airflow/.local/lib/python3.12/site-packages/airflow/example_dags/example_sla_dag.py
[2025-04-25T23:52:57.943+0000] {processor.py:914} INFO - Processing file /home/airflow/.local/lib/python3.12/site-packages/airflow/example_dags/example_sla_dag.py for tasks to queue
[2025-04-25T23:52:57.946+0000] {logging_mixin.py:190} INFO - [2025-04-25T23:52:57.945+0000] {dagbag.py:588} INFO - Filling up the DagBag from /home/airflow/.local/lib/python3.12/site-packages/airflow/example_dags/example_sla_dag.py
[2025-04-25T23:52:57.963+0000] {processor.py:925} INFO - DAG(s) 'example_sla_dag' retrieved from /home/airflow/.local/lib/python3.12/site-packages/airflow/example_dags/example_sla_dag.py
[2025-04-25T23:52:57.995+0000] {logging_mixin.py:190} INFO - [2025-04-25T23:52:57.994+0000] {dag.py:3239} INFO - Sync 1 DAGs
[2025-04-25T23:52:58.035+0000] {logging_mixin.py:190} INFO - [2025-04-25T23:52:58.035+0000] {dag.py:4180} INFO - Setting next_dagrun for example_sla_dag to 2025-04-25 23:50:00+00:00, run_after=2025-04-25 23:52:00+00:00
[2025-04-25T23:52:58.065+0000] {processor.py:208} INFO - Processing /home/airflow/.local/lib/python3.12/site-packages/airflow/example_dags/example_sla_dag.py took 0.133 seconds
[2025-04-25T23:53:29.225+0000] {processor.py:186} INFO - Started process (PID=1937) to work on /home/airflow/.local/lib/python3.12/site-packages/airflow/example_dags/example_sla_dag.py
[2025-04-25T23:53:29.227+0000] {processor.py:914} INFO - Processing file /home/airflow/.local/lib/python3.12/site-packages/airflow/example_dags/example_sla_dag.py for tasks to queue
[2025-04-25T23:53:29.229+0000] {logging_mixin.py:190} INFO - [2025-04-25T23:53:29.229+0000] {dagbag.py:588} INFO - Filling up the DagBag from /home/airflow/.local/lib/python3.12/site-packages/airflow/example_dags/example_sla_dag.py
[2025-04-25T23:53:29.245+0000] {processor.py:925} INFO - DAG(s) 'example_sla_dag' retrieved from /home/airflow/.local/lib/python3.12/site-packages/airflow/example_dags/example_sla_dag.py
[2025-04-25T23:53:29.270+0000] {logging_mixin.py:190} INFO - [2025-04-25T23:53:29.270+0000] {dag.py:3239} INFO - Sync 1 DAGs
[2025-04-25T23:53:29.308+0000] {logging_mixin.py:190} INFO - [2025-04-25T23:53:29.308+0000] {dag.py:4180} INFO - Setting next_dagrun for example_sla_dag to 2025-04-25 23:50:00+00:00, run_after=2025-04-25 23:52:00+00:00
[2025-04-25T23:53:29.335+0000] {processor.py:208} INFO - Processing /home/airflow/.local/lib/python3.12/site-packages/airflow/example_dags/example_sla_dag.py took 0.119 seconds
[2025-04-25T23:54:00.794+0000] {processor.py:186} INFO - Started process (PID=2007) to work on /home/airflow/.local/lib/python3.12/site-packages/airflow/example_dags/example_sla_dag.py
[2025-04-25T23:54:00.796+0000] {processor.py:914} INFO - Processing file /home/airflow/.local/lib/python3.12/site-packages/airflow/example_dags/example_sla_dag.py for tasks to queue
[2025-04-25T23:54:00.799+0000] {logging_mixin.py:190} INFO - [2025-04-25T23:54:00.798+0000] {dagbag.py:588} INFO - Filling up the DagBag from /home/airflow/.local/lib/python3.12/site-packages/airflow/example_dags/example_sla_dag.py
[2025-04-25T23:54:00.811+0000] {processor.py:925} INFO - DAG(s) 'example_sla_dag' retrieved from /home/airflow/.local/lib/python3.12/site-packages/airflow/example_dags/example_sla_dag.py
[2025-04-25T23:54:00.846+0000] {logging_mixin.py:190} INFO - [2025-04-25T23:54:00.846+0000] {dag.py:3239} INFO - Sync 1 DAGs
[2025-04-25T23:54:00.893+0000] {logging_mixin.py:190} INFO - [2025-04-25T23:54:00.892+0000] {dag.py:4180} INFO - Setting next_dagrun for example_sla_dag to 2025-04-25 23:52:00+00:00, run_after=2025-04-25 23:54:00+00:00
[2025-04-25T23:54:00.921+0000] {processor.py:208} INFO - Processing /home/airflow/.local/lib/python3.12/site-packages/airflow/example_dags/example_sla_dag.py took 0.134 seconds
[2025-04-25T23:54:31.406+0000] {processor.py:186} INFO - Started process (PID=2065) to work on /home/airflow/.local/lib/python3.12/site-packages/airflow/example_dags/example_sla_dag.py
[2025-04-25T23:54:31.408+0000] {processor.py:914} INFO - Processing file /home/airflow/.local/lib/python3.12/site-packages/airflow/example_dags/example_sla_dag.py for tasks to queue
[2025-04-25T23:54:31.413+0000] {logging_mixin.py:190} INFO - [2025-04-25T23:54:31.413+0000] {dagbag.py:588} INFO - Filling up the DagBag from /home/airflow/.local/lib/python3.12/site-packages/airflow/example_dags/example_sla_dag.py
[2025-04-25T23:54:31.433+0000] {processor.py:925} INFO - DAG(s) 'example_sla_dag' retrieved from /home/airflow/.local/lib/python3.12/site-packages/airflow/example_dags/example_sla_dag.py
[2025-04-25T23:54:31.466+0000] {logging_mixin.py:190} INFO - [2025-04-25T23:54:31.466+0000] {dag.py:3239} INFO - Sync 1 DAGs
[2025-04-25T23:54:31.503+0000] {logging_mixin.py:190} INFO - [2025-04-25T23:54:31.502+0000] {dag.py:4180} INFO - Setting next_dagrun for example_sla_dag to 2025-04-25 23:52:00+00:00, run_after=2025-04-25 23:54:00+00:00
[2025-04-25T23:54:31.538+0000] {processor.py:208} INFO - Processing /home/airflow/.local/lib/python3.12/site-packages/airflow/example_dags/example_sla_dag.py took 0.140 seconds
[2025-04-25T23:55:02.394+0000] {processor.py:186} INFO - Started process (PID=2129) to work on /home/airflow/.local/lib/python3.12/site-packages/airflow/example_dags/example_sla_dag.py
[2025-04-25T23:55:02.397+0000] {processor.py:914} INFO - Processing file /home/airflow/.local/lib/python3.12/site-packages/airflow/example_dags/example_sla_dag.py for tasks to queue
[2025-04-25T23:55:02.400+0000] {logging_mixin.py:190} INFO - [2025-04-25T23:55:02.399+0000] {dagbag.py:588} INFO - Filling up the DagBag from /home/airflow/.local/lib/python3.12/site-packages/airflow/example_dags/example_sla_dag.py
[2025-04-25T23:55:02.415+0000] {processor.py:925} INFO - DAG(s) 'example_sla_dag' retrieved from /home/airflow/.local/lib/python3.12/site-packages/airflow/example_dags/example_sla_dag.py
[2025-04-25T23:55:02.456+0000] {logging_mixin.py:190} INFO - [2025-04-25T23:55:02.456+0000] {dag.py:3239} INFO - Sync 1 DAGs
[2025-04-25T23:55:02.501+0000] {logging_mixin.py:190} INFO - [2025-04-25T23:55:02.501+0000] {dag.py:4180} INFO - Setting next_dagrun for example_sla_dag to 2025-04-25 23:52:00+00:00, run_after=2025-04-25 23:54:00+00:00
[2025-04-25T23:55:02.531+0000] {processor.py:208} INFO - Processing /home/airflow/.local/lib/python3.12/site-packages/airflow/example_dags/example_sla_dag.py took 0.145 seconds
[2025-04-25T23:55:32.788+0000] {processor.py:186} INFO - Started process (PID=2192) to work on /home/airflow/.local/lib/python3.12/site-packages/airflow/example_dags/example_sla_dag.py
[2025-04-25T23:55:32.789+0000] {processor.py:914} INFO - Processing file /home/airflow/.local/lib/python3.12/site-packages/airflow/example_dags/example_sla_dag.py for tasks to queue
[2025-04-25T23:55:32.792+0000] {logging_mixin.py:190} INFO - [2025-04-25T23:55:32.791+0000] {dagbag.py:588} INFO - Filling up the DagBag from /home/airflow/.local/lib/python3.12/site-packages/airflow/example_dags/example_sla_dag.py
[2025-04-25T23:55:32.808+0000] {processor.py:925} INFO - DAG(s) 'example_sla_dag' retrieved from /home/airflow/.local/lib/python3.12/site-packages/airflow/example_dags/example_sla_dag.py
[2025-04-25T23:55:32.844+0000] {logging_mixin.py:190} INFO - [2025-04-25T23:55:32.844+0000] {dag.py:3239} INFO - Sync 1 DAGs
[2025-04-25T23:55:32.879+0000] {logging_mixin.py:190} INFO - [2025-04-25T23:55:32.879+0000] {dag.py:4180} INFO - Setting next_dagrun for example_sla_dag to 2025-04-25 23:52:00+00:00, run_after=2025-04-25 23:54:00+00:00
[2025-04-25T23:55:32.916+0000] {processor.py:208} INFO - Processing /home/airflow/.local/lib/python3.12/site-packages/airflow/example_dags/example_sla_dag.py took 0.137 seconds
[2025-04-25T23:56:03.415+0000] {processor.py:186} INFO - Started process (PID=2256) to work on /home/airflow/.local/lib/python3.12/site-packages/airflow/example_dags/example_sla_dag.py
[2025-04-25T23:56:03.420+0000] {processor.py:914} INFO - Processing file /home/airflow/.local/lib/python3.12/site-packages/airflow/example_dags/example_sla_dag.py for tasks to queue
[2025-04-25T23:56:03.429+0000] {logging_mixin.py:190} INFO - [2025-04-25T23:56:03.428+0000] {dagbag.py:588} INFO - Filling up the DagBag from /home/airflow/.local/lib/python3.12/site-packages/airflow/example_dags/example_sla_dag.py
[2025-04-25T23:56:03.451+0000] {processor.py:925} INFO - DAG(s) 'example_sla_dag' retrieved from /home/airflow/.local/lib/python3.12/site-packages/airflow/example_dags/example_sla_dag.py
[2025-04-25T23:56:03.489+0000] {logging_mixin.py:190} INFO - [2025-04-25T23:56:03.489+0000] {dag.py:3239} INFO - Sync 1 DAGs
[2025-04-25T23:56:03.551+0000] {logging_mixin.py:190} INFO - [2025-04-25T23:56:03.550+0000] {dag.py:4180} INFO - Setting next_dagrun for example_sla_dag to 2025-04-25 23:54:00+00:00, run_after=2025-04-25 23:56:00+00:00
[2025-04-25T23:56:03.585+0000] {processor.py:208} INFO - Processing /home/airflow/.local/lib/python3.12/site-packages/airflow/example_dags/example_sla_dag.py took 0.181 seconds
[2025-04-25T23:56:34.114+0000] {processor.py:186} INFO - Started process (PID=2321) to work on /home/airflow/.local/lib/python3.12/site-packages/airflow/example_dags/example_sla_dag.py
[2025-04-25T23:56:34.116+0000] {processor.py:914} INFO - Processing file /home/airflow/.local/lib/python3.12/site-packages/airflow/example_dags/example_sla_dag.py for tasks to queue
[2025-04-25T23:56:34.117+0000] {logging_mixin.py:190} INFO - [2025-04-25T23:56:34.117+0000] {dagbag.py:588} INFO - Filling up the DagBag from /home/airflow/.local/lib/python3.12/site-packages/airflow/example_dags/example_sla_dag.py
[2025-04-25T23:56:34.139+0000] {processor.py:925} INFO - DAG(s) 'example_sla_dag' retrieved from /home/airflow/.local/lib/python3.12/site-packages/airflow/example_dags/example_sla_dag.py
[2025-04-25T23:56:34.184+0000] {logging_mixin.py:190} INFO - [2025-04-25T23:56:34.184+0000] {dag.py:3239} INFO - Sync 1 DAGs
[2025-04-25T23:56:34.236+0000] {logging_mixin.py:190} INFO - [2025-04-25T23:56:34.236+0000] {dag.py:4180} INFO - Setting next_dagrun for example_sla_dag to 2025-04-25 23:54:00+00:00, run_after=2025-04-25 23:56:00+00:00
[2025-04-25T23:56:34.277+0000] {processor.py:208} INFO - Processing /home/airflow/.local/lib/python3.12/site-packages/airflow/example_dags/example_sla_dag.py took 0.172 seconds
[2025-04-25T23:57:04.994+0000] {processor.py:186} INFO - Started process (PID=2385) to work on /home/airflow/.local/lib/python3.12/site-packages/airflow/example_dags/example_sla_dag.py
[2025-04-25T23:57:04.999+0000] {processor.py:914} INFO - Processing file /home/airflow/.local/lib/python3.12/site-packages/airflow/example_dags/example_sla_dag.py for tasks to queue
[2025-04-25T23:57:05.003+0000] {logging_mixin.py:190} INFO - [2025-04-25T23:57:05.003+0000] {dagbag.py:588} INFO - Filling up the DagBag from /home/airflow/.local/lib/python3.12/site-packages/airflow/example_dags/example_sla_dag.py
[2025-04-25T23:57:05.053+0000] {processor.py:925} INFO - DAG(s) 'example_sla_dag' retrieved from /home/airflow/.local/lib/python3.12/site-packages/airflow/example_dags/example_sla_dag.py
[2025-04-25T23:57:05.126+0000] {logging_mixin.py:190} INFO - [2025-04-25T23:57:05.126+0000] {dag.py:3239} INFO - Sync 1 DAGs
[2025-04-25T23:57:05.293+0000] {logging_mixin.py:190} INFO - [2025-04-25T23:57:05.293+0000] {dag.py:4180} INFO - Setting next_dagrun for example_sla_dag to 2025-04-25 23:54:00+00:00, run_after=2025-04-25 23:56:00+00:00
[2025-04-25T23:57:05.456+0000] {processor.py:208} INFO - Processing /home/airflow/.local/lib/python3.12/site-packages/airflow/example_dags/example_sla_dag.py took 0.581 seconds
[2025-04-25T23:57:36.355+0000] {processor.py:186} INFO - Started process (PID=2449) to work on /home/airflow/.local/lib/python3.12/site-packages/airflow/example_dags/example_sla_dag.py
[2025-04-25T23:57:36.357+0000] {processor.py:914} INFO - Processing file /home/airflow/.local/lib/python3.12/site-packages/airflow/example_dags/example_sla_dag.py for tasks to queue
[2025-04-25T23:57:36.359+0000] {logging_mixin.py:190} INFO - [2025-04-25T23:57:36.359+0000] {dagbag.py:588} INFO - Filling up the DagBag from /home/airflow/.local/lib/python3.12/site-packages/airflow/example_dags/example_sla_dag.py
[2025-04-25T23:57:36.673+0000] {processor.py:925} INFO - DAG(s) 'example_sla_dag' retrieved from /home/airflow/.local/lib/python3.12/site-packages/airflow/example_dags/example_sla_dag.py
[2025-04-25T23:57:36.849+0000] {logging_mixin.py:190} INFO - [2025-04-25T23:57:36.848+0000] {dag.py:3239} INFO - Sync 1 DAGs
[2025-04-25T23:57:37.265+0000] {logging_mixin.py:190} INFO - [2025-04-25T23:57:37.205+0000] {dag.py:4180} INFO - Setting next_dagrun for example_sla_dag to 2025-04-25 23:54:00+00:00, run_after=2025-04-25 23:56:00+00:00
[2025-04-25T23:57:37.782+0000] {processor.py:208} INFO - Processing /home/airflow/.local/lib/python3.12/site-packages/airflow/example_dags/example_sla_dag.py took 1.451 seconds
[2025-04-25T23:58:58.275+0000] {processor.py:186} INFO - Started process (PID=2495) to work on /home/airflow/.local/lib/python3.12/site-packages/airflow/example_dags/example_sla_dag.py
[2025-04-25T23:58:58.281+0000] {processor.py:914} INFO - Processing file /home/airflow/.local/lib/python3.12/site-packages/airflow/example_dags/example_sla_dag.py for tasks to queue
[2025-04-25T23:58:58.285+0000] {logging_mixin.py:190} INFO - [2025-04-25T23:58:58.284+0000] {dagbag.py:588} INFO - Filling up the DagBag from /home/airflow/.local/lib/python3.12/site-packages/airflow/example_dags/example_sla_dag.py
[2025-04-25T23:58:58.322+0000] {processor.py:925} INFO - DAG(s) 'example_sla_dag' retrieved from /home/airflow/.local/lib/python3.12/site-packages/airflow/example_dags/example_sla_dag.py
[2025-04-25T23:58:58.479+0000] {logging_mixin.py:190} INFO - [2025-04-25T23:58:58.479+0000] {dag.py:3239} INFO - Sync 1 DAGs
[2025-04-25T23:58:58.628+0000] {logging_mixin.py:190} INFO - [2025-04-25T23:58:58.627+0000] {dag.py:4180} INFO - Setting next_dagrun for example_sla_dag to 2025-04-25 23:56:00+00:00, run_after=2025-04-25 23:58:00+00:00
[2025-04-25T23:58:58.753+0000] {processor.py:208} INFO - Processing /home/airflow/.local/lib/python3.12/site-packages/airflow/example_dags/example_sla_dag.py took 0.518 seconds
[2025-04-25T23:59:28.932+0000] {processor.py:186} INFO - Started process (PID=2558) to work on /home/airflow/.local/lib/python3.12/site-packages/airflow/example_dags/example_sla_dag.py
[2025-04-25T23:59:28.937+0000] {processor.py:914} INFO - Processing file /home/airflow/.local/lib/python3.12/site-packages/airflow/example_dags/example_sla_dag.py for tasks to queue
[2025-04-25T23:59:28.940+0000] {logging_mixin.py:190} INFO - [2025-04-25T23:59:28.939+0000] {dagbag.py:588} INFO - Filling up the DagBag from /home/airflow/.local/lib/python3.12/site-packages/airflow/example_dags/example_sla_dag.py
[2025-04-25T23:59:28.970+0000] {processor.py:925} INFO - DAG(s) 'example_sla_dag' retrieved from /home/airflow/.local/lib/python3.12/site-packages/airflow/example_dags/example_sla_dag.py
[2025-04-25T23:59:29.092+0000] {logging_mixin.py:190} INFO - [2025-04-25T23:59:29.091+0000] {dag.py:3239} INFO - Sync 1 DAGs
[2025-04-25T23:59:29.223+0000] {logging_mixin.py:190} INFO - [2025-04-25T23:59:29.222+0000] {dag.py:4180} INFO - Setting next_dagrun for example_sla_dag to 2025-04-25 23:56:00+00:00, run_after=2025-04-25 23:58:00+00:00
[2025-04-25T23:59:29.257+0000] {processor.py:208} INFO - Processing /home/airflow/.local/lib/python3.12/site-packages/airflow/example_dags/example_sla_dag.py took 0.338 seconds
