[2025-04-25T23:33:03.510+0000] {processor.py:186} INFO - Started process (PID=127) to work on /home/airflow/.local/lib/python3.12/site-packages/airflow/example_dags/example_latest_only.py
[2025-04-25T23:33:03.612+0000] {processor.py:914} INFO - Processing file /home/airflow/.local/lib/python3.12/site-packages/airflow/example_dags/example_latest_only.py for tasks to queue
[2025-04-25T23:33:03.675+0000] {logging_mixin.py:190} INFO - [2025-04-25T23:33:03.654+0000] {dagbag.py:588} INFO - Filling up the DagBag from /home/airflow/.local/lib/python3.12/site-packages/airflow/example_dags/example_latest_only.py
[2025-04-25T23:33:03.741+0000] {processor.py:925} INFO - DAG(s) 'latest_only' retrieved from /home/airflow/.local/lib/python3.12/site-packages/airflow/example_dags/example_latest_only.py
[2025-04-25T23:33:04.999+0000] {logging_mixin.py:190} INFO - [2025-04-25T23:33:04.990+0000] {override.py:1911} INFO - Created Permission View: can delete on DAG:latest_only
[2025-04-25T23:33:05.175+0000] {logging_mixin.py:190} INFO - [2025-04-25T23:33:05.175+0000] {override.py:1911} INFO - Created Permission View: can read on DAG:latest_only
[2025-04-25T23:33:05.405+0000] {logging_mixin.py:190} INFO - [2025-04-25T23:33:05.373+0000] {override.py:1911} INFO - Created Permission View: can edit on DAG:latest_only
[2025-04-25T23:33:05.647+0000] {logging_mixin.py:190} INFO - [2025-04-25T23:33:05.647+0000] {override.py:1911} INFO - Created Permission View: can create on DAG Run:latest_only
[2025-04-25T23:33:05.694+0000] {logging_mixin.py:190} INFO - [2025-04-25T23:33:05.693+0000] {override.py:1911} INFO - Created Permission View: can delete on DAG Run:latest_only
[2025-04-25T23:33:05.714+0000] {logging_mixin.py:190} INFO - [2025-04-25T23:33:05.714+0000] {override.py:1911} INFO - Created Permission View: can read on DAG Run:latest_only
[2025-04-25T23:33:05.731+0000] {logging_mixin.py:190} INFO - [2025-04-25T23:33:05.731+0000] {override.py:1911} INFO - Created Permission View: menu access on DAG Run:latest_only
[2025-04-25T23:33:05.740+0000] {logging_mixin.py:190} INFO - [2025-04-25T23:33:05.739+0000] {dag.py:3239} INFO - Sync 1 DAGs
[2025-04-25T23:33:05.845+0000] {logging_mixin.py:190} INFO - [2025-04-25T23:33:05.844+0000] {dag.py:3262} INFO - Creating ORM DAG for latest_only
[2025-04-25T23:33:06.463+0000] {logging_mixin.py:190} INFO - [2025-04-25T23:33:06.462+0000] {dag.py:4180} INFO - Setting next_dagrun for latest_only to 2025-04-25 16:00:00+00:00, run_after=2025-04-25 20:00:00+00:00
[2025-04-25T23:33:06.589+0000] {processor.py:208} INFO - Processing /home/airflow/.local/lib/python3.12/site-packages/airflow/example_dags/example_latest_only.py took 3.434 seconds
[2025-04-25T23:33:47.523+0000] {processor.py:186} INFO - Started process (PID=189) to work on /home/airflow/.local/lib/python3.12/site-packages/airflow/example_dags/example_latest_only.py
[2025-04-25T23:33:47.526+0000] {processor.py:914} INFO - Processing file /home/airflow/.local/lib/python3.12/site-packages/airflow/example_dags/example_latest_only.py for tasks to queue
[2025-04-25T23:33:47.532+0000] {logging_mixin.py:190} INFO - [2025-04-25T23:33:47.532+0000] {dagbag.py:588} INFO - Filling up the DagBag from /home/airflow/.local/lib/python3.12/site-packages/airflow/example_dags/example_latest_only.py
[2025-04-25T23:33:47.544+0000] {processor.py:925} INFO - DAG(s) 'latest_only' retrieved from /home/airflow/.local/lib/python3.12/site-packages/airflow/example_dags/example_latest_only.py
[2025-04-25T23:33:47.593+0000] {logging_mixin.py:190} INFO - [2025-04-25T23:33:47.592+0000] {dag.py:3239} INFO - Sync 1 DAGs
[2025-04-25T23:33:47.643+0000] {logging_mixin.py:190} INFO - [2025-04-25T23:33:47.643+0000] {dag.py:4180} INFO - Setting next_dagrun for latest_only to 2025-04-25 16:00:00+00:00, run_after=2025-04-25 20:00:00+00:00
[2025-04-25T23:33:47.683+0000] {processor.py:208} INFO - Processing /home/airflow/.local/lib/python3.12/site-packages/airflow/example_dags/example_latest_only.py took 0.170 seconds
[2025-04-25T23:34:52.691+0000] {processor.py:186} INFO - Started process (PID=251) to work on /home/airflow/.local/lib/python3.12/site-packages/airflow/example_dags/example_latest_only.py
[2025-04-25T23:34:52.694+0000] {processor.py:914} INFO - Processing file /home/airflow/.local/lib/python3.12/site-packages/airflow/example_dags/example_latest_only.py for tasks to queue
[2025-04-25T23:34:52.734+0000] {logging_mixin.py:190} INFO - [2025-04-25T23:34:52.733+0000] {dagbag.py:588} INFO - Filling up the DagBag from /home/airflow/.local/lib/python3.12/site-packages/airflow/example_dags/example_latest_only.py
[2025-04-25T23:34:52.789+0000] {processor.py:925} INFO - DAG(s) 'latest_only' retrieved from /home/airflow/.local/lib/python3.12/site-packages/airflow/example_dags/example_latest_only.py
[2025-04-25T23:34:52.911+0000] {logging_mixin.py:190} INFO - [2025-04-25T23:34:52.911+0000] {dag.py:3239} INFO - Sync 1 DAGs
[2025-04-25T23:34:53.096+0000] {logging_mixin.py:190} INFO - [2025-04-25T23:34:53.096+0000] {dag.py:4180} INFO - Setting next_dagrun for latest_only to 2025-04-25 16:00:00+00:00, run_after=2025-04-25 20:00:00+00:00
[2025-04-25T23:34:53.280+0000] {processor.py:208} INFO - Processing /home/airflow/.local/lib/python3.12/site-packages/airflow/example_dags/example_latest_only.py took 0.623 seconds
[2025-04-25T23:37:39.357+0000] {processor.py:186} INFO - Started process (PID=97) to work on /home/airflow/.local/lib/python3.12/site-packages/airflow/example_dags/example_latest_only.py
[2025-04-25T23:37:39.361+0000] {processor.py:914} INFO - Processing file /home/airflow/.local/lib/python3.12/site-packages/airflow/example_dags/example_latest_only.py for tasks to queue
[2025-04-25T23:37:39.376+0000] {logging_mixin.py:190} INFO - [2025-04-25T23:37:39.373+0000] {dagbag.py:588} INFO - Filling up the DagBag from /home/airflow/.local/lib/python3.12/site-packages/airflow/example_dags/example_latest_only.py
[2025-04-25T23:37:39.428+0000] {processor.py:925} INFO - DAG(s) 'latest_only' retrieved from /home/airflow/.local/lib/python3.12/site-packages/airflow/example_dags/example_latest_only.py
[2025-04-25T23:37:39.769+0000] {logging_mixin.py:190} INFO - [2025-04-25T23:37:39.764+0000] {dag.py:3239} INFO - Sync 1 DAGs
[2025-04-25T23:37:40.262+0000] {logging_mixin.py:190} INFO - [2025-04-25T23:37:40.262+0000] {dag.py:4180} INFO - Setting next_dagrun for latest_only to 2025-04-25 16:00:00+00:00, run_after=2025-04-25 20:00:00+00:00
[2025-04-25T23:37:40.843+0000] {processor.py:208} INFO - Processing /home/airflow/.local/lib/python3.12/site-packages/airflow/example_dags/example_latest_only.py took 1.551 seconds
[2025-04-25T23:38:11.025+0000] {processor.py:186} INFO - Started process (PID=159) to work on /home/airflow/.local/lib/python3.12/site-packages/airflow/example_dags/example_latest_only.py
[2025-04-25T23:38:11.026+0000] {processor.py:914} INFO - Processing file /home/airflow/.local/lib/python3.12/site-packages/airflow/example_dags/example_latest_only.py for tasks to queue
[2025-04-25T23:38:11.032+0000] {logging_mixin.py:190} INFO - [2025-04-25T23:38:11.031+0000] {dagbag.py:588} INFO - Filling up the DagBag from /home/airflow/.local/lib/python3.12/site-packages/airflow/example_dags/example_latest_only.py
[2025-04-25T23:38:11.083+0000] {processor.py:925} INFO - DAG(s) 'latest_only' retrieved from /home/airflow/.local/lib/python3.12/site-packages/airflow/example_dags/example_latest_only.py
[2025-04-25T23:38:11.140+0000] {logging_mixin.py:190} INFO - [2025-04-25T23:38:11.139+0000] {dag.py:3239} INFO - Sync 1 DAGs
[2025-04-25T23:38:11.349+0000] {logging_mixin.py:190} INFO - [2025-04-25T23:38:11.348+0000] {dag.py:4180} INFO - Setting next_dagrun for latest_only to 2025-04-25 16:00:00+00:00, run_after=2025-04-25 20:00:00+00:00
[2025-04-25T23:38:11.441+0000] {processor.py:208} INFO - Processing /home/airflow/.local/lib/python3.12/site-packages/airflow/example_dags/example_latest_only.py took 0.431 seconds
[2025-04-25T23:38:48.720+0000] {processor.py:186} INFO - Started process (PID=221) to work on /home/airflow/.local/lib/python3.12/site-packages/airflow/example_dags/example_latest_only.py
[2025-04-25T23:38:48.721+0000] {processor.py:914} INFO - Processing file /home/airflow/.local/lib/python3.12/site-packages/airflow/example_dags/example_latest_only.py for tasks to queue
[2025-04-25T23:38:48.725+0000] {logging_mixin.py:190} INFO - [2025-04-25T23:38:48.725+0000] {dagbag.py:588} INFO - Filling up the DagBag from /home/airflow/.local/lib/python3.12/site-packages/airflow/example_dags/example_latest_only.py
[2025-04-25T23:38:48.741+0000] {processor.py:925} INFO - DAG(s) 'latest_only' retrieved from /home/airflow/.local/lib/python3.12/site-packages/airflow/example_dags/example_latest_only.py
[2025-04-25T23:38:48.798+0000] {logging_mixin.py:190} INFO - [2025-04-25T23:38:48.798+0000] {dag.py:3239} INFO - Sync 1 DAGs
[2025-04-25T23:38:48.845+0000] {logging_mixin.py:190} INFO - [2025-04-25T23:38:48.844+0000] {dag.py:4180} INFO - Setting next_dagrun for latest_only to 2025-04-25 16:00:00+00:00, run_after=2025-04-25 20:00:00+00:00
[2025-04-25T23:38:48.873+0000] {processor.py:208} INFO - Processing /home/airflow/.local/lib/python3.12/site-packages/airflow/example_dags/example_latest_only.py took 0.168 seconds
[2025-04-25T23:39:22.162+0000] {processor.py:186} INFO - Started process (PID=284) to work on /home/airflow/.local/lib/python3.12/site-packages/airflow/example_dags/example_latest_only.py
[2025-04-25T23:39:22.164+0000] {processor.py:914} INFO - Processing file /home/airflow/.local/lib/python3.12/site-packages/airflow/example_dags/example_latest_only.py for tasks to queue
[2025-04-25T23:39:22.168+0000] {logging_mixin.py:190} INFO - [2025-04-25T23:39:22.167+0000] {dagbag.py:588} INFO - Filling up the DagBag from /home/airflow/.local/lib/python3.12/site-packages/airflow/example_dags/example_latest_only.py
[2025-04-25T23:39:22.180+0000] {processor.py:925} INFO - DAG(s) 'latest_only' retrieved from /home/airflow/.local/lib/python3.12/site-packages/airflow/example_dags/example_latest_only.py
[2025-04-25T23:39:22.214+0000] {logging_mixin.py:190} INFO - [2025-04-25T23:39:22.213+0000] {dag.py:3239} INFO - Sync 1 DAGs
[2025-04-25T23:39:22.264+0000] {logging_mixin.py:190} INFO - [2025-04-25T23:39:22.264+0000] {dag.py:4180} INFO - Setting next_dagrun for latest_only to 2025-04-25 16:00:00+00:00, run_after=2025-04-25 20:00:00+00:00
[2025-04-25T23:39:22.320+0000] {processor.py:208} INFO - Processing /home/airflow/.local/lib/python3.12/site-packages/airflow/example_dags/example_latest_only.py took 0.183 seconds
[2025-04-25T23:40:02.268+0000] {processor.py:186} INFO - Started process (PID=353) to work on /home/airflow/.local/lib/python3.12/site-packages/airflow/example_dags/example_latest_only.py
[2025-04-25T23:40:02.272+0000] {processor.py:914} INFO - Processing file /home/airflow/.local/lib/python3.12/site-packages/airflow/example_dags/example_latest_only.py for tasks to queue
[2025-04-25T23:40:02.279+0000] {logging_mixin.py:190} INFO - [2025-04-25T23:40:02.278+0000] {dagbag.py:588} INFO - Filling up the DagBag from /home/airflow/.local/lib/python3.12/site-packages/airflow/example_dags/example_latest_only.py
[2025-04-25T23:40:02.368+0000] {processor.py:925} INFO - DAG(s) 'latest_only' retrieved from /home/airflow/.local/lib/python3.12/site-packages/airflow/example_dags/example_latest_only.py
[2025-04-25T23:40:02.441+0000] {logging_mixin.py:190} INFO - [2025-04-25T23:40:02.439+0000] {dag.py:3239} INFO - Sync 1 DAGs
[2025-04-25T23:40:02.669+0000] {logging_mixin.py:190} INFO - [2025-04-25T23:40:02.668+0000] {dag.py:4180} INFO - Setting next_dagrun for latest_only to 2025-04-25 16:00:00+00:00, run_after=2025-04-25 20:00:00+00:00
[2025-04-25T23:40:02.713+0000] {processor.py:208} INFO - Processing /home/airflow/.local/lib/python3.12/site-packages/airflow/example_dags/example_latest_only.py took 0.458 seconds
[2025-04-25T23:40:34.743+0000] {processor.py:186} INFO - Started process (PID=416) to work on /home/airflow/.local/lib/python3.12/site-packages/airflow/example_dags/example_latest_only.py
[2025-04-25T23:40:34.744+0000] {processor.py:914} INFO - Processing file /home/airflow/.local/lib/python3.12/site-packages/airflow/example_dags/example_latest_only.py for tasks to queue
[2025-04-25T23:40:34.749+0000] {logging_mixin.py:190} INFO - [2025-04-25T23:40:34.748+0000] {dagbag.py:588} INFO - Filling up the DagBag from /home/airflow/.local/lib/python3.12/site-packages/airflow/example_dags/example_latest_only.py
[2025-04-25T23:40:34.767+0000] {processor.py:925} INFO - DAG(s) 'latest_only' retrieved from /home/airflow/.local/lib/python3.12/site-packages/airflow/example_dags/example_latest_only.py
[2025-04-25T23:40:34.807+0000] {logging_mixin.py:190} INFO - [2025-04-25T23:40:34.806+0000] {dag.py:3239} INFO - Sync 1 DAGs
[2025-04-25T23:40:34.864+0000] {logging_mixin.py:190} INFO - [2025-04-25T23:40:34.863+0000] {dag.py:4180} INFO - Setting next_dagrun for latest_only to 2025-04-25 16:00:00+00:00, run_after=2025-04-25 20:00:00+00:00
[2025-04-25T23:40:34.891+0000] {processor.py:208} INFO - Processing /home/airflow/.local/lib/python3.12/site-packages/airflow/example_dags/example_latest_only.py took 0.160 seconds
[2025-04-25T23:41:07.962+0000] {processor.py:186} INFO - Started process (PID=479) to work on /home/airflow/.local/lib/python3.12/site-packages/airflow/example_dags/example_latest_only.py
[2025-04-25T23:41:07.966+0000] {processor.py:914} INFO - Processing file /home/airflow/.local/lib/python3.12/site-packages/airflow/example_dags/example_latest_only.py for tasks to queue
[2025-04-25T23:41:07.971+0000] {logging_mixin.py:190} INFO - [2025-04-25T23:41:07.970+0000] {dagbag.py:588} INFO - Filling up the DagBag from /home/airflow/.local/lib/python3.12/site-packages/airflow/example_dags/example_latest_only.py
[2025-04-25T23:41:07.984+0000] {processor.py:925} INFO - DAG(s) 'latest_only' retrieved from /home/airflow/.local/lib/python3.12/site-packages/airflow/example_dags/example_latest_only.py
[2025-04-25T23:41:08.034+0000] {logging_mixin.py:190} INFO - [2025-04-25T23:41:08.034+0000] {dag.py:3239} INFO - Sync 1 DAGs
[2025-04-25T23:41:08.093+0000] {logging_mixin.py:190} INFO - [2025-04-25T23:41:08.093+0000] {dag.py:4180} INFO - Setting next_dagrun for latest_only to 2025-04-25 16:00:00+00:00, run_after=2025-04-25 20:00:00+00:00
[2025-04-25T23:41:08.131+0000] {processor.py:208} INFO - Processing /home/airflow/.local/lib/python3.12/site-packages/airflow/example_dags/example_latest_only.py took 0.186 seconds
[2025-04-25T23:41:39.017+0000] {processor.py:186} INFO - Started process (PID=541) to work on /home/airflow/.local/lib/python3.12/site-packages/airflow/example_dags/example_latest_only.py
[2025-04-25T23:41:39.018+0000] {processor.py:914} INFO - Processing file /home/airflow/.local/lib/python3.12/site-packages/airflow/example_dags/example_latest_only.py for tasks to queue
[2025-04-25T23:41:39.021+0000] {logging_mixin.py:190} INFO - [2025-04-25T23:41:39.020+0000] {dagbag.py:588} INFO - Filling up the DagBag from /home/airflow/.local/lib/python3.12/site-packages/airflow/example_dags/example_latest_only.py
[2025-04-25T23:41:39.030+0000] {processor.py:925} INFO - DAG(s) 'latest_only' retrieved from /home/airflow/.local/lib/python3.12/site-packages/airflow/example_dags/example_latest_only.py
[2025-04-25T23:41:39.062+0000] {logging_mixin.py:190} INFO - [2025-04-25T23:41:39.061+0000] {dag.py:3239} INFO - Sync 1 DAGs
[2025-04-25T23:41:39.096+0000] {logging_mixin.py:190} INFO - [2025-04-25T23:41:39.096+0000] {dag.py:4180} INFO - Setting next_dagrun for latest_only to 2025-04-25 16:00:00+00:00, run_after=2025-04-25 20:00:00+00:00
[2025-04-25T23:41:39.124+0000] {processor.py:208} INFO - Processing /home/airflow/.local/lib/python3.12/site-packages/airflow/example_dags/example_latest_only.py took 0.117 seconds
[2025-04-25T23:42:10.852+0000] {processor.py:186} INFO - Started process (PID=604) to work on /home/airflow/.local/lib/python3.12/site-packages/airflow/example_dags/example_latest_only.py
[2025-04-25T23:42:10.853+0000] {processor.py:914} INFO - Processing file /home/airflow/.local/lib/python3.12/site-packages/airflow/example_dags/example_latest_only.py for tasks to queue
[2025-04-25T23:42:10.856+0000] {logging_mixin.py:190} INFO - [2025-04-25T23:42:10.855+0000] {dagbag.py:588} INFO - Filling up the DagBag from /home/airflow/.local/lib/python3.12/site-packages/airflow/example_dags/example_latest_only.py
[2025-04-25T23:42:10.867+0000] {processor.py:925} INFO - DAG(s) 'latest_only' retrieved from /home/airflow/.local/lib/python3.12/site-packages/airflow/example_dags/example_latest_only.py
[2025-04-25T23:42:10.894+0000] {logging_mixin.py:190} INFO - [2025-04-25T23:42:10.893+0000] {dag.py:3239} INFO - Sync 1 DAGs
[2025-04-25T23:42:10.927+0000] {logging_mixin.py:190} INFO - [2025-04-25T23:42:10.926+0000] {dag.py:4180} INFO - Setting next_dagrun for latest_only to 2025-04-25 16:00:00+00:00, run_after=2025-04-25 20:00:00+00:00
[2025-04-25T23:42:10.962+0000] {processor.py:208} INFO - Processing /home/airflow/.local/lib/python3.12/site-packages/airflow/example_dags/example_latest_only.py took 0.118 seconds
[2025-04-25T23:42:42.044+0000] {processor.py:186} INFO - Started process (PID=667) to work on /home/airflow/.local/lib/python3.12/site-packages/airflow/example_dags/example_latest_only.py
[2025-04-25T23:42:42.047+0000] {processor.py:914} INFO - Processing file /home/airflow/.local/lib/python3.12/site-packages/airflow/example_dags/example_latest_only.py for tasks to queue
[2025-04-25T23:42:42.052+0000] {logging_mixin.py:190} INFO - [2025-04-25T23:42:42.051+0000] {dagbag.py:588} INFO - Filling up the DagBag from /home/airflow/.local/lib/python3.12/site-packages/airflow/example_dags/example_latest_only.py
[2025-04-25T23:42:42.069+0000] {processor.py:925} INFO - DAG(s) 'latest_only' retrieved from /home/airflow/.local/lib/python3.12/site-packages/airflow/example_dags/example_latest_only.py
[2025-04-25T23:42:42.105+0000] {logging_mixin.py:190} INFO - [2025-04-25T23:42:42.105+0000] {dag.py:3239} INFO - Sync 1 DAGs
[2025-04-25T23:42:42.216+0000] {logging_mixin.py:190} INFO - [2025-04-25T23:42:42.216+0000] {dag.py:4180} INFO - Setting next_dagrun for latest_only to 2025-04-25 16:00:00+00:00, run_after=2025-04-25 20:00:00+00:00
[2025-04-25T23:42:42.292+0000] {processor.py:208} INFO - Processing /home/airflow/.local/lib/python3.12/site-packages/airflow/example_dags/example_latest_only.py took 0.261 seconds
[2025-04-25T23:43:25.786+0000] {processor.py:186} INFO - Started process (PID=736) to work on /home/airflow/.local/lib/python3.12/site-packages/airflow/example_dags/example_latest_only.py
[2025-04-25T23:43:25.788+0000] {processor.py:914} INFO - Processing file /home/airflow/.local/lib/python3.12/site-packages/airflow/example_dags/example_latest_only.py for tasks to queue
[2025-04-25T23:43:25.799+0000] {logging_mixin.py:190} INFO - [2025-04-25T23:43:25.799+0000] {dagbag.py:588} INFO - Filling up the DagBag from /home/airflow/.local/lib/python3.12/site-packages/airflow/example_dags/example_latest_only.py
[2025-04-25T23:43:25.869+0000] {processor.py:925} INFO - DAG(s) 'latest_only' retrieved from /home/airflow/.local/lib/python3.12/site-packages/airflow/example_dags/example_latest_only.py
[2025-04-25T23:43:25.985+0000] {logging_mixin.py:190} INFO - [2025-04-25T23:43:25.984+0000] {dag.py:3239} INFO - Sync 1 DAGs
[2025-04-25T23:43:26.187+0000] {logging_mixin.py:190} INFO - [2025-04-25T23:43:26.187+0000] {dag.py:4180} INFO - Setting next_dagrun for latest_only to 2025-04-25 16:00:00+00:00, run_after=2025-04-25 20:00:00+00:00
[2025-04-25T23:43:26.399+0000] {processor.py:208} INFO - Processing /home/airflow/.local/lib/python3.12/site-packages/airflow/example_dags/example_latest_only.py took 0.646 seconds
[2025-04-25T23:43:56.490+0000] {processor.py:186} INFO - Started process (PID=799) to work on /home/airflow/.local/lib/python3.12/site-packages/airflow/example_dags/example_latest_only.py
[2025-04-25T23:43:56.491+0000] {processor.py:914} INFO - Processing file /home/airflow/.local/lib/python3.12/site-packages/airflow/example_dags/example_latest_only.py for tasks to queue
[2025-04-25T23:43:56.494+0000] {logging_mixin.py:190} INFO - [2025-04-25T23:43:56.493+0000] {dagbag.py:588} INFO - Filling up the DagBag from /home/airflow/.local/lib/python3.12/site-packages/airflow/example_dags/example_latest_only.py
[2025-04-25T23:43:56.503+0000] {processor.py:925} INFO - DAG(s) 'latest_only' retrieved from /home/airflow/.local/lib/python3.12/site-packages/airflow/example_dags/example_latest_only.py
[2025-04-25T23:43:56.533+0000] {logging_mixin.py:190} INFO - [2025-04-25T23:43:56.533+0000] {dag.py:3239} INFO - Sync 1 DAGs
[2025-04-25T23:43:56.564+0000] {logging_mixin.py:190} INFO - [2025-04-25T23:43:56.564+0000] {dag.py:4180} INFO - Setting next_dagrun for latest_only to 2025-04-25 16:00:00+00:00, run_after=2025-04-25 20:00:00+00:00
[2025-04-25T23:43:56.591+0000] {processor.py:208} INFO - Processing /home/airflow/.local/lib/python3.12/site-packages/airflow/example_dags/example_latest_only.py took 0.111 seconds
[2025-04-25T23:44:26.878+0000] {processor.py:186} INFO - Started process (PID=862) to work on /home/airflow/.local/lib/python3.12/site-packages/airflow/example_dags/example_latest_only.py
[2025-04-25T23:44:26.880+0000] {processor.py:914} INFO - Processing file /home/airflow/.local/lib/python3.12/site-packages/airflow/example_dags/example_latest_only.py for tasks to queue
[2025-04-25T23:44:26.888+0000] {logging_mixin.py:190} INFO - [2025-04-25T23:44:26.887+0000] {dagbag.py:588} INFO - Filling up the DagBag from /home/airflow/.local/lib/python3.12/site-packages/airflow/example_dags/example_latest_only.py
[2025-04-25T23:44:26.901+0000] {processor.py:925} INFO - DAG(s) 'latest_only' retrieved from /home/airflow/.local/lib/python3.12/site-packages/airflow/example_dags/example_latest_only.py
[2025-04-25T23:44:26.932+0000] {logging_mixin.py:190} INFO - [2025-04-25T23:44:26.931+0000] {dag.py:3239} INFO - Sync 1 DAGs
[2025-04-25T23:44:26.977+0000] {logging_mixin.py:190} INFO - [2025-04-25T23:44:26.977+0000] {dag.py:4180} INFO - Setting next_dagrun for latest_only to 2025-04-25 16:00:00+00:00, run_after=2025-04-25 20:00:00+00:00
[2025-04-25T23:44:27.014+0000] {processor.py:208} INFO - Processing /home/airflow/.local/lib/python3.12/site-packages/airflow/example_dags/example_latest_only.py took 0.147 seconds
[2025-04-25T23:44:57.082+0000] {processor.py:186} INFO - Started process (PID=925) to work on /home/airflow/.local/lib/python3.12/site-packages/airflow/example_dags/example_latest_only.py
[2025-04-25T23:44:57.084+0000] {processor.py:914} INFO - Processing file /home/airflow/.local/lib/python3.12/site-packages/airflow/example_dags/example_latest_only.py for tasks to queue
[2025-04-25T23:44:57.087+0000] {logging_mixin.py:190} INFO - [2025-04-25T23:44:57.087+0000] {dagbag.py:588} INFO - Filling up the DagBag from /home/airflow/.local/lib/python3.12/site-packages/airflow/example_dags/example_latest_only.py
[2025-04-25T23:44:57.099+0000] {processor.py:925} INFO - DAG(s) 'latest_only' retrieved from /home/airflow/.local/lib/python3.12/site-packages/airflow/example_dags/example_latest_only.py
[2025-04-25T23:44:57.127+0000] {logging_mixin.py:190} INFO - [2025-04-25T23:44:57.126+0000] {dag.py:3239} INFO - Sync 1 DAGs
[2025-04-25T23:44:57.170+0000] {logging_mixin.py:190} INFO - [2025-04-25T23:44:57.170+0000] {dag.py:4180} INFO - Setting next_dagrun for latest_only to 2025-04-25 16:00:00+00:00, run_after=2025-04-25 20:00:00+00:00
[2025-04-25T23:44:57.201+0000] {processor.py:208} INFO - Processing /home/airflow/.local/lib/python3.12/site-packages/airflow/example_dags/example_latest_only.py took 0.130 seconds
[2025-04-25T23:45:27.535+0000] {processor.py:186} INFO - Started process (PID=988) to work on /home/airflow/.local/lib/python3.12/site-packages/airflow/example_dags/example_latest_only.py
[2025-04-25T23:45:27.537+0000] {processor.py:914} INFO - Processing file /home/airflow/.local/lib/python3.12/site-packages/airflow/example_dags/example_latest_only.py for tasks to queue
[2025-04-25T23:45:27.542+0000] {logging_mixin.py:190} INFO - [2025-04-25T23:45:27.542+0000] {dagbag.py:588} INFO - Filling up the DagBag from /home/airflow/.local/lib/python3.12/site-packages/airflow/example_dags/example_latest_only.py
[2025-04-25T23:45:27.554+0000] {processor.py:925} INFO - DAG(s) 'latest_only' retrieved from /home/airflow/.local/lib/python3.12/site-packages/airflow/example_dags/example_latest_only.py
[2025-04-25T23:45:27.600+0000] {logging_mixin.py:190} INFO - [2025-04-25T23:45:27.600+0000] {dag.py:3239} INFO - Sync 1 DAGs
[2025-04-25T23:45:27.642+0000] {logging_mixin.py:190} INFO - [2025-04-25T23:45:27.642+0000] {dag.py:4180} INFO - Setting next_dagrun for latest_only to 2025-04-25 16:00:00+00:00, run_after=2025-04-25 20:00:00+00:00
[2025-04-25T23:45:27.667+0000] {processor.py:208} INFO - Processing /home/airflow/.local/lib/python3.12/site-packages/airflow/example_dags/example_latest_only.py took 0.146 seconds
[2025-04-25T23:45:58.738+0000] {processor.py:186} INFO - Started process (PID=1050) to work on /home/airflow/.local/lib/python3.12/site-packages/airflow/example_dags/example_latest_only.py
[2025-04-25T23:45:58.740+0000] {processor.py:914} INFO - Processing file /home/airflow/.local/lib/python3.12/site-packages/airflow/example_dags/example_latest_only.py for tasks to queue
[2025-04-25T23:45:58.747+0000] {logging_mixin.py:190} INFO - [2025-04-25T23:45:58.745+0000] {dagbag.py:588} INFO - Filling up the DagBag from /home/airflow/.local/lib/python3.12/site-packages/airflow/example_dags/example_latest_only.py
[2025-04-25T23:45:58.776+0000] {processor.py:925} INFO - DAG(s) 'latest_only' retrieved from /home/airflow/.local/lib/python3.12/site-packages/airflow/example_dags/example_latest_only.py
[2025-04-25T23:45:58.873+0000] {logging_mixin.py:190} INFO - [2025-04-25T23:45:58.871+0000] {dag.py:3239} INFO - Sync 1 DAGs
[2025-04-25T23:45:58.944+0000] {logging_mixin.py:190} INFO - [2025-04-25T23:45:58.944+0000] {dag.py:4180} INFO - Setting next_dagrun for latest_only to 2025-04-25 16:00:00+00:00, run_after=2025-04-25 20:00:00+00:00
[2025-04-25T23:45:59.017+0000] {processor.py:208} INFO - Processing /home/airflow/.local/lib/python3.12/site-packages/airflow/example_dags/example_latest_only.py took 0.302 seconds
[2025-04-25T23:46:37.987+0000] {processor.py:186} INFO - Started process (PID=1112) to work on /home/airflow/.local/lib/python3.12/site-packages/airflow/example_dags/example_latest_only.py
[2025-04-25T23:46:37.992+0000] {processor.py:914} INFO - Processing file /home/airflow/.local/lib/python3.12/site-packages/airflow/example_dags/example_latest_only.py for tasks to queue
[2025-04-25T23:46:37.997+0000] {logging_mixin.py:190} INFO - [2025-04-25T23:46:37.996+0000] {dagbag.py:588} INFO - Filling up the DagBag from /home/airflow/.local/lib/python3.12/site-packages/airflow/example_dags/example_latest_only.py
[2025-04-25T23:46:38.031+0000] {processor.py:925} INFO - DAG(s) 'latest_only' retrieved from /home/airflow/.local/lib/python3.12/site-packages/airflow/example_dags/example_latest_only.py
[2025-04-25T23:46:38.369+0000] {logging_mixin.py:190} INFO - [2025-04-25T23:46:38.365+0000] {dag.py:3239} INFO - Sync 1 DAGs
[2025-04-25T23:46:38.544+0000] {logging_mixin.py:190} INFO - [2025-04-25T23:46:38.544+0000] {dag.py:4180} INFO - Setting next_dagrun for latest_only to 2025-04-25 16:00:00+00:00, run_after=2025-04-25 20:00:00+00:00
[2025-04-25T23:46:38.988+0000] {processor.py:208} INFO - Processing /home/airflow/.local/lib/python3.12/site-packages/airflow/example_dags/example_latest_only.py took 1.109 seconds
[2025-04-25T23:47:09.535+0000] {processor.py:186} INFO - Started process (PID=1174) to work on /home/airflow/.local/lib/python3.12/site-packages/airflow/example_dags/example_latest_only.py
[2025-04-25T23:47:09.536+0000] {processor.py:914} INFO - Processing file /home/airflow/.local/lib/python3.12/site-packages/airflow/example_dags/example_latest_only.py for tasks to queue
[2025-04-25T23:47:09.539+0000] {logging_mixin.py:190} INFO - [2025-04-25T23:47:09.539+0000] {dagbag.py:588} INFO - Filling up the DagBag from /home/airflow/.local/lib/python3.12/site-packages/airflow/example_dags/example_latest_only.py
[2025-04-25T23:47:09.551+0000] {processor.py:925} INFO - DAG(s) 'latest_only' retrieved from /home/airflow/.local/lib/python3.12/site-packages/airflow/example_dags/example_latest_only.py
[2025-04-25T23:47:09.582+0000] {logging_mixin.py:190} INFO - [2025-04-25T23:47:09.581+0000] {dag.py:3239} INFO - Sync 1 DAGs
[2025-04-25T23:47:09.619+0000] {logging_mixin.py:190} INFO - [2025-04-25T23:47:09.619+0000] {dag.py:4180} INFO - Setting next_dagrun for latest_only to 2025-04-25 16:00:00+00:00, run_after=2025-04-25 20:00:00+00:00
[2025-04-25T23:47:09.644+0000] {processor.py:208} INFO - Processing /home/airflow/.local/lib/python3.12/site-packages/airflow/example_dags/example_latest_only.py took 0.118 seconds
[2025-04-25T23:47:39.889+0000] {processor.py:186} INFO - Started process (PID=1236) to work on /home/airflow/.local/lib/python3.12/site-packages/airflow/example_dags/example_latest_only.py
[2025-04-25T23:47:39.890+0000] {processor.py:914} INFO - Processing file /home/airflow/.local/lib/python3.12/site-packages/airflow/example_dags/example_latest_only.py for tasks to queue
[2025-04-25T23:47:39.893+0000] {logging_mixin.py:190} INFO - [2025-04-25T23:47:39.893+0000] {dagbag.py:588} INFO - Filling up the DagBag from /home/airflow/.local/lib/python3.12/site-packages/airflow/example_dags/example_latest_only.py
[2025-04-25T23:47:39.905+0000] {processor.py:925} INFO - DAG(s) 'latest_only' retrieved from /home/airflow/.local/lib/python3.12/site-packages/airflow/example_dags/example_latest_only.py
[2025-04-25T23:47:39.945+0000] {logging_mixin.py:190} INFO - [2025-04-25T23:47:39.945+0000] {dag.py:3239} INFO - Sync 1 DAGs
[2025-04-25T23:47:39.992+0000] {logging_mixin.py:190} INFO - [2025-04-25T23:47:39.991+0000] {dag.py:4180} INFO - Setting next_dagrun for latest_only to 2025-04-25 16:00:00+00:00, run_after=2025-04-25 20:00:00+00:00
[2025-04-25T23:47:40.027+0000] {processor.py:208} INFO - Processing /home/airflow/.local/lib/python3.12/site-packages/airflow/example_dags/example_latest_only.py took 0.147 seconds
[2025-04-25T23:48:10.146+0000] {processor.py:186} INFO - Started process (PID=1299) to work on /home/airflow/.local/lib/python3.12/site-packages/airflow/example_dags/example_latest_only.py
[2025-04-25T23:48:10.147+0000] {processor.py:914} INFO - Processing file /home/airflow/.local/lib/python3.12/site-packages/airflow/example_dags/example_latest_only.py for tasks to queue
[2025-04-25T23:48:10.150+0000] {logging_mixin.py:190} INFO - [2025-04-25T23:48:10.150+0000] {dagbag.py:588} INFO - Filling up the DagBag from /home/airflow/.local/lib/python3.12/site-packages/airflow/example_dags/example_latest_only.py
[2025-04-25T23:48:10.160+0000] {processor.py:925} INFO - DAG(s) 'latest_only' retrieved from /home/airflow/.local/lib/python3.12/site-packages/airflow/example_dags/example_latest_only.py
[2025-04-25T23:48:10.199+0000] {logging_mixin.py:190} INFO - [2025-04-25T23:48:10.198+0000] {dag.py:3239} INFO - Sync 1 DAGs
[2025-04-25T23:48:10.228+0000] {logging_mixin.py:190} INFO - [2025-04-25T23:48:10.228+0000] {dag.py:4180} INFO - Setting next_dagrun for latest_only to 2025-04-25 16:00:00+00:00, run_after=2025-04-25 20:00:00+00:00
[2025-04-25T23:48:10.254+0000] {processor.py:208} INFO - Processing /home/airflow/.local/lib/python3.12/site-packages/airflow/example_dags/example_latest_only.py took 0.116 seconds
[2025-04-25T23:48:40.309+0000] {processor.py:186} INFO - Started process (PID=1361) to work on /home/airflow/.local/lib/python3.12/site-packages/airflow/example_dags/example_latest_only.py
[2025-04-25T23:48:40.312+0000] {processor.py:914} INFO - Processing file /home/airflow/.local/lib/python3.12/site-packages/airflow/example_dags/example_latest_only.py for tasks to queue
[2025-04-25T23:48:40.318+0000] {logging_mixin.py:190} INFO - [2025-04-25T23:48:40.317+0000] {dagbag.py:588} INFO - Filling up the DagBag from /home/airflow/.local/lib/python3.12/site-packages/airflow/example_dags/example_latest_only.py
[2025-04-25T23:48:40.334+0000] {processor.py:925} INFO - DAG(s) 'latest_only' retrieved from /home/airflow/.local/lib/python3.12/site-packages/airflow/example_dags/example_latest_only.py
[2025-04-25T23:48:40.373+0000] {logging_mixin.py:190} INFO - [2025-04-25T23:48:40.373+0000] {dag.py:3239} INFO - Sync 1 DAGs
[2025-04-25T23:48:40.432+0000] {logging_mixin.py:190} INFO - [2025-04-25T23:48:40.431+0000] {dag.py:4180} INFO - Setting next_dagrun for latest_only to 2025-04-25 16:00:00+00:00, run_after=2025-04-25 20:00:00+00:00
[2025-04-25T23:48:40.468+0000] {processor.py:208} INFO - Processing /home/airflow/.local/lib/python3.12/site-packages/airflow/example_dags/example_latest_only.py took 0.166 seconds
[2025-04-25T23:49:14.006+0000] {processor.py:186} INFO - Started process (PID=1424) to work on /home/airflow/.local/lib/python3.12/site-packages/airflow/example_dags/example_latest_only.py
[2025-04-25T23:49:14.009+0000] {processor.py:914} INFO - Processing file /home/airflow/.local/lib/python3.12/site-packages/airflow/example_dags/example_latest_only.py for tasks to queue
[2025-04-25T23:49:14.013+0000] {logging_mixin.py:190} INFO - [2025-04-25T23:49:14.012+0000] {dagbag.py:588} INFO - Filling up the DagBag from /home/airflow/.local/lib/python3.12/site-packages/airflow/example_dags/example_latest_only.py
[2025-04-25T23:49:14.031+0000] {processor.py:925} INFO - DAG(s) 'latest_only' retrieved from /home/airflow/.local/lib/python3.12/site-packages/airflow/example_dags/example_latest_only.py
[2025-04-25T23:49:14.096+0000] {logging_mixin.py:190} INFO - [2025-04-25T23:49:14.096+0000] {dag.py:3239} INFO - Sync 1 DAGs
[2025-04-25T23:49:14.150+0000] {logging_mixin.py:190} INFO - [2025-04-25T23:49:14.149+0000] {dag.py:4180} INFO - Setting next_dagrun for latest_only to 2025-04-25 16:00:00+00:00, run_after=2025-04-25 20:00:00+00:00
[2025-04-25T23:49:14.197+0000] {processor.py:208} INFO - Processing /home/airflow/.local/lib/python3.12/site-packages/airflow/example_dags/example_latest_only.py took 0.220 seconds
[2025-04-25T23:49:44.760+0000] {processor.py:186} INFO - Started process (PID=1486) to work on /home/airflow/.local/lib/python3.12/site-packages/airflow/example_dags/example_latest_only.py
[2025-04-25T23:49:44.762+0000] {processor.py:914} INFO - Processing file /home/airflow/.local/lib/python3.12/site-packages/airflow/example_dags/example_latest_only.py for tasks to queue
[2025-04-25T23:49:44.765+0000] {logging_mixin.py:190} INFO - [2025-04-25T23:49:44.764+0000] {dagbag.py:588} INFO - Filling up the DagBag from /home/airflow/.local/lib/python3.12/site-packages/airflow/example_dags/example_latest_only.py
[2025-04-25T23:49:44.780+0000] {processor.py:925} INFO - DAG(s) 'latest_only' retrieved from /home/airflow/.local/lib/python3.12/site-packages/airflow/example_dags/example_latest_only.py
[2025-04-25T23:49:44.811+0000] {logging_mixin.py:190} INFO - [2025-04-25T23:49:44.811+0000] {dag.py:3239} INFO - Sync 1 DAGs
[2025-04-25T23:49:44.858+0000] {logging_mixin.py:190} INFO - [2025-04-25T23:49:44.857+0000] {dag.py:4180} INFO - Setting next_dagrun for latest_only to 2025-04-25 16:00:00+00:00, run_after=2025-04-25 20:00:00+00:00
[2025-04-25T23:49:44.894+0000] {processor.py:208} INFO - Processing /home/airflow/.local/lib/python3.12/site-packages/airflow/example_dags/example_latest_only.py took 0.144 seconds
[2025-04-25T23:50:14.995+0000] {processor.py:186} INFO - Started process (PID=1547) to work on /home/airflow/.local/lib/python3.12/site-packages/airflow/example_dags/example_latest_only.py
[2025-04-25T23:50:14.998+0000] {processor.py:914} INFO - Processing file /home/airflow/.local/lib/python3.12/site-packages/airflow/example_dags/example_latest_only.py for tasks to queue
[2025-04-25T23:50:15.002+0000] {logging_mixin.py:190} INFO - [2025-04-25T23:50:15.001+0000] {dagbag.py:588} INFO - Filling up the DagBag from /home/airflow/.local/lib/python3.12/site-packages/airflow/example_dags/example_latest_only.py
[2025-04-25T23:50:15.012+0000] {processor.py:925} INFO - DAG(s) 'latest_only' retrieved from /home/airflow/.local/lib/python3.12/site-packages/airflow/example_dags/example_latest_only.py
[2025-04-25T23:50:15.050+0000] {logging_mixin.py:190} INFO - [2025-04-25T23:50:15.046+0000] {dag.py:3239} INFO - Sync 1 DAGs
[2025-04-25T23:50:15.107+0000] {logging_mixin.py:190} INFO - [2025-04-25T23:50:15.107+0000] {dag.py:4180} INFO - Setting next_dagrun for latest_only to 2025-04-25 16:00:00+00:00, run_after=2025-04-25 20:00:00+00:00
[2025-04-25T23:50:15.150+0000] {processor.py:208} INFO - Processing /home/airflow/.local/lib/python3.12/site-packages/airflow/example_dags/example_latest_only.py took 0.165 seconds
[2025-04-25T23:50:46.617+0000] {processor.py:186} INFO - Started process (PID=1607) to work on /home/airflow/.local/lib/python3.12/site-packages/airflow/example_dags/example_latest_only.py
[2025-04-25T23:50:46.619+0000] {processor.py:914} INFO - Processing file /home/airflow/.local/lib/python3.12/site-packages/airflow/example_dags/example_latest_only.py for tasks to queue
[2025-04-25T23:50:46.624+0000] {logging_mixin.py:190} INFO - [2025-04-25T23:50:46.623+0000] {dagbag.py:588} INFO - Filling up the DagBag from /home/airflow/.local/lib/python3.12/site-packages/airflow/example_dags/example_latest_only.py
[2025-04-25T23:50:46.635+0000] {processor.py:925} INFO - DAG(s) 'latest_only' retrieved from /home/airflow/.local/lib/python3.12/site-packages/airflow/example_dags/example_latest_only.py
[2025-04-25T23:50:46.684+0000] {logging_mixin.py:190} INFO - [2025-04-25T23:50:46.684+0000] {dag.py:3239} INFO - Sync 1 DAGs
[2025-04-25T23:50:46.756+0000] {logging_mixin.py:190} INFO - [2025-04-25T23:50:46.756+0000] {dag.py:4180} INFO - Setting next_dagrun for latest_only to 2025-04-25 16:00:00+00:00, run_after=2025-04-25 20:00:00+00:00
[2025-04-25T23:50:46.800+0000] {processor.py:208} INFO - Processing /home/airflow/.local/lib/python3.12/site-packages/airflow/example_dags/example_latest_only.py took 0.191 seconds
[2025-04-25T23:51:20.949+0000] {processor.py:186} INFO - Started process (PID=1671) to work on /home/airflow/.local/lib/python3.12/site-packages/airflow/example_dags/example_latest_only.py
[2025-04-25T23:51:20.964+0000] {processor.py:914} INFO - Processing file /home/airflow/.local/lib/python3.12/site-packages/airflow/example_dags/example_latest_only.py for tasks to queue
[2025-04-25T23:51:20.999+0000] {logging_mixin.py:190} INFO - [2025-04-25T23:51:20.978+0000] {dagbag.py:588} INFO - Filling up the DagBag from /home/airflow/.local/lib/python3.12/site-packages/airflow/example_dags/example_latest_only.py
[2025-04-25T23:51:21.022+0000] {processor.py:925} INFO - DAG(s) 'latest_only' retrieved from /home/airflow/.local/lib/python3.12/site-packages/airflow/example_dags/example_latest_only.py
[2025-04-25T23:51:21.276+0000] {logging_mixin.py:190} INFO - [2025-04-25T23:51:21.276+0000] {dag.py:3239} INFO - Sync 1 DAGs
[2025-04-25T23:51:21.536+0000] {logging_mixin.py:190} INFO - [2025-04-25T23:51:21.535+0000] {dag.py:4180} INFO - Setting next_dagrun for latest_only to 2025-04-25 16:00:00+00:00, run_after=2025-04-25 20:00:00+00:00
[2025-04-25T23:51:21.626+0000] {processor.py:208} INFO - Processing /home/airflow/.local/lib/python3.12/site-packages/airflow/example_dags/example_latest_only.py took 0.760 seconds
[2025-04-25T23:51:52.336+0000] {processor.py:186} INFO - Started process (PID=1733) to work on /home/airflow/.local/lib/python3.12/site-packages/airflow/example_dags/example_latest_only.py
[2025-04-25T23:51:52.337+0000] {processor.py:914} INFO - Processing file /home/airflow/.local/lib/python3.12/site-packages/airflow/example_dags/example_latest_only.py for tasks to queue
[2025-04-25T23:51:52.340+0000] {logging_mixin.py:190} INFO - [2025-04-25T23:51:52.339+0000] {dagbag.py:588} INFO - Filling up the DagBag from /home/airflow/.local/lib/python3.12/site-packages/airflow/example_dags/example_latest_only.py
[2025-04-25T23:51:52.347+0000] {processor.py:925} INFO - DAG(s) 'latest_only' retrieved from /home/airflow/.local/lib/python3.12/site-packages/airflow/example_dags/example_latest_only.py
[2025-04-25T23:51:52.370+0000] {logging_mixin.py:190} INFO - [2025-04-25T23:51:52.369+0000] {dag.py:3239} INFO - Sync 1 DAGs
[2025-04-25T23:51:52.396+0000] {logging_mixin.py:190} INFO - [2025-04-25T23:51:52.396+0000] {dag.py:4180} INFO - Setting next_dagrun for latest_only to 2025-04-25 16:00:00+00:00, run_after=2025-04-25 20:00:00+00:00
[2025-04-25T23:51:52.416+0000] {processor.py:208} INFO - Processing /home/airflow/.local/lib/python3.12/site-packages/airflow/example_dags/example_latest_only.py took 0.087 seconds
[2025-04-25T23:52:23.301+0000] {processor.py:186} INFO - Started process (PID=1797) to work on /home/airflow/.local/lib/python3.12/site-packages/airflow/example_dags/example_latest_only.py
[2025-04-25T23:52:23.304+0000] {processor.py:914} INFO - Processing file /home/airflow/.local/lib/python3.12/site-packages/airflow/example_dags/example_latest_only.py for tasks to queue
[2025-04-25T23:52:23.314+0000] {logging_mixin.py:190} INFO - [2025-04-25T23:52:23.313+0000] {dagbag.py:588} INFO - Filling up the DagBag from /home/airflow/.local/lib/python3.12/site-packages/airflow/example_dags/example_latest_only.py
[2025-04-25T23:52:23.331+0000] {processor.py:925} INFO - DAG(s) 'latest_only' retrieved from /home/airflow/.local/lib/python3.12/site-packages/airflow/example_dags/example_latest_only.py
[2025-04-25T23:52:23.469+0000] {logging_mixin.py:190} INFO - [2025-04-25T23:52:23.468+0000] {dag.py:3239} INFO - Sync 1 DAGs
[2025-04-25T23:52:23.639+0000] {logging_mixin.py:190} INFO - [2025-04-25T23:52:23.638+0000] {dag.py:4180} INFO - Setting next_dagrun for latest_only to 2025-04-25 16:00:00+00:00, run_after=2025-04-25 20:00:00+00:00
[2025-04-25T23:52:23.780+0000] {processor.py:208} INFO - Processing /home/airflow/.local/lib/python3.12/site-packages/airflow/example_dags/example_latest_only.py took 0.495 seconds
[2025-04-25T23:52:54.211+0000] {processor.py:186} INFO - Started process (PID=1859) to work on /home/airflow/.local/lib/python3.12/site-packages/airflow/example_dags/example_latest_only.py
[2025-04-25T23:52:54.214+0000] {processor.py:914} INFO - Processing file /home/airflow/.local/lib/python3.12/site-packages/airflow/example_dags/example_latest_only.py for tasks to queue
[2025-04-25T23:52:54.232+0000] {logging_mixin.py:190} INFO - [2025-04-25T23:52:54.227+0000] {dagbag.py:588} INFO - Filling up the DagBag from /home/airflow/.local/lib/python3.12/site-packages/airflow/example_dags/example_latest_only.py
[2025-04-25T23:52:54.272+0000] {processor.py:925} INFO - DAG(s) 'latest_only' retrieved from /home/airflow/.local/lib/python3.12/site-packages/airflow/example_dags/example_latest_only.py
[2025-04-25T23:52:54.357+0000] {logging_mixin.py:190} INFO - [2025-04-25T23:52:54.357+0000] {dag.py:3239} INFO - Sync 1 DAGs
[2025-04-25T23:52:54.493+0000] {logging_mixin.py:190} INFO - [2025-04-25T23:52:54.493+0000] {dag.py:4180} INFO - Setting next_dagrun for latest_only to 2025-04-25 16:00:00+00:00, run_after=2025-04-25 20:00:00+00:00
[2025-04-25T23:52:54.608+0000] {processor.py:208} INFO - Processing /home/airflow/.local/lib/python3.12/site-packages/airflow/example_dags/example_latest_only.py took 0.429 seconds
[2025-04-25T23:53:24.693+0000] {processor.py:186} INFO - Started process (PID=1925) to work on /home/airflow/.local/lib/python3.12/site-packages/airflow/example_dags/example_latest_only.py
[2025-04-25T23:53:24.696+0000] {processor.py:914} INFO - Processing file /home/airflow/.local/lib/python3.12/site-packages/airflow/example_dags/example_latest_only.py for tasks to queue
[2025-04-25T23:53:24.700+0000] {logging_mixin.py:190} INFO - [2025-04-25T23:53:24.699+0000] {dagbag.py:588} INFO - Filling up the DagBag from /home/airflow/.local/lib/python3.12/site-packages/airflow/example_dags/example_latest_only.py
[2025-04-25T23:53:24.708+0000] {processor.py:925} INFO - DAG(s) 'latest_only' retrieved from /home/airflow/.local/lib/python3.12/site-packages/airflow/example_dags/example_latest_only.py
[2025-04-25T23:53:24.731+0000] {logging_mixin.py:190} INFO - [2025-04-25T23:53:24.731+0000] {dag.py:3239} INFO - Sync 1 DAGs
[2025-04-25T23:53:24.756+0000] {logging_mixin.py:190} INFO - [2025-04-25T23:53:24.756+0000] {dag.py:4180} INFO - Setting next_dagrun for latest_only to 2025-04-25 16:00:00+00:00, run_after=2025-04-25 20:00:00+00:00
[2025-04-25T23:53:24.777+0000] {processor.py:208} INFO - Processing /home/airflow/.local/lib/python3.12/site-packages/airflow/example_dags/example_latest_only.py took 0.090 seconds
[2025-04-25T23:53:54.861+0000] {processor.py:186} INFO - Started process (PID=1988) to work on /home/airflow/.local/lib/python3.12/site-packages/airflow/example_dags/example_latest_only.py
[2025-04-25T23:53:54.863+0000] {processor.py:914} INFO - Processing file /home/airflow/.local/lib/python3.12/site-packages/airflow/example_dags/example_latest_only.py for tasks to queue
[2025-04-25T23:53:54.866+0000] {logging_mixin.py:190} INFO - [2025-04-25T23:53:54.865+0000] {dagbag.py:588} INFO - Filling up the DagBag from /home/airflow/.local/lib/python3.12/site-packages/airflow/example_dags/example_latest_only.py
[2025-04-25T23:53:54.881+0000] {processor.py:925} INFO - DAG(s) 'latest_only' retrieved from /home/airflow/.local/lib/python3.12/site-packages/airflow/example_dags/example_latest_only.py
[2025-04-25T23:53:54.921+0000] {logging_mixin.py:190} INFO - [2025-04-25T23:53:54.921+0000] {dag.py:3239} INFO - Sync 1 DAGs
[2025-04-25T23:53:54.953+0000] {logging_mixin.py:190} INFO - [2025-04-25T23:53:54.953+0000] {dag.py:4180} INFO - Setting next_dagrun for latest_only to 2025-04-25 16:00:00+00:00, run_after=2025-04-25 20:00:00+00:00
[2025-04-25T23:53:54.983+0000] {processor.py:208} INFO - Processing /home/airflow/.local/lib/python3.12/site-packages/airflow/example_dags/example_latest_only.py took 0.131 seconds
[2025-04-25T23:54:25.172+0000] {processor.py:186} INFO - Started process (PID=2052) to work on /home/airflow/.local/lib/python3.12/site-packages/airflow/example_dags/example_latest_only.py
[2025-04-25T23:54:25.173+0000] {processor.py:914} INFO - Processing file /home/airflow/.local/lib/python3.12/site-packages/airflow/example_dags/example_latest_only.py for tasks to queue
[2025-04-25T23:54:25.177+0000] {logging_mixin.py:190} INFO - [2025-04-25T23:54:25.176+0000] {dagbag.py:588} INFO - Filling up the DagBag from /home/airflow/.local/lib/python3.12/site-packages/airflow/example_dags/example_latest_only.py
[2025-04-25T23:54:25.189+0000] {processor.py:925} INFO - DAG(s) 'latest_only' retrieved from /home/airflow/.local/lib/python3.12/site-packages/airflow/example_dags/example_latest_only.py
[2025-04-25T23:54:25.222+0000] {logging_mixin.py:190} INFO - [2025-04-25T23:54:25.221+0000] {dag.py:3239} INFO - Sync 1 DAGs
[2025-04-25T23:54:25.262+0000] {logging_mixin.py:190} INFO - [2025-04-25T23:54:25.262+0000] {dag.py:4180} INFO - Setting next_dagrun for latest_only to 2025-04-25 16:00:00+00:00, run_after=2025-04-25 20:00:00+00:00
[2025-04-25T23:54:25.292+0000] {processor.py:208} INFO - Processing /home/airflow/.local/lib/python3.12/site-packages/airflow/example_dags/example_latest_only.py took 0.127 seconds
[2025-04-25T23:54:55.614+0000] {processor.py:186} INFO - Started process (PID=2116) to work on /home/airflow/.local/lib/python3.12/site-packages/airflow/example_dags/example_latest_only.py
[2025-04-25T23:54:55.616+0000] {processor.py:914} INFO - Processing file /home/airflow/.local/lib/python3.12/site-packages/airflow/example_dags/example_latest_only.py for tasks to queue
[2025-04-25T23:54:55.623+0000] {logging_mixin.py:190} INFO - [2025-04-25T23:54:55.623+0000] {dagbag.py:588} INFO - Filling up the DagBag from /home/airflow/.local/lib/python3.12/site-packages/airflow/example_dags/example_latest_only.py
[2025-04-25T23:54:55.641+0000] {processor.py:925} INFO - DAG(s) 'latest_only' retrieved from /home/airflow/.local/lib/python3.12/site-packages/airflow/example_dags/example_latest_only.py
[2025-04-25T23:54:55.698+0000] {logging_mixin.py:190} INFO - [2025-04-25T23:54:55.697+0000] {dag.py:3239} INFO - Sync 1 DAGs
[2025-04-25T23:54:55.733+0000] {logging_mixin.py:190} INFO - [2025-04-25T23:54:55.733+0000] {dag.py:4180} INFO - Setting next_dagrun for latest_only to 2025-04-25 16:00:00+00:00, run_after=2025-04-25 20:00:00+00:00
[2025-04-25T23:54:55.766+0000] {processor.py:208} INFO - Processing /home/airflow/.local/lib/python3.12/site-packages/airflow/example_dags/example_latest_only.py took 0.159 seconds
[2025-04-25T23:55:26.247+0000] {processor.py:186} INFO - Started process (PID=2180) to work on /home/airflow/.local/lib/python3.12/site-packages/airflow/example_dags/example_latest_only.py
[2025-04-25T23:55:26.248+0000] {processor.py:914} INFO - Processing file /home/airflow/.local/lib/python3.12/site-packages/airflow/example_dags/example_latest_only.py for tasks to queue
[2025-04-25T23:55:26.251+0000] {logging_mixin.py:190} INFO - [2025-04-25T23:55:26.251+0000] {dagbag.py:588} INFO - Filling up the DagBag from /home/airflow/.local/lib/python3.12/site-packages/airflow/example_dags/example_latest_only.py
[2025-04-25T23:55:26.266+0000] {processor.py:925} INFO - DAG(s) 'latest_only' retrieved from /home/airflow/.local/lib/python3.12/site-packages/airflow/example_dags/example_latest_only.py
[2025-04-25T23:55:26.296+0000] {logging_mixin.py:190} INFO - [2025-04-25T23:55:26.296+0000] {dag.py:3239} INFO - Sync 1 DAGs
[2025-04-25T23:55:26.332+0000] {logging_mixin.py:190} INFO - [2025-04-25T23:55:26.332+0000] {dag.py:4180} INFO - Setting next_dagrun for latest_only to 2025-04-25 16:00:00+00:00, run_after=2025-04-25 20:00:00+00:00
[2025-04-25T23:55:26.363+0000] {processor.py:208} INFO - Processing /home/airflow/.local/lib/python3.12/site-packages/airflow/example_dags/example_latest_only.py took 0.124 seconds
[2025-04-25T23:55:56.605+0000] {processor.py:186} INFO - Started process (PID=2244) to work on /home/airflow/.local/lib/python3.12/site-packages/airflow/example_dags/example_latest_only.py
[2025-04-25T23:55:56.610+0000] {processor.py:914} INFO - Processing file /home/airflow/.local/lib/python3.12/site-packages/airflow/example_dags/example_latest_only.py for tasks to queue
[2025-04-25T23:55:56.613+0000] {logging_mixin.py:190} INFO - [2025-04-25T23:55:56.613+0000] {dagbag.py:588} INFO - Filling up the DagBag from /home/airflow/.local/lib/python3.12/site-packages/airflow/example_dags/example_latest_only.py
[2025-04-25T23:55:56.629+0000] {processor.py:925} INFO - DAG(s) 'latest_only' retrieved from /home/airflow/.local/lib/python3.12/site-packages/airflow/example_dags/example_latest_only.py
[2025-04-25T23:55:56.694+0000] {logging_mixin.py:190} INFO - [2025-04-25T23:55:56.693+0000] {dag.py:3239} INFO - Sync 1 DAGs
[2025-04-25T23:55:56.765+0000] {logging_mixin.py:190} INFO - [2025-04-25T23:55:56.765+0000] {dag.py:4180} INFO - Setting next_dagrun for latest_only to 2025-04-25 16:00:00+00:00, run_after=2025-04-25 20:00:00+00:00
[2025-04-25T23:55:56.819+0000] {processor.py:208} INFO - Processing /home/airflow/.local/lib/python3.12/site-packages/airflow/example_dags/example_latest_only.py took 0.236 seconds
[2025-04-25T23:56:27.479+0000] {processor.py:186} INFO - Started process (PID=2309) to work on /home/airflow/.local/lib/python3.12/site-packages/airflow/example_dags/example_latest_only.py
[2025-04-25T23:56:27.489+0000] {processor.py:914} INFO - Processing file /home/airflow/.local/lib/python3.12/site-packages/airflow/example_dags/example_latest_only.py for tasks to queue
[2025-04-25T23:56:27.494+0000] {logging_mixin.py:190} INFO - [2025-04-25T23:56:27.494+0000] {dagbag.py:588} INFO - Filling up the DagBag from /home/airflow/.local/lib/python3.12/site-packages/airflow/example_dags/example_latest_only.py
[2025-04-25T23:56:27.527+0000] {processor.py:925} INFO - DAG(s) 'latest_only' retrieved from /home/airflow/.local/lib/python3.12/site-packages/airflow/example_dags/example_latest_only.py
[2025-04-25T23:56:27.586+0000] {logging_mixin.py:190} INFO - [2025-04-25T23:56:27.585+0000] {dag.py:3239} INFO - Sync 1 DAGs
[2025-04-25T23:56:27.640+0000] {logging_mixin.py:190} INFO - [2025-04-25T23:56:27.636+0000] {dag.py:4180} INFO - Setting next_dagrun for latest_only to 2025-04-25 16:00:00+00:00, run_after=2025-04-25 20:00:00+00:00
[2025-04-25T23:56:27.683+0000] {processor.py:208} INFO - Processing /home/airflow/.local/lib/python3.12/site-packages/airflow/example_dags/example_latest_only.py took 0.223 seconds
[2025-04-25T23:56:58.026+0000] {processor.py:186} INFO - Started process (PID=2373) to work on /home/airflow/.local/lib/python3.12/site-packages/airflow/example_dags/example_latest_only.py
[2025-04-25T23:56:58.029+0000] {processor.py:914} INFO - Processing file /home/airflow/.local/lib/python3.12/site-packages/airflow/example_dags/example_latest_only.py for tasks to queue
[2025-04-25T23:56:58.035+0000] {logging_mixin.py:190} INFO - [2025-04-25T23:56:58.034+0000] {dagbag.py:588} INFO - Filling up the DagBag from /home/airflow/.local/lib/python3.12/site-packages/airflow/example_dags/example_latest_only.py
[2025-04-25T23:56:58.053+0000] {processor.py:925} INFO - DAG(s) 'latest_only' retrieved from /home/airflow/.local/lib/python3.12/site-packages/airflow/example_dags/example_latest_only.py
[2025-04-25T23:56:58.089+0000] {logging_mixin.py:190} INFO - [2025-04-25T23:56:58.088+0000] {dag.py:3239} INFO - Sync 1 DAGs
[2025-04-25T23:56:58.138+0000] {logging_mixin.py:190} INFO - [2025-04-25T23:56:58.137+0000] {dag.py:4180} INFO - Setting next_dagrun for latest_only to 2025-04-25 16:00:00+00:00, run_after=2025-04-25 20:00:00+00:00
[2025-04-25T23:56:58.205+0000] {processor.py:208} INFO - Processing /home/airflow/.local/lib/python3.12/site-packages/airflow/example_dags/example_latest_only.py took 0.191 seconds
[2025-04-25T23:57:28.343+0000] {processor.py:186} INFO - Started process (PID=2437) to work on /home/airflow/.local/lib/python3.12/site-packages/airflow/example_dags/example_latest_only.py
[2025-04-25T23:57:28.345+0000] {processor.py:914} INFO - Processing file /home/airflow/.local/lib/python3.12/site-packages/airflow/example_dags/example_latest_only.py for tasks to queue
[2025-04-25T23:57:28.347+0000] {logging_mixin.py:190} INFO - [2025-04-25T23:57:28.347+0000] {dagbag.py:588} INFO - Filling up the DagBag from /home/airflow/.local/lib/python3.12/site-packages/airflow/example_dags/example_latest_only.py
[2025-04-25T23:57:28.359+0000] {processor.py:925} INFO - DAG(s) 'latest_only' retrieved from /home/airflow/.local/lib/python3.12/site-packages/airflow/example_dags/example_latest_only.py
[2025-04-25T23:57:28.398+0000] {logging_mixin.py:190} INFO - [2025-04-25T23:57:28.398+0000] {dag.py:3239} INFO - Sync 1 DAGs
[2025-04-25T23:57:28.437+0000] {logging_mixin.py:190} INFO - [2025-04-25T23:57:28.437+0000] {dag.py:4180} INFO - Setting next_dagrun for latest_only to 2025-04-25 16:00:00+00:00, run_after=2025-04-25 20:00:00+00:00
[2025-04-25T23:57:28.469+0000] {processor.py:208} INFO - Processing /home/airflow/.local/lib/python3.12/site-packages/airflow/example_dags/example_latest_only.py took 0.133 seconds
[2025-04-25T23:59:07.104+0000] {processor.py:186} INFO - Started process (PID=2520) to work on /home/airflow/.local/lib/python3.12/site-packages/airflow/example_dags/example_latest_only.py
[2025-04-25T23:59:07.106+0000] {processor.py:914} INFO - Processing file /home/airflow/.local/lib/python3.12/site-packages/airflow/example_dags/example_latest_only.py for tasks to queue
[2025-04-25T23:59:07.108+0000] {logging_mixin.py:190} INFO - [2025-04-25T23:59:07.107+0000] {dagbag.py:588} INFO - Filling up the DagBag from /home/airflow/.local/lib/python3.12/site-packages/airflow/example_dags/example_latest_only.py
[2025-04-25T23:59:07.120+0000] {processor.py:925} INFO - DAG(s) 'latest_only' retrieved from /home/airflow/.local/lib/python3.12/site-packages/airflow/example_dags/example_latest_only.py
[2025-04-25T23:59:07.165+0000] {logging_mixin.py:190} INFO - [2025-04-25T23:59:07.164+0000] {dag.py:3239} INFO - Sync 1 DAGs
[2025-04-25T23:59:07.206+0000] {logging_mixin.py:190} INFO - [2025-04-25T23:59:07.206+0000] {dag.py:4180} INFO - Setting next_dagrun for latest_only to 2025-04-25 16:00:00+00:00, run_after=2025-04-25 20:00:00+00:00
[2025-04-25T23:59:07.244+0000] {processor.py:208} INFO - Processing /home/airflow/.local/lib/python3.12/site-packages/airflow/example_dags/example_latest_only.py took 0.147 seconds
[2025-04-25T23:59:41.775+0000] {processor.py:186} INFO - Started process (PID=2584) to work on /home/airflow/.local/lib/python3.12/site-packages/airflow/example_dags/example_latest_only.py
[2025-04-25T23:59:41.781+0000] {processor.py:914} INFO - Processing file /home/airflow/.local/lib/python3.12/site-packages/airflow/example_dags/example_latest_only.py for tasks to queue
[2025-04-25T23:59:41.808+0000] {logging_mixin.py:190} INFO - [2025-04-25T23:59:41.808+0000] {dagbag.py:588} INFO - Filling up the DagBag from /home/airflow/.local/lib/python3.12/site-packages/airflow/example_dags/example_latest_only.py
[2025-04-25T23:59:41.845+0000] {processor.py:925} INFO - DAG(s) 'latest_only' retrieved from /home/airflow/.local/lib/python3.12/site-packages/airflow/example_dags/example_latest_only.py
[2025-04-25T23:59:41.927+0000] {logging_mixin.py:190} INFO - [2025-04-25T23:59:41.926+0000] {dag.py:3239} INFO - Sync 1 DAGs
[2025-04-25T23:59:42.043+0000] {logging_mixin.py:190} INFO - [2025-04-25T23:59:42.042+0000] {dag.py:4180} INFO - Setting next_dagrun for latest_only to 2025-04-25 16:00:00+00:00, run_after=2025-04-25 20:00:00+00:00
[2025-04-25T23:59:42.144+0000] {processor.py:208} INFO - Processing /home/airflow/.local/lib/python3.12/site-packages/airflow/example_dags/example_latest_only.py took 0.387 seconds
