[2025-04-25T23:33:11.223+0000] {processor.py:186} INFO - Started process (PID=130) to work on /home/airflow/.local/lib/python3.12/site-packages/airflow/example_dags/example_branch_day_of_week_operator.py
[2025-04-25T23:33:11.224+0000] {processor.py:914} INFO - Processing file /home/airflow/.local/lib/python3.12/site-packages/airflow/example_dags/example_branch_day_of_week_operator.py for tasks to queue
[2025-04-25T23:33:11.232+0000] {logging_mixin.py:190} INFO - [2025-04-25T23:33:11.231+0000] {dagbag.py:588} INFO - Filling up the DagBag from /home/airflow/.local/lib/python3.12/site-packages/airflow/example_dags/example_branch_day_of_week_operator.py
[2025-04-25T23:33:11.395+0000] {processor.py:925} INFO - DAG(s) 'example_weekday_branch_operator' retrieved from /home/airflow/.local/lib/python3.12/site-packages/airflow/example_dags/example_branch_day_of_week_operator.py
[2025-04-25T23:33:11.876+0000] {logging_mixin.py:190} INFO - [2025-04-25T23:33:11.875+0000] {override.py:1911} INFO - Created Permission View: can delete on DAG:example_weekday_branch_operator
[2025-04-25T23:33:11.917+0000] {logging_mixin.py:190} INFO - [2025-04-25T23:33:11.916+0000] {override.py:1911} INFO - Created Permission View: can read on DAG:example_weekday_branch_operator
[2025-04-25T23:33:11.941+0000] {logging_mixin.py:190} INFO - [2025-04-25T23:33:11.941+0000] {override.py:1911} INFO - Created Permission View: can edit on DAG:example_weekday_branch_operator
[2025-04-25T23:33:11.976+0000] {logging_mixin.py:190} INFO - [2025-04-25T23:33:11.975+0000] {override.py:1911} INFO - Created Permission View: can create on DAG Run:example_weekday_branch_operator
[2025-04-25T23:33:11.989+0000] {logging_mixin.py:190} INFO - [2025-04-25T23:33:11.989+0000] {override.py:1911} INFO - Created Permission View: can delete on DAG Run:example_weekday_branch_operator
[2025-04-25T23:33:12.012+0000] {logging_mixin.py:190} INFO - [2025-04-25T23:33:12.012+0000] {override.py:1911} INFO - Created Permission View: can read on DAG Run:example_weekday_branch_operator
[2025-04-25T23:33:12.035+0000] {logging_mixin.py:190} INFO - [2025-04-25T23:33:12.035+0000] {override.py:1911} INFO - Created Permission View: menu access on DAG Run:example_weekday_branch_operator
[2025-04-25T23:33:12.039+0000] {logging_mixin.py:190} INFO - [2025-04-25T23:33:12.038+0000] {dag.py:3239} INFO - Sync 1 DAGs
[2025-04-25T23:33:12.122+0000] {logging_mixin.py:190} INFO - [2025-04-25T23:33:12.122+0000] {dag.py:3262} INFO - Creating ORM DAG for example_weekday_branch_operator
[2025-04-25T23:33:14.973+0000] {logging_mixin.py:190} INFO - [2025-04-25T23:33:14.306+0000] {dag.py:4180} INFO - Setting next_dagrun for example_weekday_branch_operator to 2025-04-24 00:00:00+00:00, run_after=2025-04-25 00:00:00+00:00
[2025-04-25T23:33:16.314+0000] {processor.py:208} INFO - Processing /home/airflow/.local/lib/python3.12/site-packages/airflow/example_dags/example_branch_day_of_week_operator.py took 5.122 seconds
[2025-04-25T23:33:47.744+0000] {processor.py:186} INFO - Started process (PID=192) to work on /home/airflow/.local/lib/python3.12/site-packages/airflow/example_dags/example_branch_day_of_week_operator.py
[2025-04-25T23:33:47.745+0000] {processor.py:914} INFO - Processing file /home/airflow/.local/lib/python3.12/site-packages/airflow/example_dags/example_branch_day_of_week_operator.py for tasks to queue
[2025-04-25T23:33:47.750+0000] {logging_mixin.py:190} INFO - [2025-04-25T23:33:47.749+0000] {dagbag.py:588} INFO - Filling up the DagBag from /home/airflow/.local/lib/python3.12/site-packages/airflow/example_dags/example_branch_day_of_week_operator.py
[2025-04-25T23:33:47.767+0000] {processor.py:925} INFO - DAG(s) 'example_weekday_branch_operator' retrieved from /home/airflow/.local/lib/python3.12/site-packages/airflow/example_dags/example_branch_day_of_week_operator.py
[2025-04-25T23:33:47.810+0000] {logging_mixin.py:190} INFO - [2025-04-25T23:33:47.810+0000] {dag.py:3239} INFO - Sync 1 DAGs
[2025-04-25T23:33:47.887+0000] {logging_mixin.py:190} INFO - [2025-04-25T23:33:47.887+0000] {dag.py:4180} INFO - Setting next_dagrun for example_weekday_branch_operator to 2025-04-24 00:00:00+00:00, run_after=2025-04-25 00:00:00+00:00
[2025-04-25T23:33:47.929+0000] {processor.py:208} INFO - Processing /home/airflow/.local/lib/python3.12/site-packages/airflow/example_dags/example_branch_day_of_week_operator.py took 0.195 seconds
[2025-04-25T23:34:53.977+0000] {processor.py:186} INFO - Started process (PID=254) to work on /home/airflow/.local/lib/python3.12/site-packages/airflow/example_dags/example_branch_day_of_week_operator.py
[2025-04-25T23:34:53.991+0000] {processor.py:914} INFO - Processing file /home/airflow/.local/lib/python3.12/site-packages/airflow/example_dags/example_branch_day_of_week_operator.py for tasks to queue
[2025-04-25T23:34:54.027+0000] {logging_mixin.py:190} INFO - [2025-04-25T23:34:54.004+0000] {dagbag.py:588} INFO - Filling up the DagBag from /home/airflow/.local/lib/python3.12/site-packages/airflow/example_dags/example_branch_day_of_week_operator.py
[2025-04-25T23:34:54.107+0000] {processor.py:925} INFO - DAG(s) 'example_weekday_branch_operator' retrieved from /home/airflow/.local/lib/python3.12/site-packages/airflow/example_dags/example_branch_day_of_week_operator.py
[2025-04-25T23:34:54.216+0000] {logging_mixin.py:190} INFO - [2025-04-25T23:34:54.214+0000] {dag.py:3239} INFO - Sync 1 DAGs
[2025-04-25T23:34:54.310+0000] {logging_mixin.py:190} INFO - [2025-04-25T23:34:54.310+0000] {dag.py:4180} INFO - Setting next_dagrun for example_weekday_branch_operator to 2025-04-24 00:00:00+00:00, run_after=2025-04-25 00:00:00+00:00
[2025-04-25T23:34:54.423+0000] {processor.py:208} INFO - Processing /home/airflow/.local/lib/python3.12/site-packages/airflow/example_dags/example_branch_day_of_week_operator.py took 0.490 seconds
[2025-04-25T23:37:53.698+0000] {processor.py:186} INFO - Started process (PID=106) to work on /home/airflow/.local/lib/python3.12/site-packages/airflow/example_dags/example_branch_day_of_week_operator.py
[2025-04-25T23:37:53.702+0000] {processor.py:914} INFO - Processing file /home/airflow/.local/lib/python3.12/site-packages/airflow/example_dags/example_branch_day_of_week_operator.py for tasks to queue
[2025-04-25T23:37:53.749+0000] {logging_mixin.py:190} INFO - [2025-04-25T23:37:53.747+0000] {dagbag.py:588} INFO - Filling up the DagBag from /home/airflow/.local/lib/python3.12/site-packages/airflow/example_dags/example_branch_day_of_week_operator.py
[2025-04-25T23:37:53.783+0000] {processor.py:925} INFO - DAG(s) 'example_weekday_branch_operator' retrieved from /home/airflow/.local/lib/python3.12/site-packages/airflow/example_dags/example_branch_day_of_week_operator.py
[2025-04-25T23:37:53.871+0000] {logging_mixin.py:190} INFO - [2025-04-25T23:37:53.871+0000] {dag.py:3239} INFO - Sync 1 DAGs
[2025-04-25T23:37:54.080+0000] {logging_mixin.py:190} INFO - [2025-04-25T23:37:54.080+0000] {dag.py:4180} INFO - Setting next_dagrun for example_weekday_branch_operator to 2025-04-24 00:00:00+00:00, run_after=2025-04-25 00:00:00+00:00
[2025-04-25T23:37:54.530+0000] {processor.py:208} INFO - Processing /home/airflow/.local/lib/python3.12/site-packages/airflow/example_dags/example_branch_day_of_week_operator.py took 0.885 seconds
[2025-04-25T23:38:24.911+0000] {processor.py:186} INFO - Started process (PID=168) to work on /home/airflow/.local/lib/python3.12/site-packages/airflow/example_dags/example_branch_day_of_week_operator.py
[2025-04-25T23:38:24.918+0000] {processor.py:914} INFO - Processing file /home/airflow/.local/lib/python3.12/site-packages/airflow/example_dags/example_branch_day_of_week_operator.py for tasks to queue
[2025-04-25T23:38:24.929+0000] {logging_mixin.py:190} INFO - [2025-04-25T23:38:24.928+0000] {dagbag.py:588} INFO - Filling up the DagBag from /home/airflow/.local/lib/python3.12/site-packages/airflow/example_dags/example_branch_day_of_week_operator.py
[2025-04-25T23:38:25.000+0000] {processor.py:925} INFO - DAG(s) 'example_weekday_branch_operator' retrieved from /home/airflow/.local/lib/python3.12/site-packages/airflow/example_dags/example_branch_day_of_week_operator.py
[2025-04-25T23:38:25.073+0000] {logging_mixin.py:190} INFO - [2025-04-25T23:38:25.073+0000] {dag.py:3239} INFO - Sync 1 DAGs
[2025-04-25T23:38:25.159+0000] {logging_mixin.py:190} INFO - [2025-04-25T23:38:25.159+0000] {dag.py:4180} INFO - Setting next_dagrun for example_weekday_branch_operator to 2025-04-24 00:00:00+00:00, run_after=2025-04-25 00:00:00+00:00
[2025-04-25T23:38:25.207+0000] {processor.py:208} INFO - Processing /home/airflow/.local/lib/python3.12/site-packages/airflow/example_dags/example_branch_day_of_week_operator.py took 0.323 seconds
[2025-04-25T23:38:56.034+0000] {processor.py:186} INFO - Started process (PID=231) to work on /home/airflow/.local/lib/python3.12/site-packages/airflow/example_dags/example_branch_day_of_week_operator.py
[2025-04-25T23:38:56.035+0000] {processor.py:914} INFO - Processing file /home/airflow/.local/lib/python3.12/site-packages/airflow/example_dags/example_branch_day_of_week_operator.py for tasks to queue
[2025-04-25T23:38:56.039+0000] {logging_mixin.py:190} INFO - [2025-04-25T23:38:56.039+0000] {dagbag.py:588} INFO - Filling up the DagBag from /home/airflow/.local/lib/python3.12/site-packages/airflow/example_dags/example_branch_day_of_week_operator.py
[2025-04-25T23:38:56.056+0000] {processor.py:925} INFO - DAG(s) 'example_weekday_branch_operator' retrieved from /home/airflow/.local/lib/python3.12/site-packages/airflow/example_dags/example_branch_day_of_week_operator.py
[2025-04-25T23:38:56.108+0000] {logging_mixin.py:190} INFO - [2025-04-25T23:38:56.107+0000] {dag.py:3239} INFO - Sync 1 DAGs
[2025-04-25T23:38:56.180+0000] {logging_mixin.py:190} INFO - [2025-04-25T23:38:56.179+0000] {dag.py:4180} INFO - Setting next_dagrun for example_weekday_branch_operator to 2025-04-24 00:00:00+00:00, run_after=2025-04-25 00:00:00+00:00
[2025-04-25T23:38:56.215+0000] {processor.py:208} INFO - Processing /home/airflow/.local/lib/python3.12/site-packages/airflow/example_dags/example_branch_day_of_week_operator.py took 0.190 seconds
[2025-04-25T23:39:27.059+0000] {processor.py:186} INFO - Started process (PID=294) to work on /home/airflow/.local/lib/python3.12/site-packages/airflow/example_dags/example_branch_day_of_week_operator.py
[2025-04-25T23:39:27.061+0000] {processor.py:914} INFO - Processing file /home/airflow/.local/lib/python3.12/site-packages/airflow/example_dags/example_branch_day_of_week_operator.py for tasks to queue
[2025-04-25T23:39:27.067+0000] {logging_mixin.py:190} INFO - [2025-04-25T23:39:27.066+0000] {dagbag.py:588} INFO - Filling up the DagBag from /home/airflow/.local/lib/python3.12/site-packages/airflow/example_dags/example_branch_day_of_week_operator.py
[2025-04-25T23:39:27.735+0000] {processor.py:925} INFO - DAG(s) 'example_weekday_branch_operator' retrieved from /home/airflow/.local/lib/python3.12/site-packages/airflow/example_dags/example_branch_day_of_week_operator.py
[2025-04-25T23:39:28.294+0000] {logging_mixin.py:190} INFO - [2025-04-25T23:39:28.293+0000] {dag.py:3239} INFO - Sync 1 DAGs
[2025-04-25T23:39:30.024+0000] {logging_mixin.py:190} INFO - [2025-04-25T23:39:30.023+0000] {dag.py:4180} INFO - Setting next_dagrun for example_weekday_branch_operator to 2025-04-24 00:00:00+00:00, run_after=2025-04-25 00:00:00+00:00
[2025-04-25T23:39:31.322+0000] {processor.py:208} INFO - Processing /home/airflow/.local/lib/python3.12/site-packages/airflow/example_dags/example_branch_day_of_week_operator.py took 4.405 seconds
[2025-04-25T23:40:02.802+0000] {processor.py:186} INFO - Started process (PID=355) to work on /home/airflow/.local/lib/python3.12/site-packages/airflow/example_dags/example_branch_day_of_week_operator.py
[2025-04-25T23:40:02.805+0000] {processor.py:914} INFO - Processing file /home/airflow/.local/lib/python3.12/site-packages/airflow/example_dags/example_branch_day_of_week_operator.py for tasks to queue
[2025-04-25T23:40:02.812+0000] {logging_mixin.py:190} INFO - [2025-04-25T23:40:02.811+0000] {dagbag.py:588} INFO - Filling up the DagBag from /home/airflow/.local/lib/python3.12/site-packages/airflow/example_dags/example_branch_day_of_week_operator.py
[2025-04-25T23:40:02.842+0000] {processor.py:925} INFO - DAG(s) 'example_weekday_branch_operator' retrieved from /home/airflow/.local/lib/python3.12/site-packages/airflow/example_dags/example_branch_day_of_week_operator.py
[2025-04-25T23:40:02.912+0000] {logging_mixin.py:190} INFO - [2025-04-25T23:40:02.909+0000] {dag.py:3239} INFO - Sync 1 DAGs
[2025-04-25T23:40:03.082+0000] {logging_mixin.py:190} INFO - [2025-04-25T23:40:03.081+0000] {dag.py:4180} INFO - Setting next_dagrun for example_weekday_branch_operator to 2025-04-24 00:00:00+00:00, run_after=2025-04-25 00:00:00+00:00
[2025-04-25T23:40:03.147+0000] {processor.py:208} INFO - Processing /home/airflow/.local/lib/python3.12/site-packages/airflow/example_dags/example_branch_day_of_week_operator.py took 0.374 seconds
[2025-04-25T23:40:34.935+0000] {processor.py:186} INFO - Started process (PID=418) to work on /home/airflow/.local/lib/python3.12/site-packages/airflow/example_dags/example_branch_day_of_week_operator.py
[2025-04-25T23:40:34.939+0000] {processor.py:914} INFO - Processing file /home/airflow/.local/lib/python3.12/site-packages/airflow/example_dags/example_branch_day_of_week_operator.py for tasks to queue
[2025-04-25T23:40:34.945+0000] {logging_mixin.py:190} INFO - [2025-04-25T23:40:34.945+0000] {dagbag.py:588} INFO - Filling up the DagBag from /home/airflow/.local/lib/python3.12/site-packages/airflow/example_dags/example_branch_day_of_week_operator.py
[2025-04-25T23:40:34.961+0000] {processor.py:925} INFO - DAG(s) 'example_weekday_branch_operator' retrieved from /home/airflow/.local/lib/python3.12/site-packages/airflow/example_dags/example_branch_day_of_week_operator.py
[2025-04-25T23:40:34.991+0000] {logging_mixin.py:190} INFO - [2025-04-25T23:40:34.990+0000] {dag.py:3239} INFO - Sync 1 DAGs
[2025-04-25T23:40:35.035+0000] {logging_mixin.py:190} INFO - [2025-04-25T23:40:35.035+0000] {dag.py:4180} INFO - Setting next_dagrun for example_weekday_branch_operator to 2025-04-24 00:00:00+00:00, run_after=2025-04-25 00:00:00+00:00
[2025-04-25T23:40:35.062+0000] {processor.py:208} INFO - Processing /home/airflow/.local/lib/python3.12/site-packages/airflow/example_dags/example_branch_day_of_week_operator.py took 0.133 seconds
[2025-04-25T23:41:08.186+0000] {processor.py:186} INFO - Started process (PID=481) to work on /home/airflow/.local/lib/python3.12/site-packages/airflow/example_dags/example_branch_day_of_week_operator.py
[2025-04-25T23:41:08.188+0000] {processor.py:914} INFO - Processing file /home/airflow/.local/lib/python3.12/site-packages/airflow/example_dags/example_branch_day_of_week_operator.py for tasks to queue
[2025-04-25T23:41:08.200+0000] {logging_mixin.py:190} INFO - [2025-04-25T23:41:08.199+0000] {dagbag.py:588} INFO - Filling up the DagBag from /home/airflow/.local/lib/python3.12/site-packages/airflow/example_dags/example_branch_day_of_week_operator.py
[2025-04-25T23:41:08.226+0000] {processor.py:925} INFO - DAG(s) 'example_weekday_branch_operator' retrieved from /home/airflow/.local/lib/python3.12/site-packages/airflow/example_dags/example_branch_day_of_week_operator.py
[2025-04-25T23:41:08.269+0000] {logging_mixin.py:190} INFO - [2025-04-25T23:41:08.268+0000] {dag.py:3239} INFO - Sync 1 DAGs
[2025-04-25T23:41:08.321+0000] {logging_mixin.py:190} INFO - [2025-04-25T23:41:08.320+0000] {dag.py:4180} INFO - Setting next_dagrun for example_weekday_branch_operator to 2025-04-24 00:00:00+00:00, run_after=2025-04-25 00:00:00+00:00
[2025-04-25T23:41:08.353+0000] {processor.py:208} INFO - Processing /home/airflow/.local/lib/python3.12/site-packages/airflow/example_dags/example_branch_day_of_week_operator.py took 0.180 seconds
[2025-04-25T23:41:39.173+0000] {processor.py:186} INFO - Started process (PID=543) to work on /home/airflow/.local/lib/python3.12/site-packages/airflow/example_dags/example_branch_day_of_week_operator.py
[2025-04-25T23:41:39.174+0000] {processor.py:914} INFO - Processing file /home/airflow/.local/lib/python3.12/site-packages/airflow/example_dags/example_branch_day_of_week_operator.py for tasks to queue
[2025-04-25T23:41:39.178+0000] {logging_mixin.py:190} INFO - [2025-04-25T23:41:39.177+0000] {dagbag.py:588} INFO - Filling up the DagBag from /home/airflow/.local/lib/python3.12/site-packages/airflow/example_dags/example_branch_day_of_week_operator.py
[2025-04-25T23:41:39.194+0000] {processor.py:925} INFO - DAG(s) 'example_weekday_branch_operator' retrieved from /home/airflow/.local/lib/python3.12/site-packages/airflow/example_dags/example_branch_day_of_week_operator.py
[2025-04-25T23:41:39.227+0000] {logging_mixin.py:190} INFO - [2025-04-25T23:41:39.226+0000] {dag.py:3239} INFO - Sync 1 DAGs
[2025-04-25T23:41:39.271+0000] {logging_mixin.py:190} INFO - [2025-04-25T23:41:39.271+0000] {dag.py:4180} INFO - Setting next_dagrun for example_weekday_branch_operator to 2025-04-24 00:00:00+00:00, run_after=2025-04-25 00:00:00+00:00
[2025-04-25T23:41:39.297+0000] {processor.py:208} INFO - Processing /home/airflow/.local/lib/python3.12/site-packages/airflow/example_dags/example_branch_day_of_week_operator.py took 0.133 seconds
[2025-04-25T23:42:11.022+0000] {processor.py:186} INFO - Started process (PID=606) to work on /home/airflow/.local/lib/python3.12/site-packages/airflow/example_dags/example_branch_day_of_week_operator.py
[2025-04-25T23:42:11.024+0000] {processor.py:914} INFO - Processing file /home/airflow/.local/lib/python3.12/site-packages/airflow/example_dags/example_branch_day_of_week_operator.py for tasks to queue
[2025-04-25T23:42:11.028+0000] {logging_mixin.py:190} INFO - [2025-04-25T23:42:11.028+0000] {dagbag.py:588} INFO - Filling up the DagBag from /home/airflow/.local/lib/python3.12/site-packages/airflow/example_dags/example_branch_day_of_week_operator.py
[2025-04-25T23:42:11.047+0000] {processor.py:925} INFO - DAG(s) 'example_weekday_branch_operator' retrieved from /home/airflow/.local/lib/python3.12/site-packages/airflow/example_dags/example_branch_day_of_week_operator.py
[2025-04-25T23:42:11.095+0000] {logging_mixin.py:190} INFO - [2025-04-25T23:42:11.095+0000] {dag.py:3239} INFO - Sync 1 DAGs
[2025-04-25T23:42:11.137+0000] {logging_mixin.py:190} INFO - [2025-04-25T23:42:11.137+0000] {dag.py:4180} INFO - Setting next_dagrun for example_weekday_branch_operator to 2025-04-24 00:00:00+00:00, run_after=2025-04-25 00:00:00+00:00
[2025-04-25T23:42:11.175+0000] {processor.py:208} INFO - Processing /home/airflow/.local/lib/python3.12/site-packages/airflow/example_dags/example_branch_day_of_week_operator.py took 0.167 seconds
[2025-04-25T23:42:42.335+0000] {processor.py:186} INFO - Started process (PID=669) to work on /home/airflow/.local/lib/python3.12/site-packages/airflow/example_dags/example_branch_day_of_week_operator.py
[2025-04-25T23:42:42.338+0000] {processor.py:914} INFO - Processing file /home/airflow/.local/lib/python3.12/site-packages/airflow/example_dags/example_branch_day_of_week_operator.py for tasks to queue
[2025-04-25T23:42:42.342+0000] {logging_mixin.py:190} INFO - [2025-04-25T23:42:42.341+0000] {dagbag.py:588} INFO - Filling up the DagBag from /home/airflow/.local/lib/python3.12/site-packages/airflow/example_dags/example_branch_day_of_week_operator.py
[2025-04-25T23:42:42.355+0000] {processor.py:925} INFO - DAG(s) 'example_weekday_branch_operator' retrieved from /home/airflow/.local/lib/python3.12/site-packages/airflow/example_dags/example_branch_day_of_week_operator.py
[2025-04-25T23:42:42.403+0000] {logging_mixin.py:190} INFO - [2025-04-25T23:42:42.402+0000] {dag.py:3239} INFO - Sync 1 DAGs
[2025-04-25T23:42:42.442+0000] {logging_mixin.py:190} INFO - [2025-04-25T23:42:42.441+0000] {dag.py:4180} INFO - Setting next_dagrun for example_weekday_branch_operator to 2025-04-24 00:00:00+00:00, run_after=2025-04-25 00:00:00+00:00
[2025-04-25T23:42:42.474+0000] {processor.py:208} INFO - Processing /home/airflow/.local/lib/python3.12/site-packages/airflow/example_dags/example_branch_day_of_week_operator.py took 0.145 seconds
[2025-04-25T23:43:26.744+0000] {processor.py:186} INFO - Started process (PID=739) to work on /home/airflow/.local/lib/python3.12/site-packages/airflow/example_dags/example_branch_day_of_week_operator.py
[2025-04-25T23:43:26.747+0000] {processor.py:914} INFO - Processing file /home/airflow/.local/lib/python3.12/site-packages/airflow/example_dags/example_branch_day_of_week_operator.py for tasks to queue
[2025-04-25T23:43:26.753+0000] {logging_mixin.py:190} INFO - [2025-04-25T23:43:26.753+0000] {dagbag.py:588} INFO - Filling up the DagBag from /home/airflow/.local/lib/python3.12/site-packages/airflow/example_dags/example_branch_day_of_week_operator.py
[2025-04-25T23:43:26.773+0000] {processor.py:925} INFO - DAG(s) 'example_weekday_branch_operator' retrieved from /home/airflow/.local/lib/python3.12/site-packages/airflow/example_dags/example_branch_day_of_week_operator.py
[2025-04-25T23:43:26.838+0000] {logging_mixin.py:190} INFO - [2025-04-25T23:43:26.837+0000] {dag.py:3239} INFO - Sync 1 DAGs
[2025-04-25T23:43:26.898+0000] {logging_mixin.py:190} INFO - [2025-04-25T23:43:26.898+0000] {dag.py:4180} INFO - Setting next_dagrun for example_weekday_branch_operator to 2025-04-24 00:00:00+00:00, run_after=2025-04-25 00:00:00+00:00
[2025-04-25T23:43:26.946+0000] {processor.py:208} INFO - Processing /home/airflow/.local/lib/python3.12/site-packages/airflow/example_dags/example_branch_day_of_week_operator.py took 0.242 seconds
[2025-04-25T23:43:57.655+0000] {processor.py:186} INFO - Started process (PID=802) to work on /home/airflow/.local/lib/python3.12/site-packages/airflow/example_dags/example_branch_day_of_week_operator.py
[2025-04-25T23:43:57.657+0000] {processor.py:914} INFO - Processing file /home/airflow/.local/lib/python3.12/site-packages/airflow/example_dags/example_branch_day_of_week_operator.py for tasks to queue
[2025-04-25T23:43:57.660+0000] {logging_mixin.py:190} INFO - [2025-04-25T23:43:57.659+0000] {dagbag.py:588} INFO - Filling up the DagBag from /home/airflow/.local/lib/python3.12/site-packages/airflow/example_dags/example_branch_day_of_week_operator.py
[2025-04-25T23:43:57.672+0000] {processor.py:925} INFO - DAG(s) 'example_weekday_branch_operator' retrieved from /home/airflow/.local/lib/python3.12/site-packages/airflow/example_dags/example_branch_day_of_week_operator.py
[2025-04-25T23:43:57.697+0000] {logging_mixin.py:190} INFO - [2025-04-25T23:43:57.697+0000] {dag.py:3239} INFO - Sync 1 DAGs
[2025-04-25T23:43:57.731+0000] {logging_mixin.py:190} INFO - [2025-04-25T23:43:57.730+0000] {dag.py:4180} INFO - Setting next_dagrun for example_weekday_branch_operator to 2025-04-24 00:00:00+00:00, run_after=2025-04-25 00:00:00+00:00
[2025-04-25T23:43:57.761+0000] {processor.py:208} INFO - Processing /home/airflow/.local/lib/python3.12/site-packages/airflow/example_dags/example_branch_day_of_week_operator.py took 0.116 seconds
[2025-04-25T23:44:28.060+0000] {processor.py:186} INFO - Started process (PID=865) to work on /home/airflow/.local/lib/python3.12/site-packages/airflow/example_dags/example_branch_day_of_week_operator.py
[2025-04-25T23:44:28.061+0000] {processor.py:914} INFO - Processing file /home/airflow/.local/lib/python3.12/site-packages/airflow/example_dags/example_branch_day_of_week_operator.py for tasks to queue
[2025-04-25T23:44:28.066+0000] {logging_mixin.py:190} INFO - [2025-04-25T23:44:28.065+0000] {dagbag.py:588} INFO - Filling up the DagBag from /home/airflow/.local/lib/python3.12/site-packages/airflow/example_dags/example_branch_day_of_week_operator.py
[2025-04-25T23:44:28.079+0000] {processor.py:925} INFO - DAG(s) 'example_weekday_branch_operator' retrieved from /home/airflow/.local/lib/python3.12/site-packages/airflow/example_dags/example_branch_day_of_week_operator.py
[2025-04-25T23:44:28.104+0000] {logging_mixin.py:190} INFO - [2025-04-25T23:44:28.104+0000] {dag.py:3239} INFO - Sync 1 DAGs
[2025-04-25T23:44:28.136+0000] {logging_mixin.py:190} INFO - [2025-04-25T23:44:28.135+0000] {dag.py:4180} INFO - Setting next_dagrun for example_weekday_branch_operator to 2025-04-24 00:00:00+00:00, run_after=2025-04-25 00:00:00+00:00
[2025-04-25T23:44:28.165+0000] {processor.py:208} INFO - Processing /home/airflow/.local/lib/python3.12/site-packages/airflow/example_dags/example_branch_day_of_week_operator.py took 0.115 seconds
[2025-04-25T23:44:58.408+0000] {processor.py:186} INFO - Started process (PID=928) to work on /home/airflow/.local/lib/python3.12/site-packages/airflow/example_dags/example_branch_day_of_week_operator.py
[2025-04-25T23:44:58.409+0000] {processor.py:914} INFO - Processing file /home/airflow/.local/lib/python3.12/site-packages/airflow/example_dags/example_branch_day_of_week_operator.py for tasks to queue
[2025-04-25T23:44:58.415+0000] {logging_mixin.py:190} INFO - [2025-04-25T23:44:58.414+0000] {dagbag.py:588} INFO - Filling up the DagBag from /home/airflow/.local/lib/python3.12/site-packages/airflow/example_dags/example_branch_day_of_week_operator.py
[2025-04-25T23:44:58.433+0000] {processor.py:925} INFO - DAG(s) 'example_weekday_branch_operator' retrieved from /home/airflow/.local/lib/python3.12/site-packages/airflow/example_dags/example_branch_day_of_week_operator.py
[2025-04-25T23:44:58.470+0000] {logging_mixin.py:190} INFO - [2025-04-25T23:44:58.469+0000] {dag.py:3239} INFO - Sync 1 DAGs
[2025-04-25T23:44:58.516+0000] {logging_mixin.py:190} INFO - [2025-04-25T23:44:58.515+0000] {dag.py:4180} INFO - Setting next_dagrun for example_weekday_branch_operator to 2025-04-24 00:00:00+00:00, run_after=2025-04-25 00:00:00+00:00
[2025-04-25T23:44:58.557+0000] {processor.py:208} INFO - Processing /home/airflow/.local/lib/python3.12/site-packages/airflow/example_dags/example_branch_day_of_week_operator.py took 0.157 seconds
[2025-04-25T23:45:28.849+0000] {processor.py:186} INFO - Started process (PID=991) to work on /home/airflow/.local/lib/python3.12/site-packages/airflow/example_dags/example_branch_day_of_week_operator.py
[2025-04-25T23:45:28.850+0000] {processor.py:914} INFO - Processing file /home/airflow/.local/lib/python3.12/site-packages/airflow/example_dags/example_branch_day_of_week_operator.py for tasks to queue
[2025-04-25T23:45:28.855+0000] {logging_mixin.py:190} INFO - [2025-04-25T23:45:28.854+0000] {dagbag.py:588} INFO - Filling up the DagBag from /home/airflow/.local/lib/python3.12/site-packages/airflow/example_dags/example_branch_day_of_week_operator.py
[2025-04-25T23:45:28.871+0000] {processor.py:925} INFO - DAG(s) 'example_weekday_branch_operator' retrieved from /home/airflow/.local/lib/python3.12/site-packages/airflow/example_dags/example_branch_day_of_week_operator.py
[2025-04-25T23:45:28.915+0000] {logging_mixin.py:190} INFO - [2025-04-25T23:45:28.915+0000] {dag.py:3239} INFO - Sync 1 DAGs
[2025-04-25T23:45:28.954+0000] {logging_mixin.py:190} INFO - [2025-04-25T23:45:28.954+0000] {dag.py:4180} INFO - Setting next_dagrun for example_weekday_branch_operator to 2025-04-24 00:00:00+00:00, run_after=2025-04-25 00:00:00+00:00
[2025-04-25T23:45:28.981+0000] {processor.py:208} INFO - Processing /home/airflow/.local/lib/python3.12/site-packages/airflow/example_dags/example_branch_day_of_week_operator.py took 0.139 seconds
[2025-04-25T23:45:59.549+0000] {processor.py:186} INFO - Started process (PID=1053) to work on /home/airflow/.local/lib/python3.12/site-packages/airflow/example_dags/example_branch_day_of_week_operator.py
[2025-04-25T23:45:59.552+0000] {processor.py:914} INFO - Processing file /home/airflow/.local/lib/python3.12/site-packages/airflow/example_dags/example_branch_day_of_week_operator.py for tasks to queue
[2025-04-25T23:45:59.556+0000] {logging_mixin.py:190} INFO - [2025-04-25T23:45:59.556+0000] {dagbag.py:588} INFO - Filling up the DagBag from /home/airflow/.local/lib/python3.12/site-packages/airflow/example_dags/example_branch_day_of_week_operator.py
[2025-04-25T23:45:59.591+0000] {processor.py:925} INFO - DAG(s) 'example_weekday_branch_operator' retrieved from /home/airflow/.local/lib/python3.12/site-packages/airflow/example_dags/example_branch_day_of_week_operator.py
[2025-04-25T23:45:59.654+0000] {logging_mixin.py:190} INFO - [2025-04-25T23:45:59.653+0000] {dag.py:3239} INFO - Sync 1 DAGs
[2025-04-25T23:45:59.720+0000] {logging_mixin.py:190} INFO - [2025-04-25T23:45:59.719+0000] {dag.py:4180} INFO - Setting next_dagrun for example_weekday_branch_operator to 2025-04-24 00:00:00+00:00, run_after=2025-04-25 00:00:00+00:00
[2025-04-25T23:45:59.784+0000] {processor.py:208} INFO - Processing /home/airflow/.local/lib/python3.12/site-packages/airflow/example_dags/example_branch_day_of_week_operator.py took 0.251 seconds
[2025-04-25T23:46:44.000+0000] {processor.py:186} INFO - Started process (PID=1115) to work on /home/airflow/.local/lib/python3.12/site-packages/airflow/example_dags/example_branch_day_of_week_operator.py
[2025-04-25T23:46:44.109+0000] {processor.py:914} INFO - Processing file /home/airflow/.local/lib/python3.12/site-packages/airflow/example_dags/example_branch_day_of_week_operator.py for tasks to queue
[2025-04-25T23:46:44.115+0000] {logging_mixin.py:190} INFO - [2025-04-25T23:46:44.114+0000] {dagbag.py:588} INFO - Filling up the DagBag from /home/airflow/.local/lib/python3.12/site-packages/airflow/example_dags/example_branch_day_of_week_operator.py
[2025-04-25T23:46:44.199+0000] {processor.py:925} INFO - DAG(s) 'example_weekday_branch_operator' retrieved from /home/airflow/.local/lib/python3.12/site-packages/airflow/example_dags/example_branch_day_of_week_operator.py
[2025-04-25T23:46:44.292+0000] {logging_mixin.py:190} INFO - [2025-04-25T23:46:44.291+0000] {dag.py:3239} INFO - Sync 1 DAGs
[2025-04-25T23:46:44.363+0000] {logging_mixin.py:190} INFO - [2025-04-25T23:46:44.363+0000] {dag.py:4180} INFO - Setting next_dagrun for example_weekday_branch_operator to 2025-04-24 00:00:00+00:00, run_after=2025-04-25 00:00:00+00:00
[2025-04-25T23:46:44.430+0000] {processor.py:208} INFO - Processing /home/airflow/.local/lib/python3.12/site-packages/airflow/example_dags/example_branch_day_of_week_operator.py took 0.485 seconds
[2025-04-25T23:47:14.964+0000] {processor.py:186} INFO - Started process (PID=1178) to work on /home/airflow/.local/lib/python3.12/site-packages/airflow/example_dags/example_branch_day_of_week_operator.py
[2025-04-25T23:47:14.966+0000] {processor.py:914} INFO - Processing file /home/airflow/.local/lib/python3.12/site-packages/airflow/example_dags/example_branch_day_of_week_operator.py for tasks to queue
[2025-04-25T23:47:14.977+0000] {logging_mixin.py:190} INFO - [2025-04-25T23:47:14.972+0000] {dagbag.py:588} INFO - Filling up the DagBag from /home/airflow/.local/lib/python3.12/site-packages/airflow/example_dags/example_branch_day_of_week_operator.py
[2025-04-25T23:47:15.010+0000] {processor.py:925} INFO - DAG(s) 'example_weekday_branch_operator' retrieved from /home/airflow/.local/lib/python3.12/site-packages/airflow/example_dags/example_branch_day_of_week_operator.py
[2025-04-25T23:47:15.059+0000] {logging_mixin.py:190} INFO - [2025-04-25T23:47:15.059+0000] {dag.py:3239} INFO - Sync 1 DAGs
[2025-04-25T23:47:15.109+0000] {logging_mixin.py:190} INFO - [2025-04-25T23:47:15.109+0000] {dag.py:4180} INFO - Setting next_dagrun for example_weekday_branch_operator to 2025-04-24 00:00:00+00:00, run_after=2025-04-25 00:00:00+00:00
[2025-04-25T23:47:15.146+0000] {processor.py:208} INFO - Processing /home/airflow/.local/lib/python3.12/site-packages/airflow/example_dags/example_branch_day_of_week_operator.py took 0.193 seconds
[2025-04-25T23:47:45.272+0000] {processor.py:186} INFO - Started process (PID=1239) to work on /home/airflow/.local/lib/python3.12/site-packages/airflow/example_dags/example_branch_day_of_week_operator.py
[2025-04-25T23:47:45.278+0000] {processor.py:914} INFO - Processing file /home/airflow/.local/lib/python3.12/site-packages/airflow/example_dags/example_branch_day_of_week_operator.py for tasks to queue
[2025-04-25T23:47:45.296+0000] {logging_mixin.py:190} INFO - [2025-04-25T23:47:45.285+0000] {dagbag.py:588} INFO - Filling up the DagBag from /home/airflow/.local/lib/python3.12/site-packages/airflow/example_dags/example_branch_day_of_week_operator.py
[2025-04-25T23:47:45.458+0000] {processor.py:925} INFO - DAG(s) 'example_weekday_branch_operator' retrieved from /home/airflow/.local/lib/python3.12/site-packages/airflow/example_dags/example_branch_day_of_week_operator.py
[2025-04-25T23:47:45.595+0000] {logging_mixin.py:190} INFO - [2025-04-25T23:47:45.593+0000] {dag.py:3239} INFO - Sync 1 DAGs
[2025-04-25T23:47:45.730+0000] {logging_mixin.py:190} INFO - [2025-04-25T23:47:45.730+0000] {dag.py:4180} INFO - Setting next_dagrun for example_weekday_branch_operator to 2025-04-24 00:00:00+00:00, run_after=2025-04-25 00:00:00+00:00
[2025-04-25T23:47:45.888+0000] {processor.py:208} INFO - Processing /home/airflow/.local/lib/python3.12/site-packages/airflow/example_dags/example_branch_day_of_week_operator.py took 0.642 seconds
[2025-04-25T23:48:16.278+0000] {processor.py:186} INFO - Started process (PID=1302) to work on /home/airflow/.local/lib/python3.12/site-packages/airflow/example_dags/example_branch_day_of_week_operator.py
[2025-04-25T23:48:16.279+0000] {processor.py:914} INFO - Processing file /home/airflow/.local/lib/python3.12/site-packages/airflow/example_dags/example_branch_day_of_week_operator.py for tasks to queue
[2025-04-25T23:48:16.283+0000] {logging_mixin.py:190} INFO - [2025-04-25T23:48:16.282+0000] {dagbag.py:588} INFO - Filling up the DagBag from /home/airflow/.local/lib/python3.12/site-packages/airflow/example_dags/example_branch_day_of_week_operator.py
[2025-04-25T23:48:16.313+0000] {processor.py:925} INFO - DAG(s) 'example_weekday_branch_operator' retrieved from /home/airflow/.local/lib/python3.12/site-packages/airflow/example_dags/example_branch_day_of_week_operator.py
[2025-04-25T23:48:16.360+0000] {logging_mixin.py:190} INFO - [2025-04-25T23:48:16.360+0000] {dag.py:3239} INFO - Sync 1 DAGs
[2025-04-25T23:48:16.414+0000] {logging_mixin.py:190} INFO - [2025-04-25T23:48:16.414+0000] {dag.py:4180} INFO - Setting next_dagrun for example_weekday_branch_operator to 2025-04-24 00:00:00+00:00, run_after=2025-04-25 00:00:00+00:00
[2025-04-25T23:48:16.455+0000] {processor.py:208} INFO - Processing /home/airflow/.local/lib/python3.12/site-packages/airflow/example_dags/example_branch_day_of_week_operator.py took 0.194 seconds
[2025-04-25T23:48:47.129+0000] {processor.py:186} INFO - Started process (PID=1365) to work on /home/airflow/.local/lib/python3.12/site-packages/airflow/example_dags/example_branch_day_of_week_operator.py
[2025-04-25T23:48:47.131+0000] {processor.py:914} INFO - Processing file /home/airflow/.local/lib/python3.12/site-packages/airflow/example_dags/example_branch_day_of_week_operator.py for tasks to queue
[2025-04-25T23:48:47.137+0000] {logging_mixin.py:190} INFO - [2025-04-25T23:48:47.136+0000] {dagbag.py:588} INFO - Filling up the DagBag from /home/airflow/.local/lib/python3.12/site-packages/airflow/example_dags/example_branch_day_of_week_operator.py
[2025-04-25T23:48:47.178+0000] {processor.py:925} INFO - DAG(s) 'example_weekday_branch_operator' retrieved from /home/airflow/.local/lib/python3.12/site-packages/airflow/example_dags/example_branch_day_of_week_operator.py
[2025-04-25T23:48:47.246+0000] {logging_mixin.py:190} INFO - [2025-04-25T23:48:47.245+0000] {dag.py:3239} INFO - Sync 1 DAGs
[2025-04-25T23:48:47.323+0000] {logging_mixin.py:190} INFO - [2025-04-25T23:48:47.322+0000] {dag.py:4180} INFO - Setting next_dagrun for example_weekday_branch_operator to 2025-04-24 00:00:00+00:00, run_after=2025-04-25 00:00:00+00:00
[2025-04-25T23:48:47.370+0000] {processor.py:208} INFO - Processing /home/airflow/.local/lib/python3.12/site-packages/airflow/example_dags/example_branch_day_of_week_operator.py took 0.253 seconds
[2025-04-25T23:49:17.426+0000] {processor.py:186} INFO - Started process (PID=1427) to work on /home/airflow/.local/lib/python3.12/site-packages/airflow/example_dags/example_branch_day_of_week_operator.py
[2025-04-25T23:49:17.427+0000] {processor.py:914} INFO - Processing file /home/airflow/.local/lib/python3.12/site-packages/airflow/example_dags/example_branch_day_of_week_operator.py for tasks to queue
[2025-04-25T23:49:17.430+0000] {logging_mixin.py:190} INFO - [2025-04-25T23:49:17.429+0000] {dagbag.py:588} INFO - Filling up the DagBag from /home/airflow/.local/lib/python3.12/site-packages/airflow/example_dags/example_branch_day_of_week_operator.py
[2025-04-25T23:49:17.443+0000] {processor.py:925} INFO - DAG(s) 'example_weekday_branch_operator' retrieved from /home/airflow/.local/lib/python3.12/site-packages/airflow/example_dags/example_branch_day_of_week_operator.py
[2025-04-25T23:49:17.470+0000] {logging_mixin.py:190} INFO - [2025-04-25T23:49:17.469+0000] {dag.py:3239} INFO - Sync 1 DAGs
[2025-04-25T23:49:17.502+0000] {logging_mixin.py:190} INFO - [2025-04-25T23:49:17.502+0000] {dag.py:4180} INFO - Setting next_dagrun for example_weekday_branch_operator to 2025-04-24 00:00:00+00:00, run_after=2025-04-25 00:00:00+00:00
[2025-04-25T23:49:17.532+0000] {processor.py:208} INFO - Processing /home/airflow/.local/lib/python3.12/site-packages/airflow/example_dags/example_branch_day_of_week_operator.py took 0.115 seconds
[2025-04-25T23:49:48.474+0000] {processor.py:186} INFO - Started process (PID=1492) to work on /home/airflow/.local/lib/python3.12/site-packages/airflow/example_dags/example_branch_day_of_week_operator.py
[2025-04-25T23:49:48.475+0000] {processor.py:914} INFO - Processing file /home/airflow/.local/lib/python3.12/site-packages/airflow/example_dags/example_branch_day_of_week_operator.py for tasks to queue
[2025-04-25T23:49:48.478+0000] {logging_mixin.py:190} INFO - [2025-04-25T23:49:48.477+0000] {dagbag.py:588} INFO - Filling up the DagBag from /home/airflow/.local/lib/python3.12/site-packages/airflow/example_dags/example_branch_day_of_week_operator.py
[2025-04-25T23:49:48.490+0000] {processor.py:925} INFO - DAG(s) 'example_weekday_branch_operator' retrieved from /home/airflow/.local/lib/python3.12/site-packages/airflow/example_dags/example_branch_day_of_week_operator.py
[2025-04-25T23:49:48.520+0000] {logging_mixin.py:190} INFO - [2025-04-25T23:49:48.520+0000] {dag.py:3239} INFO - Sync 1 DAGs
[2025-04-25T23:49:48.557+0000] {logging_mixin.py:190} INFO - [2025-04-25T23:49:48.557+0000] {dag.py:4180} INFO - Setting next_dagrun for example_weekday_branch_operator to 2025-04-24 00:00:00+00:00, run_after=2025-04-25 00:00:00+00:00
[2025-04-25T23:49:48.581+0000] {processor.py:208} INFO - Processing /home/airflow/.local/lib/python3.12/site-packages/airflow/example_dags/example_branch_day_of_week_operator.py took 0.115 seconds
[2025-04-25T23:50:20.131+0000] {processor.py:186} INFO - Started process (PID=1558) to work on /home/airflow/.local/lib/python3.12/site-packages/airflow/example_dags/example_branch_day_of_week_operator.py
[2025-04-25T23:50:20.137+0000] {processor.py:914} INFO - Processing file /home/airflow/.local/lib/python3.12/site-packages/airflow/example_dags/example_branch_day_of_week_operator.py for tasks to queue
[2025-04-25T23:50:20.143+0000] {logging_mixin.py:190} INFO - [2025-04-25T23:50:20.142+0000] {dagbag.py:588} INFO - Filling up the DagBag from /home/airflow/.local/lib/python3.12/site-packages/airflow/example_dags/example_branch_day_of_week_operator.py
[2025-04-25T23:50:20.189+0000] {processor.py:925} INFO - DAG(s) 'example_weekday_branch_operator' retrieved from /home/airflow/.local/lib/python3.12/site-packages/airflow/example_dags/example_branch_day_of_week_operator.py
[2025-04-25T23:50:20.227+0000] {logging_mixin.py:190} INFO - [2025-04-25T23:50:20.227+0000] {dag.py:3239} INFO - Sync 1 DAGs
[2025-04-25T23:50:20.280+0000] {logging_mixin.py:190} INFO - [2025-04-25T23:50:20.280+0000] {dag.py:4180} INFO - Setting next_dagrun for example_weekday_branch_operator to 2025-04-24 00:00:00+00:00, run_after=2025-04-25 00:00:00+00:00
[2025-04-25T23:50:20.324+0000] {processor.py:208} INFO - Processing /home/airflow/.local/lib/python3.12/site-packages/airflow/example_dags/example_branch_day_of_week_operator.py took 0.207 seconds
[2025-04-25T23:50:50.666+0000] {processor.py:186} INFO - Started process (PID=1621) to work on /home/airflow/.local/lib/python3.12/site-packages/airflow/example_dags/example_branch_day_of_week_operator.py
[2025-04-25T23:50:50.671+0000] {processor.py:914} INFO - Processing file /home/airflow/.local/lib/python3.12/site-packages/airflow/example_dags/example_branch_day_of_week_operator.py for tasks to queue
[2025-04-25T23:50:50.679+0000] {logging_mixin.py:190} INFO - [2025-04-25T23:50:50.679+0000] {dagbag.py:588} INFO - Filling up the DagBag from /home/airflow/.local/lib/python3.12/site-packages/airflow/example_dags/example_branch_day_of_week_operator.py
[2025-04-25T23:50:50.708+0000] {processor.py:925} INFO - DAG(s) 'example_weekday_branch_operator' retrieved from /home/airflow/.local/lib/python3.12/site-packages/airflow/example_dags/example_branch_day_of_week_operator.py
[2025-04-25T23:50:50.804+0000] {logging_mixin.py:190} INFO - [2025-04-25T23:50:50.804+0000] {dag.py:3239} INFO - Sync 1 DAGs
[2025-04-25T23:50:50.836+0000] {logging_mixin.py:190} INFO - [2025-04-25T23:50:50.836+0000] {dag.py:4180} INFO - Setting next_dagrun for example_weekday_branch_operator to 2025-04-24 00:00:00+00:00, run_after=2025-04-25 00:00:00+00:00
[2025-04-25T23:50:50.863+0000] {processor.py:208} INFO - Processing /home/airflow/.local/lib/python3.12/site-packages/airflow/example_dags/example_branch_day_of_week_operator.py took 0.205 seconds
[2025-04-25T23:51:26.929+0000] {processor.py:186} INFO - Started process (PID=1688) to work on /home/airflow/.local/lib/python3.12/site-packages/airflow/example_dags/example_branch_day_of_week_operator.py
[2025-04-25T23:51:26.931+0000] {processor.py:914} INFO - Processing file /home/airflow/.local/lib/python3.12/site-packages/airflow/example_dags/example_branch_day_of_week_operator.py for tasks to queue
[2025-04-25T23:51:26.938+0000] {logging_mixin.py:190} INFO - [2025-04-25T23:51:26.937+0000] {dagbag.py:588} INFO - Filling up the DagBag from /home/airflow/.local/lib/python3.12/site-packages/airflow/example_dags/example_branch_day_of_week_operator.py
[2025-04-25T23:51:26.978+0000] {processor.py:925} INFO - DAG(s) 'example_weekday_branch_operator' retrieved from /home/airflow/.local/lib/python3.12/site-packages/airflow/example_dags/example_branch_day_of_week_operator.py
[2025-04-25T23:51:27.092+0000] {logging_mixin.py:190} INFO - [2025-04-25T23:51:27.090+0000] {dag.py:3239} INFO - Sync 1 DAGs
[2025-04-25T23:51:27.148+0000] {logging_mixin.py:190} INFO - [2025-04-25T23:51:27.148+0000] {dag.py:4180} INFO - Setting next_dagrun for example_weekday_branch_operator to 2025-04-24 00:00:00+00:00, run_after=2025-04-25 00:00:00+00:00
[2025-04-25T23:51:27.209+0000] {processor.py:208} INFO - Processing /home/airflow/.local/lib/python3.12/site-packages/airflow/example_dags/example_branch_day_of_week_operator.py took 0.295 seconds
[2025-04-25T23:51:57.358+0000] {processor.py:186} INFO - Started process (PID=1751) to work on /home/airflow/.local/lib/python3.12/site-packages/airflow/example_dags/example_branch_day_of_week_operator.py
[2025-04-25T23:51:57.363+0000] {processor.py:914} INFO - Processing file /home/airflow/.local/lib/python3.12/site-packages/airflow/example_dags/example_branch_day_of_week_operator.py for tasks to queue
[2025-04-25T23:51:57.366+0000] {logging_mixin.py:190} INFO - [2025-04-25T23:51:57.366+0000] {dagbag.py:588} INFO - Filling up the DagBag from /home/airflow/.local/lib/python3.12/site-packages/airflow/example_dags/example_branch_day_of_week_operator.py
[2025-04-25T23:51:57.378+0000] {processor.py:925} INFO - DAG(s) 'example_weekday_branch_operator' retrieved from /home/airflow/.local/lib/python3.12/site-packages/airflow/example_dags/example_branch_day_of_week_operator.py
[2025-04-25T23:51:57.409+0000] {logging_mixin.py:190} INFO - [2025-04-25T23:51:57.409+0000] {dag.py:3239} INFO - Sync 1 DAGs
[2025-04-25T23:51:57.448+0000] {logging_mixin.py:190} INFO - [2025-04-25T23:51:57.448+0000] {dag.py:4180} INFO - Setting next_dagrun for example_weekday_branch_operator to 2025-04-24 00:00:00+00:00, run_after=2025-04-25 00:00:00+00:00
[2025-04-25T23:51:57.477+0000] {processor.py:208} INFO - Processing /home/airflow/.local/lib/python3.12/site-packages/airflow/example_dags/example_branch_day_of_week_operator.py took 0.127 seconds
[2025-04-25T23:52:27.970+0000] {processor.py:186} INFO - Started process (PID=1815) to work on /home/airflow/.local/lib/python3.12/site-packages/airflow/example_dags/example_branch_day_of_week_operator.py
[2025-04-25T23:52:27.971+0000] {processor.py:914} INFO - Processing file /home/airflow/.local/lib/python3.12/site-packages/airflow/example_dags/example_branch_day_of_week_operator.py for tasks to queue
[2025-04-25T23:52:27.976+0000] {logging_mixin.py:190} INFO - [2025-04-25T23:52:27.975+0000] {dagbag.py:588} INFO - Filling up the DagBag from /home/airflow/.local/lib/python3.12/site-packages/airflow/example_dags/example_branch_day_of_week_operator.py
[2025-04-25T23:52:27.990+0000] {processor.py:925} INFO - DAG(s) 'example_weekday_branch_operator' retrieved from /home/airflow/.local/lib/python3.12/site-packages/airflow/example_dags/example_branch_day_of_week_operator.py
[2025-04-25T23:52:28.032+0000] {logging_mixin.py:190} INFO - [2025-04-25T23:52:28.031+0000] {dag.py:3239} INFO - Sync 1 DAGs
[2025-04-25T23:52:28.078+0000] {logging_mixin.py:190} INFO - [2025-04-25T23:52:28.077+0000] {dag.py:4180} INFO - Setting next_dagrun for example_weekday_branch_operator to 2025-04-24 00:00:00+00:00, run_after=2025-04-25 00:00:00+00:00
[2025-04-25T23:52:28.112+0000] {processor.py:208} INFO - Processing /home/airflow/.local/lib/python3.12/site-packages/airflow/example_dags/example_branch_day_of_week_operator.py took 0.152 seconds
[2025-04-25T23:52:58.514+0000] {processor.py:186} INFO - Started process (PID=1879) to work on /home/airflow/.local/lib/python3.12/site-packages/airflow/example_dags/example_branch_day_of_week_operator.py
[2025-04-25T23:52:58.516+0000] {processor.py:914} INFO - Processing file /home/airflow/.local/lib/python3.12/site-packages/airflow/example_dags/example_branch_day_of_week_operator.py for tasks to queue
[2025-04-25T23:52:58.527+0000] {logging_mixin.py:190} INFO - [2025-04-25T23:52:58.526+0000] {dagbag.py:588} INFO - Filling up the DagBag from /home/airflow/.local/lib/python3.12/site-packages/airflow/example_dags/example_branch_day_of_week_operator.py
[2025-04-25T23:52:58.542+0000] {processor.py:925} INFO - DAG(s) 'example_weekday_branch_operator' retrieved from /home/airflow/.local/lib/python3.12/site-packages/airflow/example_dags/example_branch_day_of_week_operator.py
[2025-04-25T23:52:58.583+0000] {logging_mixin.py:190} INFO - [2025-04-25T23:52:58.583+0000] {dag.py:3239} INFO - Sync 1 DAGs
[2025-04-25T23:52:58.611+0000] {logging_mixin.py:190} INFO - [2025-04-25T23:52:58.611+0000] {dag.py:4180} INFO - Setting next_dagrun for example_weekday_branch_operator to 2025-04-24 00:00:00+00:00, run_after=2025-04-25 00:00:00+00:00
[2025-04-25T23:52:58.637+0000] {processor.py:208} INFO - Processing /home/airflow/.local/lib/python3.12/site-packages/airflow/example_dags/example_branch_day_of_week_operator.py took 0.133 seconds
[2025-04-25T23:53:30.652+0000] {processor.py:186} INFO - Started process (PID=1950) to work on /home/airflow/.local/lib/python3.12/site-packages/airflow/example_dags/example_branch_day_of_week_operator.py
[2025-04-25T23:53:30.661+0000] {processor.py:914} INFO - Processing file /home/airflow/.local/lib/python3.12/site-packages/airflow/example_dags/example_branch_day_of_week_operator.py for tasks to queue
[2025-04-25T23:53:30.667+0000] {logging_mixin.py:190} INFO - [2025-04-25T23:53:30.666+0000] {dagbag.py:588} INFO - Filling up the DagBag from /home/airflow/.local/lib/python3.12/site-packages/airflow/example_dags/example_branch_day_of_week_operator.py
[2025-04-25T23:53:30.713+0000] {processor.py:925} INFO - DAG(s) 'example_weekday_branch_operator' retrieved from /home/airflow/.local/lib/python3.12/site-packages/airflow/example_dags/example_branch_day_of_week_operator.py
[2025-04-25T23:53:30.827+0000] {logging_mixin.py:190} INFO - [2025-04-25T23:53:30.826+0000] {dag.py:3239} INFO - Sync 1 DAGs
[2025-04-25T23:53:30.915+0000] {logging_mixin.py:190} INFO - [2025-04-25T23:53:30.914+0000] {dag.py:4180} INFO - Setting next_dagrun for example_weekday_branch_operator to 2025-04-24 00:00:00+00:00, run_after=2025-04-25 00:00:00+00:00
[2025-04-25T23:53:30.951+0000] {processor.py:208} INFO - Processing /home/airflow/.local/lib/python3.12/site-packages/airflow/example_dags/example_branch_day_of_week_operator.py took 0.331 seconds
[2025-04-25T23:54:02.795+0000] {processor.py:186} INFO - Started process (PID=2014) to work on /home/airflow/.local/lib/python3.12/site-packages/airflow/example_dags/example_branch_day_of_week_operator.py
[2025-04-25T23:54:02.816+0000] {processor.py:914} INFO - Processing file /home/airflow/.local/lib/python3.12/site-packages/airflow/example_dags/example_branch_day_of_week_operator.py for tasks to queue
[2025-04-25T23:54:02.834+0000] {logging_mixin.py:190} INFO - [2025-04-25T23:54:02.834+0000] {dagbag.py:588} INFO - Filling up the DagBag from /home/airflow/.local/lib/python3.12/site-packages/airflow/example_dags/example_branch_day_of_week_operator.py
[2025-04-25T23:54:02.872+0000] {processor.py:925} INFO - DAG(s) 'example_weekday_branch_operator' retrieved from /home/airflow/.local/lib/python3.12/site-packages/airflow/example_dags/example_branch_day_of_week_operator.py
[2025-04-25T23:54:02.926+0000] {logging_mixin.py:190} INFO - [2025-04-25T23:54:02.925+0000] {dag.py:3239} INFO - Sync 1 DAGs
[2025-04-25T23:54:02.988+0000] {logging_mixin.py:190} INFO - [2025-04-25T23:54:02.987+0000] {dag.py:4180} INFO - Setting next_dagrun for example_weekday_branch_operator to 2025-04-24 00:00:00+00:00, run_after=2025-04-25 00:00:00+00:00
[2025-04-25T23:54:03.062+0000] {processor.py:208} INFO - Processing /home/airflow/.local/lib/python3.12/site-packages/airflow/example_dags/example_branch_day_of_week_operator.py took 0.278 seconds
[2025-04-25T23:54:33.841+0000] {processor.py:186} INFO - Started process (PID=2078) to work on /home/airflow/.local/lib/python3.12/site-packages/airflow/example_dags/example_branch_day_of_week_operator.py
[2025-04-25T23:54:33.842+0000] {processor.py:914} INFO - Processing file /home/airflow/.local/lib/python3.12/site-packages/airflow/example_dags/example_branch_day_of_week_operator.py for tasks to queue
[2025-04-25T23:54:33.845+0000] {logging_mixin.py:190} INFO - [2025-04-25T23:54:33.845+0000] {dagbag.py:588} INFO - Filling up the DagBag from /home/airflow/.local/lib/python3.12/site-packages/airflow/example_dags/example_branch_day_of_week_operator.py
[2025-04-25T23:54:33.857+0000] {processor.py:925} INFO - DAG(s) 'example_weekday_branch_operator' retrieved from /home/airflow/.local/lib/python3.12/site-packages/airflow/example_dags/example_branch_day_of_week_operator.py
[2025-04-25T23:54:33.888+0000] {logging_mixin.py:190} INFO - [2025-04-25T23:54:33.887+0000] {dag.py:3239} INFO - Sync 1 DAGs
[2025-04-25T23:54:33.919+0000] {logging_mixin.py:190} INFO - [2025-04-25T23:54:33.919+0000] {dag.py:4180} INFO - Setting next_dagrun for example_weekday_branch_operator to 2025-04-24 00:00:00+00:00, run_after=2025-04-25 00:00:00+00:00
[2025-04-25T23:54:33.948+0000] {processor.py:208} INFO - Processing /home/airflow/.local/lib/python3.12/site-packages/airflow/example_dags/example_branch_day_of_week_operator.py took 0.115 seconds
[2025-04-25T23:55:04.134+0000] {processor.py:186} INFO - Started process (PID=2141) to work on /home/airflow/.local/lib/python3.12/site-packages/airflow/example_dags/example_branch_day_of_week_operator.py
[2025-04-25T23:55:04.136+0000] {processor.py:914} INFO - Processing file /home/airflow/.local/lib/python3.12/site-packages/airflow/example_dags/example_branch_day_of_week_operator.py for tasks to queue
[2025-04-25T23:55:04.142+0000] {logging_mixin.py:190} INFO - [2025-04-25T23:55:04.141+0000] {dagbag.py:588} INFO - Filling up the DagBag from /home/airflow/.local/lib/python3.12/site-packages/airflow/example_dags/example_branch_day_of_week_operator.py
[2025-04-25T23:55:04.163+0000] {processor.py:925} INFO - DAG(s) 'example_weekday_branch_operator' retrieved from /home/airflow/.local/lib/python3.12/site-packages/airflow/example_dags/example_branch_day_of_week_operator.py
[2025-04-25T23:55:04.220+0000] {logging_mixin.py:190} INFO - [2025-04-25T23:55:04.219+0000] {dag.py:3239} INFO - Sync 1 DAGs
[2025-04-25T23:55:04.274+0000] {logging_mixin.py:190} INFO - [2025-04-25T23:55:04.273+0000] {dag.py:4180} INFO - Setting next_dagrun for example_weekday_branch_operator to 2025-04-24 00:00:00+00:00, run_after=2025-04-25 00:00:00+00:00
[2025-04-25T23:55:04.310+0000] {processor.py:208} INFO - Processing /home/airflow/.local/lib/python3.12/site-packages/airflow/example_dags/example_branch_day_of_week_operator.py took 0.188 seconds
[2025-04-25T23:55:34.732+0000] {processor.py:186} INFO - Started process (PID=2204) to work on /home/airflow/.local/lib/python3.12/site-packages/airflow/example_dags/example_branch_day_of_week_operator.py
[2025-04-25T23:55:34.733+0000] {processor.py:914} INFO - Processing file /home/airflow/.local/lib/python3.12/site-packages/airflow/example_dags/example_branch_day_of_week_operator.py for tasks to queue
[2025-04-25T23:55:34.736+0000] {logging_mixin.py:190} INFO - [2025-04-25T23:55:34.735+0000] {dagbag.py:588} INFO - Filling up the DagBag from /home/airflow/.local/lib/python3.12/site-packages/airflow/example_dags/example_branch_day_of_week_operator.py
[2025-04-25T23:55:34.748+0000] {processor.py:925} INFO - DAG(s) 'example_weekday_branch_operator' retrieved from /home/airflow/.local/lib/python3.12/site-packages/airflow/example_dags/example_branch_day_of_week_operator.py
[2025-04-25T23:55:34.774+0000] {logging_mixin.py:190} INFO - [2025-04-25T23:55:34.773+0000] {dag.py:3239} INFO - Sync 1 DAGs
[2025-04-25T23:55:34.802+0000] {logging_mixin.py:190} INFO - [2025-04-25T23:55:34.802+0000] {dag.py:4180} INFO - Setting next_dagrun for example_weekday_branch_operator to 2025-04-24 00:00:00+00:00, run_after=2025-04-25 00:00:00+00:00
[2025-04-25T23:55:34.829+0000] {processor.py:208} INFO - Processing /home/airflow/.local/lib/python3.12/site-packages/airflow/example_dags/example_branch_day_of_week_operator.py took 0.105 seconds
[2025-04-25T23:56:06.806+0000] {processor.py:186} INFO - Started process (PID=2266) to work on /home/airflow/.local/lib/python3.12/site-packages/airflow/example_dags/example_branch_day_of_week_operator.py
[2025-04-25T23:56:06.807+0000] {processor.py:914} INFO - Processing file /home/airflow/.local/lib/python3.12/site-packages/airflow/example_dags/example_branch_day_of_week_operator.py for tasks to queue
[2025-04-25T23:56:06.811+0000] {logging_mixin.py:190} INFO - [2025-04-25T23:56:06.810+0000] {dagbag.py:588} INFO - Filling up the DagBag from /home/airflow/.local/lib/python3.12/site-packages/airflow/example_dags/example_branch_day_of_week_operator.py
[2025-04-25T23:56:06.827+0000] {processor.py:925} INFO - DAG(s) 'example_weekday_branch_operator' retrieved from /home/airflow/.local/lib/python3.12/site-packages/airflow/example_dags/example_branch_day_of_week_operator.py
[2025-04-25T23:56:06.958+0000] {logging_mixin.py:190} INFO - [2025-04-25T23:56:06.958+0000] {dag.py:3239} INFO - Sync 1 DAGs
[2025-04-25T23:56:07.017+0000] {logging_mixin.py:190} INFO - [2025-04-25T23:56:07.017+0000] {dag.py:4180} INFO - Setting next_dagrun for example_weekday_branch_operator to 2025-04-24 00:00:00+00:00, run_after=2025-04-25 00:00:00+00:00
[2025-04-25T23:56:07.045+0000] {processor.py:208} INFO - Processing /home/airflow/.local/lib/python3.12/site-packages/airflow/example_dags/example_branch_day_of_week_operator.py took 0.251 seconds
[2025-04-25T23:56:37.654+0000] {processor.py:186} INFO - Started process (PID=2330) to work on /home/airflow/.local/lib/python3.12/site-packages/airflow/example_dags/example_branch_day_of_week_operator.py
[2025-04-25T23:56:37.657+0000] {processor.py:914} INFO - Processing file /home/airflow/.local/lib/python3.12/site-packages/airflow/example_dags/example_branch_day_of_week_operator.py for tasks to queue
[2025-04-25T23:56:37.659+0000] {logging_mixin.py:190} INFO - [2025-04-25T23:56:37.659+0000] {dagbag.py:588} INFO - Filling up the DagBag from /home/airflow/.local/lib/python3.12/site-packages/airflow/example_dags/example_branch_day_of_week_operator.py
[2025-04-25T23:56:37.673+0000] {processor.py:925} INFO - DAG(s) 'example_weekday_branch_operator' retrieved from /home/airflow/.local/lib/python3.12/site-packages/airflow/example_dags/example_branch_day_of_week_operator.py
[2025-04-25T23:56:37.707+0000] {logging_mixin.py:190} INFO - [2025-04-25T23:56:37.706+0000] {dag.py:3239} INFO - Sync 1 DAGs
[2025-04-25T23:56:37.741+0000] {logging_mixin.py:190} INFO - [2025-04-25T23:56:37.741+0000] {dag.py:4180} INFO - Setting next_dagrun for example_weekday_branch_operator to 2025-04-24 00:00:00+00:00, run_after=2025-04-25 00:00:00+00:00
[2025-04-25T23:56:37.769+0000] {processor.py:208} INFO - Processing /home/airflow/.local/lib/python3.12/site-packages/airflow/example_dags/example_branch_day_of_week_operator.py took 0.123 seconds
[2025-04-25T23:57:08.194+0000] {processor.py:186} INFO - Started process (PID=2394) to work on /home/airflow/.local/lib/python3.12/site-packages/airflow/example_dags/example_branch_day_of_week_operator.py
[2025-04-25T23:57:08.195+0000] {processor.py:914} INFO - Processing file /home/airflow/.local/lib/python3.12/site-packages/airflow/example_dags/example_branch_day_of_week_operator.py for tasks to queue
[2025-04-25T23:57:08.198+0000] {logging_mixin.py:190} INFO - [2025-04-25T23:57:08.197+0000] {dagbag.py:588} INFO - Filling up the DagBag from /home/airflow/.local/lib/python3.12/site-packages/airflow/example_dags/example_branch_day_of_week_operator.py
[2025-04-25T23:57:08.220+0000] {processor.py:925} INFO - DAG(s) 'example_weekday_branch_operator' retrieved from /home/airflow/.local/lib/python3.12/site-packages/airflow/example_dags/example_branch_day_of_week_operator.py
[2025-04-25T23:57:08.261+0000] {logging_mixin.py:190} INFO - [2025-04-25T23:57:08.261+0000] {dag.py:3239} INFO - Sync 1 DAGs
[2025-04-25T23:57:08.314+0000] {logging_mixin.py:190} INFO - [2025-04-25T23:57:08.314+0000] {dag.py:4180} INFO - Setting next_dagrun for example_weekday_branch_operator to 2025-04-24 00:00:00+00:00, run_after=2025-04-25 00:00:00+00:00
[2025-04-25T23:57:08.351+0000] {processor.py:208} INFO - Processing /home/airflow/.local/lib/python3.12/site-packages/airflow/example_dags/example_branch_day_of_week_operator.py took 0.169 seconds
[2025-04-25T23:57:39.674+0000] {processor.py:186} INFO - Started process (PID=2456) to work on /home/airflow/.local/lib/python3.12/site-packages/airflow/example_dags/example_branch_day_of_week_operator.py
[2025-04-25T23:57:39.676+0000] {processor.py:914} INFO - Processing file /home/airflow/.local/lib/python3.12/site-packages/airflow/example_dags/example_branch_day_of_week_operator.py for tasks to queue
[2025-04-25T23:57:39.686+0000] {logging_mixin.py:190} INFO - [2025-04-25T23:57:39.685+0000] {dagbag.py:588} INFO - Filling up the DagBag from /home/airflow/.local/lib/python3.12/site-packages/airflow/example_dags/example_branch_day_of_week_operator.py
[2025-04-25T23:57:39.749+0000] {processor.py:925} INFO - DAG(s) 'example_weekday_branch_operator' retrieved from /home/airflow/.local/lib/python3.12/site-packages/airflow/example_dags/example_branch_day_of_week_operator.py
[2025-04-25T23:57:40.142+0000] {logging_mixin.py:190} INFO - [2025-04-25T23:57:40.141+0000] {dag.py:3239} INFO - Sync 1 DAGs
[2025-04-25T23:57:40.420+0000] {logging_mixin.py:190} INFO - [2025-04-25T23:57:40.420+0000] {dag.py:4180} INFO - Setting next_dagrun for example_weekday_branch_operator to 2025-04-24 00:00:00+00:00, run_after=2025-04-25 00:00:00+00:00
[2025-04-25T23:57:40.650+0000] {processor.py:208} INFO - Processing /home/airflow/.local/lib/python3.12/site-packages/airflow/example_dags/example_branch_day_of_week_operator.py took 1.045 seconds
[2025-04-25T23:59:07.871+0000] {processor.py:186} INFO - Started process (PID=2523) to work on /home/airflow/.local/lib/python3.12/site-packages/airflow/example_dags/example_branch_day_of_week_operator.py
[2025-04-25T23:59:07.872+0000] {processor.py:914} INFO - Processing file /home/airflow/.local/lib/python3.12/site-packages/airflow/example_dags/example_branch_day_of_week_operator.py for tasks to queue
[2025-04-25T23:59:07.876+0000] {logging_mixin.py:190} INFO - [2025-04-25T23:59:07.875+0000] {dagbag.py:588} INFO - Filling up the DagBag from /home/airflow/.local/lib/python3.12/site-packages/airflow/example_dags/example_branch_day_of_week_operator.py
[2025-04-25T23:59:07.898+0000] {processor.py:925} INFO - DAG(s) 'example_weekday_branch_operator' retrieved from /home/airflow/.local/lib/python3.12/site-packages/airflow/example_dags/example_branch_day_of_week_operator.py
[2025-04-25T23:59:07.950+0000] {logging_mixin.py:190} INFO - [2025-04-25T23:59:07.950+0000] {dag.py:3239} INFO - Sync 1 DAGs
[2025-04-25T23:59:08.010+0000] {logging_mixin.py:190} INFO - [2025-04-25T23:59:08.010+0000] {dag.py:4180} INFO - Setting next_dagrun for example_weekday_branch_operator to 2025-04-24 00:00:00+00:00, run_after=2025-04-25 00:00:00+00:00
[2025-04-25T23:59:08.110+0000] {processor.py:208} INFO - Processing /home/airflow/.local/lib/python3.12/site-packages/airflow/example_dags/example_branch_day_of_week_operator.py took 0.246 seconds
[2025-04-25T23:59:43.582+0000] {processor.py:186} INFO - Started process (PID=2587) to work on /home/airflow/.local/lib/python3.12/site-packages/airflow/example_dags/example_branch_day_of_week_operator.py
[2025-04-25T23:59:43.584+0000] {processor.py:914} INFO - Processing file /home/airflow/.local/lib/python3.12/site-packages/airflow/example_dags/example_branch_day_of_week_operator.py for tasks to queue
[2025-04-25T23:59:43.586+0000] {logging_mixin.py:190} INFO - [2025-04-25T23:59:43.585+0000] {dagbag.py:588} INFO - Filling up the DagBag from /home/airflow/.local/lib/python3.12/site-packages/airflow/example_dags/example_branch_day_of_week_operator.py
[2025-04-25T23:59:43.613+0000] {processor.py:925} INFO - DAG(s) 'example_weekday_branch_operator' retrieved from /home/airflow/.local/lib/python3.12/site-packages/airflow/example_dags/example_branch_day_of_week_operator.py
[2025-04-25T23:59:43.663+0000] {logging_mixin.py:190} INFO - [2025-04-25T23:59:43.662+0000] {dag.py:3239} INFO - Sync 1 DAGs
[2025-04-25T23:59:43.748+0000] {logging_mixin.py:190} INFO - [2025-04-25T23:59:43.747+0000] {dag.py:4180} INFO - Setting next_dagrun for example_weekday_branch_operator to 2025-04-24 00:00:00+00:00, run_after=2025-04-25 00:00:00+00:00
[2025-04-25T23:59:43.812+0000] {processor.py:208} INFO - Processing /home/airflow/.local/lib/python3.12/site-packages/airflow/example_dags/example_branch_day_of_week_operator.py took 0.244 seconds
