[2025-04-25T23:32:55.397+0000] {processor.py:186} INFO - Started process (PID=119) to work on /home/airflow/.local/lib/python3.12/site-packages/airflow/example_dags/example_dataset_alias.py
[2025-04-25T23:32:55.442+0000] {processor.py:914} INFO - Processing file /home/airflow/.local/lib/python3.12/site-packages/airflow/example_dags/example_dataset_alias.py for tasks to queue
[2025-04-25T23:32:55.617+0000] {logging_mixin.py:190} INFO - [2025-04-25T23:32:55.611+0000] {dagbag.py:588} INFO - Filling up the DagBag from /home/airflow/.local/lib/python3.12/site-packages/airflow/example_dags/example_dataset_alias.py
[2025-04-25T23:33:31.013+0000] {logging_mixin.py:190} INFO - [2025-04-25T23:33:31.011+0000] {timeout.py:68} ERROR - Process timed out, PID: 119
[2025-04-25T23:33:31.023+0000] {logging_mixin.py:190} WARNING - Exception ignored in: <function WeakKeyDictionary.__init__.<locals>.remove at 0x7fdd826c9080>
[2025-04-25T23:33:31.027+0000] {logging_mixin.py:190} WARNING - Traceback (most recent call last):
[2025-04-25T23:33:31.351+0000] {logging_mixin.py:190} WARNING -   File "/usr/local/lib/python3.12/weakref.py", line 369, in remove
[2025-04-25T23:33:31.354+0000] {logging_mixin.py:190} WARNING -     def remove(k, selfref=ref(self)):
[2025-04-25T23:33:31.357+0000] {logging_mixin.py:190} WARNING -   File "/home/airflow/.local/lib/python3.12/site-packages/airflow/utils/timeout.py", line 69, in handle_timeout
[2025-04-25T23:33:31.371+0000] {logging_mixin.py:190} WARNING -     raise AirflowTaskTimeout(self.error_message)
[2025-04-25T23:33:31.373+0000] {logging_mixin.py:190} WARNING - airflow.exceptions.AirflowTaskTimeout: DagBag import timeout for /home/airflow/.local/lib/python3.12/site-packages/airflow/example_dags/example_dataset_alias.py after 30.0s.
Please take a look at these docs to improve your DAG import time:
* https://airflow.apache.org/docs/apache-airflow/2.10.4/best-practices.html#top-level-python-code
* https://airflow.apache.org/docs/apache-airflow/2.10.4/best-practices.html#reducing-dag-complexity, PID: 119
[2025-04-25T23:33:33.271+0000] {processor.py:925} INFO - DAG(s) 'dataset_alias_example_alias_producer', 'dataset_alias_example_alias_consumer', 'dataset_s3_bucket_producer', 'dataset_s3_bucket_consumer' retrieved from /home/airflow/.local/lib/python3.12/site-packages/airflow/example_dags/example_dataset_alias.py
[2025-04-25T23:33:33.654+0000] {logging_mixin.py:190} INFO - [2025-04-25T23:33:33.653+0000] {override.py:1911} INFO - Created Permission View: can delete on DAG:dataset_alias_example_alias_producer
[2025-04-25T23:33:33.678+0000] {logging_mixin.py:190} INFO - [2025-04-25T23:33:33.677+0000] {override.py:1911} INFO - Created Permission View: can read on DAG:dataset_alias_example_alias_producer
[2025-04-25T23:33:33.691+0000] {logging_mixin.py:190} INFO - [2025-04-25T23:33:33.690+0000] {override.py:1911} INFO - Created Permission View: can edit on DAG:dataset_alias_example_alias_producer
[2025-04-25T23:33:33.704+0000] {logging_mixin.py:190} INFO - [2025-04-25T23:33:33.703+0000] {override.py:1911} INFO - Created Permission View: can create on DAG Run:dataset_alias_example_alias_producer
[2025-04-25T23:33:33.719+0000] {logging_mixin.py:190} INFO - [2025-04-25T23:33:33.718+0000] {override.py:1911} INFO - Created Permission View: can delete on DAG Run:dataset_alias_example_alias_producer
[2025-04-25T23:33:33.734+0000] {logging_mixin.py:190} INFO - [2025-04-25T23:33:33.733+0000] {override.py:1911} INFO - Created Permission View: can read on DAG Run:dataset_alias_example_alias_producer
[2025-04-25T23:33:33.747+0000] {logging_mixin.py:190} INFO - [2025-04-25T23:33:33.746+0000] {override.py:1911} INFO - Created Permission View: menu access on DAG Run:dataset_alias_example_alias_producer
[2025-04-25T23:33:33.784+0000] {logging_mixin.py:190} INFO - [2025-04-25T23:33:33.784+0000] {override.py:1911} INFO - Created Permission View: can delete on DAG:dataset_alias_example_alias_consumer
[2025-04-25T23:33:33.799+0000] {logging_mixin.py:190} INFO - [2025-04-25T23:33:33.798+0000] {override.py:1911} INFO - Created Permission View: can read on DAG:dataset_alias_example_alias_consumer
[2025-04-25T23:33:33.825+0000] {logging_mixin.py:190} INFO - [2025-04-25T23:33:33.824+0000] {override.py:1911} INFO - Created Permission View: can edit on DAG:dataset_alias_example_alias_consumer
[2025-04-25T23:33:33.836+0000] {logging_mixin.py:190} INFO - [2025-04-25T23:33:33.835+0000] {override.py:1911} INFO - Created Permission View: can create on DAG Run:dataset_alias_example_alias_consumer
[2025-04-25T23:33:33.859+0000] {logging_mixin.py:190} INFO - [2025-04-25T23:33:33.859+0000] {override.py:1911} INFO - Created Permission View: can delete on DAG Run:dataset_alias_example_alias_consumer
[2025-04-25T23:33:33.878+0000] {logging_mixin.py:190} INFO - [2025-04-25T23:33:33.877+0000] {override.py:1911} INFO - Created Permission View: can read on DAG Run:dataset_alias_example_alias_consumer
[2025-04-25T23:33:33.894+0000] {logging_mixin.py:190} INFO - [2025-04-25T23:33:33.893+0000] {override.py:1911} INFO - Created Permission View: menu access on DAG Run:dataset_alias_example_alias_consumer
[2025-04-25T23:33:33.923+0000] {logging_mixin.py:190} INFO - [2025-04-25T23:33:33.923+0000] {override.py:1911} INFO - Created Permission View: can delete on DAG:dataset_s3_bucket_producer
[2025-04-25T23:33:33.945+0000] {logging_mixin.py:190} INFO - [2025-04-25T23:33:33.944+0000] {override.py:1911} INFO - Created Permission View: can read on DAG:dataset_s3_bucket_producer
[2025-04-25T23:33:33.977+0000] {logging_mixin.py:190} INFO - [2025-04-25T23:33:33.977+0000] {override.py:1911} INFO - Created Permission View: can edit on DAG:dataset_s3_bucket_producer
[2025-04-25T23:33:33.991+0000] {logging_mixin.py:190} INFO - [2025-04-25T23:33:33.991+0000] {override.py:1911} INFO - Created Permission View: can create on DAG Run:dataset_s3_bucket_producer
[2025-04-25T23:33:34.003+0000] {logging_mixin.py:190} INFO - [2025-04-25T23:33:34.003+0000] {override.py:1911} INFO - Created Permission View: can delete on DAG Run:dataset_s3_bucket_producer
[2025-04-25T23:33:34.020+0000] {logging_mixin.py:190} INFO - [2025-04-25T23:33:34.019+0000] {override.py:1911} INFO - Created Permission View: can read on DAG Run:dataset_s3_bucket_producer
[2025-04-25T23:33:34.036+0000] {logging_mixin.py:190} INFO - [2025-04-25T23:33:34.036+0000] {override.py:1911} INFO - Created Permission View: menu access on DAG Run:dataset_s3_bucket_producer
[2025-04-25T23:33:34.063+0000] {logging_mixin.py:190} INFO - [2025-04-25T23:33:34.063+0000] {override.py:1911} INFO - Created Permission View: can delete on DAG:dataset_s3_bucket_consumer
[2025-04-25T23:33:34.075+0000] {logging_mixin.py:190} INFO - [2025-04-25T23:33:34.074+0000] {override.py:1911} INFO - Created Permission View: can read on DAG:dataset_s3_bucket_consumer
[2025-04-25T23:33:34.089+0000] {logging_mixin.py:190} INFO - [2025-04-25T23:33:34.089+0000] {override.py:1911} INFO - Created Permission View: can edit on DAG:dataset_s3_bucket_consumer
[2025-04-25T23:33:34.102+0000] {logging_mixin.py:190} INFO - [2025-04-25T23:33:34.102+0000] {override.py:1911} INFO - Created Permission View: can create on DAG Run:dataset_s3_bucket_consumer
[2025-04-25T23:33:34.129+0000] {logging_mixin.py:190} INFO - [2025-04-25T23:33:34.128+0000] {override.py:1911} INFO - Created Permission View: can delete on DAG Run:dataset_s3_bucket_consumer
[2025-04-25T23:33:34.149+0000] {logging_mixin.py:190} INFO - [2025-04-25T23:33:34.149+0000] {override.py:1911} INFO - Created Permission View: can read on DAG Run:dataset_s3_bucket_consumer
[2025-04-25T23:33:34.162+0000] {logging_mixin.py:190} INFO - [2025-04-25T23:33:34.162+0000] {override.py:1911} INFO - Created Permission View: menu access on DAG Run:dataset_s3_bucket_consumer
[2025-04-25T23:33:34.164+0000] {logging_mixin.py:190} INFO - [2025-04-25T23:33:34.163+0000] {dag.py:3239} INFO - Sync 4 DAGs
[2025-04-25T23:33:34.212+0000] {logging_mixin.py:190} INFO - [2025-04-25T23:33:34.212+0000] {dag.py:3262} INFO - Creating ORM DAG for dataset_alias_example_alias_consumer
[2025-04-25T23:33:34.214+0000] {logging_mixin.py:190} INFO - [2025-04-25T23:33:34.214+0000] {dag.py:3262} INFO - Creating ORM DAG for dataset_alias_example_alias_producer
[2025-04-25T23:33:34.216+0000] {logging_mixin.py:190} INFO - [2025-04-25T23:33:34.216+0000] {dag.py:3262} INFO - Creating ORM DAG for dataset_s3_bucket_producer
[2025-04-25T23:33:34.218+0000] {logging_mixin.py:190} INFO - [2025-04-25T23:33:34.217+0000] {dag.py:3262} INFO - Creating ORM DAG for dataset_s3_bucket_consumer
[2025-04-25T23:33:34.239+0000] {logging_mixin.py:190} INFO - [2025-04-25T23:33:34.238+0000] {dag.py:4180} INFO - Setting next_dagrun for dataset_alias_example_alias_consumer to None, run_after=None
[2025-04-25T23:33:34.242+0000] {logging_mixin.py:190} INFO - [2025-04-25T23:33:34.241+0000] {dag.py:4180} INFO - Setting next_dagrun for dataset_alias_example_alias_producer to None, run_after=None
[2025-04-25T23:33:34.244+0000] {logging_mixin.py:190} INFO - [2025-04-25T23:33:34.243+0000] {dag.py:4180} INFO - Setting next_dagrun for dataset_s3_bucket_consumer to None, run_after=None
[2025-04-25T23:33:34.245+0000] {logging_mixin.py:190} INFO - [2025-04-25T23:33:34.245+0000] {dag.py:4180} INFO - Setting next_dagrun for dataset_s3_bucket_producer to None, run_after=None
[2025-04-25T23:33:34.336+0000] {processor.py:208} INFO - Processing /home/airflow/.local/lib/python3.12/site-packages/airflow/example_dags/example_dataset_alias.py took 39.313 seconds
[2025-04-25T23:34:05.962+0000] {processor.py:186} INFO - Started process (PID=214) to work on /home/airflow/.local/lib/python3.12/site-packages/airflow/example_dags/example_dataset_alias.py
[2025-04-25T23:34:05.964+0000] {processor.py:914} INFO - Processing file /home/airflow/.local/lib/python3.12/site-packages/airflow/example_dags/example_dataset_alias.py for tasks to queue
[2025-04-25T23:34:05.975+0000] {logging_mixin.py:190} INFO - [2025-04-25T23:34:05.975+0000] {dagbag.py:588} INFO - Filling up the DagBag from /home/airflow/.local/lib/python3.12/site-packages/airflow/example_dags/example_dataset_alias.py
[2025-04-25T23:34:26.555+0000] {processor.py:925} INFO - DAG(s) 'dataset_s3_bucket_producer', 'dataset_alias_example_alias_consumer', 'dataset_alias_example_alias_producer', 'dataset_s3_bucket_consumer' retrieved from /home/airflow/.local/lib/python3.12/site-packages/airflow/example_dags/example_dataset_alias.py
[2025-04-25T23:34:26.997+0000] {logging_mixin.py:190} INFO - [2025-04-25T23:34:26.987+0000] {dag.py:3239} INFO - Sync 4 DAGs
[2025-04-25T23:34:27.294+0000] {logging_mixin.py:190} INFO - [2025-04-25T23:34:27.293+0000] {dag.py:4180} INFO - Setting next_dagrun for dataset_alias_example_alias_consumer to None, run_after=None
[2025-04-25T23:34:27.393+0000] {logging_mixin.py:190} INFO - [2025-04-25T23:34:27.391+0000] {dag.py:4180} INFO - Setting next_dagrun for dataset_alias_example_alias_producer to None, run_after=None
[2025-04-25T23:34:27.493+0000] {logging_mixin.py:190} INFO - [2025-04-25T23:34:27.493+0000] {dag.py:4180} INFO - Setting next_dagrun for dataset_s3_bucket_consumer to None, run_after=None
[2025-04-25T23:34:27.545+0000] {logging_mixin.py:190} INFO - [2025-04-25T23:34:27.544+0000] {dag.py:4180} INFO - Setting next_dagrun for dataset_s3_bucket_producer to None, run_after=None
[2025-04-25T23:34:27.697+0000] {processor.py:208} INFO - Processing /home/airflow/.local/lib/python3.12/site-packages/airflow/example_dags/example_dataset_alias.py took 21.748 seconds
[2025-04-25T23:35:34.988+0000] {processor.py:186} INFO - Started process (PID=291) to work on /home/airflow/.local/lib/python3.12/site-packages/airflow/example_dags/example_dataset_alias.py
[2025-04-25T23:35:35.039+0000] {processor.py:914} INFO - Processing file /home/airflow/.local/lib/python3.12/site-packages/airflow/example_dags/example_dataset_alias.py for tasks to queue
[2025-04-25T23:35:35.340+0000] {logging_mixin.py:190} INFO - [2025-04-25T23:35:35.328+0000] {dagbag.py:588} INFO - Filling up the DagBag from /home/airflow/.local/lib/python3.12/site-packages/airflow/example_dags/example_dataset_alias.py
[2025-04-25T23:37:32.782+0000] {processor.py:186} INFO - Started process (PID=95) to work on /home/airflow/.local/lib/python3.12/site-packages/airflow/example_dags/example_dataset_alias.py
[2025-04-25T23:37:32.789+0000] {processor.py:914} INFO - Processing file /home/airflow/.local/lib/python3.12/site-packages/airflow/example_dags/example_dataset_alias.py for tasks to queue
[2025-04-25T23:37:32.906+0000] {logging_mixin.py:190} INFO - [2025-04-25T23:37:32.897+0000] {dagbag.py:588} INFO - Filling up the DagBag from /home/airflow/.local/lib/python3.12/site-packages/airflow/example_dags/example_dataset_alias.py
[2025-04-25T23:37:55.077+0000] {processor.py:925} INFO - DAG(s) 'dataset_alias_example_alias_producer', 'dataset_s3_bucket_consumer', 'dataset_alias_example_alias_consumer', 'dataset_s3_bucket_producer' retrieved from /home/airflow/.local/lib/python3.12/site-packages/airflow/example_dags/example_dataset_alias.py
[2025-04-25T23:37:55.142+0000] {logging_mixin.py:190} INFO - [2025-04-25T23:37:55.140+0000] {dag.py:3239} INFO - Sync 4 DAGs
[2025-04-25T23:37:55.205+0000] {logging_mixin.py:190} INFO - [2025-04-25T23:37:55.204+0000] {dag.py:4180} INFO - Setting next_dagrun for dataset_alias_example_alias_consumer to None, run_after=None
[2025-04-25T23:37:55.215+0000] {logging_mixin.py:190} INFO - [2025-04-25T23:37:55.214+0000] {dag.py:4180} INFO - Setting next_dagrun for dataset_alias_example_alias_producer to None, run_after=None
[2025-04-25T23:37:55.218+0000] {logging_mixin.py:190} INFO - [2025-04-25T23:37:55.218+0000] {dag.py:4180} INFO - Setting next_dagrun for dataset_s3_bucket_consumer to None, run_after=None
[2025-04-25T23:37:55.221+0000] {logging_mixin.py:190} INFO - [2025-04-25T23:37:55.221+0000] {dag.py:4180} INFO - Setting next_dagrun for dataset_s3_bucket_producer to None, run_after=None
[2025-04-25T23:37:55.270+0000] {processor.py:208} INFO - Processing /home/airflow/.local/lib/python3.12/site-packages/airflow/example_dags/example_dataset_alias.py took 22.506 seconds
[2025-04-25T23:38:25.421+0000] {processor.py:186} INFO - Started process (PID=171) to work on /home/airflow/.local/lib/python3.12/site-packages/airflow/example_dags/example_dataset_alias.py
[2025-04-25T23:38:25.422+0000] {processor.py:914} INFO - Processing file /home/airflow/.local/lib/python3.12/site-packages/airflow/example_dags/example_dataset_alias.py for tasks to queue
[2025-04-25T23:38:25.426+0000] {logging_mixin.py:190} INFO - [2025-04-25T23:38:25.426+0000] {dagbag.py:588} INFO - Filling up the DagBag from /home/airflow/.local/lib/python3.12/site-packages/airflow/example_dags/example_dataset_alias.py
[2025-04-25T23:38:27.247+0000] {processor.py:925} INFO - DAG(s) 'dataset_alias_example_alias_producer', 'dataset_alias_example_alias_consumer', 'dataset_s3_bucket_consumer', 'dataset_s3_bucket_producer' retrieved from /home/airflow/.local/lib/python3.12/site-packages/airflow/example_dags/example_dataset_alias.py
[2025-04-25T23:38:27.343+0000] {logging_mixin.py:190} INFO - [2025-04-25T23:38:27.335+0000] {dag.py:3239} INFO - Sync 4 DAGs
[2025-04-25T23:38:27.600+0000] {logging_mixin.py:190} INFO - [2025-04-25T23:38:27.599+0000] {dag.py:4180} INFO - Setting next_dagrun for dataset_alias_example_alias_consumer to None, run_after=None
[2025-04-25T23:38:27.615+0000] {logging_mixin.py:190} INFO - [2025-04-25T23:38:27.615+0000] {dag.py:4180} INFO - Setting next_dagrun for dataset_alias_example_alias_producer to None, run_after=None
[2025-04-25T23:38:27.630+0000] {logging_mixin.py:190} INFO - [2025-04-25T23:38:27.629+0000] {dag.py:4180} INFO - Setting next_dagrun for dataset_s3_bucket_consumer to None, run_after=None
[2025-04-25T23:38:27.643+0000] {logging_mixin.py:190} INFO - [2025-04-25T23:38:27.642+0000] {dag.py:4180} INFO - Setting next_dagrun for dataset_s3_bucket_producer to None, run_after=None
[2025-04-25T23:38:27.732+0000] {processor.py:208} INFO - Processing /home/airflow/.local/lib/python3.12/site-packages/airflow/example_dags/example_dataset_alias.py took 2.322 seconds
[2025-04-25T23:38:58.646+0000] {processor.py:186} INFO - Started process (PID=235) to work on /home/airflow/.local/lib/python3.12/site-packages/airflow/example_dags/example_dataset_alias.py
[2025-04-25T23:38:58.649+0000] {processor.py:914} INFO - Processing file /home/airflow/.local/lib/python3.12/site-packages/airflow/example_dags/example_dataset_alias.py for tasks to queue
[2025-04-25T23:38:58.659+0000] {logging_mixin.py:190} INFO - [2025-04-25T23:38:58.652+0000] {dagbag.py:588} INFO - Filling up the DagBag from /home/airflow/.local/lib/python3.12/site-packages/airflow/example_dags/example_dataset_alias.py
[2025-04-25T23:38:59.620+0000] {processor.py:925} INFO - DAG(s) 'dataset_alias_example_alias_producer', 'dataset_alias_example_alias_consumer', 'dataset_s3_bucket_producer', 'dataset_s3_bucket_consumer' retrieved from /home/airflow/.local/lib/python3.12/site-packages/airflow/example_dags/example_dataset_alias.py
[2025-04-25T23:38:59.646+0000] {logging_mixin.py:190} INFO - [2025-04-25T23:38:59.645+0000] {dag.py:3239} INFO - Sync 4 DAGs
[2025-04-25T23:38:59.673+0000] {logging_mixin.py:190} INFO - [2025-04-25T23:38:59.672+0000] {dag.py:4180} INFO - Setting next_dagrun for dataset_alias_example_alias_consumer to None, run_after=None
[2025-04-25T23:38:59.677+0000] {logging_mixin.py:190} INFO - [2025-04-25T23:38:59.677+0000] {dag.py:4180} INFO - Setting next_dagrun for dataset_alias_example_alias_producer to None, run_after=None
[2025-04-25T23:38:59.679+0000] {logging_mixin.py:190} INFO - [2025-04-25T23:38:59.679+0000] {dag.py:4180} INFO - Setting next_dagrun for dataset_s3_bucket_consumer to None, run_after=None
[2025-04-25T23:38:59.681+0000] {logging_mixin.py:190} INFO - [2025-04-25T23:38:59.681+0000] {dag.py:4180} INFO - Setting next_dagrun for dataset_s3_bucket_producer to None, run_after=None
[2025-04-25T23:38:59.705+0000] {processor.py:208} INFO - Processing /home/airflow/.local/lib/python3.12/site-packages/airflow/example_dags/example_dataset_alias.py took 1.069 seconds
[2025-04-25T23:39:38.274+0000] {processor.py:186} INFO - Started process (PID=297) to work on /home/airflow/.local/lib/python3.12/site-packages/airflow/example_dags/example_dataset_alias.py
[2025-04-25T23:39:38.279+0000] {processor.py:914} INFO - Processing file /home/airflow/.local/lib/python3.12/site-packages/airflow/example_dags/example_dataset_alias.py for tasks to queue
[2025-04-25T23:39:38.311+0000] {logging_mixin.py:190} INFO - [2025-04-25T23:39:38.304+0000] {dagbag.py:588} INFO - Filling up the DagBag from /home/airflow/.local/lib/python3.12/site-packages/airflow/example_dags/example_dataset_alias.py
[2025-04-25T23:39:42.458+0000] {processor.py:925} INFO - DAG(s) 'dataset_alias_example_alias_producer', 'dataset_s3_bucket_producer', 'dataset_alias_example_alias_consumer', 'dataset_s3_bucket_consumer' retrieved from /home/airflow/.local/lib/python3.12/site-packages/airflow/example_dags/example_dataset_alias.py
[2025-04-25T23:39:42.535+0000] {logging_mixin.py:190} INFO - [2025-04-25T23:39:42.534+0000] {dag.py:3239} INFO - Sync 4 DAGs
[2025-04-25T23:39:42.606+0000] {logging_mixin.py:190} INFO - [2025-04-25T23:39:42.605+0000] {dag.py:4180} INFO - Setting next_dagrun for dataset_alias_example_alias_consumer to None, run_after=None
[2025-04-25T23:39:42.613+0000] {logging_mixin.py:190} INFO - [2025-04-25T23:39:42.612+0000] {dag.py:4180} INFO - Setting next_dagrun for dataset_alias_example_alias_producer to None, run_after=None
[2025-04-25T23:39:42.620+0000] {logging_mixin.py:190} INFO - [2025-04-25T23:39:42.619+0000] {dag.py:4180} INFO - Setting next_dagrun for dataset_s3_bucket_consumer to None, run_after=None
[2025-04-25T23:39:42.627+0000] {logging_mixin.py:190} INFO - [2025-04-25T23:39:42.627+0000] {dag.py:4180} INFO - Setting next_dagrun for dataset_s3_bucket_producer to None, run_after=None
[2025-04-25T23:39:42.684+0000] {processor.py:208} INFO - Processing /home/airflow/.local/lib/python3.12/site-packages/airflow/example_dags/example_dataset_alias.py took 4.454 seconds
[2025-04-25T23:40:13.269+0000] {processor.py:186} INFO - Started process (PID=364) to work on /home/airflow/.local/lib/python3.12/site-packages/airflow/example_dags/example_dataset_alias.py
[2025-04-25T23:40:13.271+0000] {processor.py:914} INFO - Processing file /home/airflow/.local/lib/python3.12/site-packages/airflow/example_dags/example_dataset_alias.py for tasks to queue
[2025-04-25T23:40:13.277+0000] {logging_mixin.py:190} INFO - [2025-04-25T23:40:13.277+0000] {dagbag.py:588} INFO - Filling up the DagBag from /home/airflow/.local/lib/python3.12/site-packages/airflow/example_dags/example_dataset_alias.py
[2025-04-25T23:40:16.278+0000] {processor.py:925} INFO - DAG(s) 'dataset_s3_bucket_consumer', 'dataset_s3_bucket_producer', 'dataset_alias_example_alias_consumer', 'dataset_alias_example_alias_producer' retrieved from /home/airflow/.local/lib/python3.12/site-packages/airflow/example_dags/example_dataset_alias.py
[2025-04-25T23:40:16.321+0000] {logging_mixin.py:190} INFO - [2025-04-25T23:40:16.320+0000] {dag.py:3239} INFO - Sync 4 DAGs
[2025-04-25T23:40:16.359+0000] {logging_mixin.py:190} INFO - [2025-04-25T23:40:16.358+0000] {dag.py:4180} INFO - Setting next_dagrun for dataset_alias_example_alias_consumer to None, run_after=None
[2025-04-25T23:40:16.362+0000] {logging_mixin.py:190} INFO - [2025-04-25T23:40:16.362+0000] {dag.py:4180} INFO - Setting next_dagrun for dataset_alias_example_alias_producer to None, run_after=None
[2025-04-25T23:40:16.366+0000] {logging_mixin.py:190} INFO - [2025-04-25T23:40:16.366+0000] {dag.py:4180} INFO - Setting next_dagrun for dataset_s3_bucket_consumer to None, run_after=None
[2025-04-25T23:40:16.368+0000] {logging_mixin.py:190} INFO - [2025-04-25T23:40:16.368+0000] {dag.py:4180} INFO - Setting next_dagrun for dataset_s3_bucket_producer to None, run_after=None
[2025-04-25T23:40:16.405+0000] {processor.py:208} INFO - Processing /home/airflow/.local/lib/python3.12/site-packages/airflow/example_dags/example_dataset_alias.py took 3.145 seconds
[2025-04-25T23:40:47.073+0000] {processor.py:186} INFO - Started process (PID=431) to work on /home/airflow/.local/lib/python3.12/site-packages/airflow/example_dags/example_dataset_alias.py
[2025-04-25T23:40:47.075+0000] {processor.py:914} INFO - Processing file /home/airflow/.local/lib/python3.12/site-packages/airflow/example_dags/example_dataset_alias.py for tasks to queue
[2025-04-25T23:40:47.078+0000] {logging_mixin.py:190} INFO - [2025-04-25T23:40:47.077+0000] {dagbag.py:588} INFO - Filling up the DagBag from /home/airflow/.local/lib/python3.12/site-packages/airflow/example_dags/example_dataset_alias.py
[2025-04-25T23:40:48.063+0000] {processor.py:925} INFO - DAG(s) 'dataset_alias_example_alias_consumer', 'dataset_s3_bucket_consumer', 'dataset_alias_example_alias_producer', 'dataset_s3_bucket_producer' retrieved from /home/airflow/.local/lib/python3.12/site-packages/airflow/example_dags/example_dataset_alias.py
[2025-04-25T23:40:48.100+0000] {logging_mixin.py:190} INFO - [2025-04-25T23:40:48.099+0000] {dag.py:3239} INFO - Sync 4 DAGs
[2025-04-25T23:40:48.142+0000] {logging_mixin.py:190} INFO - [2025-04-25T23:40:48.141+0000] {dag.py:4180} INFO - Setting next_dagrun for dataset_alias_example_alias_consumer to None, run_after=None
[2025-04-25T23:40:48.145+0000] {logging_mixin.py:190} INFO - [2025-04-25T23:40:48.145+0000] {dag.py:4180} INFO - Setting next_dagrun for dataset_alias_example_alias_producer to None, run_after=None
[2025-04-25T23:40:48.148+0000] {logging_mixin.py:190} INFO - [2025-04-25T23:40:48.148+0000] {dag.py:4180} INFO - Setting next_dagrun for dataset_s3_bucket_consumer to None, run_after=None
[2025-04-25T23:40:48.151+0000] {logging_mixin.py:190} INFO - [2025-04-25T23:40:48.150+0000] {dag.py:4180} INFO - Setting next_dagrun for dataset_s3_bucket_producer to None, run_after=None
[2025-04-25T23:40:48.179+0000] {processor.py:208} INFO - Processing /home/airflow/.local/lib/python3.12/site-packages/airflow/example_dags/example_dataset_alias.py took 1.114 seconds
[2025-04-25T23:41:18.353+0000] {processor.py:186} INFO - Started process (PID=497) to work on /home/airflow/.local/lib/python3.12/site-packages/airflow/example_dags/example_dataset_alias.py
[2025-04-25T23:41:18.356+0000] {processor.py:914} INFO - Processing file /home/airflow/.local/lib/python3.12/site-packages/airflow/example_dags/example_dataset_alias.py for tasks to queue
[2025-04-25T23:41:18.370+0000] {logging_mixin.py:190} INFO - [2025-04-25T23:41:18.369+0000] {dagbag.py:588} INFO - Filling up the DagBag from /home/airflow/.local/lib/python3.12/site-packages/airflow/example_dags/example_dataset_alias.py
[2025-04-25T23:41:21.246+0000] {processor.py:925} INFO - DAG(s) 'dataset_s3_bucket_consumer', 'dataset_s3_bucket_producer', 'dataset_alias_example_alias_consumer', 'dataset_alias_example_alias_producer' retrieved from /home/airflow/.local/lib/python3.12/site-packages/airflow/example_dags/example_dataset_alias.py
[2025-04-25T23:41:21.311+0000] {logging_mixin.py:190} INFO - [2025-04-25T23:41:21.311+0000] {dag.py:3239} INFO - Sync 4 DAGs
[2025-04-25T23:41:21.403+0000] {logging_mixin.py:190} INFO - [2025-04-25T23:41:21.403+0000] {dag.py:4180} INFO - Setting next_dagrun for dataset_alias_example_alias_consumer to None, run_after=None
[2025-04-25T23:41:21.407+0000] {logging_mixin.py:190} INFO - [2025-04-25T23:41:21.407+0000] {dag.py:4180} INFO - Setting next_dagrun for dataset_alias_example_alias_producer to None, run_after=None
[2025-04-25T23:41:21.417+0000] {logging_mixin.py:190} INFO - [2025-04-25T23:41:21.416+0000] {dag.py:4180} INFO - Setting next_dagrun for dataset_s3_bucket_consumer to None, run_after=None
[2025-04-25T23:41:21.421+0000] {logging_mixin.py:190} INFO - [2025-04-25T23:41:21.420+0000] {dag.py:4180} INFO - Setting next_dagrun for dataset_s3_bucket_producer to None, run_after=None
[2025-04-25T23:41:21.473+0000] {processor.py:208} INFO - Processing /home/airflow/.local/lib/python3.12/site-packages/airflow/example_dags/example_dataset_alias.py took 3.132 seconds
[2025-04-25T23:41:51.846+0000] {processor.py:186} INFO - Started process (PID=564) to work on /home/airflow/.local/lib/python3.12/site-packages/airflow/example_dags/example_dataset_alias.py
[2025-04-25T23:41:51.848+0000] {processor.py:914} INFO - Processing file /home/airflow/.local/lib/python3.12/site-packages/airflow/example_dags/example_dataset_alias.py for tasks to queue
[2025-04-25T23:41:51.852+0000] {logging_mixin.py:190} INFO - [2025-04-25T23:41:51.852+0000] {dagbag.py:588} INFO - Filling up the DagBag from /home/airflow/.local/lib/python3.12/site-packages/airflow/example_dags/example_dataset_alias.py
[2025-04-25T23:41:52.759+0000] {processor.py:925} INFO - DAG(s) 'dataset_s3_bucket_consumer', 'dataset_alias_example_alias_consumer', 'dataset_s3_bucket_producer', 'dataset_alias_example_alias_producer' retrieved from /home/airflow/.local/lib/python3.12/site-packages/airflow/example_dags/example_dataset_alias.py
[2025-04-25T23:41:52.800+0000] {logging_mixin.py:190} INFO - [2025-04-25T23:41:52.798+0000] {dag.py:3239} INFO - Sync 4 DAGs
[2025-04-25T23:41:52.857+0000] {logging_mixin.py:190} INFO - [2025-04-25T23:41:52.857+0000] {dag.py:4180} INFO - Setting next_dagrun for dataset_alias_example_alias_consumer to None, run_after=None
[2025-04-25T23:41:52.865+0000] {logging_mixin.py:190} INFO - [2025-04-25T23:41:52.865+0000] {dag.py:4180} INFO - Setting next_dagrun for dataset_alias_example_alias_producer to None, run_after=None
[2025-04-25T23:41:52.868+0000] {logging_mixin.py:190} INFO - [2025-04-25T23:41:52.868+0000] {dag.py:4180} INFO - Setting next_dagrun for dataset_s3_bucket_consumer to None, run_after=None
[2025-04-25T23:41:52.871+0000] {logging_mixin.py:190} INFO - [2025-04-25T23:41:52.870+0000] {dag.py:4180} INFO - Setting next_dagrun for dataset_s3_bucket_producer to None, run_after=None
[2025-04-25T23:41:52.914+0000] {processor.py:208} INFO - Processing /home/airflow/.local/lib/python3.12/site-packages/airflow/example_dags/example_dataset_alias.py took 1.075 seconds
[2025-04-25T23:42:23.824+0000] {processor.py:186} INFO - Started process (PID=637) to work on /home/airflow/.local/lib/python3.12/site-packages/airflow/example_dags/example_dataset_alias.py
[2025-04-25T23:42:23.825+0000] {processor.py:914} INFO - Processing file /home/airflow/.local/lib/python3.12/site-packages/airflow/example_dags/example_dataset_alias.py for tasks to queue
[2025-04-25T23:42:23.832+0000] {logging_mixin.py:190} INFO - [2025-04-25T23:42:23.832+0000] {dagbag.py:588} INFO - Filling up the DagBag from /home/airflow/.local/lib/python3.12/site-packages/airflow/example_dags/example_dataset_alias.py
[2025-04-25T23:42:25.169+0000] {processor.py:925} INFO - DAG(s) 'dataset_s3_bucket_consumer', 'dataset_alias_example_alias_consumer', 'dataset_alias_example_alias_producer', 'dataset_s3_bucket_producer' retrieved from /home/airflow/.local/lib/python3.12/site-packages/airflow/example_dags/example_dataset_alias.py
[2025-04-25T23:42:25.213+0000] {logging_mixin.py:190} INFO - [2025-04-25T23:42:25.213+0000] {dag.py:3239} INFO - Sync 4 DAGs
[2025-04-25T23:42:25.254+0000] {logging_mixin.py:190} INFO - [2025-04-25T23:42:25.254+0000] {dag.py:4180} INFO - Setting next_dagrun for dataset_alias_example_alias_consumer to None, run_after=None
[2025-04-25T23:42:25.259+0000] {logging_mixin.py:190} INFO - [2025-04-25T23:42:25.259+0000] {dag.py:4180} INFO - Setting next_dagrun for dataset_alias_example_alias_producer to None, run_after=None
[2025-04-25T23:42:25.263+0000] {logging_mixin.py:190} INFO - [2025-04-25T23:42:25.263+0000] {dag.py:4180} INFO - Setting next_dagrun for dataset_s3_bucket_consumer to None, run_after=None
[2025-04-25T23:42:25.265+0000] {logging_mixin.py:190} INFO - [2025-04-25T23:42:25.265+0000] {dag.py:4180} INFO - Setting next_dagrun for dataset_s3_bucket_producer to None, run_after=None
[2025-04-25T23:42:25.304+0000] {processor.py:208} INFO - Processing /home/airflow/.local/lib/python3.12/site-packages/airflow/example_dags/example_dataset_alias.py took 1.491 seconds
[2025-04-25T23:42:55.627+0000] {processor.py:186} INFO - Started process (PID=702) to work on /home/airflow/.local/lib/python3.12/site-packages/airflow/example_dags/example_dataset_alias.py
[2025-04-25T23:42:55.629+0000] {processor.py:914} INFO - Processing file /home/airflow/.local/lib/python3.12/site-packages/airflow/example_dags/example_dataset_alias.py for tasks to queue
[2025-04-25T23:42:55.634+0000] {logging_mixin.py:190} INFO - [2025-04-25T23:42:55.633+0000] {dagbag.py:588} INFO - Filling up the DagBag from /home/airflow/.local/lib/python3.12/site-packages/airflow/example_dags/example_dataset_alias.py
[2025-04-25T23:42:56.606+0000] {processor.py:925} INFO - DAG(s) 'dataset_alias_example_alias_consumer', 'dataset_s3_bucket_consumer', 'dataset_s3_bucket_producer', 'dataset_alias_example_alias_producer' retrieved from /home/airflow/.local/lib/python3.12/site-packages/airflow/example_dags/example_dataset_alias.py
[2025-04-25T23:42:56.637+0000] {logging_mixin.py:190} INFO - [2025-04-25T23:42:56.636+0000] {dag.py:3239} INFO - Sync 4 DAGs
[2025-04-25T23:42:56.665+0000] {logging_mixin.py:190} INFO - [2025-04-25T23:42:56.665+0000] {dag.py:4180} INFO - Setting next_dagrun for dataset_alias_example_alias_consumer to None, run_after=None
[2025-04-25T23:42:56.671+0000] {logging_mixin.py:190} INFO - [2025-04-25T23:42:56.671+0000] {dag.py:4180} INFO - Setting next_dagrun for dataset_alias_example_alias_producer to None, run_after=None
[2025-04-25T23:42:56.673+0000] {logging_mixin.py:190} INFO - [2025-04-25T23:42:56.673+0000] {dag.py:4180} INFO - Setting next_dagrun for dataset_s3_bucket_consumer to None, run_after=None
[2025-04-25T23:42:56.675+0000] {logging_mixin.py:190} INFO - [2025-04-25T23:42:56.674+0000] {dag.py:4180} INFO - Setting next_dagrun for dataset_s3_bucket_producer to None, run_after=None
[2025-04-25T23:42:56.704+0000] {processor.py:208} INFO - Processing /home/airflow/.local/lib/python3.12/site-packages/airflow/example_dags/example_dataset_alias.py took 1.086 seconds
[2025-04-25T23:43:29.861+0000] {processor.py:186} INFO - Started process (PID=759) to work on /home/airflow/.local/lib/python3.12/site-packages/airflow/example_dags/example_dataset_alias.py
[2025-04-25T23:43:29.862+0000] {processor.py:914} INFO - Processing file /home/airflow/.local/lib/python3.12/site-packages/airflow/example_dags/example_dataset_alias.py for tasks to queue
[2025-04-25T23:43:29.866+0000] {logging_mixin.py:190} INFO - [2025-04-25T23:43:29.865+0000] {dagbag.py:588} INFO - Filling up the DagBag from /home/airflow/.local/lib/python3.12/site-packages/airflow/example_dags/example_dataset_alias.py
[2025-04-25T23:43:30.679+0000] {processor.py:925} INFO - DAG(s) 'dataset_alias_example_alias_producer', 'dataset_s3_bucket_producer', 'dataset_s3_bucket_consumer', 'dataset_alias_example_alias_consumer' retrieved from /home/airflow/.local/lib/python3.12/site-packages/airflow/example_dags/example_dataset_alias.py
[2025-04-25T23:43:30.708+0000] {logging_mixin.py:190} INFO - [2025-04-25T23:43:30.707+0000] {dag.py:3239} INFO - Sync 4 DAGs
[2025-04-25T23:43:30.748+0000] {logging_mixin.py:190} INFO - [2025-04-25T23:43:30.748+0000] {dag.py:4180} INFO - Setting next_dagrun for dataset_alias_example_alias_consumer to None, run_after=None
[2025-04-25T23:43:30.752+0000] {logging_mixin.py:190} INFO - [2025-04-25T23:43:30.751+0000] {dag.py:4180} INFO - Setting next_dagrun for dataset_alias_example_alias_producer to None, run_after=None
[2025-04-25T23:43:30.756+0000] {logging_mixin.py:190} INFO - [2025-04-25T23:43:30.756+0000] {dag.py:4180} INFO - Setting next_dagrun for dataset_s3_bucket_consumer to None, run_after=None
[2025-04-25T23:43:30.760+0000] {logging_mixin.py:190} INFO - [2025-04-25T23:43:30.759+0000] {dag.py:4180} INFO - Setting next_dagrun for dataset_s3_bucket_producer to None, run_after=None
[2025-04-25T23:43:30.795+0000] {processor.py:208} INFO - Processing /home/airflow/.local/lib/python3.12/site-packages/airflow/example_dags/example_dataset_alias.py took 0.944 seconds
[2025-04-25T23:44:01.442+0000] {processor.py:186} INFO - Started process (PID=822) to work on /home/airflow/.local/lib/python3.12/site-packages/airflow/example_dags/example_dataset_alias.py
[2025-04-25T23:44:01.443+0000] {processor.py:914} INFO - Processing file /home/airflow/.local/lib/python3.12/site-packages/airflow/example_dags/example_dataset_alias.py for tasks to queue
[2025-04-25T23:44:01.448+0000] {logging_mixin.py:190} INFO - [2025-04-25T23:44:01.448+0000] {dagbag.py:588} INFO - Filling up the DagBag from /home/airflow/.local/lib/python3.12/site-packages/airflow/example_dags/example_dataset_alias.py
[2025-04-25T23:44:02.501+0000] {processor.py:925} INFO - DAG(s) 'dataset_s3_bucket_producer', 'dataset_alias_example_alias_producer', 'dataset_alias_example_alias_consumer', 'dataset_s3_bucket_consumer' retrieved from /home/airflow/.local/lib/python3.12/site-packages/airflow/example_dags/example_dataset_alias.py
[2025-04-25T23:44:02.536+0000] {logging_mixin.py:190} INFO - [2025-04-25T23:44:02.536+0000] {dag.py:3239} INFO - Sync 4 DAGs
[2025-04-25T23:44:02.580+0000] {logging_mixin.py:190} INFO - [2025-04-25T23:44:02.580+0000] {dag.py:4180} INFO - Setting next_dagrun for dataset_alias_example_alias_consumer to None, run_after=None
[2025-04-25T23:44:02.585+0000] {logging_mixin.py:190} INFO - [2025-04-25T23:44:02.584+0000] {dag.py:4180} INFO - Setting next_dagrun for dataset_alias_example_alias_producer to None, run_after=None
[2025-04-25T23:44:02.591+0000] {logging_mixin.py:190} INFO - [2025-04-25T23:44:02.591+0000] {dag.py:4180} INFO - Setting next_dagrun for dataset_s3_bucket_consumer to None, run_after=None
[2025-04-25T23:44:02.593+0000] {logging_mixin.py:190} INFO - [2025-04-25T23:44:02.593+0000] {dag.py:4180} INFO - Setting next_dagrun for dataset_s3_bucket_producer to None, run_after=None
[2025-04-25T23:44:02.630+0000] {processor.py:208} INFO - Processing /home/airflow/.local/lib/python3.12/site-packages/airflow/example_dags/example_dataset_alias.py took 1.198 seconds
[2025-04-25T23:44:33.417+0000] {processor.py:186} INFO - Started process (PID=890) to work on /home/airflow/.local/lib/python3.12/site-packages/airflow/example_dags/example_dataset_alias.py
[2025-04-25T23:44:33.420+0000] {processor.py:914} INFO - Processing file /home/airflow/.local/lib/python3.12/site-packages/airflow/example_dags/example_dataset_alias.py for tasks to queue
[2025-04-25T23:44:33.424+0000] {logging_mixin.py:190} INFO - [2025-04-25T23:44:33.423+0000] {dagbag.py:588} INFO - Filling up the DagBag from /home/airflow/.local/lib/python3.12/site-packages/airflow/example_dags/example_dataset_alias.py
[2025-04-25T23:44:34.241+0000] {processor.py:925} INFO - DAG(s) 'dataset_alias_example_alias_producer', 'dataset_s3_bucket_consumer', 'dataset_alias_example_alias_consumer', 'dataset_s3_bucket_producer' retrieved from /home/airflow/.local/lib/python3.12/site-packages/airflow/example_dags/example_dataset_alias.py
[2025-04-25T23:44:34.280+0000] {logging_mixin.py:190} INFO - [2025-04-25T23:44:34.279+0000] {dag.py:3239} INFO - Sync 4 DAGs
[2025-04-25T23:44:34.309+0000] {logging_mixin.py:190} INFO - [2025-04-25T23:44:34.309+0000] {dag.py:4180} INFO - Setting next_dagrun for dataset_alias_example_alias_consumer to None, run_after=None
[2025-04-25T23:44:34.312+0000] {logging_mixin.py:190} INFO - [2025-04-25T23:44:34.312+0000] {dag.py:4180} INFO - Setting next_dagrun for dataset_alias_example_alias_producer to None, run_after=None
[2025-04-25T23:44:34.316+0000] {logging_mixin.py:190} INFO - [2025-04-25T23:44:34.315+0000] {dag.py:4180} INFO - Setting next_dagrun for dataset_s3_bucket_consumer to None, run_after=None
[2025-04-25T23:44:34.317+0000] {logging_mixin.py:190} INFO - [2025-04-25T23:44:34.317+0000] {dag.py:4180} INFO - Setting next_dagrun for dataset_s3_bucket_producer to None, run_after=None
[2025-04-25T23:44:34.346+0000] {processor.py:208} INFO - Processing /home/airflow/.local/lib/python3.12/site-packages/airflow/example_dags/example_dataset_alias.py took 0.937 seconds
[2025-04-25T23:45:04.526+0000] {processor.py:186} INFO - Started process (PID=958) to work on /home/airflow/.local/lib/python3.12/site-packages/airflow/example_dags/example_dataset_alias.py
[2025-04-25T23:45:04.527+0000] {processor.py:914} INFO - Processing file /home/airflow/.local/lib/python3.12/site-packages/airflow/example_dags/example_dataset_alias.py for tasks to queue
[2025-04-25T23:45:04.534+0000] {logging_mixin.py:190} INFO - [2025-04-25T23:45:04.533+0000] {dagbag.py:588} INFO - Filling up the DagBag from /home/airflow/.local/lib/python3.12/site-packages/airflow/example_dags/example_dataset_alias.py
[2025-04-25T23:45:05.764+0000] {processor.py:925} INFO - DAG(s) 'dataset_s3_bucket_consumer', 'dataset_alias_example_alias_producer', 'dataset_alias_example_alias_consumer', 'dataset_s3_bucket_producer' retrieved from /home/airflow/.local/lib/python3.12/site-packages/airflow/example_dags/example_dataset_alias.py
[2025-04-25T23:45:05.792+0000] {logging_mixin.py:190} INFO - [2025-04-25T23:45:05.792+0000] {dag.py:3239} INFO - Sync 4 DAGs
[2025-04-25T23:45:05.824+0000] {logging_mixin.py:190} INFO - [2025-04-25T23:45:05.824+0000] {dag.py:4180} INFO - Setting next_dagrun for dataset_alias_example_alias_consumer to None, run_after=None
[2025-04-25T23:45:05.828+0000] {logging_mixin.py:190} INFO - [2025-04-25T23:45:05.828+0000] {dag.py:4180} INFO - Setting next_dagrun for dataset_alias_example_alias_producer to None, run_after=None
[2025-04-25T23:45:05.832+0000] {logging_mixin.py:190} INFO - [2025-04-25T23:45:05.832+0000] {dag.py:4180} INFO - Setting next_dagrun for dataset_s3_bucket_consumer to None, run_after=None
[2025-04-25T23:45:05.835+0000] {logging_mixin.py:190} INFO - [2025-04-25T23:45:05.834+0000] {dag.py:4180} INFO - Setting next_dagrun for dataset_s3_bucket_producer to None, run_after=None
[2025-04-25T23:45:05.869+0000] {processor.py:208} INFO - Processing /home/airflow/.local/lib/python3.12/site-packages/airflow/example_dags/example_dataset_alias.py took 1.365 seconds
[2025-04-25T23:45:36.072+0000] {processor.py:186} INFO - Started process (PID=1022) to work on /home/airflow/.local/lib/python3.12/site-packages/airflow/example_dags/example_dataset_alias.py
[2025-04-25T23:45:36.075+0000] {processor.py:914} INFO - Processing file /home/airflow/.local/lib/python3.12/site-packages/airflow/example_dags/example_dataset_alias.py for tasks to queue
[2025-04-25T23:45:36.079+0000] {logging_mixin.py:190} INFO - [2025-04-25T23:45:36.079+0000] {dagbag.py:588} INFO - Filling up the DagBag from /home/airflow/.local/lib/python3.12/site-packages/airflow/example_dags/example_dataset_alias.py
[2025-04-25T23:45:37.299+0000] {processor.py:925} INFO - DAG(s) 'dataset_alias_example_alias_consumer', 'dataset_alias_example_alias_producer', 'dataset_s3_bucket_consumer', 'dataset_s3_bucket_producer' retrieved from /home/airflow/.local/lib/python3.12/site-packages/airflow/example_dags/example_dataset_alias.py
[2025-04-25T23:45:37.339+0000] {logging_mixin.py:190} INFO - [2025-04-25T23:45:37.339+0000] {dag.py:3239} INFO - Sync 4 DAGs
[2025-04-25T23:45:37.384+0000] {logging_mixin.py:190} INFO - [2025-04-25T23:45:37.383+0000] {dag.py:4180} INFO - Setting next_dagrun for dataset_alias_example_alias_consumer to None, run_after=None
[2025-04-25T23:45:37.391+0000] {logging_mixin.py:190} INFO - [2025-04-25T23:45:37.391+0000] {dag.py:4180} INFO - Setting next_dagrun for dataset_alias_example_alias_producer to None, run_after=None
[2025-04-25T23:45:37.395+0000] {logging_mixin.py:190} INFO - [2025-04-25T23:45:37.395+0000] {dag.py:4180} INFO - Setting next_dagrun for dataset_s3_bucket_consumer to None, run_after=None
[2025-04-25T23:45:37.398+0000] {logging_mixin.py:190} INFO - [2025-04-25T23:45:37.397+0000] {dag.py:4180} INFO - Setting next_dagrun for dataset_s3_bucket_producer to None, run_after=None
[2025-04-25T23:45:37.441+0000] {processor.py:208} INFO - Processing /home/airflow/.local/lib/python3.12/site-packages/airflow/example_dags/example_dataset_alias.py took 1.378 seconds
[2025-04-25T23:46:08.067+0000] {processor.py:186} INFO - Started process (PID=1084) to work on /home/airflow/.local/lib/python3.12/site-packages/airflow/example_dags/example_dataset_alias.py
[2025-04-25T23:46:08.074+0000] {processor.py:914} INFO - Processing file /home/airflow/.local/lib/python3.12/site-packages/airflow/example_dags/example_dataset_alias.py for tasks to queue
[2025-04-25T23:46:08.080+0000] {logging_mixin.py:190} INFO - [2025-04-25T23:46:08.079+0000] {dagbag.py:588} INFO - Filling up the DagBag from /home/airflow/.local/lib/python3.12/site-packages/airflow/example_dags/example_dataset_alias.py
[2025-04-25T23:46:10.533+0000] {processor.py:925} INFO - DAG(s) 'dataset_s3_bucket_producer', 'dataset_s3_bucket_consumer', 'dataset_alias_example_alias_producer', 'dataset_alias_example_alias_consumer' retrieved from /home/airflow/.local/lib/python3.12/site-packages/airflow/example_dags/example_dataset_alias.py
[2025-04-25T23:46:10.618+0000] {logging_mixin.py:190} INFO - [2025-04-25T23:46:10.617+0000] {dag.py:3239} INFO - Sync 4 DAGs
[2025-04-25T23:46:10.695+0000] {logging_mixin.py:190} INFO - [2025-04-25T23:46:10.695+0000] {dag.py:4180} INFO - Setting next_dagrun for dataset_alias_example_alias_consumer to None, run_after=None
[2025-04-25T23:46:10.701+0000] {logging_mixin.py:190} INFO - [2025-04-25T23:46:10.700+0000] {dag.py:4180} INFO - Setting next_dagrun for dataset_alias_example_alias_producer to None, run_after=None
[2025-04-25T23:46:10.709+0000] {logging_mixin.py:190} INFO - [2025-04-25T23:46:10.708+0000] {dag.py:4180} INFO - Setting next_dagrun for dataset_s3_bucket_consumer to None, run_after=None
[2025-04-25T23:46:10.712+0000] {logging_mixin.py:190} INFO - [2025-04-25T23:46:10.711+0000] {dag.py:4180} INFO - Setting next_dagrun for dataset_s3_bucket_producer to None, run_after=None
[2025-04-25T23:46:10.765+0000] {processor.py:208} INFO - Processing /home/airflow/.local/lib/python3.12/site-packages/airflow/example_dags/example_dataset_alias.py took 2.733 seconds
[2025-04-25T23:46:46.124+0000] {processor.py:186} INFO - Started process (PID=1127) to work on /home/airflow/.local/lib/python3.12/site-packages/airflow/example_dags/example_dataset_alias.py
[2025-04-25T23:46:46.126+0000] {processor.py:914} INFO - Processing file /home/airflow/.local/lib/python3.12/site-packages/airflow/example_dags/example_dataset_alias.py for tasks to queue
[2025-04-25T23:46:46.133+0000] {logging_mixin.py:190} INFO - [2025-04-25T23:46:46.132+0000] {dagbag.py:588} INFO - Filling up the DagBag from /home/airflow/.local/lib/python3.12/site-packages/airflow/example_dags/example_dataset_alias.py
[2025-04-25T23:46:48.214+0000] {processor.py:925} INFO - DAG(s) 'dataset_s3_bucket_producer', 'dataset_alias_example_alias_consumer', 'dataset_s3_bucket_consumer', 'dataset_alias_example_alias_producer' retrieved from /home/airflow/.local/lib/python3.12/site-packages/airflow/example_dags/example_dataset_alias.py
[2025-04-25T23:46:48.339+0000] {logging_mixin.py:190} INFO - [2025-04-25T23:46:48.336+0000] {dag.py:3239} INFO - Sync 4 DAGs
[2025-04-25T23:46:48.590+0000] {logging_mixin.py:190} INFO - [2025-04-25T23:46:48.426+0000] {dag.py:4180} INFO - Setting next_dagrun for dataset_alias_example_alias_consumer to None, run_after=None
[2025-04-25T23:46:48.606+0000] {logging_mixin.py:190} INFO - [2025-04-25T23:46:48.606+0000] {dag.py:4180} INFO - Setting next_dagrun for dataset_alias_example_alias_producer to None, run_after=None
[2025-04-25T23:46:48.645+0000] {logging_mixin.py:190} INFO - [2025-04-25T23:46:48.644+0000] {dag.py:4180} INFO - Setting next_dagrun for dataset_s3_bucket_consumer to None, run_after=None
[2025-04-25T23:46:48.647+0000] {logging_mixin.py:190} INFO - [2025-04-25T23:46:48.647+0000] {dag.py:4180} INFO - Setting next_dagrun for dataset_s3_bucket_producer to None, run_after=None
[2025-04-25T23:46:48.699+0000] {processor.py:208} INFO - Processing /home/airflow/.local/lib/python3.12/site-packages/airflow/example_dags/example_dataset_alias.py took 2.587 seconds
[2025-04-25T23:47:19.237+0000] {processor.py:186} INFO - Started process (PID=1196) to work on /home/airflow/.local/lib/python3.12/site-packages/airflow/example_dags/example_dataset_alias.py
[2025-04-25T23:47:19.241+0000] {processor.py:914} INFO - Processing file /home/airflow/.local/lib/python3.12/site-packages/airflow/example_dags/example_dataset_alias.py for tasks to queue
[2025-04-25T23:47:19.249+0000] {logging_mixin.py:190} INFO - [2025-04-25T23:47:19.248+0000] {dagbag.py:588} INFO - Filling up the DagBag from /home/airflow/.local/lib/python3.12/site-packages/airflow/example_dags/example_dataset_alias.py
[2025-04-25T23:47:20.677+0000] {processor.py:925} INFO - DAG(s) 'dataset_s3_bucket_consumer', 'dataset_alias_example_alias_consumer', 'dataset_s3_bucket_producer', 'dataset_alias_example_alias_producer' retrieved from /home/airflow/.local/lib/python3.12/site-packages/airflow/example_dags/example_dataset_alias.py
[2025-04-25T23:47:20.734+0000] {logging_mixin.py:190} INFO - [2025-04-25T23:47:20.733+0000] {dag.py:3239} INFO - Sync 4 DAGs
[2025-04-25T23:47:20.785+0000] {logging_mixin.py:190} INFO - [2025-04-25T23:47:20.785+0000] {dag.py:4180} INFO - Setting next_dagrun for dataset_alias_example_alias_consumer to None, run_after=None
[2025-04-25T23:47:20.790+0000] {logging_mixin.py:190} INFO - [2025-04-25T23:47:20.789+0000] {dag.py:4180} INFO - Setting next_dagrun for dataset_alias_example_alias_producer to None, run_after=None
[2025-04-25T23:47:20.794+0000] {logging_mixin.py:190} INFO - [2025-04-25T23:47:20.793+0000] {dag.py:4180} INFO - Setting next_dagrun for dataset_s3_bucket_consumer to None, run_after=None
[2025-04-25T23:47:20.799+0000] {logging_mixin.py:190} INFO - [2025-04-25T23:47:20.799+0000] {dag.py:4180} INFO - Setting next_dagrun for dataset_s3_bucket_producer to None, run_after=None
[2025-04-25T23:47:20.842+0000] {processor.py:208} INFO - Processing /home/airflow/.local/lib/python3.12/site-packages/airflow/example_dags/example_dataset_alias.py took 1.617 seconds
[2025-04-25T23:47:50.956+0000] {processor.py:186} INFO - Started process (PID=1263) to work on /home/airflow/.local/lib/python3.12/site-packages/airflow/example_dags/example_dataset_alias.py
[2025-04-25T23:47:50.959+0000] {processor.py:914} INFO - Processing file /home/airflow/.local/lib/python3.12/site-packages/airflow/example_dags/example_dataset_alias.py for tasks to queue
[2025-04-25T23:47:50.967+0000] {logging_mixin.py:190} INFO - [2025-04-25T23:47:50.967+0000] {dagbag.py:588} INFO - Filling up the DagBag from /home/airflow/.local/lib/python3.12/site-packages/airflow/example_dags/example_dataset_alias.py
[2025-04-25T23:47:52.185+0000] {processor.py:925} INFO - DAG(s) 'dataset_alias_example_alias_producer', 'dataset_s3_bucket_producer', 'dataset_s3_bucket_consumer', 'dataset_alias_example_alias_consumer' retrieved from /home/airflow/.local/lib/python3.12/site-packages/airflow/example_dags/example_dataset_alias.py
[2025-04-25T23:47:52.233+0000] {logging_mixin.py:190} INFO - [2025-04-25T23:47:52.233+0000] {dag.py:3239} INFO - Sync 4 DAGs
[2025-04-25T23:47:52.266+0000] {logging_mixin.py:190} INFO - [2025-04-25T23:47:52.265+0000] {dag.py:4180} INFO - Setting next_dagrun for dataset_alias_example_alias_consumer to None, run_after=None
[2025-04-25T23:47:52.270+0000] {logging_mixin.py:190} INFO - [2025-04-25T23:47:52.270+0000] {dag.py:4180} INFO - Setting next_dagrun for dataset_alias_example_alias_producer to None, run_after=None
[2025-04-25T23:47:52.274+0000] {logging_mixin.py:190} INFO - [2025-04-25T23:47:52.273+0000] {dag.py:4180} INFO - Setting next_dagrun for dataset_s3_bucket_consumer to None, run_after=None
[2025-04-25T23:47:52.278+0000] {logging_mixin.py:190} INFO - [2025-04-25T23:47:52.277+0000] {dag.py:4180} INFO - Setting next_dagrun for dataset_s3_bucket_producer to None, run_after=None
[2025-04-25T23:47:52.323+0000] {processor.py:208} INFO - Processing /home/airflow/.local/lib/python3.12/site-packages/airflow/example_dags/example_dataset_alias.py took 1.376 seconds
[2025-04-25T23:48:22.479+0000] {processor.py:186} INFO - Started process (PID=1328) to work on /home/airflow/.local/lib/python3.12/site-packages/airflow/example_dags/example_dataset_alias.py
[2025-04-25T23:48:22.481+0000] {processor.py:914} INFO - Processing file /home/airflow/.local/lib/python3.12/site-packages/airflow/example_dags/example_dataset_alias.py for tasks to queue
[2025-04-25T23:48:22.484+0000] {logging_mixin.py:190} INFO - [2025-04-25T23:48:22.484+0000] {dagbag.py:588} INFO - Filling up the DagBag from /home/airflow/.local/lib/python3.12/site-packages/airflow/example_dags/example_dataset_alias.py
[2025-04-25T23:48:23.326+0000] {processor.py:925} INFO - DAG(s) 'dataset_s3_bucket_producer', 'dataset_alias_example_alias_consumer', 'dataset_alias_example_alias_producer', 'dataset_s3_bucket_consumer' retrieved from /home/airflow/.local/lib/python3.12/site-packages/airflow/example_dags/example_dataset_alias.py
[2025-04-25T23:48:23.355+0000] {logging_mixin.py:190} INFO - [2025-04-25T23:48:23.354+0000] {dag.py:3239} INFO - Sync 4 DAGs
[2025-04-25T23:48:23.385+0000] {logging_mixin.py:190} INFO - [2025-04-25T23:48:23.384+0000] {dag.py:4180} INFO - Setting next_dagrun for dataset_alias_example_alias_consumer to None, run_after=None
[2025-04-25T23:48:23.388+0000] {logging_mixin.py:190} INFO - [2025-04-25T23:48:23.387+0000] {dag.py:4180} INFO - Setting next_dagrun for dataset_alias_example_alias_producer to None, run_after=None
[2025-04-25T23:48:23.391+0000] {logging_mixin.py:190} INFO - [2025-04-25T23:48:23.391+0000] {dag.py:4180} INFO - Setting next_dagrun for dataset_s3_bucket_consumer to None, run_after=None
[2025-04-25T23:48:23.393+0000] {logging_mixin.py:190} INFO - [2025-04-25T23:48:23.393+0000] {dag.py:4180} INFO - Setting next_dagrun for dataset_s3_bucket_producer to None, run_after=None
[2025-04-25T23:48:23.424+0000] {processor.py:208} INFO - Processing /home/airflow/.local/lib/python3.12/site-packages/airflow/example_dags/example_dataset_alias.py took 0.953 seconds
[2025-04-25T23:48:53.648+0000] {processor.py:186} INFO - Started process (PID=1395) to work on /home/airflow/.local/lib/python3.12/site-packages/airflow/example_dags/example_dataset_alias.py
[2025-04-25T23:48:53.650+0000] {processor.py:914} INFO - Processing file /home/airflow/.local/lib/python3.12/site-packages/airflow/example_dags/example_dataset_alias.py for tasks to queue
[2025-04-25T23:48:53.659+0000] {logging_mixin.py:190} INFO - [2025-04-25T23:48:53.658+0000] {dagbag.py:588} INFO - Filling up the DagBag from /home/airflow/.local/lib/python3.12/site-packages/airflow/example_dags/example_dataset_alias.py
[2025-04-25T23:48:54.687+0000] {processor.py:925} INFO - DAG(s) 'dataset_s3_bucket_producer', 'dataset_alias_example_alias_consumer', 'dataset_alias_example_alias_producer', 'dataset_s3_bucket_consumer' retrieved from /home/airflow/.local/lib/python3.12/site-packages/airflow/example_dags/example_dataset_alias.py
[2025-04-25T23:48:54.711+0000] {logging_mixin.py:190} INFO - [2025-04-25T23:48:54.711+0000] {dag.py:3239} INFO - Sync 4 DAGs
[2025-04-25T23:48:54.738+0000] {logging_mixin.py:190} INFO - [2025-04-25T23:48:54.738+0000] {dag.py:4180} INFO - Setting next_dagrun for dataset_alias_example_alias_consumer to None, run_after=None
[2025-04-25T23:48:54.742+0000] {logging_mixin.py:190} INFO - [2025-04-25T23:48:54.742+0000] {dag.py:4180} INFO - Setting next_dagrun for dataset_alias_example_alias_producer to None, run_after=None
[2025-04-25T23:48:54.744+0000] {logging_mixin.py:190} INFO - [2025-04-25T23:48:54.744+0000] {dag.py:4180} INFO - Setting next_dagrun for dataset_s3_bucket_consumer to None, run_after=None
[2025-04-25T23:48:54.745+0000] {logging_mixin.py:190} INFO - [2025-04-25T23:48:54.745+0000] {dag.py:4180} INFO - Setting next_dagrun for dataset_s3_bucket_producer to None, run_after=None
[2025-04-25T23:48:54.775+0000] {processor.py:208} INFO - Processing /home/airflow/.local/lib/python3.12/site-packages/airflow/example_dags/example_dataset_alias.py took 1.134 seconds
[2025-04-25T23:49:25.201+0000] {processor.py:186} INFO - Started process (PID=1459) to work on /home/airflow/.local/lib/python3.12/site-packages/airflow/example_dags/example_dataset_alias.py
[2025-04-25T23:49:25.202+0000] {processor.py:914} INFO - Processing file /home/airflow/.local/lib/python3.12/site-packages/airflow/example_dags/example_dataset_alias.py for tasks to queue
[2025-04-25T23:49:25.207+0000] {logging_mixin.py:190} INFO - [2025-04-25T23:49:25.207+0000] {dagbag.py:588} INFO - Filling up the DagBag from /home/airflow/.local/lib/python3.12/site-packages/airflow/example_dags/example_dataset_alias.py
[2025-04-25T23:49:26.123+0000] {processor.py:925} INFO - DAG(s) 'dataset_s3_bucket_producer', 'dataset_alias_example_alias_consumer', 'dataset_alias_example_alias_producer', 'dataset_s3_bucket_consumer' retrieved from /home/airflow/.local/lib/python3.12/site-packages/airflow/example_dags/example_dataset_alias.py
[2025-04-25T23:49:26.153+0000] {logging_mixin.py:190} INFO - [2025-04-25T23:49:26.152+0000] {dag.py:3239} INFO - Sync 4 DAGs
[2025-04-25T23:49:26.184+0000] {logging_mixin.py:190} INFO - [2025-04-25T23:49:26.184+0000] {dag.py:4180} INFO - Setting next_dagrun for dataset_alias_example_alias_consumer to None, run_after=None
[2025-04-25T23:49:26.190+0000] {logging_mixin.py:190} INFO - [2025-04-25T23:49:26.190+0000] {dag.py:4180} INFO - Setting next_dagrun for dataset_alias_example_alias_producer to None, run_after=None
[2025-04-25T23:49:26.203+0000] {logging_mixin.py:190} INFO - [2025-04-25T23:49:26.203+0000] {dag.py:4180} INFO - Setting next_dagrun for dataset_s3_bucket_consumer to None, run_after=None
[2025-04-25T23:49:26.205+0000] {logging_mixin.py:190} INFO - [2025-04-25T23:49:26.205+0000] {dag.py:4180} INFO - Setting next_dagrun for dataset_s3_bucket_producer to None, run_after=None
[2025-04-25T23:49:26.239+0000] {processor.py:208} INFO - Processing /home/airflow/.local/lib/python3.12/site-packages/airflow/example_dags/example_dataset_alias.py took 1.054 seconds
[2025-04-25T23:49:56.544+0000] {processor.py:186} INFO - Started process (PID=1522) to work on /home/airflow/.local/lib/python3.12/site-packages/airflow/example_dags/example_dataset_alias.py
[2025-04-25T23:49:56.545+0000] {processor.py:914} INFO - Processing file /home/airflow/.local/lib/python3.12/site-packages/airflow/example_dags/example_dataset_alias.py for tasks to queue
[2025-04-25T23:49:56.549+0000] {logging_mixin.py:190} INFO - [2025-04-25T23:49:56.549+0000] {dagbag.py:588} INFO - Filling up the DagBag from /home/airflow/.local/lib/python3.12/site-packages/airflow/example_dags/example_dataset_alias.py
[2025-04-25T23:49:57.689+0000] {processor.py:925} INFO - DAG(s) 'dataset_alias_example_alias_consumer', 'dataset_s3_bucket_producer', 'dataset_s3_bucket_consumer', 'dataset_alias_example_alias_producer' retrieved from /home/airflow/.local/lib/python3.12/site-packages/airflow/example_dags/example_dataset_alias.py
[2025-04-25T23:49:57.722+0000] {logging_mixin.py:190} INFO - [2025-04-25T23:49:57.721+0000] {dag.py:3239} INFO - Sync 4 DAGs
[2025-04-25T23:49:57.753+0000] {logging_mixin.py:190} INFO - [2025-04-25T23:49:57.753+0000] {dag.py:4180} INFO - Setting next_dagrun for dataset_alias_example_alias_consumer to None, run_after=None
[2025-04-25T23:49:57.757+0000] {logging_mixin.py:190} INFO - [2025-04-25T23:49:57.757+0000] {dag.py:4180} INFO - Setting next_dagrun for dataset_alias_example_alias_producer to None, run_after=None
[2025-04-25T23:49:57.761+0000] {logging_mixin.py:190} INFO - [2025-04-25T23:49:57.761+0000] {dag.py:4180} INFO - Setting next_dagrun for dataset_s3_bucket_consumer to None, run_after=None
[2025-04-25T23:49:57.763+0000] {logging_mixin.py:190} INFO - [2025-04-25T23:49:57.763+0000] {dag.py:4180} INFO - Setting next_dagrun for dataset_s3_bucket_producer to None, run_after=None
[2025-04-25T23:49:57.797+0000] {processor.py:208} INFO - Processing /home/airflow/.local/lib/python3.12/site-packages/airflow/example_dags/example_dataset_alias.py took 1.278 seconds
[2025-04-25T23:50:28.305+0000] {processor.py:186} INFO - Started process (PID=1586) to work on /home/airflow/.local/lib/python3.12/site-packages/airflow/example_dags/example_dataset_alias.py
[2025-04-25T23:50:28.306+0000] {processor.py:914} INFO - Processing file /home/airflow/.local/lib/python3.12/site-packages/airflow/example_dags/example_dataset_alias.py for tasks to queue
[2025-04-25T23:50:28.311+0000] {logging_mixin.py:190} INFO - [2025-04-25T23:50:28.310+0000] {dagbag.py:588} INFO - Filling up the DagBag from /home/airflow/.local/lib/python3.12/site-packages/airflow/example_dags/example_dataset_alias.py
[2025-04-25T23:50:29.128+0000] {processor.py:925} INFO - DAG(s) 'dataset_alias_example_alias_producer', 'dataset_s3_bucket_producer', 'dataset_alias_example_alias_consumer', 'dataset_s3_bucket_consumer' retrieved from /home/airflow/.local/lib/python3.12/site-packages/airflow/example_dags/example_dataset_alias.py
[2025-04-25T23:50:29.158+0000] {logging_mixin.py:190} INFO - [2025-04-25T23:50:29.157+0000] {dag.py:3239} INFO - Sync 4 DAGs
[2025-04-25T23:50:29.183+0000] {logging_mixin.py:190} INFO - [2025-04-25T23:50:29.183+0000] {dag.py:4180} INFO - Setting next_dagrun for dataset_alias_example_alias_consumer to None, run_after=None
[2025-04-25T23:50:29.188+0000] {logging_mixin.py:190} INFO - [2025-04-25T23:50:29.188+0000] {dag.py:4180} INFO - Setting next_dagrun for dataset_alias_example_alias_producer to None, run_after=None
[2025-04-25T23:50:29.190+0000] {logging_mixin.py:190} INFO - [2025-04-25T23:50:29.190+0000] {dag.py:4180} INFO - Setting next_dagrun for dataset_s3_bucket_consumer to None, run_after=None
[2025-04-25T23:50:29.192+0000] {logging_mixin.py:190} INFO - [2025-04-25T23:50:29.192+0000] {dag.py:4180} INFO - Setting next_dagrun for dataset_s3_bucket_producer to None, run_after=None
[2025-04-25T23:50:29.237+0000] {processor.py:208} INFO - Processing /home/airflow/.local/lib/python3.12/site-packages/airflow/example_dags/example_dataset_alias.py took 0.946 seconds
[2025-04-25T23:50:59.643+0000] {processor.py:186} INFO - Started process (PID=1654) to work on /home/airflow/.local/lib/python3.12/site-packages/airflow/example_dags/example_dataset_alias.py
[2025-04-25T23:50:59.648+0000] {processor.py:914} INFO - Processing file /home/airflow/.local/lib/python3.12/site-packages/airflow/example_dags/example_dataset_alias.py for tasks to queue
[2025-04-25T23:50:59.652+0000] {logging_mixin.py:190} INFO - [2025-04-25T23:50:59.651+0000] {dagbag.py:588} INFO - Filling up the DagBag from /home/airflow/.local/lib/python3.12/site-packages/airflow/example_dags/example_dataset_alias.py
[2025-04-25T23:51:00.576+0000] {processor.py:925} INFO - DAG(s) 'dataset_alias_example_alias_consumer', 'dataset_s3_bucket_producer', 'dataset_alias_example_alias_producer', 'dataset_s3_bucket_consumer' retrieved from /home/airflow/.local/lib/python3.12/site-packages/airflow/example_dags/example_dataset_alias.py
[2025-04-25T23:51:00.621+0000] {logging_mixin.py:190} INFO - [2025-04-25T23:51:00.620+0000] {dag.py:3239} INFO - Sync 4 DAGs
[2025-04-25T23:51:00.650+0000] {logging_mixin.py:190} INFO - [2025-04-25T23:51:00.650+0000] {dag.py:4180} INFO - Setting next_dagrun for dataset_alias_example_alias_consumer to None, run_after=None
[2025-04-25T23:51:00.653+0000] {logging_mixin.py:190} INFO - [2025-04-25T23:51:00.653+0000] {dag.py:4180} INFO - Setting next_dagrun for dataset_alias_example_alias_producer to None, run_after=None
[2025-04-25T23:51:00.656+0000] {logging_mixin.py:190} INFO - [2025-04-25T23:51:00.656+0000] {dag.py:4180} INFO - Setting next_dagrun for dataset_s3_bucket_consumer to None, run_after=None
[2025-04-25T23:51:00.658+0000] {logging_mixin.py:190} INFO - [2025-04-25T23:51:00.657+0000] {dag.py:4180} INFO - Setting next_dagrun for dataset_s3_bucket_producer to None, run_after=None
[2025-04-25T23:51:00.685+0000] {processor.py:208} INFO - Processing /home/airflow/.local/lib/python3.12/site-packages/airflow/example_dags/example_dataset_alias.py took 1.061 seconds
[2025-04-25T23:51:31.078+0000] {processor.py:186} INFO - Started process (PID=1717) to work on /home/airflow/.local/lib/python3.12/site-packages/airflow/example_dags/example_dataset_alias.py
[2025-04-25T23:51:31.080+0000] {processor.py:914} INFO - Processing file /home/airflow/.local/lib/python3.12/site-packages/airflow/example_dags/example_dataset_alias.py for tasks to queue
[2025-04-25T23:51:31.084+0000] {logging_mixin.py:190} INFO - [2025-04-25T23:51:31.083+0000] {dagbag.py:588} INFO - Filling up the DagBag from /home/airflow/.local/lib/python3.12/site-packages/airflow/example_dags/example_dataset_alias.py
[2025-04-25T23:51:32.087+0000] {processor.py:925} INFO - DAG(s) 'dataset_s3_bucket_producer', 'dataset_alias_example_alias_consumer', 'dataset_alias_example_alias_producer', 'dataset_s3_bucket_consumer' retrieved from /home/airflow/.local/lib/python3.12/site-packages/airflow/example_dags/example_dataset_alias.py
[2025-04-25T23:51:32.121+0000] {logging_mixin.py:190} INFO - [2025-04-25T23:51:32.121+0000] {dag.py:3239} INFO - Sync 4 DAGs
[2025-04-25T23:51:32.154+0000] {logging_mixin.py:190} INFO - [2025-04-25T23:51:32.154+0000] {dag.py:4180} INFO - Setting next_dagrun for dataset_alias_example_alias_consumer to None, run_after=None
[2025-04-25T23:51:32.158+0000] {logging_mixin.py:190} INFO - [2025-04-25T23:51:32.158+0000] {dag.py:4180} INFO - Setting next_dagrun for dataset_alias_example_alias_producer to None, run_after=None
[2025-04-25T23:51:32.160+0000] {logging_mixin.py:190} INFO - [2025-04-25T23:51:32.160+0000] {dag.py:4180} INFO - Setting next_dagrun for dataset_s3_bucket_consumer to None, run_after=None
[2025-04-25T23:51:32.162+0000] {logging_mixin.py:190} INFO - [2025-04-25T23:51:32.162+0000] {dag.py:4180} INFO - Setting next_dagrun for dataset_s3_bucket_producer to None, run_after=None
[2025-04-25T23:51:32.201+0000] {processor.py:208} INFO - Processing /home/airflow/.local/lib/python3.12/site-packages/airflow/example_dags/example_dataset_alias.py took 1.135 seconds
[2025-04-25T23:52:02.349+0000] {processor.py:186} INFO - Started process (PID=1780) to work on /home/airflow/.local/lib/python3.12/site-packages/airflow/example_dags/example_dataset_alias.py
[2025-04-25T23:52:02.350+0000] {processor.py:914} INFO - Processing file /home/airflow/.local/lib/python3.12/site-packages/airflow/example_dags/example_dataset_alias.py for tasks to queue
[2025-04-25T23:52:02.353+0000] {logging_mixin.py:190} INFO - [2025-04-25T23:52:02.352+0000] {dagbag.py:588} INFO - Filling up the DagBag from /home/airflow/.local/lib/python3.12/site-packages/airflow/example_dags/example_dataset_alias.py
[2025-04-25T23:52:03.018+0000] {processor.py:925} INFO - DAG(s) 'dataset_alias_example_alias_consumer', 'dataset_s3_bucket_producer', 'dataset_alias_example_alias_producer', 'dataset_s3_bucket_consumer' retrieved from /home/airflow/.local/lib/python3.12/site-packages/airflow/example_dags/example_dataset_alias.py
[2025-04-25T23:52:03.045+0000] {logging_mixin.py:190} INFO - [2025-04-25T23:52:03.044+0000] {dag.py:3239} INFO - Sync 4 DAGs
[2025-04-25T23:52:03.075+0000] {logging_mixin.py:190} INFO - [2025-04-25T23:52:03.075+0000] {dag.py:4180} INFO - Setting next_dagrun for dataset_alias_example_alias_consumer to None, run_after=None
[2025-04-25T23:52:03.078+0000] {logging_mixin.py:190} INFO - [2025-04-25T23:52:03.078+0000] {dag.py:4180} INFO - Setting next_dagrun for dataset_alias_example_alias_producer to None, run_after=None
[2025-04-25T23:52:03.080+0000] {logging_mixin.py:190} INFO - [2025-04-25T23:52:03.080+0000] {dag.py:4180} INFO - Setting next_dagrun for dataset_s3_bucket_consumer to None, run_after=None
[2025-04-25T23:52:03.082+0000] {logging_mixin.py:190} INFO - [2025-04-25T23:52:03.082+0000] {dag.py:4180} INFO - Setting next_dagrun for dataset_s3_bucket_producer to None, run_after=None
[2025-04-25T23:52:03.108+0000] {processor.py:208} INFO - Processing /home/airflow/.local/lib/python3.12/site-packages/airflow/example_dags/example_dataset_alias.py took 0.765 seconds
[2025-04-25T23:52:34.020+0000] {processor.py:186} INFO - Started process (PID=1844) to work on /home/airflow/.local/lib/python3.12/site-packages/airflow/example_dags/example_dataset_alias.py
[2025-04-25T23:52:34.022+0000] {processor.py:914} INFO - Processing file /home/airflow/.local/lib/python3.12/site-packages/airflow/example_dags/example_dataset_alias.py for tasks to queue
[2025-04-25T23:52:34.026+0000] {logging_mixin.py:190} INFO - [2025-04-25T23:52:34.025+0000] {dagbag.py:588} INFO - Filling up the DagBag from /home/airflow/.local/lib/python3.12/site-packages/airflow/example_dags/example_dataset_alias.py
[2025-04-25T23:52:38.613+0000] {processor.py:925} INFO - DAG(s) 'dataset_s3_bucket_producer', 'dataset_alias_example_alias_producer', 'dataset_alias_example_alias_consumer', 'dataset_s3_bucket_consumer' retrieved from /home/airflow/.local/lib/python3.12/site-packages/airflow/example_dags/example_dataset_alias.py
[2025-04-25T23:52:38.678+0000] {logging_mixin.py:190} INFO - [2025-04-25T23:52:38.677+0000] {dag.py:3239} INFO - Sync 4 DAGs
[2025-04-25T23:52:38.738+0000] {logging_mixin.py:190} INFO - [2025-04-25T23:52:38.738+0000] {dag.py:4180} INFO - Setting next_dagrun for dataset_alias_example_alias_consumer to None, run_after=None
[2025-04-25T23:52:38.742+0000] {logging_mixin.py:190} INFO - [2025-04-25T23:52:38.742+0000] {dag.py:4180} INFO - Setting next_dagrun for dataset_alias_example_alias_producer to None, run_after=None
[2025-04-25T23:52:38.747+0000] {logging_mixin.py:190} INFO - [2025-04-25T23:52:38.747+0000] {dag.py:4180} INFO - Setting next_dagrun for dataset_s3_bucket_consumer to None, run_after=None
[2025-04-25T23:52:38.750+0000] {logging_mixin.py:190} INFO - [2025-04-25T23:52:38.750+0000] {dag.py:4180} INFO - Setting next_dagrun for dataset_s3_bucket_producer to None, run_after=None
[2025-04-25T23:52:38.813+0000] {processor.py:208} INFO - Processing /home/airflow/.local/lib/python3.12/site-packages/airflow/example_dags/example_dataset_alias.py took 4.803 seconds
[2025-04-25T23:53:09.122+0000] {processor.py:186} INFO - Started process (PID=1909) to work on /home/airflow/.local/lib/python3.12/site-packages/airflow/example_dags/example_dataset_alias.py
[2025-04-25T23:53:09.123+0000] {processor.py:914} INFO - Processing file /home/airflow/.local/lib/python3.12/site-packages/airflow/example_dags/example_dataset_alias.py for tasks to queue
[2025-04-25T23:53:09.126+0000] {logging_mixin.py:190} INFO - [2025-04-25T23:53:09.126+0000] {dagbag.py:588} INFO - Filling up the DagBag from /home/airflow/.local/lib/python3.12/site-packages/airflow/example_dags/example_dataset_alias.py
[2025-04-25T23:53:10.242+0000] {processor.py:925} INFO - DAG(s) 'dataset_s3_bucket_consumer', 'dataset_alias_example_alias_consumer', 'dataset_s3_bucket_producer', 'dataset_alias_example_alias_producer' retrieved from /home/airflow/.local/lib/python3.12/site-packages/airflow/example_dags/example_dataset_alias.py
[2025-04-25T23:53:10.268+0000] {logging_mixin.py:190} INFO - [2025-04-25T23:53:10.268+0000] {dag.py:3239} INFO - Sync 4 DAGs
[2025-04-25T23:53:10.295+0000] {logging_mixin.py:190} INFO - [2025-04-25T23:53:10.295+0000] {dag.py:4180} INFO - Setting next_dagrun for dataset_alias_example_alias_consumer to None, run_after=None
[2025-04-25T23:53:10.299+0000] {logging_mixin.py:190} INFO - [2025-04-25T23:53:10.298+0000] {dag.py:4180} INFO - Setting next_dagrun for dataset_alias_example_alias_producer to None, run_after=None
[2025-04-25T23:53:10.301+0000] {logging_mixin.py:190} INFO - [2025-04-25T23:53:10.300+0000] {dag.py:4180} INFO - Setting next_dagrun for dataset_s3_bucket_consumer to None, run_after=None
[2025-04-25T23:53:10.303+0000] {logging_mixin.py:190} INFO - [2025-04-25T23:53:10.302+0000] {dag.py:4180} INFO - Setting next_dagrun for dataset_s3_bucket_producer to None, run_after=None
[2025-04-25T23:53:10.329+0000] {processor.py:208} INFO - Processing /home/airflow/.local/lib/python3.12/site-packages/airflow/example_dags/example_dataset_alias.py took 1.216 seconds
[2025-04-25T23:53:41.204+0000] {processor.py:186} INFO - Started process (PID=1974) to work on /home/airflow/.local/lib/python3.12/site-packages/airflow/example_dags/example_dataset_alias.py
[2025-04-25T23:53:41.206+0000] {processor.py:914} INFO - Processing file /home/airflow/.local/lib/python3.12/site-packages/airflow/example_dags/example_dataset_alias.py for tasks to queue
[2025-04-25T23:53:41.209+0000] {logging_mixin.py:190} INFO - [2025-04-25T23:53:41.208+0000] {dagbag.py:588} INFO - Filling up the DagBag from /home/airflow/.local/lib/python3.12/site-packages/airflow/example_dags/example_dataset_alias.py
[2025-04-25T23:53:41.819+0000] {processor.py:925} INFO - DAG(s) 'dataset_alias_example_alias_consumer', 'dataset_s3_bucket_producer', 'dataset_s3_bucket_consumer', 'dataset_alias_example_alias_producer' retrieved from /home/airflow/.local/lib/python3.12/site-packages/airflow/example_dags/example_dataset_alias.py
[2025-04-25T23:53:41.843+0000] {logging_mixin.py:190} INFO - [2025-04-25T23:53:41.842+0000] {dag.py:3239} INFO - Sync 4 DAGs
[2025-04-25T23:53:41.866+0000] {logging_mixin.py:190} INFO - [2025-04-25T23:53:41.866+0000] {dag.py:4180} INFO - Setting next_dagrun for dataset_alias_example_alias_consumer to None, run_after=None
[2025-04-25T23:53:41.869+0000] {logging_mixin.py:190} INFO - [2025-04-25T23:53:41.869+0000] {dag.py:4180} INFO - Setting next_dagrun for dataset_alias_example_alias_producer to None, run_after=None
[2025-04-25T23:53:41.872+0000] {logging_mixin.py:190} INFO - [2025-04-25T23:53:41.871+0000] {dag.py:4180} INFO - Setting next_dagrun for dataset_s3_bucket_consumer to None, run_after=None
[2025-04-25T23:53:41.874+0000] {logging_mixin.py:190} INFO - [2025-04-25T23:53:41.874+0000] {dag.py:4180} INFO - Setting next_dagrun for dataset_s3_bucket_producer to None, run_after=None
[2025-04-25T23:53:41.897+0000] {processor.py:208} INFO - Processing /home/airflow/.local/lib/python3.12/site-packages/airflow/example_dags/example_dataset_alias.py took 0.699 seconds
[2025-04-25T23:54:11.943+0000] {processor.py:186} INFO - Started process (PID=2038) to work on /home/airflow/.local/lib/python3.12/site-packages/airflow/example_dags/example_dataset_alias.py
[2025-04-25T23:54:11.944+0000] {processor.py:914} INFO - Processing file /home/airflow/.local/lib/python3.12/site-packages/airflow/example_dags/example_dataset_alias.py for tasks to queue
[2025-04-25T23:54:11.947+0000] {logging_mixin.py:190} INFO - [2025-04-25T23:54:11.947+0000] {dagbag.py:588} INFO - Filling up the DagBag from /home/airflow/.local/lib/python3.12/site-packages/airflow/example_dags/example_dataset_alias.py
[2025-04-25T23:54:12.620+0000] {processor.py:925} INFO - DAG(s) 'dataset_alias_example_alias_producer', 'dataset_s3_bucket_consumer', 'dataset_s3_bucket_producer', 'dataset_alias_example_alias_consumer' retrieved from /home/airflow/.local/lib/python3.12/site-packages/airflow/example_dags/example_dataset_alias.py
[2025-04-25T23:54:12.649+0000] {logging_mixin.py:190} INFO - [2025-04-25T23:54:12.648+0000] {dag.py:3239} INFO - Sync 4 DAGs
[2025-04-25T23:54:12.677+0000] {logging_mixin.py:190} INFO - [2025-04-25T23:54:12.677+0000] {dag.py:4180} INFO - Setting next_dagrun for dataset_alias_example_alias_consumer to None, run_after=None
[2025-04-25T23:54:12.681+0000] {logging_mixin.py:190} INFO - [2025-04-25T23:54:12.681+0000] {dag.py:4180} INFO - Setting next_dagrun for dataset_alias_example_alias_producer to None, run_after=None
[2025-04-25T23:54:12.683+0000] {logging_mixin.py:190} INFO - [2025-04-25T23:54:12.683+0000] {dag.py:4180} INFO - Setting next_dagrun for dataset_s3_bucket_consumer to None, run_after=None
[2025-04-25T23:54:12.685+0000] {logging_mixin.py:190} INFO - [2025-04-25T23:54:12.685+0000] {dag.py:4180} INFO - Setting next_dagrun for dataset_s3_bucket_producer to None, run_after=None
[2025-04-25T23:54:12.712+0000] {processor.py:208} INFO - Processing /home/airflow/.local/lib/python3.12/site-packages/airflow/example_dags/example_dataset_alias.py took 0.776 seconds
[2025-04-25T23:54:43.220+0000] {processor.py:186} INFO - Started process (PID=2102) to work on /home/airflow/.local/lib/python3.12/site-packages/airflow/example_dags/example_dataset_alias.py
[2025-04-25T23:54:43.221+0000] {processor.py:914} INFO - Processing file /home/airflow/.local/lib/python3.12/site-packages/airflow/example_dags/example_dataset_alias.py for tasks to queue
[2025-04-25T23:54:43.224+0000] {logging_mixin.py:190} INFO - [2025-04-25T23:54:43.224+0000] {dagbag.py:588} INFO - Filling up the DagBag from /home/airflow/.local/lib/python3.12/site-packages/airflow/example_dags/example_dataset_alias.py
[2025-04-25T23:54:44.217+0000] {processor.py:925} INFO - DAG(s) 'dataset_alias_example_alias_consumer', 'dataset_alias_example_alias_producer', 'dataset_s3_bucket_producer', 'dataset_s3_bucket_consumer' retrieved from /home/airflow/.local/lib/python3.12/site-packages/airflow/example_dags/example_dataset_alias.py
[2025-04-25T23:54:44.247+0000] {logging_mixin.py:190} INFO - [2025-04-25T23:54:44.246+0000] {dag.py:3239} INFO - Sync 4 DAGs
[2025-04-25T23:54:44.278+0000] {logging_mixin.py:190} INFO - [2025-04-25T23:54:44.278+0000] {dag.py:4180} INFO - Setting next_dagrun for dataset_alias_example_alias_consumer to None, run_after=None
[2025-04-25T23:54:44.283+0000] {logging_mixin.py:190} INFO - [2025-04-25T23:54:44.282+0000] {dag.py:4180} INFO - Setting next_dagrun for dataset_alias_example_alias_producer to None, run_after=None
[2025-04-25T23:54:44.285+0000] {logging_mixin.py:190} INFO - [2025-04-25T23:54:44.285+0000] {dag.py:4180} INFO - Setting next_dagrun for dataset_s3_bucket_consumer to None, run_after=None
[2025-04-25T23:54:44.287+0000] {logging_mixin.py:190} INFO - [2025-04-25T23:54:44.286+0000] {dag.py:4180} INFO - Setting next_dagrun for dataset_s3_bucket_producer to None, run_after=None
[2025-04-25T23:54:44.312+0000] {processor.py:208} INFO - Processing /home/airflow/.local/lib/python3.12/site-packages/airflow/example_dags/example_dataset_alias.py took 1.100 seconds
[2025-04-25T23:55:14.389+0000] {processor.py:186} INFO - Started process (PID=2166) to work on /home/airflow/.local/lib/python3.12/site-packages/airflow/example_dags/example_dataset_alias.py
[2025-04-25T23:55:14.392+0000] {processor.py:914} INFO - Processing file /home/airflow/.local/lib/python3.12/site-packages/airflow/example_dags/example_dataset_alias.py for tasks to queue
[2025-04-25T23:55:14.395+0000] {logging_mixin.py:190} INFO - [2025-04-25T23:55:14.395+0000] {dagbag.py:588} INFO - Filling up the DagBag from /home/airflow/.local/lib/python3.12/site-packages/airflow/example_dags/example_dataset_alias.py
[2025-04-25T23:55:15.374+0000] {processor.py:925} INFO - DAG(s) 'dataset_alias_example_alias_consumer', 'dataset_alias_example_alias_producer', 'dataset_s3_bucket_consumer', 'dataset_s3_bucket_producer' retrieved from /home/airflow/.local/lib/python3.12/site-packages/airflow/example_dags/example_dataset_alias.py
[2025-04-25T23:55:15.407+0000] {logging_mixin.py:190} INFO - [2025-04-25T23:55:15.406+0000] {dag.py:3239} INFO - Sync 4 DAGs
[2025-04-25T23:55:15.440+0000] {logging_mixin.py:190} INFO - [2025-04-25T23:55:15.440+0000] {dag.py:4180} INFO - Setting next_dagrun for dataset_alias_example_alias_consumer to None, run_after=None
[2025-04-25T23:55:15.444+0000] {logging_mixin.py:190} INFO - [2025-04-25T23:55:15.444+0000] {dag.py:4180} INFO - Setting next_dagrun for dataset_alias_example_alias_producer to None, run_after=None
[2025-04-25T23:55:15.446+0000] {logging_mixin.py:190} INFO - [2025-04-25T23:55:15.446+0000] {dag.py:4180} INFO - Setting next_dagrun for dataset_s3_bucket_consumer to None, run_after=None
[2025-04-25T23:55:15.448+0000] {logging_mixin.py:190} INFO - [2025-04-25T23:55:15.448+0000] {dag.py:4180} INFO - Setting next_dagrun for dataset_s3_bucket_producer to None, run_after=None
[2025-04-25T23:55:15.477+0000] {processor.py:208} INFO - Processing /home/airflow/.local/lib/python3.12/site-packages/airflow/example_dags/example_dataset_alias.py took 1.096 seconds
[2025-04-25T23:55:45.653+0000] {processor.py:186} INFO - Started process (PID=2230) to work on /home/airflow/.local/lib/python3.12/site-packages/airflow/example_dags/example_dataset_alias.py
[2025-04-25T23:55:45.654+0000] {processor.py:914} INFO - Processing file /home/airflow/.local/lib/python3.12/site-packages/airflow/example_dags/example_dataset_alias.py for tasks to queue
[2025-04-25T23:55:45.658+0000] {logging_mixin.py:190} INFO - [2025-04-25T23:55:45.657+0000] {dagbag.py:588} INFO - Filling up the DagBag from /home/airflow/.local/lib/python3.12/site-packages/airflow/example_dags/example_dataset_alias.py
[2025-04-25T23:55:47.885+0000] {processor.py:925} INFO - DAG(s) 'dataset_s3_bucket_producer', 'dataset_s3_bucket_consumer', 'dataset_alias_example_alias_consumer', 'dataset_alias_example_alias_producer' retrieved from /home/airflow/.local/lib/python3.12/site-packages/airflow/example_dags/example_dataset_alias.py
[2025-04-25T23:55:47.943+0000] {logging_mixin.py:190} INFO - [2025-04-25T23:55:47.942+0000] {dag.py:3239} INFO - Sync 4 DAGs
[2025-04-25T23:55:47.995+0000] {logging_mixin.py:190} INFO - [2025-04-25T23:55:47.994+0000] {dag.py:4180} INFO - Setting next_dagrun for dataset_alias_example_alias_consumer to None, run_after=None
[2025-04-25T23:55:48.002+0000] {logging_mixin.py:190} INFO - [2025-04-25T23:55:48.002+0000] {dag.py:4180} INFO - Setting next_dagrun for dataset_alias_example_alias_producer to None, run_after=None
[2025-04-25T23:55:48.009+0000] {logging_mixin.py:190} INFO - [2025-04-25T23:55:48.008+0000] {dag.py:4180} INFO - Setting next_dagrun for dataset_s3_bucket_consumer to None, run_after=None
[2025-04-25T23:55:48.012+0000] {logging_mixin.py:190} INFO - [2025-04-25T23:55:48.012+0000] {dag.py:4180} INFO - Setting next_dagrun for dataset_s3_bucket_producer to None, run_after=None
[2025-04-25T23:55:48.081+0000] {processor.py:208} INFO - Processing /home/airflow/.local/lib/python3.12/site-packages/airflow/example_dags/example_dataset_alias.py took 2.437 seconds
[2025-04-25T23:56:18.489+0000] {processor.py:186} INFO - Started process (PID=2296) to work on /home/airflow/.local/lib/python3.12/site-packages/airflow/example_dags/example_dataset_alias.py
[2025-04-25T23:56:18.491+0000] {processor.py:914} INFO - Processing file /home/airflow/.local/lib/python3.12/site-packages/airflow/example_dags/example_dataset_alias.py for tasks to queue
[2025-04-25T23:56:18.496+0000] {logging_mixin.py:190} INFO - [2025-04-25T23:56:18.496+0000] {dagbag.py:588} INFO - Filling up the DagBag from /home/airflow/.local/lib/python3.12/site-packages/airflow/example_dags/example_dataset_alias.py
[2025-04-25T23:56:19.380+0000] {processor.py:925} INFO - DAG(s) 'dataset_s3_bucket_consumer', 'dataset_alias_example_alias_consumer', 'dataset_s3_bucket_producer', 'dataset_alias_example_alias_producer' retrieved from /home/airflow/.local/lib/python3.12/site-packages/airflow/example_dags/example_dataset_alias.py
[2025-04-25T23:56:19.608+0000] {logging_mixin.py:190} INFO - [2025-04-25T23:56:19.523+0000] {dag.py:3239} INFO - Sync 4 DAGs
[2025-04-25T23:56:19.692+0000] {logging_mixin.py:190} INFO - [2025-04-25T23:56:19.692+0000] {dag.py:4180} INFO - Setting next_dagrun for dataset_alias_example_alias_consumer to None, run_after=None
[2025-04-25T23:56:19.697+0000] {logging_mixin.py:190} INFO - [2025-04-25T23:56:19.697+0000] {dag.py:4180} INFO - Setting next_dagrun for dataset_alias_example_alias_producer to None, run_after=None
[2025-04-25T23:56:19.702+0000] {logging_mixin.py:190} INFO - [2025-04-25T23:56:19.701+0000] {dag.py:4180} INFO - Setting next_dagrun for dataset_s3_bucket_consumer to None, run_after=None
[2025-04-25T23:56:19.704+0000] {logging_mixin.py:190} INFO - [2025-04-25T23:56:19.704+0000] {dag.py:4180} INFO - Setting next_dagrun for dataset_s3_bucket_producer to None, run_after=None
[2025-04-25T23:56:19.744+0000] {processor.py:208} INFO - Processing /home/airflow/.local/lib/python3.12/site-packages/airflow/example_dags/example_dataset_alias.py took 1.262 seconds
[2025-04-25T23:56:50.340+0000] {processor.py:186} INFO - Started process (PID=2364) to work on /home/airflow/.local/lib/python3.12/site-packages/airflow/example_dags/example_dataset_alias.py
[2025-04-25T23:56:50.343+0000] {processor.py:914} INFO - Processing file /home/airflow/.local/lib/python3.12/site-packages/airflow/example_dags/example_dataset_alias.py for tasks to queue
[2025-04-25T23:56:50.348+0000] {logging_mixin.py:190} INFO - [2025-04-25T23:56:50.347+0000] {dagbag.py:588} INFO - Filling up the DagBag from /home/airflow/.local/lib/python3.12/site-packages/airflow/example_dags/example_dataset_alias.py
[2025-04-25T23:56:51.456+0000] {processor.py:925} INFO - DAG(s) 'dataset_alias_example_alias_producer', 'dataset_s3_bucket_consumer', 'dataset_s3_bucket_producer', 'dataset_alias_example_alias_consumer' retrieved from /home/airflow/.local/lib/python3.12/site-packages/airflow/example_dags/example_dataset_alias.py
[2025-04-25T23:56:51.487+0000] {logging_mixin.py:190} INFO - [2025-04-25T23:56:51.487+0000] {dag.py:3239} INFO - Sync 4 DAGs
[2025-04-25T23:56:51.534+0000] {logging_mixin.py:190} INFO - [2025-04-25T23:56:51.533+0000] {dag.py:4180} INFO - Setting next_dagrun for dataset_alias_example_alias_consumer to None, run_after=None
[2025-04-25T23:56:51.538+0000] {logging_mixin.py:190} INFO - [2025-04-25T23:56:51.537+0000] {dag.py:4180} INFO - Setting next_dagrun for dataset_alias_example_alias_producer to None, run_after=None
[2025-04-25T23:56:51.540+0000] {logging_mixin.py:190} INFO - [2025-04-25T23:56:51.539+0000] {dag.py:4180} INFO - Setting next_dagrun for dataset_s3_bucket_consumer to None, run_after=None
[2025-04-25T23:56:51.541+0000] {logging_mixin.py:190} INFO - [2025-04-25T23:56:51.541+0000] {dag.py:4180} INFO - Setting next_dagrun for dataset_s3_bucket_producer to None, run_after=None
[2025-04-25T23:56:51.572+0000] {processor.py:208} INFO - Processing /home/airflow/.local/lib/python3.12/site-packages/airflow/example_dags/example_dataset_alias.py took 1.257 seconds
[2025-04-25T23:57:21.848+0000] {processor.py:186} INFO - Started process (PID=2428) to work on /home/airflow/.local/lib/python3.12/site-packages/airflow/example_dags/example_dataset_alias.py
[2025-04-25T23:57:21.849+0000] {processor.py:914} INFO - Processing file /home/airflow/.local/lib/python3.12/site-packages/airflow/example_dags/example_dataset_alias.py for tasks to queue
[2025-04-25T23:57:21.851+0000] {logging_mixin.py:190} INFO - [2025-04-25T23:57:21.850+0000] {dagbag.py:588} INFO - Filling up the DagBag from /home/airflow/.local/lib/python3.12/site-packages/airflow/example_dags/example_dataset_alias.py
[2025-04-25T23:57:22.597+0000] {processor.py:925} INFO - DAG(s) 'dataset_s3_bucket_consumer', 'dataset_alias_example_alias_producer', 'dataset_s3_bucket_producer', 'dataset_alias_example_alias_consumer' retrieved from /home/airflow/.local/lib/python3.12/site-packages/airflow/example_dags/example_dataset_alias.py
[2025-04-25T23:57:22.646+0000] {logging_mixin.py:190} INFO - [2025-04-25T23:57:22.646+0000] {dag.py:3239} INFO - Sync 4 DAGs
[2025-04-25T23:57:22.680+0000] {logging_mixin.py:190} INFO - [2025-04-25T23:57:22.680+0000] {dag.py:4180} INFO - Setting next_dagrun for dataset_alias_example_alias_consumer to None, run_after=None
[2025-04-25T23:57:22.683+0000] {logging_mixin.py:190} INFO - [2025-04-25T23:57:22.683+0000] {dag.py:4180} INFO - Setting next_dagrun for dataset_alias_example_alias_producer to None, run_after=None
[2025-04-25T23:57:22.685+0000] {logging_mixin.py:190} INFO - [2025-04-25T23:57:22.685+0000] {dag.py:4180} INFO - Setting next_dagrun for dataset_s3_bucket_consumer to None, run_after=None
[2025-04-25T23:57:22.687+0000] {logging_mixin.py:190} INFO - [2025-04-25T23:57:22.687+0000] {dag.py:4180} INFO - Setting next_dagrun for dataset_s3_bucket_producer to None, run_after=None
[2025-04-25T23:57:22.715+0000] {processor.py:208} INFO - Processing /home/airflow/.local/lib/python3.12/site-packages/airflow/example_dags/example_dataset_alias.py took 0.874 seconds
[2025-04-25T23:59:06.798+0000] {processor.py:186} INFO - Started process (PID=2518) to work on /home/airflow/.local/lib/python3.12/site-packages/airflow/example_dags/example_dataset_alias.py
[2025-04-25T23:59:06.801+0000] {processor.py:914} INFO - Processing file /home/airflow/.local/lib/python3.12/site-packages/airflow/example_dags/example_dataset_alias.py for tasks to queue
[2025-04-25T23:59:06.802+0000] {logging_mixin.py:190} INFO - [2025-04-25T23:59:06.802+0000] {dagbag.py:588} INFO - Filling up the DagBag from /home/airflow/.local/lib/python3.12/site-packages/airflow/example_dags/example_dataset_alias.py
[2025-04-25T23:59:07.863+0000] {processor.py:925} INFO - DAG(s) 'dataset_s3_bucket_consumer', 'dataset_alias_example_alias_producer', 'dataset_alias_example_alias_consumer', 'dataset_s3_bucket_producer' retrieved from /home/airflow/.local/lib/python3.12/site-packages/airflow/example_dags/example_dataset_alias.py
[2025-04-25T23:59:07.905+0000] {logging_mixin.py:190} INFO - [2025-04-25T23:59:07.904+0000] {dag.py:3239} INFO - Sync 4 DAGs
[2025-04-25T23:59:07.963+0000] {logging_mixin.py:190} INFO - [2025-04-25T23:59:07.962+0000] {dag.py:4180} INFO - Setting next_dagrun for dataset_alias_example_alias_consumer to None, run_after=None
[2025-04-25T23:59:07.975+0000] {logging_mixin.py:190} INFO - [2025-04-25T23:59:07.974+0000] {dag.py:4180} INFO - Setting next_dagrun for dataset_alias_example_alias_producer to None, run_after=None
[2025-04-25T23:59:07.980+0000] {logging_mixin.py:190} INFO - [2025-04-25T23:59:07.979+0000] {dag.py:4180} INFO - Setting next_dagrun for dataset_s3_bucket_consumer to None, run_after=None
[2025-04-25T23:59:07.984+0000] {logging_mixin.py:190} INFO - [2025-04-25T23:59:07.983+0000] {dag.py:4180} INFO - Setting next_dagrun for dataset_s3_bucket_producer to None, run_after=None
[2025-04-25T23:59:08.031+0000] {processor.py:208} INFO - Processing /home/airflow/.local/lib/python3.12/site-packages/airflow/example_dags/example_dataset_alias.py took 1.247 seconds
[2025-04-25T23:59:41.031+0000] {processor.py:186} INFO - Started process (PID=2582) to work on /home/airflow/.local/lib/python3.12/site-packages/airflow/example_dags/example_dataset_alias.py
[2025-04-25T23:59:41.040+0000] {processor.py:914} INFO - Processing file /home/airflow/.local/lib/python3.12/site-packages/airflow/example_dags/example_dataset_alias.py for tasks to queue
[2025-04-25T23:59:41.043+0000] {logging_mixin.py:190} INFO - [2025-04-25T23:59:41.042+0000] {dagbag.py:588} INFO - Filling up the DagBag from /home/airflow/.local/lib/python3.12/site-packages/airflow/example_dags/example_dataset_alias.py
[2025-04-25T23:59:43.811+0000] {processor.py:925} INFO - DAG(s) 'dataset_s3_bucket_consumer', 'dataset_alias_example_alias_consumer', 'dataset_s3_bucket_producer', 'dataset_alias_example_alias_producer' retrieved from /home/airflow/.local/lib/python3.12/site-packages/airflow/example_dags/example_dataset_alias.py
[2025-04-25T23:59:43.883+0000] {logging_mixin.py:190} INFO - [2025-04-25T23:59:43.882+0000] {dag.py:3239} INFO - Sync 4 DAGs
[2025-04-25T23:59:44.035+0000] {logging_mixin.py:190} INFO - [2025-04-25T23:59:44.034+0000] {dag.py:4180} INFO - Setting next_dagrun for dataset_alias_example_alias_consumer to None, run_after=None
[2025-04-25T23:59:44.047+0000] {logging_mixin.py:190} INFO - [2025-04-25T23:59:44.046+0000] {dag.py:4180} INFO - Setting next_dagrun for dataset_alias_example_alias_producer to None, run_after=None
[2025-04-25T23:59:44.049+0000] {logging_mixin.py:190} INFO - [2025-04-25T23:59:44.049+0000] {dag.py:4180} INFO - Setting next_dagrun for dataset_s3_bucket_consumer to None, run_after=None
[2025-04-25T23:59:44.053+0000] {logging_mixin.py:190} INFO - [2025-04-25T23:59:44.053+0000] {dag.py:4180} INFO - Setting next_dagrun for dataset_s3_bucket_producer to None, run_after=None
[2025-04-25T23:59:44.116+0000] {processor.py:208} INFO - Processing /home/airflow/.local/lib/python3.12/site-packages/airflow/example_dags/example_dataset_alias.py took 3.096 seconds
