[2025-04-25T23:30:50.534+0000] {processor.py:186} INFO - Started process (PID=73) to work on /home/airflow/.local/lib/python3.12/site-packages/airflow/example_dags/example_bash_decorator.py
[2025-04-25T23:30:50.559+0000] {processor.py:914} INFO - Processing file /home/airflow/.local/lib/python3.12/site-packages/airflow/example_dags/example_bash_decorator.py for tasks to queue
[2025-04-25T23:30:50.655+0000] {logging_mixin.py:190} INFO - [2025-04-25T23:30:50.651+0000] {dagbag.py:588} INFO - Filling up the DagBag from /home/airflow/.local/lib/python3.12/site-packages/airflow/example_dags/example_bash_decorator.py
[2025-04-25T23:30:51.931+0000] {processor.py:925} INFO - DAG(s) 'example_bash_decorator' retrieved from /home/airflow/.local/lib/python3.12/site-packages/airflow/example_dags/example_bash_decorator.py
[2025-04-25T23:31:00.399+0000] {logging_mixin.py:190} INFO - [2025-04-25T23:31:00.391+0000] {override.py:1911} INFO - Created Permission View: can delete on DAG:example_bash_decorator
[2025-04-25T23:31:00.476+0000] {logging_mixin.py:190} INFO - [2025-04-25T23:31:00.475+0000] {override.py:1911} INFO - Created Permission View: can read on DAG:example_bash_decorator
[2025-04-25T23:31:00.606+0000] {logging_mixin.py:190} INFO - [2025-04-25T23:31:00.605+0000] {override.py:1911} INFO - Created Permission View: can edit on DAG:example_bash_decorator
[2025-04-25T23:31:00.628+0000] {logging_mixin.py:190} INFO - [2025-04-25T23:31:00.628+0000] {override.py:1911} INFO - Created Permission View: can create on DAG Run:example_bash_decorator
[2025-04-25T23:31:00.679+0000] {logging_mixin.py:190} INFO - [2025-04-25T23:31:00.678+0000] {override.py:1911} INFO - Created Permission View: can delete on DAG Run:example_bash_decorator
[2025-04-25T23:31:00.722+0000] {logging_mixin.py:190} INFO - [2025-04-25T23:31:00.721+0000] {override.py:1911} INFO - Created Permission View: can read on DAG Run:example_bash_decorator
[2025-04-25T23:31:00.838+0000] {logging_mixin.py:190} INFO - [2025-04-25T23:31:00.838+0000] {override.py:1911} INFO - Created Permission View: menu access on DAG Run:example_bash_decorator
[2025-04-25T23:31:00.839+0000] {logging_mixin.py:190} INFO - [2025-04-25T23:31:00.839+0000] {dag.py:3239} INFO - Sync 1 DAGs
[2025-04-25T23:31:01.116+0000] {logging_mixin.py:190} INFO - [2025-04-25T23:31:01.116+0000] {dag.py:3262} INFO - Creating ORM DAG for example_bash_decorator
[2025-04-25T23:31:01.119+0000] {logging_mixin.py:190} INFO - [2025-04-25T23:31:01.118+0000] {dag.py:4180} INFO - Setting next_dagrun for example_bash_decorator to None, run_after=None
[2025-04-25T23:31:01.377+0000] {processor.py:208} INFO - Processing /home/airflow/.local/lib/python3.12/site-packages/airflow/example_dags/example_bash_decorator.py took 11.348 seconds
[2025-04-25T23:33:40.818+0000] {processor.py:186} INFO - Started process (PID=166) to work on /home/airflow/.local/lib/python3.12/site-packages/airflow/example_dags/example_bash_decorator.py
[2025-04-25T23:33:40.820+0000] {processor.py:914} INFO - Processing file /home/airflow/.local/lib/python3.12/site-packages/airflow/example_dags/example_bash_decorator.py for tasks to queue
[2025-04-25T23:33:40.825+0000] {logging_mixin.py:190} INFO - [2025-04-25T23:33:40.824+0000] {dagbag.py:588} INFO - Filling up the DagBag from /home/airflow/.local/lib/python3.12/site-packages/airflow/example_dags/example_bash_decorator.py
[2025-04-25T23:33:40.859+0000] {processor.py:925} INFO - DAG(s) 'example_bash_decorator' retrieved from /home/airflow/.local/lib/python3.12/site-packages/airflow/example_dags/example_bash_decorator.py
[2025-04-25T23:33:40.923+0000] {logging_mixin.py:190} INFO - [2025-04-25T23:33:40.922+0000] {dag.py:3239} INFO - Sync 1 DAGs
[2025-04-25T23:33:40.979+0000] {logging_mixin.py:190} INFO - [2025-04-25T23:33:40.978+0000] {dag.py:4180} INFO - Setting next_dagrun for example_bash_decorator to None, run_after=None
[2025-04-25T23:33:41.019+0000] {processor.py:208} INFO - Processing /home/airflow/.local/lib/python3.12/site-packages/airflow/example_dags/example_bash_decorator.py took 0.212 seconds
[2025-04-25T23:34:29.468+0000] {processor.py:186} INFO - Started process (PID=222) to work on /home/airflow/.local/lib/python3.12/site-packages/airflow/example_dags/example_bash_decorator.py
[2025-04-25T23:34:29.473+0000] {processor.py:914} INFO - Processing file /home/airflow/.local/lib/python3.12/site-packages/airflow/example_dags/example_bash_decorator.py for tasks to queue
[2025-04-25T23:34:29.478+0000] {logging_mixin.py:190} INFO - [2025-04-25T23:34:29.477+0000] {dagbag.py:588} INFO - Filling up the DagBag from /home/airflow/.local/lib/python3.12/site-packages/airflow/example_dags/example_bash_decorator.py
[2025-04-25T23:34:29.522+0000] {processor.py:925} INFO - DAG(s) 'example_bash_decorator' retrieved from /home/airflow/.local/lib/python3.12/site-packages/airflow/example_dags/example_bash_decorator.py
[2025-04-25T23:34:29.573+0000] {logging_mixin.py:190} INFO - [2025-04-25T23:34:29.573+0000] {dag.py:3239} INFO - Sync 1 DAGs
[2025-04-25T23:34:29.636+0000] {logging_mixin.py:190} INFO - [2025-04-25T23:34:29.635+0000] {dag.py:4180} INFO - Setting next_dagrun for example_bash_decorator to None, run_after=None
[2025-04-25T23:34:29.677+0000] {processor.py:208} INFO - Processing /home/airflow/.local/lib/python3.12/site-packages/airflow/example_dags/example_bash_decorator.py took 0.239 seconds
[2025-04-25T23:35:15.667+0000] {processor.py:186} INFO - Started process (PID=278) to work on /home/airflow/.local/lib/python3.12/site-packages/airflow/example_dags/example_bash_decorator.py
[2025-04-25T23:35:15.675+0000] {processor.py:914} INFO - Processing file /home/airflow/.local/lib/python3.12/site-packages/airflow/example_dags/example_bash_decorator.py for tasks to queue
[2025-04-25T23:35:15.767+0000] {logging_mixin.py:190} INFO - [2025-04-25T23:35:15.764+0000] {dagbag.py:588} INFO - Filling up the DagBag from /home/airflow/.local/lib/python3.12/site-packages/airflow/example_dags/example_bash_decorator.py
[2025-04-25T23:35:16.049+0000] {processor.py:925} INFO - DAG(s) 'example_bash_decorator' retrieved from /home/airflow/.local/lib/python3.12/site-packages/airflow/example_dags/example_bash_decorator.py
[2025-04-25T23:35:16.236+0000] {logging_mixin.py:190} INFO - [2025-04-25T23:35:16.235+0000] {dag.py:3239} INFO - Sync 1 DAGs
[2025-04-25T23:35:16.343+0000] {logging_mixin.py:190} INFO - [2025-04-25T23:35:16.340+0000] {dag.py:4180} INFO - Setting next_dagrun for example_bash_decorator to None, run_after=None
[2025-04-25T23:35:16.531+0000] {processor.py:208} INFO - Processing /home/airflow/.local/lib/python3.12/site-packages/airflow/example_dags/example_bash_decorator.py took 0.909 seconds
[2025-04-25T23:37:12.961+0000] {processor.py:186} INFO - Started process (PID=67) to work on /home/airflow/.local/lib/python3.12/site-packages/airflow/example_dags/example_bash_decorator.py
[2025-04-25T23:37:12.971+0000] {processor.py:914} INFO - Processing file /home/airflow/.local/lib/python3.12/site-packages/airflow/example_dags/example_bash_decorator.py for tasks to queue
[2025-04-25T23:37:12.996+0000] {logging_mixin.py:190} INFO - [2025-04-25T23:37:12.995+0000] {dagbag.py:588} INFO - Filling up the DagBag from /home/airflow/.local/lib/python3.12/site-packages/airflow/example_dags/example_bash_decorator.py
[2025-04-25T23:37:13.274+0000] {processor.py:925} INFO - DAG(s) 'example_bash_decorator' retrieved from /home/airflow/.local/lib/python3.12/site-packages/airflow/example_dags/example_bash_decorator.py
[2025-04-25T23:37:13.721+0000] {logging_mixin.py:190} INFO - [2025-04-25T23:37:13.721+0000] {dag.py:3239} INFO - Sync 1 DAGs
[2025-04-25T23:37:13.755+0000] {logging_mixin.py:190} INFO - [2025-04-25T23:37:13.755+0000] {dag.py:4180} INFO - Setting next_dagrun for example_bash_decorator to None, run_after=None
[2025-04-25T23:37:13.812+0000] {processor.py:208} INFO - Processing /home/airflow/.local/lib/python3.12/site-packages/airflow/example_dags/example_bash_decorator.py took 0.900 seconds
[2025-04-25T23:38:05.133+0000] {processor.py:186} INFO - Started process (PID=136) to work on /home/airflow/.local/lib/python3.12/site-packages/airflow/example_dags/example_bash_decorator.py
[2025-04-25T23:38:05.134+0000] {processor.py:914} INFO - Processing file /home/airflow/.local/lib/python3.12/site-packages/airflow/example_dags/example_bash_decorator.py for tasks to queue
[2025-04-25T23:38:05.137+0000] {logging_mixin.py:190} INFO - [2025-04-25T23:38:05.137+0000] {dagbag.py:588} INFO - Filling up the DagBag from /home/airflow/.local/lib/python3.12/site-packages/airflow/example_dags/example_bash_decorator.py
[2025-04-25T23:38:05.171+0000] {processor.py:925} INFO - DAG(s) 'example_bash_decorator' retrieved from /home/airflow/.local/lib/python3.12/site-packages/airflow/example_dags/example_bash_decorator.py
[2025-04-25T23:38:05.246+0000] {logging_mixin.py:190} INFO - [2025-04-25T23:38:05.245+0000] {dag.py:3239} INFO - Sync 1 DAGs
[2025-04-25T23:38:05.278+0000] {logging_mixin.py:190} INFO - [2025-04-25T23:38:05.278+0000] {dag.py:4180} INFO - Setting next_dagrun for example_bash_decorator to None, run_after=None
[2025-04-25T23:38:05.326+0000] {processor.py:208} INFO - Processing /home/airflow/.local/lib/python3.12/site-packages/airflow/example_dags/example_bash_decorator.py took 0.206 seconds
[2025-04-25T23:38:43.622+0000] {processor.py:186} INFO - Started process (PID=198) to work on /home/airflow/.local/lib/python3.12/site-packages/airflow/example_dags/example_bash_decorator.py
[2025-04-25T23:38:43.629+0000] {processor.py:914} INFO - Processing file /home/airflow/.local/lib/python3.12/site-packages/airflow/example_dags/example_bash_decorator.py for tasks to queue
[2025-04-25T23:38:43.637+0000] {logging_mixin.py:190} INFO - [2025-04-25T23:38:43.636+0000] {dagbag.py:588} INFO - Filling up the DagBag from /home/airflow/.local/lib/python3.12/site-packages/airflow/example_dags/example_bash_decorator.py
[2025-04-25T23:38:43.688+0000] {processor.py:925} INFO - DAG(s) 'example_bash_decorator' retrieved from /home/airflow/.local/lib/python3.12/site-packages/airflow/example_dags/example_bash_decorator.py
[2025-04-25T23:38:43.995+0000] {logging_mixin.py:190} INFO - [2025-04-25T23:38:43.994+0000] {dag.py:3239} INFO - Sync 1 DAGs
[2025-04-25T23:38:44.219+0000] {logging_mixin.py:190} INFO - [2025-04-25T23:38:44.219+0000] {dag.py:4180} INFO - Setting next_dagrun for example_bash_decorator to None, run_after=None
[2025-04-25T23:38:44.354+0000] {processor.py:208} INFO - Processing /home/airflow/.local/lib/python3.12/site-packages/airflow/example_dags/example_bash_decorator.py took 0.769 seconds
[2025-04-25T23:39:15.234+0000] {processor.py:186} INFO - Started process (PID=259) to work on /home/airflow/.local/lib/python3.12/site-packages/airflow/example_dags/example_bash_decorator.py
[2025-04-25T23:39:15.239+0000] {processor.py:914} INFO - Processing file /home/airflow/.local/lib/python3.12/site-packages/airflow/example_dags/example_bash_decorator.py for tasks to queue
[2025-04-25T23:39:15.244+0000] {logging_mixin.py:190} INFO - [2025-04-25T23:39:15.244+0000] {dagbag.py:588} INFO - Filling up the DagBag from /home/airflow/.local/lib/python3.12/site-packages/airflow/example_dags/example_bash_decorator.py
[2025-04-25T23:39:15.303+0000] {processor.py:925} INFO - DAG(s) 'example_bash_decorator' retrieved from /home/airflow/.local/lib/python3.12/site-packages/airflow/example_dags/example_bash_decorator.py
[2025-04-25T23:39:15.463+0000] {logging_mixin.py:190} INFO - [2025-04-25T23:39:15.462+0000] {dag.py:3239} INFO - Sync 1 DAGs
[2025-04-25T23:39:15.488+0000] {logging_mixin.py:190} INFO - [2025-04-25T23:39:15.487+0000] {dag.py:4180} INFO - Setting next_dagrun for example_bash_decorator to None, run_after=None
[2025-04-25T23:39:15.536+0000] {processor.py:208} INFO - Processing /home/airflow/.local/lib/python3.12/site-packages/airflow/example_dags/example_bash_decorator.py took 0.331 seconds
[2025-04-25T23:39:48.158+0000] {processor.py:186} INFO - Started process (PID=316) to work on /home/airflow/.local/lib/python3.12/site-packages/airflow/example_dags/example_bash_decorator.py
[2025-04-25T23:39:48.161+0000] {processor.py:914} INFO - Processing file /home/airflow/.local/lib/python3.12/site-packages/airflow/example_dags/example_bash_decorator.py for tasks to queue
[2025-04-25T23:39:48.168+0000] {logging_mixin.py:190} INFO - [2025-04-25T23:39:48.167+0000] {dagbag.py:588} INFO - Filling up the DagBag from /home/airflow/.local/lib/python3.12/site-packages/airflow/example_dags/example_bash_decorator.py
[2025-04-25T23:39:48.251+0000] {processor.py:925} INFO - DAG(s) 'example_bash_decorator' retrieved from /home/airflow/.local/lib/python3.12/site-packages/airflow/example_dags/example_bash_decorator.py
[2025-04-25T23:39:48.531+0000] {logging_mixin.py:190} INFO - [2025-04-25T23:39:48.521+0000] {dag.py:3239} INFO - Sync 1 DAGs
[2025-04-25T23:39:48.665+0000] {logging_mixin.py:190} INFO - [2025-04-25T23:39:48.664+0000] {dag.py:4180} INFO - Setting next_dagrun for example_bash_decorator to None, run_after=None
[2025-04-25T23:39:48.786+0000] {processor.py:208} INFO - Processing /home/airflow/.local/lib/python3.12/site-packages/airflow/example_dags/example_bash_decorator.py took 0.646 seconds
[2025-04-25T23:40:18.939+0000] {processor.py:186} INFO - Started process (PID=377) to work on /home/airflow/.local/lib/python3.12/site-packages/airflow/example_dags/example_bash_decorator.py
[2025-04-25T23:40:18.940+0000] {processor.py:914} INFO - Processing file /home/airflow/.local/lib/python3.12/site-packages/airflow/example_dags/example_bash_decorator.py for tasks to queue
[2025-04-25T23:40:18.945+0000] {logging_mixin.py:190} INFO - [2025-04-25T23:40:18.944+0000] {dagbag.py:588} INFO - Filling up the DagBag from /home/airflow/.local/lib/python3.12/site-packages/airflow/example_dags/example_bash_decorator.py
[2025-04-25T23:40:18.972+0000] {processor.py:925} INFO - DAG(s) 'example_bash_decorator' retrieved from /home/airflow/.local/lib/python3.12/site-packages/airflow/example_dags/example_bash_decorator.py
[2025-04-25T23:40:19.009+0000] {logging_mixin.py:190} INFO - [2025-04-25T23:40:19.008+0000] {dag.py:3239} INFO - Sync 1 DAGs
[2025-04-25T23:40:19.032+0000] {logging_mixin.py:190} INFO - [2025-04-25T23:40:19.031+0000] {dag.py:4180} INFO - Setting next_dagrun for example_bash_decorator to None, run_after=None
[2025-04-25T23:40:19.058+0000] {processor.py:208} INFO - Processing /home/airflow/.local/lib/python3.12/site-packages/airflow/example_dags/example_bash_decorator.py took 0.128 seconds
[2025-04-25T23:40:49.881+0000] {processor.py:186} INFO - Started process (PID=440) to work on /home/airflow/.local/lib/python3.12/site-packages/airflow/example_dags/example_bash_decorator.py
[2025-04-25T23:40:49.887+0000] {processor.py:914} INFO - Processing file /home/airflow/.local/lib/python3.12/site-packages/airflow/example_dags/example_bash_decorator.py for tasks to queue
[2025-04-25T23:40:49.892+0000] {logging_mixin.py:190} INFO - [2025-04-25T23:40:49.892+0000] {dagbag.py:588} INFO - Filling up the DagBag from /home/airflow/.local/lib/python3.12/site-packages/airflow/example_dags/example_bash_decorator.py
[2025-04-25T23:40:49.945+0000] {processor.py:925} INFO - DAG(s) 'example_bash_decorator' retrieved from /home/airflow/.local/lib/python3.12/site-packages/airflow/example_dags/example_bash_decorator.py
[2025-04-25T23:40:50.012+0000] {logging_mixin.py:190} INFO - [2025-04-25T23:40:50.011+0000] {dag.py:3239} INFO - Sync 1 DAGs
[2025-04-25T23:40:50.044+0000] {logging_mixin.py:190} INFO - [2025-04-25T23:40:50.044+0000] {dag.py:4180} INFO - Setting next_dagrun for example_bash_decorator to None, run_after=None
[2025-04-25T23:40:50.109+0000] {processor.py:208} INFO - Processing /home/airflow/.local/lib/python3.12/site-packages/airflow/example_dags/example_bash_decorator.py took 0.245 seconds
[2025-04-25T23:41:20.909+0000] {processor.py:186} INFO - Started process (PID=500) to work on /home/airflow/.local/lib/python3.12/site-packages/airflow/example_dags/example_bash_decorator.py
[2025-04-25T23:41:20.911+0000] {processor.py:914} INFO - Processing file /home/airflow/.local/lib/python3.12/site-packages/airflow/example_dags/example_bash_decorator.py for tasks to queue
[2025-04-25T23:41:20.917+0000] {logging_mixin.py:190} INFO - [2025-04-25T23:41:20.916+0000] {dagbag.py:588} INFO - Filling up the DagBag from /home/airflow/.local/lib/python3.12/site-packages/airflow/example_dags/example_bash_decorator.py
[2025-04-25T23:41:20.946+0000] {processor.py:925} INFO - DAG(s) 'example_bash_decorator' retrieved from /home/airflow/.local/lib/python3.12/site-packages/airflow/example_dags/example_bash_decorator.py
[2025-04-25T23:41:21.001+0000] {logging_mixin.py:190} INFO - [2025-04-25T23:41:21.000+0000] {dag.py:3239} INFO - Sync 1 DAGs
[2025-04-25T23:41:21.038+0000] {logging_mixin.py:190} INFO - [2025-04-25T23:41:21.038+0000] {dag.py:4180} INFO - Setting next_dagrun for example_bash_decorator to None, run_after=None
[2025-04-25T23:41:21.076+0000] {processor.py:208} INFO - Processing /home/airflow/.local/lib/python3.12/site-packages/airflow/example_dags/example_bash_decorator.py took 0.174 seconds
[2025-04-25T23:41:51.327+0000] {processor.py:186} INFO - Started process (PID=559) to work on /home/airflow/.local/lib/python3.12/site-packages/airflow/example_dags/example_bash_decorator.py
[2025-04-25T23:41:51.329+0000] {processor.py:914} INFO - Processing file /home/airflow/.local/lib/python3.12/site-packages/airflow/example_dags/example_bash_decorator.py for tasks to queue
[2025-04-25T23:41:51.337+0000] {logging_mixin.py:190} INFO - [2025-04-25T23:41:51.335+0000] {dagbag.py:588} INFO - Filling up the DagBag from /home/airflow/.local/lib/python3.12/site-packages/airflow/example_dags/example_bash_decorator.py
[2025-04-25T23:41:51.364+0000] {processor.py:925} INFO - DAG(s) 'example_bash_decorator' retrieved from /home/airflow/.local/lib/python3.12/site-packages/airflow/example_dags/example_bash_decorator.py
[2025-04-25T23:41:51.402+0000] {logging_mixin.py:190} INFO - [2025-04-25T23:41:51.402+0000] {dag.py:3239} INFO - Sync 1 DAGs
[2025-04-25T23:41:51.448+0000] {logging_mixin.py:190} INFO - [2025-04-25T23:41:51.448+0000] {dag.py:4180} INFO - Setting next_dagrun for example_bash_decorator to None, run_after=None
[2025-04-25T23:41:51.486+0000] {processor.py:208} INFO - Processing /home/airflow/.local/lib/python3.12/site-packages/airflow/example_dags/example_bash_decorator.py took 0.174 seconds
[2025-04-25T23:42:22.029+0000] {processor.py:186} INFO - Started process (PID=622) to work on /home/airflow/.local/lib/python3.12/site-packages/airflow/example_dags/example_bash_decorator.py
[2025-04-25T23:42:22.033+0000] {processor.py:914} INFO - Processing file /home/airflow/.local/lib/python3.12/site-packages/airflow/example_dags/example_bash_decorator.py for tasks to queue
[2025-04-25T23:42:22.036+0000] {logging_mixin.py:190} INFO - [2025-04-25T23:42:22.036+0000] {dagbag.py:588} INFO - Filling up the DagBag from /home/airflow/.local/lib/python3.12/site-packages/airflow/example_dags/example_bash_decorator.py
[2025-04-25T23:42:22.059+0000] {processor.py:925} INFO - DAG(s) 'example_bash_decorator' retrieved from /home/airflow/.local/lib/python3.12/site-packages/airflow/example_dags/example_bash_decorator.py
[2025-04-25T23:42:22.100+0000] {logging_mixin.py:190} INFO - [2025-04-25T23:42:22.099+0000] {dag.py:3239} INFO - Sync 1 DAGs
[2025-04-25T23:42:22.130+0000] {logging_mixin.py:190} INFO - [2025-04-25T23:42:22.130+0000] {dag.py:4180} INFO - Setting next_dagrun for example_bash_decorator to None, run_after=None
[2025-04-25T23:42:22.168+0000] {processor.py:208} INFO - Processing /home/airflow/.local/lib/python3.12/site-packages/airflow/example_dags/example_bash_decorator.py took 0.147 seconds
[2025-04-25T23:42:52.557+0000] {processor.py:186} INFO - Started process (PID=685) to work on /home/airflow/.local/lib/python3.12/site-packages/airflow/example_dags/example_bash_decorator.py
[2025-04-25T23:42:52.558+0000] {processor.py:914} INFO - Processing file /home/airflow/.local/lib/python3.12/site-packages/airflow/example_dags/example_bash_decorator.py for tasks to queue
[2025-04-25T23:42:52.561+0000] {logging_mixin.py:190} INFO - [2025-04-25T23:42:52.561+0000] {dagbag.py:588} INFO - Filling up the DagBag from /home/airflow/.local/lib/python3.12/site-packages/airflow/example_dags/example_bash_decorator.py
[2025-04-25T23:42:52.584+0000] {processor.py:925} INFO - DAG(s) 'example_bash_decorator' retrieved from /home/airflow/.local/lib/python3.12/site-packages/airflow/example_dags/example_bash_decorator.py
[2025-04-25T23:42:52.628+0000] {logging_mixin.py:190} INFO - [2025-04-25T23:42:52.627+0000] {dag.py:3239} INFO - Sync 1 DAGs
[2025-04-25T23:42:52.651+0000] {logging_mixin.py:190} INFO - [2025-04-25T23:42:52.650+0000] {dag.py:4180} INFO - Setting next_dagrun for example_bash_decorator to None, run_after=None
[2025-04-25T23:42:52.693+0000] {processor.py:208} INFO - Processing /home/airflow/.local/lib/python3.12/site-packages/airflow/example_dags/example_bash_decorator.py took 0.143 seconds
[2025-04-25T23:43:28.600+0000] {processor.py:186} INFO - Started process (PID=750) to work on /home/airflow/.local/lib/python3.12/site-packages/airflow/example_dags/example_bash_decorator.py
[2025-04-25T23:43:28.603+0000] {processor.py:914} INFO - Processing file /home/airflow/.local/lib/python3.12/site-packages/airflow/example_dags/example_bash_decorator.py for tasks to queue
[2025-04-25T23:43:28.618+0000] {logging_mixin.py:190} INFO - [2025-04-25T23:43:28.617+0000] {dagbag.py:588} INFO - Filling up the DagBag from /home/airflow/.local/lib/python3.12/site-packages/airflow/example_dags/example_bash_decorator.py
[2025-04-25T23:43:28.664+0000] {processor.py:925} INFO - DAG(s) 'example_bash_decorator' retrieved from /home/airflow/.local/lib/python3.12/site-packages/airflow/example_dags/example_bash_decorator.py
[2025-04-25T23:43:28.753+0000] {logging_mixin.py:190} INFO - [2025-04-25T23:43:28.753+0000] {dag.py:3239} INFO - Sync 1 DAGs
[2025-04-25T23:43:28.842+0000] {logging_mixin.py:190} INFO - [2025-04-25T23:43:28.841+0000] {dag.py:4180} INFO - Setting next_dagrun for example_bash_decorator to None, run_after=None
[2025-04-25T23:43:28.912+0000] {processor.py:208} INFO - Processing /home/airflow/.local/lib/python3.12/site-packages/airflow/example_dags/example_bash_decorator.py took 0.336 seconds
[2025-04-25T23:43:59.665+0000] {processor.py:186} INFO - Started process (PID=813) to work on /home/airflow/.local/lib/python3.12/site-packages/airflow/example_dags/example_bash_decorator.py
[2025-04-25T23:43:59.666+0000] {processor.py:914} INFO - Processing file /home/airflow/.local/lib/python3.12/site-packages/airflow/example_dags/example_bash_decorator.py for tasks to queue
[2025-04-25T23:43:59.669+0000] {logging_mixin.py:190} INFO - [2025-04-25T23:43:59.669+0000] {dagbag.py:588} INFO - Filling up the DagBag from /home/airflow/.local/lib/python3.12/site-packages/airflow/example_dags/example_bash_decorator.py
[2025-04-25T23:43:59.693+0000] {processor.py:925} INFO - DAG(s) 'example_bash_decorator' retrieved from /home/airflow/.local/lib/python3.12/site-packages/airflow/example_dags/example_bash_decorator.py
[2025-04-25T23:43:59.730+0000] {logging_mixin.py:190} INFO - [2025-04-25T23:43:59.729+0000] {dag.py:3239} INFO - Sync 1 DAGs
[2025-04-25T23:43:59.752+0000] {logging_mixin.py:190} INFO - [2025-04-25T23:43:59.752+0000] {dag.py:4180} INFO - Setting next_dagrun for example_bash_decorator to None, run_after=None
[2025-04-25T23:43:59.783+0000] {processor.py:208} INFO - Processing /home/airflow/.local/lib/python3.12/site-packages/airflow/example_dags/example_bash_decorator.py took 0.125 seconds
[2025-04-25T23:44:30.206+0000] {processor.py:186} INFO - Started process (PID=876) to work on /home/airflow/.local/lib/python3.12/site-packages/airflow/example_dags/example_bash_decorator.py
[2025-04-25T23:44:30.210+0000] {processor.py:914} INFO - Processing file /home/airflow/.local/lib/python3.12/site-packages/airflow/example_dags/example_bash_decorator.py for tasks to queue
[2025-04-25T23:44:30.213+0000] {logging_mixin.py:190} INFO - [2025-04-25T23:44:30.212+0000] {dagbag.py:588} INFO - Filling up the DagBag from /home/airflow/.local/lib/python3.12/site-packages/airflow/example_dags/example_bash_decorator.py
[2025-04-25T23:44:30.240+0000] {processor.py:925} INFO - DAG(s) 'example_bash_decorator' retrieved from /home/airflow/.local/lib/python3.12/site-packages/airflow/example_dags/example_bash_decorator.py
[2025-04-25T23:44:30.275+0000] {logging_mixin.py:190} INFO - [2025-04-25T23:44:30.275+0000] {dag.py:3239} INFO - Sync 1 DAGs
[2025-04-25T23:44:30.296+0000] {logging_mixin.py:190} INFO - [2025-04-25T23:44:30.295+0000] {dag.py:4180} INFO - Setting next_dagrun for example_bash_decorator to None, run_after=None
[2025-04-25T23:44:30.326+0000] {processor.py:208} INFO - Processing /home/airflow/.local/lib/python3.12/site-packages/airflow/example_dags/example_bash_decorator.py took 0.131 seconds
[2025-04-25T23:45:01.017+0000] {processor.py:186} INFO - Started process (PID=939) to work on /home/airflow/.local/lib/python3.12/site-packages/airflow/example_dags/example_bash_decorator.py
[2025-04-25T23:45:01.021+0000] {processor.py:914} INFO - Processing file /home/airflow/.local/lib/python3.12/site-packages/airflow/example_dags/example_bash_decorator.py for tasks to queue
[2025-04-25T23:45:01.035+0000] {logging_mixin.py:190} INFO - [2025-04-25T23:45:01.034+0000] {dagbag.py:588} INFO - Filling up the DagBag from /home/airflow/.local/lib/python3.12/site-packages/airflow/example_dags/example_bash_decorator.py
[2025-04-25T23:45:01.078+0000] {processor.py:925} INFO - DAG(s) 'example_bash_decorator' retrieved from /home/airflow/.local/lib/python3.12/site-packages/airflow/example_dags/example_bash_decorator.py
[2025-04-25T23:45:01.172+0000] {logging_mixin.py:190} INFO - [2025-04-25T23:45:01.172+0000] {dag.py:3239} INFO - Sync 1 DAGs
[2025-04-25T23:45:01.208+0000] {logging_mixin.py:190} INFO - [2025-04-25T23:45:01.207+0000] {dag.py:4180} INFO - Setting next_dagrun for example_bash_decorator to None, run_after=None
[2025-04-25T23:45:01.246+0000] {processor.py:208} INFO - Processing /home/airflow/.local/lib/python3.12/site-packages/airflow/example_dags/example_bash_decorator.py took 0.244 seconds
[2025-04-25T23:45:31.914+0000] {processor.py:186} INFO - Started process (PID=1002) to work on /home/airflow/.local/lib/python3.12/site-packages/airflow/example_dags/example_bash_decorator.py
[2025-04-25T23:45:31.915+0000] {processor.py:914} INFO - Processing file /home/airflow/.local/lib/python3.12/site-packages/airflow/example_dags/example_bash_decorator.py for tasks to queue
[2025-04-25T23:45:31.917+0000] {logging_mixin.py:190} INFO - [2025-04-25T23:45:31.917+0000] {dagbag.py:588} INFO - Filling up the DagBag from /home/airflow/.local/lib/python3.12/site-packages/airflow/example_dags/example_bash_decorator.py
[2025-04-25T23:45:31.946+0000] {processor.py:925} INFO - DAG(s) 'example_bash_decorator' retrieved from /home/airflow/.local/lib/python3.12/site-packages/airflow/example_dags/example_bash_decorator.py
[2025-04-25T23:45:31.993+0000] {logging_mixin.py:190} INFO - [2025-04-25T23:45:31.993+0000] {dag.py:3239} INFO - Sync 1 DAGs
[2025-04-25T23:45:32.015+0000] {logging_mixin.py:190} INFO - [2025-04-25T23:45:32.015+0000] {dag.py:4180} INFO - Setting next_dagrun for example_bash_decorator to None, run_after=None
[2025-04-25T23:45:32.048+0000] {processor.py:208} INFO - Processing /home/airflow/.local/lib/python3.12/site-packages/airflow/example_dags/example_bash_decorator.py took 0.143 seconds
[2025-04-25T23:46:02.829+0000] {processor.py:186} INFO - Started process (PID=1064) to work on /home/airflow/.local/lib/python3.12/site-packages/airflow/example_dags/example_bash_decorator.py
[2025-04-25T23:46:02.830+0000] {processor.py:914} INFO - Processing file /home/airflow/.local/lib/python3.12/site-packages/airflow/example_dags/example_bash_decorator.py for tasks to queue
[2025-04-25T23:46:02.833+0000] {logging_mixin.py:190} INFO - [2025-04-25T23:46:02.832+0000] {dagbag.py:588} INFO - Filling up the DagBag from /home/airflow/.local/lib/python3.12/site-packages/airflow/example_dags/example_bash_decorator.py
[2025-04-25T23:46:02.859+0000] {processor.py:925} INFO - DAG(s) 'example_bash_decorator' retrieved from /home/airflow/.local/lib/python3.12/site-packages/airflow/example_dags/example_bash_decorator.py
[2025-04-25T23:46:02.912+0000] {logging_mixin.py:190} INFO - [2025-04-25T23:46:02.912+0000] {dag.py:3239} INFO - Sync 1 DAGs
[2025-04-25T23:46:02.942+0000] {logging_mixin.py:190} INFO - [2025-04-25T23:46:02.941+0000] {dag.py:4180} INFO - Setting next_dagrun for example_bash_decorator to None, run_after=None
[2025-04-25T23:46:02.975+0000] {processor.py:208} INFO - Processing /home/airflow/.local/lib/python3.12/site-packages/airflow/example_dags/example_bash_decorator.py took 0.159 seconds
[2025-04-25T23:46:44.752+0000] {processor.py:186} INFO - Started process (PID=1118) to work on /home/airflow/.local/lib/python3.12/site-packages/airflow/example_dags/example_bash_decorator.py
[2025-04-25T23:46:44.757+0000] {processor.py:914} INFO - Processing file /home/airflow/.local/lib/python3.12/site-packages/airflow/example_dags/example_bash_decorator.py for tasks to queue
[2025-04-25T23:46:44.760+0000] {logging_mixin.py:190} INFO - [2025-04-25T23:46:44.760+0000] {dagbag.py:588} INFO - Filling up the DagBag from /home/airflow/.local/lib/python3.12/site-packages/airflow/example_dags/example_bash_decorator.py
[2025-04-25T23:46:44.810+0000] {processor.py:925} INFO - DAG(s) 'example_bash_decorator' retrieved from /home/airflow/.local/lib/python3.12/site-packages/airflow/example_dags/example_bash_decorator.py
[2025-04-25T23:46:44.891+0000] {logging_mixin.py:190} INFO - [2025-04-25T23:46:44.891+0000] {dag.py:3239} INFO - Sync 1 DAGs
[2025-04-25T23:46:44.998+0000] {logging_mixin.py:190} INFO - [2025-04-25T23:46:44.998+0000] {dag.py:4180} INFO - Setting next_dagrun for example_bash_decorator to None, run_after=None
[2025-04-25T23:46:45.101+0000] {processor.py:208} INFO - Processing /home/airflow/.local/lib/python3.12/site-packages/airflow/example_dags/example_bash_decorator.py took 0.368 seconds
[2025-04-25T23:47:15.459+0000] {processor.py:186} INFO - Started process (PID=1181) to work on /home/airflow/.local/lib/python3.12/site-packages/airflow/example_dags/example_bash_decorator.py
[2025-04-25T23:47:15.461+0000] {processor.py:914} INFO - Processing file /home/airflow/.local/lib/python3.12/site-packages/airflow/example_dags/example_bash_decorator.py for tasks to queue
[2025-04-25T23:47:15.464+0000] {logging_mixin.py:190} INFO - [2025-04-25T23:47:15.464+0000] {dagbag.py:588} INFO - Filling up the DagBag from /home/airflow/.local/lib/python3.12/site-packages/airflow/example_dags/example_bash_decorator.py
[2025-04-25T23:47:15.490+0000] {processor.py:925} INFO - DAG(s) 'example_bash_decorator' retrieved from /home/airflow/.local/lib/python3.12/site-packages/airflow/example_dags/example_bash_decorator.py
[2025-04-25T23:47:15.533+0000] {logging_mixin.py:190} INFO - [2025-04-25T23:47:15.532+0000] {dag.py:3239} INFO - Sync 1 DAGs
[2025-04-25T23:47:15.551+0000] {logging_mixin.py:190} INFO - [2025-04-25T23:47:15.550+0000] {dag.py:4180} INFO - Setting next_dagrun for example_bash_decorator to None, run_after=None
[2025-04-25T23:47:15.573+0000] {processor.py:208} INFO - Processing /home/airflow/.local/lib/python3.12/site-packages/airflow/example_dags/example_bash_decorator.py took 0.121 seconds
[2025-04-25T23:47:45.901+0000] {processor.py:186} INFO - Started process (PID=1240) to work on /home/airflow/.local/lib/python3.12/site-packages/airflow/example_dags/example_bash_decorator.py
[2025-04-25T23:47:45.904+0000] {processor.py:914} INFO - Processing file /home/airflow/.local/lib/python3.12/site-packages/airflow/example_dags/example_bash_decorator.py for tasks to queue
[2025-04-25T23:47:45.911+0000] {logging_mixin.py:190} INFO - [2025-04-25T23:47:45.910+0000] {dagbag.py:588} INFO - Filling up the DagBag from /home/airflow/.local/lib/python3.12/site-packages/airflow/example_dags/example_bash_decorator.py
[2025-04-25T23:47:46.053+0000] {processor.py:925} INFO - DAG(s) 'example_bash_decorator' retrieved from /home/airflow/.local/lib/python3.12/site-packages/airflow/example_dags/example_bash_decorator.py
[2025-04-25T23:47:46.109+0000] {logging_mixin.py:190} INFO - [2025-04-25T23:47:46.109+0000] {dag.py:3239} INFO - Sync 1 DAGs
[2025-04-25T23:47:46.138+0000] {logging_mixin.py:190} INFO - [2025-04-25T23:47:46.138+0000] {dag.py:4180} INFO - Setting next_dagrun for example_bash_decorator to None, run_after=None
[2025-04-25T23:47:46.189+0000] {processor.py:208} INFO - Processing /home/airflow/.local/lib/python3.12/site-packages/airflow/example_dags/example_bash_decorator.py took 0.301 seconds
[2025-04-25T23:48:16.507+0000] {processor.py:186} INFO - Started process (PID=1303) to work on /home/airflow/.local/lib/python3.12/site-packages/airflow/example_dags/example_bash_decorator.py
[2025-04-25T23:48:16.509+0000] {processor.py:914} INFO - Processing file /home/airflow/.local/lib/python3.12/site-packages/airflow/example_dags/example_bash_decorator.py for tasks to queue
[2025-04-25T23:48:16.513+0000] {logging_mixin.py:190} INFO - [2025-04-25T23:48:16.513+0000] {dagbag.py:588} INFO - Filling up the DagBag from /home/airflow/.local/lib/python3.12/site-packages/airflow/example_dags/example_bash_decorator.py
[2025-04-25T23:48:16.561+0000] {processor.py:925} INFO - DAG(s) 'example_bash_decorator' retrieved from /home/airflow/.local/lib/python3.12/site-packages/airflow/example_dags/example_bash_decorator.py
[2025-04-25T23:48:16.646+0000] {logging_mixin.py:190} INFO - [2025-04-25T23:48:16.646+0000] {dag.py:3239} INFO - Sync 1 DAGs
[2025-04-25T23:48:16.678+0000] {logging_mixin.py:190} INFO - [2025-04-25T23:48:16.678+0000] {dag.py:4180} INFO - Setting next_dagrun for example_bash_decorator to None, run_after=None
[2025-04-25T23:48:16.722+0000] {processor.py:208} INFO - Processing /home/airflow/.local/lib/python3.12/site-packages/airflow/example_dags/example_bash_decorator.py took 0.228 seconds
[2025-04-25T23:48:46.823+0000] {processor.py:186} INFO - Started process (PID=1363) to work on /home/airflow/.local/lib/python3.12/site-packages/airflow/example_dags/example_bash_decorator.py
[2025-04-25T23:48:46.828+0000] {processor.py:914} INFO - Processing file /home/airflow/.local/lib/python3.12/site-packages/airflow/example_dags/example_bash_decorator.py for tasks to queue
[2025-04-25T23:48:46.832+0000] {logging_mixin.py:190} INFO - [2025-04-25T23:48:46.832+0000] {dagbag.py:588} INFO - Filling up the DagBag from /home/airflow/.local/lib/python3.12/site-packages/airflow/example_dags/example_bash_decorator.py
[2025-04-25T23:48:46.863+0000] {processor.py:925} INFO - DAG(s) 'example_bash_decorator' retrieved from /home/airflow/.local/lib/python3.12/site-packages/airflow/example_dags/example_bash_decorator.py
[2025-04-25T23:48:46.955+0000] {logging_mixin.py:190} INFO - [2025-04-25T23:48:46.955+0000] {dag.py:3239} INFO - Sync 1 DAGs
[2025-04-25T23:48:47.016+0000] {logging_mixin.py:190} INFO - [2025-04-25T23:48:47.015+0000] {dag.py:4180} INFO - Setting next_dagrun for example_bash_decorator to None, run_after=None
[2025-04-25T23:48:47.074+0000] {processor.py:208} INFO - Processing /home/airflow/.local/lib/python3.12/site-packages/airflow/example_dags/example_bash_decorator.py took 0.264 seconds
[2025-04-25T23:49:17.283+0000] {processor.py:186} INFO - Started process (PID=1426) to work on /home/airflow/.local/lib/python3.12/site-packages/airflow/example_dags/example_bash_decorator.py
[2025-04-25T23:49:17.284+0000] {processor.py:914} INFO - Processing file /home/airflow/.local/lib/python3.12/site-packages/airflow/example_dags/example_bash_decorator.py for tasks to queue
[2025-04-25T23:49:17.287+0000] {logging_mixin.py:190} INFO - [2025-04-25T23:49:17.287+0000] {dagbag.py:588} INFO - Filling up the DagBag from /home/airflow/.local/lib/python3.12/site-packages/airflow/example_dags/example_bash_decorator.py
[2025-04-25T23:49:17.307+0000] {processor.py:925} INFO - DAG(s) 'example_bash_decorator' retrieved from /home/airflow/.local/lib/python3.12/site-packages/airflow/example_dags/example_bash_decorator.py
[2025-04-25T23:49:17.338+0000] {logging_mixin.py:190} INFO - [2025-04-25T23:49:17.338+0000] {dag.py:3239} INFO - Sync 1 DAGs
[2025-04-25T23:49:17.360+0000] {logging_mixin.py:190} INFO - [2025-04-25T23:49:17.360+0000] {dag.py:4180} INFO - Setting next_dagrun for example_bash_decorator to None, run_after=None
[2025-04-25T23:49:17.385+0000] {processor.py:208} INFO - Processing /home/airflow/.local/lib/python3.12/site-packages/airflow/example_dags/example_bash_decorator.py took 0.109 seconds
[2025-04-25T23:49:48.072+0000] {processor.py:186} INFO - Started process (PID=1489) to work on /home/airflow/.local/lib/python3.12/site-packages/airflow/example_dags/example_bash_decorator.py
[2025-04-25T23:49:48.074+0000] {processor.py:914} INFO - Processing file /home/airflow/.local/lib/python3.12/site-packages/airflow/example_dags/example_bash_decorator.py for tasks to queue
[2025-04-25T23:49:48.078+0000] {logging_mixin.py:190} INFO - [2025-04-25T23:49:48.077+0000] {dagbag.py:588} INFO - Filling up the DagBag from /home/airflow/.local/lib/python3.12/site-packages/airflow/example_dags/example_bash_decorator.py
[2025-04-25T23:49:48.111+0000] {processor.py:925} INFO - DAG(s) 'example_bash_decorator' retrieved from /home/airflow/.local/lib/python3.12/site-packages/airflow/example_dags/example_bash_decorator.py
[2025-04-25T23:49:48.159+0000] {logging_mixin.py:190} INFO - [2025-04-25T23:49:48.159+0000] {dag.py:3239} INFO - Sync 1 DAGs
[2025-04-25T23:49:48.183+0000] {logging_mixin.py:190} INFO - [2025-04-25T23:49:48.182+0000] {dag.py:4180} INFO - Setting next_dagrun for example_bash_decorator to None, run_after=None
[2025-04-25T23:49:48.217+0000] {processor.py:208} INFO - Processing /home/airflow/.local/lib/python3.12/site-packages/airflow/example_dags/example_bash_decorator.py took 0.161 seconds
[2025-04-25T23:50:18.565+0000] {processor.py:186} INFO - Started process (PID=1553) to work on /home/airflow/.local/lib/python3.12/site-packages/airflow/example_dags/example_bash_decorator.py
[2025-04-25T23:50:18.568+0000] {processor.py:914} INFO - Processing file /home/airflow/.local/lib/python3.12/site-packages/airflow/example_dags/example_bash_decorator.py for tasks to queue
[2025-04-25T23:50:18.573+0000] {logging_mixin.py:190} INFO - [2025-04-25T23:50:18.572+0000] {dagbag.py:588} INFO - Filling up the DagBag from /home/airflow/.local/lib/python3.12/site-packages/airflow/example_dags/example_bash_decorator.py
[2025-04-25T23:50:18.602+0000] {processor.py:925} INFO - DAG(s) 'example_bash_decorator' retrieved from /home/airflow/.local/lib/python3.12/site-packages/airflow/example_dags/example_bash_decorator.py
[2025-04-25T23:50:18.656+0000] {logging_mixin.py:190} INFO - [2025-04-25T23:50:18.656+0000] {dag.py:3239} INFO - Sync 1 DAGs
[2025-04-25T23:50:18.687+0000] {logging_mixin.py:190} INFO - [2025-04-25T23:50:18.687+0000] {dag.py:4180} INFO - Setting next_dagrun for example_bash_decorator to None, run_after=None
[2025-04-25T23:50:18.718+0000] {processor.py:208} INFO - Processing /home/airflow/.local/lib/python3.12/site-packages/airflow/example_dags/example_bash_decorator.py took 0.164 seconds
[2025-04-25T23:50:48.865+0000] {processor.py:186} INFO - Started process (PID=1615) to work on /home/airflow/.local/lib/python3.12/site-packages/airflow/example_dags/example_bash_decorator.py
[2025-04-25T23:50:48.868+0000] {processor.py:914} INFO - Processing file /home/airflow/.local/lib/python3.12/site-packages/airflow/example_dags/example_bash_decorator.py for tasks to queue
[2025-04-25T23:50:48.871+0000] {logging_mixin.py:190} INFO - [2025-04-25T23:50:48.871+0000] {dagbag.py:588} INFO - Filling up the DagBag from /home/airflow/.local/lib/python3.12/site-packages/airflow/example_dags/example_bash_decorator.py
[2025-04-25T23:50:48.917+0000] {processor.py:925} INFO - DAG(s) 'example_bash_decorator' retrieved from /home/airflow/.local/lib/python3.12/site-packages/airflow/example_dags/example_bash_decorator.py
[2025-04-25T23:50:49.073+0000] {logging_mixin.py:190} INFO - [2025-04-25T23:50:49.073+0000] {dag.py:3239} INFO - Sync 1 DAGs
[2025-04-25T23:50:49.104+0000] {logging_mixin.py:190} INFO - [2025-04-25T23:50:49.103+0000] {dag.py:4180} INFO - Setting next_dagrun for example_bash_decorator to None, run_after=None
[2025-04-25T23:50:49.150+0000] {processor.py:208} INFO - Processing /home/airflow/.local/lib/python3.12/site-packages/airflow/example_dags/example_bash_decorator.py took 0.293 seconds
[2025-04-25T23:51:24.786+0000] {processor.py:186} INFO - Started process (PID=1678) to work on /home/airflow/.local/lib/python3.12/site-packages/airflow/example_dags/example_bash_decorator.py
[2025-04-25T23:51:24.788+0000] {processor.py:914} INFO - Processing file /home/airflow/.local/lib/python3.12/site-packages/airflow/example_dags/example_bash_decorator.py for tasks to queue
[2025-04-25T23:51:24.792+0000] {logging_mixin.py:190} INFO - [2025-04-25T23:51:24.791+0000] {dagbag.py:588} INFO - Filling up the DagBag from /home/airflow/.local/lib/python3.12/site-packages/airflow/example_dags/example_bash_decorator.py
[2025-04-25T23:51:24.892+0000] {processor.py:925} INFO - DAG(s) 'example_bash_decorator' retrieved from /home/airflow/.local/lib/python3.12/site-packages/airflow/example_dags/example_bash_decorator.py
[2025-04-25T23:51:24.960+0000] {logging_mixin.py:190} INFO - [2025-04-25T23:51:24.959+0000] {dag.py:3239} INFO - Sync 1 DAGs
[2025-04-25T23:51:24.995+0000] {logging_mixin.py:190} INFO - [2025-04-25T23:51:24.995+0000] {dag.py:4180} INFO - Setting next_dagrun for example_bash_decorator to None, run_after=None
[2025-04-25T23:51:25.037+0000] {processor.py:208} INFO - Processing /home/airflow/.local/lib/python3.12/site-packages/airflow/example_dags/example_bash_decorator.py took 0.272 seconds
[2025-04-25T23:51:55.368+0000] {processor.py:186} INFO - Started process (PID=1739) to work on /home/airflow/.local/lib/python3.12/site-packages/airflow/example_dags/example_bash_decorator.py
[2025-04-25T23:51:55.370+0000] {processor.py:914} INFO - Processing file /home/airflow/.local/lib/python3.12/site-packages/airflow/example_dags/example_bash_decorator.py for tasks to queue
[2025-04-25T23:51:55.373+0000] {logging_mixin.py:190} INFO - [2025-04-25T23:51:55.373+0000] {dagbag.py:588} INFO - Filling up the DagBag from /home/airflow/.local/lib/python3.12/site-packages/airflow/example_dags/example_bash_decorator.py
[2025-04-25T23:51:55.394+0000] {processor.py:925} INFO - DAG(s) 'example_bash_decorator' retrieved from /home/airflow/.local/lib/python3.12/site-packages/airflow/example_dags/example_bash_decorator.py
[2025-04-25T23:51:55.449+0000] {logging_mixin.py:190} INFO - [2025-04-25T23:51:55.448+0000] {dag.py:3239} INFO - Sync 1 DAGs
[2025-04-25T23:51:55.473+0000] {logging_mixin.py:190} INFO - [2025-04-25T23:51:55.473+0000] {dag.py:4180} INFO - Setting next_dagrun for example_bash_decorator to None, run_after=None
[2025-04-25T23:51:55.515+0000] {processor.py:208} INFO - Processing /home/airflow/.local/lib/python3.12/site-packages/airflow/example_dags/example_bash_decorator.py took 0.155 seconds
[2025-04-25T23:52:25.714+0000] {processor.py:186} INFO - Started process (PID=1802) to work on /home/airflow/.local/lib/python3.12/site-packages/airflow/example_dags/example_bash_decorator.py
[2025-04-25T23:52:25.715+0000] {processor.py:914} INFO - Processing file /home/airflow/.local/lib/python3.12/site-packages/airflow/example_dags/example_bash_decorator.py for tasks to queue
[2025-04-25T23:52:25.719+0000] {logging_mixin.py:190} INFO - [2025-04-25T23:52:25.718+0000] {dagbag.py:588} INFO - Filling up the DagBag from /home/airflow/.local/lib/python3.12/site-packages/airflow/example_dags/example_bash_decorator.py
[2025-04-25T23:52:25.745+0000] {processor.py:925} INFO - DAG(s) 'example_bash_decorator' retrieved from /home/airflow/.local/lib/python3.12/site-packages/airflow/example_dags/example_bash_decorator.py
[2025-04-25T23:52:25.796+0000] {logging_mixin.py:190} INFO - [2025-04-25T23:52:25.795+0000] {dag.py:3239} INFO - Sync 1 DAGs
[2025-04-25T23:52:25.821+0000] {logging_mixin.py:190} INFO - [2025-04-25T23:52:25.821+0000] {dag.py:4180} INFO - Setting next_dagrun for example_bash_decorator to None, run_after=None
[2025-04-25T23:52:25.854+0000] {processor.py:208} INFO - Processing /home/airflow/.local/lib/python3.12/site-packages/airflow/example_dags/example_bash_decorator.py took 0.150 seconds
[2025-04-25T23:52:56.584+0000] {processor.py:186} INFO - Started process (PID=1864) to work on /home/airflow/.local/lib/python3.12/site-packages/airflow/example_dags/example_bash_decorator.py
[2025-04-25T23:52:56.585+0000] {processor.py:914} INFO - Processing file /home/airflow/.local/lib/python3.12/site-packages/airflow/example_dags/example_bash_decorator.py for tasks to queue
[2025-04-25T23:52:56.589+0000] {logging_mixin.py:190} INFO - [2025-04-25T23:52:56.588+0000] {dagbag.py:588} INFO - Filling up the DagBag from /home/airflow/.local/lib/python3.12/site-packages/airflow/example_dags/example_bash_decorator.py
[2025-04-25T23:52:56.621+0000] {processor.py:925} INFO - DAG(s) 'example_bash_decorator' retrieved from /home/airflow/.local/lib/python3.12/site-packages/airflow/example_dags/example_bash_decorator.py
[2025-04-25T23:52:56.675+0000] {logging_mixin.py:190} INFO - [2025-04-25T23:52:56.674+0000] {dag.py:3239} INFO - Sync 1 DAGs
[2025-04-25T23:52:56.697+0000] {logging_mixin.py:190} INFO - [2025-04-25T23:52:56.697+0000] {dag.py:4180} INFO - Setting next_dagrun for example_bash_decorator to None, run_after=None
[2025-04-25T23:52:56.719+0000] {processor.py:208} INFO - Processing /home/airflow/.local/lib/python3.12/site-packages/airflow/example_dags/example_bash_decorator.py took 0.150 seconds
[2025-04-25T23:53:26.945+0000] {processor.py:186} INFO - Started process (PID=1928) to work on /home/airflow/.local/lib/python3.12/site-packages/airflow/example_dags/example_bash_decorator.py
[2025-04-25T23:53:26.947+0000] {processor.py:914} INFO - Processing file /home/airflow/.local/lib/python3.12/site-packages/airflow/example_dags/example_bash_decorator.py for tasks to queue
[2025-04-25T23:53:26.950+0000] {logging_mixin.py:190} INFO - [2025-04-25T23:53:26.950+0000] {dagbag.py:588} INFO - Filling up the DagBag from /home/airflow/.local/lib/python3.12/site-packages/airflow/example_dags/example_bash_decorator.py
[2025-04-25T23:53:26.984+0000] {processor.py:925} INFO - DAG(s) 'example_bash_decorator' retrieved from /home/airflow/.local/lib/python3.12/site-packages/airflow/example_dags/example_bash_decorator.py
[2025-04-25T23:53:27.055+0000] {logging_mixin.py:190} INFO - [2025-04-25T23:53:27.055+0000] {dag.py:3239} INFO - Sync 1 DAGs
[2025-04-25T23:53:27.160+0000] {logging_mixin.py:190} INFO - [2025-04-25T23:53:27.159+0000] {dag.py:4180} INFO - Setting next_dagrun for example_bash_decorator to None, run_after=None
[2025-04-25T23:53:27.197+0000] {processor.py:208} INFO - Processing /home/airflow/.local/lib/python3.12/site-packages/airflow/example_dags/example_bash_decorator.py took 0.262 seconds
[2025-04-25T23:53:58.053+0000] {processor.py:186} INFO - Started process (PID=1991) to work on /home/airflow/.local/lib/python3.12/site-packages/airflow/example_dags/example_bash_decorator.py
[2025-04-25T23:53:58.055+0000] {processor.py:914} INFO - Processing file /home/airflow/.local/lib/python3.12/site-packages/airflow/example_dags/example_bash_decorator.py for tasks to queue
[2025-04-25T23:53:58.059+0000] {logging_mixin.py:190} INFO - [2025-04-25T23:53:58.059+0000] {dagbag.py:588} INFO - Filling up the DagBag from /home/airflow/.local/lib/python3.12/site-packages/airflow/example_dags/example_bash_decorator.py
[2025-04-25T23:53:58.081+0000] {processor.py:925} INFO - DAG(s) 'example_bash_decorator' retrieved from /home/airflow/.local/lib/python3.12/site-packages/airflow/example_dags/example_bash_decorator.py
[2025-04-25T23:53:58.125+0000] {logging_mixin.py:190} INFO - [2025-04-25T23:53:58.125+0000] {dag.py:3239} INFO - Sync 1 DAGs
[2025-04-25T23:53:58.178+0000] {logging_mixin.py:190} INFO - [2025-04-25T23:53:58.177+0000] {dag.py:4180} INFO - Setting next_dagrun for example_bash_decorator to None, run_after=None
[2025-04-25T23:53:58.212+0000] {processor.py:208} INFO - Processing /home/airflow/.local/lib/python3.12/site-packages/airflow/example_dags/example_bash_decorator.py took 0.168 seconds
[2025-04-25T23:54:28.376+0000] {processor.py:186} INFO - Started process (PID=2055) to work on /home/airflow/.local/lib/python3.12/site-packages/airflow/example_dags/example_bash_decorator.py
[2025-04-25T23:54:28.381+0000] {processor.py:914} INFO - Processing file /home/airflow/.local/lib/python3.12/site-packages/airflow/example_dags/example_bash_decorator.py for tasks to queue
[2025-04-25T23:54:28.384+0000] {logging_mixin.py:190} INFO - [2025-04-25T23:54:28.384+0000] {dagbag.py:588} INFO - Filling up the DagBag from /home/airflow/.local/lib/python3.12/site-packages/airflow/example_dags/example_bash_decorator.py
[2025-04-25T23:54:28.410+0000] {processor.py:925} INFO - DAG(s) 'example_bash_decorator' retrieved from /home/airflow/.local/lib/python3.12/site-packages/airflow/example_dags/example_bash_decorator.py
[2025-04-25T23:54:28.453+0000] {logging_mixin.py:190} INFO - [2025-04-25T23:54:28.452+0000] {dag.py:3239} INFO - Sync 1 DAGs
[2025-04-25T23:54:28.473+0000] {logging_mixin.py:190} INFO - [2025-04-25T23:54:28.473+0000] {dag.py:4180} INFO - Setting next_dagrun for example_bash_decorator to None, run_after=None
[2025-04-25T23:54:28.500+0000] {processor.py:208} INFO - Processing /home/airflow/.local/lib/python3.12/site-packages/airflow/example_dags/example_bash_decorator.py took 0.148 seconds
[2025-04-25T23:54:58.888+0000] {processor.py:186} INFO - Started process (PID=2119) to work on /home/airflow/.local/lib/python3.12/site-packages/airflow/example_dags/example_bash_decorator.py
[2025-04-25T23:54:58.913+0000] {processor.py:914} INFO - Processing file /home/airflow/.local/lib/python3.12/site-packages/airflow/example_dags/example_bash_decorator.py for tasks to queue
[2025-04-25T23:54:59.022+0000] {logging_mixin.py:190} INFO - [2025-04-25T23:54:59.021+0000] {dagbag.py:588} INFO - Filling up the DagBag from /home/airflow/.local/lib/python3.12/site-packages/airflow/example_dags/example_bash_decorator.py
[2025-04-25T23:54:59.118+0000] {processor.py:925} INFO - DAG(s) 'example_bash_decorator' retrieved from /home/airflow/.local/lib/python3.12/site-packages/airflow/example_dags/example_bash_decorator.py
[2025-04-25T23:54:59.180+0000] {logging_mixin.py:190} INFO - [2025-04-25T23:54:59.179+0000] {dag.py:3239} INFO - Sync 1 DAGs
[2025-04-25T23:54:59.211+0000] {logging_mixin.py:190} INFO - [2025-04-25T23:54:59.211+0000] {dag.py:4180} INFO - Setting next_dagrun for example_bash_decorator to None, run_after=None
[2025-04-25T23:54:59.245+0000] {processor.py:208} INFO - Processing /home/airflow/.local/lib/python3.12/site-packages/airflow/example_dags/example_bash_decorator.py took 0.369 seconds
[2025-04-25T23:55:29.477+0000] {processor.py:186} INFO - Started process (PID=2183) to work on /home/airflow/.local/lib/python3.12/site-packages/airflow/example_dags/example_bash_decorator.py
[2025-04-25T23:55:29.489+0000] {processor.py:914} INFO - Processing file /home/airflow/.local/lib/python3.12/site-packages/airflow/example_dags/example_bash_decorator.py for tasks to queue
[2025-04-25T23:55:29.500+0000] {logging_mixin.py:190} INFO - [2025-04-25T23:55:29.499+0000] {dagbag.py:588} INFO - Filling up the DagBag from /home/airflow/.local/lib/python3.12/site-packages/airflow/example_dags/example_bash_decorator.py
[2025-04-25T23:55:29.560+0000] {processor.py:925} INFO - DAG(s) 'example_bash_decorator' retrieved from /home/airflow/.local/lib/python3.12/site-packages/airflow/example_dags/example_bash_decorator.py
[2025-04-25T23:55:29.646+0000] {logging_mixin.py:190} INFO - [2025-04-25T23:55:29.645+0000] {dag.py:3239} INFO - Sync 1 DAGs
[2025-04-25T23:55:29.674+0000] {logging_mixin.py:190} INFO - [2025-04-25T23:55:29.674+0000] {dag.py:4180} INFO - Setting next_dagrun for example_bash_decorator to None, run_after=None
[2025-04-25T23:55:29.710+0000] {processor.py:208} INFO - Processing /home/airflow/.local/lib/python3.12/site-packages/airflow/example_dags/example_bash_decorator.py took 0.254 seconds
[2025-04-25T23:55:59.936+0000] {processor.py:186} INFO - Started process (PID=2247) to work on /home/airflow/.local/lib/python3.12/site-packages/airflow/example_dags/example_bash_decorator.py
[2025-04-25T23:55:59.939+0000] {processor.py:914} INFO - Processing file /home/airflow/.local/lib/python3.12/site-packages/airflow/example_dags/example_bash_decorator.py for tasks to queue
[2025-04-25T23:55:59.952+0000] {logging_mixin.py:190} INFO - [2025-04-25T23:55:59.951+0000] {dagbag.py:588} INFO - Filling up the DagBag from /home/airflow/.local/lib/python3.12/site-packages/airflow/example_dags/example_bash_decorator.py
[2025-04-25T23:55:59.986+0000] {processor.py:925} INFO - DAG(s) 'example_bash_decorator' retrieved from /home/airflow/.local/lib/python3.12/site-packages/airflow/example_dags/example_bash_decorator.py
[2025-04-25T23:56:00.098+0000] {logging_mixin.py:190} INFO - [2025-04-25T23:56:00.097+0000] {dag.py:3239} INFO - Sync 1 DAGs
[2025-04-25T23:56:00.191+0000] {logging_mixin.py:190} INFO - [2025-04-25T23:56:00.191+0000] {dag.py:4180} INFO - Setting next_dagrun for example_bash_decorator to None, run_after=None
[2025-04-25T23:56:00.290+0000] {processor.py:208} INFO - Processing /home/airflow/.local/lib/python3.12/site-packages/airflow/example_dags/example_bash_decorator.py took 0.369 seconds
[2025-04-25T23:56:30.762+0000] {processor.py:186} INFO - Started process (PID=2318) to work on /home/airflow/.local/lib/python3.12/site-packages/airflow/example_dags/example_bash_decorator.py
[2025-04-25T23:56:30.778+0000] {processor.py:914} INFO - Processing file /home/airflow/.local/lib/python3.12/site-packages/airflow/example_dags/example_bash_decorator.py for tasks to queue
[2025-04-25T23:56:30.781+0000] {logging_mixin.py:190} INFO - [2025-04-25T23:56:30.780+0000] {dagbag.py:588} INFO - Filling up the DagBag from /home/airflow/.local/lib/python3.12/site-packages/airflow/example_dags/example_bash_decorator.py
[2025-04-25T23:56:30.850+0000] {processor.py:925} INFO - DAG(s) 'example_bash_decorator' retrieved from /home/airflow/.local/lib/python3.12/site-packages/airflow/example_dags/example_bash_decorator.py
[2025-04-25T23:56:30.955+0000] {logging_mixin.py:190} INFO - [2025-04-25T23:56:30.953+0000] {dag.py:3239} INFO - Sync 1 DAGs
[2025-04-25T23:56:30.983+0000] {logging_mixin.py:190} INFO - [2025-04-25T23:56:30.983+0000] {dag.py:4180} INFO - Setting next_dagrun for example_bash_decorator to None, run_after=None
[2025-04-25T23:56:31.017+0000] {processor.py:208} INFO - Processing /home/airflow/.local/lib/python3.12/site-packages/airflow/example_dags/example_bash_decorator.py took 0.270 seconds
[2025-04-25T23:57:01.368+0000] {processor.py:186} INFO - Started process (PID=2382) to work on /home/airflow/.local/lib/python3.12/site-packages/airflow/example_dags/example_bash_decorator.py
[2025-04-25T23:57:01.371+0000] {processor.py:914} INFO - Processing file /home/airflow/.local/lib/python3.12/site-packages/airflow/example_dags/example_bash_decorator.py for tasks to queue
[2025-04-25T23:57:01.376+0000] {logging_mixin.py:190} INFO - [2025-04-25T23:57:01.375+0000] {dagbag.py:588} INFO - Filling up the DagBag from /home/airflow/.local/lib/python3.12/site-packages/airflow/example_dags/example_bash_decorator.py
[2025-04-25T23:57:01.412+0000] {processor.py:925} INFO - DAG(s) 'example_bash_decorator' retrieved from /home/airflow/.local/lib/python3.12/site-packages/airflow/example_dags/example_bash_decorator.py
[2025-04-25T23:57:01.627+0000] {logging_mixin.py:190} INFO - [2025-04-25T23:57:01.626+0000] {dag.py:3239} INFO - Sync 1 DAGs
[2025-04-25T23:57:01.678+0000] {logging_mixin.py:190} INFO - [2025-04-25T23:57:01.677+0000] {dag.py:4180} INFO - Setting next_dagrun for example_bash_decorator to None, run_after=None
[2025-04-25T23:57:01.711+0000] {processor.py:208} INFO - Processing /home/airflow/.local/lib/python3.12/site-packages/airflow/example_dags/example_bash_decorator.py took 0.356 seconds
[2025-04-25T23:57:31.959+0000] {processor.py:186} INFO - Started process (PID=2446) to work on /home/airflow/.local/lib/python3.12/site-packages/airflow/example_dags/example_bash_decorator.py
[2025-04-25T23:57:31.965+0000] {processor.py:914} INFO - Processing file /home/airflow/.local/lib/python3.12/site-packages/airflow/example_dags/example_bash_decorator.py for tasks to queue
[2025-04-25T23:57:31.967+0000] {logging_mixin.py:190} INFO - [2025-04-25T23:57:31.966+0000] {dagbag.py:588} INFO - Filling up the DagBag from /home/airflow/.local/lib/python3.12/site-packages/airflow/example_dags/example_bash_decorator.py
[2025-04-25T23:57:32.001+0000] {processor.py:925} INFO - DAG(s) 'example_bash_decorator' retrieved from /home/airflow/.local/lib/python3.12/site-packages/airflow/example_dags/example_bash_decorator.py
[2025-04-25T23:57:32.058+0000] {logging_mixin.py:190} INFO - [2025-04-25T23:57:32.057+0000] {dag.py:3239} INFO - Sync 1 DAGs
[2025-04-25T23:57:32.097+0000] {logging_mixin.py:190} INFO - [2025-04-25T23:57:32.097+0000] {dag.py:4180} INFO - Setting next_dagrun for example_bash_decorator to None, run_after=None
[2025-04-25T23:57:32.138+0000] {processor.py:208} INFO - Processing /home/airflow/.local/lib/python3.12/site-packages/airflow/example_dags/example_bash_decorator.py took 0.189 seconds
[2025-04-25T23:58:55.344+0000] {processor.py:186} INFO - Started process (PID=2492) to work on /home/airflow/.local/lib/python3.12/site-packages/airflow/example_dags/example_bash_decorator.py
[2025-04-25T23:58:55.346+0000] {processor.py:914} INFO - Processing file /home/airflow/.local/lib/python3.12/site-packages/airflow/example_dags/example_bash_decorator.py for tasks to queue
[2025-04-25T23:58:55.348+0000] {logging_mixin.py:190} INFO - [2025-04-25T23:58:55.348+0000] {dagbag.py:588} INFO - Filling up the DagBag from /home/airflow/.local/lib/python3.12/site-packages/airflow/example_dags/example_bash_decorator.py
[2025-04-25T23:58:55.435+0000] {processor.py:925} INFO - DAG(s) 'example_bash_decorator' retrieved from /home/airflow/.local/lib/python3.12/site-packages/airflow/example_dags/example_bash_decorator.py
[2025-04-25T23:58:55.599+0000] {logging_mixin.py:190} INFO - [2025-04-25T23:58:55.599+0000] {dag.py:3239} INFO - Sync 1 DAGs
[2025-04-25T23:58:55.847+0000] {logging_mixin.py:190} INFO - [2025-04-25T23:58:55.847+0000] {dag.py:4180} INFO - Setting next_dagrun for example_bash_decorator to None, run_after=None
[2025-04-25T23:58:55.968+0000] {processor.py:208} INFO - Processing /home/airflow/.local/lib/python3.12/site-packages/airflow/example_dags/example_bash_decorator.py took 0.731 seconds
[2025-04-25T23:59:26.080+0000] {processor.py:186} INFO - Started process (PID=2555) to work on /home/airflow/.local/lib/python3.12/site-packages/airflow/example_dags/example_bash_decorator.py
[2025-04-25T23:59:26.083+0000] {processor.py:914} INFO - Processing file /home/airflow/.local/lib/python3.12/site-packages/airflow/example_dags/example_bash_decorator.py for tasks to queue
[2025-04-25T23:59:26.086+0000] {logging_mixin.py:190} INFO - [2025-04-25T23:59:26.085+0000] {dagbag.py:588} INFO - Filling up the DagBag from /home/airflow/.local/lib/python3.12/site-packages/airflow/example_dags/example_bash_decorator.py
[2025-04-25T23:59:26.138+0000] {processor.py:925} INFO - DAG(s) 'example_bash_decorator' retrieved from /home/airflow/.local/lib/python3.12/site-packages/airflow/example_dags/example_bash_decorator.py
[2025-04-25T23:59:26.334+0000] {logging_mixin.py:190} INFO - [2025-04-25T23:59:26.328+0000] {dag.py:3239} INFO - Sync 1 DAGs
[2025-04-25T23:59:26.363+0000] {logging_mixin.py:190} INFO - [2025-04-25T23:59:26.362+0000] {dag.py:4180} INFO - Setting next_dagrun for example_bash_decorator to None, run_after=None
[2025-04-25T23:59:26.418+0000] {processor.py:208} INFO - Processing /home/airflow/.local/lib/python3.12/site-packages/airflow/example_dags/example_bash_decorator.py took 0.360 seconds
[2025-04-25T23:59:59.539+0000] {processor.py:186} INFO - Started process (PID=2616) to work on /home/airflow/.local/lib/python3.12/site-packages/airflow/example_dags/example_bash_decorator.py
[2025-04-25T23:59:59.540+0000] {processor.py:914} INFO - Processing file /home/airflow/.local/lib/python3.12/site-packages/airflow/example_dags/example_bash_decorator.py for tasks to queue
[2025-04-25T23:59:59.548+0000] {logging_mixin.py:190} INFO - [2025-04-25T23:59:59.542+0000] {dagbag.py:588} INFO - Filling up the DagBag from /home/airflow/.local/lib/python3.12/site-packages/airflow/example_dags/example_bash_decorator.py
[2025-04-25T23:59:59.621+0000] {processor.py:925} INFO - DAG(s) 'example_bash_decorator' retrieved from /home/airflow/.local/lib/python3.12/site-packages/airflow/example_dags/example_bash_decorator.py
[2025-04-26T00:00:00.485+0000] {logging_mixin.py:190} INFO - [2025-04-26T00:00:00.158+0000] {dag.py:3239} INFO - Sync 1 DAGs
[2025-04-26T00:00:00.687+0000] {logging_mixin.py:190} INFO - [2025-04-26T00:00:00.685+0000] {dag.py:4180} INFO - Setting next_dagrun for example_bash_decorator to None, run_after=None
[2025-04-26T00:00:01.030+0000] {processor.py:208} INFO - Processing /home/airflow/.local/lib/python3.12/site-packages/airflow/example_dags/example_bash_decorator.py took 1.610 seconds
