[2025-04-25T23:33:35.500+0000] {processor.py:186} INFO - Started process (PID=155) to work on /home/airflow/.local/lib/python3.12/site-packages/airflow/example_dags/example_branch_labels.py
[2025-04-25T23:33:35.501+0000] {processor.py:914} INFO - Processing file /home/airflow/.local/lib/python3.12/site-packages/airflow/example_dags/example_branch_labels.py for tasks to queue
[2025-04-25T23:33:35.506+0000] {logging_mixin.py:190} INFO - [2025-04-25T23:33:35.505+0000] {dagbag.py:588} INFO - Filling up the DagBag from /home/airflow/.local/lib/python3.12/site-packages/airflow/example_dags/example_branch_labels.py
[2025-04-25T23:33:35.530+0000] {processor.py:925} INFO - DAG(s) 'example_branch_labels' retrieved from /home/airflow/.local/lib/python3.12/site-packages/airflow/example_dags/example_branch_labels.py
[2025-04-25T23:33:35.790+0000] {logging_mixin.py:190} INFO - [2025-04-25T23:33:35.789+0000] {override.py:1911} INFO - Created Permission View: can delete on DAG:example_branch_labels
[2025-04-25T23:33:35.810+0000] {logging_mixin.py:190} INFO - [2025-04-25T23:33:35.809+0000] {override.py:1911} INFO - Created Permission View: can read on DAG:example_branch_labels
[2025-04-25T23:33:35.825+0000] {logging_mixin.py:190} INFO - [2025-04-25T23:33:35.824+0000] {override.py:1911} INFO - Created Permission View: can edit on DAG:example_branch_labels
[2025-04-25T23:33:35.841+0000] {logging_mixin.py:190} INFO - [2025-04-25T23:33:35.840+0000] {override.py:1911} INFO - Created Permission View: can create on DAG Run:example_branch_labels
[2025-04-25T23:33:35.854+0000] {logging_mixin.py:190} INFO - [2025-04-25T23:33:35.854+0000] {override.py:1911} INFO - Created Permission View: can delete on DAG Run:example_branch_labels
[2025-04-25T23:33:35.880+0000] {logging_mixin.py:190} INFO - [2025-04-25T23:33:35.879+0000] {override.py:1911} INFO - Created Permission View: can read on DAG Run:example_branch_labels
[2025-04-25T23:33:35.913+0000] {logging_mixin.py:190} INFO - [2025-04-25T23:33:35.913+0000] {override.py:1911} INFO - Created Permission View: menu access on DAG Run:example_branch_labels
[2025-04-25T23:33:35.915+0000] {logging_mixin.py:190} INFO - [2025-04-25T23:33:35.914+0000] {dag.py:3239} INFO - Sync 1 DAGs
[2025-04-25T23:33:35.990+0000] {logging_mixin.py:190} INFO - [2025-04-25T23:33:35.990+0000] {dag.py:3262} INFO - Creating ORM DAG for example_branch_labels
[2025-04-25T23:33:36.033+0000] {logging_mixin.py:190} INFO - [2025-04-25T23:33:36.032+0000] {dag.py:4180} INFO - Setting next_dagrun for example_branch_labels to 2025-04-24 00:00:00+00:00, run_after=2025-04-25 00:00:00+00:00
[2025-04-25T23:33:36.087+0000] {processor.py:208} INFO - Processing /home/airflow/.local/lib/python3.12/site-packages/airflow/example_dags/example_branch_labels.py took 0.602 seconds
[2025-04-25T23:34:06.718+0000] {processor.py:186} INFO - Started process (PID=217) to work on /home/airflow/.local/lib/python3.12/site-packages/airflow/example_dags/example_branch_labels.py
[2025-04-25T23:34:06.720+0000] {processor.py:914} INFO - Processing file /home/airflow/.local/lib/python3.12/site-packages/airflow/example_dags/example_branch_labels.py for tasks to queue
[2025-04-25T23:34:06.724+0000] {logging_mixin.py:190} INFO - [2025-04-25T23:34:06.724+0000] {dagbag.py:588} INFO - Filling up the DagBag from /home/airflow/.local/lib/python3.12/site-packages/airflow/example_dags/example_branch_labels.py
[2025-04-25T23:34:06.746+0000] {processor.py:925} INFO - DAG(s) 'example_branch_labels' retrieved from /home/airflow/.local/lib/python3.12/site-packages/airflow/example_dags/example_branch_labels.py
[2025-04-25T23:34:06.790+0000] {logging_mixin.py:190} INFO - [2025-04-25T23:34:06.790+0000] {dag.py:3239} INFO - Sync 1 DAGs
[2025-04-25T23:34:06.852+0000] {logging_mixin.py:190} INFO - [2025-04-25T23:34:06.852+0000] {dag.py:4180} INFO - Setting next_dagrun for example_branch_labels to 2025-04-24 00:00:00+00:00, run_after=2025-04-25 00:00:00+00:00
[2025-04-25T23:34:06.894+0000] {processor.py:208} INFO - Processing /home/airflow/.local/lib/python3.12/site-packages/airflow/example_dags/example_branch_labels.py took 0.234 seconds
[2025-04-25T23:38:01.523+0000] {processor.py:186} INFO - Started process (PID=125) to work on /home/airflow/.local/lib/python3.12/site-packages/airflow/example_dags/example_branch_labels.py
[2025-04-25T23:38:01.525+0000] {processor.py:914} INFO - Processing file /home/airflow/.local/lib/python3.12/site-packages/airflow/example_dags/example_branch_labels.py for tasks to queue
[2025-04-25T23:38:01.538+0000] {logging_mixin.py:190} INFO - [2025-04-25T23:38:01.538+0000] {dagbag.py:588} INFO - Filling up the DagBag from /home/airflow/.local/lib/python3.12/site-packages/airflow/example_dags/example_branch_labels.py
[2025-04-25T23:38:01.563+0000] {processor.py:925} INFO - DAG(s) 'example_branch_labels' retrieved from /home/airflow/.local/lib/python3.12/site-packages/airflow/example_dags/example_branch_labels.py
[2025-04-25T23:38:01.610+0000] {logging_mixin.py:190} INFO - [2025-04-25T23:38:01.609+0000] {dag.py:3239} INFO - Sync 1 DAGs
[2025-04-25T23:38:01.688+0000] {logging_mixin.py:190} INFO - [2025-04-25T23:38:01.687+0000] {dag.py:4180} INFO - Setting next_dagrun for example_branch_labels to 2025-04-24 00:00:00+00:00, run_after=2025-04-25 00:00:00+00:00
[2025-04-25T23:38:01.727+0000] {processor.py:208} INFO - Processing /home/airflow/.local/lib/python3.12/site-packages/airflow/example_dags/example_branch_labels.py took 0.221 seconds
[2025-04-25T23:38:34.233+0000] {processor.py:186} INFO - Started process (PID=188) to work on /home/airflow/.local/lib/python3.12/site-packages/airflow/example_dags/example_branch_labels.py
[2025-04-25T23:38:34.240+0000] {processor.py:914} INFO - Processing file /home/airflow/.local/lib/python3.12/site-packages/airflow/example_dags/example_branch_labels.py for tasks to queue
[2025-04-25T23:38:34.248+0000] {logging_mixin.py:190} INFO - [2025-04-25T23:38:34.247+0000] {dagbag.py:588} INFO - Filling up the DagBag from /home/airflow/.local/lib/python3.12/site-packages/airflow/example_dags/example_branch_labels.py
[2025-04-25T23:38:34.263+0000] {processor.py:925} INFO - DAG(s) 'example_branch_labels' retrieved from /home/airflow/.local/lib/python3.12/site-packages/airflow/example_dags/example_branch_labels.py
[2025-04-25T23:38:34.325+0000] {logging_mixin.py:190} INFO - [2025-04-25T23:38:34.325+0000] {dag.py:3239} INFO - Sync 1 DAGs
[2025-04-25T23:38:34.433+0000] {logging_mixin.py:190} INFO - [2025-04-25T23:38:34.431+0000] {dag.py:4180} INFO - Setting next_dagrun for example_branch_labels to 2025-04-24 00:00:00+00:00, run_after=2025-04-25 00:00:00+00:00
[2025-04-25T23:38:34.502+0000] {processor.py:208} INFO - Processing /home/airflow/.local/lib/python3.12/site-packages/airflow/example_dags/example_branch_labels.py took 0.284 seconds
[2025-04-25T23:39:04.984+0000] {processor.py:186} INFO - Started process (PID=250) to work on /home/airflow/.local/lib/python3.12/site-packages/airflow/example_dags/example_branch_labels.py
[2025-04-25T23:39:04.986+0000] {processor.py:914} INFO - Processing file /home/airflow/.local/lib/python3.12/site-packages/airflow/example_dags/example_branch_labels.py for tasks to queue
[2025-04-25T23:39:04.990+0000] {logging_mixin.py:190} INFO - [2025-04-25T23:39:04.989+0000] {dagbag.py:588} INFO - Filling up the DagBag from /home/airflow/.local/lib/python3.12/site-packages/airflow/example_dags/example_branch_labels.py
[2025-04-25T23:39:05.006+0000] {processor.py:925} INFO - DAG(s) 'example_branch_labels' retrieved from /home/airflow/.local/lib/python3.12/site-packages/airflow/example_dags/example_branch_labels.py
[2025-04-25T23:39:05.040+0000] {logging_mixin.py:190} INFO - [2025-04-25T23:39:05.040+0000] {dag.py:3239} INFO - Sync 1 DAGs
[2025-04-25T23:39:05.072+0000] {logging_mixin.py:190} INFO - [2025-04-25T23:39:05.071+0000] {dag.py:4180} INFO - Setting next_dagrun for example_branch_labels to 2025-04-24 00:00:00+00:00, run_after=2025-04-25 00:00:00+00:00
[2025-04-25T23:39:05.096+0000] {processor.py:208} INFO - Processing /home/airflow/.local/lib/python3.12/site-packages/airflow/example_dags/example_branch_labels.py took 0.119 seconds
[2025-04-25T23:39:47.169+0000] {processor.py:186} INFO - Started process (PID=313) to work on /home/airflow/.local/lib/python3.12/site-packages/airflow/example_dags/example_branch_labels.py
[2025-04-25T23:39:47.171+0000] {processor.py:914} INFO - Processing file /home/airflow/.local/lib/python3.12/site-packages/airflow/example_dags/example_branch_labels.py for tasks to queue
[2025-04-25T23:39:47.179+0000] {logging_mixin.py:190} INFO - [2025-04-25T23:39:47.178+0000] {dagbag.py:588} INFO - Filling up the DagBag from /home/airflow/.local/lib/python3.12/site-packages/airflow/example_dags/example_branch_labels.py
[2025-04-25T23:39:47.209+0000] {processor.py:925} INFO - DAG(s) 'example_branch_labels' retrieved from /home/airflow/.local/lib/python3.12/site-packages/airflow/example_dags/example_branch_labels.py
[2025-04-25T23:39:47.289+0000] {logging_mixin.py:190} INFO - [2025-04-25T23:39:47.289+0000] {dag.py:3239} INFO - Sync 1 DAGs
[2025-04-25T23:39:47.373+0000] {logging_mixin.py:190} INFO - [2025-04-25T23:39:47.372+0000] {dag.py:4180} INFO - Setting next_dagrun for example_branch_labels to 2025-04-24 00:00:00+00:00, run_after=2025-04-25 00:00:00+00:00
[2025-04-25T23:39:47.445+0000] {processor.py:208} INFO - Processing /home/airflow/.local/lib/python3.12/site-packages/airflow/example_dags/example_branch_labels.py took 0.298 seconds
[2025-04-25T23:40:17.922+0000] {processor.py:186} INFO - Started process (PID=376) to work on /home/airflow/.local/lib/python3.12/site-packages/airflow/example_dags/example_branch_labels.py
[2025-04-25T23:40:17.923+0000] {processor.py:914} INFO - Processing file /home/airflow/.local/lib/python3.12/site-packages/airflow/example_dags/example_branch_labels.py for tasks to queue
[2025-04-25T23:40:17.925+0000] {logging_mixin.py:190} INFO - [2025-04-25T23:40:17.925+0000] {dagbag.py:588} INFO - Filling up the DagBag from /home/airflow/.local/lib/python3.12/site-packages/airflow/example_dags/example_branch_labels.py
[2025-04-25T23:40:17.940+0000] {processor.py:925} INFO - DAG(s) 'example_branch_labels' retrieved from /home/airflow/.local/lib/python3.12/site-packages/airflow/example_dags/example_branch_labels.py
[2025-04-25T23:40:17.969+0000] {logging_mixin.py:190} INFO - [2025-04-25T23:40:17.969+0000] {dag.py:3239} INFO - Sync 1 DAGs
[2025-04-25T23:40:18.005+0000] {logging_mixin.py:190} INFO - [2025-04-25T23:40:18.004+0000] {dag.py:4180} INFO - Setting next_dagrun for example_branch_labels to 2025-04-24 00:00:00+00:00, run_after=2025-04-25 00:00:00+00:00
[2025-04-25T23:40:18.027+0000] {processor.py:208} INFO - Processing /home/airflow/.local/lib/python3.12/site-packages/airflow/example_dags/example_branch_labels.py took 0.113 seconds
[2025-04-25T23:40:49.475+0000] {processor.py:186} INFO - Started process (PID=439) to work on /home/airflow/.local/lib/python3.12/site-packages/airflow/example_dags/example_branch_labels.py
[2025-04-25T23:40:49.477+0000] {processor.py:914} INFO - Processing file /home/airflow/.local/lib/python3.12/site-packages/airflow/example_dags/example_branch_labels.py for tasks to queue
[2025-04-25T23:40:49.481+0000] {logging_mixin.py:190} INFO - [2025-04-25T23:40:49.481+0000] {dagbag.py:588} INFO - Filling up the DagBag from /home/airflow/.local/lib/python3.12/site-packages/airflow/example_dags/example_branch_labels.py
[2025-04-25T23:40:49.629+0000] {processor.py:925} INFO - DAG(s) 'example_branch_labels' retrieved from /home/airflow/.local/lib/python3.12/site-packages/airflow/example_dags/example_branch_labels.py
[2025-04-25T23:40:49.730+0000] {logging_mixin.py:190} INFO - [2025-04-25T23:40:49.730+0000] {dag.py:3239} INFO - Sync 1 DAGs
[2025-04-25T23:40:49.850+0000] {logging_mixin.py:190} INFO - [2025-04-25T23:40:49.848+0000] {dag.py:4180} INFO - Setting next_dagrun for example_branch_labels to 2025-04-24 00:00:00+00:00, run_after=2025-04-25 00:00:00+00:00
[2025-04-25T23:40:49.920+0000] {processor.py:208} INFO - Processing /home/airflow/.local/lib/python3.12/site-packages/airflow/example_dags/example_branch_labels.py took 0.461 seconds
[2025-04-25T23:41:21.730+0000] {processor.py:186} INFO - Started process (PID=505) to work on /home/airflow/.local/lib/python3.12/site-packages/airflow/example_dags/example_branch_labels.py
[2025-04-25T23:41:21.734+0000] {processor.py:914} INFO - Processing file /home/airflow/.local/lib/python3.12/site-packages/airflow/example_dags/example_branch_labels.py for tasks to queue
[2025-04-25T23:41:21.739+0000] {logging_mixin.py:190} INFO - [2025-04-25T23:41:21.738+0000] {dagbag.py:588} INFO - Filling up the DagBag from /home/airflow/.local/lib/python3.12/site-packages/airflow/example_dags/example_branch_labels.py
[2025-04-25T23:41:21.787+0000] {processor.py:925} INFO - DAG(s) 'example_branch_labels' retrieved from /home/airflow/.local/lib/python3.12/site-packages/airflow/example_dags/example_branch_labels.py
[2025-04-25T23:41:21.823+0000] {logging_mixin.py:190} INFO - [2025-04-25T23:41:21.823+0000] {dag.py:3239} INFO - Sync 1 DAGs
[2025-04-25T23:41:21.879+0000] {logging_mixin.py:190} INFO - [2025-04-25T23:41:21.879+0000] {dag.py:4180} INFO - Setting next_dagrun for example_branch_labels to 2025-04-24 00:00:00+00:00, run_after=2025-04-25 00:00:00+00:00
[2025-04-25T23:41:21.921+0000] {processor.py:208} INFO - Processing /home/airflow/.local/lib/python3.12/site-packages/airflow/example_dags/example_branch_labels.py took 0.203 seconds
[2025-04-25T23:41:54.130+0000] {processor.py:186} INFO - Started process (PID=579) to work on /home/airflow/.local/lib/python3.12/site-packages/airflow/example_dags/example_branch_labels.py
[2025-04-25T23:41:54.132+0000] {processor.py:914} INFO - Processing file /home/airflow/.local/lib/python3.12/site-packages/airflow/example_dags/example_branch_labels.py for tasks to queue
[2025-04-25T23:41:54.140+0000] {logging_mixin.py:190} INFO - [2025-04-25T23:41:54.140+0000] {dagbag.py:588} INFO - Filling up the DagBag from /home/airflow/.local/lib/python3.12/site-packages/airflow/example_dags/example_branch_labels.py
[2025-04-25T23:41:54.171+0000] {processor.py:925} INFO - DAG(s) 'example_branch_labels' retrieved from /home/airflow/.local/lib/python3.12/site-packages/airflow/example_dags/example_branch_labels.py
[2025-04-25T23:41:54.217+0000] {logging_mixin.py:190} INFO - [2025-04-25T23:41:54.216+0000] {dag.py:3239} INFO - Sync 1 DAGs
[2025-04-25T23:41:54.277+0000] {logging_mixin.py:190} INFO - [2025-04-25T23:41:54.277+0000] {dag.py:4180} INFO - Setting next_dagrun for example_branch_labels to 2025-04-24 00:00:00+00:00, run_after=2025-04-25 00:00:00+00:00
[2025-04-25T23:41:54.313+0000] {processor.py:208} INFO - Processing /home/airflow/.local/lib/python3.12/site-packages/airflow/example_dags/example_branch_labels.py took 0.197 seconds
[2025-04-25T23:42:24.909+0000] {processor.py:186} INFO - Started process (PID=642) to work on /home/airflow/.local/lib/python3.12/site-packages/airflow/example_dags/example_branch_labels.py
[2025-04-25T23:42:24.911+0000] {processor.py:914} INFO - Processing file /home/airflow/.local/lib/python3.12/site-packages/airflow/example_dags/example_branch_labels.py for tasks to queue
[2025-04-25T23:42:24.914+0000] {logging_mixin.py:190} INFO - [2025-04-25T23:42:24.914+0000] {dagbag.py:588} INFO - Filling up the DagBag from /home/airflow/.local/lib/python3.12/site-packages/airflow/example_dags/example_branch_labels.py
[2025-04-25T23:42:24.943+0000] {processor.py:925} INFO - DAG(s) 'example_branch_labels' retrieved from /home/airflow/.local/lib/python3.12/site-packages/airflow/example_dags/example_branch_labels.py
[2025-04-25T23:42:24.996+0000] {logging_mixin.py:190} INFO - [2025-04-25T23:42:24.995+0000] {dag.py:3239} INFO - Sync 1 DAGs
[2025-04-25T23:42:25.087+0000] {logging_mixin.py:190} INFO - [2025-04-25T23:42:25.087+0000] {dag.py:4180} INFO - Setting next_dagrun for example_branch_labels to 2025-04-24 00:00:00+00:00, run_after=2025-04-25 00:00:00+00:00
[2025-04-25T23:42:25.125+0000] {processor.py:208} INFO - Processing /home/airflow/.local/lib/python3.12/site-packages/airflow/example_dags/example_branch_labels.py took 0.225 seconds
[2025-04-25T23:42:55.906+0000] {processor.py:186} INFO - Started process (PID=705) to work on /home/airflow/.local/lib/python3.12/site-packages/airflow/example_dags/example_branch_labels.py
[2025-04-25T23:42:55.908+0000] {processor.py:914} INFO - Processing file /home/airflow/.local/lib/python3.12/site-packages/airflow/example_dags/example_branch_labels.py for tasks to queue
[2025-04-25T23:42:55.912+0000] {logging_mixin.py:190} INFO - [2025-04-25T23:42:55.911+0000] {dagbag.py:588} INFO - Filling up the DagBag from /home/airflow/.local/lib/python3.12/site-packages/airflow/example_dags/example_branch_labels.py
[2025-04-25T23:42:55.930+0000] {processor.py:925} INFO - DAG(s) 'example_branch_labels' retrieved from /home/airflow/.local/lib/python3.12/site-packages/airflow/example_dags/example_branch_labels.py
[2025-04-25T23:42:55.959+0000] {logging_mixin.py:190} INFO - [2025-04-25T23:42:55.959+0000] {dag.py:3239} INFO - Sync 1 DAGs
[2025-04-25T23:42:55.997+0000] {logging_mixin.py:190} INFO - [2025-04-25T23:42:55.997+0000] {dag.py:4180} INFO - Setting next_dagrun for example_branch_labels to 2025-04-24 00:00:00+00:00, run_after=2025-04-25 00:00:00+00:00
[2025-04-25T23:42:56.028+0000] {processor.py:208} INFO - Processing /home/airflow/.local/lib/python3.12/site-packages/airflow/example_dags/example_branch_labels.py took 0.130 seconds
[2025-04-25T23:43:31.487+0000] {processor.py:186} INFO - Started process (PID=768) to work on /home/airflow/.local/lib/python3.12/site-packages/airflow/example_dags/example_branch_labels.py
[2025-04-25T23:43:31.489+0000] {processor.py:914} INFO - Processing file /home/airflow/.local/lib/python3.12/site-packages/airflow/example_dags/example_branch_labels.py for tasks to queue
[2025-04-25T23:43:31.497+0000] {logging_mixin.py:190} INFO - [2025-04-25T23:43:31.496+0000] {dagbag.py:588} INFO - Filling up the DagBag from /home/airflow/.local/lib/python3.12/site-packages/airflow/example_dags/example_branch_labels.py
[2025-04-25T23:43:31.509+0000] {processor.py:925} INFO - DAG(s) 'example_branch_labels' retrieved from /home/airflow/.local/lib/python3.12/site-packages/airflow/example_dags/example_branch_labels.py
[2025-04-25T23:43:31.557+0000] {logging_mixin.py:190} INFO - [2025-04-25T23:43:31.556+0000] {dag.py:3239} INFO - Sync 1 DAGs
[2025-04-25T23:43:31.614+0000] {logging_mixin.py:190} INFO - [2025-04-25T23:43:31.614+0000] {dag.py:4180} INFO - Setting next_dagrun for example_branch_labels to 2025-04-24 00:00:00+00:00, run_after=2025-04-25 00:00:00+00:00
[2025-04-25T23:43:31.651+0000] {processor.py:208} INFO - Processing /home/airflow/.local/lib/python3.12/site-packages/airflow/example_dags/example_branch_labels.py took 0.175 seconds
[2025-04-25T23:44:02.811+0000] {processor.py:186} INFO - Started process (PID=831) to work on /home/airflow/.local/lib/python3.12/site-packages/airflow/example_dags/example_branch_labels.py
[2025-04-25T23:44:02.812+0000] {processor.py:914} INFO - Processing file /home/airflow/.local/lib/python3.12/site-packages/airflow/example_dags/example_branch_labels.py for tasks to queue
[2025-04-25T23:44:02.814+0000] {logging_mixin.py:190} INFO - [2025-04-25T23:44:02.814+0000] {dagbag.py:588} INFO - Filling up the DagBag from /home/airflow/.local/lib/python3.12/site-packages/airflow/example_dags/example_branch_labels.py
[2025-04-25T23:44:02.833+0000] {processor.py:925} INFO - DAG(s) 'example_branch_labels' retrieved from /home/airflow/.local/lib/python3.12/site-packages/airflow/example_dags/example_branch_labels.py
[2025-04-25T23:44:02.871+0000] {logging_mixin.py:190} INFO - [2025-04-25T23:44:02.871+0000] {dag.py:3239} INFO - Sync 1 DAGs
[2025-04-25T23:44:02.908+0000] {logging_mixin.py:190} INFO - [2025-04-25T23:44:02.907+0000] {dag.py:4180} INFO - Setting next_dagrun for example_branch_labels to 2025-04-24 00:00:00+00:00, run_after=2025-04-25 00:00:00+00:00
[2025-04-25T23:44:02.941+0000] {processor.py:208} INFO - Processing /home/airflow/.local/lib/python3.12/site-packages/airflow/example_dags/example_branch_labels.py took 0.141 seconds
[2025-04-25T23:44:33.855+0000] {processor.py:186} INFO - Started process (PID=894) to work on /home/airflow/.local/lib/python3.12/site-packages/airflow/example_dags/example_branch_labels.py
[2025-04-25T23:44:33.857+0000] {processor.py:914} INFO - Processing file /home/airflow/.local/lib/python3.12/site-packages/airflow/example_dags/example_branch_labels.py for tasks to queue
[2025-04-25T23:44:33.860+0000] {logging_mixin.py:190} INFO - [2025-04-25T23:44:33.859+0000] {dagbag.py:588} INFO - Filling up the DagBag from /home/airflow/.local/lib/python3.12/site-packages/airflow/example_dags/example_branch_labels.py
[2025-04-25T23:44:33.878+0000] {processor.py:925} INFO - DAG(s) 'example_branch_labels' retrieved from /home/airflow/.local/lib/python3.12/site-packages/airflow/example_dags/example_branch_labels.py
[2025-04-25T23:44:33.907+0000] {logging_mixin.py:190} INFO - [2025-04-25T23:44:33.907+0000] {dag.py:3239} INFO - Sync 1 DAGs
[2025-04-25T23:44:33.948+0000] {logging_mixin.py:190} INFO - [2025-04-25T23:44:33.948+0000] {dag.py:4180} INFO - Setting next_dagrun for example_branch_labels to 2025-04-24 00:00:00+00:00, run_after=2025-04-25 00:00:00+00:00
[2025-04-25T23:44:33.977+0000] {processor.py:208} INFO - Processing /home/airflow/.local/lib/python3.12/site-packages/airflow/example_dags/example_branch_labels.py took 0.130 seconds
[2025-04-25T23:45:04.240+0000] {processor.py:186} INFO - Started process (PID=956) to work on /home/airflow/.local/lib/python3.12/site-packages/airflow/example_dags/example_branch_labels.py
[2025-04-25T23:45:04.243+0000] {processor.py:914} INFO - Processing file /home/airflow/.local/lib/python3.12/site-packages/airflow/example_dags/example_branch_labels.py for tasks to queue
[2025-04-25T23:45:04.252+0000] {logging_mixin.py:190} INFO - [2025-04-25T23:45:04.251+0000] {dagbag.py:588} INFO - Filling up the DagBag from /home/airflow/.local/lib/python3.12/site-packages/airflow/example_dags/example_branch_labels.py
[2025-04-25T23:45:04.288+0000] {processor.py:925} INFO - DAG(s) 'example_branch_labels' retrieved from /home/airflow/.local/lib/python3.12/site-packages/airflow/example_dags/example_branch_labels.py
[2025-04-25T23:45:04.353+0000] {logging_mixin.py:190} INFO - [2025-04-25T23:45:04.352+0000] {dag.py:3239} INFO - Sync 1 DAGs
[2025-04-25T23:45:04.413+0000] {logging_mixin.py:190} INFO - [2025-04-25T23:45:04.413+0000] {dag.py:4180} INFO - Setting next_dagrun for example_branch_labels to 2025-04-24 00:00:00+00:00, run_after=2025-04-25 00:00:00+00:00
[2025-04-25T23:45:04.458+0000] {processor.py:208} INFO - Processing /home/airflow/.local/lib/python3.12/site-packages/airflow/example_dags/example_branch_labels.py took 0.239 seconds
[2025-04-25T23:45:34.623+0000] {processor.py:186} INFO - Started process (PID=1019) to work on /home/airflow/.local/lib/python3.12/site-packages/airflow/example_dags/example_branch_labels.py
[2025-04-25T23:45:34.633+0000] {processor.py:914} INFO - Processing file /home/airflow/.local/lib/python3.12/site-packages/airflow/example_dags/example_branch_labels.py for tasks to queue
[2025-04-25T23:45:34.641+0000] {logging_mixin.py:190} INFO - [2025-04-25T23:45:34.638+0000] {dagbag.py:588} INFO - Filling up the DagBag from /home/airflow/.local/lib/python3.12/site-packages/airflow/example_dags/example_branch_labels.py
[2025-04-25T23:45:34.669+0000] {processor.py:925} INFO - DAG(s) 'example_branch_labels' retrieved from /home/airflow/.local/lib/python3.12/site-packages/airflow/example_dags/example_branch_labels.py
[2025-04-25T23:45:34.725+0000] {logging_mixin.py:190} INFO - [2025-04-25T23:45:34.724+0000] {dag.py:3239} INFO - Sync 1 DAGs
[2025-04-25T23:45:34.779+0000] {logging_mixin.py:190} INFO - [2025-04-25T23:45:34.778+0000] {dag.py:4180} INFO - Setting next_dagrun for example_branch_labels to 2025-04-24 00:00:00+00:00, run_after=2025-04-25 00:00:00+00:00
[2025-04-25T23:45:34.818+0000] {processor.py:208} INFO - Processing /home/airflow/.local/lib/python3.12/site-packages/airflow/example_dags/example_branch_labels.py took 0.210 seconds
[2025-04-25T23:46:05.586+0000] {processor.py:186} INFO - Started process (PID=1081) to work on /home/airflow/.local/lib/python3.12/site-packages/airflow/example_dags/example_branch_labels.py
[2025-04-25T23:46:05.592+0000] {processor.py:914} INFO - Processing file /home/airflow/.local/lib/python3.12/site-packages/airflow/example_dags/example_branch_labels.py for tasks to queue
[2025-04-25T23:46:05.606+0000] {logging_mixin.py:190} INFO - [2025-04-25T23:46:05.606+0000] {dagbag.py:588} INFO - Filling up the DagBag from /home/airflow/.local/lib/python3.12/site-packages/airflow/example_dags/example_branch_labels.py
[2025-04-25T23:46:05.635+0000] {processor.py:925} INFO - DAG(s) 'example_branch_labels' retrieved from /home/airflow/.local/lib/python3.12/site-packages/airflow/example_dags/example_branch_labels.py
[2025-04-25T23:46:05.696+0000] {logging_mixin.py:190} INFO - [2025-04-25T23:46:05.696+0000] {dag.py:3239} INFO - Sync 1 DAGs
[2025-04-25T23:46:05.753+0000] {logging_mixin.py:190} INFO - [2025-04-25T23:46:05.752+0000] {dag.py:4180} INFO - Setting next_dagrun for example_branch_labels to 2025-04-24 00:00:00+00:00, run_after=2025-04-25 00:00:00+00:00
[2025-04-25T23:46:05.790+0000] {processor.py:208} INFO - Processing /home/airflow/.local/lib/python3.12/site-packages/airflow/example_dags/example_branch_labels.py took 0.213 seconds
[2025-04-25T23:46:50.036+0000] {processor.py:186} INFO - Started process (PID=1143) to work on /home/airflow/.local/lib/python3.12/site-packages/airflow/example_dags/example_branch_labels.py
[2025-04-25T23:46:50.042+0000] {processor.py:914} INFO - Processing file /home/airflow/.local/lib/python3.12/site-packages/airflow/example_dags/example_branch_labels.py for tasks to queue
[2025-04-25T23:46:50.046+0000] {logging_mixin.py:190} INFO - [2025-04-25T23:46:50.046+0000] {dagbag.py:588} INFO - Filling up the DagBag from /home/airflow/.local/lib/python3.12/site-packages/airflow/example_dags/example_branch_labels.py
[2025-04-25T23:46:50.066+0000] {processor.py:925} INFO - DAG(s) 'example_branch_labels' retrieved from /home/airflow/.local/lib/python3.12/site-packages/airflow/example_dags/example_branch_labels.py
[2025-04-25T23:46:50.156+0000] {logging_mixin.py:190} INFO - [2025-04-25T23:46:50.155+0000] {dag.py:3239} INFO - Sync 1 DAGs
[2025-04-25T23:46:50.287+0000] {logging_mixin.py:190} INFO - [2025-04-25T23:46:50.287+0000] {dag.py:4180} INFO - Setting next_dagrun for example_branch_labels to 2025-04-24 00:00:00+00:00, run_after=2025-04-25 00:00:00+00:00
[2025-04-25T23:46:50.375+0000] {processor.py:208} INFO - Processing /home/airflow/.local/lib/python3.12/site-packages/airflow/example_dags/example_branch_labels.py took 0.350 seconds
[2025-04-25T23:47:21.074+0000] {processor.py:186} INFO - Started process (PID=1206) to work on /home/airflow/.local/lib/python3.12/site-packages/airflow/example_dags/example_branch_labels.py
[2025-04-25T23:47:21.076+0000] {processor.py:914} INFO - Processing file /home/airflow/.local/lib/python3.12/site-packages/airflow/example_dags/example_branch_labels.py for tasks to queue
[2025-04-25T23:47:21.079+0000] {logging_mixin.py:190} INFO - [2025-04-25T23:47:21.079+0000] {dagbag.py:588} INFO - Filling up the DagBag from /home/airflow/.local/lib/python3.12/site-packages/airflow/example_dags/example_branch_labels.py
[2025-04-25T23:47:21.096+0000] {processor.py:925} INFO - DAG(s) 'example_branch_labels' retrieved from /home/airflow/.local/lib/python3.12/site-packages/airflow/example_dags/example_branch_labels.py
[2025-04-25T23:47:21.130+0000] {logging_mixin.py:190} INFO - [2025-04-25T23:47:21.130+0000] {dag.py:3239} INFO - Sync 1 DAGs
[2025-04-25T23:47:21.168+0000] {logging_mixin.py:190} INFO - [2025-04-25T23:47:21.167+0000] {dag.py:4180} INFO - Setting next_dagrun for example_branch_labels to 2025-04-24 00:00:00+00:00, run_after=2025-04-25 00:00:00+00:00
[2025-04-25T23:47:21.218+0000] {processor.py:208} INFO - Processing /home/airflow/.local/lib/python3.12/site-packages/airflow/example_dags/example_branch_labels.py took 0.157 seconds
[2025-04-25T23:47:51.837+0000] {processor.py:186} INFO - Started process (PID=1268) to work on /home/airflow/.local/lib/python3.12/site-packages/airflow/example_dags/example_branch_labels.py
[2025-04-25T23:47:51.839+0000] {processor.py:914} INFO - Processing file /home/airflow/.local/lib/python3.12/site-packages/airflow/example_dags/example_branch_labels.py for tasks to queue
[2025-04-25T23:47:51.842+0000] {logging_mixin.py:190} INFO - [2025-04-25T23:47:51.841+0000] {dagbag.py:588} INFO - Filling up the DagBag from /home/airflow/.local/lib/python3.12/site-packages/airflow/example_dags/example_branch_labels.py
[2025-04-25T23:47:51.855+0000] {processor.py:925} INFO - DAG(s) 'example_branch_labels' retrieved from /home/airflow/.local/lib/python3.12/site-packages/airflow/example_dags/example_branch_labels.py
[2025-04-25T23:47:51.894+0000] {logging_mixin.py:190} INFO - [2025-04-25T23:47:51.894+0000] {dag.py:3239} INFO - Sync 1 DAGs
[2025-04-25T23:47:51.946+0000] {logging_mixin.py:190} INFO - [2025-04-25T23:47:51.945+0000] {dag.py:4180} INFO - Setting next_dagrun for example_branch_labels to 2025-04-24 00:00:00+00:00, run_after=2025-04-25 00:00:00+00:00
[2025-04-25T23:47:51.978+0000] {processor.py:208} INFO - Processing /home/airflow/.local/lib/python3.12/site-packages/airflow/example_dags/example_branch_labels.py took 0.148 seconds
[2025-04-25T23:48:22.749+0000] {processor.py:186} INFO - Started process (PID=1331) to work on /home/airflow/.local/lib/python3.12/site-packages/airflow/example_dags/example_branch_labels.py
[2025-04-25T23:48:22.751+0000] {processor.py:914} INFO - Processing file /home/airflow/.local/lib/python3.12/site-packages/airflow/example_dags/example_branch_labels.py for tasks to queue
[2025-04-25T23:48:22.754+0000] {logging_mixin.py:190} INFO - [2025-04-25T23:48:22.753+0000] {dagbag.py:588} INFO - Filling up the DagBag from /home/airflow/.local/lib/python3.12/site-packages/airflow/example_dags/example_branch_labels.py
[2025-04-25T23:48:22.768+0000] {processor.py:925} INFO - DAG(s) 'example_branch_labels' retrieved from /home/airflow/.local/lib/python3.12/site-packages/airflow/example_dags/example_branch_labels.py
[2025-04-25T23:48:22.802+0000] {logging_mixin.py:190} INFO - [2025-04-25T23:48:22.801+0000] {dag.py:3239} INFO - Sync 1 DAGs
[2025-04-25T23:48:22.842+0000] {logging_mixin.py:190} INFO - [2025-04-25T23:48:22.842+0000] {dag.py:4180} INFO - Setting next_dagrun for example_branch_labels to 2025-04-24 00:00:00+00:00, run_after=2025-04-25 00:00:00+00:00
[2025-04-25T23:48:22.872+0000] {processor.py:208} INFO - Processing /home/airflow/.local/lib/python3.12/site-packages/airflow/example_dags/example_branch_labels.py took 0.129 seconds
[2025-04-25T23:48:53.443+0000] {processor.py:186} INFO - Started process (PID=1392) to work on /home/airflow/.local/lib/python3.12/site-packages/airflow/example_dags/example_branch_labels.py
[2025-04-25T23:48:53.444+0000] {processor.py:914} INFO - Processing file /home/airflow/.local/lib/python3.12/site-packages/airflow/example_dags/example_branch_labels.py for tasks to queue
[2025-04-25T23:48:53.448+0000] {logging_mixin.py:190} INFO - [2025-04-25T23:48:53.447+0000] {dagbag.py:588} INFO - Filling up the DagBag from /home/airflow/.local/lib/python3.12/site-packages/airflow/example_dags/example_branch_labels.py
[2025-04-25T23:48:53.464+0000] {processor.py:925} INFO - DAG(s) 'example_branch_labels' retrieved from /home/airflow/.local/lib/python3.12/site-packages/airflow/example_dags/example_branch_labels.py
[2025-04-25T23:48:53.507+0000] {logging_mixin.py:190} INFO - [2025-04-25T23:48:53.506+0000] {dag.py:3239} INFO - Sync 1 DAGs
[2025-04-25T23:48:53.551+0000] {logging_mixin.py:190} INFO - [2025-04-25T23:48:53.551+0000] {dag.py:4180} INFO - Setting next_dagrun for example_branch_labels to 2025-04-24 00:00:00+00:00, run_after=2025-04-25 00:00:00+00:00
[2025-04-25T23:48:53.581+0000] {processor.py:208} INFO - Processing /home/airflow/.local/lib/python3.12/site-packages/airflow/example_dags/example_branch_labels.py took 0.147 seconds
[2025-04-25T23:49:24.662+0000] {processor.py:186} INFO - Started process (PID=1455) to work on /home/airflow/.local/lib/python3.12/site-packages/airflow/example_dags/example_branch_labels.py
[2025-04-25T23:49:24.663+0000] {processor.py:914} INFO - Processing file /home/airflow/.local/lib/python3.12/site-packages/airflow/example_dags/example_branch_labels.py for tasks to queue
[2025-04-25T23:49:24.666+0000] {logging_mixin.py:190} INFO - [2025-04-25T23:49:24.666+0000] {dagbag.py:588} INFO - Filling up the DagBag from /home/airflow/.local/lib/python3.12/site-packages/airflow/example_dags/example_branch_labels.py
[2025-04-25T23:49:24.689+0000] {processor.py:925} INFO - DAG(s) 'example_branch_labels' retrieved from /home/airflow/.local/lib/python3.12/site-packages/airflow/example_dags/example_branch_labels.py
[2025-04-25T23:49:24.734+0000] {logging_mixin.py:190} INFO - [2025-04-25T23:49:24.734+0000] {dag.py:3239} INFO - Sync 1 DAGs
[2025-04-25T23:49:24.785+0000] {logging_mixin.py:190} INFO - [2025-04-25T23:49:24.784+0000] {dag.py:4180} INFO - Setting next_dagrun for example_branch_labels to 2025-04-24 00:00:00+00:00, run_after=2025-04-25 00:00:00+00:00
[2025-04-25T23:49:24.814+0000] {processor.py:208} INFO - Processing /home/airflow/.local/lib/python3.12/site-packages/airflow/example_dags/example_branch_labels.py took 0.161 seconds
[2025-04-25T23:49:55.910+0000] {processor.py:186} INFO - Started process (PID=1518) to work on /home/airflow/.local/lib/python3.12/site-packages/airflow/example_dags/example_branch_labels.py
[2025-04-25T23:49:55.914+0000] {processor.py:914} INFO - Processing file /home/airflow/.local/lib/python3.12/site-packages/airflow/example_dags/example_branch_labels.py for tasks to queue
[2025-04-25T23:49:55.919+0000] {logging_mixin.py:190} INFO - [2025-04-25T23:49:55.918+0000] {dagbag.py:588} INFO - Filling up the DagBag from /home/airflow/.local/lib/python3.12/site-packages/airflow/example_dags/example_branch_labels.py
[2025-04-25T23:49:55.945+0000] {processor.py:925} INFO - DAG(s) 'example_branch_labels' retrieved from /home/airflow/.local/lib/python3.12/site-packages/airflow/example_dags/example_branch_labels.py
[2025-04-25T23:49:56.007+0000] {logging_mixin.py:190} INFO - [2025-04-25T23:49:56.006+0000] {dag.py:3239} INFO - Sync 1 DAGs
[2025-04-25T23:49:56.093+0000] {logging_mixin.py:190} INFO - [2025-04-25T23:49:56.089+0000] {dag.py:4180} INFO - Setting next_dagrun for example_branch_labels to 2025-04-24 00:00:00+00:00, run_after=2025-04-25 00:00:00+00:00
[2025-04-25T23:49:56.144+0000] {processor.py:208} INFO - Processing /home/airflow/.local/lib/python3.12/site-packages/airflow/example_dags/example_branch_labels.py took 0.248 seconds
[2025-04-25T23:50:26.698+0000] {processor.py:186} INFO - Started process (PID=1582) to work on /home/airflow/.local/lib/python3.12/site-packages/airflow/example_dags/example_branch_labels.py
[2025-04-25T23:50:26.699+0000] {processor.py:914} INFO - Processing file /home/airflow/.local/lib/python3.12/site-packages/airflow/example_dags/example_branch_labels.py for tasks to queue
[2025-04-25T23:50:26.704+0000] {logging_mixin.py:190} INFO - [2025-04-25T23:50:26.704+0000] {dagbag.py:588} INFO - Filling up the DagBag from /home/airflow/.local/lib/python3.12/site-packages/airflow/example_dags/example_branch_labels.py
[2025-04-25T23:50:26.722+0000] {processor.py:925} INFO - DAG(s) 'example_branch_labels' retrieved from /home/airflow/.local/lib/python3.12/site-packages/airflow/example_dags/example_branch_labels.py
[2025-04-25T23:50:26.766+0000] {logging_mixin.py:190} INFO - [2025-04-25T23:50:26.766+0000] {dag.py:3239} INFO - Sync 1 DAGs
[2025-04-25T23:50:26.813+0000] {logging_mixin.py:190} INFO - [2025-04-25T23:50:26.812+0000] {dag.py:4180} INFO - Setting next_dagrun for example_branch_labels to 2025-04-24 00:00:00+00:00, run_after=2025-04-25 00:00:00+00:00
[2025-04-25T23:50:26.842+0000] {processor.py:208} INFO - Processing /home/airflow/.local/lib/python3.12/site-packages/airflow/example_dags/example_branch_labels.py took 0.153 seconds
[2025-04-25T23:50:57.380+0000] {processor.py:186} INFO - Started process (PID=1643) to work on /home/airflow/.local/lib/python3.12/site-packages/airflow/example_dags/example_branch_labels.py
[2025-04-25T23:50:57.382+0000] {processor.py:914} INFO - Processing file /home/airflow/.local/lib/python3.12/site-packages/airflow/example_dags/example_branch_labels.py for tasks to queue
[2025-04-25T23:50:57.386+0000] {logging_mixin.py:190} INFO - [2025-04-25T23:50:57.385+0000] {dagbag.py:588} INFO - Filling up the DagBag from /home/airflow/.local/lib/python3.12/site-packages/airflow/example_dags/example_branch_labels.py
[2025-04-25T23:50:57.402+0000] {processor.py:925} INFO - DAG(s) 'example_branch_labels' retrieved from /home/airflow/.local/lib/python3.12/site-packages/airflow/example_dags/example_branch_labels.py
[2025-04-25T23:50:57.443+0000] {logging_mixin.py:190} INFO - [2025-04-25T23:50:57.442+0000] {dag.py:3239} INFO - Sync 1 DAGs
[2025-04-25T23:50:57.507+0000] {logging_mixin.py:190} INFO - [2025-04-25T23:50:57.506+0000] {dag.py:4180} INFO - Setting next_dagrun for example_branch_labels to 2025-04-24 00:00:00+00:00, run_after=2025-04-25 00:00:00+00:00
[2025-04-25T23:50:57.565+0000] {processor.py:208} INFO - Processing /home/airflow/.local/lib/python3.12/site-packages/airflow/example_dags/example_branch_labels.py took 0.194 seconds
[2025-04-25T23:51:29.335+0000] {processor.py:186} INFO - Started process (PID=1713) to work on /home/airflow/.local/lib/python3.12/site-packages/airflow/example_dags/example_branch_labels.py
[2025-04-25T23:51:29.340+0000] {processor.py:914} INFO - Processing file /home/airflow/.local/lib/python3.12/site-packages/airflow/example_dags/example_branch_labels.py for tasks to queue
[2025-04-25T23:51:29.343+0000] {logging_mixin.py:190} INFO - [2025-04-25T23:51:29.342+0000] {dagbag.py:588} INFO - Filling up the DagBag from /home/airflow/.local/lib/python3.12/site-packages/airflow/example_dags/example_branch_labels.py
[2025-04-25T23:51:29.358+0000] {processor.py:925} INFO - DAG(s) 'example_branch_labels' retrieved from /home/airflow/.local/lib/python3.12/site-packages/airflow/example_dags/example_branch_labels.py
[2025-04-25T23:51:29.407+0000] {logging_mixin.py:190} INFO - [2025-04-25T23:51:29.406+0000] {dag.py:3239} INFO - Sync 1 DAGs
[2025-04-25T23:51:29.477+0000] {logging_mixin.py:190} INFO - [2025-04-25T23:51:29.477+0000] {dag.py:4180} INFO - Setting next_dagrun for example_branch_labels to 2025-04-24 00:00:00+00:00, run_after=2025-04-25 00:00:00+00:00
[2025-04-25T23:51:29.506+0000] {processor.py:208} INFO - Processing /home/airflow/.local/lib/python3.12/site-packages/airflow/example_dags/example_branch_labels.py took 0.182 seconds
[2025-04-25T23:52:00.206+0000] {processor.py:186} INFO - Started process (PID=1775) to work on /home/airflow/.local/lib/python3.12/site-packages/airflow/example_dags/example_branch_labels.py
[2025-04-25T23:52:00.207+0000] {processor.py:914} INFO - Processing file /home/airflow/.local/lib/python3.12/site-packages/airflow/example_dags/example_branch_labels.py for tasks to queue
[2025-04-25T23:52:00.210+0000] {logging_mixin.py:190} INFO - [2025-04-25T23:52:00.210+0000] {dagbag.py:588} INFO - Filling up the DagBag from /home/airflow/.local/lib/python3.12/site-packages/airflow/example_dags/example_branch_labels.py
[2025-04-25T23:52:00.227+0000] {processor.py:925} INFO - DAG(s) 'example_branch_labels' retrieved from /home/airflow/.local/lib/python3.12/site-packages/airflow/example_dags/example_branch_labels.py
[2025-04-25T23:52:00.260+0000] {logging_mixin.py:190} INFO - [2025-04-25T23:52:00.260+0000] {dag.py:3239} INFO - Sync 1 DAGs
[2025-04-25T23:52:00.299+0000] {logging_mixin.py:190} INFO - [2025-04-25T23:52:00.298+0000] {dag.py:4180} INFO - Setting next_dagrun for example_branch_labels to 2025-04-24 00:00:00+00:00, run_after=2025-04-25 00:00:00+00:00
[2025-04-25T23:52:00.325+0000] {processor.py:208} INFO - Processing /home/airflow/.local/lib/python3.12/site-packages/airflow/example_dags/example_branch_labels.py took 0.126 seconds
[2025-04-25T23:52:30.690+0000] {processor.py:186} INFO - Started process (PID=1839) to work on /home/airflow/.local/lib/python3.12/site-packages/airflow/example_dags/example_branch_labels.py
[2025-04-25T23:52:30.691+0000] {processor.py:914} INFO - Processing file /home/airflow/.local/lib/python3.12/site-packages/airflow/example_dags/example_branch_labels.py for tasks to queue
[2025-04-25T23:52:30.696+0000] {logging_mixin.py:190} INFO - [2025-04-25T23:52:30.696+0000] {dagbag.py:588} INFO - Filling up the DagBag from /home/airflow/.local/lib/python3.12/site-packages/airflow/example_dags/example_branch_labels.py
[2025-04-25T23:52:30.715+0000] {processor.py:925} INFO - DAG(s) 'example_branch_labels' retrieved from /home/airflow/.local/lib/python3.12/site-packages/airflow/example_dags/example_branch_labels.py
[2025-04-25T23:52:30.749+0000] {logging_mixin.py:190} INFO - [2025-04-25T23:52:30.749+0000] {dag.py:3239} INFO - Sync 1 DAGs
[2025-04-25T23:52:30.786+0000] {logging_mixin.py:190} INFO - [2025-04-25T23:52:30.786+0000] {dag.py:4180} INFO - Setting next_dagrun for example_branch_labels to 2025-04-24 00:00:00+00:00, run_after=2025-04-25 00:00:00+00:00
[2025-04-25T23:52:30.814+0000] {processor.py:208} INFO - Processing /home/airflow/.local/lib/python3.12/site-packages/airflow/example_dags/example_branch_labels.py took 0.132 seconds
[2025-04-25T23:53:01.337+0000] {processor.py:186} INFO - Started process (PID=1904) to work on /home/airflow/.local/lib/python3.12/site-packages/airflow/example_dags/example_branch_labels.py
[2025-04-25T23:53:01.341+0000] {processor.py:914} INFO - Processing file /home/airflow/.local/lib/python3.12/site-packages/airflow/example_dags/example_branch_labels.py for tasks to queue
[2025-04-25T23:53:01.345+0000] {logging_mixin.py:190} INFO - [2025-04-25T23:53:01.345+0000] {dagbag.py:588} INFO - Filling up the DagBag from /home/airflow/.local/lib/python3.12/site-packages/airflow/example_dags/example_branch_labels.py
[2025-04-25T23:53:01.362+0000] {processor.py:925} INFO - DAG(s) 'example_branch_labels' retrieved from /home/airflow/.local/lib/python3.12/site-packages/airflow/example_dags/example_branch_labels.py
[2025-04-25T23:53:01.393+0000] {logging_mixin.py:190} INFO - [2025-04-25T23:53:01.392+0000] {dag.py:3239} INFO - Sync 1 DAGs
[2025-04-25T23:53:01.469+0000] {logging_mixin.py:190} INFO - [2025-04-25T23:53:01.469+0000] {dag.py:4180} INFO - Setting next_dagrun for example_branch_labels to 2025-04-24 00:00:00+00:00, run_after=2025-04-25 00:00:00+00:00
[2025-04-25T23:53:01.506+0000] {processor.py:208} INFO - Processing /home/airflow/.local/lib/python3.12/site-packages/airflow/example_dags/example_branch_labels.py took 0.179 seconds
[2025-04-25T23:53:32.718+0000] {processor.py:186} INFO - Started process (PID=1968) to work on /home/airflow/.local/lib/python3.12/site-packages/airflow/example_dags/example_branch_labels.py
[2025-04-25T23:53:32.719+0000] {processor.py:914} INFO - Processing file /home/airflow/.local/lib/python3.12/site-packages/airflow/example_dags/example_branch_labels.py for tasks to queue
[2025-04-25T23:53:32.723+0000] {logging_mixin.py:190} INFO - [2025-04-25T23:53:32.723+0000] {dagbag.py:588} INFO - Filling up the DagBag from /home/airflow/.local/lib/python3.12/site-packages/airflow/example_dags/example_branch_labels.py
[2025-04-25T23:53:32.737+0000] {processor.py:925} INFO - DAG(s) 'example_branch_labels' retrieved from /home/airflow/.local/lib/python3.12/site-packages/airflow/example_dags/example_branch_labels.py
[2025-04-25T23:53:32.760+0000] {logging_mixin.py:190} INFO - [2025-04-25T23:53:32.759+0000] {dag.py:3239} INFO - Sync 1 DAGs
[2025-04-25T23:53:32.790+0000] {logging_mixin.py:190} INFO - [2025-04-25T23:53:32.789+0000] {dag.py:4180} INFO - Setting next_dagrun for example_branch_labels to 2025-04-24 00:00:00+00:00, run_after=2025-04-25 00:00:00+00:00
[2025-04-25T23:53:32.814+0000] {processor.py:208} INFO - Processing /home/airflow/.local/lib/python3.12/site-packages/airflow/example_dags/example_branch_labels.py took 0.105 seconds
[2025-04-25T23:54:05.347+0000] {processor.py:186} INFO - Started process (PID=2032) to work on /home/airflow/.local/lib/python3.12/site-packages/airflow/example_dags/example_branch_labels.py
[2025-04-25T23:54:05.349+0000] {processor.py:914} INFO - Processing file /home/airflow/.local/lib/python3.12/site-packages/airflow/example_dags/example_branch_labels.py for tasks to queue
[2025-04-25T23:54:05.353+0000] {logging_mixin.py:190} INFO - [2025-04-25T23:54:05.352+0000] {dagbag.py:588} INFO - Filling up the DagBag from /home/airflow/.local/lib/python3.12/site-packages/airflow/example_dags/example_branch_labels.py
[2025-04-25T23:54:05.388+0000] {processor.py:925} INFO - DAG(s) 'example_branch_labels' retrieved from /home/airflow/.local/lib/python3.12/site-packages/airflow/example_dags/example_branch_labels.py
[2025-04-25T23:54:05.434+0000] {logging_mixin.py:190} INFO - [2025-04-25T23:54:05.433+0000] {dag.py:3239} INFO - Sync 1 DAGs
[2025-04-25T23:54:05.480+0000] {logging_mixin.py:190} INFO - [2025-04-25T23:54:05.479+0000] {dag.py:4180} INFO - Setting next_dagrun for example_branch_labels to 2025-04-24 00:00:00+00:00, run_after=2025-04-25 00:00:00+00:00
[2025-04-25T23:54:05.516+0000] {processor.py:208} INFO - Processing /home/airflow/.local/lib/python3.12/site-packages/airflow/example_dags/example_branch_labels.py took 0.178 seconds
[2025-04-25T23:54:35.789+0000] {processor.py:186} INFO - Started process (PID=2096) to work on /home/airflow/.local/lib/python3.12/site-packages/airflow/example_dags/example_branch_labels.py
[2025-04-25T23:54:35.790+0000] {processor.py:914} INFO - Processing file /home/airflow/.local/lib/python3.12/site-packages/airflow/example_dags/example_branch_labels.py for tasks to queue
[2025-04-25T23:54:35.796+0000] {logging_mixin.py:190} INFO - [2025-04-25T23:54:35.795+0000] {dagbag.py:588} INFO - Filling up the DagBag from /home/airflow/.local/lib/python3.12/site-packages/airflow/example_dags/example_branch_labels.py
[2025-04-25T23:54:35.808+0000] {processor.py:925} INFO - DAG(s) 'example_branch_labels' retrieved from /home/airflow/.local/lib/python3.12/site-packages/airflow/example_dags/example_branch_labels.py
[2025-04-25T23:54:35.843+0000] {logging_mixin.py:190} INFO - [2025-04-25T23:54:35.843+0000] {dag.py:3239} INFO - Sync 1 DAGs
[2025-04-25T23:54:35.889+0000] {logging_mixin.py:190} INFO - [2025-04-25T23:54:35.889+0000] {dag.py:4180} INFO - Setting next_dagrun for example_branch_labels to 2025-04-24 00:00:00+00:00, run_after=2025-04-25 00:00:00+00:00
[2025-04-25T23:54:35.935+0000] {processor.py:208} INFO - Processing /home/airflow/.local/lib/python3.12/site-packages/airflow/example_dags/example_branch_labels.py took 0.154 seconds
[2025-04-25T23:55:06.846+0000] {processor.py:186} INFO - Started process (PID=2160) to work on /home/airflow/.local/lib/python3.12/site-packages/airflow/example_dags/example_branch_labels.py
[2025-04-25T23:55:06.847+0000] {processor.py:914} INFO - Processing file /home/airflow/.local/lib/python3.12/site-packages/airflow/example_dags/example_branch_labels.py for tasks to queue
[2025-04-25T23:55:06.851+0000] {logging_mixin.py:190} INFO - [2025-04-25T23:55:06.850+0000] {dagbag.py:588} INFO - Filling up the DagBag from /home/airflow/.local/lib/python3.12/site-packages/airflow/example_dags/example_branch_labels.py
[2025-04-25T23:55:06.864+0000] {processor.py:925} INFO - DAG(s) 'example_branch_labels' retrieved from /home/airflow/.local/lib/python3.12/site-packages/airflow/example_dags/example_branch_labels.py
[2025-04-25T23:55:06.919+0000] {logging_mixin.py:190} INFO - [2025-04-25T23:55:06.918+0000] {dag.py:3239} INFO - Sync 1 DAGs
[2025-04-25T23:55:07.004+0000] {logging_mixin.py:190} INFO - [2025-04-25T23:55:07.002+0000] {dag.py:4180} INFO - Setting next_dagrun for example_branch_labels to 2025-04-24 00:00:00+00:00, run_after=2025-04-25 00:00:00+00:00
[2025-04-25T23:55:07.137+0000] {processor.py:208} INFO - Processing /home/airflow/.local/lib/python3.12/site-packages/airflow/example_dags/example_branch_labels.py took 0.298 seconds
[2025-04-25T23:55:38.273+0000] {processor.py:186} INFO - Started process (PID=2224) to work on /home/airflow/.local/lib/python3.12/site-packages/airflow/example_dags/example_branch_labels.py
[2025-04-25T23:55:38.274+0000] {processor.py:914} INFO - Processing file /home/airflow/.local/lib/python3.12/site-packages/airflow/example_dags/example_branch_labels.py for tasks to queue
[2025-04-25T23:55:38.277+0000] {logging_mixin.py:190} INFO - [2025-04-25T23:55:38.277+0000] {dagbag.py:588} INFO - Filling up the DagBag from /home/airflow/.local/lib/python3.12/site-packages/airflow/example_dags/example_branch_labels.py
[2025-04-25T23:55:38.291+0000] {processor.py:925} INFO - DAG(s) 'example_branch_labels' retrieved from /home/airflow/.local/lib/python3.12/site-packages/airflow/example_dags/example_branch_labels.py
[2025-04-25T23:55:38.317+0000] {logging_mixin.py:190} INFO - [2025-04-25T23:55:38.317+0000] {dag.py:3239} INFO - Sync 1 DAGs
[2025-04-25T23:55:38.344+0000] {logging_mixin.py:190} INFO - [2025-04-25T23:55:38.344+0000] {dag.py:4180} INFO - Setting next_dagrun for example_branch_labels to 2025-04-24 00:00:00+00:00, run_after=2025-04-25 00:00:00+00:00
[2025-04-25T23:55:38.368+0000] {processor.py:208} INFO - Processing /home/airflow/.local/lib/python3.12/site-packages/airflow/example_dags/example_branch_labels.py took 0.104 seconds
[2025-04-25T23:56:10.919+0000] {processor.py:186} INFO - Started process (PID=2288) to work on /home/airflow/.local/lib/python3.12/site-packages/airflow/example_dags/example_branch_labels.py
[2025-04-25T23:56:10.922+0000] {processor.py:914} INFO - Processing file /home/airflow/.local/lib/python3.12/site-packages/airflow/example_dags/example_branch_labels.py for tasks to queue
[2025-04-25T23:56:10.925+0000] {logging_mixin.py:190} INFO - [2025-04-25T23:56:10.925+0000] {dagbag.py:588} INFO - Filling up the DagBag from /home/airflow/.local/lib/python3.12/site-packages/airflow/example_dags/example_branch_labels.py
[2025-04-25T23:56:10.939+0000] {processor.py:925} INFO - DAG(s) 'example_branch_labels' retrieved from /home/airflow/.local/lib/python3.12/site-packages/airflow/example_dags/example_branch_labels.py
[2025-04-25T23:56:10.969+0000] {logging_mixin.py:190} INFO - [2025-04-25T23:56:10.968+0000] {dag.py:3239} INFO - Sync 1 DAGs
[2025-04-25T23:56:11.007+0000] {logging_mixin.py:190} INFO - [2025-04-25T23:56:11.005+0000] {dag.py:4180} INFO - Setting next_dagrun for example_branch_labels to 2025-04-24 00:00:00+00:00, run_after=2025-04-25 00:00:00+00:00
[2025-04-25T23:56:11.035+0000] {processor.py:208} INFO - Processing /home/airflow/.local/lib/python3.12/site-packages/airflow/example_dags/example_branch_labels.py took 0.125 seconds
[2025-04-25T23:56:42.495+0000] {processor.py:186} INFO - Started process (PID=2353) to work on /home/airflow/.local/lib/python3.12/site-packages/airflow/example_dags/example_branch_labels.py
[2025-04-25T23:56:42.496+0000] {processor.py:914} INFO - Processing file /home/airflow/.local/lib/python3.12/site-packages/airflow/example_dags/example_branch_labels.py for tasks to queue
[2025-04-25T23:56:42.498+0000] {logging_mixin.py:190} INFO - [2025-04-25T23:56:42.497+0000] {dagbag.py:588} INFO - Filling up the DagBag from /home/airflow/.local/lib/python3.12/site-packages/airflow/example_dags/example_branch_labels.py
[2025-04-25T23:56:42.509+0000] {processor.py:925} INFO - DAG(s) 'example_branch_labels' retrieved from /home/airflow/.local/lib/python3.12/site-packages/airflow/example_dags/example_branch_labels.py
[2025-04-25T23:56:42.536+0000] {logging_mixin.py:190} INFO - [2025-04-25T23:56:42.536+0000] {dag.py:3239} INFO - Sync 1 DAGs
[2025-04-25T23:56:42.566+0000] {logging_mixin.py:190} INFO - [2025-04-25T23:56:42.566+0000] {dag.py:4180} INFO - Setting next_dagrun for example_branch_labels to 2025-04-24 00:00:00+00:00, run_after=2025-04-25 00:00:00+00:00
[2025-04-25T23:56:42.586+0000] {processor.py:208} INFO - Processing /home/airflow/.local/lib/python3.12/site-packages/airflow/example_dags/example_branch_labels.py took 0.098 seconds
[2025-04-25T23:57:14.390+0000] {processor.py:186} INFO - Started process (PID=2417) to work on /home/airflow/.local/lib/python3.12/site-packages/airflow/example_dags/example_branch_labels.py
[2025-04-25T23:57:14.391+0000] {processor.py:914} INFO - Processing file /home/airflow/.local/lib/python3.12/site-packages/airflow/example_dags/example_branch_labels.py for tasks to queue
[2025-04-25T23:57:14.392+0000] {logging_mixin.py:190} INFO - [2025-04-25T23:57:14.392+0000] {dagbag.py:588} INFO - Filling up the DagBag from /home/airflow/.local/lib/python3.12/site-packages/airflow/example_dags/example_branch_labels.py
[2025-04-25T23:57:14.406+0000] {processor.py:925} INFO - DAG(s) 'example_branch_labels' retrieved from /home/airflow/.local/lib/python3.12/site-packages/airflow/example_dags/example_branch_labels.py
[2025-04-25T23:57:14.443+0000] {logging_mixin.py:190} INFO - [2025-04-25T23:57:14.442+0000] {dag.py:3239} INFO - Sync 1 DAGs
[2025-04-25T23:57:14.474+0000] {logging_mixin.py:190} INFO - [2025-04-25T23:57:14.474+0000] {dag.py:4180} INFO - Setting next_dagrun for example_branch_labels to 2025-04-24 00:00:00+00:00, run_after=2025-04-25 00:00:00+00:00
[2025-04-25T23:57:14.496+0000] {processor.py:208} INFO - Processing /home/airflow/.local/lib/python3.12/site-packages/airflow/example_dags/example_branch_labels.py took 0.117 seconds
[2025-04-25T23:58:52.583+0000] {processor.py:186} INFO - Started process (PID=2486) to work on /home/airflow/.local/lib/python3.12/site-packages/airflow/example_dags/example_branch_labels.py
[2025-04-25T23:58:52.588+0000] {processor.py:914} INFO - Processing file /home/airflow/.local/lib/python3.12/site-packages/airflow/example_dags/example_branch_labels.py for tasks to queue
[2025-04-25T23:58:52.601+0000] {logging_mixin.py:190} INFO - [2025-04-25T23:58:52.600+0000] {dagbag.py:588} INFO - Filling up the DagBag from /home/airflow/.local/lib/python3.12/site-packages/airflow/example_dags/example_branch_labels.py
[2025-04-25T23:58:52.695+0000] {processor.py:925} INFO - DAG(s) 'example_branch_labels' retrieved from /home/airflow/.local/lib/python3.12/site-packages/airflow/example_dags/example_branch_labels.py
[2025-04-25T23:58:52.936+0000] {logging_mixin.py:190} INFO - [2025-04-25T23:58:52.932+0000] {dag.py:3239} INFO - Sync 1 DAGs
[2025-04-25T23:58:53.062+0000] {logging_mixin.py:190} INFO - [2025-04-25T23:58:53.062+0000] {dag.py:4180} INFO - Setting next_dagrun for example_branch_labels to 2025-04-24 00:00:00+00:00, run_after=2025-04-25 00:00:00+00:00
[2025-04-25T23:58:53.154+0000] {processor.py:208} INFO - Processing /home/airflow/.local/lib/python3.12/site-packages/airflow/example_dags/example_branch_labels.py took 0.611 seconds
[2025-04-25T23:59:23.327+0000] {processor.py:186} INFO - Started process (PID=2551) to work on /home/airflow/.local/lib/python3.12/site-packages/airflow/example_dags/example_branch_labels.py
[2025-04-25T23:59:23.329+0000] {processor.py:914} INFO - Processing file /home/airflow/.local/lib/python3.12/site-packages/airflow/example_dags/example_branch_labels.py for tasks to queue
[2025-04-25T23:59:23.331+0000] {logging_mixin.py:190} INFO - [2025-04-25T23:59:23.331+0000] {dagbag.py:588} INFO - Filling up the DagBag from /home/airflow/.local/lib/python3.12/site-packages/airflow/example_dags/example_branch_labels.py
[2025-04-25T23:59:23.352+0000] {processor.py:925} INFO - DAG(s) 'example_branch_labels' retrieved from /home/airflow/.local/lib/python3.12/site-packages/airflow/example_dags/example_branch_labels.py
[2025-04-25T23:59:23.398+0000] {logging_mixin.py:190} INFO - [2025-04-25T23:59:23.397+0000] {dag.py:3239} INFO - Sync 1 DAGs
[2025-04-25T23:59:23.447+0000] {logging_mixin.py:190} INFO - [2025-04-25T23:59:23.447+0000] {dag.py:4180} INFO - Setting next_dagrun for example_branch_labels to 2025-04-24 00:00:00+00:00, run_after=2025-04-25 00:00:00+00:00
[2025-04-25T23:59:23.480+0000] {processor.py:208} INFO - Processing /home/airflow/.local/lib/python3.12/site-packages/airflow/example_dags/example_branch_labels.py took 0.166 seconds
[2025-04-25T23:59:58.953+0000] {processor.py:186} INFO - Started process (PID=2615) to work on /home/airflow/.local/lib/python3.12/site-packages/airflow/example_dags/example_branch_labels.py
[2025-04-25T23:59:58.955+0000] {processor.py:914} INFO - Processing file /home/airflow/.local/lib/python3.12/site-packages/airflow/example_dags/example_branch_labels.py for tasks to queue
[2025-04-25T23:59:58.979+0000] {logging_mixin.py:190} INFO - [2025-04-25T23:59:58.977+0000] {dagbag.py:588} INFO - Filling up the DagBag from /home/airflow/.local/lib/python3.12/site-packages/airflow/example_dags/example_branch_labels.py
[2025-04-25T23:59:59.031+0000] {processor.py:925} INFO - DAG(s) 'example_branch_labels' retrieved from /home/airflow/.local/lib/python3.12/site-packages/airflow/example_dags/example_branch_labels.py
[2025-04-25T23:59:59.186+0000] {logging_mixin.py:190} INFO - [2025-04-25T23:59:59.185+0000] {dag.py:3239} INFO - Sync 1 DAGs
[2025-04-25T23:59:59.278+0000] {logging_mixin.py:190} INFO - [2025-04-25T23:59:59.273+0000] {dag.py:4180} INFO - Setting next_dagrun for example_branch_labels to 2025-04-24 00:00:00+00:00, run_after=2025-04-25 00:00:00+00:00
[2025-04-25T23:59:59.342+0000] {processor.py:208} INFO - Processing /home/airflow/.local/lib/python3.12/site-packages/airflow/example_dags/example_branch_labels.py took 0.407 seconds
