[2025-04-25T23:33:33.549+0000] {processor.py:186} INFO - Started process (PID=151) to work on /home/airflow/.local/lib/python3.12/site-packages/airflow/example_dags/example_sensors.py
[2025-04-25T23:33:33.551+0000] {processor.py:914} INFO - Processing file /home/airflow/.local/lib/python3.12/site-packages/airflow/example_dags/example_sensors.py for tasks to queue
[2025-04-25T23:33:33.556+0000] {logging_mixin.py:190} INFO - [2025-04-25T23:33:33.555+0000] {dagbag.py:588} INFO - Filling up the DagBag from /home/airflow/.local/lib/python3.12/site-packages/airflow/example_dags/example_sensors.py
[2025-04-25T23:33:33.593+0000] {processor.py:925} INFO - DAG(s) 'example_sensors' retrieved from /home/airflow/.local/lib/python3.12/site-packages/airflow/example_dags/example_sensors.py
[2025-04-25T23:33:33.891+0000] {logging_mixin.py:190} INFO - [2025-04-25T23:33:33.890+0000] {override.py:1911} INFO - Created Permission View: can delete on DAG:example_sensors
[2025-04-25T23:33:33.916+0000] {logging_mixin.py:190} INFO - [2025-04-25T23:33:33.915+0000] {override.py:1911} INFO - Created Permission View: can read on DAG:example_sensors
[2025-04-25T23:33:33.931+0000] {logging_mixin.py:190} INFO - [2025-04-25T23:33:33.930+0000] {override.py:1911} INFO - Created Permission View: can edit on DAG:example_sensors
[2025-04-25T23:33:33.961+0000] {logging_mixin.py:190} INFO - [2025-04-25T23:33:33.960+0000] {override.py:1911} INFO - Created Permission View: can create on DAG Run:example_sensors
[2025-04-25T23:33:33.977+0000] {logging_mixin.py:190} INFO - [2025-04-25T23:33:33.976+0000] {override.py:1911} INFO - Created Permission View: can delete on DAG Run:example_sensors
[2025-04-25T23:33:33.988+0000] {logging_mixin.py:190} INFO - [2025-04-25T23:33:33.988+0000] {override.py:1911} INFO - Created Permission View: can read on DAG Run:example_sensors
[2025-04-25T23:33:33.999+0000] {logging_mixin.py:190} INFO - [2025-04-25T23:33:33.999+0000] {override.py:1911} INFO - Created Permission View: menu access on DAG Run:example_sensors
[2025-04-25T23:33:34.000+0000] {logging_mixin.py:190} INFO - [2025-04-25T23:33:34.000+0000] {dag.py:3239} INFO - Sync 1 DAGs
[2025-04-25T23:33:34.042+0000] {logging_mixin.py:190} INFO - [2025-04-25T23:33:34.042+0000] {dag.py:3262} INFO - Creating ORM DAG for example_sensors
[2025-04-25T23:33:34.043+0000] {logging_mixin.py:190} INFO - [2025-04-25T23:33:34.043+0000] {dag.py:4180} INFO - Setting next_dagrun for example_sensors to None, run_after=None
[2025-04-25T23:33:34.078+0000] {processor.py:208} INFO - Processing /home/airflow/.local/lib/python3.12/site-packages/airflow/example_dags/example_sensors.py took 0.541 seconds
[2025-04-25T23:34:05.678+0000] {processor.py:186} INFO - Started process (PID=213) to work on /home/airflow/.local/lib/python3.12/site-packages/airflow/example_dags/example_sensors.py
[2025-04-25T23:34:05.680+0000] {processor.py:914} INFO - Processing file /home/airflow/.local/lib/python3.12/site-packages/airflow/example_dags/example_sensors.py for tasks to queue
[2025-04-25T23:34:05.686+0000] {logging_mixin.py:190} INFO - [2025-04-25T23:34:05.686+0000] {dagbag.py:588} INFO - Filling up the DagBag from /home/airflow/.local/lib/python3.12/site-packages/airflow/example_dags/example_sensors.py
[2025-04-25T23:34:05.722+0000] {processor.py:925} INFO - DAG(s) 'example_sensors' retrieved from /home/airflow/.local/lib/python3.12/site-packages/airflow/example_dags/example_sensors.py
[2025-04-25T23:34:05.795+0000] {logging_mixin.py:190} INFO - [2025-04-25T23:34:05.795+0000] {dag.py:3239} INFO - Sync 1 DAGs
[2025-04-25T23:34:05.851+0000] {logging_mixin.py:190} INFO - [2025-04-25T23:34:05.850+0000] {dag.py:4180} INFO - Setting next_dagrun for example_sensors to None, run_after=None
[2025-04-25T23:34:05.896+0000] {processor.py:208} INFO - Processing /home/airflow/.local/lib/python3.12/site-packages/airflow/example_dags/example_sensors.py took 0.337 seconds
[2025-04-25T23:35:40.984+0000] {processor.py:186} INFO - Started process (PID=301) to work on /home/airflow/.local/lib/python3.12/site-packages/airflow/example_dags/example_sensors.py
[2025-04-25T23:35:40.987+0000] {processor.py:914} INFO - Processing file /home/airflow/.local/lib/python3.12/site-packages/airflow/example_dags/example_sensors.py for tasks to queue
[2025-04-25T23:35:41.034+0000] {logging_mixin.py:190} INFO - [2025-04-25T23:35:41.031+0000] {dagbag.py:588} INFO - Filling up the DagBag from /home/airflow/.local/lib/python3.12/site-packages/airflow/example_dags/example_sensors.py
[2025-04-25T23:35:41.156+0000] {processor.py:925} INFO - DAG(s) 'example_sensors' retrieved from /home/airflow/.local/lib/python3.12/site-packages/airflow/example_dags/example_sensors.py
[2025-04-25T23:35:41.659+0000] {logging_mixin.py:190} INFO - [2025-04-25T23:35:41.658+0000] {dag.py:3239} INFO - Sync 1 DAGs
[2025-04-25T23:35:41.749+0000] {logging_mixin.py:190} INFO - [2025-04-25T23:35:41.748+0000] {dag.py:4180} INFO - Setting next_dagrun for example_sensors to None, run_after=None
[2025-04-25T23:35:41.937+0000] {processor.py:208} INFO - Processing /home/airflow/.local/lib/python3.12/site-packages/airflow/example_dags/example_sensors.py took 0.975 seconds
[2025-04-25T23:37:57.313+0000] {processor.py:186} INFO - Started process (PID=121) to work on /home/airflow/.local/lib/python3.12/site-packages/airflow/example_dags/example_sensors.py
[2025-04-25T23:37:57.315+0000] {processor.py:914} INFO - Processing file /home/airflow/.local/lib/python3.12/site-packages/airflow/example_dags/example_sensors.py for tasks to queue
[2025-04-25T23:37:57.345+0000] {logging_mixin.py:190} INFO - [2025-04-25T23:37:57.344+0000] {dagbag.py:588} INFO - Filling up the DagBag from /home/airflow/.local/lib/python3.12/site-packages/airflow/example_dags/example_sensors.py
[2025-04-25T23:37:57.396+0000] {processor.py:925} INFO - DAG(s) 'example_sensors' retrieved from /home/airflow/.local/lib/python3.12/site-packages/airflow/example_dags/example_sensors.py
[2025-04-25T23:37:57.530+0000] {logging_mixin.py:190} INFO - [2025-04-25T23:37:57.530+0000] {dag.py:3239} INFO - Sync 1 DAGs
[2025-04-25T23:37:57.682+0000] {logging_mixin.py:190} INFO - [2025-04-25T23:37:57.682+0000] {dag.py:4180} INFO - Setting next_dagrun for example_sensors to None, run_after=None
[2025-04-25T23:37:58.653+0000] {processor.py:208} INFO - Processing /home/airflow/.local/lib/python3.12/site-packages/airflow/example_dags/example_sensors.py took 1.356 seconds
[2025-04-25T23:38:33.558+0000] {processor.py:186} INFO - Started process (PID=184) to work on /home/airflow/.local/lib/python3.12/site-packages/airflow/example_dags/example_sensors.py
[2025-04-25T23:38:33.560+0000] {processor.py:914} INFO - Processing file /home/airflow/.local/lib/python3.12/site-packages/airflow/example_dags/example_sensors.py for tasks to queue
[2025-04-25T23:38:33.579+0000] {logging_mixin.py:190} INFO - [2025-04-25T23:38:33.577+0000] {dagbag.py:588} INFO - Filling up the DagBag from /home/airflow/.local/lib/python3.12/site-packages/airflow/example_dags/example_sensors.py
[2025-04-25T23:38:33.616+0000] {processor.py:925} INFO - DAG(s) 'example_sensors' retrieved from /home/airflow/.local/lib/python3.12/site-packages/airflow/example_dags/example_sensors.py
[2025-04-25T23:38:33.694+0000] {logging_mixin.py:190} INFO - [2025-04-25T23:38:33.693+0000] {dag.py:3239} INFO - Sync 1 DAGs
[2025-04-25T23:38:33.731+0000] {logging_mixin.py:190} INFO - [2025-04-25T23:38:33.731+0000] {dag.py:4180} INFO - Setting next_dagrun for example_sensors to None, run_after=None
[2025-04-25T23:38:33.769+0000] {processor.py:208} INFO - Processing /home/airflow/.local/lib/python3.12/site-packages/airflow/example_dags/example_sensors.py took 0.235 seconds
[2025-04-25T23:39:04.594+0000] {processor.py:186} INFO - Started process (PID=247) to work on /home/airflow/.local/lib/python3.12/site-packages/airflow/example_dags/example_sensors.py
[2025-04-25T23:39:04.596+0000] {processor.py:914} INFO - Processing file /home/airflow/.local/lib/python3.12/site-packages/airflow/example_dags/example_sensors.py for tasks to queue
[2025-04-25T23:39:04.600+0000] {logging_mixin.py:190} INFO - [2025-04-25T23:39:04.600+0000] {dagbag.py:588} INFO - Filling up the DagBag from /home/airflow/.local/lib/python3.12/site-packages/airflow/example_dags/example_sensors.py
[2025-04-25T23:39:04.620+0000] {processor.py:925} INFO - DAG(s) 'example_sensors' retrieved from /home/airflow/.local/lib/python3.12/site-packages/airflow/example_dags/example_sensors.py
[2025-04-25T23:39:04.667+0000] {logging_mixin.py:190} INFO - [2025-04-25T23:39:04.666+0000] {dag.py:3239} INFO - Sync 1 DAGs
[2025-04-25T23:39:04.708+0000] {logging_mixin.py:190} INFO - [2025-04-25T23:39:04.707+0000] {dag.py:4180} INFO - Setting next_dagrun for example_sensors to None, run_after=None
[2025-04-25T23:39:04.741+0000] {processor.py:208} INFO - Processing /home/airflow/.local/lib/python3.12/site-packages/airflow/example_dags/example_sensors.py took 0.159 seconds
[2025-04-25T23:39:46.436+0000] {processor.py:186} INFO - Started process (PID=310) to work on /home/airflow/.local/lib/python3.12/site-packages/airflow/example_dags/example_sensors.py
[2025-04-25T23:39:46.524+0000] {processor.py:914} INFO - Processing file /home/airflow/.local/lib/python3.12/site-packages/airflow/example_dags/example_sensors.py for tasks to queue
[2025-04-25T23:39:46.561+0000] {logging_mixin.py:190} INFO - [2025-04-25T23:39:46.545+0000] {dagbag.py:588} INFO - Filling up the DagBag from /home/airflow/.local/lib/python3.12/site-packages/airflow/example_dags/example_sensors.py
[2025-04-25T23:39:46.612+0000] {processor.py:925} INFO - DAG(s) 'example_sensors' retrieved from /home/airflow/.local/lib/python3.12/site-packages/airflow/example_dags/example_sensors.py
[2025-04-25T23:39:46.817+0000] {logging_mixin.py:190} INFO - [2025-04-25T23:39:46.816+0000] {dag.py:3239} INFO - Sync 1 DAGs
[2025-04-25T23:39:46.973+0000] {logging_mixin.py:190} INFO - [2025-04-25T23:39:46.971+0000] {dag.py:4180} INFO - Setting next_dagrun for example_sensors to None, run_after=None
[2025-04-25T23:39:47.069+0000] {processor.py:208} INFO - Processing /home/airflow/.local/lib/python3.12/site-packages/airflow/example_dags/example_sensors.py took 0.690 seconds
[2025-04-25T23:40:17.509+0000] {processor.py:186} INFO - Started process (PID=373) to work on /home/airflow/.local/lib/python3.12/site-packages/airflow/example_dags/example_sensors.py
[2025-04-25T23:40:17.511+0000] {processor.py:914} INFO - Processing file /home/airflow/.local/lib/python3.12/site-packages/airflow/example_dags/example_sensors.py for tasks to queue
[2025-04-25T23:40:17.514+0000] {logging_mixin.py:190} INFO - [2025-04-25T23:40:17.513+0000] {dagbag.py:588} INFO - Filling up the DagBag from /home/airflow/.local/lib/python3.12/site-packages/airflow/example_dags/example_sensors.py
[2025-04-25T23:40:17.527+0000] {processor.py:925} INFO - DAG(s) 'example_sensors' retrieved from /home/airflow/.local/lib/python3.12/site-packages/airflow/example_dags/example_sensors.py
[2025-04-25T23:40:17.574+0000] {logging_mixin.py:190} INFO - [2025-04-25T23:40:17.574+0000] {dag.py:3239} INFO - Sync 1 DAGs
[2025-04-25T23:40:17.601+0000] {logging_mixin.py:190} INFO - [2025-04-25T23:40:17.601+0000] {dag.py:4180} INFO - Setting next_dagrun for example_sensors to None, run_after=None
[2025-04-25T23:40:17.626+0000] {processor.py:208} INFO - Processing /home/airflow/.local/lib/python3.12/site-packages/airflow/example_dags/example_sensors.py took 0.148 seconds
[2025-04-25T23:40:48.227+0000] {processor.py:186} INFO - Started process (PID=436) to work on /home/airflow/.local/lib/python3.12/site-packages/airflow/example_dags/example_sensors.py
[2025-04-25T23:40:48.229+0000] {processor.py:914} INFO - Processing file /home/airflow/.local/lib/python3.12/site-packages/airflow/example_dags/example_sensors.py for tasks to queue
[2025-04-25T23:40:48.231+0000] {logging_mixin.py:190} INFO - [2025-04-25T23:40:48.231+0000] {dagbag.py:588} INFO - Filling up the DagBag from /home/airflow/.local/lib/python3.12/site-packages/airflow/example_dags/example_sensors.py
[2025-04-25T23:40:48.245+0000] {processor.py:925} INFO - DAG(s) 'example_sensors' retrieved from /home/airflow/.local/lib/python3.12/site-packages/airflow/example_dags/example_sensors.py
[2025-04-25T23:40:48.279+0000] {logging_mixin.py:190} INFO - [2025-04-25T23:40:48.278+0000] {dag.py:3239} INFO - Sync 1 DAGs
[2025-04-25T23:40:48.298+0000] {logging_mixin.py:190} INFO - [2025-04-25T23:40:48.298+0000] {dag.py:4180} INFO - Setting next_dagrun for example_sensors to None, run_after=None
[2025-04-25T23:40:48.325+0000] {processor.py:208} INFO - Processing /home/airflow/.local/lib/python3.12/site-packages/airflow/example_dags/example_sensors.py took 0.107 seconds
[2025-04-25T23:41:20.568+0000] {processor.py:186} INFO - Started process (PID=499) to work on /home/airflow/.local/lib/python3.12/site-packages/airflow/example_dags/example_sensors.py
[2025-04-25T23:41:20.573+0000] {processor.py:914} INFO - Processing file /home/airflow/.local/lib/python3.12/site-packages/airflow/example_dags/example_sensors.py for tasks to queue
[2025-04-25T23:41:20.578+0000] {logging_mixin.py:190} INFO - [2025-04-25T23:41:20.577+0000] {dagbag.py:588} INFO - Filling up the DagBag from /home/airflow/.local/lib/python3.12/site-packages/airflow/example_dags/example_sensors.py
[2025-04-25T23:41:20.604+0000] {processor.py:925} INFO - DAG(s) 'example_sensors' retrieved from /home/airflow/.local/lib/python3.12/site-packages/airflow/example_dags/example_sensors.py
[2025-04-25T23:41:20.774+0000] {logging_mixin.py:190} INFO - [2025-04-25T23:41:20.773+0000] {dag.py:3239} INFO - Sync 1 DAGs
[2025-04-25T23:41:20.820+0000] {logging_mixin.py:190} INFO - [2025-04-25T23:41:20.819+0000] {dag.py:4180} INFO - Setting next_dagrun for example_sensors to None, run_after=None
[2025-04-25T23:41:20.858+0000] {processor.py:208} INFO - Processing /home/airflow/.local/lib/python3.12/site-packages/airflow/example_dags/example_sensors.py took 0.309 seconds
[2025-04-25T23:41:51.524+0000] {processor.py:186} INFO - Started process (PID=561) to work on /home/airflow/.local/lib/python3.12/site-packages/airflow/example_dags/example_sensors.py
[2025-04-25T23:41:51.525+0000] {processor.py:914} INFO - Processing file /home/airflow/.local/lib/python3.12/site-packages/airflow/example_dags/example_sensors.py for tasks to queue
[2025-04-25T23:41:51.530+0000] {logging_mixin.py:190} INFO - [2025-04-25T23:41:51.530+0000] {dagbag.py:588} INFO - Filling up the DagBag from /home/airflow/.local/lib/python3.12/site-packages/airflow/example_dags/example_sensors.py
[2025-04-25T23:41:51.549+0000] {processor.py:925} INFO - DAG(s) 'example_sensors' retrieved from /home/airflow/.local/lib/python3.12/site-packages/airflow/example_dags/example_sensors.py
[2025-04-25T23:41:51.595+0000] {logging_mixin.py:190} INFO - [2025-04-25T23:41:51.594+0000] {dag.py:3239} INFO - Sync 1 DAGs
[2025-04-25T23:41:51.622+0000] {logging_mixin.py:190} INFO - [2025-04-25T23:41:51.621+0000] {dag.py:4180} INFO - Setting next_dagrun for example_sensors to None, run_after=None
[2025-04-25T23:41:51.652+0000] {processor.py:208} INFO - Processing /home/airflow/.local/lib/python3.12/site-packages/airflow/example_dags/example_sensors.py took 0.137 seconds
[2025-04-25T23:42:22.406+0000] {processor.py:186} INFO - Started process (PID=626) to work on /home/airflow/.local/lib/python3.12/site-packages/airflow/example_dags/example_sensors.py
[2025-04-25T23:42:22.408+0000] {processor.py:914} INFO - Processing file /home/airflow/.local/lib/python3.12/site-packages/airflow/example_dags/example_sensors.py for tasks to queue
[2025-04-25T23:42:22.415+0000] {logging_mixin.py:190} INFO - [2025-04-25T23:42:22.414+0000] {dagbag.py:588} INFO - Filling up the DagBag from /home/airflow/.local/lib/python3.12/site-packages/airflow/example_dags/example_sensors.py
[2025-04-25T23:42:22.437+0000] {processor.py:925} INFO - DAG(s) 'example_sensors' retrieved from /home/airflow/.local/lib/python3.12/site-packages/airflow/example_dags/example_sensors.py
[2025-04-25T23:42:22.482+0000] {logging_mixin.py:190} INFO - [2025-04-25T23:42:22.481+0000] {dag.py:3239} INFO - Sync 1 DAGs
[2025-04-25T23:42:22.506+0000] {logging_mixin.py:190} INFO - [2025-04-25T23:42:22.506+0000] {dag.py:4180} INFO - Setting next_dagrun for example_sensors to None, run_after=None
[2025-04-25T23:42:22.543+0000] {processor.py:208} INFO - Processing /home/airflow/.local/lib/python3.12/site-packages/airflow/example_dags/example_sensors.py took 0.146 seconds
[2025-04-25T23:42:52.970+0000] {processor.py:186} INFO - Started process (PID=689) to work on /home/airflow/.local/lib/python3.12/site-packages/airflow/example_dags/example_sensors.py
[2025-04-25T23:42:52.971+0000] {processor.py:914} INFO - Processing file /home/airflow/.local/lib/python3.12/site-packages/airflow/example_dags/example_sensors.py for tasks to queue
[2025-04-25T23:42:52.974+0000] {logging_mixin.py:190} INFO - [2025-04-25T23:42:52.973+0000] {dagbag.py:588} INFO - Filling up the DagBag from /home/airflow/.local/lib/python3.12/site-packages/airflow/example_dags/example_sensors.py
[2025-04-25T23:42:52.991+0000] {processor.py:925} INFO - DAG(s) 'example_sensors' retrieved from /home/airflow/.local/lib/python3.12/site-packages/airflow/example_dags/example_sensors.py
[2025-04-25T23:42:53.027+0000] {logging_mixin.py:190} INFO - [2025-04-25T23:42:53.027+0000] {dag.py:3239} INFO - Sync 1 DAGs
[2025-04-25T23:42:53.044+0000] {logging_mixin.py:190} INFO - [2025-04-25T23:42:53.044+0000] {dag.py:4180} INFO - Setting next_dagrun for example_sensors to None, run_after=None
[2025-04-25T23:42:53.072+0000] {processor.py:208} INFO - Processing /home/airflow/.local/lib/python3.12/site-packages/airflow/example_dags/example_sensors.py took 0.114 seconds
[2025-04-25T23:43:31.236+0000] {processor.py:186} INFO - Started process (PID=765) to work on /home/airflow/.local/lib/python3.12/site-packages/airflow/example_dags/example_sensors.py
[2025-04-25T23:43:31.238+0000] {processor.py:914} INFO - Processing file /home/airflow/.local/lib/python3.12/site-packages/airflow/example_dags/example_sensors.py for tasks to queue
[2025-04-25T23:43:31.241+0000] {logging_mixin.py:190} INFO - [2025-04-25T23:43:31.241+0000] {dagbag.py:588} INFO - Filling up the DagBag from /home/airflow/.local/lib/python3.12/site-packages/airflow/example_dags/example_sensors.py
[2025-04-25T23:43:31.257+0000] {processor.py:925} INFO - DAG(s) 'example_sensors' retrieved from /home/airflow/.local/lib/python3.12/site-packages/airflow/example_dags/example_sensors.py
[2025-04-25T23:43:31.304+0000] {logging_mixin.py:190} INFO - [2025-04-25T23:43:31.303+0000] {dag.py:3239} INFO - Sync 1 DAGs
[2025-04-25T23:43:31.329+0000] {logging_mixin.py:190} INFO - [2025-04-25T23:43:31.329+0000] {dag.py:4180} INFO - Setting next_dagrun for example_sensors to None, run_after=None
[2025-04-25T23:43:31.361+0000] {processor.py:208} INFO - Processing /home/airflow/.local/lib/python3.12/site-packages/airflow/example_dags/example_sensors.py took 0.132 seconds
[2025-04-25T23:44:02.343+0000] {processor.py:186} INFO - Started process (PID=828) to work on /home/airflow/.local/lib/python3.12/site-packages/airflow/example_dags/example_sensors.py
[2025-04-25T23:44:02.344+0000] {processor.py:914} INFO - Processing file /home/airflow/.local/lib/python3.12/site-packages/airflow/example_dags/example_sensors.py for tasks to queue
[2025-04-25T23:44:02.347+0000] {logging_mixin.py:190} INFO - [2025-04-25T23:44:02.347+0000] {dagbag.py:588} INFO - Filling up the DagBag from /home/airflow/.local/lib/python3.12/site-packages/airflow/example_dags/example_sensors.py
[2025-04-25T23:44:02.364+0000] {processor.py:925} INFO - DAG(s) 'example_sensors' retrieved from /home/airflow/.local/lib/python3.12/site-packages/airflow/example_dags/example_sensors.py
[2025-04-25T23:44:02.416+0000] {logging_mixin.py:190} INFO - [2025-04-25T23:44:02.415+0000] {dag.py:3239} INFO - Sync 1 DAGs
[2025-04-25T23:44:02.440+0000] {logging_mixin.py:190} INFO - [2025-04-25T23:44:02.440+0000] {dag.py:4180} INFO - Setting next_dagrun for example_sensors to None, run_after=None
[2025-04-25T23:44:02.469+0000] {processor.py:208} INFO - Processing /home/airflow/.local/lib/python3.12/site-packages/airflow/example_dags/example_sensors.py took 0.136 seconds
[2025-04-25T23:44:33.428+0000] {processor.py:186} INFO - Started process (PID=891) to work on /home/airflow/.local/lib/python3.12/site-packages/airflow/example_dags/example_sensors.py
[2025-04-25T23:44:33.433+0000] {processor.py:914} INFO - Processing file /home/airflow/.local/lib/python3.12/site-packages/airflow/example_dags/example_sensors.py for tasks to queue
[2025-04-25T23:44:33.437+0000] {logging_mixin.py:190} INFO - [2025-04-25T23:44:33.436+0000] {dagbag.py:588} INFO - Filling up the DagBag from /home/airflow/.local/lib/python3.12/site-packages/airflow/example_dags/example_sensors.py
[2025-04-25T23:44:33.450+0000] {processor.py:925} INFO - DAG(s) 'example_sensors' retrieved from /home/airflow/.local/lib/python3.12/site-packages/airflow/example_dags/example_sensors.py
[2025-04-25T23:44:33.489+0000] {logging_mixin.py:190} INFO - [2025-04-25T23:44:33.489+0000] {dag.py:3239} INFO - Sync 1 DAGs
[2025-04-25T23:44:33.508+0000] {logging_mixin.py:190} INFO - [2025-04-25T23:44:33.508+0000] {dag.py:4180} INFO - Setting next_dagrun for example_sensors to None, run_after=None
[2025-04-25T23:44:33.538+0000] {processor.py:208} INFO - Processing /home/airflow/.local/lib/python3.12/site-packages/airflow/example_dags/example_sensors.py took 0.122 seconds
[2025-04-25T23:45:03.916+0000] {processor.py:186} INFO - Started process (PID=953) to work on /home/airflow/.local/lib/python3.12/site-packages/airflow/example_dags/example_sensors.py
[2025-04-25T23:45:03.917+0000] {processor.py:914} INFO - Processing file /home/airflow/.local/lib/python3.12/site-packages/airflow/example_dags/example_sensors.py for tasks to queue
[2025-04-25T23:45:03.920+0000] {logging_mixin.py:190} INFO - [2025-04-25T23:45:03.919+0000] {dagbag.py:588} INFO - Filling up the DagBag from /home/airflow/.local/lib/python3.12/site-packages/airflow/example_dags/example_sensors.py
[2025-04-25T23:45:03.939+0000] {processor.py:925} INFO - DAG(s) 'example_sensors' retrieved from /home/airflow/.local/lib/python3.12/site-packages/airflow/example_dags/example_sensors.py
[2025-04-25T23:45:03.979+0000] {logging_mixin.py:190} INFO - [2025-04-25T23:45:03.979+0000] {dag.py:3239} INFO - Sync 1 DAGs
[2025-04-25T23:45:04.004+0000] {logging_mixin.py:190} INFO - [2025-04-25T23:45:04.003+0000] {dag.py:4180} INFO - Setting next_dagrun for example_sensors to None, run_after=None
[2025-04-25T23:45:04.035+0000] {processor.py:208} INFO - Processing /home/airflow/.local/lib/python3.12/site-packages/airflow/example_dags/example_sensors.py took 0.127 seconds
[2025-04-25T23:45:34.157+0000] {processor.py:186} INFO - Started process (PID=1016) to work on /home/airflow/.local/lib/python3.12/site-packages/airflow/example_dags/example_sensors.py
[2025-04-25T23:45:34.159+0000] {processor.py:914} INFO - Processing file /home/airflow/.local/lib/python3.12/site-packages/airflow/example_dags/example_sensors.py for tasks to queue
[2025-04-25T23:45:34.163+0000] {logging_mixin.py:190} INFO - [2025-04-25T23:45:34.162+0000] {dagbag.py:588} INFO - Filling up the DagBag from /home/airflow/.local/lib/python3.12/site-packages/airflow/example_dags/example_sensors.py
[2025-04-25T23:45:34.193+0000] {processor.py:925} INFO - DAG(s) 'example_sensors' retrieved from /home/airflow/.local/lib/python3.12/site-packages/airflow/example_dags/example_sensors.py
[2025-04-25T23:45:34.256+0000] {logging_mixin.py:190} INFO - [2025-04-25T23:45:34.253+0000] {dag.py:3239} INFO - Sync 1 DAGs
[2025-04-25T23:45:34.298+0000] {logging_mixin.py:190} INFO - [2025-04-25T23:45:34.297+0000] {dag.py:4180} INFO - Setting next_dagrun for example_sensors to None, run_after=None
[2025-04-25T23:45:34.331+0000] {processor.py:208} INFO - Processing /home/airflow/.local/lib/python3.12/site-packages/airflow/example_dags/example_sensors.py took 0.185 seconds
[2025-04-25T23:46:05.282+0000] {processor.py:186} INFO - Started process (PID=1078) to work on /home/airflow/.local/lib/python3.12/site-packages/airflow/example_dags/example_sensors.py
[2025-04-25T23:46:05.284+0000] {processor.py:914} INFO - Processing file /home/airflow/.local/lib/python3.12/site-packages/airflow/example_dags/example_sensors.py for tasks to queue
[2025-04-25T23:46:05.292+0000] {logging_mixin.py:190} INFO - [2025-04-25T23:46:05.291+0000] {dagbag.py:588} INFO - Filling up the DagBag from /home/airflow/.local/lib/python3.12/site-packages/airflow/example_dags/example_sensors.py
[2025-04-25T23:46:05.323+0000] {processor.py:925} INFO - DAG(s) 'example_sensors' retrieved from /home/airflow/.local/lib/python3.12/site-packages/airflow/example_dags/example_sensors.py
[2025-04-25T23:46:05.394+0000] {logging_mixin.py:190} INFO - [2025-04-25T23:46:05.393+0000] {dag.py:3239} INFO - Sync 1 DAGs
[2025-04-25T23:46:05.440+0000] {logging_mixin.py:190} INFO - [2025-04-25T23:46:05.439+0000] {dag.py:4180} INFO - Setting next_dagrun for example_sensors to None, run_after=None
[2025-04-25T23:46:05.480+0000] {processor.py:208} INFO - Processing /home/airflow/.local/lib/python3.12/site-packages/airflow/example_dags/example_sensors.py took 0.214 seconds
[2025-04-25T23:46:49.743+0000] {processor.py:186} INFO - Started process (PID=1140) to work on /home/airflow/.local/lib/python3.12/site-packages/airflow/example_dags/example_sensors.py
[2025-04-25T23:46:49.745+0000] {processor.py:914} INFO - Processing file /home/airflow/.local/lib/python3.12/site-packages/airflow/example_dags/example_sensors.py for tasks to queue
[2025-04-25T23:46:49.753+0000] {logging_mixin.py:190} INFO - [2025-04-25T23:46:49.753+0000] {dagbag.py:588} INFO - Filling up the DagBag from /home/airflow/.local/lib/python3.12/site-packages/airflow/example_dags/example_sensors.py
[2025-04-25T23:46:49.803+0000] {processor.py:925} INFO - DAG(s) 'example_sensors' retrieved from /home/airflow/.local/lib/python3.12/site-packages/airflow/example_dags/example_sensors.py
[2025-04-25T23:46:49.876+0000] {logging_mixin.py:190} INFO - [2025-04-25T23:46:49.876+0000] {dag.py:3239} INFO - Sync 1 DAGs
[2025-04-25T23:46:49.909+0000] {logging_mixin.py:190} INFO - [2025-04-25T23:46:49.908+0000] {dag.py:4180} INFO - Setting next_dagrun for example_sensors to None, run_after=None
[2025-04-25T23:46:49.948+0000] {processor.py:208} INFO - Processing /home/airflow/.local/lib/python3.12/site-packages/airflow/example_dags/example_sensors.py took 0.218 seconds
[2025-04-25T23:47:20.794+0000] {processor.py:186} INFO - Started process (PID=1203) to work on /home/airflow/.local/lib/python3.12/site-packages/airflow/example_dags/example_sensors.py
[2025-04-25T23:47:20.798+0000] {processor.py:914} INFO - Processing file /home/airflow/.local/lib/python3.12/site-packages/airflow/example_dags/example_sensors.py for tasks to queue
[2025-04-25T23:47:20.801+0000] {logging_mixin.py:190} INFO - [2025-04-25T23:47:20.801+0000] {dagbag.py:588} INFO - Filling up the DagBag from /home/airflow/.local/lib/python3.12/site-packages/airflow/example_dags/example_sensors.py
[2025-04-25T23:47:20.822+0000] {processor.py:925} INFO - DAG(s) 'example_sensors' retrieved from /home/airflow/.local/lib/python3.12/site-packages/airflow/example_dags/example_sensors.py
[2025-04-25T23:47:20.873+0000] {logging_mixin.py:190} INFO - [2025-04-25T23:47:20.873+0000] {dag.py:3239} INFO - Sync 1 DAGs
[2025-04-25T23:47:20.899+0000] {logging_mixin.py:190} INFO - [2025-04-25T23:47:20.899+0000] {dag.py:4180} INFO - Setting next_dagrun for example_sensors to None, run_after=None
[2025-04-25T23:47:20.927+0000] {processor.py:208} INFO - Processing /home/airflow/.local/lib/python3.12/site-packages/airflow/example_dags/example_sensors.py took 0.141 seconds
[2025-04-25T23:47:51.220+0000] {processor.py:186} INFO - Started process (PID=1265) to work on /home/airflow/.local/lib/python3.12/site-packages/airflow/example_dags/example_sensors.py
[2025-04-25T23:47:51.221+0000] {processor.py:914} INFO - Processing file /home/airflow/.local/lib/python3.12/site-packages/airflow/example_dags/example_sensors.py for tasks to queue
[2025-04-25T23:47:51.225+0000] {logging_mixin.py:190} INFO - [2025-04-25T23:47:51.224+0000] {dagbag.py:588} INFO - Filling up the DagBag from /home/airflow/.local/lib/python3.12/site-packages/airflow/example_dags/example_sensors.py
[2025-04-25T23:47:51.249+0000] {processor.py:925} INFO - DAG(s) 'example_sensors' retrieved from /home/airflow/.local/lib/python3.12/site-packages/airflow/example_dags/example_sensors.py
[2025-04-25T23:47:51.298+0000] {logging_mixin.py:190} INFO - [2025-04-25T23:47:51.298+0000] {dag.py:3239} INFO - Sync 1 DAGs
[2025-04-25T23:47:51.322+0000] {logging_mixin.py:190} INFO - [2025-04-25T23:47:51.322+0000] {dag.py:4180} INFO - Setting next_dagrun for example_sensors to None, run_after=None
[2025-04-25T23:47:51.352+0000] {processor.py:208} INFO - Processing /home/airflow/.local/lib/python3.12/site-packages/airflow/example_dags/example_sensors.py took 0.145 seconds
[2025-04-25T23:48:21.450+0000] {processor.py:186} INFO - Started process (PID=1327) to work on /home/airflow/.local/lib/python3.12/site-packages/airflow/example_dags/example_sensors.py
[2025-04-25T23:48:21.451+0000] {processor.py:914} INFO - Processing file /home/airflow/.local/lib/python3.12/site-packages/airflow/example_dags/example_sensors.py for tasks to queue
[2025-04-25T23:48:21.454+0000] {logging_mixin.py:190} INFO - [2025-04-25T23:48:21.453+0000] {dagbag.py:588} INFO - Filling up the DagBag from /home/airflow/.local/lib/python3.12/site-packages/airflow/example_dags/example_sensors.py
[2025-04-25T23:48:21.470+0000] {processor.py:925} INFO - DAG(s) 'example_sensors' retrieved from /home/airflow/.local/lib/python3.12/site-packages/airflow/example_dags/example_sensors.py
[2025-04-25T23:48:21.506+0000] {logging_mixin.py:190} INFO - [2025-04-25T23:48:21.505+0000] {dag.py:3239} INFO - Sync 1 DAGs
[2025-04-25T23:48:21.528+0000] {logging_mixin.py:190} INFO - [2025-04-25T23:48:21.528+0000] {dag.py:4180} INFO - Setting next_dagrun for example_sensors to None, run_after=None
[2025-04-25T23:48:21.551+0000] {processor.py:208} INFO - Processing /home/airflow/.local/lib/python3.12/site-packages/airflow/example_dags/example_sensors.py took 0.108 seconds
[2025-04-25T23:48:52.164+0000] {processor.py:186} INFO - Started process (PID=1389) to work on /home/airflow/.local/lib/python3.12/site-packages/airflow/example_dags/example_sensors.py
[2025-04-25T23:48:52.166+0000] {processor.py:914} INFO - Processing file /home/airflow/.local/lib/python3.12/site-packages/airflow/example_dags/example_sensors.py for tasks to queue
[2025-04-25T23:48:52.172+0000] {logging_mixin.py:190} INFO - [2025-04-25T23:48:52.171+0000] {dagbag.py:588} INFO - Filling up the DagBag from /home/airflow/.local/lib/python3.12/site-packages/airflow/example_dags/example_sensors.py
[2025-04-25T23:48:52.192+0000] {processor.py:925} INFO - DAG(s) 'example_sensors' retrieved from /home/airflow/.local/lib/python3.12/site-packages/airflow/example_dags/example_sensors.py
[2025-04-25T23:48:52.234+0000] {logging_mixin.py:190} INFO - [2025-04-25T23:48:52.234+0000] {dag.py:3239} INFO - Sync 1 DAGs
[2025-04-25T23:48:52.253+0000] {logging_mixin.py:190} INFO - [2025-04-25T23:48:52.253+0000] {dag.py:4180} INFO - Setting next_dagrun for example_sensors to None, run_after=None
[2025-04-25T23:48:52.278+0000] {processor.py:208} INFO - Processing /home/airflow/.local/lib/python3.12/site-packages/airflow/example_dags/example_sensors.py took 0.122 seconds
[2025-04-25T23:49:23.133+0000] {processor.py:186} INFO - Started process (PID=1452) to work on /home/airflow/.local/lib/python3.12/site-packages/airflow/example_dags/example_sensors.py
[2025-04-25T23:49:23.134+0000] {processor.py:914} INFO - Processing file /home/airflow/.local/lib/python3.12/site-packages/airflow/example_dags/example_sensors.py for tasks to queue
[2025-04-25T23:49:23.138+0000] {logging_mixin.py:190} INFO - [2025-04-25T23:49:23.138+0000] {dagbag.py:588} INFO - Filling up the DagBag from /home/airflow/.local/lib/python3.12/site-packages/airflow/example_dags/example_sensors.py
[2025-04-25T23:49:23.155+0000] {processor.py:925} INFO - DAG(s) 'example_sensors' retrieved from /home/airflow/.local/lib/python3.12/site-packages/airflow/example_dags/example_sensors.py
[2025-04-25T23:49:23.204+0000] {logging_mixin.py:190} INFO - [2025-04-25T23:49:23.204+0000] {dag.py:3239} INFO - Sync 1 DAGs
[2025-04-25T23:49:23.234+0000] {logging_mixin.py:190} INFO - [2025-04-25T23:49:23.234+0000] {dag.py:4180} INFO - Setting next_dagrun for example_sensors to None, run_after=None
[2025-04-25T23:49:23.270+0000] {processor.py:208} INFO - Processing /home/airflow/.local/lib/python3.12/site-packages/airflow/example_dags/example_sensors.py took 0.150 seconds
[2025-04-25T23:49:54.183+0000] {processor.py:186} INFO - Started process (PID=1515) to work on /home/airflow/.local/lib/python3.12/site-packages/airflow/example_dags/example_sensors.py
[2025-04-25T23:49:54.186+0000] {processor.py:914} INFO - Processing file /home/airflow/.local/lib/python3.12/site-packages/airflow/example_dags/example_sensors.py for tasks to queue
[2025-04-25T23:49:54.192+0000] {logging_mixin.py:190} INFO - [2025-04-25T23:49:54.192+0000] {dagbag.py:588} INFO - Filling up the DagBag from /home/airflow/.local/lib/python3.12/site-packages/airflow/example_dags/example_sensors.py
[2025-04-25T23:49:54.214+0000] {processor.py:925} INFO - DAG(s) 'example_sensors' retrieved from /home/airflow/.local/lib/python3.12/site-packages/airflow/example_dags/example_sensors.py
[2025-04-25T23:49:54.279+0000] {logging_mixin.py:190} INFO - [2025-04-25T23:49:54.279+0000] {dag.py:3239} INFO - Sync 1 DAGs
[2025-04-25T23:49:54.328+0000] {logging_mixin.py:190} INFO - [2025-04-25T23:49:54.328+0000] {dag.py:4180} INFO - Setting next_dagrun for example_sensors to None, run_after=None
[2025-04-25T23:49:54.372+0000] {processor.py:208} INFO - Processing /home/airflow/.local/lib/python3.12/site-packages/airflow/example_dags/example_sensors.py took 0.198 seconds
[2025-04-25T23:50:24.742+0000] {processor.py:186} INFO - Started process (PID=1578) to work on /home/airflow/.local/lib/python3.12/site-packages/airflow/example_dags/example_sensors.py
[2025-04-25T23:50:24.758+0000] {processor.py:914} INFO - Processing file /home/airflow/.local/lib/python3.12/site-packages/airflow/example_dags/example_sensors.py for tasks to queue
[2025-04-25T23:50:24.766+0000] {logging_mixin.py:190} INFO - [2025-04-25T23:50:24.766+0000] {dagbag.py:588} INFO - Filling up the DagBag from /home/airflow/.local/lib/python3.12/site-packages/airflow/example_dags/example_sensors.py
[2025-04-25T23:50:24.851+0000] {processor.py:925} INFO - DAG(s) 'example_sensors' retrieved from /home/airflow/.local/lib/python3.12/site-packages/airflow/example_dags/example_sensors.py
[2025-04-25T23:50:25.100+0000] {logging_mixin.py:190} INFO - [2025-04-25T23:50:25.099+0000] {dag.py:3239} INFO - Sync 1 DAGs
[2025-04-25T23:50:25.142+0000] {logging_mixin.py:190} INFO - [2025-04-25T23:50:25.141+0000] {dag.py:4180} INFO - Setting next_dagrun for example_sensors to None, run_after=None
[2025-04-25T23:50:25.189+0000] {processor.py:208} INFO - Processing /home/airflow/.local/lib/python3.12/site-packages/airflow/example_dags/example_sensors.py took 0.548 seconds
[2025-04-25T23:50:55.998+0000] {processor.py:186} INFO - Started process (PID=1640) to work on /home/airflow/.local/lib/python3.12/site-packages/airflow/example_dags/example_sensors.py
[2025-04-25T23:50:55.999+0000] {processor.py:914} INFO - Processing file /home/airflow/.local/lib/python3.12/site-packages/airflow/example_dags/example_sensors.py for tasks to queue
[2025-04-25T23:50:56.003+0000] {logging_mixin.py:190} INFO - [2025-04-25T23:50:56.002+0000] {dagbag.py:588} INFO - Filling up the DagBag from /home/airflow/.local/lib/python3.12/site-packages/airflow/example_dags/example_sensors.py
[2025-04-25T23:50:56.031+0000] {processor.py:925} INFO - DAG(s) 'example_sensors' retrieved from /home/airflow/.local/lib/python3.12/site-packages/airflow/example_dags/example_sensors.py
[2025-04-25T23:50:56.202+0000] {logging_mixin.py:190} INFO - [2025-04-25T23:50:56.201+0000] {dag.py:3239} INFO - Sync 1 DAGs
[2025-04-25T23:50:56.240+0000] {logging_mixin.py:190} INFO - [2025-04-25T23:50:56.239+0000] {dag.py:4180} INFO - Setting next_dagrun for example_sensors to None, run_after=None
[2025-04-25T23:50:56.274+0000] {processor.py:208} INFO - Processing /home/airflow/.local/lib/python3.12/site-packages/airflow/example_dags/example_sensors.py took 0.288 seconds
[2025-04-25T23:51:28.756+0000] {processor.py:186} INFO - Started process (PID=1704) to work on /home/airflow/.local/lib/python3.12/site-packages/airflow/example_dags/example_sensors.py
[2025-04-25T23:51:28.759+0000] {processor.py:914} INFO - Processing file /home/airflow/.local/lib/python3.12/site-packages/airflow/example_dags/example_sensors.py for tasks to queue
[2025-04-25T23:51:28.763+0000] {logging_mixin.py:190} INFO - [2025-04-25T23:51:28.763+0000] {dagbag.py:588} INFO - Filling up the DagBag from /home/airflow/.local/lib/python3.12/site-packages/airflow/example_dags/example_sensors.py
[2025-04-25T23:51:28.795+0000] {processor.py:925} INFO - DAG(s) 'example_sensors' retrieved from /home/airflow/.local/lib/python3.12/site-packages/airflow/example_dags/example_sensors.py
[2025-04-25T23:51:28.881+0000] {logging_mixin.py:190} INFO - [2025-04-25T23:51:28.881+0000] {dag.py:3239} INFO - Sync 1 DAGs
[2025-04-25T23:51:28.902+0000] {logging_mixin.py:190} INFO - [2025-04-25T23:51:28.902+0000] {dag.py:4180} INFO - Setting next_dagrun for example_sensors to None, run_after=None
[2025-04-25T23:51:28.942+0000] {processor.py:208} INFO - Processing /home/airflow/.local/lib/python3.12/site-packages/airflow/example_dags/example_sensors.py took 0.194 seconds
[2025-04-25T23:51:59.811+0000] {processor.py:186} INFO - Started process (PID=1772) to work on /home/airflow/.local/lib/python3.12/site-packages/airflow/example_dags/example_sensors.py
[2025-04-25T23:51:59.812+0000] {processor.py:914} INFO - Processing file /home/airflow/.local/lib/python3.12/site-packages/airflow/example_dags/example_sensors.py for tasks to queue
[2025-04-25T23:51:59.816+0000] {logging_mixin.py:190} INFO - [2025-04-25T23:51:59.816+0000] {dagbag.py:588} INFO - Filling up the DagBag from /home/airflow/.local/lib/python3.12/site-packages/airflow/example_dags/example_sensors.py
[2025-04-25T23:51:59.840+0000] {processor.py:925} INFO - DAG(s) 'example_sensors' retrieved from /home/airflow/.local/lib/python3.12/site-packages/airflow/example_dags/example_sensors.py
[2025-04-25T23:51:59.899+0000] {logging_mixin.py:190} INFO - [2025-04-25T23:51:59.898+0000] {dag.py:3239} INFO - Sync 1 DAGs
[2025-04-25T23:51:59.934+0000] {logging_mixin.py:190} INFO - [2025-04-25T23:51:59.934+0000] {dag.py:4180} INFO - Setting next_dagrun for example_sensors to None, run_after=None
[2025-04-25T23:51:59.974+0000] {processor.py:208} INFO - Processing /home/airflow/.local/lib/python3.12/site-packages/airflow/example_dags/example_sensors.py took 0.170 seconds
[2025-04-25T23:52:30.379+0000] {processor.py:186} INFO - Started process (PID=1836) to work on /home/airflow/.local/lib/python3.12/site-packages/airflow/example_dags/example_sensors.py
[2025-04-25T23:52:30.381+0000] {processor.py:914} INFO - Processing file /home/airflow/.local/lib/python3.12/site-packages/airflow/example_dags/example_sensors.py for tasks to queue
[2025-04-25T23:52:30.387+0000] {logging_mixin.py:190} INFO - [2025-04-25T23:52:30.386+0000] {dagbag.py:588} INFO - Filling up the DagBag from /home/airflow/.local/lib/python3.12/site-packages/airflow/example_dags/example_sensors.py
[2025-04-25T23:52:30.407+0000] {processor.py:925} INFO - DAG(s) 'example_sensors' retrieved from /home/airflow/.local/lib/python3.12/site-packages/airflow/example_dags/example_sensors.py
[2025-04-25T23:52:30.462+0000] {logging_mixin.py:190} INFO - [2025-04-25T23:52:30.462+0000] {dag.py:3239} INFO - Sync 1 DAGs
[2025-04-25T23:52:30.495+0000] {logging_mixin.py:190} INFO - [2025-04-25T23:52:30.494+0000] {dag.py:4180} INFO - Setting next_dagrun for example_sensors to None, run_after=None
[2025-04-25T23:52:30.533+0000] {processor.py:208} INFO - Processing /home/airflow/.local/lib/python3.12/site-packages/airflow/example_dags/example_sensors.py took 0.165 seconds
[2025-04-25T23:53:00.946+0000] {processor.py:186} INFO - Started process (PID=1901) to work on /home/airflow/.local/lib/python3.12/site-packages/airflow/example_dags/example_sensors.py
[2025-04-25T23:53:00.948+0000] {processor.py:914} INFO - Processing file /home/airflow/.local/lib/python3.12/site-packages/airflow/example_dags/example_sensors.py for tasks to queue
[2025-04-25T23:53:00.953+0000] {logging_mixin.py:190} INFO - [2025-04-25T23:53:00.953+0000] {dagbag.py:588} INFO - Filling up the DagBag from /home/airflow/.local/lib/python3.12/site-packages/airflow/example_dags/example_sensors.py
[2025-04-25T23:53:00.978+0000] {processor.py:925} INFO - DAG(s) 'example_sensors' retrieved from /home/airflow/.local/lib/python3.12/site-packages/airflow/example_dags/example_sensors.py
[2025-04-25T23:53:01.036+0000] {logging_mixin.py:190} INFO - [2025-04-25T23:53:01.035+0000] {dag.py:3239} INFO - Sync 1 DAGs
[2025-04-25T23:53:01.074+0000] {logging_mixin.py:190} INFO - [2025-04-25T23:53:01.074+0000] {dag.py:4180} INFO - Setting next_dagrun for example_sensors to None, run_after=None
[2025-04-25T23:53:01.108+0000] {processor.py:208} INFO - Processing /home/airflow/.local/lib/python3.12/site-packages/airflow/example_dags/example_sensors.py took 0.171 seconds
[2025-04-25T23:53:32.408+0000] {processor.py:186} INFO - Started process (PID=1965) to work on /home/airflow/.local/lib/python3.12/site-packages/airflow/example_dags/example_sensors.py
[2025-04-25T23:53:32.410+0000] {processor.py:914} INFO - Processing file /home/airflow/.local/lib/python3.12/site-packages/airflow/example_dags/example_sensors.py for tasks to queue
[2025-04-25T23:53:32.413+0000] {logging_mixin.py:190} INFO - [2025-04-25T23:53:32.413+0000] {dagbag.py:588} INFO - Filling up the DagBag from /home/airflow/.local/lib/python3.12/site-packages/airflow/example_dags/example_sensors.py
[2025-04-25T23:53:32.431+0000] {processor.py:925} INFO - DAG(s) 'example_sensors' retrieved from /home/airflow/.local/lib/python3.12/site-packages/airflow/example_dags/example_sensors.py
[2025-04-25T23:53:32.473+0000] {logging_mixin.py:190} INFO - [2025-04-25T23:53:32.473+0000] {dag.py:3239} INFO - Sync 1 DAGs
[2025-04-25T23:53:32.494+0000] {logging_mixin.py:190} INFO - [2025-04-25T23:53:32.493+0000] {dag.py:4180} INFO - Setting next_dagrun for example_sensors to None, run_after=None
[2025-04-25T23:53:32.526+0000] {processor.py:208} INFO - Processing /home/airflow/.local/lib/python3.12/site-packages/airflow/example_dags/example_sensors.py took 0.126 seconds
[2025-04-25T23:54:05.042+0000] {processor.py:186} INFO - Started process (PID=2029) to work on /home/airflow/.local/lib/python3.12/site-packages/airflow/example_dags/example_sensors.py
[2025-04-25T23:54:05.043+0000] {processor.py:914} INFO - Processing file /home/airflow/.local/lib/python3.12/site-packages/airflow/example_dags/example_sensors.py for tasks to queue
[2025-04-25T23:54:05.047+0000] {logging_mixin.py:190} INFO - [2025-04-25T23:54:05.047+0000] {dagbag.py:588} INFO - Filling up the DagBag from /home/airflow/.local/lib/python3.12/site-packages/airflow/example_dags/example_sensors.py
[2025-04-25T23:54:05.073+0000] {processor.py:925} INFO - DAG(s) 'example_sensors' retrieved from /home/airflow/.local/lib/python3.12/site-packages/airflow/example_dags/example_sensors.py
[2025-04-25T23:54:05.129+0000] {logging_mixin.py:190} INFO - [2025-04-25T23:54:05.129+0000] {dag.py:3239} INFO - Sync 1 DAGs
[2025-04-25T23:54:05.189+0000] {logging_mixin.py:190} INFO - [2025-04-25T23:54:05.172+0000] {dag.py:4180} INFO - Setting next_dagrun for example_sensors to None, run_after=None
[2025-04-25T23:54:05.252+0000] {processor.py:208} INFO - Processing /home/airflow/.local/lib/python3.12/site-packages/airflow/example_dags/example_sensors.py took 0.220 seconds
[2025-04-25T23:54:35.524+0000] {processor.py:186} INFO - Started process (PID=2093) to work on /home/airflow/.local/lib/python3.12/site-packages/airflow/example_dags/example_sensors.py
[2025-04-25T23:54:35.525+0000] {processor.py:914} INFO - Processing file /home/airflow/.local/lib/python3.12/site-packages/airflow/example_dags/example_sensors.py for tasks to queue
[2025-04-25T23:54:35.529+0000] {logging_mixin.py:190} INFO - [2025-04-25T23:54:35.528+0000] {dagbag.py:588} INFO - Filling up the DagBag from /home/airflow/.local/lib/python3.12/site-packages/airflow/example_dags/example_sensors.py
[2025-04-25T23:54:35.551+0000] {processor.py:925} INFO - DAG(s) 'example_sensors' retrieved from /home/airflow/.local/lib/python3.12/site-packages/airflow/example_dags/example_sensors.py
[2025-04-25T23:54:35.590+0000] {logging_mixin.py:190} INFO - [2025-04-25T23:54:35.590+0000] {dag.py:3239} INFO - Sync 1 DAGs
[2025-04-25T23:54:35.610+0000] {logging_mixin.py:190} INFO - [2025-04-25T23:54:35.610+0000] {dag.py:4180} INFO - Setting next_dagrun for example_sensors to None, run_after=None
[2025-04-25T23:54:35.637+0000] {processor.py:208} INFO - Processing /home/airflow/.local/lib/python3.12/site-packages/airflow/example_dags/example_sensors.py took 0.120 seconds
[2025-04-25T23:55:06.621+0000] {processor.py:186} INFO - Started process (PID=2157) to work on /home/airflow/.local/lib/python3.12/site-packages/airflow/example_dags/example_sensors.py
[2025-04-25T23:55:06.626+0000] {processor.py:914} INFO - Processing file /home/airflow/.local/lib/python3.12/site-packages/airflow/example_dags/example_sensors.py for tasks to queue
[2025-04-25T23:55:06.630+0000] {logging_mixin.py:190} INFO - [2025-04-25T23:55:06.629+0000] {dagbag.py:588} INFO - Filling up the DagBag from /home/airflow/.local/lib/python3.12/site-packages/airflow/example_dags/example_sensors.py
[2025-04-25T23:55:06.645+0000] {processor.py:925} INFO - DAG(s) 'example_sensors' retrieved from /home/airflow/.local/lib/python3.12/site-packages/airflow/example_dags/example_sensors.py
[2025-04-25T23:55:06.684+0000] {logging_mixin.py:190} INFO - [2025-04-25T23:55:06.683+0000] {dag.py:3239} INFO - Sync 1 DAGs
[2025-04-25T23:55:06.703+0000] {logging_mixin.py:190} INFO - [2025-04-25T23:55:06.703+0000] {dag.py:4180} INFO - Setting next_dagrun for example_sensors to None, run_after=None
[2025-04-25T23:55:06.739+0000] {processor.py:208} INFO - Processing /home/airflow/.local/lib/python3.12/site-packages/airflow/example_dags/example_sensors.py took 0.125 seconds
[2025-04-25T23:55:37.965+0000] {processor.py:186} INFO - Started process (PID=2221) to work on /home/airflow/.local/lib/python3.12/site-packages/airflow/example_dags/example_sensors.py
[2025-04-25T23:55:37.967+0000] {processor.py:914} INFO - Processing file /home/airflow/.local/lib/python3.12/site-packages/airflow/example_dags/example_sensors.py for tasks to queue
[2025-04-25T23:55:37.970+0000] {logging_mixin.py:190} INFO - [2025-04-25T23:55:37.970+0000] {dagbag.py:588} INFO - Filling up the DagBag from /home/airflow/.local/lib/python3.12/site-packages/airflow/example_dags/example_sensors.py
[2025-04-25T23:55:37.987+0000] {processor.py:925} INFO - DAG(s) 'example_sensors' retrieved from /home/airflow/.local/lib/python3.12/site-packages/airflow/example_dags/example_sensors.py
[2025-04-25T23:55:38.019+0000] {logging_mixin.py:190} INFO - [2025-04-25T23:55:38.018+0000] {dag.py:3239} INFO - Sync 1 DAGs
[2025-04-25T23:55:38.037+0000] {logging_mixin.py:190} INFO - [2025-04-25T23:55:38.037+0000] {dag.py:4180} INFO - Setting next_dagrun for example_sensors to None, run_after=None
[2025-04-25T23:55:38.061+0000] {processor.py:208} INFO - Processing /home/airflow/.local/lib/python3.12/site-packages/airflow/example_dags/example_sensors.py took 0.107 seconds
[2025-04-25T23:56:10.660+0000] {processor.py:186} INFO - Started process (PID=2285) to work on /home/airflow/.local/lib/python3.12/site-packages/airflow/example_dags/example_sensors.py
[2025-04-25T23:56:10.661+0000] {processor.py:914} INFO - Processing file /home/airflow/.local/lib/python3.12/site-packages/airflow/example_dags/example_sensors.py for tasks to queue
[2025-04-25T23:56:10.664+0000] {logging_mixin.py:190} INFO - [2025-04-25T23:56:10.664+0000] {dagbag.py:588} INFO - Filling up the DagBag from /home/airflow/.local/lib/python3.12/site-packages/airflow/example_dags/example_sensors.py
[2025-04-25T23:56:10.686+0000] {processor.py:925} INFO - DAG(s) 'example_sensors' retrieved from /home/airflow/.local/lib/python3.12/site-packages/airflow/example_dags/example_sensors.py
[2025-04-25T23:56:10.727+0000] {logging_mixin.py:190} INFO - [2025-04-25T23:56:10.726+0000] {dag.py:3239} INFO - Sync 1 DAGs
[2025-04-25T23:56:10.748+0000] {logging_mixin.py:190} INFO - [2025-04-25T23:56:10.748+0000] {dag.py:4180} INFO - Setting next_dagrun for example_sensors to None, run_after=None
[2025-04-25T23:56:10.776+0000] {processor.py:208} INFO - Processing /home/airflow/.local/lib/python3.12/site-packages/airflow/example_dags/example_sensors.py took 0.125 seconds
[2025-04-25T23:56:42.240+0000] {processor.py:186} INFO - Started process (PID=2350) to work on /home/airflow/.local/lib/python3.12/site-packages/airflow/example_dags/example_sensors.py
[2025-04-25T23:56:42.242+0000] {processor.py:914} INFO - Processing file /home/airflow/.local/lib/python3.12/site-packages/airflow/example_dags/example_sensors.py for tasks to queue
[2025-04-25T23:56:42.244+0000] {logging_mixin.py:190} INFO - [2025-04-25T23:56:42.243+0000] {dagbag.py:588} INFO - Filling up the DagBag from /home/airflow/.local/lib/python3.12/site-packages/airflow/example_dags/example_sensors.py
[2025-04-25T23:56:42.261+0000] {processor.py:925} INFO - DAG(s) 'example_sensors' retrieved from /home/airflow/.local/lib/python3.12/site-packages/airflow/example_dags/example_sensors.py
[2025-04-25T23:56:42.290+0000] {logging_mixin.py:190} INFO - [2025-04-25T23:56:42.289+0000] {dag.py:3239} INFO - Sync 1 DAGs
[2025-04-25T23:56:42.305+0000] {logging_mixin.py:190} INFO - [2025-04-25T23:56:42.305+0000] {dag.py:4180} INFO - Setting next_dagrun for example_sensors to None, run_after=None
[2025-04-25T23:56:42.326+0000] {processor.py:208} INFO - Processing /home/airflow/.local/lib/python3.12/site-packages/airflow/example_dags/example_sensors.py took 0.094 seconds
[2025-04-25T23:57:14.015+0000] {processor.py:186} INFO - Started process (PID=2414) to work on /home/airflow/.local/lib/python3.12/site-packages/airflow/example_dags/example_sensors.py
[2025-04-25T23:57:14.017+0000] {processor.py:914} INFO - Processing file /home/airflow/.local/lib/python3.12/site-packages/airflow/example_dags/example_sensors.py for tasks to queue
[2025-04-25T23:57:14.020+0000] {logging_mixin.py:190} INFO - [2025-04-25T23:57:14.019+0000] {dagbag.py:588} INFO - Filling up the DagBag from /home/airflow/.local/lib/python3.12/site-packages/airflow/example_dags/example_sensors.py
[2025-04-25T23:57:14.039+0000] {processor.py:925} INFO - DAG(s) 'example_sensors' retrieved from /home/airflow/.local/lib/python3.12/site-packages/airflow/example_dags/example_sensors.py
[2025-04-25T23:57:14.102+0000] {logging_mixin.py:190} INFO - [2025-04-25T23:57:14.102+0000] {dag.py:3239} INFO - Sync 1 DAGs
[2025-04-25T23:57:14.125+0000] {logging_mixin.py:190} INFO - [2025-04-25T23:57:14.125+0000] {dag.py:4180} INFO - Setting next_dagrun for example_sensors to None, run_after=None
[2025-04-25T23:57:14.167+0000] {processor.py:208} INFO - Processing /home/airflow/.local/lib/python3.12/site-packages/airflow/example_dags/example_sensors.py took 0.159 seconds
[2025-04-25T23:58:50.360+0000] {processor.py:186} INFO - Started process (PID=2483) to work on /home/airflow/.local/lib/python3.12/site-packages/airflow/example_dags/example_sensors.py
[2025-04-25T23:58:50.365+0000] {processor.py:914} INFO - Processing file /home/airflow/.local/lib/python3.12/site-packages/airflow/example_dags/example_sensors.py for tasks to queue
[2025-04-25T23:58:50.367+0000] {logging_mixin.py:190} INFO - [2025-04-25T23:58:50.367+0000] {dagbag.py:588} INFO - Filling up the DagBag from /home/airflow/.local/lib/python3.12/site-packages/airflow/example_dags/example_sensors.py
[2025-04-25T23:58:50.426+0000] {processor.py:925} INFO - DAG(s) 'example_sensors' retrieved from /home/airflow/.local/lib/python3.12/site-packages/airflow/example_dags/example_sensors.py
[2025-04-25T23:58:50.840+0000] {logging_mixin.py:190} INFO - [2025-04-25T23:58:50.837+0000] {dag.py:3239} INFO - Sync 1 DAGs
[2025-04-25T23:58:51.266+0000] {logging_mixin.py:190} INFO - [2025-04-25T23:58:51.259+0000] {dag.py:4180} INFO - Setting next_dagrun for example_sensors to None, run_after=None
[2025-04-25T23:58:51.781+0000] {processor.py:208} INFO - Processing /home/airflow/.local/lib/python3.12/site-packages/airflow/example_dags/example_sensors.py took 1.473 seconds
[2025-04-25T23:59:22.004+0000] {processor.py:186} INFO - Started process (PID=2548) to work on /home/airflow/.local/lib/python3.12/site-packages/airflow/example_dags/example_sensors.py
[2025-04-25T23:59:22.006+0000] {processor.py:914} INFO - Processing file /home/airflow/.local/lib/python3.12/site-packages/airflow/example_dags/example_sensors.py for tasks to queue
[2025-04-25T23:59:22.015+0000] {logging_mixin.py:190} INFO - [2025-04-25T23:59:22.014+0000] {dagbag.py:588} INFO - Filling up the DagBag from /home/airflow/.local/lib/python3.12/site-packages/airflow/example_dags/example_sensors.py
[2025-04-25T23:59:22.073+0000] {processor.py:925} INFO - DAG(s) 'example_sensors' retrieved from /home/airflow/.local/lib/python3.12/site-packages/airflow/example_dags/example_sensors.py
[2025-04-25T23:59:22.138+0000] {logging_mixin.py:190} INFO - [2025-04-25T23:59:22.138+0000] {dag.py:3239} INFO - Sync 1 DAGs
[2025-04-25T23:59:22.172+0000] {logging_mixin.py:190} INFO - [2025-04-25T23:59:22.171+0000] {dag.py:4180} INFO - Setting next_dagrun for example_sensors to None, run_after=None
[2025-04-25T23:59:22.215+0000] {processor.py:208} INFO - Processing /home/airflow/.local/lib/python3.12/site-packages/airflow/example_dags/example_sensors.py took 0.229 seconds
[2025-04-25T23:59:57.809+0000] {processor.py:186} INFO - Started process (PID=2612) to work on /home/airflow/.local/lib/python3.12/site-packages/airflow/example_dags/example_sensors.py
[2025-04-25T23:59:57.812+0000] {processor.py:914} INFO - Processing file /home/airflow/.local/lib/python3.12/site-packages/airflow/example_dags/example_sensors.py for tasks to queue
[2025-04-25T23:59:57.816+0000] {logging_mixin.py:190} INFO - [2025-04-25T23:59:57.815+0000] {dagbag.py:588} INFO - Filling up the DagBag from /home/airflow/.local/lib/python3.12/site-packages/airflow/example_dags/example_sensors.py
[2025-04-25T23:59:57.867+0000] {processor.py:925} INFO - DAG(s) 'example_sensors' retrieved from /home/airflow/.local/lib/python3.12/site-packages/airflow/example_dags/example_sensors.py
[2025-04-25T23:59:57.964+0000] {logging_mixin.py:190} INFO - [2025-04-25T23:59:57.964+0000] {dag.py:3239} INFO - Sync 1 DAGs
[2025-04-25T23:59:58.257+0000] {logging_mixin.py:190} INFO - [2025-04-25T23:59:58.257+0000] {dag.py:4180} INFO - Setting next_dagrun for example_sensors to None, run_after=None
[2025-04-25T23:59:58.393+0000] {processor.py:208} INFO - Processing /home/airflow/.local/lib/python3.12/site-packages/airflow/example_dags/example_sensors.py took 0.703 seconds
