[2025-04-25T23:32:53.099+0000] {processor.py:186} INFO - Started process (PID=118) to work on /home/airflow/.local/lib/python3.12/site-packages/airflow/example_dags/example_bash_operator.py
[2025-04-25T23:32:53.100+0000] {processor.py:914} INFO - Processing file /home/airflow/.local/lib/python3.12/site-packages/airflow/example_dags/example_bash_operator.py for tasks to queue
[2025-04-25T23:32:53.116+0000] {logging_mixin.py:190} INFO - [2025-04-25T23:32:53.115+0000] {dagbag.py:588} INFO - Filling up the DagBag from /home/airflow/.local/lib/python3.12/site-packages/airflow/example_dags/example_bash_operator.py
[2025-04-25T23:32:53.456+0000] {processor.py:925} INFO - DAG(s) 'example_bash_operator' retrieved from /home/airflow/.local/lib/python3.12/site-packages/airflow/example_dags/example_bash_operator.py
[2025-04-25T23:32:56.586+0000] {logging_mixin.py:190} INFO - [2025-04-25T23:32:56.584+0000] {override.py:1911} INFO - Created Permission View: can delete on DAG:example_bash_operator
[2025-04-25T23:32:56.638+0000] {logging_mixin.py:190} INFO - [2025-04-25T23:32:56.637+0000] {override.py:1911} INFO - Created Permission View: can read on DAG:example_bash_operator
[2025-04-25T23:32:56.707+0000] {logging_mixin.py:190} INFO - [2025-04-25T23:32:56.706+0000] {override.py:1911} INFO - Created Permission View: can edit on DAG:example_bash_operator
[2025-04-25T23:32:56.745+0000] {logging_mixin.py:190} INFO - [2025-04-25T23:32:56.743+0000] {override.py:1911} INFO - Created Permission View: can create on DAG Run:example_bash_operator
[2025-04-25T23:32:56.771+0000] {logging_mixin.py:190} INFO - [2025-04-25T23:32:56.770+0000] {override.py:1911} INFO - Created Permission View: can delete on DAG Run:example_bash_operator
[2025-04-25T23:32:56.810+0000] {logging_mixin.py:190} INFO - [2025-04-25T23:32:56.810+0000] {override.py:1911} INFO - Created Permission View: can read on DAG Run:example_bash_operator
[2025-04-25T23:32:56.830+0000] {logging_mixin.py:190} INFO - [2025-04-25T23:32:56.830+0000] {override.py:1911} INFO - Created Permission View: menu access on DAG Run:example_bash_operator
[2025-04-25T23:32:56.831+0000] {logging_mixin.py:190} INFO - [2025-04-25T23:32:56.831+0000] {dag.py:3239} INFO - Sync 1 DAGs
[2025-04-25T23:32:56.887+0000] {logging_mixin.py:190} INFO - [2025-04-25T23:32:56.886+0000] {dag.py:3262} INFO - Creating ORM DAG for example_bash_operator
[2025-04-25T23:32:56.950+0000] {logging_mixin.py:190} INFO - [2025-04-25T23:32:56.950+0000] {dag.py:4180} INFO - Setting next_dagrun for example_bash_operator to 2025-04-24 00:00:00+00:00, run_after=2025-04-25 00:00:00+00:00
[2025-04-25T23:32:57.214+0000] {processor.py:208} INFO - Processing /home/airflow/.local/lib/python3.12/site-packages/airflow/example_dags/example_bash_operator.py took 4.242 seconds
[2025-04-25T23:33:47.254+0000] {processor.py:186} INFO - Started process (PID=187) to work on /home/airflow/.local/lib/python3.12/site-packages/airflow/example_dags/example_bash_operator.py
[2025-04-25T23:33:47.256+0000] {processor.py:914} INFO - Processing file /home/airflow/.local/lib/python3.12/site-packages/airflow/example_dags/example_bash_operator.py for tasks to queue
[2025-04-25T23:33:47.261+0000] {logging_mixin.py:190} INFO - [2025-04-25T23:33:47.260+0000] {dagbag.py:588} INFO - Filling up the DagBag from /home/airflow/.local/lib/python3.12/site-packages/airflow/example_dags/example_bash_operator.py
[2025-04-25T23:33:47.308+0000] {processor.py:925} INFO - DAG(s) 'example_bash_operator' retrieved from /home/airflow/.local/lib/python3.12/site-packages/airflow/example_dags/example_bash_operator.py
[2025-04-25T23:33:47.393+0000] {logging_mixin.py:190} INFO - [2025-04-25T23:33:47.393+0000] {dag.py:3239} INFO - Sync 1 DAGs
[2025-04-25T23:33:47.443+0000] {logging_mixin.py:190} INFO - [2025-04-25T23:33:47.443+0000] {dag.py:4180} INFO - Setting next_dagrun for example_bash_operator to 2025-04-24 00:00:00+00:00, run_after=2025-04-25 00:00:00+00:00
[2025-04-25T23:33:47.475+0000] {processor.py:208} INFO - Processing /home/airflow/.local/lib/python3.12/site-packages/airflow/example_dags/example_bash_operator.py took 0.236 seconds
[2025-04-25T23:34:51.354+0000] {processor.py:186} INFO - Started process (PID=249) to work on /home/airflow/.local/lib/python3.12/site-packages/airflow/example_dags/example_bash_operator.py
[2025-04-25T23:34:51.359+0000] {processor.py:914} INFO - Processing file /home/airflow/.local/lib/python3.12/site-packages/airflow/example_dags/example_bash_operator.py for tasks to queue
[2025-04-25T23:34:51.376+0000] {logging_mixin.py:190} INFO - [2025-04-25T23:34:51.375+0000] {dagbag.py:588} INFO - Filling up the DagBag from /home/airflow/.local/lib/python3.12/site-packages/airflow/example_dags/example_bash_operator.py
[2025-04-25T23:34:51.520+0000] {processor.py:925} INFO - DAG(s) 'example_bash_operator' retrieved from /home/airflow/.local/lib/python3.12/site-packages/airflow/example_dags/example_bash_operator.py
[2025-04-25T23:34:52.216+0000] {logging_mixin.py:190} INFO - [2025-04-25T23:34:52.212+0000] {dag.py:3239} INFO - Sync 1 DAGs
[2025-04-25T23:34:52.342+0000] {logging_mixin.py:190} INFO - [2025-04-25T23:34:52.342+0000] {dag.py:4180} INFO - Setting next_dagrun for example_bash_operator to 2025-04-24 00:00:00+00:00, run_after=2025-04-25 00:00:00+00:00
[2025-04-25T23:34:52.559+0000] {processor.py:208} INFO - Processing /home/airflow/.local/lib/python3.12/site-packages/airflow/example_dags/example_bash_operator.py took 1.278 seconds
[2025-04-25T23:37:27.940+0000] {processor.py:186} INFO - Started process (PID=94) to work on /home/airflow/.local/lib/python3.12/site-packages/airflow/example_dags/example_bash_operator.py
[2025-04-25T23:37:27.945+0000] {processor.py:914} INFO - Processing file /home/airflow/.local/lib/python3.12/site-packages/airflow/example_dags/example_bash_operator.py for tasks to queue
[2025-04-25T23:37:28.121+0000] {logging_mixin.py:190} INFO - [2025-04-25T23:37:28.120+0000] {dagbag.py:588} INFO - Filling up the DagBag from /home/airflow/.local/lib/python3.12/site-packages/airflow/example_dags/example_bash_operator.py
[2025-04-25T23:37:30.789+0000] {processor.py:925} INFO - DAG(s) 'example_bash_operator' retrieved from /home/airflow/.local/lib/python3.12/site-packages/airflow/example_dags/example_bash_operator.py
[2025-04-25T23:37:32.818+0000] {logging_mixin.py:190} INFO - [2025-04-25T23:37:32.817+0000] {dag.py:3239} INFO - Sync 1 DAGs
[2025-04-25T23:37:33.881+0000] {logging_mixin.py:190} INFO - [2025-04-25T23:37:33.879+0000] {dag.py:4180} INFO - Setting next_dagrun for example_bash_operator to 2025-04-24 00:00:00+00:00, run_after=2025-04-25 00:00:00+00:00
[2025-04-25T23:37:34.398+0000] {processor.py:208} INFO - Processing /home/airflow/.local/lib/python3.12/site-packages/airflow/example_dags/example_bash_operator.py took 6.758 seconds
[2025-04-25T23:38:08.845+0000] {processor.py:186} INFO - Started process (PID=157) to work on /home/airflow/.local/lib/python3.12/site-packages/airflow/example_dags/example_bash_operator.py
[2025-04-25T23:38:08.846+0000] {processor.py:914} INFO - Processing file /home/airflow/.local/lib/python3.12/site-packages/airflow/example_dags/example_bash_operator.py for tasks to queue
[2025-04-25T23:38:08.850+0000] {logging_mixin.py:190} INFO - [2025-04-25T23:38:08.850+0000] {dagbag.py:588} INFO - Filling up the DagBag from /home/airflow/.local/lib/python3.12/site-packages/airflow/example_dags/example_bash_operator.py
[2025-04-25T23:38:08.872+0000] {processor.py:925} INFO - DAG(s) 'example_bash_operator' retrieved from /home/airflow/.local/lib/python3.12/site-packages/airflow/example_dags/example_bash_operator.py
[2025-04-25T23:38:08.905+0000] {logging_mixin.py:190} INFO - [2025-04-25T23:38:08.905+0000] {dag.py:3239} INFO - Sync 1 DAGs
[2025-04-25T23:38:08.945+0000] {logging_mixin.py:190} INFO - [2025-04-25T23:38:08.944+0000] {dag.py:4180} INFO - Setting next_dagrun for example_bash_operator to 2025-04-24 00:00:00+00:00, run_after=2025-04-25 00:00:00+00:00
[2025-04-25T23:38:08.975+0000] {processor.py:208} INFO - Processing /home/airflow/.local/lib/python3.12/site-packages/airflow/example_dags/example_bash_operator.py took 0.137 seconds
[2025-04-25T23:38:48.509+0000] {processor.py:186} INFO - Started process (PID=219) to work on /home/airflow/.local/lib/python3.12/site-packages/airflow/example_dags/example_bash_operator.py
[2025-04-25T23:38:48.512+0000] {processor.py:914} INFO - Processing file /home/airflow/.local/lib/python3.12/site-packages/airflow/example_dags/example_bash_operator.py for tasks to queue
[2025-04-25T23:38:48.518+0000] {logging_mixin.py:190} INFO - [2025-04-25T23:38:48.517+0000] {dagbag.py:588} INFO - Filling up the DagBag from /home/airflow/.local/lib/python3.12/site-packages/airflow/example_dags/example_bash_operator.py
[2025-04-25T23:38:48.556+0000] {processor.py:925} INFO - DAG(s) 'example_bash_operator' retrieved from /home/airflow/.local/lib/python3.12/site-packages/airflow/example_dags/example_bash_operator.py
[2025-04-25T23:38:48.613+0000] {logging_mixin.py:190} INFO - [2025-04-25T23:38:48.612+0000] {dag.py:3239} INFO - Sync 1 DAGs
[2025-04-25T23:38:48.667+0000] {logging_mixin.py:190} INFO - [2025-04-25T23:38:48.666+0000] {dag.py:4180} INFO - Setting next_dagrun for example_bash_operator to 2025-04-24 00:00:00+00:00, run_after=2025-04-25 00:00:00+00:00
[2025-04-25T23:38:48.714+0000] {processor.py:208} INFO - Processing /home/airflow/.local/lib/python3.12/site-packages/airflow/example_dags/example_bash_operator.py took 0.216 seconds
[2025-04-25T23:39:21.916+0000] {processor.py:186} INFO - Started process (PID=283) to work on /home/airflow/.local/lib/python3.12/site-packages/airflow/example_dags/example_bash_operator.py
[2025-04-25T23:39:21.957+0000] {processor.py:914} INFO - Processing file /home/airflow/.local/lib/python3.12/site-packages/airflow/example_dags/example_bash_operator.py for tasks to queue
[2025-04-25T23:39:22.012+0000] {logging_mixin.py:190} INFO - [2025-04-25T23:39:22.003+0000] {dagbag.py:588} INFO - Filling up the DagBag from /home/airflow/.local/lib/python3.12/site-packages/airflow/example_dags/example_bash_operator.py
[2025-04-25T23:39:22.068+0000] {processor.py:925} INFO - DAG(s) 'example_bash_operator' retrieved from /home/airflow/.local/lib/python3.12/site-packages/airflow/example_dags/example_bash_operator.py
[2025-04-25T23:39:22.176+0000] {logging_mixin.py:190} INFO - [2025-04-25T23:39:22.176+0000] {dag.py:3239} INFO - Sync 1 DAGs
[2025-04-25T23:39:22.223+0000] {logging_mixin.py:190} INFO - [2025-04-25T23:39:22.222+0000] {dag.py:4180} INFO - Setting next_dagrun for example_bash_operator to 2025-04-24 00:00:00+00:00, run_after=2025-04-25 00:00:00+00:00
[2025-04-25T23:39:22.284+0000] {processor.py:208} INFO - Processing /home/airflow/.local/lib/python3.12/site-packages/airflow/example_dags/example_bash_operator.py took 0.393 seconds
[2025-04-25T23:40:01.341+0000] {processor.py:186} INFO - Started process (PID=351) to work on /home/airflow/.local/lib/python3.12/site-packages/airflow/example_dags/example_bash_operator.py
[2025-04-25T23:40:01.350+0000] {processor.py:914} INFO - Processing file /home/airflow/.local/lib/python3.12/site-packages/airflow/example_dags/example_bash_operator.py for tasks to queue
[2025-04-25T23:40:01.355+0000] {logging_mixin.py:190} INFO - [2025-04-25T23:40:01.354+0000] {dagbag.py:588} INFO - Filling up the DagBag from /home/airflow/.local/lib/python3.12/site-packages/airflow/example_dags/example_bash_operator.py
[2025-04-25T23:40:01.385+0000] {processor.py:925} INFO - DAG(s) 'example_bash_operator' retrieved from /home/airflow/.local/lib/python3.12/site-packages/airflow/example_dags/example_bash_operator.py
[2025-04-25T23:40:01.519+0000] {logging_mixin.py:190} INFO - [2025-04-25T23:40:01.519+0000] {dag.py:3239} INFO - Sync 1 DAGs
[2025-04-25T23:40:01.617+0000] {logging_mixin.py:190} INFO - [2025-04-25T23:40:01.617+0000] {dag.py:4180} INFO - Setting next_dagrun for example_bash_operator to 2025-04-24 00:00:00+00:00, run_after=2025-04-25 00:00:00+00:00
[2025-04-25T23:40:01.984+0000] {processor.py:208} INFO - Processing /home/airflow/.local/lib/python3.12/site-packages/airflow/example_dags/example_bash_operator.py took 0.661 seconds
[2025-04-25T23:40:34.330+0000] {processor.py:186} INFO - Started process (PID=414) to work on /home/airflow/.local/lib/python3.12/site-packages/airflow/example_dags/example_bash_operator.py
[2025-04-25T23:40:34.331+0000] {processor.py:914} INFO - Processing file /home/airflow/.local/lib/python3.12/site-packages/airflow/example_dags/example_bash_operator.py for tasks to queue
[2025-04-25T23:40:34.333+0000] {logging_mixin.py:190} INFO - [2025-04-25T23:40:34.333+0000] {dagbag.py:588} INFO - Filling up the DagBag from /home/airflow/.local/lib/python3.12/site-packages/airflow/example_dags/example_bash_operator.py
[2025-04-25T23:40:34.352+0000] {processor.py:925} INFO - DAG(s) 'example_bash_operator' retrieved from /home/airflow/.local/lib/python3.12/site-packages/airflow/example_dags/example_bash_operator.py
[2025-04-25T23:40:34.475+0000] {logging_mixin.py:190} INFO - [2025-04-25T23:40:34.475+0000] {dag.py:3239} INFO - Sync 1 DAGs
[2025-04-25T23:40:34.584+0000] {logging_mixin.py:190} INFO - [2025-04-25T23:40:34.583+0000] {dag.py:4180} INFO - Setting next_dagrun for example_bash_operator to 2025-04-24 00:00:00+00:00, run_after=2025-04-25 00:00:00+00:00
[2025-04-25T23:40:34.660+0000] {processor.py:208} INFO - Processing /home/airflow/.local/lib/python3.12/site-packages/airflow/example_dags/example_bash_operator.py took 0.338 seconds
[2025-04-25T23:41:07.719+0000] {processor.py:186} INFO - Started process (PID=477) to work on /home/airflow/.local/lib/python3.12/site-packages/airflow/example_dags/example_bash_operator.py
[2025-04-25T23:41:07.723+0000] {processor.py:914} INFO - Processing file /home/airflow/.local/lib/python3.12/site-packages/airflow/example_dags/example_bash_operator.py for tasks to queue
[2025-04-25T23:41:07.731+0000] {logging_mixin.py:190} INFO - [2025-04-25T23:41:07.731+0000] {dagbag.py:588} INFO - Filling up the DagBag from /home/airflow/.local/lib/python3.12/site-packages/airflow/example_dags/example_bash_operator.py
[2025-04-25T23:41:07.763+0000] {processor.py:925} INFO - DAG(s) 'example_bash_operator' retrieved from /home/airflow/.local/lib/python3.12/site-packages/airflow/example_dags/example_bash_operator.py
[2025-04-25T23:41:07.837+0000] {logging_mixin.py:190} INFO - [2025-04-25T23:41:07.836+0000] {dag.py:3239} INFO - Sync 1 DAGs
[2025-04-25T23:41:07.897+0000] {logging_mixin.py:190} INFO - [2025-04-25T23:41:07.896+0000] {dag.py:4180} INFO - Setting next_dagrun for example_bash_operator to 2025-04-24 00:00:00+00:00, run_after=2025-04-25 00:00:00+00:00
[2025-04-25T23:41:07.962+0000] {processor.py:208} INFO - Processing /home/airflow/.local/lib/python3.12/site-packages/airflow/example_dags/example_bash_operator.py took 0.257 seconds
[2025-04-25T23:41:38.880+0000] {processor.py:186} INFO - Started process (PID=540) to work on /home/airflow/.local/lib/python3.12/site-packages/airflow/example_dags/example_bash_operator.py
[2025-04-25T23:41:38.883+0000] {processor.py:914} INFO - Processing file /home/airflow/.local/lib/python3.12/site-packages/airflow/example_dags/example_bash_operator.py for tasks to queue
[2025-04-25T23:41:38.888+0000] {logging_mixin.py:190} INFO - [2025-04-25T23:41:38.887+0000] {dagbag.py:588} INFO - Filling up the DagBag from /home/airflow/.local/lib/python3.12/site-packages/airflow/example_dags/example_bash_operator.py
[2025-04-25T23:41:38.913+0000] {processor.py:925} INFO - DAG(s) 'example_bash_operator' retrieved from /home/airflow/.local/lib/python3.12/site-packages/airflow/example_dags/example_bash_operator.py
[2025-04-25T23:41:39.008+0000] {logging_mixin.py:190} INFO - [2025-04-25T23:41:39.008+0000] {dag.py:3239} INFO - Sync 1 DAGs
[2025-04-25T23:41:39.047+0000] {logging_mixin.py:190} INFO - [2025-04-25T23:41:39.047+0000] {dag.py:4180} INFO - Setting next_dagrun for example_bash_operator to 2025-04-24 00:00:00+00:00, run_after=2025-04-25 00:00:00+00:00
[2025-04-25T23:41:39.077+0000] {processor.py:208} INFO - Processing /home/airflow/.local/lib/python3.12/site-packages/airflow/example_dags/example_bash_operator.py took 0.216 seconds
[2025-04-25T23:42:10.663+0000] {processor.py:186} INFO - Started process (PID=602) to work on /home/airflow/.local/lib/python3.12/site-packages/airflow/example_dags/example_bash_operator.py
[2025-04-25T23:42:10.669+0000] {processor.py:914} INFO - Processing file /home/airflow/.local/lib/python3.12/site-packages/airflow/example_dags/example_bash_operator.py for tasks to queue
[2025-04-25T23:42:10.672+0000] {logging_mixin.py:190} INFO - [2025-04-25T23:42:10.672+0000] {dagbag.py:588} INFO - Filling up the DagBag from /home/airflow/.local/lib/python3.12/site-packages/airflow/example_dags/example_bash_operator.py
[2025-04-25T23:42:10.698+0000] {processor.py:925} INFO - DAG(s) 'example_bash_operator' retrieved from /home/airflow/.local/lib/python3.12/site-packages/airflow/example_dags/example_bash_operator.py
[2025-04-25T23:42:10.744+0000] {logging_mixin.py:190} INFO - [2025-04-25T23:42:10.743+0000] {dag.py:3239} INFO - Sync 1 DAGs
[2025-04-25T23:42:10.780+0000] {logging_mixin.py:190} INFO - [2025-04-25T23:42:10.780+0000] {dag.py:4180} INFO - Setting next_dagrun for example_bash_operator to 2025-04-24 00:00:00+00:00, run_after=2025-04-25 00:00:00+00:00
[2025-04-25T23:42:10.811+0000] {processor.py:208} INFO - Processing /home/airflow/.local/lib/python3.12/site-packages/airflow/example_dags/example_bash_operator.py took 0.157 seconds
[2025-04-25T23:42:41.937+0000] {processor.py:186} INFO - Started process (PID=666) to work on /home/airflow/.local/lib/python3.12/site-packages/airflow/example_dags/example_bash_operator.py
[2025-04-25T23:42:41.939+0000] {processor.py:914} INFO - Processing file /home/airflow/.local/lib/python3.12/site-packages/airflow/example_dags/example_bash_operator.py for tasks to queue
[2025-04-25T23:42:41.945+0000] {logging_mixin.py:190} INFO - [2025-04-25T23:42:41.944+0000] {dagbag.py:588} INFO - Filling up the DagBag from /home/airflow/.local/lib/python3.12/site-packages/airflow/example_dags/example_bash_operator.py
[2025-04-25T23:42:41.969+0000] {processor.py:925} INFO - DAG(s) 'example_bash_operator' retrieved from /home/airflow/.local/lib/python3.12/site-packages/airflow/example_dags/example_bash_operator.py
[2025-04-25T23:42:42.043+0000] {logging_mixin.py:190} INFO - [2025-04-25T23:42:42.042+0000] {dag.py:3239} INFO - Sync 1 DAGs
[2025-04-25T23:42:42.099+0000] {logging_mixin.py:190} INFO - [2025-04-25T23:42:42.099+0000] {dag.py:4180} INFO - Setting next_dagrun for example_bash_operator to 2025-04-24 00:00:00+00:00, run_after=2025-04-25 00:00:00+00:00
[2025-04-25T23:42:42.134+0000] {processor.py:208} INFO - Processing /home/airflow/.local/lib/python3.12/site-packages/airflow/example_dags/example_bash_operator.py took 0.209 seconds
[2025-04-25T23:43:22.048+0000] {processor.py:186} INFO - Started process (PID=728) to work on /home/airflow/.local/lib/python3.12/site-packages/airflow/example_dags/example_bash_operator.py
[2025-04-25T23:43:22.059+0000] {processor.py:914} INFO - Processing file /home/airflow/.local/lib/python3.12/site-packages/airflow/example_dags/example_bash_operator.py for tasks to queue
[2025-04-25T23:43:22.078+0000] {logging_mixin.py:190} INFO - [2025-04-25T23:43:22.077+0000] {dagbag.py:588} INFO - Filling up the DagBag from /home/airflow/.local/lib/python3.12/site-packages/airflow/example_dags/example_bash_operator.py
[2025-04-25T23:43:22.568+0000] {processor.py:925} INFO - DAG(s) 'example_bash_operator' retrieved from /home/airflow/.local/lib/python3.12/site-packages/airflow/example_dags/example_bash_operator.py
[2025-04-25T23:43:23.832+0000] {logging_mixin.py:190} INFO - [2025-04-25T23:43:23.831+0000] {dag.py:3239} INFO - Sync 1 DAGs
[2025-04-25T23:43:24.276+0000] {logging_mixin.py:190} INFO - [2025-04-25T23:43:24.275+0000] {dag.py:4180} INFO - Setting next_dagrun for example_bash_operator to 2025-04-24 00:00:00+00:00, run_after=2025-04-25 00:00:00+00:00
[2025-04-25T23:43:25.373+0000] {processor.py:208} INFO - Processing /home/airflow/.local/lib/python3.12/site-packages/airflow/example_dags/example_bash_operator.py took 3.510 seconds
[2025-04-25T23:43:56.308+0000] {processor.py:186} INFO - Started process (PID=797) to work on /home/airflow/.local/lib/python3.12/site-packages/airflow/example_dags/example_bash_operator.py
[2025-04-25T23:43:56.309+0000] {processor.py:914} INFO - Processing file /home/airflow/.local/lib/python3.12/site-packages/airflow/example_dags/example_bash_operator.py for tasks to queue
[2025-04-25T23:43:56.313+0000] {logging_mixin.py:190} INFO - [2025-04-25T23:43:56.312+0000] {dagbag.py:588} INFO - Filling up the DagBag from /home/airflow/.local/lib/python3.12/site-packages/airflow/example_dags/example_bash_operator.py
[2025-04-25T23:43:56.334+0000] {processor.py:925} INFO - DAG(s) 'example_bash_operator' retrieved from /home/airflow/.local/lib/python3.12/site-packages/airflow/example_dags/example_bash_operator.py
[2025-04-25T23:43:56.381+0000] {logging_mixin.py:190} INFO - [2025-04-25T23:43:56.381+0000] {dag.py:3239} INFO - Sync 1 DAGs
[2025-04-25T23:43:56.421+0000] {logging_mixin.py:190} INFO - [2025-04-25T23:43:56.421+0000] {dag.py:4180} INFO - Setting next_dagrun for example_bash_operator to 2025-04-24 00:00:00+00:00, run_after=2025-04-25 00:00:00+00:00
[2025-04-25T23:43:56.457+0000] {processor.py:208} INFO - Processing /home/airflow/.local/lib/python3.12/site-packages/airflow/example_dags/example_bash_operator.py took 0.158 seconds
[2025-04-25T23:44:26.578+0000] {processor.py:186} INFO - Started process (PID=860) to work on /home/airflow/.local/lib/python3.12/site-packages/airflow/example_dags/example_bash_operator.py
[2025-04-25T23:44:26.580+0000] {processor.py:914} INFO - Processing file /home/airflow/.local/lib/python3.12/site-packages/airflow/example_dags/example_bash_operator.py for tasks to queue
[2025-04-25T23:44:26.589+0000] {logging_mixin.py:190} INFO - [2025-04-25T23:44:26.588+0000] {dagbag.py:588} INFO - Filling up the DagBag from /home/airflow/.local/lib/python3.12/site-packages/airflow/example_dags/example_bash_operator.py
[2025-04-25T23:44:26.624+0000] {processor.py:925} INFO - DAG(s) 'example_bash_operator' retrieved from /home/airflow/.local/lib/python3.12/site-packages/airflow/example_dags/example_bash_operator.py
[2025-04-25T23:44:26.715+0000] {logging_mixin.py:190} INFO - [2025-04-25T23:44:26.714+0000] {dag.py:3239} INFO - Sync 1 DAGs
[2025-04-25T23:44:26.793+0000] {logging_mixin.py:190} INFO - [2025-04-25T23:44:26.793+0000] {dag.py:4180} INFO - Setting next_dagrun for example_bash_operator to 2025-04-24 00:00:00+00:00, run_after=2025-04-25 00:00:00+00:00
[2025-04-25T23:44:26.856+0000] {processor.py:208} INFO - Processing /home/airflow/.local/lib/python3.12/site-packages/airflow/example_dags/example_bash_operator.py took 0.296 seconds
[2025-04-25T23:44:56.903+0000] {processor.py:186} INFO - Started process (PID=923) to work on /home/airflow/.local/lib/python3.12/site-packages/airflow/example_dags/example_bash_operator.py
[2025-04-25T23:44:56.904+0000] {processor.py:914} INFO - Processing file /home/airflow/.local/lib/python3.12/site-packages/airflow/example_dags/example_bash_operator.py for tasks to queue
[2025-04-25T23:44:56.907+0000] {logging_mixin.py:190} INFO - [2025-04-25T23:44:56.906+0000] {dagbag.py:588} INFO - Filling up the DagBag from /home/airflow/.local/lib/python3.12/site-packages/airflow/example_dags/example_bash_operator.py
[2025-04-25T23:44:56.929+0000] {processor.py:925} INFO - DAG(s) 'example_bash_operator' retrieved from /home/airflow/.local/lib/python3.12/site-packages/airflow/example_dags/example_bash_operator.py
[2025-04-25T23:44:56.969+0000] {logging_mixin.py:190} INFO - [2025-04-25T23:44:56.969+0000] {dag.py:3239} INFO - Sync 1 DAGs
[2025-04-25T23:44:57.022+0000] {logging_mixin.py:190} INFO - [2025-04-25T23:44:57.022+0000] {dag.py:4180} INFO - Setting next_dagrun for example_bash_operator to 2025-04-24 00:00:00+00:00, run_after=2025-04-25 00:00:00+00:00
[2025-04-25T23:44:57.056+0000] {processor.py:208} INFO - Processing /home/airflow/.local/lib/python3.12/site-packages/airflow/example_dags/example_bash_operator.py took 0.160 seconds
[2025-04-25T23:45:27.317+0000] {processor.py:186} INFO - Started process (PID=986) to work on /home/airflow/.local/lib/python3.12/site-packages/airflow/example_dags/example_bash_operator.py
[2025-04-25T23:45:27.321+0000] {processor.py:914} INFO - Processing file /home/airflow/.local/lib/python3.12/site-packages/airflow/example_dags/example_bash_operator.py for tasks to queue
[2025-04-25T23:45:27.327+0000] {logging_mixin.py:190} INFO - [2025-04-25T23:45:27.326+0000] {dagbag.py:588} INFO - Filling up the DagBag from /home/airflow/.local/lib/python3.12/site-packages/airflow/example_dags/example_bash_operator.py
[2025-04-25T23:45:27.349+0000] {processor.py:925} INFO - DAG(s) 'example_bash_operator' retrieved from /home/airflow/.local/lib/python3.12/site-packages/airflow/example_dags/example_bash_operator.py
[2025-04-25T23:45:27.409+0000] {logging_mixin.py:190} INFO - [2025-04-25T23:45:27.409+0000] {dag.py:3239} INFO - Sync 1 DAGs
[2025-04-25T23:45:27.475+0000] {logging_mixin.py:190} INFO - [2025-04-25T23:45:27.474+0000] {dag.py:4180} INFO - Setting next_dagrun for example_bash_operator to 2025-04-24 00:00:00+00:00, run_after=2025-04-25 00:00:00+00:00
[2025-04-25T23:45:27.520+0000] {processor.py:208} INFO - Processing /home/airflow/.local/lib/python3.12/site-packages/airflow/example_dags/example_bash_operator.py took 0.211 seconds
[2025-04-25T23:45:58.168+0000] {processor.py:186} INFO - Started process (PID=1048) to work on /home/airflow/.local/lib/python3.12/site-packages/airflow/example_dags/example_bash_operator.py
[2025-04-25T23:45:58.170+0000] {processor.py:914} INFO - Processing file /home/airflow/.local/lib/python3.12/site-packages/airflow/example_dags/example_bash_operator.py for tasks to queue
[2025-04-25T23:45:58.174+0000] {logging_mixin.py:190} INFO - [2025-04-25T23:45:58.174+0000] {dagbag.py:588} INFO - Filling up the DagBag from /home/airflow/.local/lib/python3.12/site-packages/airflow/example_dags/example_bash_operator.py
[2025-04-25T23:45:58.207+0000] {processor.py:925} INFO - DAG(s) 'example_bash_operator' retrieved from /home/airflow/.local/lib/python3.12/site-packages/airflow/example_dags/example_bash_operator.py
[2025-04-25T23:45:58.328+0000] {logging_mixin.py:190} INFO - [2025-04-25T23:45:58.327+0000] {dag.py:3239} INFO - Sync 1 DAGs
[2025-04-25T23:45:58.493+0000] {logging_mixin.py:190} INFO - [2025-04-25T23:45:58.492+0000] {dag.py:4180} INFO - Setting next_dagrun for example_bash_operator to 2025-04-24 00:00:00+00:00, run_after=2025-04-25 00:00:00+00:00
[2025-04-25T23:45:58.615+0000] {processor.py:208} INFO - Processing /home/airflow/.local/lib/python3.12/site-packages/airflow/example_dags/example_bash_operator.py took 0.475 seconds
[2025-04-25T23:46:30.835+0000] {processor.py:186} INFO - Started process (PID=1110) to work on /home/airflow/.local/lib/python3.12/site-packages/airflow/example_dags/example_bash_operator.py
[2025-04-25T23:46:31.108+0000] {processor.py:914} INFO - Processing file /home/airflow/.local/lib/python3.12/site-packages/airflow/example_dags/example_bash_operator.py for tasks to queue
[2025-04-25T23:46:31.839+0000] {logging_mixin.py:190} INFO - [2025-04-25T23:46:31.837+0000] {dagbag.py:588} INFO - Filling up the DagBag from /home/airflow/.local/lib/python3.12/site-packages/airflow/example_dags/example_bash_operator.py
[2025-04-25T23:46:32.357+0000] {processor.py:925} INFO - DAG(s) 'example_bash_operator' retrieved from /home/airflow/.local/lib/python3.12/site-packages/airflow/example_dags/example_bash_operator.py
[2025-04-25T23:46:33.350+0000] {logging_mixin.py:190} INFO - [2025-04-25T23:46:33.350+0000] {dag.py:3239} INFO - Sync 1 DAGs
[2025-04-25T23:46:34.279+0000] {logging_mixin.py:190} INFO - [2025-04-25T23:46:34.278+0000] {dag.py:4180} INFO - Setting next_dagrun for example_bash_operator to 2025-04-24 00:00:00+00:00, run_after=2025-04-25 00:00:00+00:00
[2025-04-25T23:46:35.364+0000] {processor.py:208} INFO - Processing /home/airflow/.local/lib/python3.12/site-packages/airflow/example_dags/example_bash_operator.py took 6.440 seconds
[2025-04-25T23:47:06.238+0000] {processor.py:186} INFO - Started process (PID=1172) to work on /home/airflow/.local/lib/python3.12/site-packages/airflow/example_dags/example_bash_operator.py
[2025-04-25T23:47:06.239+0000] {processor.py:914} INFO - Processing file /home/airflow/.local/lib/python3.12/site-packages/airflow/example_dags/example_bash_operator.py for tasks to queue
[2025-04-25T23:47:06.244+0000] {logging_mixin.py:190} INFO - [2025-04-25T23:47:06.243+0000] {dagbag.py:588} INFO - Filling up the DagBag from /home/airflow/.local/lib/python3.12/site-packages/airflow/example_dags/example_bash_operator.py
[2025-04-25T23:47:06.271+0000] {processor.py:925} INFO - DAG(s) 'example_bash_operator' retrieved from /home/airflow/.local/lib/python3.12/site-packages/airflow/example_dags/example_bash_operator.py
[2025-04-25T23:47:06.326+0000] {logging_mixin.py:190} INFO - [2025-04-25T23:47:06.325+0000] {dag.py:3239} INFO - Sync 1 DAGs
[2025-04-25T23:47:06.362+0000] {logging_mixin.py:190} INFO - [2025-04-25T23:47:06.362+0000] {dag.py:4180} INFO - Setting next_dagrun for example_bash_operator to 2025-04-24 00:00:00+00:00, run_after=2025-04-25 00:00:00+00:00
[2025-04-25T23:47:06.399+0000] {processor.py:208} INFO - Processing /home/airflow/.local/lib/python3.12/site-packages/airflow/example_dags/example_bash_operator.py took 0.171 seconds
[2025-04-25T23:47:36.705+0000] {processor.py:186} INFO - Started process (PID=1234) to work on /home/airflow/.local/lib/python3.12/site-packages/airflow/example_dags/example_bash_operator.py
[2025-04-25T23:47:36.706+0000] {processor.py:914} INFO - Processing file /home/airflow/.local/lib/python3.12/site-packages/airflow/example_dags/example_bash_operator.py for tasks to queue
[2025-04-25T23:47:36.709+0000] {logging_mixin.py:190} INFO - [2025-04-25T23:47:36.709+0000] {dagbag.py:588} INFO - Filling up the DagBag from /home/airflow/.local/lib/python3.12/site-packages/airflow/example_dags/example_bash_operator.py
[2025-04-25T23:47:36.732+0000] {processor.py:925} INFO - DAG(s) 'example_bash_operator' retrieved from /home/airflow/.local/lib/python3.12/site-packages/airflow/example_dags/example_bash_operator.py
[2025-04-25T23:47:36.767+0000] {logging_mixin.py:190} INFO - [2025-04-25T23:47:36.766+0000] {dag.py:3239} INFO - Sync 1 DAGs
[2025-04-25T23:47:36.799+0000] {logging_mixin.py:190} INFO - [2025-04-25T23:47:36.799+0000] {dag.py:4180} INFO - Setting next_dagrun for example_bash_operator to 2025-04-24 00:00:00+00:00, run_after=2025-04-25 00:00:00+00:00
[2025-04-25T23:47:36.823+0000] {processor.py:208} INFO - Processing /home/airflow/.local/lib/python3.12/site-packages/airflow/example_dags/example_bash_operator.py took 0.126 seconds
[2025-04-25T23:48:07.729+0000] {processor.py:186} INFO - Started process (PID=1297) to work on /home/airflow/.local/lib/python3.12/site-packages/airflow/example_dags/example_bash_operator.py
[2025-04-25T23:48:07.735+0000] {processor.py:914} INFO - Processing file /home/airflow/.local/lib/python3.12/site-packages/airflow/example_dags/example_bash_operator.py for tasks to queue
[2025-04-25T23:48:07.740+0000] {logging_mixin.py:190} INFO - [2025-04-25T23:48:07.739+0000] {dagbag.py:588} INFO - Filling up the DagBag from /home/airflow/.local/lib/python3.12/site-packages/airflow/example_dags/example_bash_operator.py
[2025-04-25T23:48:07.773+0000] {processor.py:925} INFO - DAG(s) 'example_bash_operator' retrieved from /home/airflow/.local/lib/python3.12/site-packages/airflow/example_dags/example_bash_operator.py
[2025-04-25T23:48:07.821+0000] {logging_mixin.py:190} INFO - [2025-04-25T23:48:07.821+0000] {dag.py:3239} INFO - Sync 1 DAGs
[2025-04-25T23:48:07.869+0000] {logging_mixin.py:190} INFO - [2025-04-25T23:48:07.869+0000] {dag.py:4180} INFO - Setting next_dagrun for example_bash_operator to 2025-04-24 00:00:00+00:00, run_after=2025-04-25 00:00:00+00:00
[2025-04-25T23:48:07.907+0000] {processor.py:208} INFO - Processing /home/airflow/.local/lib/python3.12/site-packages/airflow/example_dags/example_bash_operator.py took 0.188 seconds
[2025-04-25T23:48:38.230+0000] {processor.py:186} INFO - Started process (PID=1359) to work on /home/airflow/.local/lib/python3.12/site-packages/airflow/example_dags/example_bash_operator.py
[2025-04-25T23:48:38.249+0000] {processor.py:914} INFO - Processing file /home/airflow/.local/lib/python3.12/site-packages/airflow/example_dags/example_bash_operator.py for tasks to queue
[2025-04-25T23:48:38.260+0000] {logging_mixin.py:190} INFO - [2025-04-25T23:48:38.258+0000] {dagbag.py:588} INFO - Filling up the DagBag from /home/airflow/.local/lib/python3.12/site-packages/airflow/example_dags/example_bash_operator.py
[2025-04-25T23:48:38.319+0000] {processor.py:925} INFO - DAG(s) 'example_bash_operator' retrieved from /home/airflow/.local/lib/python3.12/site-packages/airflow/example_dags/example_bash_operator.py
[2025-04-25T23:48:38.493+0000] {logging_mixin.py:190} INFO - [2025-04-25T23:48:38.489+0000] {dag.py:3239} INFO - Sync 1 DAGs
[2025-04-25T23:48:38.769+0000] {logging_mixin.py:190} INFO - [2025-04-25T23:48:38.768+0000] {dag.py:4180} INFO - Setting next_dagrun for example_bash_operator to 2025-04-24 00:00:00+00:00, run_after=2025-04-25 00:00:00+00:00
[2025-04-25T23:48:38.823+0000] {processor.py:208} INFO - Processing /home/airflow/.local/lib/python3.12/site-packages/airflow/example_dags/example_bash_operator.py took 0.634 seconds
[2025-04-25T23:49:12.972+0000] {processor.py:186} INFO - Started process (PID=1418) to work on /home/airflow/.local/lib/python3.12/site-packages/airflow/example_dags/example_bash_operator.py
[2025-04-25T23:49:12.975+0000] {processor.py:914} INFO - Processing file /home/airflow/.local/lib/python3.12/site-packages/airflow/example_dags/example_bash_operator.py for tasks to queue
[2025-04-25T23:49:12.980+0000] {logging_mixin.py:190} INFO - [2025-04-25T23:49:12.979+0000] {dagbag.py:588} INFO - Filling up the DagBag from /home/airflow/.local/lib/python3.12/site-packages/airflow/example_dags/example_bash_operator.py
[2025-04-25T23:49:13.014+0000] {processor.py:925} INFO - DAG(s) 'example_bash_operator' retrieved from /home/airflow/.local/lib/python3.12/site-packages/airflow/example_dags/example_bash_operator.py
[2025-04-25T23:49:13.103+0000] {logging_mixin.py:190} INFO - [2025-04-25T23:49:13.103+0000] {dag.py:3239} INFO - Sync 1 DAGs
[2025-04-25T23:49:13.180+0000] {logging_mixin.py:190} INFO - [2025-04-25T23:49:13.179+0000] {dag.py:4180} INFO - Setting next_dagrun for example_bash_operator to 2025-04-24 00:00:00+00:00, run_after=2025-04-25 00:00:00+00:00
[2025-04-25T23:49:13.239+0000] {processor.py:208} INFO - Processing /home/airflow/.local/lib/python3.12/site-packages/airflow/example_dags/example_bash_operator.py took 0.281 seconds
[2025-04-25T23:49:43.994+0000] {processor.py:186} INFO - Started process (PID=1481) to work on /home/airflow/.local/lib/python3.12/site-packages/airflow/example_dags/example_bash_operator.py
[2025-04-25T23:49:43.997+0000] {processor.py:914} INFO - Processing file /home/airflow/.local/lib/python3.12/site-packages/airflow/example_dags/example_bash_operator.py for tasks to queue
[2025-04-25T23:49:44.004+0000] {logging_mixin.py:190} INFO - [2025-04-25T23:49:44.003+0000] {dagbag.py:588} INFO - Filling up the DagBag from /home/airflow/.local/lib/python3.12/site-packages/airflow/example_dags/example_bash_operator.py
[2025-04-25T23:49:44.024+0000] {processor.py:925} INFO - DAG(s) 'example_bash_operator' retrieved from /home/airflow/.local/lib/python3.12/site-packages/airflow/example_dags/example_bash_operator.py
[2025-04-25T23:49:44.066+0000] {logging_mixin.py:190} INFO - [2025-04-25T23:49:44.065+0000] {dag.py:3239} INFO - Sync 1 DAGs
[2025-04-25T23:49:44.108+0000] {logging_mixin.py:190} INFO - [2025-04-25T23:49:44.107+0000] {dag.py:4180} INFO - Setting next_dagrun for example_bash_operator to 2025-04-24 00:00:00+00:00, run_after=2025-04-25 00:00:00+00:00
[2025-04-25T23:49:44.132+0000] {processor.py:208} INFO - Processing /home/airflow/.local/lib/python3.12/site-packages/airflow/example_dags/example_bash_operator.py took 0.151 seconds
[2025-04-25T23:50:14.320+0000] {processor.py:186} INFO - Started process (PID=1544) to work on /home/airflow/.local/lib/python3.12/site-packages/airflow/example_dags/example_bash_operator.py
[2025-04-25T23:50:14.322+0000] {processor.py:914} INFO - Processing file /home/airflow/.local/lib/python3.12/site-packages/airflow/example_dags/example_bash_operator.py for tasks to queue
[2025-04-25T23:50:14.331+0000] {logging_mixin.py:190} INFO - [2025-04-25T23:50:14.327+0000] {dagbag.py:588} INFO - Filling up the DagBag from /home/airflow/.local/lib/python3.12/site-packages/airflow/example_dags/example_bash_operator.py
[2025-04-25T23:50:14.370+0000] {processor.py:925} INFO - DAG(s) 'example_bash_operator' retrieved from /home/airflow/.local/lib/python3.12/site-packages/airflow/example_dags/example_bash_operator.py
[2025-04-25T23:50:14.439+0000] {logging_mixin.py:190} INFO - [2025-04-25T23:50:14.439+0000] {dag.py:3239} INFO - Sync 1 DAGs
[2025-04-25T23:50:14.513+0000] {logging_mixin.py:190} INFO - [2025-04-25T23:50:14.512+0000] {dag.py:4180} INFO - Setting next_dagrun for example_bash_operator to 2025-04-24 00:00:00+00:00, run_after=2025-04-25 00:00:00+00:00
[2025-04-25T23:50:14.585+0000] {processor.py:208} INFO - Processing /home/airflow/.local/lib/python3.12/site-packages/airflow/example_dags/example_bash_operator.py took 0.282 seconds
[2025-04-25T23:50:46.407+0000] {processor.py:186} INFO - Started process (PID=1605) to work on /home/airflow/.local/lib/python3.12/site-packages/airflow/example_dags/example_bash_operator.py
[2025-04-25T23:50:46.410+0000] {processor.py:914} INFO - Processing file /home/airflow/.local/lib/python3.12/site-packages/airflow/example_dags/example_bash_operator.py for tasks to queue
[2025-04-25T23:50:46.413+0000] {logging_mixin.py:190} INFO - [2025-04-25T23:50:46.412+0000] {dagbag.py:588} INFO - Filling up the DagBag from /home/airflow/.local/lib/python3.12/site-packages/airflow/example_dags/example_bash_operator.py
[2025-04-25T23:50:46.448+0000] {processor.py:925} INFO - DAG(s) 'example_bash_operator' retrieved from /home/airflow/.local/lib/python3.12/site-packages/airflow/example_dags/example_bash_operator.py
[2025-04-25T23:50:46.494+0000] {logging_mixin.py:190} INFO - [2025-04-25T23:50:46.493+0000] {dag.py:3239} INFO - Sync 1 DAGs
[2025-04-25T23:50:46.543+0000] {logging_mixin.py:190} INFO - [2025-04-25T23:50:46.542+0000] {dag.py:4180} INFO - Setting next_dagrun for example_bash_operator to 2025-04-24 00:00:00+00:00, run_after=2025-04-25 00:00:00+00:00
[2025-04-25T23:50:46.581+0000] {processor.py:208} INFO - Processing /home/airflow/.local/lib/python3.12/site-packages/airflow/example_dags/example_bash_operator.py took 0.185 seconds
[2025-04-25T23:51:19.171+0000] {processor.py:186} INFO - Started process (PID=1669) to work on /home/airflow/.local/lib/python3.12/site-packages/airflow/example_dags/example_bash_operator.py
[2025-04-25T23:51:19.174+0000] {processor.py:914} INFO - Processing file /home/airflow/.local/lib/python3.12/site-packages/airflow/example_dags/example_bash_operator.py for tasks to queue
[2025-04-25T23:51:19.181+0000] {logging_mixin.py:190} INFO - [2025-04-25T23:51:19.180+0000] {dagbag.py:588} INFO - Filling up the DagBag from /home/airflow/.local/lib/python3.12/site-packages/airflow/example_dags/example_bash_operator.py
[2025-04-25T23:51:19.221+0000] {processor.py:925} INFO - DAG(s) 'example_bash_operator' retrieved from /home/airflow/.local/lib/python3.12/site-packages/airflow/example_dags/example_bash_operator.py
[2025-04-25T23:51:19.296+0000] {logging_mixin.py:190} INFO - [2025-04-25T23:51:19.296+0000] {dag.py:3239} INFO - Sync 1 DAGs
[2025-04-25T23:51:19.390+0000] {logging_mixin.py:190} INFO - [2025-04-25T23:51:19.389+0000] {dag.py:4180} INFO - Setting next_dagrun for example_bash_operator to 2025-04-24 00:00:00+00:00, run_after=2025-04-25 00:00:00+00:00
[2025-04-25T23:51:19.446+0000] {processor.py:208} INFO - Processing /home/airflow/.local/lib/python3.12/site-packages/airflow/example_dags/example_bash_operator.py took 0.285 seconds
[2025-04-25T23:51:49.924+0000] {processor.py:186} INFO - Started process (PID=1729) to work on /home/airflow/.local/lib/python3.12/site-packages/airflow/example_dags/example_bash_operator.py
[2025-04-25T23:51:49.927+0000] {processor.py:914} INFO - Processing file /home/airflow/.local/lib/python3.12/site-packages/airflow/example_dags/example_bash_operator.py for tasks to queue
[2025-04-25T23:51:49.936+0000] {logging_mixin.py:190} INFO - [2025-04-25T23:51:49.936+0000] {dagbag.py:588} INFO - Filling up the DagBag from /home/airflow/.local/lib/python3.12/site-packages/airflow/example_dags/example_bash_operator.py
[2025-04-25T23:51:50.000+0000] {processor.py:925} INFO - DAG(s) 'example_bash_operator' retrieved from /home/airflow/.local/lib/python3.12/site-packages/airflow/example_dags/example_bash_operator.py
[2025-04-25T23:51:50.072+0000] {logging_mixin.py:190} INFO - [2025-04-25T23:51:50.072+0000] {dag.py:3239} INFO - Sync 1 DAGs
[2025-04-25T23:51:50.123+0000] {logging_mixin.py:190} INFO - [2025-04-25T23:51:50.123+0000] {dag.py:4180} INFO - Setting next_dagrun for example_bash_operator to 2025-04-24 00:00:00+00:00, run_after=2025-04-25 00:00:00+00:00
[2025-04-25T23:51:50.169+0000] {processor.py:208} INFO - Processing /home/airflow/.local/lib/python3.12/site-packages/airflow/example_dags/example_bash_operator.py took 0.257 seconds
[2025-04-25T23:52:20.351+0000] {processor.py:186} INFO - Started process (PID=1792) to work on /home/airflow/.local/lib/python3.12/site-packages/airflow/example_dags/example_bash_operator.py
[2025-04-25T23:52:20.354+0000] {processor.py:914} INFO - Processing file /home/airflow/.local/lib/python3.12/site-packages/airflow/example_dags/example_bash_operator.py for tasks to queue
[2025-04-25T23:52:20.366+0000] {logging_mixin.py:190} INFO - [2025-04-25T23:52:20.365+0000] {dagbag.py:588} INFO - Filling up the DagBag from /home/airflow/.local/lib/python3.12/site-packages/airflow/example_dags/example_bash_operator.py
[2025-04-25T23:52:20.396+0000] {processor.py:925} INFO - DAG(s) 'example_bash_operator' retrieved from /home/airflow/.local/lib/python3.12/site-packages/airflow/example_dags/example_bash_operator.py
[2025-04-25T23:52:20.463+0000] {logging_mixin.py:190} INFO - [2025-04-25T23:52:20.463+0000] {dag.py:3239} INFO - Sync 1 DAGs
[2025-04-25T23:52:20.523+0000] {logging_mixin.py:190} INFO - [2025-04-25T23:52:20.523+0000] {dag.py:4180} INFO - Setting next_dagrun for example_bash_operator to 2025-04-24 00:00:00+00:00, run_after=2025-04-25 00:00:00+00:00
[2025-04-25T23:52:20.587+0000] {processor.py:208} INFO - Processing /home/airflow/.local/lib/python3.12/site-packages/airflow/example_dags/example_bash_operator.py took 0.255 seconds
[2025-04-25T23:52:50.690+0000] {processor.py:186} INFO - Started process (PID=1856) to work on /home/airflow/.local/lib/python3.12/site-packages/airflow/example_dags/example_bash_operator.py
[2025-04-25T23:52:50.692+0000] {processor.py:914} INFO - Processing file /home/airflow/.local/lib/python3.12/site-packages/airflow/example_dags/example_bash_operator.py for tasks to queue
[2025-04-25T23:52:50.696+0000] {logging_mixin.py:190} INFO - [2025-04-25T23:52:50.696+0000] {dagbag.py:588} INFO - Filling up the DagBag from /home/airflow/.local/lib/python3.12/site-packages/airflow/example_dags/example_bash_operator.py
[2025-04-25T23:52:50.714+0000] {processor.py:925} INFO - DAG(s) 'example_bash_operator' retrieved from /home/airflow/.local/lib/python3.12/site-packages/airflow/example_dags/example_bash_operator.py
[2025-04-25T23:52:50.750+0000] {logging_mixin.py:190} INFO - [2025-04-25T23:52:50.749+0000] {dag.py:3239} INFO - Sync 1 DAGs
[2025-04-25T23:52:50.783+0000] {logging_mixin.py:190} INFO - [2025-04-25T23:52:50.783+0000] {dag.py:4180} INFO - Setting next_dagrun for example_bash_operator to 2025-04-24 00:00:00+00:00, run_after=2025-04-25 00:00:00+00:00
[2025-04-25T23:52:50.823+0000] {processor.py:208} INFO - Processing /home/airflow/.local/lib/python3.12/site-packages/airflow/example_dags/example_bash_operator.py took 0.139 seconds
[2025-04-25T23:53:21.343+0000] {processor.py:186} INFO - Started process (PID=1921) to work on /home/airflow/.local/lib/python3.12/site-packages/airflow/example_dags/example_bash_operator.py
[2025-04-25T23:53:21.344+0000] {processor.py:914} INFO - Processing file /home/airflow/.local/lib/python3.12/site-packages/airflow/example_dags/example_bash_operator.py for tasks to queue
[2025-04-25T23:53:21.347+0000] {logging_mixin.py:190} INFO - [2025-04-25T23:53:21.346+0000] {dagbag.py:588} INFO - Filling up the DagBag from /home/airflow/.local/lib/python3.12/site-packages/airflow/example_dags/example_bash_operator.py
[2025-04-25T23:53:21.371+0000] {processor.py:925} INFO - DAG(s) 'example_bash_operator' retrieved from /home/airflow/.local/lib/python3.12/site-packages/airflow/example_dags/example_bash_operator.py
[2025-04-25T23:53:21.413+0000] {logging_mixin.py:190} INFO - [2025-04-25T23:53:21.413+0000] {dag.py:3239} INFO - Sync 1 DAGs
[2025-04-25T23:53:21.448+0000] {logging_mixin.py:190} INFO - [2025-04-25T23:53:21.448+0000] {dag.py:4180} INFO - Setting next_dagrun for example_bash_operator to 2025-04-24 00:00:00+00:00, run_after=2025-04-25 00:00:00+00:00
[2025-04-25T23:53:21.471+0000] {processor.py:208} INFO - Processing /home/airflow/.local/lib/python3.12/site-packages/airflow/example_dags/example_bash_operator.py took 0.142 seconds
[2025-04-25T23:53:51.700+0000] {processor.py:186} INFO - Started process (PID=1985) to work on /home/airflow/.local/lib/python3.12/site-packages/airflow/example_dags/example_bash_operator.py
[2025-04-25T23:53:51.702+0000] {processor.py:914} INFO - Processing file /home/airflow/.local/lib/python3.12/site-packages/airflow/example_dags/example_bash_operator.py for tasks to queue
[2025-04-25T23:53:51.706+0000] {logging_mixin.py:190} INFO - [2025-04-25T23:53:51.705+0000] {dagbag.py:588} INFO - Filling up the DagBag from /home/airflow/.local/lib/python3.12/site-packages/airflow/example_dags/example_bash_operator.py
[2025-04-25T23:53:51.736+0000] {processor.py:925} INFO - DAG(s) 'example_bash_operator' retrieved from /home/airflow/.local/lib/python3.12/site-packages/airflow/example_dags/example_bash_operator.py
[2025-04-25T23:53:51.804+0000] {logging_mixin.py:190} INFO - [2025-04-25T23:53:51.804+0000] {dag.py:3239} INFO - Sync 1 DAGs
[2025-04-25T23:53:51.892+0000] {logging_mixin.py:190} INFO - [2025-04-25T23:53:51.892+0000] {dag.py:4180} INFO - Setting next_dagrun for example_bash_operator to 2025-04-24 00:00:00+00:00, run_after=2025-04-25 00:00:00+00:00
[2025-04-25T23:53:52.034+0000] {processor.py:208} INFO - Processing /home/airflow/.local/lib/python3.12/site-packages/airflow/example_dags/example_bash_operator.py took 0.343 seconds
[2025-04-25T23:54:23.095+0000] {processor.py:186} INFO - Started process (PID=2050) to work on /home/airflow/.local/lib/python3.12/site-packages/airflow/example_dags/example_bash_operator.py
[2025-04-25T23:54:23.096+0000] {processor.py:914} INFO - Processing file /home/airflow/.local/lib/python3.12/site-packages/airflow/example_dags/example_bash_operator.py for tasks to queue
[2025-04-25T23:54:23.099+0000] {logging_mixin.py:190} INFO - [2025-04-25T23:54:23.098+0000] {dagbag.py:588} INFO - Filling up the DagBag from /home/airflow/.local/lib/python3.12/site-packages/airflow/example_dags/example_bash_operator.py
[2025-04-25T23:54:23.117+0000] {processor.py:925} INFO - DAG(s) 'example_bash_operator' retrieved from /home/airflow/.local/lib/python3.12/site-packages/airflow/example_dags/example_bash_operator.py
[2025-04-25T23:54:23.168+0000] {logging_mixin.py:190} INFO - [2025-04-25T23:54:23.167+0000] {dag.py:3239} INFO - Sync 1 DAGs
[2025-04-25T23:54:23.209+0000] {logging_mixin.py:190} INFO - [2025-04-25T23:54:23.209+0000] {dag.py:4180} INFO - Setting next_dagrun for example_bash_operator to 2025-04-24 00:00:00+00:00, run_after=2025-04-25 00:00:00+00:00
[2025-04-25T23:54:23.240+0000] {processor.py:208} INFO - Processing /home/airflow/.local/lib/python3.12/site-packages/airflow/example_dags/example_bash_operator.py took 0.152 seconds
[2025-04-25T23:54:53.426+0000] {processor.py:186} INFO - Started process (PID=2114) to work on /home/airflow/.local/lib/python3.12/site-packages/airflow/example_dags/example_bash_operator.py
[2025-04-25T23:54:53.429+0000] {processor.py:914} INFO - Processing file /home/airflow/.local/lib/python3.12/site-packages/airflow/example_dags/example_bash_operator.py for tasks to queue
[2025-04-25T23:54:53.432+0000] {logging_mixin.py:190} INFO - [2025-04-25T23:54:53.432+0000] {dagbag.py:588} INFO - Filling up the DagBag from /home/airflow/.local/lib/python3.12/site-packages/airflow/example_dags/example_bash_operator.py
[2025-04-25T23:54:53.450+0000] {processor.py:925} INFO - DAG(s) 'example_bash_operator' retrieved from /home/airflow/.local/lib/python3.12/site-packages/airflow/example_dags/example_bash_operator.py
[2025-04-25T23:54:53.508+0000] {logging_mixin.py:190} INFO - [2025-04-25T23:54:53.508+0000] {dag.py:3239} INFO - Sync 1 DAGs
[2025-04-25T23:54:53.540+0000] {logging_mixin.py:190} INFO - [2025-04-25T23:54:53.540+0000] {dag.py:4180} INFO - Setting next_dagrun for example_bash_operator to 2025-04-24 00:00:00+00:00, run_after=2025-04-25 00:00:00+00:00
[2025-04-25T23:54:53.562+0000] {processor.py:208} INFO - Processing /home/airflow/.local/lib/python3.12/site-packages/airflow/example_dags/example_bash_operator.py took 0.142 seconds
[2025-04-25T23:55:24.101+0000] {processor.py:186} INFO - Started process (PID=2178) to work on /home/airflow/.local/lib/python3.12/site-packages/airflow/example_dags/example_bash_operator.py
[2025-04-25T23:55:24.102+0000] {processor.py:914} INFO - Processing file /home/airflow/.local/lib/python3.12/site-packages/airflow/example_dags/example_bash_operator.py for tasks to queue
[2025-04-25T23:55:24.104+0000] {logging_mixin.py:190} INFO - [2025-04-25T23:55:24.104+0000] {dagbag.py:588} INFO - Filling up the DagBag from /home/airflow/.local/lib/python3.12/site-packages/airflow/example_dags/example_bash_operator.py
[2025-04-25T23:55:24.118+0000] {processor.py:925} INFO - DAG(s) 'example_bash_operator' retrieved from /home/airflow/.local/lib/python3.12/site-packages/airflow/example_dags/example_bash_operator.py
[2025-04-25T23:55:24.150+0000] {logging_mixin.py:190} INFO - [2025-04-25T23:55:24.150+0000] {dag.py:3239} INFO - Sync 1 DAGs
[2025-04-25T23:55:24.178+0000] {logging_mixin.py:190} INFO - [2025-04-25T23:55:24.177+0000] {dag.py:4180} INFO - Setting next_dagrun for example_bash_operator to 2025-04-24 00:00:00+00:00, run_after=2025-04-25 00:00:00+00:00
[2025-04-25T23:55:24.201+0000] {processor.py:208} INFO - Processing /home/airflow/.local/lib/python3.12/site-packages/airflow/example_dags/example_bash_operator.py took 0.107 seconds
[2025-04-25T23:55:54.943+0000] {processor.py:186} INFO - Started process (PID=2242) to work on /home/airflow/.local/lib/python3.12/site-packages/airflow/example_dags/example_bash_operator.py
[2025-04-25T23:55:54.949+0000] {processor.py:914} INFO - Processing file /home/airflow/.local/lib/python3.12/site-packages/airflow/example_dags/example_bash_operator.py for tasks to queue
[2025-04-25T23:55:54.959+0000] {logging_mixin.py:190} INFO - [2025-04-25T23:55:54.958+0000] {dagbag.py:588} INFO - Filling up the DagBag from /home/airflow/.local/lib/python3.12/site-packages/airflow/example_dags/example_bash_operator.py
[2025-04-25T23:55:55.006+0000] {processor.py:925} INFO - DAG(s) 'example_bash_operator' retrieved from /home/airflow/.local/lib/python3.12/site-packages/airflow/example_dags/example_bash_operator.py
[2025-04-25T23:55:55.058+0000] {logging_mixin.py:190} INFO - [2025-04-25T23:55:55.058+0000] {dag.py:3239} INFO - Sync 1 DAGs
[2025-04-25T23:55:55.179+0000] {logging_mixin.py:190} INFO - [2025-04-25T23:55:55.179+0000] {dag.py:4180} INFO - Setting next_dagrun for example_bash_operator to 2025-04-24 00:00:00+00:00, run_after=2025-04-25 00:00:00+00:00
[2025-04-25T23:55:55.417+0000] {processor.py:208} INFO - Processing /home/airflow/.local/lib/python3.12/site-packages/airflow/example_dags/example_bash_operator.py took 0.497 seconds
[2025-04-25T23:56:26.216+0000] {processor.py:186} INFO - Started process (PID=2307) to work on /home/airflow/.local/lib/python3.12/site-packages/airflow/example_dags/example_bash_operator.py
[2025-04-25T23:56:26.220+0000] {processor.py:914} INFO - Processing file /home/airflow/.local/lib/python3.12/site-packages/airflow/example_dags/example_bash_operator.py for tasks to queue
[2025-04-25T23:56:26.222+0000] {logging_mixin.py:190} INFO - [2025-04-25T23:56:26.222+0000] {dagbag.py:588} INFO - Filling up the DagBag from /home/airflow/.local/lib/python3.12/site-packages/airflow/example_dags/example_bash_operator.py
[2025-04-25T23:56:26.242+0000] {processor.py:925} INFO - DAG(s) 'example_bash_operator' retrieved from /home/airflow/.local/lib/python3.12/site-packages/airflow/example_dags/example_bash_operator.py
[2025-04-25T23:56:26.284+0000] {logging_mixin.py:190} INFO - [2025-04-25T23:56:26.283+0000] {dag.py:3239} INFO - Sync 1 DAGs
[2025-04-25T23:56:26.327+0000] {logging_mixin.py:190} INFO - [2025-04-25T23:56:26.326+0000] {dag.py:4180} INFO - Setting next_dagrun for example_bash_operator to 2025-04-24 00:00:00+00:00, run_after=2025-04-25 00:00:00+00:00
[2025-04-25T23:56:26.380+0000] {processor.py:208} INFO - Processing /home/airflow/.local/lib/python3.12/site-packages/airflow/example_dags/example_bash_operator.py took 0.171 seconds
[2025-04-25T23:56:56.974+0000] {processor.py:186} INFO - Started process (PID=2371) to work on /home/airflow/.local/lib/python3.12/site-packages/airflow/example_dags/example_bash_operator.py
[2025-04-25T23:56:56.976+0000] {processor.py:914} INFO - Processing file /home/airflow/.local/lib/python3.12/site-packages/airflow/example_dags/example_bash_operator.py for tasks to queue
[2025-04-25T23:56:56.978+0000] {logging_mixin.py:190} INFO - [2025-04-25T23:56:56.978+0000] {dagbag.py:588} INFO - Filling up the DagBag from /home/airflow/.local/lib/python3.12/site-packages/airflow/example_dags/example_bash_operator.py
[2025-04-25T23:56:57.021+0000] {processor.py:925} INFO - DAG(s) 'example_bash_operator' retrieved from /home/airflow/.local/lib/python3.12/site-packages/airflow/example_dags/example_bash_operator.py
[2025-04-25T23:56:57.093+0000] {logging_mixin.py:190} INFO - [2025-04-25T23:56:57.092+0000] {dag.py:3239} INFO - Sync 1 DAGs
[2025-04-25T23:56:57.157+0000] {logging_mixin.py:190} INFO - [2025-04-25T23:56:57.156+0000] {dag.py:4180} INFO - Setting next_dagrun for example_bash_operator to 2025-04-24 00:00:00+00:00, run_after=2025-04-25 00:00:00+00:00
[2025-04-25T23:56:57.203+0000] {processor.py:208} INFO - Processing /home/airflow/.local/lib/python3.12/site-packages/airflow/example_dags/example_bash_operator.py took 0.244 seconds
[2025-04-25T23:57:28.175+0000] {processor.py:186} INFO - Started process (PID=2435) to work on /home/airflow/.local/lib/python3.12/site-packages/airflow/example_dags/example_bash_operator.py
[2025-04-25T23:57:28.177+0000] {processor.py:914} INFO - Processing file /home/airflow/.local/lib/python3.12/site-packages/airflow/example_dags/example_bash_operator.py for tasks to queue
[2025-04-25T23:57:28.180+0000] {logging_mixin.py:190} INFO - [2025-04-25T23:57:28.179+0000] {dagbag.py:588} INFO - Filling up the DagBag from /home/airflow/.local/lib/python3.12/site-packages/airflow/example_dags/example_bash_operator.py
[2025-04-25T23:57:28.214+0000] {processor.py:925} INFO - DAG(s) 'example_bash_operator' retrieved from /home/airflow/.local/lib/python3.12/site-packages/airflow/example_dags/example_bash_operator.py
[2025-04-25T23:57:28.260+0000] {logging_mixin.py:190} INFO - [2025-04-25T23:57:28.260+0000] {dag.py:3239} INFO - Sync 1 DAGs
[2025-04-25T23:57:28.297+0000] {logging_mixin.py:190} INFO - [2025-04-25T23:57:28.296+0000] {dag.py:4180} INFO - Setting next_dagrun for example_bash_operator to 2025-04-24 00:00:00+00:00, run_after=2025-04-25 00:00:00+00:00
[2025-04-25T23:57:28.323+0000] {processor.py:208} INFO - Processing /home/airflow/.local/lib/python3.12/site-packages/airflow/example_dags/example_bash_operator.py took 0.157 seconds
[2025-04-25T23:59:06.713+0000] {processor.py:186} INFO - Started process (PID=2517) to work on /home/airflow/.local/lib/python3.12/site-packages/airflow/example_dags/example_bash_operator.py
[2025-04-25T23:59:06.716+0000] {processor.py:914} INFO - Processing file /home/airflow/.local/lib/python3.12/site-packages/airflow/example_dags/example_bash_operator.py for tasks to queue
[2025-04-25T23:59:06.718+0000] {logging_mixin.py:190} INFO - [2025-04-25T23:59:06.717+0000] {dagbag.py:588} INFO - Filling up the DagBag from /home/airflow/.local/lib/python3.12/site-packages/airflow/example_dags/example_bash_operator.py
[2025-04-25T23:59:06.750+0000] {processor.py:925} INFO - DAG(s) 'example_bash_operator' retrieved from /home/airflow/.local/lib/python3.12/site-packages/airflow/example_dags/example_bash_operator.py
[2025-04-25T23:59:06.815+0000] {logging_mixin.py:190} INFO - [2025-04-25T23:59:06.815+0000] {dag.py:3239} INFO - Sync 1 DAGs
[2025-04-25T23:59:06.858+0000] {logging_mixin.py:190} INFO - [2025-04-25T23:59:06.858+0000] {dag.py:4180} INFO - Setting next_dagrun for example_bash_operator to 2025-04-24 00:00:00+00:00, run_after=2025-04-25 00:00:00+00:00
[2025-04-25T23:59:06.892+0000] {processor.py:208} INFO - Processing /home/airflow/.local/lib/python3.12/site-packages/airflow/example_dags/example_bash_operator.py took 0.190 seconds
[2025-04-25T23:59:40.811+0000] {processor.py:186} INFO - Started process (PID=2581) to work on /home/airflow/.local/lib/python3.12/site-packages/airflow/example_dags/example_bash_operator.py
[2025-04-25T23:59:40.812+0000] {processor.py:914} INFO - Processing file /home/airflow/.local/lib/python3.12/site-packages/airflow/example_dags/example_bash_operator.py for tasks to queue
[2025-04-25T23:59:40.822+0000] {logging_mixin.py:190} INFO - [2025-04-25T23:59:40.820+0000] {dagbag.py:588} INFO - Filling up the DagBag from /home/airflow/.local/lib/python3.12/site-packages/airflow/example_dags/example_bash_operator.py
[2025-04-25T23:59:40.861+0000] {processor.py:925} INFO - DAG(s) 'example_bash_operator' retrieved from /home/airflow/.local/lib/python3.12/site-packages/airflow/example_dags/example_bash_operator.py
[2025-04-25T23:59:41.062+0000] {logging_mixin.py:190} INFO - [2025-04-25T23:59:41.061+0000] {dag.py:3239} INFO - Sync 1 DAGs
[2025-04-25T23:59:41.290+0000] {logging_mixin.py:190} INFO - [2025-04-25T23:59:41.290+0000] {dag.py:4180} INFO - Setting next_dagrun for example_bash_operator to 2025-04-24 00:00:00+00:00, run_after=2025-04-25 00:00:00+00:00
[2025-04-25T23:59:41.359+0000] {processor.py:208} INFO - Processing /home/airflow/.local/lib/python3.12/site-packages/airflow/example_dags/example_bash_operator.py took 0.564 seconds
