[2025-04-25T23:33:06.767+0000] {processor.py:186} INFO - Started process (PID=128) to work on /home/airflow/.local/lib/python3.12/site-packages/airflow/example_dags/example_sensor_decorator.py
[2025-04-25T23:33:06.771+0000] {processor.py:914} INFO - Processing file /home/airflow/.local/lib/python3.12/site-packages/airflow/example_dags/example_sensor_decorator.py for tasks to queue
[2025-04-25T23:33:06.839+0000] {logging_mixin.py:190} INFO - [2025-04-25T23:33:06.838+0000] {dagbag.py:588} INFO - Filling up the DagBag from /home/airflow/.local/lib/python3.12/site-packages/airflow/example_dags/example_sensor_decorator.py
[2025-04-25T23:33:07.037+0000] {processor.py:925} INFO - DAG(s) 'example_sensor_decorator' retrieved from /home/airflow/.local/lib/python3.12/site-packages/airflow/example_dags/example_sensor_decorator.py
[2025-04-25T23:33:08.239+0000] {logging_mixin.py:190} INFO - [2025-04-25T23:33:08.238+0000] {override.py:1911} INFO - Created Permission View: can delete on DAG:example_sensor_decorator
[2025-04-25T23:33:08.265+0000] {logging_mixin.py:190} INFO - [2025-04-25T23:33:08.265+0000] {override.py:1911} INFO - Created Permission View: can read on DAG:example_sensor_decorator
[2025-04-25T23:33:08.297+0000] {logging_mixin.py:190} INFO - [2025-04-25T23:33:08.297+0000] {override.py:1911} INFO - Created Permission View: can edit on DAG:example_sensor_decorator
[2025-04-25T23:33:08.343+0000] {logging_mixin.py:190} INFO - [2025-04-25T23:33:08.342+0000] {override.py:1911} INFO - Created Permission View: can create on DAG Run:example_sensor_decorator
[2025-04-25T23:33:08.360+0000] {logging_mixin.py:190} INFO - [2025-04-25T23:33:08.360+0000] {override.py:1911} INFO - Created Permission View: can delete on DAG Run:example_sensor_decorator
[2025-04-25T23:33:08.386+0000] {logging_mixin.py:190} INFO - [2025-04-25T23:33:08.385+0000] {override.py:1911} INFO - Created Permission View: can read on DAG Run:example_sensor_decorator
[2025-04-25T23:33:08.412+0000] {logging_mixin.py:190} INFO - [2025-04-25T23:33:08.412+0000] {override.py:1911} INFO - Created Permission View: menu access on DAG Run:example_sensor_decorator
[2025-04-25T23:33:08.414+0000] {logging_mixin.py:190} INFO - [2025-04-25T23:33:08.413+0000] {dag.py:3239} INFO - Sync 1 DAGs
[2025-04-25T23:33:08.496+0000] {logging_mixin.py:190} INFO - [2025-04-25T23:33:08.496+0000] {dag.py:3262} INFO - Creating ORM DAG for example_sensor_decorator
[2025-04-25T23:33:08.502+0000] {logging_mixin.py:190} INFO - [2025-04-25T23:33:08.502+0000] {dag.py:4180} INFO - Setting next_dagrun for example_sensor_decorator to None, run_after=None
[2025-04-25T23:33:08.684+0000] {processor.py:208} INFO - Processing /home/airflow/.local/lib/python3.12/site-packages/airflow/example_dags/example_sensor_decorator.py took 1.908 seconds
[2025-04-25T23:33:47.536+0000] {processor.py:186} INFO - Started process (PID=190) to work on /home/airflow/.local/lib/python3.12/site-packages/airflow/example_dags/example_sensor_decorator.py
[2025-04-25T23:33:47.537+0000] {processor.py:914} INFO - Processing file /home/airflow/.local/lib/python3.12/site-packages/airflow/example_dags/example_sensor_decorator.py for tasks to queue
[2025-04-25T23:33:47.541+0000] {logging_mixin.py:190} INFO - [2025-04-25T23:33:47.541+0000] {dagbag.py:588} INFO - Filling up the DagBag from /home/airflow/.local/lib/python3.12/site-packages/airflow/example_dags/example_sensor_decorator.py
[2025-04-25T23:33:47.561+0000] {processor.py:925} INFO - DAG(s) 'example_sensor_decorator' retrieved from /home/airflow/.local/lib/python3.12/site-packages/airflow/example_dags/example_sensor_decorator.py
[2025-04-25T23:33:47.598+0000] {logging_mixin.py:190} INFO - [2025-04-25T23:33:47.598+0000] {dag.py:3239} INFO - Sync 1 DAGs
[2025-04-25T23:33:47.647+0000] {logging_mixin.py:190} INFO - [2025-04-25T23:33:47.647+0000] {dag.py:4180} INFO - Setting next_dagrun for example_sensor_decorator to None, run_after=None
[2025-04-25T23:33:47.685+0000] {processor.py:208} INFO - Processing /home/airflow/.local/lib/python3.12/site-packages/airflow/example_dags/example_sensor_decorator.py took 0.161 seconds
[2025-04-25T23:34:52.881+0000] {processor.py:186} INFO - Started process (PID=252) to work on /home/airflow/.local/lib/python3.12/site-packages/airflow/example_dags/example_sensor_decorator.py
[2025-04-25T23:34:52.882+0000] {processor.py:914} INFO - Processing file /home/airflow/.local/lib/python3.12/site-packages/airflow/example_dags/example_sensor_decorator.py for tasks to queue
[2025-04-25T23:34:52.890+0000] {logging_mixin.py:190} INFO - [2025-04-25T23:34:52.889+0000] {dagbag.py:588} INFO - Filling up the DagBag from /home/airflow/.local/lib/python3.12/site-packages/airflow/example_dags/example_sensor_decorator.py
[2025-04-25T23:34:52.916+0000] {processor.py:925} INFO - DAG(s) 'example_sensor_decorator' retrieved from /home/airflow/.local/lib/python3.12/site-packages/airflow/example_dags/example_sensor_decorator.py
[2025-04-25T23:34:53.080+0000] {logging_mixin.py:190} INFO - [2025-04-25T23:34:53.079+0000] {dag.py:3239} INFO - Sync 1 DAGs
[2025-04-25T23:34:53.165+0000] {logging_mixin.py:190} INFO - [2025-04-25T23:34:53.164+0000] {dag.py:4180} INFO - Setting next_dagrun for example_sensor_decorator to None, run_after=None
[2025-04-25T23:34:53.254+0000] {processor.py:208} INFO - Processing /home/airflow/.local/lib/python3.12/site-packages/airflow/example_dags/example_sensor_decorator.py took 0.389 seconds
[2025-04-25T23:37:41.103+0000] {processor.py:186} INFO - Started process (PID=98) to work on /home/airflow/.local/lib/python3.12/site-packages/airflow/example_dags/example_sensor_decorator.py
[2025-04-25T23:37:41.105+0000] {processor.py:914} INFO - Processing file /home/airflow/.local/lib/python3.12/site-packages/airflow/example_dags/example_sensor_decorator.py for tasks to queue
[2025-04-25T23:37:41.122+0000] {logging_mixin.py:190} INFO - [2025-04-25T23:37:41.115+0000] {dagbag.py:588} INFO - Filling up the DagBag from /home/airflow/.local/lib/python3.12/site-packages/airflow/example_dags/example_sensor_decorator.py
[2025-04-25T23:37:41.196+0000] {processor.py:925} INFO - DAG(s) 'example_sensor_decorator' retrieved from /home/airflow/.local/lib/python3.12/site-packages/airflow/example_dags/example_sensor_decorator.py
[2025-04-25T23:37:41.420+0000] {logging_mixin.py:190} INFO - [2025-04-25T23:37:41.416+0000] {dag.py:3239} INFO - Sync 1 DAGs
[2025-04-25T23:37:41.546+0000] {logging_mixin.py:190} INFO - [2025-04-25T23:37:41.546+0000] {dag.py:4180} INFO - Setting next_dagrun for example_sensor_decorator to None, run_after=None
[2025-04-25T23:37:41.939+0000] {processor.py:208} INFO - Processing /home/airflow/.local/lib/python3.12/site-packages/airflow/example_dags/example_sensor_decorator.py took 0.885 seconds
[2025-04-25T23:38:12.550+0000] {processor.py:186} INFO - Started process (PID=160) to work on /home/airflow/.local/lib/python3.12/site-packages/airflow/example_dags/example_sensor_decorator.py
[2025-04-25T23:38:12.559+0000] {processor.py:914} INFO - Processing file /home/airflow/.local/lib/python3.12/site-packages/airflow/example_dags/example_sensor_decorator.py for tasks to queue
[2025-04-25T23:38:12.570+0000] {logging_mixin.py:190} INFO - [2025-04-25T23:38:12.569+0000] {dagbag.py:588} INFO - Filling up the DagBag from /home/airflow/.local/lib/python3.12/site-packages/airflow/example_dags/example_sensor_decorator.py
[2025-04-25T23:38:12.593+0000] {processor.py:925} INFO - DAG(s) 'example_sensor_decorator' retrieved from /home/airflow/.local/lib/python3.12/site-packages/airflow/example_dags/example_sensor_decorator.py
[2025-04-25T23:38:12.640+0000] {logging_mixin.py:190} INFO - [2025-04-25T23:38:12.640+0000] {dag.py:3239} INFO - Sync 1 DAGs
[2025-04-25T23:38:12.726+0000] {logging_mixin.py:190} INFO - [2025-04-25T23:38:12.725+0000] {dag.py:4180} INFO - Setting next_dagrun for example_sensor_decorator to None, run_after=None
[2025-04-25T23:38:12.935+0000] {processor.py:208} INFO - Processing /home/airflow/.local/lib/python3.12/site-packages/airflow/example_dags/example_sensor_decorator.py took 0.408 seconds
[2025-04-25T23:38:48.782+0000] {processor.py:186} INFO - Started process (PID=222) to work on /home/airflow/.local/lib/python3.12/site-packages/airflow/example_dags/example_sensor_decorator.py
[2025-04-25T23:38:48.786+0000] {processor.py:914} INFO - Processing file /home/airflow/.local/lib/python3.12/site-packages/airflow/example_dags/example_sensor_decorator.py for tasks to queue
[2025-04-25T23:38:48.791+0000] {logging_mixin.py:190} INFO - [2025-04-25T23:38:48.791+0000] {dagbag.py:588} INFO - Filling up the DagBag from /home/airflow/.local/lib/python3.12/site-packages/airflow/example_dags/example_sensor_decorator.py
[2025-04-25T23:38:48.805+0000] {processor.py:925} INFO - DAG(s) 'example_sensor_decorator' retrieved from /home/airflow/.local/lib/python3.12/site-packages/airflow/example_dags/example_sensor_decorator.py
[2025-04-25T23:38:48.836+0000] {logging_mixin.py:190} INFO - [2025-04-25T23:38:48.836+0000] {dag.py:3239} INFO - Sync 1 DAGs
[2025-04-25T23:38:48.864+0000] {logging_mixin.py:190} INFO - [2025-04-25T23:38:48.864+0000] {dag.py:4180} INFO - Setting next_dagrun for example_sensor_decorator to None, run_after=None
[2025-04-25T23:38:48.894+0000] {processor.py:208} INFO - Processing /home/airflow/.local/lib/python3.12/site-packages/airflow/example_dags/example_sensor_decorator.py took 0.124 seconds
[2025-04-25T23:39:22.501+0000] {processor.py:186} INFO - Started process (PID=291) to work on /home/airflow/.local/lib/python3.12/site-packages/airflow/example_dags/example_sensor_decorator.py
[2025-04-25T23:39:22.504+0000] {processor.py:914} INFO - Processing file /home/airflow/.local/lib/python3.12/site-packages/airflow/example_dags/example_sensor_decorator.py for tasks to queue
[2025-04-25T23:39:22.511+0000] {logging_mixin.py:190} INFO - [2025-04-25T23:39:22.511+0000] {dagbag.py:588} INFO - Filling up the DagBag from /home/airflow/.local/lib/python3.12/site-packages/airflow/example_dags/example_sensor_decorator.py
[2025-04-25T23:39:22.531+0000] {processor.py:925} INFO - DAG(s) 'example_sensor_decorator' retrieved from /home/airflow/.local/lib/python3.12/site-packages/airflow/example_dags/example_sensor_decorator.py
[2025-04-25T23:39:22.624+0000] {logging_mixin.py:190} INFO - [2025-04-25T23:39:22.623+0000] {dag.py:3239} INFO - Sync 1 DAGs
[2025-04-25T23:39:22.700+0000] {logging_mixin.py:190} INFO - [2025-04-25T23:39:22.699+0000] {dag.py:4180} INFO - Setting next_dagrun for example_sensor_decorator to None, run_after=None
[2025-04-25T23:39:22.926+0000] {processor.py:208} INFO - Processing /home/airflow/.local/lib/python3.12/site-packages/airflow/example_dags/example_sensor_decorator.py took 0.450 seconds
[2025-04-25T23:40:02.637+0000] {processor.py:186} INFO - Started process (PID=354) to work on /home/airflow/.local/lib/python3.12/site-packages/airflow/example_dags/example_sensor_decorator.py
[2025-04-25T23:40:02.639+0000] {processor.py:914} INFO - Processing file /home/airflow/.local/lib/python3.12/site-packages/airflow/example_dags/example_sensor_decorator.py for tasks to queue
[2025-04-25T23:40:02.644+0000] {logging_mixin.py:190} INFO - [2025-04-25T23:40:02.644+0000] {dagbag.py:588} INFO - Filling up the DagBag from /home/airflow/.local/lib/python3.12/site-packages/airflow/example_dags/example_sensor_decorator.py
[2025-04-25T23:40:02.663+0000] {processor.py:925} INFO - DAG(s) 'example_sensor_decorator' retrieved from /home/airflow/.local/lib/python3.12/site-packages/airflow/example_dags/example_sensor_decorator.py
[2025-04-25T23:40:02.707+0000] {logging_mixin.py:190} INFO - [2025-04-25T23:40:02.707+0000] {dag.py:3239} INFO - Sync 1 DAGs
[2025-04-25T23:40:02.742+0000] {logging_mixin.py:190} INFO - [2025-04-25T23:40:02.741+0000] {dag.py:4180} INFO - Setting next_dagrun for example_sensor_decorator to None, run_after=None
[2025-04-25T23:40:02.797+0000] {processor.py:208} INFO - Processing /home/airflow/.local/lib/python3.12/site-packages/airflow/example_dags/example_sensor_decorator.py took 0.390 seconds
[2025-04-25T23:40:34.786+0000] {processor.py:186} INFO - Started process (PID=417) to work on /home/airflow/.local/lib/python3.12/site-packages/airflow/example_dags/example_sensor_decorator.py
[2025-04-25T23:40:34.788+0000] {processor.py:914} INFO - Processing file /home/airflow/.local/lib/python3.12/site-packages/airflow/example_dags/example_sensor_decorator.py for tasks to queue
[2025-04-25T23:40:34.793+0000] {logging_mixin.py:190} INFO - [2025-04-25T23:40:34.793+0000] {dagbag.py:588} INFO - Filling up the DagBag from /home/airflow/.local/lib/python3.12/site-packages/airflow/example_dags/example_sensor_decorator.py
[2025-04-25T23:40:34.811+0000] {processor.py:925} INFO - DAG(s) 'example_sensor_decorator' retrieved from /home/airflow/.local/lib/python3.12/site-packages/airflow/example_dags/example_sensor_decorator.py
[2025-04-25T23:40:34.858+0000] {logging_mixin.py:190} INFO - [2025-04-25T23:40:34.857+0000] {dag.py:3239} INFO - Sync 1 DAGs
[2025-04-25T23:40:34.879+0000] {logging_mixin.py:190} INFO - [2025-04-25T23:40:34.879+0000] {dag.py:4180} INFO - Setting next_dagrun for example_sensor_decorator to None, run_after=None
[2025-04-25T23:40:34.917+0000] {processor.py:208} INFO - Processing /home/airflow/.local/lib/python3.12/site-packages/airflow/example_dags/example_sensor_decorator.py took 0.143 seconds
[2025-04-25T23:41:08.025+0000] {processor.py:186} INFO - Started process (PID=480) to work on /home/airflow/.local/lib/python3.12/site-packages/airflow/example_dags/example_sensor_decorator.py
[2025-04-25T23:41:08.027+0000] {processor.py:914} INFO - Processing file /home/airflow/.local/lib/python3.12/site-packages/airflow/example_dags/example_sensor_decorator.py for tasks to queue
[2025-04-25T23:41:08.033+0000] {logging_mixin.py:190} INFO - [2025-04-25T23:41:08.033+0000] {dagbag.py:588} INFO - Filling up the DagBag from /home/airflow/.local/lib/python3.12/site-packages/airflow/example_dags/example_sensor_decorator.py
[2025-04-25T23:41:08.049+0000] {processor.py:925} INFO - DAG(s) 'example_sensor_decorator' retrieved from /home/airflow/.local/lib/python3.12/site-packages/airflow/example_dags/example_sensor_decorator.py
[2025-04-25T23:41:08.098+0000] {logging_mixin.py:190} INFO - [2025-04-25T23:41:08.097+0000] {dag.py:3239} INFO - Sync 1 DAGs
[2025-04-25T23:41:08.130+0000] {logging_mixin.py:190} INFO - [2025-04-25T23:41:08.130+0000] {dag.py:4180} INFO - Setting next_dagrun for example_sensor_decorator to None, run_after=None
[2025-04-25T23:41:08.167+0000] {processor.py:208} INFO - Processing /home/airflow/.local/lib/python3.12/site-packages/airflow/example_dags/example_sensor_decorator.py took 0.152 seconds
[2025-04-25T23:41:39.119+0000] {processor.py:186} INFO - Started process (PID=542) to work on /home/airflow/.local/lib/python3.12/site-packages/airflow/example_dags/example_sensor_decorator.py
[2025-04-25T23:41:39.120+0000] {processor.py:914} INFO - Processing file /home/airflow/.local/lib/python3.12/site-packages/airflow/example_dags/example_sensor_decorator.py for tasks to queue
[2025-04-25T23:41:39.124+0000] {logging_mixin.py:190} INFO - [2025-04-25T23:41:39.123+0000] {dagbag.py:588} INFO - Filling up the DagBag from /home/airflow/.local/lib/python3.12/site-packages/airflow/example_dags/example_sensor_decorator.py
[2025-04-25T23:41:39.140+0000] {processor.py:925} INFO - DAG(s) 'example_sensor_decorator' retrieved from /home/airflow/.local/lib/python3.12/site-packages/airflow/example_dags/example_sensor_decorator.py
[2025-04-25T23:41:39.174+0000] {logging_mixin.py:190} INFO - [2025-04-25T23:41:39.174+0000] {dag.py:3239} INFO - Sync 1 DAGs
[2025-04-25T23:41:39.196+0000] {logging_mixin.py:190} INFO - [2025-04-25T23:41:39.195+0000] {dag.py:4180} INFO - Setting next_dagrun for example_sensor_decorator to None, run_after=None
[2025-04-25T23:41:39.226+0000] {processor.py:208} INFO - Processing /home/airflow/.local/lib/python3.12/site-packages/airflow/example_dags/example_sensor_decorator.py took 0.116 seconds
[2025-04-25T23:42:11.005+0000] {processor.py:186} INFO - Started process (PID=605) to work on /home/airflow/.local/lib/python3.12/site-packages/airflow/example_dags/example_sensor_decorator.py
[2025-04-25T23:42:11.011+0000] {processor.py:914} INFO - Processing file /home/airflow/.local/lib/python3.12/site-packages/airflow/example_dags/example_sensor_decorator.py for tasks to queue
[2025-04-25T23:42:11.015+0000] {logging_mixin.py:190} INFO - [2025-04-25T23:42:11.014+0000] {dagbag.py:588} INFO - Filling up the DagBag from /home/airflow/.local/lib/python3.12/site-packages/airflow/example_dags/example_sensor_decorator.py
[2025-04-25T23:42:11.029+0000] {processor.py:925} INFO - DAG(s) 'example_sensor_decorator' retrieved from /home/airflow/.local/lib/python3.12/site-packages/airflow/example_dags/example_sensor_decorator.py
[2025-04-25T23:42:11.073+0000] {logging_mixin.py:190} INFO - [2025-04-25T23:42:11.072+0000] {dag.py:3239} INFO - Sync 1 DAGs
[2025-04-25T23:42:11.103+0000] {logging_mixin.py:190} INFO - [2025-04-25T23:42:11.103+0000] {dag.py:4180} INFO - Setting next_dagrun for example_sensor_decorator to None, run_after=None
[2025-04-25T23:42:11.135+0000] {processor.py:208} INFO - Processing /home/airflow/.local/lib/python3.12/site-packages/airflow/example_dags/example_sensor_decorator.py took 0.141 seconds
[2025-04-25T23:42:42.288+0000] {processor.py:186} INFO - Started process (PID=668) to work on /home/airflow/.local/lib/python3.12/site-packages/airflow/example_dags/example_sensor_decorator.py
[2025-04-25T23:42:42.289+0000] {processor.py:914} INFO - Processing file /home/airflow/.local/lib/python3.12/site-packages/airflow/example_dags/example_sensor_decorator.py for tasks to queue
[2025-04-25T23:42:42.293+0000] {logging_mixin.py:190} INFO - [2025-04-25T23:42:42.293+0000] {dagbag.py:588} INFO - Filling up the DagBag from /home/airflow/.local/lib/python3.12/site-packages/airflow/example_dags/example_sensor_decorator.py
[2025-04-25T23:42:42.305+0000] {processor.py:925} INFO - DAG(s) 'example_sensor_decorator' retrieved from /home/airflow/.local/lib/python3.12/site-packages/airflow/example_dags/example_sensor_decorator.py
[2025-04-25T23:42:42.335+0000] {logging_mixin.py:190} INFO - [2025-04-25T23:42:42.335+0000] {dag.py:3239} INFO - Sync 1 DAGs
[2025-04-25T23:42:42.361+0000] {logging_mixin.py:190} INFO - [2025-04-25T23:42:42.361+0000] {dag.py:4180} INFO - Setting next_dagrun for example_sensor_decorator to None, run_after=None
[2025-04-25T23:42:42.398+0000] {processor.py:208} INFO - Processing /home/airflow/.local/lib/python3.12/site-packages/airflow/example_dags/example_sensor_decorator.py took 0.118 seconds
[2025-04-25T23:43:26.368+0000] {processor.py:186} INFO - Started process (PID=737) to work on /home/airflow/.local/lib/python3.12/site-packages/airflow/example_dags/example_sensor_decorator.py
[2025-04-25T23:43:26.372+0000] {processor.py:914} INFO - Processing file /home/airflow/.local/lib/python3.12/site-packages/airflow/example_dags/example_sensor_decorator.py for tasks to queue
[2025-04-25T23:43:26.387+0000] {logging_mixin.py:190} INFO - [2025-04-25T23:43:26.386+0000] {dagbag.py:588} INFO - Filling up the DagBag from /home/airflow/.local/lib/python3.12/site-packages/airflow/example_dags/example_sensor_decorator.py
[2025-04-25T23:43:26.449+0000] {processor.py:925} INFO - DAG(s) 'example_sensor_decorator' retrieved from /home/airflow/.local/lib/python3.12/site-packages/airflow/example_dags/example_sensor_decorator.py
[2025-04-25T23:43:26.514+0000] {logging_mixin.py:190} INFO - [2025-04-25T23:43:26.513+0000] {dag.py:3239} INFO - Sync 1 DAGs
[2025-04-25T23:43:26.565+0000] {logging_mixin.py:190} INFO - [2025-04-25T23:43:26.565+0000] {dag.py:4180} INFO - Setting next_dagrun for example_sensor_decorator to None, run_after=None
[2025-04-25T23:43:26.639+0000] {processor.py:208} INFO - Processing /home/airflow/.local/lib/python3.12/site-packages/airflow/example_dags/example_sensor_decorator.py took 0.299 seconds
[2025-04-25T23:43:57.506+0000] {processor.py:186} INFO - Started process (PID=800) to work on /home/airflow/.local/lib/python3.12/site-packages/airflow/example_dags/example_sensor_decorator.py
[2025-04-25T23:43:57.507+0000] {processor.py:914} INFO - Processing file /home/airflow/.local/lib/python3.12/site-packages/airflow/example_dags/example_sensor_decorator.py for tasks to queue
[2025-04-25T23:43:57.510+0000] {logging_mixin.py:190} INFO - [2025-04-25T23:43:57.510+0000] {dagbag.py:588} INFO - Filling up the DagBag from /home/airflow/.local/lib/python3.12/site-packages/airflow/example_dags/example_sensor_decorator.py
[2025-04-25T23:43:57.527+0000] {processor.py:925} INFO - DAG(s) 'example_sensor_decorator' retrieved from /home/airflow/.local/lib/python3.12/site-packages/airflow/example_dags/example_sensor_decorator.py
[2025-04-25T23:43:57.563+0000] {logging_mixin.py:190} INFO - [2025-04-25T23:43:57.562+0000] {dag.py:3239} INFO - Sync 1 DAGs
[2025-04-25T23:43:57.590+0000] {logging_mixin.py:190} INFO - [2025-04-25T23:43:57.590+0000] {dag.py:4180} INFO - Setting next_dagrun for example_sensor_decorator to None, run_after=None
[2025-04-25T23:43:57.622+0000] {processor.py:208} INFO - Processing /home/airflow/.local/lib/python3.12/site-packages/airflow/example_dags/example_sensor_decorator.py took 0.124 seconds
[2025-04-25T23:44:27.921+0000] {processor.py:186} INFO - Started process (PID=863) to work on /home/airflow/.local/lib/python3.12/site-packages/airflow/example_dags/example_sensor_decorator.py
[2025-04-25T23:44:27.923+0000] {processor.py:914} INFO - Processing file /home/airflow/.local/lib/python3.12/site-packages/airflow/example_dags/example_sensor_decorator.py for tasks to queue
[2025-04-25T23:44:27.926+0000] {logging_mixin.py:190} INFO - [2025-04-25T23:44:27.926+0000] {dagbag.py:588} INFO - Filling up the DagBag from /home/airflow/.local/lib/python3.12/site-packages/airflow/example_dags/example_sensor_decorator.py
[2025-04-25T23:44:27.940+0000] {processor.py:925} INFO - DAG(s) 'example_sensor_decorator' retrieved from /home/airflow/.local/lib/python3.12/site-packages/airflow/example_dags/example_sensor_decorator.py
[2025-04-25T23:44:27.968+0000] {logging_mixin.py:190} INFO - [2025-04-25T23:44:27.967+0000] {dag.py:3239} INFO - Sync 1 DAGs
[2025-04-25T23:44:27.987+0000] {logging_mixin.py:190} INFO - [2025-04-25T23:44:27.987+0000] {dag.py:4180} INFO - Setting next_dagrun for example_sensor_decorator to None, run_after=None
[2025-04-25T23:44:28.024+0000] {processor.py:208} INFO - Processing /home/airflow/.local/lib/python3.12/site-packages/airflow/example_dags/example_sensor_decorator.py took 0.115 seconds
[2025-04-25T23:44:58.115+0000] {processor.py:186} INFO - Started process (PID=926) to work on /home/airflow/.local/lib/python3.12/site-packages/airflow/example_dags/example_sensor_decorator.py
[2025-04-25T23:44:58.116+0000] {processor.py:914} INFO - Processing file /home/airflow/.local/lib/python3.12/site-packages/airflow/example_dags/example_sensor_decorator.py for tasks to queue
[2025-04-25T23:44:58.120+0000] {logging_mixin.py:190} INFO - [2025-04-25T23:44:58.120+0000] {dagbag.py:588} INFO - Filling up the DagBag from /home/airflow/.local/lib/python3.12/site-packages/airflow/example_dags/example_sensor_decorator.py
[2025-04-25T23:44:58.132+0000] {processor.py:925} INFO - DAG(s) 'example_sensor_decorator' retrieved from /home/airflow/.local/lib/python3.12/site-packages/airflow/example_dags/example_sensor_decorator.py
[2025-04-25T23:44:58.164+0000] {logging_mixin.py:190} INFO - [2025-04-25T23:44:58.163+0000] {dag.py:3239} INFO - Sync 1 DAGs
[2025-04-25T23:44:58.187+0000] {logging_mixin.py:190} INFO - [2025-04-25T23:44:58.187+0000] {dag.py:4180} INFO - Setting next_dagrun for example_sensor_decorator to None, run_after=None
[2025-04-25T23:44:58.217+0000] {processor.py:208} INFO - Processing /home/airflow/.local/lib/python3.12/site-packages/airflow/example_dags/example_sensor_decorator.py took 0.111 seconds
[2025-04-25T23:45:28.577+0000] {processor.py:186} INFO - Started process (PID=989) to work on /home/airflow/.local/lib/python3.12/site-packages/airflow/example_dags/example_sensor_decorator.py
[2025-04-25T23:45:28.579+0000] {processor.py:914} INFO - Processing file /home/airflow/.local/lib/python3.12/site-packages/airflow/example_dags/example_sensor_decorator.py for tasks to queue
[2025-04-25T23:45:28.585+0000] {logging_mixin.py:190} INFO - [2025-04-25T23:45:28.584+0000] {dagbag.py:588} INFO - Filling up the DagBag from /home/airflow/.local/lib/python3.12/site-packages/airflow/example_dags/example_sensor_decorator.py
[2025-04-25T23:45:28.608+0000] {processor.py:925} INFO - DAG(s) 'example_sensor_decorator' retrieved from /home/airflow/.local/lib/python3.12/site-packages/airflow/example_dags/example_sensor_decorator.py
[2025-04-25T23:45:28.688+0000] {logging_mixin.py:190} INFO - [2025-04-25T23:45:28.688+0000] {dag.py:3239} INFO - Sync 1 DAGs
[2025-04-25T23:45:28.746+0000] {logging_mixin.py:190} INFO - [2025-04-25T23:45:28.746+0000] {dag.py:4180} INFO - Setting next_dagrun for example_sensor_decorator to None, run_after=None
[2025-04-25T23:45:28.800+0000] {processor.py:208} INFO - Processing /home/airflow/.local/lib/python3.12/site-packages/airflow/example_dags/example_sensor_decorator.py took 0.234 seconds
[2025-04-25T23:45:59.141+0000] {processor.py:186} INFO - Started process (PID=1051) to work on /home/airflow/.local/lib/python3.12/site-packages/airflow/example_dags/example_sensor_decorator.py
[2025-04-25T23:45:59.143+0000] {processor.py:914} INFO - Processing file /home/airflow/.local/lib/python3.12/site-packages/airflow/example_dags/example_sensor_decorator.py for tasks to queue
[2025-04-25T23:45:59.149+0000] {logging_mixin.py:190} INFO - [2025-04-25T23:45:59.148+0000] {dagbag.py:588} INFO - Filling up the DagBag from /home/airflow/.local/lib/python3.12/site-packages/airflow/example_dags/example_sensor_decorator.py
[2025-04-25T23:45:59.183+0000] {processor.py:925} INFO - DAG(s) 'example_sensor_decorator' retrieved from /home/airflow/.local/lib/python3.12/site-packages/airflow/example_dags/example_sensor_decorator.py
[2025-04-25T23:45:59.307+0000] {logging_mixin.py:190} INFO - [2025-04-25T23:45:59.306+0000] {dag.py:3239} INFO - Sync 1 DAGs
[2025-04-25T23:45:59.374+0000] {logging_mixin.py:190} INFO - [2025-04-25T23:45:59.374+0000] {dag.py:4180} INFO - Setting next_dagrun for example_sensor_decorator to None, run_after=None
[2025-04-25T23:45:59.447+0000] {processor.py:208} INFO - Processing /home/airflow/.local/lib/python3.12/site-packages/airflow/example_dags/example_sensor_decorator.py took 0.340 seconds
[2025-04-25T23:46:40.071+0000] {processor.py:186} INFO - Started process (PID=1113) to work on /home/airflow/.local/lib/python3.12/site-packages/airflow/example_dags/example_sensor_decorator.py
[2025-04-25T23:46:40.147+0000] {processor.py:914} INFO - Processing file /home/airflow/.local/lib/python3.12/site-packages/airflow/example_dags/example_sensor_decorator.py for tasks to queue
[2025-04-25T23:46:40.598+0000] {logging_mixin.py:190} INFO - [2025-04-25T23:46:40.263+0000] {dagbag.py:588} INFO - Filling up the DagBag from /home/airflow/.local/lib/python3.12/site-packages/airflow/example_dags/example_sensor_decorator.py
[2025-04-25T23:46:40.642+0000] {processor.py:925} INFO - DAG(s) 'example_sensor_decorator' retrieved from /home/airflow/.local/lib/python3.12/site-packages/airflow/example_dags/example_sensor_decorator.py
[2025-04-25T23:46:41.314+0000] {logging_mixin.py:190} INFO - [2025-04-25T23:46:41.312+0000] {dag.py:3239} INFO - Sync 1 DAGs
[2025-04-25T23:46:41.943+0000] {logging_mixin.py:190} INFO - [2025-04-25T23:46:41.938+0000] {dag.py:4180} INFO - Setting next_dagrun for example_sensor_decorator to None, run_after=None
[2025-04-25T23:46:42.412+0000] {processor.py:208} INFO - Processing /home/airflow/.local/lib/python3.12/site-packages/airflow/example_dags/example_sensor_decorator.py took 2.934 seconds
[2025-04-25T23:47:12.590+0000] {processor.py:186} INFO - Started process (PID=1175) to work on /home/airflow/.local/lib/python3.12/site-packages/airflow/example_dags/example_sensor_decorator.py
[2025-04-25T23:47:12.591+0000] {processor.py:914} INFO - Processing file /home/airflow/.local/lib/python3.12/site-packages/airflow/example_dags/example_sensor_decorator.py for tasks to queue
[2025-04-25T23:47:12.594+0000] {logging_mixin.py:190} INFO - [2025-04-25T23:47:12.594+0000] {dagbag.py:588} INFO - Filling up the DagBag from /home/airflow/.local/lib/python3.12/site-packages/airflow/example_dags/example_sensor_decorator.py
[2025-04-25T23:47:12.603+0000] {processor.py:925} INFO - DAG(s) 'example_sensor_decorator' retrieved from /home/airflow/.local/lib/python3.12/site-packages/airflow/example_dags/example_sensor_decorator.py
[2025-04-25T23:47:12.627+0000] {logging_mixin.py:190} INFO - [2025-04-25T23:47:12.627+0000] {dag.py:3239} INFO - Sync 1 DAGs
[2025-04-25T23:47:12.643+0000] {logging_mixin.py:190} INFO - [2025-04-25T23:47:12.643+0000] {dag.py:4180} INFO - Setting next_dagrun for example_sensor_decorator to None, run_after=None
[2025-04-25T23:47:12.664+0000] {processor.py:208} INFO - Processing /home/airflow/.local/lib/python3.12/site-packages/airflow/example_dags/example_sensor_decorator.py took 0.082 seconds
[2025-04-25T23:47:42.936+0000] {processor.py:186} INFO - Started process (PID=1237) to work on /home/airflow/.local/lib/python3.12/site-packages/airflow/example_dags/example_sensor_decorator.py
[2025-04-25T23:47:42.937+0000] {processor.py:914} INFO - Processing file /home/airflow/.local/lib/python3.12/site-packages/airflow/example_dags/example_sensor_decorator.py for tasks to queue
[2025-04-25T23:47:42.939+0000] {logging_mixin.py:190} INFO - [2025-04-25T23:47:42.939+0000] {dagbag.py:588} INFO - Filling up the DagBag from /home/airflow/.local/lib/python3.12/site-packages/airflow/example_dags/example_sensor_decorator.py
[2025-04-25T23:47:42.948+0000] {processor.py:925} INFO - DAG(s) 'example_sensor_decorator' retrieved from /home/airflow/.local/lib/python3.12/site-packages/airflow/example_dags/example_sensor_decorator.py
[2025-04-25T23:47:42.973+0000] {logging_mixin.py:190} INFO - [2025-04-25T23:47:42.973+0000] {dag.py:3239} INFO - Sync 1 DAGs
[2025-04-25T23:47:42.992+0000] {logging_mixin.py:190} INFO - [2025-04-25T23:47:42.992+0000] {dag.py:4180} INFO - Setting next_dagrun for example_sensor_decorator to None, run_after=None
[2025-04-25T23:47:43.013+0000] {processor.py:208} INFO - Processing /home/airflow/.local/lib/python3.12/site-packages/airflow/example_dags/example_sensor_decorator.py took 0.085 seconds
[2025-04-25T23:48:13.177+0000] {processor.py:186} INFO - Started process (PID=1300) to work on /home/airflow/.local/lib/python3.12/site-packages/airflow/example_dags/example_sensor_decorator.py
[2025-04-25T23:48:13.180+0000] {processor.py:914} INFO - Processing file /home/airflow/.local/lib/python3.12/site-packages/airflow/example_dags/example_sensor_decorator.py for tasks to queue
[2025-04-25T23:48:13.183+0000] {logging_mixin.py:190} INFO - [2025-04-25T23:48:13.183+0000] {dagbag.py:588} INFO - Filling up the DagBag from /home/airflow/.local/lib/python3.12/site-packages/airflow/example_dags/example_sensor_decorator.py
[2025-04-25T23:48:13.194+0000] {processor.py:925} INFO - DAG(s) 'example_sensor_decorator' retrieved from /home/airflow/.local/lib/python3.12/site-packages/airflow/example_dags/example_sensor_decorator.py
[2025-04-25T23:48:13.218+0000] {logging_mixin.py:190} INFO - [2025-04-25T23:48:13.217+0000] {dag.py:3239} INFO - Sync 1 DAGs
[2025-04-25T23:48:13.238+0000] {logging_mixin.py:190} INFO - [2025-04-25T23:48:13.238+0000] {dag.py:4180} INFO - Setting next_dagrun for example_sensor_decorator to None, run_after=None
[2025-04-25T23:48:13.265+0000] {processor.py:208} INFO - Processing /home/airflow/.local/lib/python3.12/site-packages/airflow/example_dags/example_sensor_decorator.py took 0.094 seconds
[2025-04-25T23:48:43.742+0000] {processor.py:186} INFO - Started process (PID=1362) to work on /home/airflow/.local/lib/python3.12/site-packages/airflow/example_dags/example_sensor_decorator.py
[2025-04-25T23:48:43.745+0000] {processor.py:914} INFO - Processing file /home/airflow/.local/lib/python3.12/site-packages/airflow/example_dags/example_sensor_decorator.py for tasks to queue
[2025-04-25T23:48:43.751+0000] {logging_mixin.py:190} INFO - [2025-04-25T23:48:43.750+0000] {dagbag.py:588} INFO - Filling up the DagBag from /home/airflow/.local/lib/python3.12/site-packages/airflow/example_dags/example_sensor_decorator.py
[2025-04-25T23:48:43.773+0000] {processor.py:925} INFO - DAG(s) 'example_sensor_decorator' retrieved from /home/airflow/.local/lib/python3.12/site-packages/airflow/example_dags/example_sensor_decorator.py
[2025-04-25T23:48:44.111+0000] {logging_mixin.py:190} INFO - [2025-04-25T23:48:44.110+0000] {dag.py:3239} INFO - Sync 1 DAGs
[2025-04-25T23:48:44.183+0000] {logging_mixin.py:190} INFO - [2025-04-25T23:48:44.183+0000] {dag.py:4180} INFO - Setting next_dagrun for example_sensor_decorator to None, run_after=None
[2025-04-25T23:48:44.238+0000] {processor.py:208} INFO - Processing /home/airflow/.local/lib/python3.12/site-packages/airflow/example_dags/example_sensor_decorator.py took 0.523 seconds
[2025-04-25T23:49:15.071+0000] {processor.py:186} INFO - Started process (PID=1425) to work on /home/airflow/.local/lib/python3.12/site-packages/airflow/example_dags/example_sensor_decorator.py
[2025-04-25T23:49:15.073+0000] {processor.py:914} INFO - Processing file /home/airflow/.local/lib/python3.12/site-packages/airflow/example_dags/example_sensor_decorator.py for tasks to queue
[2025-04-25T23:49:15.081+0000] {logging_mixin.py:190} INFO - [2025-04-25T23:49:15.081+0000] {dagbag.py:588} INFO - Filling up the DagBag from /home/airflow/.local/lib/python3.12/site-packages/airflow/example_dags/example_sensor_decorator.py
[2025-04-25T23:49:15.147+0000] {processor.py:925} INFO - DAG(s) 'example_sensor_decorator' retrieved from /home/airflow/.local/lib/python3.12/site-packages/airflow/example_dags/example_sensor_decorator.py
[2025-04-25T23:49:15.251+0000] {logging_mixin.py:190} INFO - [2025-04-25T23:49:15.245+0000] {dag.py:3239} INFO - Sync 1 DAGs
[2025-04-25T23:49:15.299+0000] {logging_mixin.py:190} INFO - [2025-04-25T23:49:15.299+0000] {dag.py:4180} INFO - Setting next_dagrun for example_sensor_decorator to None, run_after=None
[2025-04-25T23:49:15.346+0000] {processor.py:208} INFO - Processing /home/airflow/.local/lib/python3.12/site-packages/airflow/example_dags/example_sensor_decorator.py took 0.309 seconds
[2025-04-25T23:49:46.024+0000] {processor.py:186} INFO - Started process (PID=1488) to work on /home/airflow/.local/lib/python3.12/site-packages/airflow/example_dags/example_sensor_decorator.py
[2025-04-25T23:49:46.025+0000] {processor.py:914} INFO - Processing file /home/airflow/.local/lib/python3.12/site-packages/airflow/example_dags/example_sensor_decorator.py for tasks to queue
[2025-04-25T23:49:46.028+0000] {logging_mixin.py:190} INFO - [2025-04-25T23:49:46.027+0000] {dagbag.py:588} INFO - Filling up the DagBag from /home/airflow/.local/lib/python3.12/site-packages/airflow/example_dags/example_sensor_decorator.py
[2025-04-25T23:49:46.039+0000] {processor.py:925} INFO - DAG(s) 'example_sensor_decorator' retrieved from /home/airflow/.local/lib/python3.12/site-packages/airflow/example_dags/example_sensor_decorator.py
[2025-04-25T23:49:46.064+0000] {logging_mixin.py:190} INFO - [2025-04-25T23:49:46.063+0000] {dag.py:3239} INFO - Sync 1 DAGs
[2025-04-25T23:49:46.081+0000] {logging_mixin.py:190} INFO - [2025-04-25T23:49:46.081+0000] {dag.py:4180} INFO - Setting next_dagrun for example_sensor_decorator to None, run_after=None
[2025-04-25T23:49:46.107+0000] {processor.py:208} INFO - Processing /home/airflow/.local/lib/python3.12/site-packages/airflow/example_dags/example_sensor_decorator.py took 0.090 seconds
[2025-04-25T23:50:16.342+0000] {processor.py:186} INFO - Started process (PID=1552) to work on /home/airflow/.local/lib/python3.12/site-packages/airflow/example_dags/example_sensor_decorator.py
[2025-04-25T23:50:16.344+0000] {processor.py:914} INFO - Processing file /home/airflow/.local/lib/python3.12/site-packages/airflow/example_dags/example_sensor_decorator.py for tasks to queue
[2025-04-25T23:50:16.349+0000] {logging_mixin.py:190} INFO - [2025-04-25T23:50:16.348+0000] {dagbag.py:588} INFO - Filling up the DagBag from /home/airflow/.local/lib/python3.12/site-packages/airflow/example_dags/example_sensor_decorator.py
[2025-04-25T23:50:16.361+0000] {processor.py:925} INFO - DAG(s) 'example_sensor_decorator' retrieved from /home/airflow/.local/lib/python3.12/site-packages/airflow/example_dags/example_sensor_decorator.py
[2025-04-25T23:50:16.390+0000] {logging_mixin.py:190} INFO - [2025-04-25T23:50:16.390+0000] {dag.py:3239} INFO - Sync 1 DAGs
[2025-04-25T23:50:16.416+0000] {logging_mixin.py:190} INFO - [2025-04-25T23:50:16.415+0000] {dag.py:4180} INFO - Setting next_dagrun for example_sensor_decorator to None, run_after=None
[2025-04-25T23:50:16.476+0000] {processor.py:208} INFO - Processing /home/airflow/.local/lib/python3.12/site-packages/airflow/example_dags/example_sensor_decorator.py took 0.146 seconds
[2025-04-25T23:50:47.071+0000] {processor.py:186} INFO - Started process (PID=1614) to work on /home/airflow/.local/lib/python3.12/site-packages/airflow/example_dags/example_sensor_decorator.py
[2025-04-25T23:50:47.074+0000] {processor.py:914} INFO - Processing file /home/airflow/.local/lib/python3.12/site-packages/airflow/example_dags/example_sensor_decorator.py for tasks to queue
[2025-04-25T23:50:47.078+0000] {logging_mixin.py:190} INFO - [2025-04-25T23:50:47.078+0000] {dagbag.py:588} INFO - Filling up the DagBag from /home/airflow/.local/lib/python3.12/site-packages/airflow/example_dags/example_sensor_decorator.py
[2025-04-25T23:50:47.089+0000] {processor.py:925} INFO - DAG(s) 'example_sensor_decorator' retrieved from /home/airflow/.local/lib/python3.12/site-packages/airflow/example_dags/example_sensor_decorator.py
[2025-04-25T23:50:47.114+0000] {logging_mixin.py:190} INFO - [2025-04-25T23:50:47.113+0000] {dag.py:3239} INFO - Sync 1 DAGs
[2025-04-25T23:50:47.134+0000] {logging_mixin.py:190} INFO - [2025-04-25T23:50:47.133+0000] {dag.py:4180} INFO - Setting next_dagrun for example_sensor_decorator to None, run_after=None
[2025-04-25T23:50:47.157+0000] {processor.py:208} INFO - Processing /home/airflow/.local/lib/python3.12/site-packages/airflow/example_dags/example_sensor_decorator.py took 0.093 seconds
[2025-04-25T23:51:21.874+0000] {processor.py:186} INFO - Started process (PID=1672) to work on /home/airflow/.local/lib/python3.12/site-packages/airflow/example_dags/example_sensor_decorator.py
[2025-04-25T23:51:21.890+0000] {processor.py:914} INFO - Processing file /home/airflow/.local/lib/python3.12/site-packages/airflow/example_dags/example_sensor_decorator.py for tasks to queue
[2025-04-25T23:51:21.897+0000] {logging_mixin.py:190} INFO - [2025-04-25T23:51:21.896+0000] {dagbag.py:588} INFO - Filling up the DagBag from /home/airflow/.local/lib/python3.12/site-packages/airflow/example_dags/example_sensor_decorator.py
[2025-04-25T23:51:21.957+0000] {processor.py:925} INFO - DAG(s) 'example_sensor_decorator' retrieved from /home/airflow/.local/lib/python3.12/site-packages/airflow/example_dags/example_sensor_decorator.py
[2025-04-25T23:51:22.202+0000] {logging_mixin.py:190} INFO - [2025-04-25T23:51:22.200+0000] {dag.py:3239} INFO - Sync 1 DAGs
[2025-04-25T23:51:22.492+0000] {logging_mixin.py:190} INFO - [2025-04-25T23:51:22.491+0000] {dag.py:4180} INFO - Setting next_dagrun for example_sensor_decorator to None, run_after=None
[2025-04-25T23:51:22.859+0000] {processor.py:208} INFO - Processing /home/airflow/.local/lib/python3.12/site-packages/airflow/example_dags/example_sensor_decorator.py took 0.997 seconds
[2025-04-25T23:51:53.351+0000] {processor.py:186} INFO - Started process (PID=1734) to work on /home/airflow/.local/lib/python3.12/site-packages/airflow/example_dags/example_sensor_decorator.py
[2025-04-25T23:51:53.352+0000] {processor.py:914} INFO - Processing file /home/airflow/.local/lib/python3.12/site-packages/airflow/example_dags/example_sensor_decorator.py for tasks to queue
[2025-04-25T23:51:53.355+0000] {logging_mixin.py:190} INFO - [2025-04-25T23:51:53.354+0000] {dagbag.py:588} INFO - Filling up the DagBag from /home/airflow/.local/lib/python3.12/site-packages/airflow/example_dags/example_sensor_decorator.py
[2025-04-25T23:51:53.363+0000] {processor.py:925} INFO - DAG(s) 'example_sensor_decorator' retrieved from /home/airflow/.local/lib/python3.12/site-packages/airflow/example_dags/example_sensor_decorator.py
[2025-04-25T23:51:53.385+0000] {logging_mixin.py:190} INFO - [2025-04-25T23:51:53.385+0000] {dag.py:3239} INFO - Sync 1 DAGs
[2025-04-25T23:51:53.401+0000] {logging_mixin.py:190} INFO - [2025-04-25T23:51:53.401+0000] {dag.py:4180} INFO - Setting next_dagrun for example_sensor_decorator to None, run_after=None
[2025-04-25T23:51:53.422+0000] {processor.py:208} INFO - Processing /home/airflow/.local/lib/python3.12/site-packages/airflow/example_dags/example_sensor_decorator.py took 0.078 seconds
[2025-04-25T23:52:23.890+0000] {processor.py:186} INFO - Started process (PID=1798) to work on /home/airflow/.local/lib/python3.12/site-packages/airflow/example_dags/example_sensor_decorator.py
[2025-04-25T23:52:23.894+0000] {processor.py:914} INFO - Processing file /home/airflow/.local/lib/python3.12/site-packages/airflow/example_dags/example_sensor_decorator.py for tasks to queue
[2025-04-25T23:52:23.902+0000] {logging_mixin.py:190} INFO - [2025-04-25T23:52:23.900+0000] {dagbag.py:588} INFO - Filling up the DagBag from /home/airflow/.local/lib/python3.12/site-packages/airflow/example_dags/example_sensor_decorator.py
[2025-04-25T23:52:23.920+0000] {processor.py:925} INFO - DAG(s) 'example_sensor_decorator' retrieved from /home/airflow/.local/lib/python3.12/site-packages/airflow/example_dags/example_sensor_decorator.py
[2025-04-25T23:52:23.973+0000] {logging_mixin.py:190} INFO - [2025-04-25T23:52:23.972+0000] {dag.py:3239} INFO - Sync 1 DAGs
[2025-04-25T23:52:24.023+0000] {logging_mixin.py:190} INFO - [2025-04-25T23:52:24.022+0000] {dag.py:4180} INFO - Setting next_dagrun for example_sensor_decorator to None, run_after=None
[2025-04-25T23:52:24.072+0000] {processor.py:208} INFO - Processing /home/airflow/.local/lib/python3.12/site-packages/airflow/example_dags/example_sensor_decorator.py took 0.257 seconds
[2025-04-25T23:52:54.232+0000] {processor.py:186} INFO - Started process (PID=1860) to work on /home/airflow/.local/lib/python3.12/site-packages/airflow/example_dags/example_sensor_decorator.py
[2025-04-25T23:52:54.234+0000] {processor.py:914} INFO - Processing file /home/airflow/.local/lib/python3.12/site-packages/airflow/example_dags/example_sensor_decorator.py for tasks to queue
[2025-04-25T23:52:54.241+0000] {logging_mixin.py:190} INFO - [2025-04-25T23:52:54.240+0000] {dagbag.py:588} INFO - Filling up the DagBag from /home/airflow/.local/lib/python3.12/site-packages/airflow/example_dags/example_sensor_decorator.py
[2025-04-25T23:52:54.281+0000] {processor.py:925} INFO - DAG(s) 'example_sensor_decorator' retrieved from /home/airflow/.local/lib/python3.12/site-packages/airflow/example_dags/example_sensor_decorator.py
[2025-04-25T23:52:54.361+0000] {logging_mixin.py:190} INFO - [2025-04-25T23:52:54.358+0000] {dag.py:3239} INFO - Sync 1 DAGs
[2025-04-25T23:52:54.414+0000] {logging_mixin.py:190} INFO - [2025-04-25T23:52:54.414+0000] {dag.py:4180} INFO - Setting next_dagrun for example_sensor_decorator to None, run_after=None
[2025-04-25T23:52:54.536+0000] {processor.py:208} INFO - Processing /home/airflow/.local/lib/python3.12/site-packages/airflow/example_dags/example_sensor_decorator.py took 0.329 seconds
[2025-04-25T23:53:24.592+0000] {processor.py:186} INFO - Started process (PID=1924) to work on /home/airflow/.local/lib/python3.12/site-packages/airflow/example_dags/example_sensor_decorator.py
[2025-04-25T23:53:24.593+0000] {processor.py:914} INFO - Processing file /home/airflow/.local/lib/python3.12/site-packages/airflow/example_dags/example_sensor_decorator.py for tasks to queue
[2025-04-25T23:53:24.596+0000] {logging_mixin.py:190} INFO - [2025-04-25T23:53:24.596+0000] {dagbag.py:588} INFO - Filling up the DagBag from /home/airflow/.local/lib/python3.12/site-packages/airflow/example_dags/example_sensor_decorator.py
[2025-04-25T23:53:24.605+0000] {processor.py:925} INFO - DAG(s) 'example_sensor_decorator' retrieved from /home/airflow/.local/lib/python3.12/site-packages/airflow/example_dags/example_sensor_decorator.py
[2025-04-25T23:53:24.627+0000] {logging_mixin.py:190} INFO - [2025-04-25T23:53:24.627+0000] {dag.py:3239} INFO - Sync 1 DAGs
[2025-04-25T23:53:24.642+0000] {logging_mixin.py:190} INFO - [2025-04-25T23:53:24.642+0000] {dag.py:4180} INFO - Setting next_dagrun for example_sensor_decorator to None, run_after=None
[2025-04-25T23:53:24.665+0000] {processor.py:208} INFO - Processing /home/airflow/.local/lib/python3.12/site-packages/airflow/example_dags/example_sensor_decorator.py took 0.080 seconds
[2025-04-25T23:53:54.869+0000] {processor.py:186} INFO - Started process (PID=1989) to work on /home/airflow/.local/lib/python3.12/site-packages/airflow/example_dags/example_sensor_decorator.py
[2025-04-25T23:53:54.872+0000] {processor.py:914} INFO - Processing file /home/airflow/.local/lib/python3.12/site-packages/airflow/example_dags/example_sensor_decorator.py for tasks to queue
[2025-04-25T23:53:54.876+0000] {logging_mixin.py:190} INFO - [2025-04-25T23:53:54.875+0000] {dagbag.py:588} INFO - Filling up the DagBag from /home/airflow/.local/lib/python3.12/site-packages/airflow/example_dags/example_sensor_decorator.py
[2025-04-25T23:53:54.892+0000] {processor.py:925} INFO - DAG(s) 'example_sensor_decorator' retrieved from /home/airflow/.local/lib/python3.12/site-packages/airflow/example_dags/example_sensor_decorator.py
[2025-04-25T23:53:54.934+0000] {logging_mixin.py:190} INFO - [2025-04-25T23:53:54.933+0000] {dag.py:3239} INFO - Sync 1 DAGs
[2025-04-25T23:53:54.955+0000] {logging_mixin.py:190} INFO - [2025-04-25T23:53:54.955+0000] {dag.py:4180} INFO - Setting next_dagrun for example_sensor_decorator to None, run_after=None
[2025-04-25T23:53:54.989+0000] {processor.py:208} INFO - Processing /home/airflow/.local/lib/python3.12/site-packages/airflow/example_dags/example_sensor_decorator.py took 0.128 seconds
[2025-04-25T23:54:25.178+0000] {processor.py:186} INFO - Started process (PID=2053) to work on /home/airflow/.local/lib/python3.12/site-packages/airflow/example_dags/example_sensor_decorator.py
[2025-04-25T23:54:25.180+0000] {processor.py:914} INFO - Processing file /home/airflow/.local/lib/python3.12/site-packages/airflow/example_dags/example_sensor_decorator.py for tasks to queue
[2025-04-25T23:54:25.186+0000] {logging_mixin.py:190} INFO - [2025-04-25T23:54:25.186+0000] {dagbag.py:588} INFO - Filling up the DagBag from /home/airflow/.local/lib/python3.12/site-packages/airflow/example_dags/example_sensor_decorator.py
[2025-04-25T23:54:25.198+0000] {processor.py:925} INFO - DAG(s) 'example_sensor_decorator' retrieved from /home/airflow/.local/lib/python3.12/site-packages/airflow/example_dags/example_sensor_decorator.py
[2025-04-25T23:54:25.230+0000] {logging_mixin.py:190} INFO - [2025-04-25T23:54:25.230+0000] {dag.py:3239} INFO - Sync 1 DAGs
[2025-04-25T23:54:25.247+0000] {logging_mixin.py:190} INFO - [2025-04-25T23:54:25.247+0000] {dag.py:4180} INFO - Setting next_dagrun for example_sensor_decorator to None, run_after=None
[2025-04-25T23:54:25.280+0000] {processor.py:208} INFO - Processing /home/airflow/.local/lib/python3.12/site-packages/airflow/example_dags/example_sensor_decorator.py took 0.109 seconds
[2025-04-25T23:54:55.627+0000] {processor.py:186} INFO - Started process (PID=2117) to work on /home/airflow/.local/lib/python3.12/site-packages/airflow/example_dags/example_sensor_decorator.py
[2025-04-25T23:54:55.630+0000] {processor.py:914} INFO - Processing file /home/airflow/.local/lib/python3.12/site-packages/airflow/example_dags/example_sensor_decorator.py for tasks to queue
[2025-04-25T23:54:55.637+0000] {logging_mixin.py:190} INFO - [2025-04-25T23:54:55.634+0000] {dagbag.py:588} INFO - Filling up the DagBag from /home/airflow/.local/lib/python3.12/site-packages/airflow/example_dags/example_sensor_decorator.py
[2025-04-25T23:54:55.661+0000] {processor.py:925} INFO - DAG(s) 'example_sensor_decorator' retrieved from /home/airflow/.local/lib/python3.12/site-packages/airflow/example_dags/example_sensor_decorator.py
[2025-04-25T23:54:55.710+0000] {logging_mixin.py:190} INFO - [2025-04-25T23:54:55.710+0000] {dag.py:3239} INFO - Sync 1 DAGs
[2025-04-25T23:54:55.728+0000] {logging_mixin.py:190} INFO - [2025-04-25T23:54:55.728+0000] {dag.py:4180} INFO - Setting next_dagrun for example_sensor_decorator to None, run_after=None
[2025-04-25T23:54:55.757+0000] {processor.py:208} INFO - Processing /home/airflow/.local/lib/python3.12/site-packages/airflow/example_dags/example_sensor_decorator.py took 0.144 seconds
[2025-04-25T23:55:26.253+0000] {processor.py:186} INFO - Started process (PID=2181) to work on /home/airflow/.local/lib/python3.12/site-packages/airflow/example_dags/example_sensor_decorator.py
[2025-04-25T23:55:26.256+0000] {processor.py:914} INFO - Processing file /home/airflow/.local/lib/python3.12/site-packages/airflow/example_dags/example_sensor_decorator.py for tasks to queue
[2025-04-25T23:55:26.260+0000] {logging_mixin.py:190} INFO - [2025-04-25T23:55:26.260+0000] {dagbag.py:588} INFO - Filling up the DagBag from /home/airflow/.local/lib/python3.12/site-packages/airflow/example_dags/example_sensor_decorator.py
[2025-04-25T23:55:26.270+0000] {processor.py:925} INFO - DAG(s) 'example_sensor_decorator' retrieved from /home/airflow/.local/lib/python3.12/site-packages/airflow/example_dags/example_sensor_decorator.py
[2025-04-25T23:55:26.299+0000] {logging_mixin.py:190} INFO - [2025-04-25T23:55:26.299+0000] {dag.py:3239} INFO - Sync 1 DAGs
[2025-04-25T23:55:26.319+0000] {logging_mixin.py:190} INFO - [2025-04-25T23:55:26.318+0000] {dag.py:4180} INFO - Setting next_dagrun for example_sensor_decorator to None, run_after=None
[2025-04-25T23:55:26.356+0000] {processor.py:208} INFO - Processing /home/airflow/.local/lib/python3.12/site-packages/airflow/example_dags/example_sensor_decorator.py took 0.110 seconds
[2025-04-25T23:55:56.623+0000] {processor.py:186} INFO - Started process (PID=2245) to work on /home/airflow/.local/lib/python3.12/site-packages/airflow/example_dags/example_sensor_decorator.py
[2025-04-25T23:55:56.627+0000] {processor.py:914} INFO - Processing file /home/airflow/.local/lib/python3.12/site-packages/airflow/example_dags/example_sensor_decorator.py for tasks to queue
[2025-04-25T23:55:56.634+0000] {logging_mixin.py:190} INFO - [2025-04-25T23:55:56.633+0000] {dagbag.py:588} INFO - Filling up the DagBag from /home/airflow/.local/lib/python3.12/site-packages/airflow/example_dags/example_sensor_decorator.py
[2025-04-25T23:55:56.654+0000] {processor.py:925} INFO - DAG(s) 'example_sensor_decorator' retrieved from /home/airflow/.local/lib/python3.12/site-packages/airflow/example_dags/example_sensor_decorator.py
[2025-04-25T23:55:56.733+0000] {logging_mixin.py:190} INFO - [2025-04-25T23:55:56.733+0000] {dag.py:3239} INFO - Sync 1 DAGs
[2025-04-25T23:55:56.781+0000] {logging_mixin.py:190} INFO - [2025-04-25T23:55:56.780+0000] {dag.py:4180} INFO - Setting next_dagrun for example_sensor_decorator to None, run_after=None
[2025-04-25T23:55:56.839+0000] {processor.py:208} INFO - Processing /home/airflow/.local/lib/python3.12/site-packages/airflow/example_dags/example_sensor_decorator.py took 0.229 seconds
[2025-04-25T23:56:27.501+0000] {processor.py:186} INFO - Started process (PID=2310) to work on /home/airflow/.local/lib/python3.12/site-packages/airflow/example_dags/example_sensor_decorator.py
[2025-04-25T23:56:27.508+0000] {processor.py:914} INFO - Processing file /home/airflow/.local/lib/python3.12/site-packages/airflow/example_dags/example_sensor_decorator.py for tasks to queue
[2025-04-25T23:56:27.513+0000] {logging_mixin.py:190} INFO - [2025-04-25T23:56:27.512+0000] {dagbag.py:588} INFO - Filling up the DagBag from /home/airflow/.local/lib/python3.12/site-packages/airflow/example_dags/example_sensor_decorator.py
[2025-04-25T23:56:27.548+0000] {processor.py:925} INFO - DAG(s) 'example_sensor_decorator' retrieved from /home/airflow/.local/lib/python3.12/site-packages/airflow/example_dags/example_sensor_decorator.py
[2025-04-25T23:56:27.603+0000] {logging_mixin.py:190} INFO - [2025-04-25T23:56:27.602+0000] {dag.py:3239} INFO - Sync 1 DAGs
[2025-04-25T23:56:27.634+0000] {logging_mixin.py:190} INFO - [2025-04-25T23:56:27.634+0000] {dag.py:4180} INFO - Setting next_dagrun for example_sensor_decorator to None, run_after=None
[2025-04-25T23:56:27.677+0000] {processor.py:208} INFO - Processing /home/airflow/.local/lib/python3.12/site-packages/airflow/example_dags/example_sensor_decorator.py took 0.198 seconds
[2025-04-25T23:56:58.039+0000] {processor.py:186} INFO - Started process (PID=2374) to work on /home/airflow/.local/lib/python3.12/site-packages/airflow/example_dags/example_sensor_decorator.py
[2025-04-25T23:56:58.041+0000] {processor.py:914} INFO - Processing file /home/airflow/.local/lib/python3.12/site-packages/airflow/example_dags/example_sensor_decorator.py for tasks to queue
[2025-04-25T23:56:58.042+0000] {logging_mixin.py:190} INFO - [2025-04-25T23:56:58.042+0000] {dagbag.py:588} INFO - Filling up the DagBag from /home/airflow/.local/lib/python3.12/site-packages/airflow/example_dags/example_sensor_decorator.py
[2025-04-25T23:56:58.057+0000] {processor.py:925} INFO - DAG(s) 'example_sensor_decorator' retrieved from /home/airflow/.local/lib/python3.12/site-packages/airflow/example_dags/example_sensor_decorator.py
[2025-04-25T23:56:58.103+0000] {logging_mixin.py:190} INFO - [2025-04-25T23:56:58.103+0000] {dag.py:3239} INFO - Sync 1 DAGs
[2025-04-25T23:56:58.134+0000] {logging_mixin.py:190} INFO - [2025-04-25T23:56:58.134+0000] {dag.py:4180} INFO - Setting next_dagrun for example_sensor_decorator to None, run_after=None
[2025-04-25T23:56:58.213+0000] {processor.py:208} INFO - Processing /home/airflow/.local/lib/python3.12/site-packages/airflow/example_dags/example_sensor_decorator.py took 0.190 seconds
[2025-04-25T23:57:28.364+0000] {processor.py:186} INFO - Started process (PID=2438) to work on /home/airflow/.local/lib/python3.12/site-packages/airflow/example_dags/example_sensor_decorator.py
[2025-04-25T23:57:28.366+0000] {processor.py:914} INFO - Processing file /home/airflow/.local/lib/python3.12/site-packages/airflow/example_dags/example_sensor_decorator.py for tasks to queue
[2025-04-25T23:57:28.367+0000] {logging_mixin.py:190} INFO - [2025-04-25T23:57:28.367+0000] {dagbag.py:588} INFO - Filling up the DagBag from /home/airflow/.local/lib/python3.12/site-packages/airflow/example_dags/example_sensor_decorator.py
[2025-04-25T23:57:28.388+0000] {processor.py:925} INFO - DAG(s) 'example_sensor_decorator' retrieved from /home/airflow/.local/lib/python3.12/site-packages/airflow/example_dags/example_sensor_decorator.py
[2025-04-25T23:57:28.423+0000] {logging_mixin.py:190} INFO - [2025-04-25T23:57:28.422+0000] {dag.py:3239} INFO - Sync 1 DAGs
[2025-04-25T23:57:28.446+0000] {logging_mixin.py:190} INFO - [2025-04-25T23:57:28.446+0000] {dag.py:4180} INFO - Setting next_dagrun for example_sensor_decorator to None, run_after=None
[2025-04-25T23:57:28.478+0000] {processor.py:208} INFO - Processing /home/airflow/.local/lib/python3.12/site-packages/airflow/example_dags/example_sensor_decorator.py took 0.125 seconds
[2025-04-25T23:59:07.315+0000] {processor.py:186} INFO - Started process (PID=2521) to work on /home/airflow/.local/lib/python3.12/site-packages/airflow/example_dags/example_sensor_decorator.py
[2025-04-25T23:59:07.317+0000] {processor.py:914} INFO - Processing file /home/airflow/.local/lib/python3.12/site-packages/airflow/example_dags/example_sensor_decorator.py for tasks to queue
[2025-04-25T23:59:07.318+0000] {logging_mixin.py:190} INFO - [2025-04-25T23:59:07.318+0000] {dagbag.py:588} INFO - Filling up the DagBag from /home/airflow/.local/lib/python3.12/site-packages/airflow/example_dags/example_sensor_decorator.py
[2025-04-25T23:59:07.334+0000] {processor.py:925} INFO - DAG(s) 'example_sensor_decorator' retrieved from /home/airflow/.local/lib/python3.12/site-packages/airflow/example_dags/example_sensor_decorator.py
[2025-04-25T23:59:07.367+0000] {logging_mixin.py:190} INFO - [2025-04-25T23:59:07.367+0000] {dag.py:3239} INFO - Sync 1 DAGs
[2025-04-25T23:59:07.392+0000] {logging_mixin.py:190} INFO - [2025-04-25T23:59:07.392+0000] {dag.py:4180} INFO - Setting next_dagrun for example_sensor_decorator to None, run_after=None
[2025-04-25T23:59:07.419+0000] {processor.py:208} INFO - Processing /home/airflow/.local/lib/python3.12/site-packages/airflow/example_dags/example_sensor_decorator.py took 0.114 seconds
[2025-04-25T23:59:42.263+0000] {processor.py:186} INFO - Started process (PID=2585) to work on /home/airflow/.local/lib/python3.12/site-packages/airflow/example_dags/example_sensor_decorator.py
[2025-04-25T23:59:42.269+0000] {processor.py:914} INFO - Processing file /home/airflow/.local/lib/python3.12/site-packages/airflow/example_dags/example_sensor_decorator.py for tasks to queue
[2025-04-25T23:59:42.280+0000] {logging_mixin.py:190} INFO - [2025-04-25T23:59:42.279+0000] {dagbag.py:588} INFO - Filling up the DagBag from /home/airflow/.local/lib/python3.12/site-packages/airflow/example_dags/example_sensor_decorator.py
[2025-04-25T23:59:42.353+0000] {processor.py:925} INFO - DAG(s) 'example_sensor_decorator' retrieved from /home/airflow/.local/lib/python3.12/site-packages/airflow/example_dags/example_sensor_decorator.py
[2025-04-25T23:59:42.450+0000] {logging_mixin.py:190} INFO - [2025-04-25T23:59:42.448+0000] {dag.py:3239} INFO - Sync 1 DAGs
[2025-04-25T23:59:42.531+0000] {logging_mixin.py:190} INFO - [2025-04-25T23:59:42.530+0000] {dag.py:4180} INFO - Setting next_dagrun for example_sensor_decorator to None, run_after=None
[2025-04-25T23:59:42.601+0000] {processor.py:208} INFO - Processing /home/airflow/.local/lib/python3.12/site-packages/airflow/example_dags/example_sensor_decorator.py took 0.368 seconds
