[2025-04-25T23:33:37.317+0000] {processor.py:186} INFO - Started process (PID=157) to work on /home/airflow/.local/lib/python3.12/site-packages/airflow/example_dags/example_task_group_decorator.py
[2025-04-25T23:33:37.322+0000] {processor.py:914} INFO - Processing file /home/airflow/.local/lib/python3.12/site-packages/airflow/example_dags/example_task_group_decorator.py for tasks to queue
[2025-04-25T23:33:37.326+0000] {logging_mixin.py:190} INFO - [2025-04-25T23:33:37.326+0000] {dagbag.py:588} INFO - Filling up the DagBag from /home/airflow/.local/lib/python3.12/site-packages/airflow/example_dags/example_task_group_decorator.py
[2025-04-25T23:33:37.383+0000] {processor.py:925} INFO - DAG(s) 'example_task_group_decorator' retrieved from /home/airflow/.local/lib/python3.12/site-packages/airflow/example_dags/example_task_group_decorator.py
[2025-04-25T23:33:37.767+0000] {logging_mixin.py:190} INFO - [2025-04-25T23:33:37.766+0000] {override.py:1911} INFO - Created Permission View: can delete on DAG:example_task_group_decorator
[2025-04-25T23:33:37.783+0000] {logging_mixin.py:190} INFO - [2025-04-25T23:33:37.783+0000] {override.py:1911} INFO - Created Permission View: can read on DAG:example_task_group_decorator
[2025-04-25T23:33:37.799+0000] {logging_mixin.py:190} INFO - [2025-04-25T23:33:37.798+0000] {override.py:1911} INFO - Created Permission View: can edit on DAG:example_task_group_decorator
[2025-04-25T23:33:37.812+0000] {logging_mixin.py:190} INFO - [2025-04-25T23:33:37.812+0000] {override.py:1911} INFO - Created Permission View: can create on DAG Run:example_task_group_decorator
[2025-04-25T23:33:37.830+0000] {logging_mixin.py:190} INFO - [2025-04-25T23:33:37.830+0000] {override.py:1911} INFO - Created Permission View: can delete on DAG Run:example_task_group_decorator
[2025-04-25T23:33:37.841+0000] {logging_mixin.py:190} INFO - [2025-04-25T23:33:37.840+0000] {override.py:1911} INFO - Created Permission View: can read on DAG Run:example_task_group_decorator
[2025-04-25T23:33:37.850+0000] {logging_mixin.py:190} INFO - [2025-04-25T23:33:37.850+0000] {override.py:1911} INFO - Created Permission View: menu access on DAG Run:example_task_group_decorator
[2025-04-25T23:33:37.852+0000] {logging_mixin.py:190} INFO - [2025-04-25T23:33:37.851+0000] {dag.py:3239} INFO - Sync 1 DAGs
[2025-04-25T23:33:37.877+0000] {logging_mixin.py:190} INFO - [2025-04-25T23:33:37.877+0000] {dag.py:3262} INFO - Creating ORM DAG for example_task_group_decorator
[2025-04-25T23:33:37.879+0000] {logging_mixin.py:190} INFO - [2025-04-25T23:33:37.879+0000] {dag.py:4180} INFO - Setting next_dagrun for example_task_group_decorator to None, run_after=None
[2025-04-25T23:33:37.958+0000] {processor.py:208} INFO - Processing /home/airflow/.local/lib/python3.12/site-packages/airflow/example_dags/example_task_group_decorator.py took 0.653 seconds
[2025-04-25T23:34:27.917+0000] {processor.py:186} INFO - Started process (PID=220) to work on /home/airflow/.local/lib/python3.12/site-packages/airflow/example_dags/example_task_group_decorator.py
[2025-04-25T23:34:27.929+0000] {processor.py:914} INFO - Processing file /home/airflow/.local/lib/python3.12/site-packages/airflow/example_dags/example_task_group_decorator.py for tasks to queue
[2025-04-25T23:34:27.970+0000] {logging_mixin.py:190} INFO - [2025-04-25T23:34:27.967+0000] {dagbag.py:588} INFO - Filling up the DagBag from /home/airflow/.local/lib/python3.12/site-packages/airflow/example_dags/example_task_group_decorator.py
[2025-04-25T23:34:28.038+0000] {processor.py:925} INFO - DAG(s) 'example_task_group_decorator' retrieved from /home/airflow/.local/lib/python3.12/site-packages/airflow/example_dags/example_task_group_decorator.py
[2025-04-25T23:34:28.225+0000] {logging_mixin.py:190} INFO - [2025-04-25T23:34:28.225+0000] {dag.py:3239} INFO - Sync 1 DAGs
[2025-04-25T23:34:28.270+0000] {logging_mixin.py:190} INFO - [2025-04-25T23:34:28.270+0000] {dag.py:4180} INFO - Setting next_dagrun for example_task_group_decorator to None, run_after=None
[2025-04-25T23:34:28.681+0000] {processor.py:208} INFO - Processing /home/airflow/.local/lib/python3.12/site-packages/airflow/example_dags/example_task_group_decorator.py took 0.810 seconds
[2025-04-25T23:38:02.082+0000] {processor.py:186} INFO - Started process (PID=127) to work on /home/airflow/.local/lib/python3.12/site-packages/airflow/example_dags/example_task_group_decorator.py
[2025-04-25T23:38:02.083+0000] {processor.py:914} INFO - Processing file /home/airflow/.local/lib/python3.12/site-packages/airflow/example_dags/example_task_group_decorator.py for tasks to queue
[2025-04-25T23:38:02.088+0000] {logging_mixin.py:190} INFO - [2025-04-25T23:38:02.087+0000] {dagbag.py:588} INFO - Filling up the DagBag from /home/airflow/.local/lib/python3.12/site-packages/airflow/example_dags/example_task_group_decorator.py
[2025-04-25T23:38:02.122+0000] {processor.py:925} INFO - DAG(s) 'example_task_group_decorator' retrieved from /home/airflow/.local/lib/python3.12/site-packages/airflow/example_dags/example_task_group_decorator.py
[2025-04-25T23:38:02.190+0000] {logging_mixin.py:190} INFO - [2025-04-25T23:38:02.190+0000] {dag.py:3239} INFO - Sync 1 DAGs
[2025-04-25T23:38:02.225+0000] {logging_mixin.py:190} INFO - [2025-04-25T23:38:02.224+0000] {dag.py:4180} INFO - Setting next_dagrun for example_task_group_decorator to None, run_after=None
[2025-04-25T23:38:02.279+0000] {processor.py:208} INFO - Processing /home/airflow/.local/lib/python3.12/site-packages/airflow/example_dags/example_task_group_decorator.py took 0.213 seconds
[2025-04-25T23:38:34.833+0000] {processor.py:186} INFO - Started process (PID=190) to work on /home/airflow/.local/lib/python3.12/site-packages/airflow/example_dags/example_task_group_decorator.py
[2025-04-25T23:38:34.835+0000] {processor.py:914} INFO - Processing file /home/airflow/.local/lib/python3.12/site-packages/airflow/example_dags/example_task_group_decorator.py for tasks to queue
[2025-04-25T23:38:34.842+0000] {logging_mixin.py:190} INFO - [2025-04-25T23:38:34.841+0000] {dagbag.py:588} INFO - Filling up the DagBag from /home/airflow/.local/lib/python3.12/site-packages/airflow/example_dags/example_task_group_decorator.py
[2025-04-25T23:38:34.873+0000] {processor.py:925} INFO - DAG(s) 'example_task_group_decorator' retrieved from /home/airflow/.local/lib/python3.12/site-packages/airflow/example_dags/example_task_group_decorator.py
[2025-04-25T23:38:34.923+0000] {logging_mixin.py:190} INFO - [2025-04-25T23:38:34.921+0000] {dag.py:3239} INFO - Sync 1 DAGs
[2025-04-25T23:38:34.955+0000] {logging_mixin.py:190} INFO - [2025-04-25T23:38:34.954+0000] {dag.py:4180} INFO - Setting next_dagrun for example_task_group_decorator to None, run_after=None
[2025-04-25T23:38:35.061+0000] {processor.py:208} INFO - Processing /home/airflow/.local/lib/python3.12/site-packages/airflow/example_dags/example_task_group_decorator.py took 0.237 seconds
[2025-04-25T23:39:05.127+0000] {processor.py:186} INFO - Started process (PID=252) to work on /home/airflow/.local/lib/python3.12/site-packages/airflow/example_dags/example_task_group_decorator.py
[2025-04-25T23:39:05.128+0000] {processor.py:914} INFO - Processing file /home/airflow/.local/lib/python3.12/site-packages/airflow/example_dags/example_task_group_decorator.py for tasks to queue
[2025-04-25T23:39:05.131+0000] {logging_mixin.py:190} INFO - [2025-04-25T23:39:05.131+0000] {dagbag.py:588} INFO - Filling up the DagBag from /home/airflow/.local/lib/python3.12/site-packages/airflow/example_dags/example_task_group_decorator.py
[2025-04-25T23:39:05.157+0000] {processor.py:925} INFO - DAG(s) 'example_task_group_decorator' retrieved from /home/airflow/.local/lib/python3.12/site-packages/airflow/example_dags/example_task_group_decorator.py
[2025-04-25T23:39:05.209+0000] {logging_mixin.py:190} INFO - [2025-04-25T23:39:05.208+0000] {dag.py:3239} INFO - Sync 1 DAGs
[2025-04-25T23:39:05.228+0000] {logging_mixin.py:190} INFO - [2025-04-25T23:39:05.228+0000] {dag.py:4180} INFO - Setting next_dagrun for example_task_group_decorator to None, run_after=None
[2025-04-25T23:39:05.250+0000] {processor.py:208} INFO - Processing /home/airflow/.local/lib/python3.12/site-packages/airflow/example_dags/example_task_group_decorator.py took 0.131 seconds
[2025-04-25T23:39:47.670+0000] {processor.py:186} INFO - Started process (PID=315) to work on /home/airflow/.local/lib/python3.12/site-packages/airflow/example_dags/example_task_group_decorator.py
[2025-04-25T23:39:47.680+0000] {processor.py:914} INFO - Processing file /home/airflow/.local/lib/python3.12/site-packages/airflow/example_dags/example_task_group_decorator.py for tasks to queue
[2025-04-25T23:39:47.721+0000] {logging_mixin.py:190} INFO - [2025-04-25T23:39:47.720+0000] {dagbag.py:588} INFO - Filling up the DagBag from /home/airflow/.local/lib/python3.12/site-packages/airflow/example_dags/example_task_group_decorator.py
[2025-04-25T23:39:47.833+0000] {processor.py:925} INFO - DAG(s) 'example_task_group_decorator' retrieved from /home/airflow/.local/lib/python3.12/site-packages/airflow/example_dags/example_task_group_decorator.py
[2025-04-25T23:39:48.027+0000] {logging_mixin.py:190} INFO - [2025-04-25T23:39:48.026+0000] {dag.py:3239} INFO - Sync 1 DAGs
[2025-04-25T23:39:48.103+0000] {logging_mixin.py:190} INFO - [2025-04-25T23:39:48.099+0000] {dag.py:4180} INFO - Setting next_dagrun for example_task_group_decorator to None, run_after=None
[2025-04-25T23:39:48.185+0000] {processor.py:208} INFO - Processing /home/airflow/.local/lib/python3.12/site-packages/airflow/example_dags/example_task_group_decorator.py took 0.612 seconds
[2025-04-25T23:40:19.225+0000] {processor.py:186} INFO - Started process (PID=380) to work on /home/airflow/.local/lib/python3.12/site-packages/airflow/example_dags/example_task_group_decorator.py
[2025-04-25T23:40:19.226+0000] {processor.py:914} INFO - Processing file /home/airflow/.local/lib/python3.12/site-packages/airflow/example_dags/example_task_group_decorator.py for tasks to queue
[2025-04-25T23:40:19.228+0000] {logging_mixin.py:190} INFO - [2025-04-25T23:40:19.228+0000] {dagbag.py:588} INFO - Filling up the DagBag from /home/airflow/.local/lib/python3.12/site-packages/airflow/example_dags/example_task_group_decorator.py
[2025-04-25T23:40:19.255+0000] {processor.py:925} INFO - DAG(s) 'example_task_group_decorator' retrieved from /home/airflow/.local/lib/python3.12/site-packages/airflow/example_dags/example_task_group_decorator.py
[2025-04-25T23:40:19.308+0000] {logging_mixin.py:190} INFO - [2025-04-25T23:40:19.308+0000] {dag.py:3239} INFO - Sync 1 DAGs
[2025-04-25T23:40:19.326+0000] {logging_mixin.py:190} INFO - [2025-04-25T23:40:19.326+0000] {dag.py:4180} INFO - Setting next_dagrun for example_task_group_decorator to None, run_after=None
[2025-04-25T23:40:19.355+0000] {processor.py:208} INFO - Processing /home/airflow/.local/lib/python3.12/site-packages/airflow/example_dags/example_task_group_decorator.py took 0.138 seconds
[2025-04-25T23:40:50.563+0000] {processor.py:186} INFO - Started process (PID=444) to work on /home/airflow/.local/lib/python3.12/site-packages/airflow/example_dags/example_task_group_decorator.py
[2025-04-25T23:40:50.573+0000] {processor.py:914} INFO - Processing file /home/airflow/.local/lib/python3.12/site-packages/airflow/example_dags/example_task_group_decorator.py for tasks to queue
[2025-04-25T23:40:50.578+0000] {logging_mixin.py:190} INFO - [2025-04-25T23:40:50.578+0000] {dagbag.py:588} INFO - Filling up the DagBag from /home/airflow/.local/lib/python3.12/site-packages/airflow/example_dags/example_task_group_decorator.py
[2025-04-25T23:40:50.640+0000] {processor.py:925} INFO - DAG(s) 'example_task_group_decorator' retrieved from /home/airflow/.local/lib/python3.12/site-packages/airflow/example_dags/example_task_group_decorator.py
[2025-04-25T23:40:50.872+0000] {logging_mixin.py:190} INFO - [2025-04-25T23:40:50.871+0000] {dag.py:3239} INFO - Sync 1 DAGs
[2025-04-25T23:40:50.924+0000] {logging_mixin.py:190} INFO - [2025-04-25T23:40:50.924+0000] {dag.py:4180} INFO - Setting next_dagrun for example_task_group_decorator to None, run_after=None
[2025-04-25T23:40:50.994+0000] {processor.py:208} INFO - Processing /home/airflow/.local/lib/python3.12/site-packages/airflow/example_dags/example_task_group_decorator.py took 0.446 seconds
[2025-04-25T23:41:22.668+0000] {processor.py:186} INFO - Started process (PID=513) to work on /home/airflow/.local/lib/python3.12/site-packages/airflow/example_dags/example_task_group_decorator.py
[2025-04-25T23:41:22.671+0000] {processor.py:914} INFO - Processing file /home/airflow/.local/lib/python3.12/site-packages/airflow/example_dags/example_task_group_decorator.py for tasks to queue
[2025-04-25T23:41:22.675+0000] {logging_mixin.py:190} INFO - [2025-04-25T23:41:22.675+0000] {dagbag.py:588} INFO - Filling up the DagBag from /home/airflow/.local/lib/python3.12/site-packages/airflow/example_dags/example_task_group_decorator.py
[2025-04-25T23:41:22.698+0000] {processor.py:925} INFO - DAG(s) 'example_task_group_decorator' retrieved from /home/airflow/.local/lib/python3.12/site-packages/airflow/example_dags/example_task_group_decorator.py
[2025-04-25T23:41:22.729+0000] {logging_mixin.py:190} INFO - [2025-04-25T23:41:22.729+0000] {dag.py:3239} INFO - Sync 1 DAGs
[2025-04-25T23:41:22.746+0000] {logging_mixin.py:190} INFO - [2025-04-25T23:41:22.746+0000] {dag.py:4180} INFO - Setting next_dagrun for example_task_group_decorator to None, run_after=None
[2025-04-25T23:41:22.772+0000] {processor.py:208} INFO - Processing /home/airflow/.local/lib/python3.12/site-packages/airflow/example_dags/example_task_group_decorator.py took 0.116 seconds
[2025-04-25T23:41:54.375+0000] {processor.py:186} INFO - Started process (PID=581) to work on /home/airflow/.local/lib/python3.12/site-packages/airflow/example_dags/example_task_group_decorator.py
[2025-04-25T23:41:54.377+0000] {processor.py:914} INFO - Processing file /home/airflow/.local/lib/python3.12/site-packages/airflow/example_dags/example_task_group_decorator.py for tasks to queue
[2025-04-25T23:41:54.381+0000] {logging_mixin.py:190} INFO - [2025-04-25T23:41:54.381+0000] {dagbag.py:588} INFO - Filling up the DagBag from /home/airflow/.local/lib/python3.12/site-packages/airflow/example_dags/example_task_group_decorator.py
[2025-04-25T23:41:54.414+0000] {processor.py:925} INFO - DAG(s) 'example_task_group_decorator' retrieved from /home/airflow/.local/lib/python3.12/site-packages/airflow/example_dags/example_task_group_decorator.py
[2025-04-25T23:41:54.550+0000] {logging_mixin.py:190} INFO - [2025-04-25T23:41:54.550+0000] {dag.py:3239} INFO - Sync 1 DAGs
[2025-04-25T23:41:54.580+0000] {logging_mixin.py:190} INFO - [2025-04-25T23:41:54.580+0000] {dag.py:4180} INFO - Setting next_dagrun for example_task_group_decorator to None, run_after=None
[2025-04-25T23:41:54.613+0000] {processor.py:208} INFO - Processing /home/airflow/.local/lib/python3.12/site-packages/airflow/example_dags/example_task_group_decorator.py took 0.248 seconds
[2025-04-25T23:42:25.359+0000] {processor.py:186} INFO - Started process (PID=644) to work on /home/airflow/.local/lib/python3.12/site-packages/airflow/example_dags/example_task_group_decorator.py
[2025-04-25T23:42:25.360+0000] {processor.py:914} INFO - Processing file /home/airflow/.local/lib/python3.12/site-packages/airflow/example_dags/example_task_group_decorator.py for tasks to queue
[2025-04-25T23:42:25.364+0000] {logging_mixin.py:190} INFO - [2025-04-25T23:42:25.363+0000] {dagbag.py:588} INFO - Filling up the DagBag from /home/airflow/.local/lib/python3.12/site-packages/airflow/example_dags/example_task_group_decorator.py
[2025-04-25T23:42:25.387+0000] {processor.py:925} INFO - DAG(s) 'example_task_group_decorator' retrieved from /home/airflow/.local/lib/python3.12/site-packages/airflow/example_dags/example_task_group_decorator.py
[2025-04-25T23:42:25.428+0000] {logging_mixin.py:190} INFO - [2025-04-25T23:42:25.428+0000] {dag.py:3239} INFO - Sync 1 DAGs
[2025-04-25T23:42:25.449+0000] {logging_mixin.py:190} INFO - [2025-04-25T23:42:25.449+0000] {dag.py:4180} INFO - Setting next_dagrun for example_task_group_decorator to None, run_after=None
[2025-04-25T23:42:25.481+0000] {processor.py:208} INFO - Processing /home/airflow/.local/lib/python3.12/site-packages/airflow/example_dags/example_task_group_decorator.py took 0.131 seconds
[2025-04-25T23:42:56.276+0000] {processor.py:186} INFO - Started process (PID=707) to work on /home/airflow/.local/lib/python3.12/site-packages/airflow/example_dags/example_task_group_decorator.py
[2025-04-25T23:42:56.277+0000] {processor.py:914} INFO - Processing file /home/airflow/.local/lib/python3.12/site-packages/airflow/example_dags/example_task_group_decorator.py for tasks to queue
[2025-04-25T23:42:56.280+0000] {logging_mixin.py:190} INFO - [2025-04-25T23:42:56.280+0000] {dagbag.py:588} INFO - Filling up the DagBag from /home/airflow/.local/lib/python3.12/site-packages/airflow/example_dags/example_task_group_decorator.py
[2025-04-25T23:42:56.306+0000] {processor.py:925} INFO - DAG(s) 'example_task_group_decorator' retrieved from /home/airflow/.local/lib/python3.12/site-packages/airflow/example_dags/example_task_group_decorator.py
[2025-04-25T23:42:56.347+0000] {logging_mixin.py:190} INFO - [2025-04-25T23:42:56.347+0000] {dag.py:3239} INFO - Sync 1 DAGs
[2025-04-25T23:42:56.374+0000] {logging_mixin.py:190} INFO - [2025-04-25T23:42:56.373+0000] {dag.py:4180} INFO - Setting next_dagrun for example_task_group_decorator to None, run_after=None
[2025-04-25T23:42:56.404+0000] {processor.py:208} INFO - Processing /home/airflow/.local/lib/python3.12/site-packages/airflow/example_dags/example_task_group_decorator.py took 0.142 seconds
[2025-04-25T23:43:31.702+0000] {processor.py:186} INFO - Started process (PID=770) to work on /home/airflow/.local/lib/python3.12/site-packages/airflow/example_dags/example_task_group_decorator.py
[2025-04-25T23:43:31.705+0000] {processor.py:914} INFO - Processing file /home/airflow/.local/lib/python3.12/site-packages/airflow/example_dags/example_task_group_decorator.py for tasks to queue
[2025-04-25T23:43:31.710+0000] {logging_mixin.py:190} INFO - [2025-04-25T23:43:31.709+0000] {dagbag.py:588} INFO - Filling up the DagBag from /home/airflow/.local/lib/python3.12/site-packages/airflow/example_dags/example_task_group_decorator.py
[2025-04-25T23:43:31.743+0000] {processor.py:925} INFO - DAG(s) 'example_task_group_decorator' retrieved from /home/airflow/.local/lib/python3.12/site-packages/airflow/example_dags/example_task_group_decorator.py
[2025-04-25T23:43:31.806+0000] {logging_mixin.py:190} INFO - [2025-04-25T23:43:31.806+0000] {dag.py:3239} INFO - Sync 1 DAGs
[2025-04-25T23:43:31.830+0000] {logging_mixin.py:190} INFO - [2025-04-25T23:43:31.829+0000] {dag.py:4180} INFO - Setting next_dagrun for example_task_group_decorator to None, run_after=None
[2025-04-25T23:43:31.856+0000] {processor.py:208} INFO - Processing /home/airflow/.local/lib/python3.12/site-packages/airflow/example_dags/example_task_group_decorator.py took 0.161 seconds
[2025-04-25T23:44:02.976+0000] {processor.py:186} INFO - Started process (PID=833) to work on /home/airflow/.local/lib/python3.12/site-packages/airflow/example_dags/example_task_group_decorator.py
[2025-04-25T23:44:02.978+0000] {processor.py:914} INFO - Processing file /home/airflow/.local/lib/python3.12/site-packages/airflow/example_dags/example_task_group_decorator.py for tasks to queue
[2025-04-25T23:44:02.982+0000] {logging_mixin.py:190} INFO - [2025-04-25T23:44:02.981+0000] {dagbag.py:588} INFO - Filling up the DagBag from /home/airflow/.local/lib/python3.12/site-packages/airflow/example_dags/example_task_group_decorator.py
[2025-04-25T23:44:03.008+0000] {processor.py:925} INFO - DAG(s) 'example_task_group_decorator' retrieved from /home/airflow/.local/lib/python3.12/site-packages/airflow/example_dags/example_task_group_decorator.py
[2025-04-25T23:44:03.042+0000] {logging_mixin.py:190} INFO - [2025-04-25T23:44:03.041+0000] {dag.py:3239} INFO - Sync 1 DAGs
[2025-04-25T23:44:03.062+0000] {logging_mixin.py:190} INFO - [2025-04-25T23:44:03.062+0000] {dag.py:4180} INFO - Setting next_dagrun for example_task_group_decorator to None, run_after=None
[2025-04-25T23:44:03.088+0000] {processor.py:208} INFO - Processing /home/airflow/.local/lib/python3.12/site-packages/airflow/example_dags/example_task_group_decorator.py took 0.121 seconds
[2025-04-25T23:44:34.148+0000] {processor.py:186} INFO - Started process (PID=896) to work on /home/airflow/.local/lib/python3.12/site-packages/airflow/example_dags/example_task_group_decorator.py
[2025-04-25T23:44:34.150+0000] {processor.py:914} INFO - Processing file /home/airflow/.local/lib/python3.12/site-packages/airflow/example_dags/example_task_group_decorator.py for tasks to queue
[2025-04-25T23:44:34.153+0000] {logging_mixin.py:190} INFO - [2025-04-25T23:44:34.152+0000] {dagbag.py:588} INFO - Filling up the DagBag from /home/airflow/.local/lib/python3.12/site-packages/airflow/example_dags/example_task_group_decorator.py
[2025-04-25T23:44:34.174+0000] {processor.py:925} INFO - DAG(s) 'example_task_group_decorator' retrieved from /home/airflow/.local/lib/python3.12/site-packages/airflow/example_dags/example_task_group_decorator.py
[2025-04-25T23:44:34.210+0000] {logging_mixin.py:190} INFO - [2025-04-25T23:44:34.210+0000] {dag.py:3239} INFO - Sync 1 DAGs
[2025-04-25T23:44:34.231+0000] {logging_mixin.py:190} INFO - [2025-04-25T23:44:34.230+0000] {dag.py:4180} INFO - Setting next_dagrun for example_task_group_decorator to None, run_after=None
[2025-04-25T23:44:34.264+0000] {processor.py:208} INFO - Processing /home/airflow/.local/lib/python3.12/site-packages/airflow/example_dags/example_task_group_decorator.py took 0.123 seconds
[2025-04-25T23:45:04.535+0000] {processor.py:186} INFO - Started process (PID=959) to work on /home/airflow/.local/lib/python3.12/site-packages/airflow/example_dags/example_task_group_decorator.py
[2025-04-25T23:45:04.536+0000] {processor.py:914} INFO - Processing file /home/airflow/.local/lib/python3.12/site-packages/airflow/example_dags/example_task_group_decorator.py for tasks to queue
[2025-04-25T23:45:04.539+0000] {logging_mixin.py:190} INFO - [2025-04-25T23:45:04.539+0000] {dagbag.py:588} INFO - Filling up the DagBag from /home/airflow/.local/lib/python3.12/site-packages/airflow/example_dags/example_task_group_decorator.py
[2025-04-25T23:45:04.577+0000] {processor.py:925} INFO - DAG(s) 'example_task_group_decorator' retrieved from /home/airflow/.local/lib/python3.12/site-packages/airflow/example_dags/example_task_group_decorator.py
[2025-04-25T23:45:04.638+0000] {logging_mixin.py:190} INFO - [2025-04-25T23:45:04.637+0000] {dag.py:3239} INFO - Sync 1 DAGs
[2025-04-25T23:45:04.676+0000] {logging_mixin.py:190} INFO - [2025-04-25T23:45:04.676+0000] {dag.py:4180} INFO - Setting next_dagrun for example_task_group_decorator to None, run_after=None
[2025-04-25T23:45:04.713+0000] {processor.py:208} INFO - Processing /home/airflow/.local/lib/python3.12/site-packages/airflow/example_dags/example_task_group_decorator.py took 0.197 seconds
[2025-04-25T23:45:34.872+0000] {processor.py:186} INFO - Started process (PID=1021) to work on /home/airflow/.local/lib/python3.12/site-packages/airflow/example_dags/example_task_group_decorator.py
[2025-04-25T23:45:34.874+0000] {processor.py:914} INFO - Processing file /home/airflow/.local/lib/python3.12/site-packages/airflow/example_dags/example_task_group_decorator.py for tasks to queue
[2025-04-25T23:45:34.879+0000] {logging_mixin.py:190} INFO - [2025-04-25T23:45:34.879+0000] {dagbag.py:588} INFO - Filling up the DagBag from /home/airflow/.local/lib/python3.12/site-packages/airflow/example_dags/example_task_group_decorator.py
[2025-04-25T23:45:34.908+0000] {processor.py:925} INFO - DAG(s) 'example_task_group_decorator' retrieved from /home/airflow/.local/lib/python3.12/site-packages/airflow/example_dags/example_task_group_decorator.py
[2025-04-25T23:45:34.958+0000] {logging_mixin.py:190} INFO - [2025-04-25T23:45:34.958+0000] {dag.py:3239} INFO - Sync 1 DAGs
[2025-04-25T23:45:34.987+0000] {logging_mixin.py:190} INFO - [2025-04-25T23:45:34.986+0000] {dag.py:4180} INFO - Setting next_dagrun for example_task_group_decorator to None, run_after=None
[2025-04-25T23:45:35.018+0000] {processor.py:208} INFO - Processing /home/airflow/.local/lib/python3.12/site-packages/airflow/example_dags/example_task_group_decorator.py took 0.161 seconds
[2025-04-25T23:46:05.841+0000] {processor.py:186} INFO - Started process (PID=1083) to work on /home/airflow/.local/lib/python3.12/site-packages/airflow/example_dags/example_task_group_decorator.py
[2025-04-25T23:46:05.843+0000] {processor.py:914} INFO - Processing file /home/airflow/.local/lib/python3.12/site-packages/airflow/example_dags/example_task_group_decorator.py for tasks to queue
[2025-04-25T23:46:05.848+0000] {logging_mixin.py:190} INFO - [2025-04-25T23:46:05.847+0000] {dagbag.py:588} INFO - Filling up the DagBag from /home/airflow/.local/lib/python3.12/site-packages/airflow/example_dags/example_task_group_decorator.py
[2025-04-25T23:46:05.874+0000] {processor.py:925} INFO - DAG(s) 'example_task_group_decorator' retrieved from /home/airflow/.local/lib/python3.12/site-packages/airflow/example_dags/example_task_group_decorator.py
[2025-04-25T23:46:05.941+0000] {logging_mixin.py:190} INFO - [2025-04-25T23:46:05.941+0000] {dag.py:3239} INFO - Sync 1 DAGs
[2025-04-25T23:46:05.964+0000] {logging_mixin.py:190} INFO - [2025-04-25T23:46:05.964+0000] {dag.py:4180} INFO - Setting next_dagrun for example_task_group_decorator to None, run_after=None
[2025-04-25T23:46:05.994+0000] {processor.py:208} INFO - Processing /home/airflow/.local/lib/python3.12/site-packages/airflow/example_dags/example_task_group_decorator.py took 0.162 seconds
[2025-04-25T23:46:50.470+0000] {processor.py:186} INFO - Started process (PID=1145) to work on /home/airflow/.local/lib/python3.12/site-packages/airflow/example_dags/example_task_group_decorator.py
[2025-04-25T23:46:50.474+0000] {processor.py:914} INFO - Processing file /home/airflow/.local/lib/python3.12/site-packages/airflow/example_dags/example_task_group_decorator.py for tasks to queue
[2025-04-25T23:46:50.479+0000] {logging_mixin.py:190} INFO - [2025-04-25T23:46:50.478+0000] {dagbag.py:588} INFO - Filling up the DagBag from /home/airflow/.local/lib/python3.12/site-packages/airflow/example_dags/example_task_group_decorator.py
[2025-04-25T23:46:50.552+0000] {processor.py:925} INFO - DAG(s) 'example_task_group_decorator' retrieved from /home/airflow/.local/lib/python3.12/site-packages/airflow/example_dags/example_task_group_decorator.py
[2025-04-25T23:46:50.804+0000] {logging_mixin.py:190} INFO - [2025-04-25T23:46:50.804+0000] {dag.py:3239} INFO - Sync 1 DAGs
[2025-04-25T23:46:50.953+0000] {logging_mixin.py:190} INFO - [2025-04-25T23:46:50.953+0000] {dag.py:4180} INFO - Setting next_dagrun for example_task_group_decorator to None, run_after=None
[2025-04-25T23:46:51.065+0000] {processor.py:208} INFO - Processing /home/airflow/.local/lib/python3.12/site-packages/airflow/example_dags/example_task_group_decorator.py took 0.611 seconds
[2025-04-25T23:47:21.267+0000] {processor.py:186} INFO - Started process (PID=1208) to work on /home/airflow/.local/lib/python3.12/site-packages/airflow/example_dags/example_task_group_decorator.py
[2025-04-25T23:47:21.269+0000] {processor.py:914} INFO - Processing file /home/airflow/.local/lib/python3.12/site-packages/airflow/example_dags/example_task_group_decorator.py for tasks to queue
[2025-04-25T23:47:21.274+0000] {logging_mixin.py:190} INFO - [2025-04-25T23:47:21.273+0000] {dagbag.py:588} INFO - Filling up the DagBag from /home/airflow/.local/lib/python3.12/site-packages/airflow/example_dags/example_task_group_decorator.py
[2025-04-25T23:47:21.303+0000] {processor.py:925} INFO - DAG(s) 'example_task_group_decorator' retrieved from /home/airflow/.local/lib/python3.12/site-packages/airflow/example_dags/example_task_group_decorator.py
[2025-04-25T23:47:21.350+0000] {logging_mixin.py:190} INFO - [2025-04-25T23:47:21.349+0000] {dag.py:3239} INFO - Sync 1 DAGs
[2025-04-25T23:47:21.374+0000] {logging_mixin.py:190} INFO - [2025-04-25T23:47:21.374+0000] {dag.py:4180} INFO - Setting next_dagrun for example_task_group_decorator to None, run_after=None
[2025-04-25T23:47:21.404+0000] {processor.py:208} INFO - Processing /home/airflow/.local/lib/python3.12/site-packages/airflow/example_dags/example_task_group_decorator.py took 0.149 seconds
[2025-04-25T23:47:52.223+0000] {processor.py:186} INFO - Started process (PID=1270) to work on /home/airflow/.local/lib/python3.12/site-packages/airflow/example_dags/example_task_group_decorator.py
[2025-04-25T23:47:52.225+0000] {processor.py:914} INFO - Processing file /home/airflow/.local/lib/python3.12/site-packages/airflow/example_dags/example_task_group_decorator.py for tasks to queue
[2025-04-25T23:47:52.232+0000] {logging_mixin.py:190} INFO - [2025-04-25T23:47:52.231+0000] {dagbag.py:588} INFO - Filling up the DagBag from /home/airflow/.local/lib/python3.12/site-packages/airflow/example_dags/example_task_group_decorator.py
[2025-04-25T23:47:52.254+0000] {processor.py:925} INFO - DAG(s) 'example_task_group_decorator' retrieved from /home/airflow/.local/lib/python3.12/site-packages/airflow/example_dags/example_task_group_decorator.py
[2025-04-25T23:47:52.307+0000] {logging_mixin.py:190} INFO - [2025-04-25T23:47:52.306+0000] {dag.py:3239} INFO - Sync 1 DAGs
[2025-04-25T23:47:52.338+0000] {logging_mixin.py:190} INFO - [2025-04-25T23:47:52.337+0000] {dag.py:4180} INFO - Setting next_dagrun for example_task_group_decorator to None, run_after=None
[2025-04-25T23:47:52.382+0000] {processor.py:208} INFO - Processing /home/airflow/.local/lib/python3.12/site-packages/airflow/example_dags/example_task_group_decorator.py took 0.171 seconds
[2025-04-25T23:48:23.075+0000] {processor.py:186} INFO - Started process (PID=1333) to work on /home/airflow/.local/lib/python3.12/site-packages/airflow/example_dags/example_task_group_decorator.py
[2025-04-25T23:48:23.076+0000] {processor.py:914} INFO - Processing file /home/airflow/.local/lib/python3.12/site-packages/airflow/example_dags/example_task_group_decorator.py for tasks to queue
[2025-04-25T23:48:23.080+0000] {logging_mixin.py:190} INFO - [2025-04-25T23:48:23.080+0000] {dagbag.py:588} INFO - Filling up the DagBag from /home/airflow/.local/lib/python3.12/site-packages/airflow/example_dags/example_task_group_decorator.py
[2025-04-25T23:48:23.100+0000] {processor.py:925} INFO - DAG(s) 'example_task_group_decorator' retrieved from /home/airflow/.local/lib/python3.12/site-packages/airflow/example_dags/example_task_group_decorator.py
[2025-04-25T23:48:23.147+0000] {logging_mixin.py:190} INFO - [2025-04-25T23:48:23.147+0000] {dag.py:3239} INFO - Sync 1 DAGs
[2025-04-25T23:48:23.166+0000] {logging_mixin.py:190} INFO - [2025-04-25T23:48:23.166+0000] {dag.py:4180} INFO - Setting next_dagrun for example_task_group_decorator to None, run_after=None
[2025-04-25T23:48:23.194+0000] {processor.py:208} INFO - Processing /home/airflow/.local/lib/python3.12/site-packages/airflow/example_dags/example_task_group_decorator.py took 0.131 seconds
[2025-04-25T23:48:53.617+0000] {processor.py:186} INFO - Started process (PID=1394) to work on /home/airflow/.local/lib/python3.12/site-packages/airflow/example_dags/example_task_group_decorator.py
[2025-04-25T23:48:53.618+0000] {processor.py:914} INFO - Processing file /home/airflow/.local/lib/python3.12/site-packages/airflow/example_dags/example_task_group_decorator.py for tasks to queue
[2025-04-25T23:48:53.623+0000] {logging_mixin.py:190} INFO - [2025-04-25T23:48:53.622+0000] {dagbag.py:588} INFO - Filling up the DagBag from /home/airflow/.local/lib/python3.12/site-packages/airflow/example_dags/example_task_group_decorator.py
[2025-04-25T23:48:53.647+0000] {processor.py:925} INFO - DAG(s) 'example_task_group_decorator' retrieved from /home/airflow/.local/lib/python3.12/site-packages/airflow/example_dags/example_task_group_decorator.py
[2025-04-25T23:48:53.715+0000] {logging_mixin.py:190} INFO - [2025-04-25T23:48:53.714+0000] {dag.py:3239} INFO - Sync 1 DAGs
[2025-04-25T23:48:53.742+0000] {logging_mixin.py:190} INFO - [2025-04-25T23:48:53.742+0000] {dag.py:4180} INFO - Setting next_dagrun for example_task_group_decorator to None, run_after=None
[2025-04-25T23:48:53.793+0000] {processor.py:208} INFO - Processing /home/airflow/.local/lib/python3.12/site-packages/airflow/example_dags/example_task_group_decorator.py took 0.184 seconds
[2025-04-25T23:49:24.877+0000] {processor.py:186} INFO - Started process (PID=1457) to work on /home/airflow/.local/lib/python3.12/site-packages/airflow/example_dags/example_task_group_decorator.py
[2025-04-25T23:49:24.880+0000] {processor.py:914} INFO - Processing file /home/airflow/.local/lib/python3.12/site-packages/airflow/example_dags/example_task_group_decorator.py for tasks to queue
[2025-04-25T23:49:24.887+0000] {logging_mixin.py:190} INFO - [2025-04-25T23:49:24.886+0000] {dagbag.py:588} INFO - Filling up the DagBag from /home/airflow/.local/lib/python3.12/site-packages/airflow/example_dags/example_task_group_decorator.py
[2025-04-25T23:49:24.920+0000] {processor.py:925} INFO - DAG(s) 'example_task_group_decorator' retrieved from /home/airflow/.local/lib/python3.12/site-packages/airflow/example_dags/example_task_group_decorator.py
[2025-04-25T23:49:24.980+0000] {logging_mixin.py:190} INFO - [2025-04-25T23:49:24.980+0000] {dag.py:3239} INFO - Sync 1 DAGs
[2025-04-25T23:49:25.012+0000] {logging_mixin.py:190} INFO - [2025-04-25T23:49:25.011+0000] {dag.py:4180} INFO - Setting next_dagrun for example_task_group_decorator to None, run_after=None
[2025-04-25T23:49:25.050+0000] {processor.py:208} INFO - Processing /home/airflow/.local/lib/python3.12/site-packages/airflow/example_dags/example_task_group_decorator.py took 0.184 seconds
[2025-04-25T23:49:56.199+0000] {processor.py:186} INFO - Started process (PID=1520) to work on /home/airflow/.local/lib/python3.12/site-packages/airflow/example_dags/example_task_group_decorator.py
[2025-04-25T23:49:56.201+0000] {processor.py:914} INFO - Processing file /home/airflow/.local/lib/python3.12/site-packages/airflow/example_dags/example_task_group_decorator.py for tasks to queue
[2025-04-25T23:49:56.207+0000] {logging_mixin.py:190} INFO - [2025-04-25T23:49:56.205+0000] {dagbag.py:588} INFO - Filling up the DagBag from /home/airflow/.local/lib/python3.12/site-packages/airflow/example_dags/example_task_group_decorator.py
[2025-04-25T23:49:56.247+0000] {processor.py:925} INFO - DAG(s) 'example_task_group_decorator' retrieved from /home/airflow/.local/lib/python3.12/site-packages/airflow/example_dags/example_task_group_decorator.py
[2025-04-25T23:49:56.299+0000] {logging_mixin.py:190} INFO - [2025-04-25T23:49:56.299+0000] {dag.py:3239} INFO - Sync 1 DAGs
[2025-04-25T23:49:56.331+0000] {logging_mixin.py:190} INFO - [2025-04-25T23:49:56.330+0000] {dag.py:4180} INFO - Setting next_dagrun for example_task_group_decorator to None, run_after=None
[2025-04-25T23:49:56.363+0000] {processor.py:208} INFO - Processing /home/airflow/.local/lib/python3.12/site-packages/airflow/example_dags/example_task_group_decorator.py took 0.183 seconds
[2025-04-25T23:50:27.049+0000] {processor.py:186} INFO - Started process (PID=1584) to work on /home/airflow/.local/lib/python3.12/site-packages/airflow/example_dags/example_task_group_decorator.py
[2025-04-25T23:50:27.051+0000] {processor.py:914} INFO - Processing file /home/airflow/.local/lib/python3.12/site-packages/airflow/example_dags/example_task_group_decorator.py for tasks to queue
[2025-04-25T23:50:27.055+0000] {logging_mixin.py:190} INFO - [2025-04-25T23:50:27.055+0000] {dagbag.py:588} INFO - Filling up the DagBag from /home/airflow/.local/lib/python3.12/site-packages/airflow/example_dags/example_task_group_decorator.py
[2025-04-25T23:50:27.079+0000] {processor.py:925} INFO - DAG(s) 'example_task_group_decorator' retrieved from /home/airflow/.local/lib/python3.12/site-packages/airflow/example_dags/example_task_group_decorator.py
[2025-04-25T23:50:27.131+0000] {logging_mixin.py:190} INFO - [2025-04-25T23:50:27.130+0000] {dag.py:3239} INFO - Sync 1 DAGs
[2025-04-25T23:50:27.151+0000] {logging_mixin.py:190} INFO - [2025-04-25T23:50:27.151+0000] {dag.py:4180} INFO - Setting next_dagrun for example_task_group_decorator to None, run_after=None
[2025-04-25T23:50:27.179+0000] {processor.py:208} INFO - Processing /home/airflow/.local/lib/python3.12/site-packages/airflow/example_dags/example_task_group_decorator.py took 0.137 seconds
[2025-04-25T23:50:57.667+0000] {processor.py:186} INFO - Started process (PID=1646) to work on /home/airflow/.local/lib/python3.12/site-packages/airflow/example_dags/example_task_group_decorator.py
[2025-04-25T23:50:57.668+0000] {processor.py:914} INFO - Processing file /home/airflow/.local/lib/python3.12/site-packages/airflow/example_dags/example_task_group_decorator.py for tasks to queue
[2025-04-25T23:50:57.673+0000] {logging_mixin.py:190} INFO - [2025-04-25T23:50:57.672+0000] {dagbag.py:588} INFO - Filling up the DagBag from /home/airflow/.local/lib/python3.12/site-packages/airflow/example_dags/example_task_group_decorator.py
[2025-04-25T23:50:57.705+0000] {processor.py:925} INFO - DAG(s) 'example_task_group_decorator' retrieved from /home/airflow/.local/lib/python3.12/site-packages/airflow/example_dags/example_task_group_decorator.py
[2025-04-25T23:50:57.746+0000] {logging_mixin.py:190} INFO - [2025-04-25T23:50:57.745+0000] {dag.py:3239} INFO - Sync 1 DAGs
[2025-04-25T23:50:57.764+0000] {logging_mixin.py:190} INFO - [2025-04-25T23:50:57.764+0000] {dag.py:4180} INFO - Setting next_dagrun for example_task_group_decorator to None, run_after=None
[2025-04-25T23:50:57.787+0000] {processor.py:208} INFO - Processing /home/airflow/.local/lib/python3.12/site-packages/airflow/example_dags/example_task_group_decorator.py took 0.130 seconds
[2025-04-25T23:51:29.733+0000] {processor.py:186} INFO - Started process (PID=1715) to work on /home/airflow/.local/lib/python3.12/site-packages/airflow/example_dags/example_task_group_decorator.py
[2025-04-25T23:51:29.734+0000] {processor.py:914} INFO - Processing file /home/airflow/.local/lib/python3.12/site-packages/airflow/example_dags/example_task_group_decorator.py for tasks to queue
[2025-04-25T23:51:29.737+0000] {logging_mixin.py:190} INFO - [2025-04-25T23:51:29.736+0000] {dagbag.py:588} INFO - Filling up the DagBag from /home/airflow/.local/lib/python3.12/site-packages/airflow/example_dags/example_task_group_decorator.py
[2025-04-25T23:51:29.760+0000] {processor.py:925} INFO - DAG(s) 'example_task_group_decorator' retrieved from /home/airflow/.local/lib/python3.12/site-packages/airflow/example_dags/example_task_group_decorator.py
[2025-04-25T23:51:29.810+0000] {logging_mixin.py:190} INFO - [2025-04-25T23:51:29.809+0000] {dag.py:3239} INFO - Sync 1 DAGs
[2025-04-25T23:51:29.863+0000] {logging_mixin.py:190} INFO - [2025-04-25T23:51:29.862+0000] {dag.py:4180} INFO - Setting next_dagrun for example_task_group_decorator to None, run_after=None
[2025-04-25T23:51:29.940+0000] {processor.py:208} INFO - Processing /home/airflow/.local/lib/python3.12/site-packages/airflow/example_dags/example_task_group_decorator.py took 0.216 seconds
[2025-04-25T23:52:00.372+0000] {processor.py:186} INFO - Started process (PID=1777) to work on /home/airflow/.local/lib/python3.12/site-packages/airflow/example_dags/example_task_group_decorator.py
[2025-04-25T23:52:00.374+0000] {processor.py:914} INFO - Processing file /home/airflow/.local/lib/python3.12/site-packages/airflow/example_dags/example_task_group_decorator.py for tasks to queue
[2025-04-25T23:52:00.378+0000] {logging_mixin.py:190} INFO - [2025-04-25T23:52:00.377+0000] {dagbag.py:588} INFO - Filling up the DagBag from /home/airflow/.local/lib/python3.12/site-packages/airflow/example_dags/example_task_group_decorator.py
[2025-04-25T23:52:00.407+0000] {processor.py:925} INFO - DAG(s) 'example_task_group_decorator' retrieved from /home/airflow/.local/lib/python3.12/site-packages/airflow/example_dags/example_task_group_decorator.py
[2025-04-25T23:52:00.459+0000] {logging_mixin.py:190} INFO - [2025-04-25T23:52:00.459+0000] {dag.py:3239} INFO - Sync 1 DAGs
[2025-04-25T23:52:00.483+0000] {logging_mixin.py:190} INFO - [2025-04-25T23:52:00.483+0000] {dag.py:4180} INFO - Setting next_dagrun for example_task_group_decorator to None, run_after=None
[2025-04-25T23:52:00.510+0000] {processor.py:208} INFO - Processing /home/airflow/.local/lib/python3.12/site-packages/airflow/example_dags/example_task_group_decorator.py took 0.152 seconds
[2025-04-25T23:52:30.852+0000] {processor.py:186} INFO - Started process (PID=1841) to work on /home/airflow/.local/lib/python3.12/site-packages/airflow/example_dags/example_task_group_decorator.py
[2025-04-25T23:52:30.853+0000] {processor.py:914} INFO - Processing file /home/airflow/.local/lib/python3.12/site-packages/airflow/example_dags/example_task_group_decorator.py for tasks to queue
[2025-04-25T23:52:30.858+0000] {logging_mixin.py:190} INFO - [2025-04-25T23:52:30.857+0000] {dagbag.py:588} INFO - Filling up the DagBag from /home/airflow/.local/lib/python3.12/site-packages/airflow/example_dags/example_task_group_decorator.py
[2025-04-25T23:52:30.887+0000] {processor.py:925} INFO - DAG(s) 'example_task_group_decorator' retrieved from /home/airflow/.local/lib/python3.12/site-packages/airflow/example_dags/example_task_group_decorator.py
[2025-04-25T23:52:30.930+0000] {logging_mixin.py:190} INFO - [2025-04-25T23:52:30.929+0000] {dag.py:3239} INFO - Sync 1 DAGs
[2025-04-25T23:52:30.953+0000] {logging_mixin.py:190} INFO - [2025-04-25T23:52:30.953+0000] {dag.py:4180} INFO - Setting next_dagrun for example_task_group_decorator to None, run_after=None
[2025-04-25T23:52:30.978+0000] {processor.py:208} INFO - Processing /home/airflow/.local/lib/python3.12/site-packages/airflow/example_dags/example_task_group_decorator.py took 0.136 seconds
[2025-04-25T23:53:01.556+0000] {processor.py:186} INFO - Started process (PID=1906) to work on /home/airflow/.local/lib/python3.12/site-packages/airflow/example_dags/example_task_group_decorator.py
[2025-04-25T23:53:01.558+0000] {processor.py:914} INFO - Processing file /home/airflow/.local/lib/python3.12/site-packages/airflow/example_dags/example_task_group_decorator.py for tasks to queue
[2025-04-25T23:53:01.563+0000] {logging_mixin.py:190} INFO - [2025-04-25T23:53:01.563+0000] {dagbag.py:588} INFO - Filling up the DagBag from /home/airflow/.local/lib/python3.12/site-packages/airflow/example_dags/example_task_group_decorator.py
[2025-04-25T23:53:01.592+0000] {processor.py:925} INFO - DAG(s) 'example_task_group_decorator' retrieved from /home/airflow/.local/lib/python3.12/site-packages/airflow/example_dags/example_task_group_decorator.py
[2025-04-25T23:53:01.658+0000] {logging_mixin.py:190} INFO - [2025-04-25T23:53:01.657+0000] {dag.py:3239} INFO - Sync 1 DAGs
[2025-04-25T23:53:01.681+0000] {logging_mixin.py:190} INFO - [2025-04-25T23:53:01.681+0000] {dag.py:4180} INFO - Setting next_dagrun for example_task_group_decorator to None, run_after=None
[2025-04-25T23:53:01.705+0000] {processor.py:208} INFO - Processing /home/airflow/.local/lib/python3.12/site-packages/airflow/example_dags/example_task_group_decorator.py took 0.158 seconds
[2025-04-25T23:53:32.852+0000] {processor.py:186} INFO - Started process (PID=1970) to work on /home/airflow/.local/lib/python3.12/site-packages/airflow/example_dags/example_task_group_decorator.py
[2025-04-25T23:53:32.855+0000] {processor.py:914} INFO - Processing file /home/airflow/.local/lib/python3.12/site-packages/airflow/example_dags/example_task_group_decorator.py for tasks to queue
[2025-04-25T23:53:32.858+0000] {logging_mixin.py:190} INFO - [2025-04-25T23:53:32.858+0000] {dagbag.py:588} INFO - Filling up the DagBag from /home/airflow/.local/lib/python3.12/site-packages/airflow/example_dags/example_task_group_decorator.py
[2025-04-25T23:53:32.883+0000] {processor.py:925} INFO - DAG(s) 'example_task_group_decorator' retrieved from /home/airflow/.local/lib/python3.12/site-packages/airflow/example_dags/example_task_group_decorator.py
[2025-04-25T23:53:32.925+0000] {logging_mixin.py:190} INFO - [2025-04-25T23:53:32.925+0000] {dag.py:3239} INFO - Sync 1 DAGs
[2025-04-25T23:53:32.950+0000] {logging_mixin.py:190} INFO - [2025-04-25T23:53:32.950+0000] {dag.py:4180} INFO - Setting next_dagrun for example_task_group_decorator to None, run_after=None
[2025-04-25T23:53:32.979+0000] {processor.py:208} INFO - Processing /home/airflow/.local/lib/python3.12/site-packages/airflow/example_dags/example_task_group_decorator.py took 0.135 seconds
[2025-04-25T23:54:05.561+0000] {processor.py:186} INFO - Started process (PID=2034) to work on /home/airflow/.local/lib/python3.12/site-packages/airflow/example_dags/example_task_group_decorator.py
[2025-04-25T23:54:05.567+0000] {processor.py:914} INFO - Processing file /home/airflow/.local/lib/python3.12/site-packages/airflow/example_dags/example_task_group_decorator.py for tasks to queue
[2025-04-25T23:54:05.571+0000] {logging_mixin.py:190} INFO - [2025-04-25T23:54:05.571+0000] {dagbag.py:588} INFO - Filling up the DagBag from /home/airflow/.local/lib/python3.12/site-packages/airflow/example_dags/example_task_group_decorator.py
[2025-04-25T23:54:05.621+0000] {processor.py:925} INFO - DAG(s) 'example_task_group_decorator' retrieved from /home/airflow/.local/lib/python3.12/site-packages/airflow/example_dags/example_task_group_decorator.py
[2025-04-25T23:54:05.754+0000] {logging_mixin.py:190} INFO - [2025-04-25T23:54:05.753+0000] {dag.py:3239} INFO - Sync 1 DAGs
[2025-04-25T23:54:05.806+0000] {logging_mixin.py:190} INFO - [2025-04-25T23:54:05.806+0000] {dag.py:4180} INFO - Setting next_dagrun for example_task_group_decorator to None, run_after=None
[2025-04-25T23:54:05.847+0000] {processor.py:208} INFO - Processing /home/airflow/.local/lib/python3.12/site-packages/airflow/example_dags/example_task_group_decorator.py took 0.295 seconds
[2025-04-25T23:54:35.977+0000] {processor.py:186} INFO - Started process (PID=2098) to work on /home/airflow/.local/lib/python3.12/site-packages/airflow/example_dags/example_task_group_decorator.py
[2025-04-25T23:54:35.981+0000] {processor.py:914} INFO - Processing file /home/airflow/.local/lib/python3.12/site-packages/airflow/example_dags/example_task_group_decorator.py for tasks to queue
[2025-04-25T23:54:35.987+0000] {logging_mixin.py:190} INFO - [2025-04-25T23:54:35.987+0000] {dagbag.py:588} INFO - Filling up the DagBag from /home/airflow/.local/lib/python3.12/site-packages/airflow/example_dags/example_task_group_decorator.py
[2025-04-25T23:54:36.010+0000] {processor.py:925} INFO - DAG(s) 'example_task_group_decorator' retrieved from /home/airflow/.local/lib/python3.12/site-packages/airflow/example_dags/example_task_group_decorator.py
[2025-04-25T23:54:36.049+0000] {logging_mixin.py:190} INFO - [2025-04-25T23:54:36.049+0000] {dag.py:3239} INFO - Sync 1 DAGs
[2025-04-25T23:54:36.068+0000] {logging_mixin.py:190} INFO - [2025-04-25T23:54:36.068+0000] {dag.py:4180} INFO - Setting next_dagrun for example_task_group_decorator to None, run_after=None
[2025-04-25T23:54:36.092+0000] {processor.py:208} INFO - Processing /home/airflow/.local/lib/python3.12/site-packages/airflow/example_dags/example_task_group_decorator.py took 0.125 seconds
[2025-04-25T23:55:07.176+0000] {processor.py:186} INFO - Started process (PID=2162) to work on /home/airflow/.local/lib/python3.12/site-packages/airflow/example_dags/example_task_group_decorator.py
[2025-04-25T23:55:07.178+0000] {processor.py:914} INFO - Processing file /home/airflow/.local/lib/python3.12/site-packages/airflow/example_dags/example_task_group_decorator.py for tasks to queue
[2025-04-25T23:55:07.182+0000] {logging_mixin.py:190} INFO - [2025-04-25T23:55:07.182+0000] {dagbag.py:588} INFO - Filling up the DagBag from /home/airflow/.local/lib/python3.12/site-packages/airflow/example_dags/example_task_group_decorator.py
[2025-04-25T23:55:07.203+0000] {processor.py:925} INFO - DAG(s) 'example_task_group_decorator' retrieved from /home/airflow/.local/lib/python3.12/site-packages/airflow/example_dags/example_task_group_decorator.py
[2025-04-25T23:55:07.253+0000] {logging_mixin.py:190} INFO - [2025-04-25T23:55:07.252+0000] {dag.py:3239} INFO - Sync 1 DAGs
[2025-04-25T23:55:07.271+0000] {logging_mixin.py:190} INFO - [2025-04-25T23:55:07.271+0000] {dag.py:4180} INFO - Setting next_dagrun for example_task_group_decorator to None, run_after=None
[2025-04-25T23:55:07.297+0000] {processor.py:208} INFO - Processing /home/airflow/.local/lib/python3.12/site-packages/airflow/example_dags/example_task_group_decorator.py took 0.129 seconds
[2025-04-25T23:55:38.409+0000] {processor.py:186} INFO - Started process (PID=2226) to work on /home/airflow/.local/lib/python3.12/site-packages/airflow/example_dags/example_task_group_decorator.py
[2025-04-25T23:55:38.410+0000] {processor.py:914} INFO - Processing file /home/airflow/.local/lib/python3.12/site-packages/airflow/example_dags/example_task_group_decorator.py for tasks to queue
[2025-04-25T23:55:38.419+0000] {logging_mixin.py:190} INFO - [2025-04-25T23:55:38.419+0000] {dagbag.py:588} INFO - Filling up the DagBag from /home/airflow/.local/lib/python3.12/site-packages/airflow/example_dags/example_task_group_decorator.py
[2025-04-25T23:55:38.446+0000] {processor.py:925} INFO - DAG(s) 'example_task_group_decorator' retrieved from /home/airflow/.local/lib/python3.12/site-packages/airflow/example_dags/example_task_group_decorator.py
[2025-04-25T23:55:38.501+0000] {logging_mixin.py:190} INFO - [2025-04-25T23:55:38.501+0000] {dag.py:3239} INFO - Sync 1 DAGs
[2025-04-25T23:55:38.526+0000] {logging_mixin.py:190} INFO - [2025-04-25T23:55:38.526+0000] {dag.py:4180} INFO - Setting next_dagrun for example_task_group_decorator to None, run_after=None
[2025-04-25T23:55:38.565+0000] {processor.py:208} INFO - Processing /home/airflow/.local/lib/python3.12/site-packages/airflow/example_dags/example_task_group_decorator.py took 0.163 seconds
[2025-04-25T23:56:11.204+0000] {processor.py:186} INFO - Started process (PID=2290) to work on /home/airflow/.local/lib/python3.12/site-packages/airflow/example_dags/example_task_group_decorator.py
[2025-04-25T23:56:11.209+0000] {processor.py:914} INFO - Processing file /home/airflow/.local/lib/python3.12/site-packages/airflow/example_dags/example_task_group_decorator.py for tasks to queue
[2025-04-25T23:56:11.217+0000] {logging_mixin.py:190} INFO - [2025-04-25T23:56:11.217+0000] {dagbag.py:588} INFO - Filling up the DagBag from /home/airflow/.local/lib/python3.12/site-packages/airflow/example_dags/example_task_group_decorator.py
[2025-04-25T23:56:11.248+0000] {processor.py:925} INFO - DAG(s) 'example_task_group_decorator' retrieved from /home/airflow/.local/lib/python3.12/site-packages/airflow/example_dags/example_task_group_decorator.py
[2025-04-25T23:56:11.307+0000] {logging_mixin.py:190} INFO - [2025-04-25T23:56:11.307+0000] {dag.py:3239} INFO - Sync 1 DAGs
[2025-04-25T23:56:11.349+0000] {logging_mixin.py:190} INFO - [2025-04-25T23:56:11.348+0000] {dag.py:4180} INFO - Setting next_dagrun for example_task_group_decorator to None, run_after=None
[2025-04-25T23:56:11.380+0000] {processor.py:208} INFO - Processing /home/airflow/.local/lib/python3.12/site-packages/airflow/example_dags/example_task_group_decorator.py took 0.190 seconds
[2025-04-25T23:56:42.620+0000] {processor.py:186} INFO - Started process (PID=2355) to work on /home/airflow/.local/lib/python3.12/site-packages/airflow/example_dags/example_task_group_decorator.py
[2025-04-25T23:56:42.624+0000] {processor.py:914} INFO - Processing file /home/airflow/.local/lib/python3.12/site-packages/airflow/example_dags/example_task_group_decorator.py for tasks to queue
[2025-04-25T23:56:42.628+0000] {logging_mixin.py:190} INFO - [2025-04-25T23:56:42.628+0000] {dagbag.py:588} INFO - Filling up the DagBag from /home/airflow/.local/lib/python3.12/site-packages/airflow/example_dags/example_task_group_decorator.py
[2025-04-25T23:56:42.667+0000] {processor.py:925} INFO - DAG(s) 'example_task_group_decorator' retrieved from /home/airflow/.local/lib/python3.12/site-packages/airflow/example_dags/example_task_group_decorator.py
[2025-04-25T23:56:42.715+0000] {logging_mixin.py:190} INFO - [2025-04-25T23:56:42.715+0000] {dag.py:3239} INFO - Sync 1 DAGs
[2025-04-25T23:56:42.744+0000] {logging_mixin.py:190} INFO - [2025-04-25T23:56:42.742+0000] {dag.py:4180} INFO - Setting next_dagrun for example_task_group_decorator to None, run_after=None
[2025-04-25T23:56:42.780+0000] {processor.py:208} INFO - Processing /home/airflow/.local/lib/python3.12/site-packages/airflow/example_dags/example_task_group_decorator.py took 0.166 seconds
[2025-04-25T23:57:14.536+0000] {processor.py:186} INFO - Started process (PID=2419) to work on /home/airflow/.local/lib/python3.12/site-packages/airflow/example_dags/example_task_group_decorator.py
[2025-04-25T23:57:14.545+0000] {processor.py:914} INFO - Processing file /home/airflow/.local/lib/python3.12/site-packages/airflow/example_dags/example_task_group_decorator.py for tasks to queue
[2025-04-25T23:57:14.547+0000] {logging_mixin.py:190} INFO - [2025-04-25T23:57:14.547+0000] {dagbag.py:588} INFO - Filling up the DagBag from /home/airflow/.local/lib/python3.12/site-packages/airflow/example_dags/example_task_group_decorator.py
[2025-04-25T23:57:14.580+0000] {processor.py:925} INFO - DAG(s) 'example_task_group_decorator' retrieved from /home/airflow/.local/lib/python3.12/site-packages/airflow/example_dags/example_task_group_decorator.py
[2025-04-25T23:57:14.670+0000] {logging_mixin.py:190} INFO - [2025-04-25T23:57:14.669+0000] {dag.py:3239} INFO - Sync 1 DAGs
[2025-04-25T23:57:14.746+0000] {logging_mixin.py:190} INFO - [2025-04-25T23:57:14.745+0000] {dag.py:4180} INFO - Setting next_dagrun for example_task_group_decorator to None, run_after=None
[2025-04-25T23:57:14.858+0000] {processor.py:208} INFO - Processing /home/airflow/.local/lib/python3.12/site-packages/airflow/example_dags/example_task_group_decorator.py took 0.330 seconds
[2025-04-25T23:58:53.355+0000] {processor.py:186} INFO - Started process (PID=2488) to work on /home/airflow/.local/lib/python3.12/site-packages/airflow/example_dags/example_task_group_decorator.py
[2025-04-25T23:58:53.363+0000] {processor.py:914} INFO - Processing file /home/airflow/.local/lib/python3.12/site-packages/airflow/example_dags/example_task_group_decorator.py for tasks to queue
[2025-04-25T23:58:53.365+0000] {logging_mixin.py:190} INFO - [2025-04-25T23:58:53.365+0000] {dagbag.py:588} INFO - Filling up the DagBag from /home/airflow/.local/lib/python3.12/site-packages/airflow/example_dags/example_task_group_decorator.py
[2025-04-25T23:58:53.630+0000] {processor.py:925} INFO - DAG(s) 'example_task_group_decorator' retrieved from /home/airflow/.local/lib/python3.12/site-packages/airflow/example_dags/example_task_group_decorator.py
[2025-04-25T23:58:53.798+0000] {logging_mixin.py:190} INFO - [2025-04-25T23:58:53.797+0000] {dag.py:3239} INFO - Sync 1 DAGs
[2025-04-25T23:58:53.899+0000] {logging_mixin.py:190} INFO - [2025-04-25T23:58:53.899+0000] {dag.py:4180} INFO - Setting next_dagrun for example_task_group_decorator to None, run_after=None
[2025-04-25T23:58:54.105+0000] {processor.py:208} INFO - Processing /home/airflow/.local/lib/python3.12/site-packages/airflow/example_dags/example_task_group_decorator.py took 0.785 seconds
[2025-04-25T23:59:24.503+0000] {processor.py:186} INFO - Started process (PID=2553) to work on /home/airflow/.local/lib/python3.12/site-packages/airflow/example_dags/example_task_group_decorator.py
[2025-04-25T23:59:24.505+0000] {processor.py:914} INFO - Processing file /home/airflow/.local/lib/python3.12/site-packages/airflow/example_dags/example_task_group_decorator.py for tasks to queue
[2025-04-25T23:59:24.512+0000] {logging_mixin.py:190} INFO - [2025-04-25T23:59:24.508+0000] {dagbag.py:588} INFO - Filling up the DagBag from /home/airflow/.local/lib/python3.12/site-packages/airflow/example_dags/example_task_group_decorator.py
[2025-04-25T23:59:24.571+0000] {processor.py:925} INFO - DAG(s) 'example_task_group_decorator' retrieved from /home/airflow/.local/lib/python3.12/site-packages/airflow/example_dags/example_task_group_decorator.py
[2025-04-25T23:59:24.670+0000] {logging_mixin.py:190} INFO - [2025-04-25T23:59:24.669+0000] {dag.py:3239} INFO - Sync 1 DAGs
[2025-04-25T23:59:24.752+0000] {logging_mixin.py:190} INFO - [2025-04-25T23:59:24.751+0000] {dag.py:4180} INFO - Setting next_dagrun for example_task_group_decorator to None, run_after=None
[2025-04-25T23:59:24.823+0000] {processor.py:208} INFO - Processing /home/airflow/.local/lib/python3.12/site-packages/airflow/example_dags/example_task_group_decorator.py took 0.333 seconds
