[2025-04-25T23:33:36.155+0000] {processor.py:186} INFO - Started process (PID=156) to work on /home/airflow/.local/lib/python3.12/site-packages/airflow/example_dags/tutorial.py
[2025-04-25T23:33:36.156+0000] {processor.py:914} INFO - Processing file /home/airflow/.local/lib/python3.12/site-packages/airflow/example_dags/tutorial.py for tasks to queue
[2025-04-25T23:33:36.164+0000] {logging_mixin.py:190} INFO - [2025-04-25T23:33:36.163+0000] {dagbag.py:588} INFO - Filling up the DagBag from /home/airflow/.local/lib/python3.12/site-packages/airflow/example_dags/tutorial.py
[2025-04-25T23:33:36.197+0000] {processor.py:925} INFO - DAG(s) 'tutorial' retrieved from /home/airflow/.local/lib/python3.12/site-packages/airflow/example_dags/tutorial.py
[2025-04-25T23:33:36.494+0000] {logging_mixin.py:190} INFO - [2025-04-25T23:33:36.493+0000] {override.py:1911} INFO - Created Permission View: can delete on DAG:tutorial
[2025-04-25T23:33:36.522+0000] {logging_mixin.py:190} INFO - [2025-04-25T23:33:36.519+0000] {override.py:1911} INFO - Created Permission View: can read on DAG:tutorial
[2025-04-25T23:33:36.537+0000] {logging_mixin.py:190} INFO - [2025-04-25T23:33:36.537+0000] {override.py:1911} INFO - Created Permission View: can edit on DAG:tutorial
[2025-04-25T23:33:36.620+0000] {logging_mixin.py:190} INFO - [2025-04-25T23:33:36.619+0000] {override.py:1911} INFO - Created Permission View: can create on DAG Run:tutorial
[2025-04-25T23:33:36.809+0000] {logging_mixin.py:190} INFO - [2025-04-25T23:33:36.806+0000] {override.py:1911} INFO - Created Permission View: can delete on DAG Run:tutorial
[2025-04-25T23:33:36.899+0000] {logging_mixin.py:190} INFO - [2025-04-25T23:33:36.899+0000] {override.py:1911} INFO - Created Permission View: can read on DAG Run:tutorial
[2025-04-25T23:33:36.945+0000] {logging_mixin.py:190} INFO - [2025-04-25T23:33:36.942+0000] {override.py:1911} INFO - Created Permission View: menu access on DAG Run:tutorial
[2025-04-25T23:33:36.947+0000] {logging_mixin.py:190} INFO - [2025-04-25T23:33:36.946+0000] {dag.py:3239} INFO - Sync 1 DAGs
[2025-04-25T23:33:37.078+0000] {logging_mixin.py:190} INFO - [2025-04-25T23:33:37.077+0000] {dag.py:3262} INFO - Creating ORM DAG for tutorial
[2025-04-25T23:33:37.114+0000] {logging_mixin.py:190} INFO - [2025-04-25T23:33:37.114+0000] {dag.py:4180} INFO - Setting next_dagrun for tutorial to 2025-04-24 00:00:00+00:00, run_after=2025-04-25 00:00:00+00:00
[2025-04-25T23:33:37.254+0000] {processor.py:208} INFO - Processing /home/airflow/.local/lib/python3.12/site-packages/airflow/example_dags/tutorial.py took 1.112 seconds
[2025-04-25T23:34:07.955+0000] {processor.py:186} INFO - Started process (PID=218) to work on /home/airflow/.local/lib/python3.12/site-packages/airflow/example_dags/tutorial.py
[2025-04-25T23:34:07.964+0000] {processor.py:914} INFO - Processing file /home/airflow/.local/lib/python3.12/site-packages/airflow/example_dags/tutorial.py for tasks to queue
[2025-04-25T23:34:08.003+0000] {logging_mixin.py:190} INFO - [2025-04-25T23:34:08.001+0000] {dagbag.py:588} INFO - Filling up the DagBag from /home/airflow/.local/lib/python3.12/site-packages/airflow/example_dags/tutorial.py
[2025-04-25T23:34:08.096+0000] {processor.py:925} INFO - DAG(s) 'tutorial' retrieved from /home/airflow/.local/lib/python3.12/site-packages/airflow/example_dags/tutorial.py
[2025-04-25T23:34:09.123+0000] {logging_mixin.py:190} INFO - [2025-04-25T23:34:09.104+0000] {dag.py:3239} INFO - Sync 1 DAGs
[2025-04-25T23:34:09.246+0000] {logging_mixin.py:190} INFO - [2025-04-25T23:34:09.246+0000] {dag.py:4180} INFO - Setting next_dagrun for tutorial to 2025-04-24 00:00:00+00:00, run_after=2025-04-25 00:00:00+00:00
[2025-04-25T23:34:09.366+0000] {processor.py:208} INFO - Processing /home/airflow/.local/lib/python3.12/site-packages/airflow/example_dags/tutorial.py took 1.472 seconds
[2025-04-25T23:38:01.795+0000] {processor.py:186} INFO - Started process (PID=126) to work on /home/airflow/.local/lib/python3.12/site-packages/airflow/example_dags/tutorial.py
[2025-04-25T23:38:01.803+0000] {processor.py:914} INFO - Processing file /home/airflow/.local/lib/python3.12/site-packages/airflow/example_dags/tutorial.py for tasks to queue
[2025-04-25T23:38:01.819+0000] {logging_mixin.py:190} INFO - [2025-04-25T23:38:01.813+0000] {dagbag.py:588} INFO - Filling up the DagBag from /home/airflow/.local/lib/python3.12/site-packages/airflow/example_dags/tutorial.py
[2025-04-25T23:38:01.871+0000] {processor.py:925} INFO - DAG(s) 'tutorial' retrieved from /home/airflow/.local/lib/python3.12/site-packages/airflow/example_dags/tutorial.py
[2025-04-25T23:38:01.932+0000] {logging_mixin.py:190} INFO - [2025-04-25T23:38:01.931+0000] {dag.py:3239} INFO - Sync 1 DAGs
[2025-04-25T23:38:01.987+0000] {logging_mixin.py:190} INFO - [2025-04-25T23:38:01.987+0000] {dag.py:4180} INFO - Setting next_dagrun for tutorial to 2025-04-24 00:00:00+00:00, run_after=2025-04-25 00:00:00+00:00
[2025-04-25T23:38:02.025+0000] {processor.py:208} INFO - Processing /home/airflow/.local/lib/python3.12/site-packages/airflow/example_dags/tutorial.py took 0.252 seconds
[2025-04-25T23:38:34.572+0000] {processor.py:186} INFO - Started process (PID=189) to work on /home/airflow/.local/lib/python3.12/site-packages/airflow/example_dags/tutorial.py
[2025-04-25T23:38:34.574+0000] {processor.py:914} INFO - Processing file /home/airflow/.local/lib/python3.12/site-packages/airflow/example_dags/tutorial.py for tasks to queue
[2025-04-25T23:38:34.579+0000] {logging_mixin.py:190} INFO - [2025-04-25T23:38:34.578+0000] {dagbag.py:588} INFO - Filling up the DagBag from /home/airflow/.local/lib/python3.12/site-packages/airflow/example_dags/tutorial.py
[2025-04-25T23:38:34.593+0000] {processor.py:925} INFO - DAG(s) 'tutorial' retrieved from /home/airflow/.local/lib/python3.12/site-packages/airflow/example_dags/tutorial.py
[2025-04-25T23:38:34.655+0000] {logging_mixin.py:190} INFO - [2025-04-25T23:38:34.655+0000] {dag.py:3239} INFO - Sync 1 DAGs
[2025-04-25T23:38:34.702+0000] {logging_mixin.py:190} INFO - [2025-04-25T23:38:34.701+0000] {dag.py:4180} INFO - Setting next_dagrun for tutorial to 2025-04-24 00:00:00+00:00, run_after=2025-04-25 00:00:00+00:00
[2025-04-25T23:38:34.788+0000] {processor.py:208} INFO - Processing /home/airflow/.local/lib/python3.12/site-packages/airflow/example_dags/tutorial.py took 0.229 seconds
[2025-04-25T23:39:04.988+0000] {processor.py:186} INFO - Started process (PID=251) to work on /home/airflow/.local/lib/python3.12/site-packages/airflow/example_dags/tutorial.py
[2025-04-25T23:39:04.990+0000] {processor.py:914} INFO - Processing file /home/airflow/.local/lib/python3.12/site-packages/airflow/example_dags/tutorial.py for tasks to queue
[2025-04-25T23:39:04.994+0000] {logging_mixin.py:190} INFO - [2025-04-25T23:39:04.993+0000] {dagbag.py:588} INFO - Filling up the DagBag from /home/airflow/.local/lib/python3.12/site-packages/airflow/example_dags/tutorial.py
[2025-04-25T23:39:05.007+0000] {processor.py:925} INFO - DAG(s) 'tutorial' retrieved from /home/airflow/.local/lib/python3.12/site-packages/airflow/example_dags/tutorial.py
[2025-04-25T23:39:05.040+0000] {logging_mixin.py:190} INFO - [2025-04-25T23:39:05.039+0000] {dag.py:3239} INFO - Sync 1 DAGs
[2025-04-25T23:39:05.071+0000] {logging_mixin.py:190} INFO - [2025-04-25T23:39:05.071+0000] {dag.py:4180} INFO - Setting next_dagrun for tutorial to 2025-04-24 00:00:00+00:00, run_after=2025-04-25 00:00:00+00:00
[2025-04-25T23:39:05.096+0000] {processor.py:208} INFO - Processing /home/airflow/.local/lib/python3.12/site-packages/airflow/example_dags/tutorial.py took 0.116 seconds
[2025-04-25T23:39:47.469+0000] {processor.py:186} INFO - Started process (PID=314) to work on /home/airflow/.local/lib/python3.12/site-packages/airflow/example_dags/tutorial.py
[2025-04-25T23:39:47.473+0000] {processor.py:914} INFO - Processing file /home/airflow/.local/lib/python3.12/site-packages/airflow/example_dags/tutorial.py for tasks to queue
[2025-04-25T23:39:47.487+0000] {logging_mixin.py:190} INFO - [2025-04-25T23:39:47.484+0000] {dagbag.py:588} INFO - Filling up the DagBag from /home/airflow/.local/lib/python3.12/site-packages/airflow/example_dags/tutorial.py
[2025-04-25T23:39:47.538+0000] {processor.py:925} INFO - DAG(s) 'tutorial' retrieved from /home/airflow/.local/lib/python3.12/site-packages/airflow/example_dags/tutorial.py
[2025-04-25T23:39:47.756+0000] {logging_mixin.py:190} INFO - [2025-04-25T23:39:47.755+0000] {dag.py:3239} INFO - Sync 1 DAGs
[2025-04-25T23:39:47.853+0000] {logging_mixin.py:190} INFO - [2025-04-25T23:39:47.853+0000] {dag.py:4180} INFO - Setting next_dagrun for tutorial to 2025-04-24 00:00:00+00:00, run_after=2025-04-25 00:00:00+00:00
[2025-04-25T23:39:47.985+0000] {processor.py:208} INFO - Processing /home/airflow/.local/lib/python3.12/site-packages/airflow/example_dags/tutorial.py took 0.532 seconds
[2025-04-25T23:40:19.092+0000] {processor.py:186} INFO - Started process (PID=379) to work on /home/airflow/.local/lib/python3.12/site-packages/airflow/example_dags/tutorial.py
[2025-04-25T23:40:19.093+0000] {processor.py:914} INFO - Processing file /home/airflow/.local/lib/python3.12/site-packages/airflow/example_dags/tutorial.py for tasks to queue
[2025-04-25T23:40:19.096+0000] {logging_mixin.py:190} INFO - [2025-04-25T23:40:19.095+0000] {dagbag.py:588} INFO - Filling up the DagBag from /home/airflow/.local/lib/python3.12/site-packages/airflow/example_dags/tutorial.py
[2025-04-25T23:40:19.110+0000] {processor.py:925} INFO - DAG(s) 'tutorial' retrieved from /home/airflow/.local/lib/python3.12/site-packages/airflow/example_dags/tutorial.py
[2025-04-25T23:40:19.135+0000] {logging_mixin.py:190} INFO - [2025-04-25T23:40:19.135+0000] {dag.py:3239} INFO - Sync 1 DAGs
[2025-04-25T23:40:19.168+0000] {logging_mixin.py:190} INFO - [2025-04-25T23:40:19.168+0000] {dag.py:4180} INFO - Setting next_dagrun for tutorial to 2025-04-24 00:00:00+00:00, run_after=2025-04-25 00:00:00+00:00
[2025-04-25T23:40:19.194+0000] {processor.py:208} INFO - Processing /home/airflow/.local/lib/python3.12/site-packages/airflow/example_dags/tutorial.py took 0.110 seconds
[2025-04-25T23:40:50.265+0000] {processor.py:186} INFO - Started process (PID=443) to work on /home/airflow/.local/lib/python3.12/site-packages/airflow/example_dags/tutorial.py
[2025-04-25T23:40:50.276+0000] {processor.py:914} INFO - Processing file /home/airflow/.local/lib/python3.12/site-packages/airflow/example_dags/tutorial.py for tasks to queue
[2025-04-25T23:40:50.279+0000] {logging_mixin.py:190} INFO - [2025-04-25T23:40:50.279+0000] {dagbag.py:588} INFO - Filling up the DagBag from /home/airflow/.local/lib/python3.12/site-packages/airflow/example_dags/tutorial.py
[2025-04-25T23:40:50.296+0000] {processor.py:925} INFO - DAG(s) 'tutorial' retrieved from /home/airflow/.local/lib/python3.12/site-packages/airflow/example_dags/tutorial.py
[2025-04-25T23:40:50.438+0000] {logging_mixin.py:190} INFO - [2025-04-25T23:40:50.437+0000] {dag.py:3239} INFO - Sync 1 DAGs
[2025-04-25T23:40:50.547+0000] {logging_mixin.py:190} INFO - [2025-04-25T23:40:50.547+0000] {dag.py:4180} INFO - Setting next_dagrun for tutorial to 2025-04-24 00:00:00+00:00, run_after=2025-04-25 00:00:00+00:00
[2025-04-25T23:40:50.612+0000] {processor.py:208} INFO - Processing /home/airflow/.local/lib/python3.12/site-packages/airflow/example_dags/tutorial.py took 0.358 seconds
[2025-04-25T23:41:21.799+0000] {processor.py:186} INFO - Started process (PID=506) to work on /home/airflow/.local/lib/python3.12/site-packages/airflow/example_dags/tutorial.py
[2025-04-25T23:41:21.801+0000] {processor.py:914} INFO - Processing file /home/airflow/.local/lib/python3.12/site-packages/airflow/example_dags/tutorial.py for tasks to queue
[2025-04-25T23:41:21.805+0000] {logging_mixin.py:190} INFO - [2025-04-25T23:41:21.804+0000] {dagbag.py:588} INFO - Filling up the DagBag from /home/airflow/.local/lib/python3.12/site-packages/airflow/example_dags/tutorial.py
[2025-04-25T23:41:21.819+0000] {processor.py:925} INFO - DAG(s) 'tutorial' retrieved from /home/airflow/.local/lib/python3.12/site-packages/airflow/example_dags/tutorial.py
[2025-04-25T23:41:21.857+0000] {logging_mixin.py:190} INFO - [2025-04-25T23:41:21.857+0000] {dag.py:3239} INFO - Sync 1 DAGs
[2025-04-25T23:41:21.918+0000] {logging_mixin.py:190} INFO - [2025-04-25T23:41:21.917+0000] {dag.py:4180} INFO - Setting next_dagrun for tutorial to 2025-04-24 00:00:00+00:00, run_after=2025-04-25 00:00:00+00:00
[2025-04-25T23:41:21.966+0000] {processor.py:208} INFO - Processing /home/airflow/.local/lib/python3.12/site-packages/airflow/example_dags/tutorial.py took 0.180 seconds
[2025-04-25T23:41:54.289+0000] {processor.py:186} INFO - Started process (PID=580) to work on /home/airflow/.local/lib/python3.12/site-packages/airflow/example_dags/tutorial.py
[2025-04-25T23:41:54.290+0000] {processor.py:914} INFO - Processing file /home/airflow/.local/lib/python3.12/site-packages/airflow/example_dags/tutorial.py for tasks to queue
[2025-04-25T23:41:54.294+0000] {logging_mixin.py:190} INFO - [2025-04-25T23:41:54.294+0000] {dagbag.py:588} INFO - Filling up the DagBag from /home/airflow/.local/lib/python3.12/site-packages/airflow/example_dags/tutorial.py
[2025-04-25T23:41:54.309+0000] {processor.py:925} INFO - DAG(s) 'tutorial' retrieved from /home/airflow/.local/lib/python3.12/site-packages/airflow/example_dags/tutorial.py
[2025-04-25T23:41:54.344+0000] {logging_mixin.py:190} INFO - [2025-04-25T23:41:54.344+0000] {dag.py:3239} INFO - Sync 1 DAGs
[2025-04-25T23:41:54.388+0000] {logging_mixin.py:190} INFO - [2025-04-25T23:41:54.388+0000] {dag.py:4180} INFO - Setting next_dagrun for tutorial to 2025-04-24 00:00:00+00:00, run_after=2025-04-25 00:00:00+00:00
[2025-04-25T23:41:54.442+0000] {processor.py:208} INFO - Processing /home/airflow/.local/lib/python3.12/site-packages/airflow/example_dags/tutorial.py took 0.164 seconds
[2025-04-25T23:42:25.176+0000] {processor.py:186} INFO - Started process (PID=643) to work on /home/airflow/.local/lib/python3.12/site-packages/airflow/example_dags/tutorial.py
[2025-04-25T23:42:25.178+0000] {processor.py:914} INFO - Processing file /home/airflow/.local/lib/python3.12/site-packages/airflow/example_dags/tutorial.py for tasks to queue
[2025-04-25T23:42:25.181+0000] {logging_mixin.py:190} INFO - [2025-04-25T23:42:25.180+0000] {dagbag.py:588} INFO - Filling up the DagBag from /home/airflow/.local/lib/python3.12/site-packages/airflow/example_dags/tutorial.py
[2025-04-25T23:42:25.198+0000] {processor.py:925} INFO - DAG(s) 'tutorial' retrieved from /home/airflow/.local/lib/python3.12/site-packages/airflow/example_dags/tutorial.py
[2025-04-25T23:42:25.248+0000] {logging_mixin.py:190} INFO - [2025-04-25T23:42:25.247+0000] {dag.py:3239} INFO - Sync 1 DAGs
[2025-04-25T23:42:25.289+0000] {logging_mixin.py:190} INFO - [2025-04-25T23:42:25.289+0000] {dag.py:4180} INFO - Setting next_dagrun for tutorial to 2025-04-24 00:00:00+00:00, run_after=2025-04-25 00:00:00+00:00
[2025-04-25T23:42:25.321+0000] {processor.py:208} INFO - Processing /home/airflow/.local/lib/python3.12/site-packages/airflow/example_dags/tutorial.py took 0.155 seconds
[2025-04-25T23:42:56.074+0000] {processor.py:186} INFO - Started process (PID=706) to work on /home/airflow/.local/lib/python3.12/site-packages/airflow/example_dags/tutorial.py
[2025-04-25T23:42:56.075+0000] {processor.py:914} INFO - Processing file /home/airflow/.local/lib/python3.12/site-packages/airflow/example_dags/tutorial.py for tasks to queue
[2025-04-25T23:42:56.079+0000] {logging_mixin.py:190} INFO - [2025-04-25T23:42:56.078+0000] {dagbag.py:588} INFO - Filling up the DagBag from /home/airflow/.local/lib/python3.12/site-packages/airflow/example_dags/tutorial.py
[2025-04-25T23:42:56.092+0000] {processor.py:925} INFO - DAG(s) 'tutorial' retrieved from /home/airflow/.local/lib/python3.12/site-packages/airflow/example_dags/tutorial.py
[2025-04-25T23:42:56.140+0000] {logging_mixin.py:190} INFO - [2025-04-25T23:42:56.140+0000] {dag.py:3239} INFO - Sync 1 DAGs
[2025-04-25T23:42:56.197+0000] {logging_mixin.py:190} INFO - [2025-04-25T23:42:56.197+0000] {dag.py:4180} INFO - Setting next_dagrun for tutorial to 2025-04-24 00:00:00+00:00, run_after=2025-04-25 00:00:00+00:00
[2025-04-25T23:42:56.229+0000] {processor.py:208} INFO - Processing /home/airflow/.local/lib/python3.12/site-packages/airflow/example_dags/tutorial.py took 0.171 seconds
[2025-04-25T23:43:31.607+0000] {processor.py:186} INFO - Started process (PID=769) to work on /home/airflow/.local/lib/python3.12/site-packages/airflow/example_dags/tutorial.py
[2025-04-25T23:43:31.608+0000] {processor.py:914} INFO - Processing file /home/airflow/.local/lib/python3.12/site-packages/airflow/example_dags/tutorial.py for tasks to queue
[2025-04-25T23:43:31.613+0000] {logging_mixin.py:190} INFO - [2025-04-25T23:43:31.613+0000] {dagbag.py:588} INFO - Filling up the DagBag from /home/airflow/.local/lib/python3.12/site-packages/airflow/example_dags/tutorial.py
[2025-04-25T23:43:31.630+0000] {processor.py:925} INFO - DAG(s) 'tutorial' retrieved from /home/airflow/.local/lib/python3.12/site-packages/airflow/example_dags/tutorial.py
[2025-04-25T23:43:31.670+0000] {logging_mixin.py:190} INFO - [2025-04-25T23:43:31.670+0000] {dag.py:3239} INFO - Sync 1 DAGs
[2025-04-25T23:43:31.721+0000] {logging_mixin.py:190} INFO - [2025-04-25T23:43:31.721+0000] {dag.py:4180} INFO - Setting next_dagrun for tutorial to 2025-04-24 00:00:00+00:00, run_after=2025-04-25 00:00:00+00:00
[2025-04-25T23:43:31.758+0000] {processor.py:208} INFO - Processing /home/airflow/.local/lib/python3.12/site-packages/airflow/example_dags/tutorial.py took 0.165 seconds
[2025-04-25T23:44:02.815+0000] {processor.py:186} INFO - Started process (PID=832) to work on /home/airflow/.local/lib/python3.12/site-packages/airflow/example_dags/tutorial.py
[2025-04-25T23:44:02.818+0000] {processor.py:914} INFO - Processing file /home/airflow/.local/lib/python3.12/site-packages/airflow/example_dags/tutorial.py for tasks to queue
[2025-04-25T23:44:02.826+0000] {logging_mixin.py:190} INFO - [2025-04-25T23:44:02.826+0000] {dagbag.py:588} INFO - Filling up the DagBag from /home/airflow/.local/lib/python3.12/site-packages/airflow/example_dags/tutorial.py
[2025-04-25T23:44:02.838+0000] {processor.py:925} INFO - DAG(s) 'tutorial' retrieved from /home/airflow/.local/lib/python3.12/site-packages/airflow/example_dags/tutorial.py
[2025-04-25T23:44:02.878+0000] {logging_mixin.py:190} INFO - [2025-04-25T23:44:02.878+0000] {dag.py:3239} INFO - Sync 1 DAGs
[2025-04-25T23:44:02.911+0000] {logging_mixin.py:190} INFO - [2025-04-25T23:44:02.911+0000] {dag.py:4180} INFO - Setting next_dagrun for tutorial to 2025-04-24 00:00:00+00:00, run_after=2025-04-25 00:00:00+00:00
[2025-04-25T23:44:02.944+0000] {processor.py:208} INFO - Processing /home/airflow/.local/lib/python3.12/site-packages/airflow/example_dags/tutorial.py took 0.136 seconds
[2025-04-25T23:44:34.010+0000] {processor.py:186} INFO - Started process (PID=895) to work on /home/airflow/.local/lib/python3.12/site-packages/airflow/example_dags/tutorial.py
[2025-04-25T23:44:34.011+0000] {processor.py:914} INFO - Processing file /home/airflow/.local/lib/python3.12/site-packages/airflow/example_dags/tutorial.py for tasks to queue
[2025-04-25T23:44:34.015+0000] {logging_mixin.py:190} INFO - [2025-04-25T23:44:34.014+0000] {dagbag.py:588} INFO - Filling up the DagBag from /home/airflow/.local/lib/python3.12/site-packages/airflow/example_dags/tutorial.py
[2025-04-25T23:44:34.026+0000] {processor.py:925} INFO - DAG(s) 'tutorial' retrieved from /home/airflow/.local/lib/python3.12/site-packages/airflow/example_dags/tutorial.py
[2025-04-25T23:44:34.057+0000] {logging_mixin.py:190} INFO - [2025-04-25T23:44:34.056+0000] {dag.py:3239} INFO - Sync 1 DAGs
[2025-04-25T23:44:34.091+0000] {logging_mixin.py:190} INFO - [2025-04-25T23:44:34.091+0000] {dag.py:4180} INFO - Setting next_dagrun for tutorial to 2025-04-24 00:00:00+00:00, run_after=2025-04-25 00:00:00+00:00
[2025-04-25T23:44:34.116+0000] {processor.py:208} INFO - Processing /home/airflow/.local/lib/python3.12/site-packages/airflow/example_dags/tutorial.py took 0.113 seconds
[2025-04-25T23:45:04.256+0000] {processor.py:186} INFO - Started process (PID=957) to work on /home/airflow/.local/lib/python3.12/site-packages/airflow/example_dags/tutorial.py
[2025-04-25T23:45:04.259+0000] {processor.py:914} INFO - Processing file /home/airflow/.local/lib/python3.12/site-packages/airflow/example_dags/tutorial.py for tasks to queue
[2025-04-25T23:45:04.271+0000] {logging_mixin.py:190} INFO - [2025-04-25T23:45:04.271+0000] {dagbag.py:588} INFO - Filling up the DagBag from /home/airflow/.local/lib/python3.12/site-packages/airflow/example_dags/tutorial.py
[2025-04-25T23:45:04.303+0000] {processor.py:925} INFO - DAG(s) 'tutorial' retrieved from /home/airflow/.local/lib/python3.12/site-packages/airflow/example_dags/tutorial.py
[2025-04-25T23:45:04.358+0000] {logging_mixin.py:190} INFO - [2025-04-25T23:45:04.357+0000] {dag.py:3239} INFO - Sync 1 DAGs
[2025-04-25T23:45:04.421+0000] {logging_mixin.py:190} INFO - [2025-04-25T23:45:04.421+0000] {dag.py:4180} INFO - Setting next_dagrun for tutorial to 2025-04-24 00:00:00+00:00, run_after=2025-04-25 00:00:00+00:00
[2025-04-25T23:45:04.461+0000] {processor.py:208} INFO - Processing /home/airflow/.local/lib/python3.12/site-packages/airflow/example_dags/tutorial.py took 0.221 seconds
[2025-04-25T23:45:34.635+0000] {processor.py:186} INFO - Started process (PID=1020) to work on /home/airflow/.local/lib/python3.12/site-packages/airflow/example_dags/tutorial.py
[2025-04-25T23:45:34.638+0000] {processor.py:914} INFO - Processing file /home/airflow/.local/lib/python3.12/site-packages/airflow/example_dags/tutorial.py for tasks to queue
[2025-04-25T23:45:34.647+0000] {logging_mixin.py:190} INFO - [2025-04-25T23:45:34.647+0000] {dagbag.py:588} INFO - Filling up the DagBag from /home/airflow/.local/lib/python3.12/site-packages/airflow/example_dags/tutorial.py
[2025-04-25T23:45:34.666+0000] {processor.py:925} INFO - DAG(s) 'tutorial' retrieved from /home/airflow/.local/lib/python3.12/site-packages/airflow/example_dags/tutorial.py
[2025-04-25T23:45:34.714+0000] {logging_mixin.py:190} INFO - [2025-04-25T23:45:34.713+0000] {dag.py:3239} INFO - Sync 1 DAGs
[2025-04-25T23:45:34.763+0000] {logging_mixin.py:190} INFO - [2025-04-25T23:45:34.763+0000] {dag.py:4180} INFO - Setting next_dagrun for tutorial to 2025-04-24 00:00:00+00:00, run_after=2025-04-25 00:00:00+00:00
[2025-04-25T23:45:34.801+0000] {processor.py:208} INFO - Processing /home/airflow/.local/lib/python3.12/site-packages/airflow/example_dags/tutorial.py took 0.179 seconds
[2025-04-25T23:46:05.796+0000] {processor.py:186} INFO - Started process (PID=1082) to work on /home/airflow/.local/lib/python3.12/site-packages/airflow/example_dags/tutorial.py
[2025-04-25T23:46:05.798+0000] {processor.py:914} INFO - Processing file /home/airflow/.local/lib/python3.12/site-packages/airflow/example_dags/tutorial.py for tasks to queue
[2025-04-25T23:46:05.807+0000] {logging_mixin.py:190} INFO - [2025-04-25T23:46:05.806+0000] {dagbag.py:588} INFO - Filling up the DagBag from /home/airflow/.local/lib/python3.12/site-packages/airflow/example_dags/tutorial.py
[2025-04-25T23:46:05.829+0000] {processor.py:925} INFO - DAG(s) 'tutorial' retrieved from /home/airflow/.local/lib/python3.12/site-packages/airflow/example_dags/tutorial.py
[2025-04-25T23:46:05.859+0000] {logging_mixin.py:190} INFO - [2025-04-25T23:46:05.859+0000] {dag.py:3239} INFO - Sync 1 DAGs
[2025-04-25T23:46:05.914+0000] {logging_mixin.py:190} INFO - [2025-04-25T23:46:05.913+0000] {dag.py:4180} INFO - Setting next_dagrun for tutorial to 2025-04-24 00:00:00+00:00, run_after=2025-04-25 00:00:00+00:00
[2025-04-25T23:46:05.950+0000] {processor.py:208} INFO - Processing /home/airflow/.local/lib/python3.12/site-packages/airflow/example_dags/tutorial.py took 0.165 seconds
[2025-04-25T23:46:50.434+0000] {processor.py:186} INFO - Started process (PID=1144) to work on /home/airflow/.local/lib/python3.12/site-packages/airflow/example_dags/tutorial.py
[2025-04-25T23:46:50.437+0000] {processor.py:914} INFO - Processing file /home/airflow/.local/lib/python3.12/site-packages/airflow/example_dags/tutorial.py for tasks to queue
[2025-04-25T23:46:50.448+0000] {logging_mixin.py:190} INFO - [2025-04-25T23:46:50.447+0000] {dagbag.py:588} INFO - Filling up the DagBag from /home/airflow/.local/lib/python3.12/site-packages/airflow/example_dags/tutorial.py
[2025-04-25T23:46:50.502+0000] {processor.py:925} INFO - DAG(s) 'tutorial' retrieved from /home/airflow/.local/lib/python3.12/site-packages/airflow/example_dags/tutorial.py
[2025-04-25T23:46:50.593+0000] {logging_mixin.py:190} INFO - [2025-04-25T23:46:50.592+0000] {dag.py:3239} INFO - Sync 1 DAGs
[2025-04-25T23:46:50.936+0000] {logging_mixin.py:190} INFO - [2025-04-25T23:46:50.936+0000] {dag.py:4180} INFO - Setting next_dagrun for tutorial to 2025-04-24 00:00:00+00:00, run_after=2025-04-25 00:00:00+00:00
[2025-04-25T23:46:51.035+0000] {processor.py:208} INFO - Processing /home/airflow/.local/lib/python3.12/site-packages/airflow/example_dags/tutorial.py took 0.636 seconds
[2025-04-25T23:47:21.129+0000] {processor.py:186} INFO - Started process (PID=1207) to work on /home/airflow/.local/lib/python3.12/site-packages/airflow/example_dags/tutorial.py
[2025-04-25T23:47:21.131+0000] {processor.py:914} INFO - Processing file /home/airflow/.local/lib/python3.12/site-packages/airflow/example_dags/tutorial.py for tasks to queue
[2025-04-25T23:47:21.134+0000] {logging_mixin.py:190} INFO - [2025-04-25T23:47:21.133+0000] {dagbag.py:588} INFO - Filling up the DagBag from /home/airflow/.local/lib/python3.12/site-packages/airflow/example_dags/tutorial.py
[2025-04-25T23:47:21.145+0000] {processor.py:925} INFO - DAG(s) 'tutorial' retrieved from /home/airflow/.local/lib/python3.12/site-packages/airflow/example_dags/tutorial.py
[2025-04-25T23:47:21.192+0000] {logging_mixin.py:190} INFO - [2025-04-25T23:47:21.192+0000] {dag.py:3239} INFO - Sync 1 DAGs
[2025-04-25T23:47:21.249+0000] {logging_mixin.py:190} INFO - [2025-04-25T23:47:21.249+0000] {dag.py:4180} INFO - Setting next_dagrun for tutorial to 2025-04-24 00:00:00+00:00, run_after=2025-04-25 00:00:00+00:00
[2025-04-25T23:47:21.289+0000] {processor.py:208} INFO - Processing /home/airflow/.local/lib/python3.12/site-packages/airflow/example_dags/tutorial.py took 0.169 seconds
[2025-04-25T23:47:52.018+0000] {processor.py:186} INFO - Started process (PID=1269) to work on /home/airflow/.local/lib/python3.12/site-packages/airflow/example_dags/tutorial.py
[2025-04-25T23:47:52.020+0000] {processor.py:914} INFO - Processing file /home/airflow/.local/lib/python3.12/site-packages/airflow/example_dags/tutorial.py for tasks to queue
[2025-04-25T23:47:52.027+0000] {logging_mixin.py:190} INFO - [2025-04-25T23:47:52.025+0000] {dagbag.py:588} INFO - Filling up the DagBag from /home/airflow/.local/lib/python3.12/site-packages/airflow/example_dags/tutorial.py
[2025-04-25T23:47:52.040+0000] {processor.py:925} INFO - DAG(s) 'tutorial' retrieved from /home/airflow/.local/lib/python3.12/site-packages/airflow/example_dags/tutorial.py
[2025-04-25T23:47:52.091+0000] {logging_mixin.py:190} INFO - [2025-04-25T23:47:52.090+0000] {dag.py:3239} INFO - Sync 1 DAGs
[2025-04-25T23:47:52.138+0000] {logging_mixin.py:190} INFO - [2025-04-25T23:47:52.138+0000] {dag.py:4180} INFO - Setting next_dagrun for tutorial to 2025-04-24 00:00:00+00:00, run_after=2025-04-25 00:00:00+00:00
[2025-04-25T23:47:52.177+0000] {processor.py:208} INFO - Processing /home/airflow/.local/lib/python3.12/site-packages/airflow/example_dags/tutorial.py took 0.169 seconds
[2025-04-25T23:48:22.911+0000] {processor.py:186} INFO - Started process (PID=1332) to work on /home/airflow/.local/lib/python3.12/site-packages/airflow/example_dags/tutorial.py
[2025-04-25T23:48:22.912+0000] {processor.py:914} INFO - Processing file /home/airflow/.local/lib/python3.12/site-packages/airflow/example_dags/tutorial.py for tasks to queue
[2025-04-25T23:48:22.916+0000] {logging_mixin.py:190} INFO - [2025-04-25T23:48:22.915+0000] {dagbag.py:588} INFO - Filling up the DagBag from /home/airflow/.local/lib/python3.12/site-packages/airflow/example_dags/tutorial.py
[2025-04-25T23:48:22.931+0000] {processor.py:925} INFO - DAG(s) 'tutorial' retrieved from /home/airflow/.local/lib/python3.12/site-packages/airflow/example_dags/tutorial.py
[2025-04-25T23:48:22.972+0000] {logging_mixin.py:190} INFO - [2025-04-25T23:48:22.970+0000] {dag.py:3239} INFO - Sync 1 DAGs
[2025-04-25T23:48:23.008+0000] {logging_mixin.py:190} INFO - [2025-04-25T23:48:23.008+0000] {dag.py:4180} INFO - Setting next_dagrun for tutorial to 2025-04-24 00:00:00+00:00, run_after=2025-04-25 00:00:00+00:00
[2025-04-25T23:48:23.035+0000] {processor.py:208} INFO - Processing /home/airflow/.local/lib/python3.12/site-packages/airflow/example_dags/tutorial.py took 0.134 seconds
[2025-04-25T23:48:53.459+0000] {processor.py:186} INFO - Started process (PID=1393) to work on /home/airflow/.local/lib/python3.12/site-packages/airflow/example_dags/tutorial.py
[2025-04-25T23:48:53.463+0000] {processor.py:914} INFO - Processing file /home/airflow/.local/lib/python3.12/site-packages/airflow/example_dags/tutorial.py for tasks to queue
[2025-04-25T23:48:53.468+0000] {logging_mixin.py:190} INFO - [2025-04-25T23:48:53.467+0000] {dagbag.py:588} INFO - Filling up the DagBag from /home/airflow/.local/lib/python3.12/site-packages/airflow/example_dags/tutorial.py
[2025-04-25T23:48:53.490+0000] {processor.py:925} INFO - DAG(s) 'tutorial' retrieved from /home/airflow/.local/lib/python3.12/site-packages/airflow/example_dags/tutorial.py
[2025-04-25T23:48:53.536+0000] {logging_mixin.py:190} INFO - [2025-04-25T23:48:53.535+0000] {dag.py:3239} INFO - Sync 1 DAGs
[2025-04-25T23:48:53.575+0000] {logging_mixin.py:190} INFO - [2025-04-25T23:48:53.574+0000] {dag.py:4180} INFO - Setting next_dagrun for tutorial to 2025-04-24 00:00:00+00:00, run_after=2025-04-25 00:00:00+00:00
[2025-04-25T23:48:53.603+0000] {processor.py:208} INFO - Processing /home/airflow/.local/lib/python3.12/site-packages/airflow/example_dags/tutorial.py took 0.153 seconds
[2025-04-25T23:49:24.869+0000] {processor.py:186} INFO - Started process (PID=1456) to work on /home/airflow/.local/lib/python3.12/site-packages/airflow/example_dags/tutorial.py
[2025-04-25T23:49:24.872+0000] {processor.py:914} INFO - Processing file /home/airflow/.local/lib/python3.12/site-packages/airflow/example_dags/tutorial.py for tasks to queue
[2025-04-25T23:49:24.876+0000] {logging_mixin.py:190} INFO - [2025-04-25T23:49:24.876+0000] {dagbag.py:588} INFO - Filling up the DagBag from /home/airflow/.local/lib/python3.12/site-packages/airflow/example_dags/tutorial.py
[2025-04-25T23:49:24.896+0000] {processor.py:925} INFO - DAG(s) 'tutorial' retrieved from /home/airflow/.local/lib/python3.12/site-packages/airflow/example_dags/tutorial.py
[2025-04-25T23:49:24.936+0000] {logging_mixin.py:190} INFO - [2025-04-25T23:49:24.936+0000] {dag.py:3239} INFO - Sync 1 DAGs
[2025-04-25T23:49:24.981+0000] {logging_mixin.py:190} INFO - [2025-04-25T23:49:24.980+0000] {dag.py:4180} INFO - Setting next_dagrun for tutorial to 2025-04-24 00:00:00+00:00, run_after=2025-04-25 00:00:00+00:00
[2025-04-25T23:49:25.033+0000] {processor.py:208} INFO - Processing /home/airflow/.local/lib/python3.12/site-packages/airflow/example_dags/tutorial.py took 0.178 seconds
[2025-04-25T23:49:55.966+0000] {processor.py:186} INFO - Started process (PID=1519) to work on /home/airflow/.local/lib/python3.12/site-packages/airflow/example_dags/tutorial.py
[2025-04-25T23:49:55.968+0000] {processor.py:914} INFO - Processing file /home/airflow/.local/lib/python3.12/site-packages/airflow/example_dags/tutorial.py for tasks to queue
[2025-04-25T23:49:55.977+0000] {logging_mixin.py:190} INFO - [2025-04-25T23:49:55.977+0000] {dagbag.py:588} INFO - Filling up the DagBag from /home/airflow/.local/lib/python3.12/site-packages/airflow/example_dags/tutorial.py
[2025-04-25T23:49:56.004+0000] {processor.py:925} INFO - DAG(s) 'tutorial' retrieved from /home/airflow/.local/lib/python3.12/site-packages/airflow/example_dags/tutorial.py
[2025-04-25T23:49:56.051+0000] {logging_mixin.py:190} INFO - [2025-04-25T23:49:56.051+0000] {dag.py:3239} INFO - Sync 1 DAGs
[2025-04-25T23:49:56.112+0000] {logging_mixin.py:190} INFO - [2025-04-25T23:49:56.112+0000] {dag.py:4180} INFO - Setting next_dagrun for tutorial to 2025-04-24 00:00:00+00:00, run_after=2025-04-25 00:00:00+00:00
[2025-04-25T23:49:56.153+0000] {processor.py:208} INFO - Processing /home/airflow/.local/lib/python3.12/site-packages/airflow/example_dags/tutorial.py took 0.199 seconds
[2025-04-25T23:50:26.884+0000] {processor.py:186} INFO - Started process (PID=1583) to work on /home/airflow/.local/lib/python3.12/site-packages/airflow/example_dags/tutorial.py
[2025-04-25T23:50:26.887+0000] {processor.py:914} INFO - Processing file /home/airflow/.local/lib/python3.12/site-packages/airflow/example_dags/tutorial.py for tasks to queue
[2025-04-25T23:50:26.890+0000] {logging_mixin.py:190} INFO - [2025-04-25T23:50:26.889+0000] {dagbag.py:588} INFO - Filling up the DagBag from /home/airflow/.local/lib/python3.12/site-packages/airflow/example_dags/tutorial.py
[2025-04-25T23:50:26.902+0000] {processor.py:925} INFO - DAG(s) 'tutorial' retrieved from /home/airflow/.local/lib/python3.12/site-packages/airflow/example_dags/tutorial.py
[2025-04-25T23:50:26.942+0000] {logging_mixin.py:190} INFO - [2025-04-25T23:50:26.942+0000] {dag.py:3239} INFO - Sync 1 DAGs
[2025-04-25T23:50:26.987+0000] {logging_mixin.py:190} INFO - [2025-04-25T23:50:26.986+0000] {dag.py:4180} INFO - Setting next_dagrun for tutorial to 2025-04-24 00:00:00+00:00, run_after=2025-04-25 00:00:00+00:00
[2025-04-25T23:50:27.012+0000] {processor.py:208} INFO - Processing /home/airflow/.local/lib/python3.12/site-packages/airflow/example_dags/tutorial.py took 0.141 seconds
[2025-04-25T23:50:57.401+0000] {processor.py:186} INFO - Started process (PID=1644) to work on /home/airflow/.local/lib/python3.12/site-packages/airflow/example_dags/tutorial.py
[2025-04-25T23:50:57.402+0000] {processor.py:914} INFO - Processing file /home/airflow/.local/lib/python3.12/site-packages/airflow/example_dags/tutorial.py for tasks to queue
[2025-04-25T23:50:57.407+0000] {logging_mixin.py:190} INFO - [2025-04-25T23:50:57.406+0000] {dagbag.py:588} INFO - Filling up the DagBag from /home/airflow/.local/lib/python3.12/site-packages/airflow/example_dags/tutorial.py
[2025-04-25T23:50:57.430+0000] {processor.py:925} INFO - DAG(s) 'tutorial' retrieved from /home/airflow/.local/lib/python3.12/site-packages/airflow/example_dags/tutorial.py
[2025-04-25T23:50:57.480+0000] {logging_mixin.py:190} INFO - [2025-04-25T23:50:57.478+0000] {dag.py:3239} INFO - Sync 1 DAGs
[2025-04-25T23:50:57.550+0000] {logging_mixin.py:190} INFO - [2025-04-25T23:50:57.549+0000] {dag.py:4180} INFO - Setting next_dagrun for tutorial to 2025-04-24 00:00:00+00:00, run_after=2025-04-25 00:00:00+00:00
[2025-04-25T23:50:57.602+0000] {processor.py:208} INFO - Processing /home/airflow/.local/lib/python3.12/site-packages/airflow/example_dags/tutorial.py took 0.210 seconds
[2025-04-25T23:51:29.551+0000] {processor.py:186} INFO - Started process (PID=1714) to work on /home/airflow/.local/lib/python3.12/site-packages/airflow/example_dags/tutorial.py
[2025-04-25T23:51:29.553+0000] {processor.py:914} INFO - Processing file /home/airflow/.local/lib/python3.12/site-packages/airflow/example_dags/tutorial.py for tasks to queue
[2025-04-25T23:51:29.558+0000] {logging_mixin.py:190} INFO - [2025-04-25T23:51:29.557+0000] {dagbag.py:588} INFO - Filling up the DagBag from /home/airflow/.local/lib/python3.12/site-packages/airflow/example_dags/tutorial.py
[2025-04-25T23:51:29.574+0000] {processor.py:925} INFO - DAG(s) 'tutorial' retrieved from /home/airflow/.local/lib/python3.12/site-packages/airflow/example_dags/tutorial.py
[2025-04-25T23:51:29.605+0000] {logging_mixin.py:190} INFO - [2025-04-25T23:51:29.605+0000] {dag.py:3239} INFO - Sync 1 DAGs
[2025-04-25T23:51:29.655+0000] {logging_mixin.py:190} INFO - [2025-04-25T23:51:29.655+0000] {dag.py:4180} INFO - Setting next_dagrun for tutorial to 2025-04-24 00:00:00+00:00, run_after=2025-04-25 00:00:00+00:00
[2025-04-25T23:51:29.690+0000] {processor.py:208} INFO - Processing /home/airflow/.local/lib/python3.12/site-packages/airflow/example_dags/tutorial.py took 0.152 seconds
[2025-04-25T23:52:00.359+0000] {processor.py:186} INFO - Started process (PID=1776) to work on /home/airflow/.local/lib/python3.12/site-packages/airflow/example_dags/tutorial.py
[2025-04-25T23:52:00.361+0000] {processor.py:914} INFO - Processing file /home/airflow/.local/lib/python3.12/site-packages/airflow/example_dags/tutorial.py for tasks to queue
[2025-04-25T23:52:00.364+0000] {logging_mixin.py:190} INFO - [2025-04-25T23:52:00.364+0000] {dagbag.py:588} INFO - Filling up the DagBag from /home/airflow/.local/lib/python3.12/site-packages/airflow/example_dags/tutorial.py
[2025-04-25T23:52:00.380+0000] {processor.py:925} INFO - DAG(s) 'tutorial' retrieved from /home/airflow/.local/lib/python3.12/site-packages/airflow/example_dags/tutorial.py
[2025-04-25T23:52:00.418+0000] {logging_mixin.py:190} INFO - [2025-04-25T23:52:00.418+0000] {dag.py:3239} INFO - Sync 1 DAGs
[2025-04-25T23:52:00.458+0000] {logging_mixin.py:190} INFO - [2025-04-25T23:52:00.458+0000] {dag.py:4180} INFO - Setting next_dagrun for tutorial to 2025-04-24 00:00:00+00:00, run_after=2025-04-25 00:00:00+00:00
[2025-04-25T23:52:00.491+0000] {processor.py:208} INFO - Processing /home/airflow/.local/lib/python3.12/site-packages/airflow/example_dags/tutorial.py took 0.140 seconds
[2025-04-25T23:52:30.750+0000] {processor.py:186} INFO - Started process (PID=1840) to work on /home/airflow/.local/lib/python3.12/site-packages/airflow/example_dags/tutorial.py
[2025-04-25T23:52:30.752+0000] {processor.py:914} INFO - Processing file /home/airflow/.local/lib/python3.12/site-packages/airflow/example_dags/tutorial.py for tasks to queue
[2025-04-25T23:52:30.755+0000] {logging_mixin.py:190} INFO - [2025-04-25T23:52:30.755+0000] {dagbag.py:588} INFO - Filling up the DagBag from /home/airflow/.local/lib/python3.12/site-packages/airflow/example_dags/tutorial.py
[2025-04-25T23:52:30.766+0000] {processor.py:925} INFO - DAG(s) 'tutorial' retrieved from /home/airflow/.local/lib/python3.12/site-packages/airflow/example_dags/tutorial.py
[2025-04-25T23:52:30.796+0000] {logging_mixin.py:190} INFO - [2025-04-25T23:52:30.796+0000] {dag.py:3239} INFO - Sync 1 DAGs
[2025-04-25T23:52:30.832+0000] {logging_mixin.py:190} INFO - [2025-04-25T23:52:30.832+0000] {dag.py:4180} INFO - Setting next_dagrun for tutorial to 2025-04-24 00:00:00+00:00, run_after=2025-04-25 00:00:00+00:00
[2025-04-25T23:52:30.863+0000] {processor.py:208} INFO - Processing /home/airflow/.local/lib/python3.12/site-packages/airflow/example_dags/tutorial.py took 0.122 seconds
[2025-04-25T23:53:01.375+0000] {processor.py:186} INFO - Started process (PID=1905) to work on /home/airflow/.local/lib/python3.12/site-packages/airflow/example_dags/tutorial.py
[2025-04-25T23:53:01.377+0000] {processor.py:914} INFO - Processing file /home/airflow/.local/lib/python3.12/site-packages/airflow/example_dags/tutorial.py for tasks to queue
[2025-04-25T23:53:01.382+0000] {logging_mixin.py:190} INFO - [2025-04-25T23:53:01.382+0000] {dagbag.py:588} INFO - Filling up the DagBag from /home/airflow/.local/lib/python3.12/site-packages/airflow/example_dags/tutorial.py
[2025-04-25T23:53:01.393+0000] {processor.py:925} INFO - DAG(s) 'tutorial' retrieved from /home/airflow/.local/lib/python3.12/site-packages/airflow/example_dags/tutorial.py
[2025-04-25T23:53:01.458+0000] {logging_mixin.py:190} INFO - [2025-04-25T23:53:01.457+0000] {dag.py:3239} INFO - Sync 1 DAGs
[2025-04-25T23:53:01.507+0000] {logging_mixin.py:190} INFO - [2025-04-25T23:53:01.507+0000] {dag.py:4180} INFO - Setting next_dagrun for tutorial to 2025-04-24 00:00:00+00:00, run_after=2025-04-25 00:00:00+00:00
[2025-04-25T23:53:01.564+0000] {processor.py:208} INFO - Processing /home/airflow/.local/lib/python3.12/site-packages/airflow/example_dags/tutorial.py took 0.200 seconds
[2025-04-25T23:53:32.845+0000] {processor.py:186} INFO - Started process (PID=1969) to work on /home/airflow/.local/lib/python3.12/site-packages/airflow/example_dags/tutorial.py
[2025-04-25T23:53:32.846+0000] {processor.py:914} INFO - Processing file /home/airflow/.local/lib/python3.12/site-packages/airflow/example_dags/tutorial.py for tasks to queue
[2025-04-25T23:53:32.850+0000] {logging_mixin.py:190} INFO - [2025-04-25T23:53:32.850+0000] {dagbag.py:588} INFO - Filling up the DagBag from /home/airflow/.local/lib/python3.12/site-packages/airflow/example_dags/tutorial.py
[2025-04-25T23:53:32.866+0000] {processor.py:925} INFO - DAG(s) 'tutorial' retrieved from /home/airflow/.local/lib/python3.12/site-packages/airflow/example_dags/tutorial.py
[2025-04-25T23:53:32.902+0000] {logging_mixin.py:190} INFO - [2025-04-25T23:53:32.902+0000] {dag.py:3239} INFO - Sync 1 DAGs
[2025-04-25T23:53:32.940+0000] {logging_mixin.py:190} INFO - [2025-04-25T23:53:32.939+0000] {dag.py:4180} INFO - Setting next_dagrun for tutorial to 2025-04-24 00:00:00+00:00, run_after=2025-04-25 00:00:00+00:00
[2025-04-25T23:53:32.966+0000] {processor.py:208} INFO - Processing /home/airflow/.local/lib/python3.12/site-packages/airflow/example_dags/tutorial.py took 0.130 seconds
[2025-04-25T23:54:05.488+0000] {processor.py:186} INFO - Started process (PID=2033) to work on /home/airflow/.local/lib/python3.12/site-packages/airflow/example_dags/tutorial.py
[2025-04-25T23:54:05.491+0000] {processor.py:914} INFO - Processing file /home/airflow/.local/lib/python3.12/site-packages/airflow/example_dags/tutorial.py for tasks to queue
[2025-04-25T23:54:05.495+0000] {logging_mixin.py:190} INFO - [2025-04-25T23:54:05.494+0000] {dagbag.py:588} INFO - Filling up the DagBag from /home/airflow/.local/lib/python3.12/site-packages/airflow/example_dags/tutorial.py
[2025-04-25T23:54:05.511+0000] {processor.py:925} INFO - DAG(s) 'tutorial' retrieved from /home/airflow/.local/lib/python3.12/site-packages/airflow/example_dags/tutorial.py
[2025-04-25T23:54:05.551+0000] {logging_mixin.py:190} INFO - [2025-04-25T23:54:05.551+0000] {dag.py:3239} INFO - Sync 1 DAGs
[2025-04-25T23:54:05.611+0000] {logging_mixin.py:190} INFO - [2025-04-25T23:54:05.611+0000] {dag.py:4180} INFO - Setting next_dagrun for tutorial to 2025-04-24 00:00:00+00:00, run_after=2025-04-25 00:00:00+00:00
[2025-04-25T23:54:05.728+0000] {processor.py:208} INFO - Processing /home/airflow/.local/lib/python3.12/site-packages/airflow/example_dags/tutorial.py took 0.250 seconds
[2025-04-25T23:54:35.810+0000] {processor.py:186} INFO - Started process (PID=2097) to work on /home/airflow/.local/lib/python3.12/site-packages/airflow/example_dags/tutorial.py
[2025-04-25T23:54:35.811+0000] {processor.py:914} INFO - Processing file /home/airflow/.local/lib/python3.12/site-packages/airflow/example_dags/tutorial.py for tasks to queue
[2025-04-25T23:54:35.814+0000] {logging_mixin.py:190} INFO - [2025-04-25T23:54:35.814+0000] {dagbag.py:588} INFO - Filling up the DagBag from /home/airflow/.local/lib/python3.12/site-packages/airflow/example_dags/tutorial.py
[2025-04-25T23:54:35.828+0000] {processor.py:925} INFO - DAG(s) 'tutorial' retrieved from /home/airflow/.local/lib/python3.12/site-packages/airflow/example_dags/tutorial.py
[2025-04-25T23:54:35.872+0000] {logging_mixin.py:190} INFO - [2025-04-25T23:54:35.872+0000] {dag.py:3239} INFO - Sync 1 DAGs
[2025-04-25T23:54:35.918+0000] {logging_mixin.py:190} INFO - [2025-04-25T23:54:35.917+0000] {dag.py:4180} INFO - Setting next_dagrun for tutorial to 2025-04-24 00:00:00+00:00, run_after=2025-04-25 00:00:00+00:00
[2025-04-25T23:54:35.955+0000] {processor.py:208} INFO - Processing /home/airflow/.local/lib/python3.12/site-packages/airflow/example_dags/tutorial.py took 0.152 seconds
[2025-04-25T23:55:06.914+0000] {processor.py:186} INFO - Started process (PID=2161) to work on /home/airflow/.local/lib/python3.12/site-packages/airflow/example_dags/tutorial.py
[2025-04-25T23:55:06.916+0000] {processor.py:914} INFO - Processing file /home/airflow/.local/lib/python3.12/site-packages/airflow/example_dags/tutorial.py for tasks to queue
[2025-04-25T23:55:06.920+0000] {logging_mixin.py:190} INFO - [2025-04-25T23:55:06.919+0000] {dagbag.py:588} INFO - Filling up the DagBag from /home/airflow/.local/lib/python3.12/site-packages/airflow/example_dags/tutorial.py
[2025-04-25T23:55:06.935+0000] {processor.py:925} INFO - DAG(s) 'tutorial' retrieved from /home/airflow/.local/lib/python3.12/site-packages/airflow/example_dags/tutorial.py
[2025-04-25T23:55:07.012+0000] {logging_mixin.py:190} INFO - [2025-04-25T23:55:07.012+0000] {dag.py:3239} INFO - Sync 1 DAGs
[2025-04-25T23:55:07.132+0000] {logging_mixin.py:190} INFO - [2025-04-25T23:55:07.132+0000] {dag.py:4180} INFO - Setting next_dagrun for tutorial to 2025-04-24 00:00:00+00:00, run_after=2025-04-25 00:00:00+00:00
[2025-04-25T23:55:07.160+0000] {processor.py:208} INFO - Processing /home/airflow/.local/lib/python3.12/site-packages/airflow/example_dags/tutorial.py took 0.254 seconds
[2025-04-25T23:55:38.402+0000] {processor.py:186} INFO - Started process (PID=2225) to work on /home/airflow/.local/lib/python3.12/site-packages/airflow/example_dags/tutorial.py
[2025-04-25T23:55:38.405+0000] {processor.py:914} INFO - Processing file /home/airflow/.local/lib/python3.12/site-packages/airflow/example_dags/tutorial.py for tasks to queue
[2025-04-25T23:55:38.407+0000] {logging_mixin.py:190} INFO - [2025-04-25T23:55:38.407+0000] {dagbag.py:588} INFO - Filling up the DagBag from /home/airflow/.local/lib/python3.12/site-packages/airflow/example_dags/tutorial.py
[2025-04-25T23:55:38.425+0000] {processor.py:925} INFO - DAG(s) 'tutorial' retrieved from /home/airflow/.local/lib/python3.12/site-packages/airflow/example_dags/tutorial.py
[2025-04-25T23:55:38.456+0000] {logging_mixin.py:190} INFO - [2025-04-25T23:55:38.456+0000] {dag.py:3239} INFO - Sync 1 DAGs
[2025-04-25T23:55:38.499+0000] {logging_mixin.py:190} INFO - [2025-04-25T23:55:38.499+0000] {dag.py:4180} INFO - Setting next_dagrun for tutorial to 2025-04-24 00:00:00+00:00, run_after=2025-04-25 00:00:00+00:00
[2025-04-25T23:55:38.530+0000] {processor.py:208} INFO - Processing /home/airflow/.local/lib/python3.12/site-packages/airflow/example_dags/tutorial.py took 0.138 seconds
[2025-04-25T23:56:11.055+0000] {processor.py:186} INFO - Started process (PID=2289) to work on /home/airflow/.local/lib/python3.12/site-packages/airflow/example_dags/tutorial.py
[2025-04-25T23:56:11.056+0000] {processor.py:914} INFO - Processing file /home/airflow/.local/lib/python3.12/site-packages/airflow/example_dags/tutorial.py for tasks to queue
[2025-04-25T23:56:11.059+0000] {logging_mixin.py:190} INFO - [2025-04-25T23:56:11.059+0000] {dagbag.py:588} INFO - Filling up the DagBag from /home/airflow/.local/lib/python3.12/site-packages/airflow/example_dags/tutorial.py
[2025-04-25T23:56:11.068+0000] {processor.py:925} INFO - DAG(s) 'tutorial' retrieved from /home/airflow/.local/lib/python3.12/site-packages/airflow/example_dags/tutorial.py
[2025-04-25T23:56:11.102+0000] {logging_mixin.py:190} INFO - [2025-04-25T23:56:11.101+0000] {dag.py:3239} INFO - Sync 1 DAGs
[2025-04-25T23:56:11.137+0000] {logging_mixin.py:190} INFO - [2025-04-25T23:56:11.137+0000] {dag.py:4180} INFO - Setting next_dagrun for tutorial to 2025-04-24 00:00:00+00:00, run_after=2025-04-25 00:00:00+00:00
[2025-04-25T23:56:11.164+0000] {processor.py:208} INFO - Processing /home/airflow/.local/lib/python3.12/site-packages/airflow/example_dags/tutorial.py took 0.115 seconds
[2025-04-25T23:56:42.616+0000] {processor.py:186} INFO - Started process (PID=2354) to work on /home/airflow/.local/lib/python3.12/site-packages/airflow/example_dags/tutorial.py
[2025-04-25T23:56:42.617+0000] {processor.py:914} INFO - Processing file /home/airflow/.local/lib/python3.12/site-packages/airflow/example_dags/tutorial.py for tasks to queue
[2025-04-25T23:56:42.618+0000] {logging_mixin.py:190} INFO - [2025-04-25T23:56:42.618+0000] {dagbag.py:588} INFO - Filling up the DagBag from /home/airflow/.local/lib/python3.12/site-packages/airflow/example_dags/tutorial.py
[2025-04-25T23:56:42.638+0000] {processor.py:925} INFO - DAG(s) 'tutorial' retrieved from /home/airflow/.local/lib/python3.12/site-packages/airflow/example_dags/tutorial.py
[2025-04-25T23:56:42.683+0000] {logging_mixin.py:190} INFO - [2025-04-25T23:56:42.683+0000] {dag.py:3239} INFO - Sync 1 DAGs
[2025-04-25T23:56:42.721+0000] {logging_mixin.py:190} INFO - [2025-04-25T23:56:42.720+0000] {dag.py:4180} INFO - Setting next_dagrun for tutorial to 2025-04-24 00:00:00+00:00, run_after=2025-04-25 00:00:00+00:00
[2025-04-25T23:56:42.753+0000] {processor.py:208} INFO - Processing /home/airflow/.local/lib/python3.12/site-packages/airflow/example_dags/tutorial.py took 0.144 seconds
[2025-04-25T23:57:14.529+0000] {processor.py:186} INFO - Started process (PID=2418) to work on /home/airflow/.local/lib/python3.12/site-packages/airflow/example_dags/tutorial.py
[2025-04-25T23:57:14.531+0000] {processor.py:914} INFO - Processing file /home/airflow/.local/lib/python3.12/site-packages/airflow/example_dags/tutorial.py for tasks to queue
[2025-04-25T23:57:14.532+0000] {logging_mixin.py:190} INFO - [2025-04-25T23:57:14.532+0000] {dagbag.py:588} INFO - Filling up the DagBag from /home/airflow/.local/lib/python3.12/site-packages/airflow/example_dags/tutorial.py
[2025-04-25T23:57:14.551+0000] {processor.py:925} INFO - DAG(s) 'tutorial' retrieved from /home/airflow/.local/lib/python3.12/site-packages/airflow/example_dags/tutorial.py
[2025-04-25T23:57:14.599+0000] {logging_mixin.py:190} INFO - [2025-04-25T23:57:14.599+0000] {dag.py:3239} INFO - Sync 1 DAGs
[2025-04-25T23:57:14.686+0000] {logging_mixin.py:190} INFO - [2025-04-25T23:57:14.682+0000] {dag.py:4180} INFO - Setting next_dagrun for tutorial to 2025-04-24 00:00:00+00:00, run_after=2025-04-25 00:00:00+00:00
[2025-04-25T23:57:14.765+0000] {processor.py:208} INFO - Processing /home/airflow/.local/lib/python3.12/site-packages/airflow/example_dags/tutorial.py took 0.244 seconds
[2025-04-25T23:58:53.009+0000] {processor.py:186} INFO - Started process (PID=2487) to work on /home/airflow/.local/lib/python3.12/site-packages/airflow/example_dags/tutorial.py
[2025-04-25T23:58:53.012+0000] {processor.py:914} INFO - Processing file /home/airflow/.local/lib/python3.12/site-packages/airflow/example_dags/tutorial.py for tasks to queue
[2025-04-25T23:58:53.014+0000] {logging_mixin.py:190} INFO - [2025-04-25T23:58:53.014+0000] {dagbag.py:588} INFO - Filling up the DagBag from /home/airflow/.local/lib/python3.12/site-packages/airflow/example_dags/tutorial.py
[2025-04-25T23:58:53.092+0000] {processor.py:925} INFO - DAG(s) 'tutorial' retrieved from /home/airflow/.local/lib/python3.12/site-packages/airflow/example_dags/tutorial.py
[2025-04-25T23:58:53.302+0000] {logging_mixin.py:190} INFO - [2025-04-25T23:58:53.302+0000] {dag.py:3239} INFO - Sync 1 DAGs
[2025-04-25T23:58:53.385+0000] {logging_mixin.py:190} INFO - [2025-04-25T23:58:53.385+0000] {dag.py:4180} INFO - Setting next_dagrun for tutorial to 2025-04-24 00:00:00+00:00, run_after=2025-04-25 00:00:00+00:00
[2025-04-25T23:58:53.582+0000] {processor.py:208} INFO - Processing /home/airflow/.local/lib/python3.12/site-packages/airflow/example_dags/tutorial.py took 0.714 seconds
[2025-04-25T23:59:24.486+0000] {processor.py:186} INFO - Started process (PID=2552) to work on /home/airflow/.local/lib/python3.12/site-packages/airflow/example_dags/tutorial.py
[2025-04-25T23:59:24.489+0000] {processor.py:914} INFO - Processing file /home/airflow/.local/lib/python3.12/site-packages/airflow/example_dags/tutorial.py for tasks to queue
[2025-04-25T23:59:24.492+0000] {logging_mixin.py:190} INFO - [2025-04-25T23:59:24.492+0000] {dagbag.py:588} INFO - Filling up the DagBag from /home/airflow/.local/lib/python3.12/site-packages/airflow/example_dags/tutorial.py
[2025-04-25T23:59:24.530+0000] {processor.py:925} INFO - DAG(s) 'tutorial' retrieved from /home/airflow/.local/lib/python3.12/site-packages/airflow/example_dags/tutorial.py
[2025-04-25T23:59:24.600+0000] {logging_mixin.py:190} INFO - [2025-04-25T23:59:24.600+0000] {dag.py:3239} INFO - Sync 1 DAGs
[2025-04-25T23:59:24.703+0000] {logging_mixin.py:190} INFO - [2025-04-25T23:59:24.703+0000] {dag.py:4180} INFO - Setting next_dagrun for tutorial to 2025-04-24 00:00:00+00:00, run_after=2025-04-25 00:00:00+00:00
[2025-04-25T23:59:24.783+0000] {processor.py:208} INFO - Processing /home/airflow/.local/lib/python3.12/site-packages/airflow/example_dags/tutorial.py took 0.313 seconds
