[2025-04-25T23:32:36.164+0000] {processor.py:186} INFO - Started process (PID=116) to work on /home/airflow/.local/lib/python3.12/site-packages/airflow/example_dags/tutorial_taskflow_templates.py
[2025-04-25T23:32:36.405+0000] {processor.py:914} INFO - Processing file /home/airflow/.local/lib/python3.12/site-packages/airflow/example_dags/tutorial_taskflow_templates.py for tasks to queue
[2025-04-25T23:32:36.486+0000] {logging_mixin.py:190} INFO - [2025-04-25T23:32:36.480+0000] {dagbag.py:588} INFO - Filling up the DagBag from /home/airflow/.local/lib/python3.12/site-packages/airflow/example_dags/tutorial_taskflow_templates.py
[2025-04-25T23:32:36.830+0000] {processor.py:925} INFO - DAG(s) 'tutorial_taskflow_templates' retrieved from /home/airflow/.local/lib/python3.12/site-packages/airflow/example_dags/tutorial_taskflow_templates.py
[2025-04-25T23:32:46.013+0000] {logging_mixin.py:190} INFO - [2025-04-25T23:32:45.990+0000] {override.py:1911} INFO - Created Permission View: can delete on DAG:tutorial_taskflow_templates
[2025-04-25T23:32:47.599+0000] {logging_mixin.py:190} INFO - [2025-04-25T23:32:47.449+0000] {override.py:1911} INFO - Created Permission View: can read on DAG:tutorial_taskflow_templates
[2025-04-25T23:32:47.947+0000] {logging_mixin.py:190} INFO - [2025-04-25T23:32:47.943+0000] {override.py:1911} INFO - Created Permission View: can edit on DAG:tutorial_taskflow_templates
[2025-04-25T23:32:48.191+0000] {logging_mixin.py:190} INFO - [2025-04-25T23:32:48.188+0000] {override.py:1911} INFO - Created Permission View: can create on DAG Run:tutorial_taskflow_templates
[2025-04-25T23:32:48.224+0000] {logging_mixin.py:190} INFO - [2025-04-25T23:32:48.223+0000] {override.py:1911} INFO - Created Permission View: can delete on DAG Run:tutorial_taskflow_templates
[2025-04-25T23:32:48.261+0000] {logging_mixin.py:190} INFO - [2025-04-25T23:32:48.261+0000] {override.py:1911} INFO - Created Permission View: can read on DAG Run:tutorial_taskflow_templates
[2025-04-25T23:32:48.326+0000] {logging_mixin.py:190} INFO - [2025-04-25T23:32:48.325+0000] {override.py:1911} INFO - Created Permission View: menu access on DAG Run:tutorial_taskflow_templates
[2025-04-25T23:32:48.332+0000] {logging_mixin.py:190} INFO - [2025-04-25T23:32:48.332+0000] {dag.py:3239} INFO - Sync 1 DAGs
[2025-04-25T23:32:50.028+0000] {logging_mixin.py:190} INFO - [2025-04-25T23:32:50.027+0000] {dag.py:3262} INFO - Creating ORM DAG for tutorial_taskflow_templates
[2025-04-25T23:32:51.398+0000] {logging_mixin.py:190} INFO - [2025-04-25T23:32:51.394+0000] {dag.py:4180} INFO - Setting next_dagrun for tutorial_taskflow_templates to 2025-04-24 00:00:00+00:00, run_after=2025-04-25 00:00:00+00:00
[2025-04-25T23:32:52.198+0000] {processor.py:208} INFO - Processing /home/airflow/.local/lib/python3.12/site-packages/airflow/example_dags/tutorial_taskflow_templates.py took 17.197 seconds
[2025-04-25T23:33:46.978+0000] {processor.py:186} INFO - Started process (PID=185) to work on /home/airflow/.local/lib/python3.12/site-packages/airflow/example_dags/tutorial_taskflow_templates.py
[2025-04-25T23:33:46.979+0000] {processor.py:914} INFO - Processing file /home/airflow/.local/lib/python3.12/site-packages/airflow/example_dags/tutorial_taskflow_templates.py for tasks to queue
[2025-04-25T23:33:46.983+0000] {logging_mixin.py:190} INFO - [2025-04-25T23:33:46.983+0000] {dagbag.py:588} INFO - Filling up the DagBag from /home/airflow/.local/lib/python3.12/site-packages/airflow/example_dags/tutorial_taskflow_templates.py
[2025-04-25T23:33:47.022+0000] {processor.py:925} INFO - DAG(s) 'tutorial_taskflow_templates' retrieved from /home/airflow/.local/lib/python3.12/site-packages/airflow/example_dags/tutorial_taskflow_templates.py
[2025-04-25T23:33:47.074+0000] {logging_mixin.py:190} INFO - [2025-04-25T23:33:47.073+0000] {dag.py:3239} INFO - Sync 1 DAGs
[2025-04-25T23:33:47.130+0000] {logging_mixin.py:190} INFO - [2025-04-25T23:33:47.130+0000] {dag.py:4180} INFO - Setting next_dagrun for tutorial_taskflow_templates to 2025-04-24 00:00:00+00:00, run_after=2025-04-25 00:00:00+00:00
[2025-04-25T23:33:47.166+0000] {processor.py:208} INFO - Processing /home/airflow/.local/lib/python3.12/site-packages/airflow/example_dags/tutorial_taskflow_templates.py took 0.200 seconds
[2025-04-25T23:34:50.573+0000] {processor.py:186} INFO - Started process (PID=247) to work on /home/airflow/.local/lib/python3.12/site-packages/airflow/example_dags/tutorial_taskflow_templates.py
[2025-04-25T23:34:50.587+0000] {processor.py:914} INFO - Processing file /home/airflow/.local/lib/python3.12/site-packages/airflow/example_dags/tutorial_taskflow_templates.py for tasks to queue
[2025-04-25T23:34:50.593+0000] {logging_mixin.py:190} INFO - [2025-04-25T23:34:50.592+0000] {dagbag.py:588} INFO - Filling up the DagBag from /home/airflow/.local/lib/python3.12/site-packages/airflow/example_dags/tutorial_taskflow_templates.py
[2025-04-25T23:34:50.708+0000] {processor.py:925} INFO - DAG(s) 'tutorial_taskflow_templates' retrieved from /home/airflow/.local/lib/python3.12/site-packages/airflow/example_dags/tutorial_taskflow_templates.py
[2025-04-25T23:34:50.850+0000] {logging_mixin.py:190} INFO - [2025-04-25T23:34:50.850+0000] {dag.py:3239} INFO - Sync 1 DAGs
[2025-04-25T23:34:50.990+0000] {logging_mixin.py:190} INFO - [2025-04-25T23:34:50.990+0000] {dag.py:4180} INFO - Setting next_dagrun for tutorial_taskflow_templates to 2025-04-24 00:00:00+00:00, run_after=2025-04-25 00:00:00+00:00
[2025-04-25T23:34:51.085+0000] {processor.py:208} INFO - Processing /home/airflow/.local/lib/python3.12/site-packages/airflow/example_dags/tutorial_taskflow_templates.py took 0.559 seconds
[2025-04-25T23:37:23.979+0000] {processor.py:186} INFO - Started process (PID=92) to work on /home/airflow/.local/lib/python3.12/site-packages/airflow/example_dags/tutorial_taskflow_templates.py
[2025-04-25T23:37:23.987+0000] {processor.py:914} INFO - Processing file /home/airflow/.local/lib/python3.12/site-packages/airflow/example_dags/tutorial_taskflow_templates.py for tasks to queue
[2025-04-25T23:37:24.046+0000] {logging_mixin.py:190} INFO - [2025-04-25T23:37:24.005+0000] {dagbag.py:588} INFO - Filling up the DagBag from /home/airflow/.local/lib/python3.12/site-packages/airflow/example_dags/tutorial_taskflow_templates.py
[2025-04-25T23:37:24.283+0000] {processor.py:925} INFO - DAG(s) 'tutorial_taskflow_templates' retrieved from /home/airflow/.local/lib/python3.12/site-packages/airflow/example_dags/tutorial_taskflow_templates.py
[2025-04-25T23:37:25.130+0000] {logging_mixin.py:190} INFO - [2025-04-25T23:37:25.130+0000] {dag.py:3239} INFO - Sync 1 DAGs
[2025-04-25T23:37:25.357+0000] {logging_mixin.py:190} INFO - [2025-04-25T23:37:25.350+0000] {dag.py:4180} INFO - Setting next_dagrun for tutorial_taskflow_templates to 2025-04-24 00:00:00+00:00, run_after=2025-04-25 00:00:00+00:00
[2025-04-25T23:37:25.657+0000] {processor.py:208} INFO - Processing /home/airflow/.local/lib/python3.12/site-packages/airflow/example_dags/tutorial_taskflow_templates.py took 2.266 seconds
[2025-04-25T23:38:08.660+0000] {processor.py:186} INFO - Started process (PID=155) to work on /home/airflow/.local/lib/python3.12/site-packages/airflow/example_dags/tutorial_taskflow_templates.py
[2025-04-25T23:38:08.662+0000] {processor.py:914} INFO - Processing file /home/airflow/.local/lib/python3.12/site-packages/airflow/example_dags/tutorial_taskflow_templates.py for tasks to queue
[2025-04-25T23:38:08.667+0000] {logging_mixin.py:190} INFO - [2025-04-25T23:38:08.666+0000] {dagbag.py:588} INFO - Filling up the DagBag from /home/airflow/.local/lib/python3.12/site-packages/airflow/example_dags/tutorial_taskflow_templates.py
[2025-04-25T23:38:08.692+0000] {processor.py:925} INFO - DAG(s) 'tutorial_taskflow_templates' retrieved from /home/airflow/.local/lib/python3.12/site-packages/airflow/example_dags/tutorial_taskflow_templates.py
[2025-04-25T23:38:08.727+0000] {logging_mixin.py:190} INFO - [2025-04-25T23:38:08.727+0000] {dag.py:3239} INFO - Sync 1 DAGs
[2025-04-25T23:38:08.778+0000] {logging_mixin.py:190} INFO - [2025-04-25T23:38:08.778+0000] {dag.py:4180} INFO - Setting next_dagrun for tutorial_taskflow_templates to 2025-04-24 00:00:00+00:00, run_after=2025-04-25 00:00:00+00:00
[2025-04-25T23:38:08.805+0000] {processor.py:208} INFO - Processing /home/airflow/.local/lib/python3.12/site-packages/airflow/example_dags/tutorial_taskflow_templates.py took 0.154 seconds
[2025-04-25T23:38:48.307+0000] {processor.py:186} INFO - Started process (PID=217) to work on /home/airflow/.local/lib/python3.12/site-packages/airflow/example_dags/tutorial_taskflow_templates.py
[2025-04-25T23:38:48.309+0000] {processor.py:914} INFO - Processing file /home/airflow/.local/lib/python3.12/site-packages/airflow/example_dags/tutorial_taskflow_templates.py for tasks to queue
[2025-04-25T23:38:48.316+0000] {logging_mixin.py:190} INFO - [2025-04-25T23:38:48.314+0000] {dagbag.py:588} INFO - Filling up the DagBag from /home/airflow/.local/lib/python3.12/site-packages/airflow/example_dags/tutorial_taskflow_templates.py
[2025-04-25T23:38:48.352+0000] {processor.py:925} INFO - DAG(s) 'tutorial_taskflow_templates' retrieved from /home/airflow/.local/lib/python3.12/site-packages/airflow/example_dags/tutorial_taskflow_templates.py
[2025-04-25T23:38:48.386+0000] {logging_mixin.py:190} INFO - [2025-04-25T23:38:48.386+0000] {dag.py:3239} INFO - Sync 1 DAGs
[2025-04-25T23:38:48.429+0000] {logging_mixin.py:190} INFO - [2025-04-25T23:38:48.429+0000] {dag.py:4180} INFO - Setting next_dagrun for tutorial_taskflow_templates to 2025-04-24 00:00:00+00:00, run_after=2025-04-25 00:00:00+00:00
[2025-04-25T23:38:48.464+0000] {processor.py:208} INFO - Processing /home/airflow/.local/lib/python3.12/site-packages/airflow/example_dags/tutorial_taskflow_templates.py took 0.167 seconds
[2025-04-25T23:39:20.731+0000] {processor.py:186} INFO - Started process (PID=280) to work on /home/airflow/.local/lib/python3.12/site-packages/airflow/example_dags/tutorial_taskflow_templates.py
[2025-04-25T23:39:20.733+0000] {processor.py:914} INFO - Processing file /home/airflow/.local/lib/python3.12/site-packages/airflow/example_dags/tutorial_taskflow_templates.py for tasks to queue
[2025-04-25T23:39:20.738+0000] {logging_mixin.py:190} INFO - [2025-04-25T23:39:20.738+0000] {dagbag.py:588} INFO - Filling up the DagBag from /home/airflow/.local/lib/python3.12/site-packages/airflow/example_dags/tutorial_taskflow_templates.py
[2025-04-25T23:39:20.911+0000] {processor.py:925} INFO - DAG(s) 'tutorial_taskflow_templates' retrieved from /home/airflow/.local/lib/python3.12/site-packages/airflow/example_dags/tutorial_taskflow_templates.py
[2025-04-25T23:39:21.046+0000] {logging_mixin.py:190} INFO - [2025-04-25T23:39:21.045+0000] {dag.py:3239} INFO - Sync 1 DAGs
[2025-04-25T23:39:21.101+0000] {logging_mixin.py:190} INFO - [2025-04-25T23:39:21.101+0000] {dag.py:4180} INFO - Setting next_dagrun for tutorial_taskflow_templates to 2025-04-24 00:00:00+00:00, run_after=2025-04-25 00:00:00+00:00
[2025-04-25T23:39:21.215+0000] {processor.py:208} INFO - Processing /home/airflow/.local/lib/python3.12/site-packages/airflow/example_dags/tutorial_taskflow_templates.py took 0.506 seconds
[2025-04-25T23:40:00.929+0000] {processor.py:186} INFO - Started process (PID=349) to work on /home/airflow/.local/lib/python3.12/site-packages/airflow/example_dags/tutorial_taskflow_templates.py
[2025-04-25T23:40:00.932+0000] {processor.py:914} INFO - Processing file /home/airflow/.local/lib/python3.12/site-packages/airflow/example_dags/tutorial_taskflow_templates.py for tasks to queue
[2025-04-25T23:40:00.938+0000] {logging_mixin.py:190} INFO - [2025-04-25T23:40:00.937+0000] {dagbag.py:588} INFO - Filling up the DagBag from /home/airflow/.local/lib/python3.12/site-packages/airflow/example_dags/tutorial_taskflow_templates.py
[2025-04-25T23:40:00.970+0000] {processor.py:925} INFO - DAG(s) 'tutorial_taskflow_templates' retrieved from /home/airflow/.local/lib/python3.12/site-packages/airflow/example_dags/tutorial_taskflow_templates.py
[2025-04-25T23:40:01.016+0000] {logging_mixin.py:190} INFO - [2025-04-25T23:40:01.016+0000] {dag.py:3239} INFO - Sync 1 DAGs
[2025-04-25T23:40:01.105+0000] {logging_mixin.py:190} INFO - [2025-04-25T23:40:01.105+0000] {dag.py:4180} INFO - Setting next_dagrun for tutorial_taskflow_templates to 2025-04-24 00:00:00+00:00, run_after=2025-04-25 00:00:00+00:00
[2025-04-25T23:40:01.174+0000] {processor.py:208} INFO - Processing /home/airflow/.local/lib/python3.12/site-packages/airflow/example_dags/tutorial_taskflow_templates.py took 0.276 seconds
[2025-04-25T23:40:34.165+0000] {processor.py:186} INFO - Started process (PID=412) to work on /home/airflow/.local/lib/python3.12/site-packages/airflow/example_dags/tutorial_taskflow_templates.py
[2025-04-25T23:40:34.166+0000] {processor.py:914} INFO - Processing file /home/airflow/.local/lib/python3.12/site-packages/airflow/example_dags/tutorial_taskflow_templates.py for tasks to queue
[2025-04-25T23:40:34.170+0000] {logging_mixin.py:190} INFO - [2025-04-25T23:40:34.169+0000] {dagbag.py:588} INFO - Filling up the DagBag from /home/airflow/.local/lib/python3.12/site-packages/airflow/example_dags/tutorial_taskflow_templates.py
[2025-04-25T23:40:34.193+0000] {processor.py:925} INFO - DAG(s) 'tutorial_taskflow_templates' retrieved from /home/airflow/.local/lib/python3.12/site-packages/airflow/example_dags/tutorial_taskflow_templates.py
[2025-04-25T23:40:34.227+0000] {logging_mixin.py:190} INFO - [2025-04-25T23:40:34.226+0000] {dag.py:3239} INFO - Sync 1 DAGs
[2025-04-25T23:40:34.264+0000] {logging_mixin.py:190} INFO - [2025-04-25T23:40:34.264+0000] {dag.py:4180} INFO - Setting next_dagrun for tutorial_taskflow_templates to 2025-04-24 00:00:00+00:00, run_after=2025-04-25 00:00:00+00:00
[2025-04-25T23:40:34.288+0000] {processor.py:208} INFO - Processing /home/airflow/.local/lib/python3.12/site-packages/airflow/example_dags/tutorial_taskflow_templates.py took 0.132 seconds
[2025-04-25T23:41:07.492+0000] {processor.py:186} INFO - Started process (PID=475) to work on /home/airflow/.local/lib/python3.12/site-packages/airflow/example_dags/tutorial_taskflow_templates.py
[2025-04-25T23:41:07.493+0000] {processor.py:914} INFO - Processing file /home/airflow/.local/lib/python3.12/site-packages/airflow/example_dags/tutorial_taskflow_templates.py for tasks to queue
[2025-04-25T23:41:07.500+0000] {logging_mixin.py:190} INFO - [2025-04-25T23:41:07.499+0000] {dagbag.py:588} INFO - Filling up the DagBag from /home/airflow/.local/lib/python3.12/site-packages/airflow/example_dags/tutorial_taskflow_templates.py
[2025-04-25T23:41:07.523+0000] {processor.py:925} INFO - DAG(s) 'tutorial_taskflow_templates' retrieved from /home/airflow/.local/lib/python3.12/site-packages/airflow/example_dags/tutorial_taskflow_templates.py
[2025-04-25T23:41:07.568+0000] {logging_mixin.py:190} INFO - [2025-04-25T23:41:07.567+0000] {dag.py:3239} INFO - Sync 1 DAGs
[2025-04-25T23:41:07.615+0000] {logging_mixin.py:190} INFO - [2025-04-25T23:41:07.615+0000] {dag.py:4180} INFO - Setting next_dagrun for tutorial_taskflow_templates to 2025-04-24 00:00:00+00:00, run_after=2025-04-25 00:00:00+00:00
[2025-04-25T23:41:07.664+0000] {processor.py:208} INFO - Processing /home/airflow/.local/lib/python3.12/site-packages/airflow/example_dags/tutorial_taskflow_templates.py took 0.182 seconds
[2025-04-25T23:41:38.595+0000] {processor.py:186} INFO - Started process (PID=537) to work on /home/airflow/.local/lib/python3.12/site-packages/airflow/example_dags/tutorial_taskflow_templates.py
[2025-04-25T23:41:38.597+0000] {processor.py:914} INFO - Processing file /home/airflow/.local/lib/python3.12/site-packages/airflow/example_dags/tutorial_taskflow_templates.py for tasks to queue
[2025-04-25T23:41:38.601+0000] {logging_mixin.py:190} INFO - [2025-04-25T23:41:38.600+0000] {dagbag.py:588} INFO - Filling up the DagBag from /home/airflow/.local/lib/python3.12/site-packages/airflow/example_dags/tutorial_taskflow_templates.py
[2025-04-25T23:41:38.627+0000] {processor.py:925} INFO - DAG(s) 'tutorial_taskflow_templates' retrieved from /home/airflow/.local/lib/python3.12/site-packages/airflow/example_dags/tutorial_taskflow_templates.py
[2025-04-25T23:41:38.667+0000] {logging_mixin.py:190} INFO - [2025-04-25T23:41:38.666+0000] {dag.py:3239} INFO - Sync 1 DAGs
[2025-04-25T23:41:38.719+0000] {logging_mixin.py:190} INFO - [2025-04-25T23:41:38.719+0000] {dag.py:4180} INFO - Setting next_dagrun for tutorial_taskflow_templates to 2025-04-24 00:00:00+00:00, run_after=2025-04-25 00:00:00+00:00
[2025-04-25T23:41:38.756+0000] {processor.py:208} INFO - Processing /home/airflow/.local/lib/python3.12/site-packages/airflow/example_dags/tutorial_taskflow_templates.py took 0.173 seconds
[2025-04-25T23:42:10.466+0000] {processor.py:186} INFO - Started process (PID=600) to work on /home/airflow/.local/lib/python3.12/site-packages/airflow/example_dags/tutorial_taskflow_templates.py
[2025-04-25T23:42:10.468+0000] {processor.py:914} INFO - Processing file /home/airflow/.local/lib/python3.12/site-packages/airflow/example_dags/tutorial_taskflow_templates.py for tasks to queue
[2025-04-25T23:42:10.472+0000] {logging_mixin.py:190} INFO - [2025-04-25T23:42:10.471+0000] {dagbag.py:588} INFO - Filling up the DagBag from /home/airflow/.local/lib/python3.12/site-packages/airflow/example_dags/tutorial_taskflow_templates.py
[2025-04-25T23:42:10.496+0000] {processor.py:925} INFO - DAG(s) 'tutorial_taskflow_templates' retrieved from /home/airflow/.local/lib/python3.12/site-packages/airflow/example_dags/tutorial_taskflow_templates.py
[2025-04-25T23:42:10.547+0000] {logging_mixin.py:190} INFO - [2025-04-25T23:42:10.546+0000] {dag.py:3239} INFO - Sync 1 DAGs
[2025-04-25T23:42:10.591+0000] {logging_mixin.py:190} INFO - [2025-04-25T23:42:10.590+0000] {dag.py:4180} INFO - Setting next_dagrun for tutorial_taskflow_templates to 2025-04-24 00:00:00+00:00, run_after=2025-04-25 00:00:00+00:00
[2025-04-25T23:42:10.621+0000] {processor.py:208} INFO - Processing /home/airflow/.local/lib/python3.12/site-packages/airflow/example_dags/tutorial_taskflow_templates.py took 0.164 seconds
[2025-04-25T23:42:41.675+0000] {processor.py:186} INFO - Started process (PID=663) to work on /home/airflow/.local/lib/python3.12/site-packages/airflow/example_dags/tutorial_taskflow_templates.py
[2025-04-25T23:42:41.678+0000] {processor.py:914} INFO - Processing file /home/airflow/.local/lib/python3.12/site-packages/airflow/example_dags/tutorial_taskflow_templates.py for tasks to queue
[2025-04-25T23:42:41.682+0000] {logging_mixin.py:190} INFO - [2025-04-25T23:42:41.681+0000] {dagbag.py:588} INFO - Filling up the DagBag from /home/airflow/.local/lib/python3.12/site-packages/airflow/example_dags/tutorial_taskflow_templates.py
[2025-04-25T23:42:41.702+0000] {processor.py:925} INFO - DAG(s) 'tutorial_taskflow_templates' retrieved from /home/airflow/.local/lib/python3.12/site-packages/airflow/example_dags/tutorial_taskflow_templates.py
[2025-04-25T23:42:41.745+0000] {logging_mixin.py:190} INFO - [2025-04-25T23:42:41.745+0000] {dag.py:3239} INFO - Sync 1 DAGs
[2025-04-25T23:42:41.784+0000] {logging_mixin.py:190} INFO - [2025-04-25T23:42:41.784+0000] {dag.py:4180} INFO - Setting next_dagrun for tutorial_taskflow_templates to 2025-04-24 00:00:00+00:00, run_after=2025-04-25 00:00:00+00:00
[2025-04-25T23:42:41.810+0000] {processor.py:208} INFO - Processing /home/airflow/.local/lib/python3.12/site-packages/airflow/example_dags/tutorial_taskflow_templates.py took 0.143 seconds
[2025-04-25T23:43:19.017+0000] {processor.py:186} INFO - Started process (PID=726) to work on /home/airflow/.local/lib/python3.12/site-packages/airflow/example_dags/tutorial_taskflow_templates.py
[2025-04-25T23:43:19.021+0000] {processor.py:914} INFO - Processing file /home/airflow/.local/lib/python3.12/site-packages/airflow/example_dags/tutorial_taskflow_templates.py for tasks to queue
[2025-04-25T23:43:19.028+0000] {logging_mixin.py:190} INFO - [2025-04-25T23:43:19.028+0000] {dagbag.py:588} INFO - Filling up the DagBag from /home/airflow/.local/lib/python3.12/site-packages/airflow/example_dags/tutorial_taskflow_templates.py
[2025-04-25T23:43:19.101+0000] {processor.py:925} INFO - DAG(s) 'tutorial_taskflow_templates' retrieved from /home/airflow/.local/lib/python3.12/site-packages/airflow/example_dags/tutorial_taskflow_templates.py
[2025-04-25T23:43:19.200+0000] {logging_mixin.py:190} INFO - [2025-04-25T23:43:19.200+0000] {dag.py:3239} INFO - Sync 1 DAGs
[2025-04-25T23:43:19.680+0000] {logging_mixin.py:190} INFO - [2025-04-25T23:43:19.672+0000] {dag.py:4180} INFO - Setting next_dagrun for tutorial_taskflow_templates to 2025-04-24 00:00:00+00:00, run_after=2025-04-25 00:00:00+00:00
[2025-04-25T23:43:20.001+0000] {processor.py:208} INFO - Processing /home/airflow/.local/lib/python3.12/site-packages/airflow/example_dags/tutorial_taskflow_templates.py took 1.001 seconds
[2025-04-25T23:43:51.062+0000] {processor.py:186} INFO - Started process (PID=789) to work on /home/airflow/.local/lib/python3.12/site-packages/airflow/example_dags/tutorial_taskflow_templates.py
[2025-04-25T23:43:51.064+0000] {processor.py:914} INFO - Processing file /home/airflow/.local/lib/python3.12/site-packages/airflow/example_dags/tutorial_taskflow_templates.py for tasks to queue
[2025-04-25T23:43:51.069+0000] {logging_mixin.py:190} INFO - [2025-04-25T23:43:51.068+0000] {dagbag.py:588} INFO - Filling up the DagBag from /home/airflow/.local/lib/python3.12/site-packages/airflow/example_dags/tutorial_taskflow_templates.py
[2025-04-25T23:43:51.090+0000] {processor.py:925} INFO - DAG(s) 'tutorial_taskflow_templates' retrieved from /home/airflow/.local/lib/python3.12/site-packages/airflow/example_dags/tutorial_taskflow_templates.py
[2025-04-25T23:43:51.125+0000] {logging_mixin.py:190} INFO - [2025-04-25T23:43:51.125+0000] {dag.py:3239} INFO - Sync 1 DAGs
[2025-04-25T23:43:51.173+0000] {logging_mixin.py:190} INFO - [2025-04-25T23:43:51.172+0000] {dag.py:4180} INFO - Setting next_dagrun for tutorial_taskflow_templates to 2025-04-24 00:00:00+00:00, run_after=2025-04-25 00:00:00+00:00
[2025-04-25T23:43:51.223+0000] {processor.py:208} INFO - Processing /home/airflow/.local/lib/python3.12/site-packages/airflow/example_dags/tutorial_taskflow_templates.py took 0.174 seconds
[2025-04-25T23:44:21.334+0000] {processor.py:186} INFO - Started process (PID=852) to work on /home/airflow/.local/lib/python3.12/site-packages/airflow/example_dags/tutorial_taskflow_templates.py
[2025-04-25T23:44:21.335+0000] {processor.py:914} INFO - Processing file /home/airflow/.local/lib/python3.12/site-packages/airflow/example_dags/tutorial_taskflow_templates.py for tasks to queue
[2025-04-25T23:44:21.338+0000] {logging_mixin.py:190} INFO - [2025-04-25T23:44:21.338+0000] {dagbag.py:588} INFO - Filling up the DagBag from /home/airflow/.local/lib/python3.12/site-packages/airflow/example_dags/tutorial_taskflow_templates.py
[2025-04-25T23:44:21.355+0000] {processor.py:925} INFO - DAG(s) 'tutorial_taskflow_templates' retrieved from /home/airflow/.local/lib/python3.12/site-packages/airflow/example_dags/tutorial_taskflow_templates.py
[2025-04-25T23:44:21.391+0000] {logging_mixin.py:190} INFO - [2025-04-25T23:44:21.391+0000] {dag.py:3239} INFO - Sync 1 DAGs
[2025-04-25T23:44:21.434+0000] {logging_mixin.py:190} INFO - [2025-04-25T23:44:21.433+0000] {dag.py:4180} INFO - Setting next_dagrun for tutorial_taskflow_templates to 2025-04-24 00:00:00+00:00, run_after=2025-04-25 00:00:00+00:00
[2025-04-25T23:44:21.456+0000] {processor.py:208} INFO - Processing /home/airflow/.local/lib/python3.12/site-packages/airflow/example_dags/tutorial_taskflow_templates.py took 0.131 seconds
[2025-04-25T23:44:51.937+0000] {processor.py:186} INFO - Started process (PID=915) to work on /home/airflow/.local/lib/python3.12/site-packages/airflow/example_dags/tutorial_taskflow_templates.py
[2025-04-25T23:44:51.939+0000] {processor.py:914} INFO - Processing file /home/airflow/.local/lib/python3.12/site-packages/airflow/example_dags/tutorial_taskflow_templates.py for tasks to queue
[2025-04-25T23:44:51.942+0000] {logging_mixin.py:190} INFO - [2025-04-25T23:44:51.941+0000] {dagbag.py:588} INFO - Filling up the DagBag from /home/airflow/.local/lib/python3.12/site-packages/airflow/example_dags/tutorial_taskflow_templates.py
[2025-04-25T23:44:51.960+0000] {processor.py:925} INFO - DAG(s) 'tutorial_taskflow_templates' retrieved from /home/airflow/.local/lib/python3.12/site-packages/airflow/example_dags/tutorial_taskflow_templates.py
[2025-04-25T23:44:51.987+0000] {logging_mixin.py:190} INFO - [2025-04-25T23:44:51.986+0000] {dag.py:3239} INFO - Sync 1 DAGs
[2025-04-25T23:44:52.019+0000] {logging_mixin.py:190} INFO - [2025-04-25T23:44:52.019+0000] {dag.py:4180} INFO - Setting next_dagrun for tutorial_taskflow_templates to 2025-04-24 00:00:00+00:00, run_after=2025-04-25 00:00:00+00:00
[2025-04-25T23:44:52.044+0000] {processor.py:208} INFO - Processing /home/airflow/.local/lib/python3.12/site-packages/airflow/example_dags/tutorial_taskflow_templates.py took 0.113 seconds
[2025-04-25T23:45:22.097+0000] {processor.py:186} INFO - Started process (PID=977) to work on /home/airflow/.local/lib/python3.12/site-packages/airflow/example_dags/tutorial_taskflow_templates.py
[2025-04-25T23:45:22.098+0000] {processor.py:914} INFO - Processing file /home/airflow/.local/lib/python3.12/site-packages/airflow/example_dags/tutorial_taskflow_templates.py for tasks to queue
[2025-04-25T23:45:22.103+0000] {logging_mixin.py:190} INFO - [2025-04-25T23:45:22.102+0000] {dagbag.py:588} INFO - Filling up the DagBag from /home/airflow/.local/lib/python3.12/site-packages/airflow/example_dags/tutorial_taskflow_templates.py
[2025-04-25T23:45:22.124+0000] {processor.py:925} INFO - DAG(s) 'tutorial_taskflow_templates' retrieved from /home/airflow/.local/lib/python3.12/site-packages/airflow/example_dags/tutorial_taskflow_templates.py
[2025-04-25T23:45:22.152+0000] {logging_mixin.py:190} INFO - [2025-04-25T23:45:22.152+0000] {dag.py:3239} INFO - Sync 1 DAGs
[2025-04-25T23:45:22.188+0000] {logging_mixin.py:190} INFO - [2025-04-25T23:45:22.188+0000] {dag.py:4180} INFO - Setting next_dagrun for tutorial_taskflow_templates to 2025-04-24 00:00:00+00:00, run_after=2025-04-25 00:00:00+00:00
[2025-04-25T23:45:22.218+0000] {processor.py:208} INFO - Processing /home/airflow/.local/lib/python3.12/site-packages/airflow/example_dags/tutorial_taskflow_templates.py took 0.128 seconds
[2025-04-25T23:45:52.608+0000] {processor.py:186} INFO - Started process (PID=1040) to work on /home/airflow/.local/lib/python3.12/site-packages/airflow/example_dags/tutorial_taskflow_templates.py
[2025-04-25T23:45:52.619+0000] {processor.py:914} INFO - Processing file /home/airflow/.local/lib/python3.12/site-packages/airflow/example_dags/tutorial_taskflow_templates.py for tasks to queue
[2025-04-25T23:45:52.629+0000] {logging_mixin.py:190} INFO - [2025-04-25T23:45:52.628+0000] {dagbag.py:588} INFO - Filling up the DagBag from /home/airflow/.local/lib/python3.12/site-packages/airflow/example_dags/tutorial_taskflow_templates.py
[2025-04-25T23:45:52.756+0000] {processor.py:925} INFO - DAG(s) 'tutorial_taskflow_templates' retrieved from /home/airflow/.local/lib/python3.12/site-packages/airflow/example_dags/tutorial_taskflow_templates.py
[2025-04-25T23:45:52.904+0000] {logging_mixin.py:190} INFO - [2025-04-25T23:45:52.866+0000] {dag.py:3239} INFO - Sync 1 DAGs
[2025-04-25T23:45:53.019+0000] {logging_mixin.py:190} INFO - [2025-04-25T23:45:53.007+0000] {dag.py:4180} INFO - Setting next_dagrun for tutorial_taskflow_templates to 2025-04-24 00:00:00+00:00, run_after=2025-04-25 00:00:00+00:00
[2025-04-25T23:45:53.101+0000] {processor.py:208} INFO - Processing /home/airflow/.local/lib/python3.12/site-packages/airflow/example_dags/tutorial_taskflow_templates.py took 0.554 seconds
[2025-04-25T23:46:25.581+0000] {processor.py:186} INFO - Started process (PID=1102) to work on /home/airflow/.local/lib/python3.12/site-packages/airflow/example_dags/tutorial_taskflow_templates.py
[2025-04-25T23:46:25.582+0000] {processor.py:914} INFO - Processing file /home/airflow/.local/lib/python3.12/site-packages/airflow/example_dags/tutorial_taskflow_templates.py for tasks to queue
[2025-04-25T23:46:25.586+0000] {logging_mixin.py:190} INFO - [2025-04-25T23:46:25.586+0000] {dagbag.py:588} INFO - Filling up the DagBag from /home/airflow/.local/lib/python3.12/site-packages/airflow/example_dags/tutorial_taskflow_templates.py
[2025-04-25T23:46:25.774+0000] {processor.py:925} INFO - DAG(s) 'tutorial_taskflow_templates' retrieved from /home/airflow/.local/lib/python3.12/site-packages/airflow/example_dags/tutorial_taskflow_templates.py
[2025-04-25T23:46:26.099+0000] {logging_mixin.py:190} INFO - [2025-04-25T23:46:26.098+0000] {dag.py:3239} INFO - Sync 1 DAGs
[2025-04-25T23:46:26.385+0000] {logging_mixin.py:190} INFO - [2025-04-25T23:46:26.385+0000] {dag.py:4180} INFO - Setting next_dagrun for tutorial_taskflow_templates to 2025-04-24 00:00:00+00:00, run_after=2025-04-25 00:00:00+00:00
[2025-04-25T23:46:26.608+0000] {processor.py:208} INFO - Processing /home/airflow/.local/lib/python3.12/site-packages/airflow/example_dags/tutorial_taskflow_templates.py took 1.041 seconds
[2025-04-25T23:47:00.895+0000] {processor.py:186} INFO - Started process (PID=1170) to work on /home/airflow/.local/lib/python3.12/site-packages/airflow/example_dags/tutorial_taskflow_templates.py
[2025-04-25T23:47:00.896+0000] {processor.py:914} INFO - Processing file /home/airflow/.local/lib/python3.12/site-packages/airflow/example_dags/tutorial_taskflow_templates.py for tasks to queue
[2025-04-25T23:47:00.901+0000] {logging_mixin.py:190} INFO - [2025-04-25T23:47:00.901+0000] {dagbag.py:588} INFO - Filling up the DagBag from /home/airflow/.local/lib/python3.12/site-packages/airflow/example_dags/tutorial_taskflow_templates.py
[2025-04-25T23:47:00.933+0000] {processor.py:925} INFO - DAG(s) 'tutorial_taskflow_templates' retrieved from /home/airflow/.local/lib/python3.12/site-packages/airflow/example_dags/tutorial_taskflow_templates.py
[2025-04-25T23:47:01.000+0000] {logging_mixin.py:190} INFO - [2025-04-25T23:47:01.000+0000] {dag.py:3239} INFO - Sync 1 DAGs
[2025-04-25T23:47:01.085+0000] {logging_mixin.py:190} INFO - [2025-04-25T23:47:01.084+0000] {dag.py:4180} INFO - Setting next_dagrun for tutorial_taskflow_templates to 2025-04-24 00:00:00+00:00, run_after=2025-04-25 00:00:00+00:00
[2025-04-25T23:47:01.135+0000] {processor.py:208} INFO - Processing /home/airflow/.local/lib/python3.12/site-packages/airflow/example_dags/tutorial_taskflow_templates.py took 0.254 seconds
[2025-04-25T23:47:32.201+0000] {processor.py:186} INFO - Started process (PID=1232) to work on /home/airflow/.local/lib/python3.12/site-packages/airflow/example_dags/tutorial_taskflow_templates.py
[2025-04-25T23:47:32.202+0000] {processor.py:914} INFO - Processing file /home/airflow/.local/lib/python3.12/site-packages/airflow/example_dags/tutorial_taskflow_templates.py for tasks to queue
[2025-04-25T23:47:32.208+0000] {logging_mixin.py:190} INFO - [2025-04-25T23:47:32.208+0000] {dagbag.py:588} INFO - Filling up the DagBag from /home/airflow/.local/lib/python3.12/site-packages/airflow/example_dags/tutorial_taskflow_templates.py
[2025-04-25T23:47:32.241+0000] {processor.py:925} INFO - DAG(s) 'tutorial_taskflow_templates' retrieved from /home/airflow/.local/lib/python3.12/site-packages/airflow/example_dags/tutorial_taskflow_templates.py
[2025-04-25T23:47:32.291+0000] {logging_mixin.py:190} INFO - [2025-04-25T23:47:32.290+0000] {dag.py:3239} INFO - Sync 1 DAGs
[2025-04-25T23:47:32.360+0000] {logging_mixin.py:190} INFO - [2025-04-25T23:47:32.359+0000] {dag.py:4180} INFO - Setting next_dagrun for tutorial_taskflow_templates to 2025-04-24 00:00:00+00:00, run_after=2025-04-25 00:00:00+00:00
[2025-04-25T23:47:32.404+0000] {processor.py:208} INFO - Processing /home/airflow/.local/lib/python3.12/site-packages/airflow/example_dags/tutorial_taskflow_templates.py took 0.216 seconds
[2025-04-25T23:48:02.487+0000] {processor.py:186} INFO - Started process (PID=1294) to work on /home/airflow/.local/lib/python3.12/site-packages/airflow/example_dags/tutorial_taskflow_templates.py
[2025-04-25T23:48:02.488+0000] {processor.py:914} INFO - Processing file /home/airflow/.local/lib/python3.12/site-packages/airflow/example_dags/tutorial_taskflow_templates.py for tasks to queue
[2025-04-25T23:48:02.491+0000] {logging_mixin.py:190} INFO - [2025-04-25T23:48:02.491+0000] {dagbag.py:588} INFO - Filling up the DagBag from /home/airflow/.local/lib/python3.12/site-packages/airflow/example_dags/tutorial_taskflow_templates.py
[2025-04-25T23:48:02.509+0000] {processor.py:925} INFO - DAG(s) 'tutorial_taskflow_templates' retrieved from /home/airflow/.local/lib/python3.12/site-packages/airflow/example_dags/tutorial_taskflow_templates.py
[2025-04-25T23:48:02.562+0000] {logging_mixin.py:190} INFO - [2025-04-25T23:48:02.562+0000] {dag.py:3239} INFO - Sync 1 DAGs
[2025-04-25T23:48:02.604+0000] {logging_mixin.py:190} INFO - [2025-04-25T23:48:02.604+0000] {dag.py:4180} INFO - Setting next_dagrun for tutorial_taskflow_templates to 2025-04-24 00:00:00+00:00, run_after=2025-04-25 00:00:00+00:00
[2025-04-25T23:48:02.629+0000] {processor.py:208} INFO - Processing /home/airflow/.local/lib/python3.12/site-packages/airflow/example_dags/tutorial_taskflow_templates.py took 0.150 seconds
[2025-04-25T23:48:33.571+0000] {processor.py:186} INFO - Started process (PID=1352) to work on /home/airflow/.local/lib/python3.12/site-packages/airflow/example_dags/tutorial_taskflow_templates.py
[2025-04-25T23:48:33.579+0000] {processor.py:914} INFO - Processing file /home/airflow/.local/lib/python3.12/site-packages/airflow/example_dags/tutorial_taskflow_templates.py for tasks to queue
[2025-04-25T23:48:33.582+0000] {logging_mixin.py:190} INFO - [2025-04-25T23:48:33.582+0000] {dagbag.py:588} INFO - Filling up the DagBag from /home/airflow/.local/lib/python3.12/site-packages/airflow/example_dags/tutorial_taskflow_templates.py
[2025-04-25T23:48:33.603+0000] {processor.py:925} INFO - DAG(s) 'tutorial_taskflow_templates' retrieved from /home/airflow/.local/lib/python3.12/site-packages/airflow/example_dags/tutorial_taskflow_templates.py
[2025-04-25T23:48:33.632+0000] {logging_mixin.py:190} INFO - [2025-04-25T23:48:33.631+0000] {dag.py:3239} INFO - Sync 1 DAGs
[2025-04-25T23:48:33.671+0000] {logging_mixin.py:190} INFO - [2025-04-25T23:48:33.671+0000] {dag.py:4180} INFO - Setting next_dagrun for tutorial_taskflow_templates to 2025-04-24 00:00:00+00:00, run_after=2025-04-25 00:00:00+00:00
[2025-04-25T23:48:33.696+0000] {processor.py:208} INFO - Processing /home/airflow/.local/lib/python3.12/site-packages/airflow/example_dags/tutorial_taskflow_templates.py took 0.136 seconds
[2025-04-25T23:49:12.394+0000] {processor.py:186} INFO - Started process (PID=1416) to work on /home/airflow/.local/lib/python3.12/site-packages/airflow/example_dags/tutorial_taskflow_templates.py
[2025-04-25T23:49:12.398+0000] {processor.py:914} INFO - Processing file /home/airflow/.local/lib/python3.12/site-packages/airflow/example_dags/tutorial_taskflow_templates.py for tasks to queue
[2025-04-25T23:49:12.402+0000] {logging_mixin.py:190} INFO - [2025-04-25T23:49:12.401+0000] {dagbag.py:588} INFO - Filling up the DagBag from /home/airflow/.local/lib/python3.12/site-packages/airflow/example_dags/tutorial_taskflow_templates.py
[2025-04-25T23:49:12.441+0000] {processor.py:925} INFO - DAG(s) 'tutorial_taskflow_templates' retrieved from /home/airflow/.local/lib/python3.12/site-packages/airflow/example_dags/tutorial_taskflow_templates.py
[2025-04-25T23:49:12.506+0000] {logging_mixin.py:190} INFO - [2025-04-25T23:49:12.505+0000] {dag.py:3239} INFO - Sync 1 DAGs
[2025-04-25T23:49:12.600+0000] {logging_mixin.py:190} INFO - [2025-04-25T23:49:12.599+0000] {dag.py:4180} INFO - Setting next_dagrun for tutorial_taskflow_templates to 2025-04-24 00:00:00+00:00, run_after=2025-04-25 00:00:00+00:00
[2025-04-25T23:49:12.646+0000] {processor.py:208} INFO - Processing /home/airflow/.local/lib/python3.12/site-packages/airflow/example_dags/tutorial_taskflow_templates.py took 0.266 seconds
[2025-04-25T23:49:42.823+0000] {processor.py:186} INFO - Started process (PID=1478) to work on /home/airflow/.local/lib/python3.12/site-packages/airflow/example_dags/tutorial_taskflow_templates.py
[2025-04-25T23:49:42.824+0000] {processor.py:914} INFO - Processing file /home/airflow/.local/lib/python3.12/site-packages/airflow/example_dags/tutorial_taskflow_templates.py for tasks to queue
[2025-04-25T23:49:42.827+0000] {logging_mixin.py:190} INFO - [2025-04-25T23:49:42.826+0000] {dagbag.py:588} INFO - Filling up the DagBag from /home/airflow/.local/lib/python3.12/site-packages/airflow/example_dags/tutorial_taskflow_templates.py
[2025-04-25T23:49:42.845+0000] {processor.py:925} INFO - DAG(s) 'tutorial_taskflow_templates' retrieved from /home/airflow/.local/lib/python3.12/site-packages/airflow/example_dags/tutorial_taskflow_templates.py
[2025-04-25T23:49:42.871+0000] {logging_mixin.py:190} INFO - [2025-04-25T23:49:42.871+0000] {dag.py:3239} INFO - Sync 1 DAGs
[2025-04-25T23:49:42.903+0000] {logging_mixin.py:190} INFO - [2025-04-25T23:49:42.902+0000] {dag.py:4180} INFO - Setting next_dagrun for tutorial_taskflow_templates to 2025-04-24 00:00:00+00:00, run_after=2025-04-25 00:00:00+00:00
[2025-04-25T23:49:42.927+0000] {processor.py:208} INFO - Processing /home/airflow/.local/lib/python3.12/site-packages/airflow/example_dags/tutorial_taskflow_templates.py took 0.113 seconds
[2025-04-25T23:50:13.902+0000] {processor.py:186} INFO - Started process (PID=1541) to work on /home/airflow/.local/lib/python3.12/site-packages/airflow/example_dags/tutorial_taskflow_templates.py
[2025-04-25T23:50:13.903+0000] {processor.py:914} INFO - Processing file /home/airflow/.local/lib/python3.12/site-packages/airflow/example_dags/tutorial_taskflow_templates.py for tasks to queue
[2025-04-25T23:50:13.907+0000] {logging_mixin.py:190} INFO - [2025-04-25T23:50:13.907+0000] {dagbag.py:588} INFO - Filling up the DagBag from /home/airflow/.local/lib/python3.12/site-packages/airflow/example_dags/tutorial_taskflow_templates.py
[2025-04-25T23:50:13.927+0000] {processor.py:925} INFO - DAG(s) 'tutorial_taskflow_templates' retrieved from /home/airflow/.local/lib/python3.12/site-packages/airflow/example_dags/tutorial_taskflow_templates.py
[2025-04-25T23:50:13.984+0000] {logging_mixin.py:190} INFO - [2025-04-25T23:50:13.984+0000] {dag.py:3239} INFO - Sync 1 DAGs
[2025-04-25T23:50:14.024+0000] {logging_mixin.py:190} INFO - [2025-04-25T23:50:14.024+0000] {dag.py:4180} INFO - Setting next_dagrun for tutorial_taskflow_templates to 2025-04-24 00:00:00+00:00, run_after=2025-04-25 00:00:00+00:00
[2025-04-25T23:50:14.057+0000] {processor.py:208} INFO - Processing /home/airflow/.local/lib/python3.12/site-packages/airflow/example_dags/tutorial_taskflow_templates.py took 0.165 seconds
[2025-04-25T23:50:44.749+0000] {processor.py:186} INFO - Started process (PID=1600) to work on /home/airflow/.local/lib/python3.12/site-packages/airflow/example_dags/tutorial_taskflow_templates.py
[2025-04-25T23:50:44.750+0000] {processor.py:914} INFO - Processing file /home/airflow/.local/lib/python3.12/site-packages/airflow/example_dags/tutorial_taskflow_templates.py for tasks to queue
[2025-04-25T23:50:44.757+0000] {logging_mixin.py:190} INFO - [2025-04-25T23:50:44.756+0000] {dagbag.py:588} INFO - Filling up the DagBag from /home/airflow/.local/lib/python3.12/site-packages/airflow/example_dags/tutorial_taskflow_templates.py
[2025-04-25T23:50:44.777+0000] {processor.py:925} INFO - DAG(s) 'tutorial_taskflow_templates' retrieved from /home/airflow/.local/lib/python3.12/site-packages/airflow/example_dags/tutorial_taskflow_templates.py
[2025-04-25T23:50:44.809+0000] {logging_mixin.py:190} INFO - [2025-04-25T23:50:44.809+0000] {dag.py:3239} INFO - Sync 1 DAGs
[2025-04-25T23:50:44.843+0000] {logging_mixin.py:190} INFO - [2025-04-25T23:50:44.843+0000] {dag.py:4180} INFO - Setting next_dagrun for tutorial_taskflow_templates to 2025-04-24 00:00:00+00:00, run_after=2025-04-25 00:00:00+00:00
[2025-04-25T23:50:44.877+0000] {processor.py:208} INFO - Processing /home/airflow/.local/lib/python3.12/site-packages/airflow/example_dags/tutorial_taskflow_templates.py took 0.135 seconds
[2025-04-25T23:51:15.876+0000] {processor.py:186} INFO - Started process (PID=1663) to work on /home/airflow/.local/lib/python3.12/site-packages/airflow/example_dags/tutorial_taskflow_templates.py
[2025-04-25T23:51:15.896+0000] {processor.py:914} INFO - Processing file /home/airflow/.local/lib/python3.12/site-packages/airflow/example_dags/tutorial_taskflow_templates.py for tasks to queue
[2025-04-25T23:51:15.951+0000] {logging_mixin.py:190} INFO - [2025-04-25T23:51:15.944+0000] {dagbag.py:588} INFO - Filling up the DagBag from /home/airflow/.local/lib/python3.12/site-packages/airflow/example_dags/tutorial_taskflow_templates.py
[2025-04-25T23:51:16.153+0000] {processor.py:925} INFO - DAG(s) 'tutorial_taskflow_templates' retrieved from /home/airflow/.local/lib/python3.12/site-packages/airflow/example_dags/tutorial_taskflow_templates.py
[2025-04-25T23:51:16.235+0000] {logging_mixin.py:190} INFO - [2025-04-25T23:51:16.235+0000] {dag.py:3239} INFO - Sync 1 DAGs
[2025-04-25T23:51:16.347+0000] {logging_mixin.py:190} INFO - [2025-04-25T23:51:16.344+0000] {dag.py:4180} INFO - Setting next_dagrun for tutorial_taskflow_templates to 2025-04-24 00:00:00+00:00, run_after=2025-04-25 00:00:00+00:00
[2025-04-25T23:51:16.429+0000] {processor.py:208} INFO - Processing /home/airflow/.local/lib/python3.12/site-packages/airflow/example_dags/tutorial_taskflow_templates.py took 0.617 seconds
[2025-04-25T23:51:46.653+0000] {processor.py:186} INFO - Started process (PID=1726) to work on /home/airflow/.local/lib/python3.12/site-packages/airflow/example_dags/tutorial_taskflow_templates.py
[2025-04-25T23:51:46.660+0000] {processor.py:914} INFO - Processing file /home/airflow/.local/lib/python3.12/site-packages/airflow/example_dags/tutorial_taskflow_templates.py for tasks to queue
[2025-04-25T23:51:46.667+0000] {logging_mixin.py:190} INFO - [2025-04-25T23:51:46.666+0000] {dagbag.py:588} INFO - Filling up the DagBag from /home/airflow/.local/lib/python3.12/site-packages/airflow/example_dags/tutorial_taskflow_templates.py
[2025-04-25T23:51:46.699+0000] {processor.py:925} INFO - DAG(s) 'tutorial_taskflow_templates' retrieved from /home/airflow/.local/lib/python3.12/site-packages/airflow/example_dags/tutorial_taskflow_templates.py
[2025-04-25T23:51:46.742+0000] {logging_mixin.py:190} INFO - [2025-04-25T23:51:46.742+0000] {dag.py:3239} INFO - Sync 1 DAGs
[2025-04-25T23:51:46.792+0000] {logging_mixin.py:190} INFO - [2025-04-25T23:51:46.792+0000] {dag.py:4180} INFO - Setting next_dagrun for tutorial_taskflow_templates to 2025-04-24 00:00:00+00:00, run_after=2025-04-25 00:00:00+00:00
[2025-04-25T23:51:46.845+0000] {processor.py:208} INFO - Processing /home/airflow/.local/lib/python3.12/site-packages/airflow/example_dags/tutorial_taskflow_templates.py took 0.204 seconds
[2025-04-25T23:52:16.906+0000] {processor.py:186} INFO - Started process (PID=1790) to work on /home/airflow/.local/lib/python3.12/site-packages/airflow/example_dags/tutorial_taskflow_templates.py
[2025-04-25T23:52:16.910+0000] {processor.py:914} INFO - Processing file /home/airflow/.local/lib/python3.12/site-packages/airflow/example_dags/tutorial_taskflow_templates.py for tasks to queue
[2025-04-25T23:52:16.912+0000] {logging_mixin.py:190} INFO - [2025-04-25T23:52:16.912+0000] {dagbag.py:588} INFO - Filling up the DagBag from /home/airflow/.local/lib/python3.12/site-packages/airflow/example_dags/tutorial_taskflow_templates.py
[2025-04-25T23:52:16.932+0000] {processor.py:925} INFO - DAG(s) 'tutorial_taskflow_templates' retrieved from /home/airflow/.local/lib/python3.12/site-packages/airflow/example_dags/tutorial_taskflow_templates.py
[2025-04-25T23:52:16.976+0000] {logging_mixin.py:190} INFO - [2025-04-25T23:52:16.976+0000] {dag.py:3239} INFO - Sync 1 DAGs
[2025-04-25T23:52:17.025+0000] {logging_mixin.py:190} INFO - [2025-04-25T23:52:17.022+0000] {dag.py:4180} INFO - Setting next_dagrun for tutorial_taskflow_templates to 2025-04-24 00:00:00+00:00, run_after=2025-04-25 00:00:00+00:00
[2025-04-25T23:52:17.059+0000] {processor.py:208} INFO - Processing /home/airflow/.local/lib/python3.12/site-packages/airflow/example_dags/tutorial_taskflow_templates.py took 0.161 seconds
[2025-04-25T23:52:48.024+0000] {processor.py:186} INFO - Started process (PID=1854) to work on /home/airflow/.local/lib/python3.12/site-packages/airflow/example_dags/tutorial_taskflow_templates.py
[2025-04-25T23:52:48.029+0000] {processor.py:914} INFO - Processing file /home/airflow/.local/lib/python3.12/site-packages/airflow/example_dags/tutorial_taskflow_templates.py for tasks to queue
[2025-04-25T23:52:48.036+0000] {logging_mixin.py:190} INFO - [2025-04-25T23:52:48.035+0000] {dagbag.py:588} INFO - Filling up the DagBag from /home/airflow/.local/lib/python3.12/site-packages/airflow/example_dags/tutorial_taskflow_templates.py
[2025-04-25T23:52:48.085+0000] {processor.py:925} INFO - DAG(s) 'tutorial_taskflow_templates' retrieved from /home/airflow/.local/lib/python3.12/site-packages/airflow/example_dags/tutorial_taskflow_templates.py
[2025-04-25T23:52:48.224+0000] {logging_mixin.py:190} INFO - [2025-04-25T23:52:48.223+0000] {dag.py:3239} INFO - Sync 1 DAGs
[2025-04-25T23:52:48.328+0000] {logging_mixin.py:190} INFO - [2025-04-25T23:52:48.327+0000] {dag.py:4180} INFO - Setting next_dagrun for tutorial_taskflow_templates to 2025-04-24 00:00:00+00:00, run_after=2025-04-25 00:00:00+00:00
[2025-04-25T23:52:48.421+0000] {processor.py:208} INFO - Processing /home/airflow/.local/lib/python3.12/site-packages/airflow/example_dags/tutorial_taskflow_templates.py took 0.408 seconds
[2025-04-25T23:53:19.155+0000] {processor.py:186} INFO - Started process (PID=1919) to work on /home/airflow/.local/lib/python3.12/site-packages/airflow/example_dags/tutorial_taskflow_templates.py
[2025-04-25T23:53:19.156+0000] {processor.py:914} INFO - Processing file /home/airflow/.local/lib/python3.12/site-packages/airflow/example_dags/tutorial_taskflow_templates.py for tasks to queue
[2025-04-25T23:53:19.161+0000] {logging_mixin.py:190} INFO - [2025-04-25T23:53:19.161+0000] {dagbag.py:588} INFO - Filling up the DagBag from /home/airflow/.local/lib/python3.12/site-packages/airflow/example_dags/tutorial_taskflow_templates.py
[2025-04-25T23:53:19.179+0000] {processor.py:925} INFO - DAG(s) 'tutorial_taskflow_templates' retrieved from /home/airflow/.local/lib/python3.12/site-packages/airflow/example_dags/tutorial_taskflow_templates.py
[2025-04-25T23:53:19.212+0000] {logging_mixin.py:190} INFO - [2025-04-25T23:53:19.212+0000] {dag.py:3239} INFO - Sync 1 DAGs
[2025-04-25T23:53:19.251+0000] {logging_mixin.py:190} INFO - [2025-04-25T23:53:19.251+0000] {dag.py:4180} INFO - Setting next_dagrun for tutorial_taskflow_templates to 2025-04-24 00:00:00+00:00, run_after=2025-04-25 00:00:00+00:00
[2025-04-25T23:53:19.276+0000] {processor.py:208} INFO - Processing /home/airflow/.local/lib/python3.12/site-packages/airflow/example_dags/tutorial_taskflow_templates.py took 0.128 seconds
[2025-04-25T23:53:49.785+0000] {processor.py:186} INFO - Started process (PID=1983) to work on /home/airflow/.local/lib/python3.12/site-packages/airflow/example_dags/tutorial_taskflow_templates.py
[2025-04-25T23:53:49.791+0000] {processor.py:914} INFO - Processing file /home/airflow/.local/lib/python3.12/site-packages/airflow/example_dags/tutorial_taskflow_templates.py for tasks to queue
[2025-04-25T23:53:49.814+0000] {logging_mixin.py:190} INFO - [2025-04-25T23:53:49.812+0000] {dagbag.py:588} INFO - Filling up the DagBag from /home/airflow/.local/lib/python3.12/site-packages/airflow/example_dags/tutorial_taskflow_templates.py
[2025-04-25T23:53:50.014+0000] {processor.py:925} INFO - DAG(s) 'tutorial_taskflow_templates' retrieved from /home/airflow/.local/lib/python3.12/site-packages/airflow/example_dags/tutorial_taskflow_templates.py
[2025-04-25T23:53:50.157+0000] {logging_mixin.py:190} INFO - [2025-04-25T23:53:50.156+0000] {dag.py:3239} INFO - Sync 1 DAGs
[2025-04-25T23:53:50.469+0000] {logging_mixin.py:190} INFO - [2025-04-25T23:53:50.469+0000] {dag.py:4180} INFO - Setting next_dagrun for tutorial_taskflow_templates to 2025-04-24 00:00:00+00:00, run_after=2025-04-25 00:00:00+00:00
[2025-04-25T23:53:50.571+0000] {processor.py:208} INFO - Processing /home/airflow/.local/lib/python3.12/site-packages/airflow/example_dags/tutorial_taskflow_templates.py took 0.805 seconds
[2025-04-25T23:54:20.863+0000] {processor.py:186} INFO - Started process (PID=2047) to work on /home/airflow/.local/lib/python3.12/site-packages/airflow/example_dags/tutorial_taskflow_templates.py
[2025-04-25T23:54:20.865+0000] {processor.py:914} INFO - Processing file /home/airflow/.local/lib/python3.12/site-packages/airflow/example_dags/tutorial_taskflow_templates.py for tasks to queue
[2025-04-25T23:54:20.869+0000] {logging_mixin.py:190} INFO - [2025-04-25T23:54:20.868+0000] {dagbag.py:588} INFO - Filling up the DagBag from /home/airflow/.local/lib/python3.12/site-packages/airflow/example_dags/tutorial_taskflow_templates.py
[2025-04-25T23:54:20.887+0000] {processor.py:925} INFO - DAG(s) 'tutorial_taskflow_templates' retrieved from /home/airflow/.local/lib/python3.12/site-packages/airflow/example_dags/tutorial_taskflow_templates.py
[2025-04-25T23:54:20.926+0000] {logging_mixin.py:190} INFO - [2025-04-25T23:54:20.926+0000] {dag.py:3239} INFO - Sync 1 DAGs
[2025-04-25T23:54:20.973+0000] {logging_mixin.py:190} INFO - [2025-04-25T23:54:20.973+0000] {dag.py:4180} INFO - Setting next_dagrun for tutorial_taskflow_templates to 2025-04-24 00:00:00+00:00, run_after=2025-04-25 00:00:00+00:00
[2025-04-25T23:54:21.015+0000] {processor.py:208} INFO - Processing /home/airflow/.local/lib/python3.12/site-packages/airflow/example_dags/tutorial_taskflow_templates.py took 0.162 seconds
[2025-04-25T23:54:51.198+0000] {processor.py:186} INFO - Started process (PID=2111) to work on /home/airflow/.local/lib/python3.12/site-packages/airflow/example_dags/tutorial_taskflow_templates.py
[2025-04-25T23:54:51.201+0000] {processor.py:914} INFO - Processing file /home/airflow/.local/lib/python3.12/site-packages/airflow/example_dags/tutorial_taskflow_templates.py for tasks to queue
[2025-04-25T23:54:51.207+0000] {logging_mixin.py:190} INFO - [2025-04-25T23:54:51.206+0000] {dagbag.py:588} INFO - Filling up the DagBag from /home/airflow/.local/lib/python3.12/site-packages/airflow/example_dags/tutorial_taskflow_templates.py
[2025-04-25T23:54:51.233+0000] {processor.py:925} INFO - DAG(s) 'tutorial_taskflow_templates' retrieved from /home/airflow/.local/lib/python3.12/site-packages/airflow/example_dags/tutorial_taskflow_templates.py
[2025-04-25T23:54:51.267+0000] {logging_mixin.py:190} INFO - [2025-04-25T23:54:51.266+0000] {dag.py:3239} INFO - Sync 1 DAGs
[2025-04-25T23:54:51.327+0000] {logging_mixin.py:190} INFO - [2025-04-25T23:54:51.327+0000] {dag.py:4180} INFO - Setting next_dagrun for tutorial_taskflow_templates to 2025-04-24 00:00:00+00:00, run_after=2025-04-25 00:00:00+00:00
[2025-04-25T23:54:51.370+0000] {processor.py:208} INFO - Processing /home/airflow/.local/lib/python3.12/site-packages/airflow/example_dags/tutorial_taskflow_templates.py took 0.187 seconds
[2025-04-25T23:55:21.890+0000] {processor.py:186} INFO - Started process (PID=2175) to work on /home/airflow/.local/lib/python3.12/site-packages/airflow/example_dags/tutorial_taskflow_templates.py
[2025-04-25T23:55:21.892+0000] {processor.py:914} INFO - Processing file /home/airflow/.local/lib/python3.12/site-packages/airflow/example_dags/tutorial_taskflow_templates.py for tasks to queue
[2025-04-25T23:55:21.897+0000] {logging_mixin.py:190} INFO - [2025-04-25T23:55:21.896+0000] {dagbag.py:588} INFO - Filling up the DagBag from /home/airflow/.local/lib/python3.12/site-packages/airflow/example_dags/tutorial_taskflow_templates.py
[2025-04-25T23:55:21.917+0000] {processor.py:925} INFO - DAG(s) 'tutorial_taskflow_templates' retrieved from /home/airflow/.local/lib/python3.12/site-packages/airflow/example_dags/tutorial_taskflow_templates.py
[2025-04-25T23:55:21.953+0000] {logging_mixin.py:190} INFO - [2025-04-25T23:55:21.953+0000] {dag.py:3239} INFO - Sync 1 DAGs
[2025-04-25T23:55:22.002+0000] {logging_mixin.py:190} INFO - [2025-04-25T23:55:22.001+0000] {dag.py:4180} INFO - Setting next_dagrun for tutorial_taskflow_templates to 2025-04-24 00:00:00+00:00, run_after=2025-04-25 00:00:00+00:00
[2025-04-25T23:55:22.035+0000] {processor.py:208} INFO - Processing /home/airflow/.local/lib/python3.12/site-packages/airflow/example_dags/tutorial_taskflow_templates.py took 0.152 seconds
[2025-04-25T23:55:52.592+0000] {processor.py:186} INFO - Started process (PID=2239) to work on /home/airflow/.local/lib/python3.12/site-packages/airflow/example_dags/tutorial_taskflow_templates.py
[2025-04-25T23:55:52.594+0000] {processor.py:914} INFO - Processing file /home/airflow/.local/lib/python3.12/site-packages/airflow/example_dags/tutorial_taskflow_templates.py for tasks to queue
[2025-04-25T23:55:52.600+0000] {logging_mixin.py:190} INFO - [2025-04-25T23:55:52.600+0000] {dagbag.py:588} INFO - Filling up the DagBag from /home/airflow/.local/lib/python3.12/site-packages/airflow/example_dags/tutorial_taskflow_templates.py
[2025-04-25T23:55:52.619+0000] {processor.py:925} INFO - DAG(s) 'tutorial_taskflow_templates' retrieved from /home/airflow/.local/lib/python3.12/site-packages/airflow/example_dags/tutorial_taskflow_templates.py
[2025-04-25T23:55:52.657+0000] {logging_mixin.py:190} INFO - [2025-04-25T23:55:52.657+0000] {dag.py:3239} INFO - Sync 1 DAGs
[2025-04-25T23:55:52.697+0000] {logging_mixin.py:190} INFO - [2025-04-25T23:55:52.697+0000] {dag.py:4180} INFO - Setting next_dagrun for tutorial_taskflow_templates to 2025-04-24 00:00:00+00:00, run_after=2025-04-25 00:00:00+00:00
[2025-04-25T23:55:52.731+0000] {processor.py:208} INFO - Processing /home/airflow/.local/lib/python3.12/site-packages/airflow/example_dags/tutorial_taskflow_templates.py took 0.147 seconds
[2025-04-25T23:56:23.011+0000] {processor.py:186} INFO - Started process (PID=2304) to work on /home/airflow/.local/lib/python3.12/site-packages/airflow/example_dags/tutorial_taskflow_templates.py
[2025-04-25T23:56:23.013+0000] {processor.py:914} INFO - Processing file /home/airflow/.local/lib/python3.12/site-packages/airflow/example_dags/tutorial_taskflow_templates.py for tasks to queue
[2025-04-25T23:56:23.015+0000] {logging_mixin.py:190} INFO - [2025-04-25T23:56:23.014+0000] {dagbag.py:588} INFO - Filling up the DagBag from /home/airflow/.local/lib/python3.12/site-packages/airflow/example_dags/tutorial_taskflow_templates.py
[2025-04-25T23:56:23.036+0000] {processor.py:925} INFO - DAG(s) 'tutorial_taskflow_templates' retrieved from /home/airflow/.local/lib/python3.12/site-packages/airflow/example_dags/tutorial_taskflow_templates.py
[2025-04-25T23:56:23.077+0000] {logging_mixin.py:190} INFO - [2025-04-25T23:56:23.077+0000] {dag.py:3239} INFO - Sync 1 DAGs
[2025-04-25T23:56:23.118+0000] {logging_mixin.py:190} INFO - [2025-04-25T23:56:23.116+0000] {dag.py:4180} INFO - Setting next_dagrun for tutorial_taskflow_templates to 2025-04-24 00:00:00+00:00, run_after=2025-04-25 00:00:00+00:00
[2025-04-25T23:56:23.151+0000] {processor.py:208} INFO - Processing /home/airflow/.local/lib/python3.12/site-packages/airflow/example_dags/tutorial_taskflow_templates.py took 0.149 seconds
[2025-04-25T23:56:53.660+0000] {processor.py:186} INFO - Started process (PID=2368) to work on /home/airflow/.local/lib/python3.12/site-packages/airflow/example_dags/tutorial_taskflow_templates.py
[2025-04-25T23:56:53.662+0000] {processor.py:914} INFO - Processing file /home/airflow/.local/lib/python3.12/site-packages/airflow/example_dags/tutorial_taskflow_templates.py for tasks to queue
[2025-04-25T23:56:53.669+0000] {logging_mixin.py:190} INFO - [2025-04-25T23:56:53.667+0000] {dagbag.py:588} INFO - Filling up the DagBag from /home/airflow/.local/lib/python3.12/site-packages/airflow/example_dags/tutorial_taskflow_templates.py
[2025-04-25T23:56:53.703+0000] {processor.py:925} INFO - DAG(s) 'tutorial_taskflow_templates' retrieved from /home/airflow/.local/lib/python3.12/site-packages/airflow/example_dags/tutorial_taskflow_templates.py
[2025-04-25T23:56:53.749+0000] {logging_mixin.py:190} INFO - [2025-04-25T23:56:53.748+0000] {dag.py:3239} INFO - Sync 1 DAGs
[2025-04-25T23:56:53.784+0000] {logging_mixin.py:190} INFO - [2025-04-25T23:56:53.784+0000] {dag.py:4180} INFO - Setting next_dagrun for tutorial_taskflow_templates to 2025-04-24 00:00:00+00:00, run_after=2025-04-25 00:00:00+00:00
[2025-04-25T23:56:53.834+0000] {processor.py:208} INFO - Processing /home/airflow/.local/lib/python3.12/site-packages/airflow/example_dags/tutorial_taskflow_templates.py took 0.190 seconds
[2025-04-25T23:57:23.916+0000] {processor.py:186} INFO - Started process (PID=2432) to work on /home/airflow/.local/lib/python3.12/site-packages/airflow/example_dags/tutorial_taskflow_templates.py
[2025-04-25T23:57:23.918+0000] {processor.py:914} INFO - Processing file /home/airflow/.local/lib/python3.12/site-packages/airflow/example_dags/tutorial_taskflow_templates.py for tasks to queue
[2025-04-25T23:57:23.922+0000] {logging_mixin.py:190} INFO - [2025-04-25T23:57:23.921+0000] {dagbag.py:588} INFO - Filling up the DagBag from /home/airflow/.local/lib/python3.12/site-packages/airflow/example_dags/tutorial_taskflow_templates.py
[2025-04-25T23:57:23.943+0000] {processor.py:925} INFO - DAG(s) 'tutorial_taskflow_templates' retrieved from /home/airflow/.local/lib/python3.12/site-packages/airflow/example_dags/tutorial_taskflow_templates.py
[2025-04-25T23:57:23.980+0000] {logging_mixin.py:190} INFO - [2025-04-25T23:57:23.980+0000] {dag.py:3239} INFO - Sync 1 DAGs
[2025-04-25T23:57:24.031+0000] {logging_mixin.py:190} INFO - [2025-04-25T23:57:24.031+0000] {dag.py:4180} INFO - Setting next_dagrun for tutorial_taskflow_templates to 2025-04-24 00:00:00+00:00, run_after=2025-04-25 00:00:00+00:00
[2025-04-25T23:57:24.061+0000] {processor.py:208} INFO - Processing /home/airflow/.local/lib/python3.12/site-packages/airflow/example_dags/tutorial_taskflow_templates.py took 0.152 seconds
[2025-04-25T23:59:06.439+0000] {processor.py:186} INFO - Started process (PID=2515) to work on /home/airflow/.local/lib/python3.12/site-packages/airflow/example_dags/tutorial_taskflow_templates.py
[2025-04-25T23:59:06.442+0000] {processor.py:914} INFO - Processing file /home/airflow/.local/lib/python3.12/site-packages/airflow/example_dags/tutorial_taskflow_templates.py for tasks to queue
[2025-04-25T23:59:06.448+0000] {logging_mixin.py:190} INFO - [2025-04-25T23:59:06.447+0000] {dagbag.py:588} INFO - Filling up the DagBag from /home/airflow/.local/lib/python3.12/site-packages/airflow/example_dags/tutorial_taskflow_templates.py
[2025-04-25T23:59:06.472+0000] {processor.py:925} INFO - DAG(s) 'tutorial_taskflow_templates' retrieved from /home/airflow/.local/lib/python3.12/site-packages/airflow/example_dags/tutorial_taskflow_templates.py
[2025-04-25T23:59:06.511+0000] {logging_mixin.py:190} INFO - [2025-04-25T23:59:06.510+0000] {dag.py:3239} INFO - Sync 1 DAGs
[2025-04-25T23:59:06.566+0000] {logging_mixin.py:190} INFO - [2025-04-25T23:59:06.566+0000] {dag.py:4180} INFO - Setting next_dagrun for tutorial_taskflow_templates to 2025-04-24 00:00:00+00:00, run_after=2025-04-25 00:00:00+00:00
[2025-04-25T23:59:06.628+0000] {processor.py:208} INFO - Processing /home/airflow/.local/lib/python3.12/site-packages/airflow/example_dags/tutorial_taskflow_templates.py took 0.223 seconds
[2025-04-25T23:59:40.404+0000] {processor.py:186} INFO - Started process (PID=2579) to work on /home/airflow/.local/lib/python3.12/site-packages/airflow/example_dags/tutorial_taskflow_templates.py
[2025-04-25T23:59:40.408+0000] {processor.py:914} INFO - Processing file /home/airflow/.local/lib/python3.12/site-packages/airflow/example_dags/tutorial_taskflow_templates.py for tasks to queue
[2025-04-25T23:59:40.412+0000] {logging_mixin.py:190} INFO - [2025-04-25T23:59:40.412+0000] {dagbag.py:588} INFO - Filling up the DagBag from /home/airflow/.local/lib/python3.12/site-packages/airflow/example_dags/tutorial_taskflow_templates.py
[2025-04-25T23:59:40.498+0000] {processor.py:925} INFO - DAG(s) 'tutorial_taskflow_templates' retrieved from /home/airflow/.local/lib/python3.12/site-packages/airflow/example_dags/tutorial_taskflow_templates.py
[2025-04-25T23:59:40.577+0000] {logging_mixin.py:190} INFO - [2025-04-25T23:59:40.576+0000] {dag.py:3239} INFO - Sync 1 DAGs
[2025-04-25T23:59:40.664+0000] {logging_mixin.py:190} INFO - [2025-04-25T23:59:40.663+0000] {dag.py:4180} INFO - Setting next_dagrun for tutorial_taskflow_templates to 2025-04-24 00:00:00+00:00, run_after=2025-04-25 00:00:00+00:00
[2025-04-25T23:59:40.732+0000] {processor.py:208} INFO - Processing /home/airflow/.local/lib/python3.12/site-packages/airflow/example_dags/tutorial_taskflow_templates.py took 0.342 seconds
