[2025-04-25T23:33:39.069+0000] {processor.py:186} INFO - Started process (PID=160) to work on /home/airflow/.local/lib/python3.12/site-packages/airflow/example_dags/tutorial_dag.py
[2025-04-25T23:33:39.081+0000] {processor.py:914} INFO - Processing file /home/airflow/.local/lib/python3.12/site-packages/airflow/example_dags/tutorial_dag.py for tasks to queue
[2025-04-25T23:33:39.090+0000] {logging_mixin.py:190} INFO - [2025-04-25T23:33:39.090+0000] {dagbag.py:588} INFO - Filling up the DagBag from /home/airflow/.local/lib/python3.12/site-packages/airflow/example_dags/tutorial_dag.py
[2025-04-25T23:33:39.130+0000] {processor.py:925} INFO - DAG(s) 'tutorial_dag' retrieved from /home/airflow/.local/lib/python3.12/site-packages/airflow/example_dags/tutorial_dag.py
[2025-04-25T23:33:39.720+0000] {logging_mixin.py:190} INFO - [2025-04-25T23:33:39.714+0000] {override.py:1911} INFO - Created Permission View: can delete on DAG:tutorial_dag
[2025-04-25T23:33:39.904+0000] {logging_mixin.py:190} INFO - [2025-04-25T23:33:39.899+0000] {override.py:1911} INFO - Created Permission View: can read on DAG:tutorial_dag
[2025-04-25T23:33:39.928+0000] {logging_mixin.py:190} INFO - [2025-04-25T23:33:39.928+0000] {override.py:1911} INFO - Created Permission View: can edit on DAG:tutorial_dag
[2025-04-25T23:33:39.942+0000] {logging_mixin.py:190} INFO - [2025-04-25T23:33:39.942+0000] {override.py:1911} INFO - Created Permission View: can create on DAG Run:tutorial_dag
[2025-04-25T23:33:39.961+0000] {logging_mixin.py:190} INFO - [2025-04-25T23:33:39.960+0000] {override.py:1911} INFO - Created Permission View: can delete on DAG Run:tutorial_dag
[2025-04-25T23:33:39.976+0000] {logging_mixin.py:190} INFO - [2025-04-25T23:33:39.975+0000] {override.py:1911} INFO - Created Permission View: can read on DAG Run:tutorial_dag
[2025-04-25T23:33:39.993+0000] {logging_mixin.py:190} INFO - [2025-04-25T23:33:39.992+0000] {override.py:1911} INFO - Created Permission View: menu access on DAG Run:tutorial_dag
[2025-04-25T23:33:39.994+0000] {logging_mixin.py:190} INFO - [2025-04-25T23:33:39.994+0000] {dag.py:3239} INFO - Sync 1 DAGs
[2025-04-25T23:33:40.049+0000] {logging_mixin.py:190} INFO - [2025-04-25T23:33:40.049+0000] {dag.py:3262} INFO - Creating ORM DAG for tutorial_dag
[2025-04-25T23:33:40.052+0000] {logging_mixin.py:190} INFO - [2025-04-25T23:33:40.051+0000] {dag.py:4180} INFO - Setting next_dagrun for tutorial_dag to None, run_after=None
[2025-04-25T23:33:40.089+0000] {processor.py:208} INFO - Processing /home/airflow/.local/lib/python3.12/site-packages/airflow/example_dags/tutorial_dag.py took 1.042 seconds
[2025-04-25T23:35:12.671+0000] {processor.py:186} INFO - Started process (PID=272) to work on /home/airflow/.local/lib/python3.12/site-packages/airflow/example_dags/tutorial_dag.py
[2025-04-25T23:35:12.681+0000] {processor.py:914} INFO - Processing file /home/airflow/.local/lib/python3.12/site-packages/airflow/example_dags/tutorial_dag.py for tasks to queue
[2025-04-25T23:35:12.693+0000] {logging_mixin.py:190} INFO - [2025-04-25T23:35:12.693+0000] {dagbag.py:588} INFO - Filling up the DagBag from /home/airflow/.local/lib/python3.12/site-packages/airflow/example_dags/tutorial_dag.py
[2025-04-25T23:35:12.789+0000] {processor.py:925} INFO - DAG(s) 'tutorial_dag' retrieved from /home/airflow/.local/lib/python3.12/site-packages/airflow/example_dags/tutorial_dag.py
[2025-04-25T23:35:13.016+0000] {logging_mixin.py:190} INFO - [2025-04-25T23:35:13.016+0000] {dag.py:3239} INFO - Sync 1 DAGs
[2025-04-25T23:35:13.080+0000] {logging_mixin.py:190} INFO - [2025-04-25T23:35:13.079+0000] {dag.py:4180} INFO - Setting next_dagrun for tutorial_dag to None, run_after=None
[2025-04-25T23:35:13.234+0000] {processor.py:208} INFO - Processing /home/airflow/.local/lib/python3.12/site-packages/airflow/example_dags/tutorial_dag.py took 0.677 seconds
[2025-04-25T23:38:04.556+0000] {processor.py:186} INFO - Started process (PID=130) to work on /home/airflow/.local/lib/python3.12/site-packages/airflow/example_dags/tutorial_dag.py
[2025-04-25T23:38:04.559+0000] {processor.py:914} INFO - Processing file /home/airflow/.local/lib/python3.12/site-packages/airflow/example_dags/tutorial_dag.py for tasks to queue
[2025-04-25T23:38:04.567+0000] {logging_mixin.py:190} INFO - [2025-04-25T23:38:04.566+0000] {dagbag.py:588} INFO - Filling up the DagBag from /home/airflow/.local/lib/python3.12/site-packages/airflow/example_dags/tutorial_dag.py
[2025-04-25T23:38:04.591+0000] {processor.py:925} INFO - DAG(s) 'tutorial_dag' retrieved from /home/airflow/.local/lib/python3.12/site-packages/airflow/example_dags/tutorial_dag.py
[2025-04-25T23:38:04.641+0000] {logging_mixin.py:190} INFO - [2025-04-25T23:38:04.641+0000] {dag.py:3239} INFO - Sync 1 DAGs
[2025-04-25T23:38:04.716+0000] {logging_mixin.py:190} INFO - [2025-04-25T23:38:04.716+0000] {dag.py:4180} INFO - Setting next_dagrun for tutorial_dag to None, run_after=None
[2025-04-25T23:38:04.821+0000] {processor.py:208} INFO - Processing /home/airflow/.local/lib/python3.12/site-packages/airflow/example_dags/tutorial_dag.py took 0.285 seconds
[2025-04-25T23:38:42.386+0000] {processor.py:186} INFO - Started process (PID=193) to work on /home/airflow/.local/lib/python3.12/site-packages/airflow/example_dags/tutorial_dag.py
[2025-04-25T23:38:42.392+0000] {processor.py:914} INFO - Processing file /home/airflow/.local/lib/python3.12/site-packages/airflow/example_dags/tutorial_dag.py for tasks to queue
[2025-04-25T23:38:42.408+0000] {logging_mixin.py:190} INFO - [2025-04-25T23:38:42.407+0000] {dagbag.py:588} INFO - Filling up the DagBag from /home/airflow/.local/lib/python3.12/site-packages/airflow/example_dags/tutorial_dag.py
[2025-04-25T23:38:42.429+0000] {processor.py:925} INFO - DAG(s) 'tutorial_dag' retrieved from /home/airflow/.local/lib/python3.12/site-packages/airflow/example_dags/tutorial_dag.py
[2025-04-25T23:38:42.471+0000] {logging_mixin.py:190} INFO - [2025-04-25T23:38:42.470+0000] {dag.py:3239} INFO - Sync 1 DAGs
[2025-04-25T23:38:42.518+0000] {logging_mixin.py:190} INFO - [2025-04-25T23:38:42.518+0000] {dag.py:4180} INFO - Setting next_dagrun for tutorial_dag to None, run_after=None
[2025-04-25T23:38:42.601+0000] {processor.py:208} INFO - Processing /home/airflow/.local/lib/python3.12/site-packages/airflow/example_dags/tutorial_dag.py took 0.239 seconds
[2025-04-25T23:39:14.662+0000] {processor.py:186} INFO - Started process (PID=256) to work on /home/airflow/.local/lib/python3.12/site-packages/airflow/example_dags/tutorial_dag.py
[2025-04-25T23:39:14.667+0000] {processor.py:914} INFO - Processing file /home/airflow/.local/lib/python3.12/site-packages/airflow/example_dags/tutorial_dag.py for tasks to queue
[2025-04-25T23:39:14.679+0000] {logging_mixin.py:190} INFO - [2025-04-25T23:39:14.678+0000] {dagbag.py:588} INFO - Filling up the DagBag from /home/airflow/.local/lib/python3.12/site-packages/airflow/example_dags/tutorial_dag.py
[2025-04-25T23:39:14.758+0000] {processor.py:925} INFO - DAG(s) 'tutorial_dag' retrieved from /home/airflow/.local/lib/python3.12/site-packages/airflow/example_dags/tutorial_dag.py
[2025-04-25T23:39:14.894+0000] {logging_mixin.py:190} INFO - [2025-04-25T23:39:14.894+0000] {dag.py:3239} INFO - Sync 1 DAGs
[2025-04-25T23:39:15.025+0000] {logging_mixin.py:190} INFO - [2025-04-25T23:39:15.024+0000] {dag.py:4180} INFO - Setting next_dagrun for tutorial_dag to None, run_after=None
[2025-04-25T23:39:15.181+0000] {processor.py:208} INFO - Processing /home/airflow/.local/lib/python3.12/site-packages/airflow/example_dags/tutorial_dag.py took 0.539 seconds
[2025-04-25T23:39:52.878+0000] {processor.py:186} INFO - Started process (PID=334) to work on /home/airflow/.local/lib/python3.12/site-packages/airflow/example_dags/tutorial_dag.py
[2025-04-25T23:39:52.881+0000] {processor.py:914} INFO - Processing file /home/airflow/.local/lib/python3.12/site-packages/airflow/example_dags/tutorial_dag.py for tasks to queue
[2025-04-25T23:39:52.887+0000] {logging_mixin.py:190} INFO - [2025-04-25T23:39:52.887+0000] {dagbag.py:588} INFO - Filling up the DagBag from /home/airflow/.local/lib/python3.12/site-packages/airflow/example_dags/tutorial_dag.py
[2025-04-25T23:39:52.901+0000] {processor.py:925} INFO - DAG(s) 'tutorial_dag' retrieved from /home/airflow/.local/lib/python3.12/site-packages/airflow/example_dags/tutorial_dag.py
[2025-04-25T23:39:52.940+0000] {logging_mixin.py:190} INFO - [2025-04-25T23:39:52.939+0000] {dag.py:3239} INFO - Sync 1 DAGs
[2025-04-25T23:39:52.978+0000] {logging_mixin.py:190} INFO - [2025-04-25T23:39:52.978+0000] {dag.py:4180} INFO - Setting next_dagrun for tutorial_dag to None, run_after=None
[2025-04-25T23:39:53.032+0000] {processor.py:208} INFO - Processing /home/airflow/.local/lib/python3.12/site-packages/airflow/example_dags/tutorial_dag.py took 0.165 seconds
[2025-04-25T23:40:24.104+0000] {processor.py:186} INFO - Started process (PID=397) to work on /home/airflow/.local/lib/python3.12/site-packages/airflow/example_dags/tutorial_dag.py
[2025-04-25T23:40:24.105+0000] {processor.py:914} INFO - Processing file /home/airflow/.local/lib/python3.12/site-packages/airflow/example_dags/tutorial_dag.py for tasks to queue
[2025-04-25T23:40:24.108+0000] {logging_mixin.py:190} INFO - [2025-04-25T23:40:24.108+0000] {dagbag.py:588} INFO - Filling up the DagBag from /home/airflow/.local/lib/python3.12/site-packages/airflow/example_dags/tutorial_dag.py
[2025-04-25T23:40:24.117+0000] {processor.py:925} INFO - DAG(s) 'tutorial_dag' retrieved from /home/airflow/.local/lib/python3.12/site-packages/airflow/example_dags/tutorial_dag.py
[2025-04-25T23:40:24.145+0000] {logging_mixin.py:190} INFO - [2025-04-25T23:40:24.144+0000] {dag.py:3239} INFO - Sync 1 DAGs
[2025-04-25T23:40:24.164+0000] {logging_mixin.py:190} INFO - [2025-04-25T23:40:24.163+0000] {dag.py:4180} INFO - Setting next_dagrun for tutorial_dag to None, run_after=None
[2025-04-25T23:40:24.191+0000] {processor.py:208} INFO - Processing /home/airflow/.local/lib/python3.12/site-packages/airflow/example_dags/tutorial_dag.py took 0.096 seconds
[2025-04-25T23:40:55.718+0000] {processor.py:186} INFO - Started process (PID=460) to work on /home/airflow/.local/lib/python3.12/site-packages/airflow/example_dags/tutorial_dag.py
[2025-04-25T23:40:55.720+0000] {processor.py:914} INFO - Processing file /home/airflow/.local/lib/python3.12/site-packages/airflow/example_dags/tutorial_dag.py for tasks to queue
[2025-04-25T23:40:55.723+0000] {logging_mixin.py:190} INFO - [2025-04-25T23:40:55.723+0000] {dagbag.py:588} INFO - Filling up the DagBag from /home/airflow/.local/lib/python3.12/site-packages/airflow/example_dags/tutorial_dag.py
[2025-04-25T23:40:55.733+0000] {processor.py:925} INFO - DAG(s) 'tutorial_dag' retrieved from /home/airflow/.local/lib/python3.12/site-packages/airflow/example_dags/tutorial_dag.py
[2025-04-25T23:40:55.761+0000] {logging_mixin.py:190} INFO - [2025-04-25T23:40:55.761+0000] {dag.py:3239} INFO - Sync 1 DAGs
[2025-04-25T23:40:55.783+0000] {logging_mixin.py:190} INFO - [2025-04-25T23:40:55.782+0000] {dag.py:4180} INFO - Setting next_dagrun for tutorial_dag to None, run_after=None
[2025-04-25T23:40:55.816+0000] {processor.py:208} INFO - Processing /home/airflow/.local/lib/python3.12/site-packages/airflow/example_dags/tutorial_dag.py took 0.106 seconds
[2025-04-25T23:41:27.464+0000] {processor.py:186} INFO - Started process (PID=522) to work on /home/airflow/.local/lib/python3.12/site-packages/airflow/example_dags/tutorial_dag.py
[2025-04-25T23:41:27.466+0000] {processor.py:914} INFO - Processing file /home/airflow/.local/lib/python3.12/site-packages/airflow/example_dags/tutorial_dag.py for tasks to queue
[2025-04-25T23:41:27.470+0000] {logging_mixin.py:190} INFO - [2025-04-25T23:41:27.470+0000] {dagbag.py:588} INFO - Filling up the DagBag from /home/airflow/.local/lib/python3.12/site-packages/airflow/example_dags/tutorial_dag.py
[2025-04-25T23:41:27.479+0000] {processor.py:925} INFO - DAG(s) 'tutorial_dag' retrieved from /home/airflow/.local/lib/python3.12/site-packages/airflow/example_dags/tutorial_dag.py
[2025-04-25T23:41:27.504+0000] {logging_mixin.py:190} INFO - [2025-04-25T23:41:27.503+0000] {dag.py:3239} INFO - Sync 1 DAGs
[2025-04-25T23:41:27.523+0000] {logging_mixin.py:190} INFO - [2025-04-25T23:41:27.523+0000] {dag.py:4180} INFO - Setting next_dagrun for tutorial_dag to None, run_after=None
[2025-04-25T23:41:27.546+0000] {processor.py:208} INFO - Processing /home/airflow/.local/lib/python3.12/site-packages/airflow/example_dags/tutorial_dag.py took 0.089 seconds
[2025-04-25T23:42:00.170+0000] {processor.py:186} INFO - Started process (PID=585) to work on /home/airflow/.local/lib/python3.12/site-packages/airflow/example_dags/tutorial_dag.py
[2025-04-25T23:42:00.171+0000] {processor.py:914} INFO - Processing file /home/airflow/.local/lib/python3.12/site-packages/airflow/example_dags/tutorial_dag.py for tasks to queue
[2025-04-25T23:42:00.176+0000] {logging_mixin.py:190} INFO - [2025-04-25T23:42:00.175+0000] {dagbag.py:588} INFO - Filling up the DagBag from /home/airflow/.local/lib/python3.12/site-packages/airflow/example_dags/tutorial_dag.py
[2025-04-25T23:42:00.188+0000] {processor.py:925} INFO - DAG(s) 'tutorial_dag' retrieved from /home/airflow/.local/lib/python3.12/site-packages/airflow/example_dags/tutorial_dag.py
[2025-04-25T23:42:00.228+0000] {logging_mixin.py:190} INFO - [2025-04-25T23:42:00.228+0000] {dag.py:3239} INFO - Sync 1 DAGs
[2025-04-25T23:42:00.268+0000] {logging_mixin.py:190} INFO - [2025-04-25T23:42:00.267+0000] {dag.py:4180} INFO - Setting next_dagrun for tutorial_dag to None, run_after=None
[2025-04-25T23:42:00.305+0000] {processor.py:208} INFO - Processing /home/airflow/.local/lib/python3.12/site-packages/airflow/example_dags/tutorial_dag.py took 0.147 seconds
[2025-04-25T23:42:33.482+0000] {processor.py:186} INFO - Started process (PID=648) to work on /home/airflow/.local/lib/python3.12/site-packages/airflow/example_dags/tutorial_dag.py
[2025-04-25T23:42:33.485+0000] {processor.py:914} INFO - Processing file /home/airflow/.local/lib/python3.12/site-packages/airflow/example_dags/tutorial_dag.py for tasks to queue
[2025-04-25T23:42:33.490+0000] {logging_mixin.py:190} INFO - [2025-04-25T23:42:33.489+0000] {dagbag.py:588} INFO - Filling up the DagBag from /home/airflow/.local/lib/python3.12/site-packages/airflow/example_dags/tutorial_dag.py
[2025-04-25T23:42:33.505+0000] {processor.py:925} INFO - DAG(s) 'tutorial_dag' retrieved from /home/airflow/.local/lib/python3.12/site-packages/airflow/example_dags/tutorial_dag.py
[2025-04-25T23:42:33.551+0000] {logging_mixin.py:190} INFO - [2025-04-25T23:42:33.551+0000] {dag.py:3239} INFO - Sync 1 DAGs
[2025-04-25T23:42:33.581+0000] {logging_mixin.py:190} INFO - [2025-04-25T23:42:33.581+0000] {dag.py:4180} INFO - Setting next_dagrun for tutorial_dag to None, run_after=None
[2025-04-25T23:42:33.617+0000] {processor.py:208} INFO - Processing /home/airflow/.local/lib/python3.12/site-packages/airflow/example_dags/tutorial_dag.py took 0.145 seconds
[2025-04-25T23:43:06.547+0000] {processor.py:186} INFO - Started process (PID=711) to work on /home/airflow/.local/lib/python3.12/site-packages/airflow/example_dags/tutorial_dag.py
[2025-04-25T23:43:06.555+0000] {processor.py:914} INFO - Processing file /home/airflow/.local/lib/python3.12/site-packages/airflow/example_dags/tutorial_dag.py for tasks to queue
[2025-04-25T23:43:06.580+0000] {logging_mixin.py:190} INFO - [2025-04-25T23:43:06.580+0000] {dagbag.py:588} INFO - Filling up the DagBag from /home/airflow/.local/lib/python3.12/site-packages/airflow/example_dags/tutorial_dag.py
[2025-04-25T23:43:06.714+0000] {processor.py:925} INFO - DAG(s) 'tutorial_dag' retrieved from /home/airflow/.local/lib/python3.12/site-packages/airflow/example_dags/tutorial_dag.py
[2025-04-25T23:43:06.939+0000] {logging_mixin.py:190} INFO - [2025-04-25T23:43:06.933+0000] {dag.py:3239} INFO - Sync 1 DAGs
[2025-04-25T23:43:07.015+0000] {logging_mixin.py:190} INFO - [2025-04-25T23:43:07.015+0000] {dag.py:4180} INFO - Setting next_dagrun for tutorial_dag to None, run_after=None
[2025-04-25T23:43:07.182+0000] {processor.py:208} INFO - Processing /home/airflow/.local/lib/python3.12/site-packages/airflow/example_dags/tutorial_dag.py took 0.693 seconds
[2025-04-25T23:43:37.859+0000] {processor.py:186} INFO - Started process (PID=774) to work on /home/airflow/.local/lib/python3.12/site-packages/airflow/example_dags/tutorial_dag.py
[2025-04-25T23:43:37.861+0000] {processor.py:914} INFO - Processing file /home/airflow/.local/lib/python3.12/site-packages/airflow/example_dags/tutorial_dag.py for tasks to queue
[2025-04-25T23:43:37.866+0000] {logging_mixin.py:190} INFO - [2025-04-25T23:43:37.865+0000] {dagbag.py:588} INFO - Filling up the DagBag from /home/airflow/.local/lib/python3.12/site-packages/airflow/example_dags/tutorial_dag.py
[2025-04-25T23:43:37.878+0000] {processor.py:925} INFO - DAG(s) 'tutorial_dag' retrieved from /home/airflow/.local/lib/python3.12/site-packages/airflow/example_dags/tutorial_dag.py
[2025-04-25T23:43:37.909+0000] {logging_mixin.py:190} INFO - [2025-04-25T23:43:37.908+0000] {dag.py:3239} INFO - Sync 1 DAGs
[2025-04-25T23:43:37.936+0000] {logging_mixin.py:190} INFO - [2025-04-25T23:43:37.935+0000] {dag.py:4180} INFO - Setting next_dagrun for tutorial_dag to None, run_after=None
[2025-04-25T23:43:37.967+0000] {processor.py:208} INFO - Processing /home/airflow/.local/lib/python3.12/site-packages/airflow/example_dags/tutorial_dag.py took 0.115 seconds
[2025-04-25T23:44:09.458+0000] {processor.py:186} INFO - Started process (PID=837) to work on /home/airflow/.local/lib/python3.12/site-packages/airflow/example_dags/tutorial_dag.py
[2025-04-25T23:44:09.459+0000] {processor.py:914} INFO - Processing file /home/airflow/.local/lib/python3.12/site-packages/airflow/example_dags/tutorial_dag.py for tasks to queue
[2025-04-25T23:44:09.462+0000] {logging_mixin.py:190} INFO - [2025-04-25T23:44:09.462+0000] {dagbag.py:588} INFO - Filling up the DagBag from /home/airflow/.local/lib/python3.12/site-packages/airflow/example_dags/tutorial_dag.py
[2025-04-25T23:44:09.471+0000] {processor.py:925} INFO - DAG(s) 'tutorial_dag' retrieved from /home/airflow/.local/lib/python3.12/site-packages/airflow/example_dags/tutorial_dag.py
[2025-04-25T23:44:09.495+0000] {logging_mixin.py:190} INFO - [2025-04-25T23:44:09.495+0000] {dag.py:3239} INFO - Sync 1 DAGs
[2025-04-25T23:44:09.512+0000] {logging_mixin.py:190} INFO - [2025-04-25T23:44:09.512+0000] {dag.py:4180} INFO - Setting next_dagrun for tutorial_dag to None, run_after=None
[2025-04-25T23:44:09.537+0000] {processor.py:208} INFO - Processing /home/airflow/.local/lib/python3.12/site-packages/airflow/example_dags/tutorial_dag.py took 0.087 seconds
[2025-04-25T23:44:40.538+0000] {processor.py:186} INFO - Started process (PID=900) to work on /home/airflow/.local/lib/python3.12/site-packages/airflow/example_dags/tutorial_dag.py
[2025-04-25T23:44:40.541+0000] {processor.py:914} INFO - Processing file /home/airflow/.local/lib/python3.12/site-packages/airflow/example_dags/tutorial_dag.py for tasks to queue
[2025-04-25T23:44:40.545+0000] {logging_mixin.py:190} INFO - [2025-04-25T23:44:40.544+0000] {dagbag.py:588} INFO - Filling up the DagBag from /home/airflow/.local/lib/python3.12/site-packages/airflow/example_dags/tutorial_dag.py
[2025-04-25T23:44:40.561+0000] {processor.py:925} INFO - DAG(s) 'tutorial_dag' retrieved from /home/airflow/.local/lib/python3.12/site-packages/airflow/example_dags/tutorial_dag.py
[2025-04-25T23:44:40.602+0000] {logging_mixin.py:190} INFO - [2025-04-25T23:44:40.602+0000] {dag.py:3239} INFO - Sync 1 DAGs
[2025-04-25T23:44:40.632+0000] {logging_mixin.py:190} INFO - [2025-04-25T23:44:40.631+0000] {dag.py:4180} INFO - Setting next_dagrun for tutorial_dag to None, run_after=None
[2025-04-25T23:44:40.664+0000] {processor.py:208} INFO - Processing /home/airflow/.local/lib/python3.12/site-packages/airflow/example_dags/tutorial_dag.py took 0.134 seconds
[2025-04-25T23:45:11.955+0000] {processor.py:186} INFO - Started process (PID=963) to work on /home/airflow/.local/lib/python3.12/site-packages/airflow/example_dags/tutorial_dag.py
[2025-04-25T23:45:11.956+0000] {processor.py:914} INFO - Processing file /home/airflow/.local/lib/python3.12/site-packages/airflow/example_dags/tutorial_dag.py for tasks to queue
[2025-04-25T23:45:11.961+0000] {logging_mixin.py:190} INFO - [2025-04-25T23:45:11.961+0000] {dagbag.py:588} INFO - Filling up the DagBag from /home/airflow/.local/lib/python3.12/site-packages/airflow/example_dags/tutorial_dag.py
[2025-04-25T23:45:11.974+0000] {processor.py:925} INFO - DAG(s) 'tutorial_dag' retrieved from /home/airflow/.local/lib/python3.12/site-packages/airflow/example_dags/tutorial_dag.py
[2025-04-25T23:45:12.005+0000] {logging_mixin.py:190} INFO - [2025-04-25T23:45:12.005+0000] {dag.py:3239} INFO - Sync 1 DAGs
[2025-04-25T23:45:12.032+0000] {logging_mixin.py:190} INFO - [2025-04-25T23:45:12.031+0000] {dag.py:4180} INFO - Setting next_dagrun for tutorial_dag to None, run_after=None
[2025-04-25T23:45:12.069+0000] {processor.py:208} INFO - Processing /home/airflow/.local/lib/python3.12/site-packages/airflow/example_dags/tutorial_dag.py took 0.123 seconds
[2025-04-25T23:45:43.491+0000] {processor.py:186} INFO - Started process (PID=1026) to work on /home/airflow/.local/lib/python3.12/site-packages/airflow/example_dags/tutorial_dag.py
[2025-04-25T23:45:43.494+0000] {processor.py:914} INFO - Processing file /home/airflow/.local/lib/python3.12/site-packages/airflow/example_dags/tutorial_dag.py for tasks to queue
[2025-04-25T23:45:43.498+0000] {logging_mixin.py:190} INFO - [2025-04-25T23:45:43.498+0000] {dagbag.py:588} INFO - Filling up the DagBag from /home/airflow/.local/lib/python3.12/site-packages/airflow/example_dags/tutorial_dag.py
[2025-04-25T23:45:43.508+0000] {processor.py:925} INFO - DAG(s) 'tutorial_dag' retrieved from /home/airflow/.local/lib/python3.12/site-packages/airflow/example_dags/tutorial_dag.py
[2025-04-25T23:45:43.544+0000] {logging_mixin.py:190} INFO - [2025-04-25T23:45:43.544+0000] {dag.py:3239} INFO - Sync 1 DAGs
[2025-04-25T23:45:43.569+0000] {logging_mixin.py:190} INFO - [2025-04-25T23:45:43.569+0000] {dag.py:4180} INFO - Setting next_dagrun for tutorial_dag to None, run_after=None
[2025-04-25T23:45:43.606+0000] {processor.py:208} INFO - Processing /home/airflow/.local/lib/python3.12/site-packages/airflow/example_dags/tutorial_dag.py took 0.122 seconds
[2025-04-25T23:46:16.450+0000] {processor.py:186} INFO - Started process (PID=1088) to work on /home/airflow/.local/lib/python3.12/site-packages/airflow/example_dags/tutorial_dag.py
[2025-04-25T23:46:16.453+0000] {processor.py:914} INFO - Processing file /home/airflow/.local/lib/python3.12/site-packages/airflow/example_dags/tutorial_dag.py for tasks to queue
[2025-04-25T23:46:16.463+0000] {logging_mixin.py:190} INFO - [2025-04-25T23:46:16.462+0000] {dagbag.py:588} INFO - Filling up the DagBag from /home/airflow/.local/lib/python3.12/site-packages/airflow/example_dags/tutorial_dag.py
[2025-04-25T23:46:16.481+0000] {processor.py:925} INFO - DAG(s) 'tutorial_dag' retrieved from /home/airflow/.local/lib/python3.12/site-packages/airflow/example_dags/tutorial_dag.py
[2025-04-25T23:46:16.598+0000] {logging_mixin.py:190} INFO - [2025-04-25T23:46:16.597+0000] {dag.py:3239} INFO - Sync 1 DAGs
[2025-04-25T23:46:16.635+0000] {logging_mixin.py:190} INFO - [2025-04-25T23:46:16.635+0000] {dag.py:4180} INFO - Setting next_dagrun for tutorial_dag to None, run_after=None
[2025-04-25T23:46:16.718+0000] {processor.py:208} INFO - Processing /home/airflow/.local/lib/python3.12/site-packages/airflow/example_dags/tutorial_dag.py took 0.290 seconds
[2025-04-25T23:46:55.740+0000] {processor.py:186} INFO - Started process (PID=1150) to work on /home/airflow/.local/lib/python3.12/site-packages/airflow/example_dags/tutorial_dag.py
[2025-04-25T23:46:55.747+0000] {processor.py:914} INFO - Processing file /home/airflow/.local/lib/python3.12/site-packages/airflow/example_dags/tutorial_dag.py for tasks to queue
[2025-04-25T23:46:55.800+0000] {logging_mixin.py:190} INFO - [2025-04-25T23:46:55.800+0000] {dagbag.py:588} INFO - Filling up the DagBag from /home/airflow/.local/lib/python3.12/site-packages/airflow/example_dags/tutorial_dag.py
[2025-04-25T23:46:55.833+0000] {processor.py:925} INFO - DAG(s) 'tutorial_dag' retrieved from /home/airflow/.local/lib/python3.12/site-packages/airflow/example_dags/tutorial_dag.py
[2025-04-25T23:46:55.996+0000] {logging_mixin.py:190} INFO - [2025-04-25T23:46:55.996+0000] {dag.py:3239} INFO - Sync 1 DAGs
[2025-04-25T23:46:56.600+0000] {logging_mixin.py:190} INFO - [2025-04-25T23:46:56.599+0000] {dag.py:4180} INFO - Setting next_dagrun for tutorial_dag to None, run_after=None
[2025-04-25T23:46:57.425+0000] {processor.py:208} INFO - Processing /home/airflow/.local/lib/python3.12/site-packages/airflow/example_dags/tutorial_dag.py took 1.737 seconds
[2025-04-25T23:47:29.245+0000] {processor.py:186} INFO - Started process (PID=1218) to work on /home/airflow/.local/lib/python3.12/site-packages/airflow/example_dags/tutorial_dag.py
[2025-04-25T23:47:29.248+0000] {processor.py:914} INFO - Processing file /home/airflow/.local/lib/python3.12/site-packages/airflow/example_dags/tutorial_dag.py for tasks to queue
[2025-04-25T23:47:29.252+0000] {logging_mixin.py:190} INFO - [2025-04-25T23:47:29.252+0000] {dagbag.py:588} INFO - Filling up the DagBag from /home/airflow/.local/lib/python3.12/site-packages/airflow/example_dags/tutorial_dag.py
[2025-04-25T23:47:29.267+0000] {processor.py:925} INFO - DAG(s) 'tutorial_dag' retrieved from /home/airflow/.local/lib/python3.12/site-packages/airflow/example_dags/tutorial_dag.py
[2025-04-25T23:47:29.308+0000] {logging_mixin.py:190} INFO - [2025-04-25T23:47:29.307+0000] {dag.py:3239} INFO - Sync 1 DAGs
[2025-04-25T23:47:29.347+0000] {logging_mixin.py:190} INFO - [2025-04-25T23:47:29.347+0000] {dag.py:4180} INFO - Setting next_dagrun for tutorial_dag to None, run_after=None
[2025-04-25T23:47:29.409+0000] {processor.py:208} INFO - Processing /home/airflow/.local/lib/python3.12/site-packages/airflow/example_dags/tutorial_dag.py took 0.176 seconds
[2025-04-25T23:48:01.295+0000] {processor.py:186} INFO - Started process (PID=1281) to work on /home/airflow/.local/lib/python3.12/site-packages/airflow/example_dags/tutorial_dag.py
[2025-04-25T23:48:01.296+0000] {processor.py:914} INFO - Processing file /home/airflow/.local/lib/python3.12/site-packages/airflow/example_dags/tutorial_dag.py for tasks to queue
[2025-04-25T23:48:01.299+0000] {logging_mixin.py:190} INFO - [2025-04-25T23:48:01.299+0000] {dagbag.py:588} INFO - Filling up the DagBag from /home/airflow/.local/lib/python3.12/site-packages/airflow/example_dags/tutorial_dag.py
[2025-04-25T23:48:01.310+0000] {processor.py:925} INFO - DAG(s) 'tutorial_dag' retrieved from /home/airflow/.local/lib/python3.12/site-packages/airflow/example_dags/tutorial_dag.py
[2025-04-25T23:48:01.338+0000] {logging_mixin.py:190} INFO - [2025-04-25T23:48:01.338+0000] {dag.py:3239} INFO - Sync 1 DAGs
[2025-04-25T23:48:01.358+0000] {logging_mixin.py:190} INFO - [2025-04-25T23:48:01.358+0000] {dag.py:4180} INFO - Setting next_dagrun for tutorial_dag to None, run_after=None
[2025-04-25T23:48:01.391+0000] {processor.py:208} INFO - Processing /home/airflow/.local/lib/python3.12/site-packages/airflow/example_dags/tutorial_dag.py took 0.104 seconds
[2025-04-25T23:48:33.701+0000] {processor.py:186} INFO - Started process (PID=1353) to work on /home/airflow/.local/lib/python3.12/site-packages/airflow/example_dags/tutorial_dag.py
[2025-04-25T23:48:33.704+0000] {processor.py:914} INFO - Processing file /home/airflow/.local/lib/python3.12/site-packages/airflow/example_dags/tutorial_dag.py for tasks to queue
[2025-04-25T23:48:33.707+0000] {logging_mixin.py:190} INFO - [2025-04-25T23:48:33.706+0000] {dagbag.py:588} INFO - Filling up the DagBag from /home/airflow/.local/lib/python3.12/site-packages/airflow/example_dags/tutorial_dag.py
[2025-04-25T23:48:33.716+0000] {processor.py:925} INFO - DAG(s) 'tutorial_dag' retrieved from /home/airflow/.local/lib/python3.12/site-packages/airflow/example_dags/tutorial_dag.py
[2025-04-25T23:48:33.748+0000] {logging_mixin.py:190} INFO - [2025-04-25T23:48:33.748+0000] {dag.py:3239} INFO - Sync 1 DAGs
[2025-04-25T23:48:33.773+0000] {logging_mixin.py:190} INFO - [2025-04-25T23:48:33.773+0000] {dag.py:4180} INFO - Setting next_dagrun for tutorial_dag to None, run_after=None
[2025-04-25T23:48:33.797+0000] {processor.py:208} INFO - Processing /home/airflow/.local/lib/python3.12/site-packages/airflow/example_dags/tutorial_dag.py took 0.104 seconds
[2025-04-25T23:49:13.332+0000] {processor.py:186} INFO - Started process (PID=1420) to work on /home/airflow/.local/lib/python3.12/site-packages/airflow/example_dags/tutorial_dag.py
[2025-04-25T23:49:13.334+0000] {processor.py:914} INFO - Processing file /home/airflow/.local/lib/python3.12/site-packages/airflow/example_dags/tutorial_dag.py for tasks to queue
[2025-04-25T23:49:13.342+0000] {logging_mixin.py:190} INFO - [2025-04-25T23:49:13.340+0000] {dagbag.py:588} INFO - Filling up the DagBag from /home/airflow/.local/lib/python3.12/site-packages/airflow/example_dags/tutorial_dag.py
[2025-04-25T23:49:13.365+0000] {processor.py:925} INFO - DAG(s) 'tutorial_dag' retrieved from /home/airflow/.local/lib/python3.12/site-packages/airflow/example_dags/tutorial_dag.py
[2025-04-25T23:49:13.465+0000] {logging_mixin.py:190} INFO - [2025-04-25T23:49:13.464+0000] {dag.py:3239} INFO - Sync 1 DAGs
[2025-04-25T23:49:13.566+0000] {logging_mixin.py:190} INFO - [2025-04-25T23:49:13.565+0000] {dag.py:4180} INFO - Setting next_dagrun for tutorial_dag to None, run_after=None
[2025-04-25T23:49:13.652+0000] {processor.py:208} INFO - Processing /home/airflow/.local/lib/python3.12/site-packages/airflow/example_dags/tutorial_dag.py took 0.334 seconds
[2025-04-25T23:49:44.340+0000] {processor.py:186} INFO - Started process (PID=1483) to work on /home/airflow/.local/lib/python3.12/site-packages/airflow/example_dags/tutorial_dag.py
[2025-04-25T23:49:44.342+0000] {processor.py:914} INFO - Processing file /home/airflow/.local/lib/python3.12/site-packages/airflow/example_dags/tutorial_dag.py for tasks to queue
[2025-04-25T23:49:44.345+0000] {logging_mixin.py:190} INFO - [2025-04-25T23:49:44.345+0000] {dagbag.py:588} INFO - Filling up the DagBag from /home/airflow/.local/lib/python3.12/site-packages/airflow/example_dags/tutorial_dag.py
[2025-04-25T23:49:44.360+0000] {processor.py:925} INFO - DAG(s) 'tutorial_dag' retrieved from /home/airflow/.local/lib/python3.12/site-packages/airflow/example_dags/tutorial_dag.py
[2025-04-25T23:49:44.412+0000] {logging_mixin.py:190} INFO - [2025-04-25T23:49:44.412+0000] {dag.py:3239} INFO - Sync 1 DAGs
[2025-04-25T23:49:44.457+0000] {logging_mixin.py:190} INFO - [2025-04-25T23:49:44.457+0000] {dag.py:4180} INFO - Setting next_dagrun for tutorial_dag to None, run_after=None
[2025-04-25T23:49:44.497+0000] {processor.py:208} INFO - Processing /home/airflow/.local/lib/python3.12/site-packages/airflow/example_dags/tutorial_dag.py took 0.169 seconds
[2025-04-25T23:50:14.669+0000] {processor.py:186} INFO - Started process (PID=1546) to work on /home/airflow/.local/lib/python3.12/site-packages/airflow/example_dags/tutorial_dag.py
[2025-04-25T23:50:14.685+0000] {processor.py:914} INFO - Processing file /home/airflow/.local/lib/python3.12/site-packages/airflow/example_dags/tutorial_dag.py for tasks to queue
[2025-04-25T23:50:14.688+0000] {logging_mixin.py:190} INFO - [2025-04-25T23:50:14.687+0000] {dagbag.py:588} INFO - Filling up the DagBag from /home/airflow/.local/lib/python3.12/site-packages/airflow/example_dags/tutorial_dag.py
[2025-04-25T23:50:14.709+0000] {processor.py:925} INFO - DAG(s) 'tutorial_dag' retrieved from /home/airflow/.local/lib/python3.12/site-packages/airflow/example_dags/tutorial_dag.py
[2025-04-25T23:50:14.794+0000] {logging_mixin.py:190} INFO - [2025-04-25T23:50:14.794+0000] {dag.py:3239} INFO - Sync 1 DAGs
[2025-04-25T23:50:14.835+0000] {logging_mixin.py:190} INFO - [2025-04-25T23:50:14.835+0000] {dag.py:4180} INFO - Setting next_dagrun for tutorial_dag to None, run_after=None
[2025-04-25T23:50:14.915+0000] {processor.py:208} INFO - Processing /home/airflow/.local/lib/python3.12/site-packages/airflow/example_dags/tutorial_dag.py took 0.259 seconds
[2025-04-25T23:50:46.847+0000] {processor.py:186} INFO - Started process (PID=1609) to work on /home/airflow/.local/lib/python3.12/site-packages/airflow/example_dags/tutorial_dag.py
[2025-04-25T23:50:46.850+0000] {processor.py:914} INFO - Processing file /home/airflow/.local/lib/python3.12/site-packages/airflow/example_dags/tutorial_dag.py for tasks to queue
[2025-04-25T23:50:46.854+0000] {logging_mixin.py:190} INFO - [2025-04-25T23:50:46.854+0000] {dagbag.py:588} INFO - Filling up the DagBag from /home/airflow/.local/lib/python3.12/site-packages/airflow/example_dags/tutorial_dag.py
[2025-04-25T23:50:46.868+0000] {processor.py:925} INFO - DAG(s) 'tutorial_dag' retrieved from /home/airflow/.local/lib/python3.12/site-packages/airflow/example_dags/tutorial_dag.py
[2025-04-25T23:50:46.906+0000] {logging_mixin.py:190} INFO - [2025-04-25T23:50:46.906+0000] {dag.py:3239} INFO - Sync 1 DAGs
[2025-04-25T23:50:46.937+0000] {logging_mixin.py:190} INFO - [2025-04-25T23:50:46.937+0000] {dag.py:4180} INFO - Setting next_dagrun for tutorial_dag to None, run_after=None
[2025-04-25T23:50:46.971+0000] {processor.py:208} INFO - Processing /home/airflow/.local/lib/python3.12/site-packages/airflow/example_dags/tutorial_dag.py took 0.134 seconds
[2025-04-25T23:51:24.178+0000] {processor.py:186} INFO - Started process (PID=1674) to work on /home/airflow/.local/lib/python3.12/site-packages/airflow/example_dags/tutorial_dag.py
[2025-04-25T23:51:24.182+0000] {processor.py:914} INFO - Processing file /home/airflow/.local/lib/python3.12/site-packages/airflow/example_dags/tutorial_dag.py for tasks to queue
[2025-04-25T23:51:24.186+0000] {logging_mixin.py:190} INFO - [2025-04-25T23:51:24.185+0000] {dagbag.py:588} INFO - Filling up the DagBag from /home/airflow/.local/lib/python3.12/site-packages/airflow/example_dags/tutorial_dag.py
[2025-04-25T23:51:24.204+0000] {processor.py:925} INFO - DAG(s) 'tutorial_dag' retrieved from /home/airflow/.local/lib/python3.12/site-packages/airflow/example_dags/tutorial_dag.py
[2025-04-25T23:51:24.288+0000] {logging_mixin.py:190} INFO - [2025-04-25T23:51:24.288+0000] {dag.py:3239} INFO - Sync 1 DAGs
[2025-04-25T23:51:24.318+0000] {logging_mixin.py:190} INFO - [2025-04-25T23:51:24.318+0000] {dag.py:4180} INFO - Setting next_dagrun for tutorial_dag to None, run_after=None
[2025-04-25T23:51:24.360+0000] {processor.py:208} INFO - Processing /home/airflow/.local/lib/python3.12/site-packages/airflow/example_dags/tutorial_dag.py took 0.223 seconds
[2025-04-25T23:51:54.476+0000] {processor.py:186} INFO - Started process (PID=1736) to work on /home/airflow/.local/lib/python3.12/site-packages/airflow/example_dags/tutorial_dag.py
[2025-04-25T23:51:54.479+0000] {processor.py:914} INFO - Processing file /home/airflow/.local/lib/python3.12/site-packages/airflow/example_dags/tutorial_dag.py for tasks to queue
[2025-04-25T23:51:54.484+0000] {logging_mixin.py:190} INFO - [2025-04-25T23:51:54.483+0000] {dagbag.py:588} INFO - Filling up the DagBag from /home/airflow/.local/lib/python3.12/site-packages/airflow/example_dags/tutorial_dag.py
[2025-04-25T23:51:54.503+0000] {processor.py:925} INFO - DAG(s) 'tutorial_dag' retrieved from /home/airflow/.local/lib/python3.12/site-packages/airflow/example_dags/tutorial_dag.py
[2025-04-25T23:51:54.544+0000] {logging_mixin.py:190} INFO - [2025-04-25T23:51:54.544+0000] {dag.py:3239} INFO - Sync 1 DAGs
[2025-04-25T23:51:54.583+0000] {logging_mixin.py:190} INFO - [2025-04-25T23:51:54.583+0000] {dag.py:4180} INFO - Setting next_dagrun for tutorial_dag to None, run_after=None
[2025-04-25T23:51:54.607+0000] {processor.py:208} INFO - Processing /home/airflow/.local/lib/python3.12/site-packages/airflow/example_dags/tutorial_dag.py took 0.147 seconds
[2025-04-25T23:52:25.333+0000] {processor.py:186} INFO - Started process (PID=1800) to work on /home/airflow/.local/lib/python3.12/site-packages/airflow/example_dags/tutorial_dag.py
[2025-04-25T23:52:25.336+0000] {processor.py:914} INFO - Processing file /home/airflow/.local/lib/python3.12/site-packages/airflow/example_dags/tutorial_dag.py for tasks to queue
[2025-04-25T23:52:25.357+0000] {logging_mixin.py:190} INFO - [2025-04-25T23:52:25.356+0000] {dagbag.py:588} INFO - Filling up the DagBag from /home/airflow/.local/lib/python3.12/site-packages/airflow/example_dags/tutorial_dag.py
[2025-04-25T23:52:25.463+0000] {processor.py:925} INFO - DAG(s) 'tutorial_dag' retrieved from /home/airflow/.local/lib/python3.12/site-packages/airflow/example_dags/tutorial_dag.py
[2025-04-25T23:52:25.564+0000] {logging_mixin.py:190} INFO - [2025-04-25T23:52:25.562+0000] {dag.py:3239} INFO - Sync 1 DAGs
[2025-04-25T23:52:25.622+0000] {logging_mixin.py:190} INFO - [2025-04-25T23:52:25.621+0000] {dag.py:4180} INFO - Setting next_dagrun for tutorial_dag to None, run_after=None
[2025-04-25T23:52:25.681+0000] {processor.py:208} INFO - Processing /home/airflow/.local/lib/python3.12/site-packages/airflow/example_dags/tutorial_dag.py took 0.365 seconds
[2025-04-25T23:52:56.890+0000] {processor.py:186} INFO - Started process (PID=1866) to work on /home/airflow/.local/lib/python3.12/site-packages/airflow/example_dags/tutorial_dag.py
[2025-04-25T23:52:56.892+0000] {processor.py:914} INFO - Processing file /home/airflow/.local/lib/python3.12/site-packages/airflow/example_dags/tutorial_dag.py for tasks to queue
[2025-04-25T23:52:56.895+0000] {logging_mixin.py:190} INFO - [2025-04-25T23:52:56.895+0000] {dagbag.py:588} INFO - Filling up the DagBag from /home/airflow/.local/lib/python3.12/site-packages/airflow/example_dags/tutorial_dag.py
[2025-04-25T23:52:56.905+0000] {processor.py:925} INFO - DAG(s) 'tutorial_dag' retrieved from /home/airflow/.local/lib/python3.12/site-packages/airflow/example_dags/tutorial_dag.py
[2025-04-25T23:52:56.943+0000] {logging_mixin.py:190} INFO - [2025-04-25T23:52:56.942+0000] {dag.py:3239} INFO - Sync 1 DAGs
[2025-04-25T23:52:56.968+0000] {logging_mixin.py:190} INFO - [2025-04-25T23:52:56.968+0000] {dag.py:4180} INFO - Setting next_dagrun for tutorial_dag to None, run_after=None
[2025-04-25T23:52:56.994+0000] {processor.py:208} INFO - Processing /home/airflow/.local/lib/python3.12/site-packages/airflow/example_dags/tutorial_dag.py took 0.111 seconds
[2025-04-25T23:53:28.609+0000] {processor.py:186} INFO - Started process (PID=1931) to work on /home/airflow/.local/lib/python3.12/site-packages/airflow/example_dags/tutorial_dag.py
[2025-04-25T23:53:28.610+0000] {processor.py:914} INFO - Processing file /home/airflow/.local/lib/python3.12/site-packages/airflow/example_dags/tutorial_dag.py for tasks to queue
[2025-04-25T23:53:28.615+0000] {logging_mixin.py:190} INFO - [2025-04-25T23:53:28.614+0000] {dagbag.py:588} INFO - Filling up the DagBag from /home/airflow/.local/lib/python3.12/site-packages/airflow/example_dags/tutorial_dag.py
[2025-04-25T23:53:28.629+0000] {processor.py:925} INFO - DAG(s) 'tutorial_dag' retrieved from /home/airflow/.local/lib/python3.12/site-packages/airflow/example_dags/tutorial_dag.py
[2025-04-25T23:53:28.676+0000] {logging_mixin.py:190} INFO - [2025-04-25T23:53:28.676+0000] {dag.py:3239} INFO - Sync 1 DAGs
[2025-04-25T23:53:28.702+0000] {logging_mixin.py:190} INFO - [2025-04-25T23:53:28.702+0000] {dag.py:4180} INFO - Setting next_dagrun for tutorial_dag to None, run_after=None
[2025-04-25T23:53:28.733+0000] {processor.py:208} INFO - Processing /home/airflow/.local/lib/python3.12/site-packages/airflow/example_dags/tutorial_dag.py took 0.134 seconds
[2025-04-25T23:54:00.573+0000] {processor.py:186} INFO - Started process (PID=2002) to work on /home/airflow/.local/lib/python3.12/site-packages/airflow/example_dags/tutorial_dag.py
[2025-04-25T23:54:00.579+0000] {processor.py:914} INFO - Processing file /home/airflow/.local/lib/python3.12/site-packages/airflow/example_dags/tutorial_dag.py for tasks to queue
[2025-04-25T23:54:00.584+0000] {logging_mixin.py:190} INFO - [2025-04-25T23:54:00.584+0000] {dagbag.py:588} INFO - Filling up the DagBag from /home/airflow/.local/lib/python3.12/site-packages/airflow/example_dags/tutorial_dag.py
[2025-04-25T23:54:00.595+0000] {processor.py:925} INFO - DAG(s) 'tutorial_dag' retrieved from /home/airflow/.local/lib/python3.12/site-packages/airflow/example_dags/tutorial_dag.py
[2025-04-25T23:54:00.629+0000] {logging_mixin.py:190} INFO - [2025-04-25T23:54:00.629+0000] {dag.py:3239} INFO - Sync 1 DAGs
[2025-04-25T23:54:00.662+0000] {logging_mixin.py:190} INFO - [2025-04-25T23:54:00.661+0000] {dag.py:4180} INFO - Setting next_dagrun for tutorial_dag to None, run_after=None
[2025-04-25T23:54:00.689+0000] {processor.py:208} INFO - Processing /home/airflow/.local/lib/python3.12/site-packages/airflow/example_dags/tutorial_dag.py took 0.131 seconds
[2025-04-25T23:54:31.737+0000] {processor.py:186} INFO - Started process (PID=2069) to work on /home/airflow/.local/lib/python3.12/site-packages/airflow/example_dags/tutorial_dag.py
[2025-04-25T23:54:31.738+0000] {processor.py:914} INFO - Processing file /home/airflow/.local/lib/python3.12/site-packages/airflow/example_dags/tutorial_dag.py for tasks to queue
[2025-04-25T23:54:31.742+0000] {logging_mixin.py:190} INFO - [2025-04-25T23:54:31.742+0000] {dagbag.py:588} INFO - Filling up the DagBag from /home/airflow/.local/lib/python3.12/site-packages/airflow/example_dags/tutorial_dag.py
[2025-04-25T23:54:31.752+0000] {processor.py:925} INFO - DAG(s) 'tutorial_dag' retrieved from /home/airflow/.local/lib/python3.12/site-packages/airflow/example_dags/tutorial_dag.py
[2025-04-25T23:54:31.783+0000] {logging_mixin.py:190} INFO - [2025-04-25T23:54:31.782+0000] {dag.py:3239} INFO - Sync 1 DAGs
[2025-04-25T23:54:31.804+0000] {logging_mixin.py:190} INFO - [2025-04-25T23:54:31.803+0000] {dag.py:4180} INFO - Setting next_dagrun for tutorial_dag to None, run_after=None
[2025-04-25T23:54:31.829+0000] {processor.py:208} INFO - Processing /home/airflow/.local/lib/python3.12/site-packages/airflow/example_dags/tutorial_dag.py took 0.099 seconds
[2025-04-25T23:55:02.901+0000] {processor.py:186} INFO - Started process (PID=2133) to work on /home/airflow/.local/lib/python3.12/site-packages/airflow/example_dags/tutorial_dag.py
[2025-04-25T23:55:02.903+0000] {processor.py:914} INFO - Processing file /home/airflow/.local/lib/python3.12/site-packages/airflow/example_dags/tutorial_dag.py for tasks to queue
[2025-04-25T23:55:02.907+0000] {logging_mixin.py:190} INFO - [2025-04-25T23:55:02.907+0000] {dagbag.py:588} INFO - Filling up the DagBag from /home/airflow/.local/lib/python3.12/site-packages/airflow/example_dags/tutorial_dag.py
[2025-04-25T23:55:02.917+0000] {processor.py:925} INFO - DAG(s) 'tutorial_dag' retrieved from /home/airflow/.local/lib/python3.12/site-packages/airflow/example_dags/tutorial_dag.py
[2025-04-25T23:55:02.959+0000] {logging_mixin.py:190} INFO - [2025-04-25T23:55:02.959+0000] {dag.py:3239} INFO - Sync 1 DAGs
[2025-04-25T23:55:02.985+0000] {logging_mixin.py:190} INFO - [2025-04-25T23:55:02.985+0000] {dag.py:4180} INFO - Setting next_dagrun for tutorial_dag to None, run_after=None
[2025-04-25T23:55:03.031+0000] {processor.py:208} INFO - Processing /home/airflow/.local/lib/python3.12/site-packages/airflow/example_dags/tutorial_dag.py took 0.148 seconds
[2025-04-25T23:55:34.311+0000] {processor.py:186} INFO - Started process (PID=2198) to work on /home/airflow/.local/lib/python3.12/site-packages/airflow/example_dags/tutorial_dag.py
[2025-04-25T23:55:34.313+0000] {processor.py:914} INFO - Processing file /home/airflow/.local/lib/python3.12/site-packages/airflow/example_dags/tutorial_dag.py for tasks to queue
[2025-04-25T23:55:34.316+0000] {logging_mixin.py:190} INFO - [2025-04-25T23:55:34.316+0000] {dagbag.py:588} INFO - Filling up the DagBag from /home/airflow/.local/lib/python3.12/site-packages/airflow/example_dags/tutorial_dag.py
[2025-04-25T23:55:34.325+0000] {processor.py:925} INFO - DAG(s) 'tutorial_dag' retrieved from /home/airflow/.local/lib/python3.12/site-packages/airflow/example_dags/tutorial_dag.py
[2025-04-25T23:55:34.357+0000] {logging_mixin.py:190} INFO - [2025-04-25T23:55:34.357+0000] {dag.py:3239} INFO - Sync 1 DAGs
[2025-04-25T23:55:34.377+0000] {logging_mixin.py:190} INFO - [2025-04-25T23:55:34.377+0000] {dag.py:4180} INFO - Setting next_dagrun for tutorial_dag to None, run_after=None
[2025-04-25T23:55:34.411+0000] {processor.py:208} INFO - Processing /home/airflow/.local/lib/python3.12/site-packages/airflow/example_dags/tutorial_dag.py took 0.108 seconds
[2025-04-25T23:56:05.684+0000] {processor.py:186} INFO - Started process (PID=2262) to work on /home/airflow/.local/lib/python3.12/site-packages/airflow/example_dags/tutorial_dag.py
[2025-04-25T23:56:05.685+0000] {processor.py:914} INFO - Processing file /home/airflow/.local/lib/python3.12/site-packages/airflow/example_dags/tutorial_dag.py for tasks to queue
[2025-04-25T23:56:05.690+0000] {logging_mixin.py:190} INFO - [2025-04-25T23:56:05.689+0000] {dagbag.py:588} INFO - Filling up the DagBag from /home/airflow/.local/lib/python3.12/site-packages/airflow/example_dags/tutorial_dag.py
[2025-04-25T23:56:05.703+0000] {processor.py:925} INFO - DAG(s) 'tutorial_dag' retrieved from /home/airflow/.local/lib/python3.12/site-packages/airflow/example_dags/tutorial_dag.py
[2025-04-25T23:56:05.760+0000] {logging_mixin.py:190} INFO - [2025-04-25T23:56:05.760+0000] {dag.py:3239} INFO - Sync 1 DAGs
[2025-04-25T23:56:05.789+0000] {logging_mixin.py:190} INFO - [2025-04-25T23:56:05.789+0000] {dag.py:4180} INFO - Setting next_dagrun for tutorial_dag to None, run_after=None
[2025-04-25T23:56:05.860+0000] {processor.py:208} INFO - Processing /home/airflow/.local/lib/python3.12/site-packages/airflow/example_dags/tutorial_dag.py took 0.194 seconds
[2025-04-25T23:56:36.513+0000] {processor.py:186} INFO - Started process (PID=2327) to work on /home/airflow/.local/lib/python3.12/site-packages/airflow/example_dags/tutorial_dag.py
[2025-04-25T23:56:36.515+0000] {processor.py:914} INFO - Processing file /home/airflow/.local/lib/python3.12/site-packages/airflow/example_dags/tutorial_dag.py for tasks to queue
[2025-04-25T23:56:36.516+0000] {logging_mixin.py:190} INFO - [2025-04-25T23:56:36.516+0000] {dagbag.py:588} INFO - Filling up the DagBag from /home/airflow/.local/lib/python3.12/site-packages/airflow/example_dags/tutorial_dag.py
[2025-04-25T23:56:36.534+0000] {processor.py:925} INFO - DAG(s) 'tutorial_dag' retrieved from /home/airflow/.local/lib/python3.12/site-packages/airflow/example_dags/tutorial_dag.py
[2025-04-25T23:56:36.604+0000] {logging_mixin.py:190} INFO - [2025-04-25T23:56:36.604+0000] {dag.py:3239} INFO - Sync 1 DAGs
[2025-04-25T23:56:36.631+0000] {logging_mixin.py:190} INFO - [2025-04-25T23:56:36.631+0000] {dag.py:4180} INFO - Setting next_dagrun for tutorial_dag to None, run_after=None
[2025-04-25T23:56:36.655+0000] {processor.py:208} INFO - Processing /home/airflow/.local/lib/python3.12/site-packages/airflow/example_dags/tutorial_dag.py took 0.154 seconds
[2025-04-25T23:57:07.031+0000] {processor.py:186} INFO - Started process (PID=2391) to work on /home/airflow/.local/lib/python3.12/site-packages/airflow/example_dags/tutorial_dag.py
[2025-04-25T23:57:07.032+0000] {processor.py:914} INFO - Processing file /home/airflow/.local/lib/python3.12/site-packages/airflow/example_dags/tutorial_dag.py for tasks to queue
[2025-04-25T23:57:07.035+0000] {logging_mixin.py:190} INFO - [2025-04-25T23:57:07.035+0000] {dagbag.py:588} INFO - Filling up the DagBag from /home/airflow/.local/lib/python3.12/site-packages/airflow/example_dags/tutorial_dag.py
[2025-04-25T23:57:07.044+0000] {processor.py:925} INFO - DAG(s) 'tutorial_dag' retrieved from /home/airflow/.local/lib/python3.12/site-packages/airflow/example_dags/tutorial_dag.py
[2025-04-25T23:57:07.077+0000] {logging_mixin.py:190} INFO - [2025-04-25T23:57:07.077+0000] {dag.py:3239} INFO - Sync 1 DAGs
[2025-04-25T23:57:07.096+0000] {logging_mixin.py:190} INFO - [2025-04-25T23:57:07.096+0000] {dag.py:4180} INFO - Setting next_dagrun for tutorial_dag to None, run_after=None
[2025-04-25T23:57:07.127+0000] {processor.py:208} INFO - Processing /home/airflow/.local/lib/python3.12/site-packages/airflow/example_dags/tutorial_dag.py took 0.104 seconds
[2025-04-25T23:57:42.069+0000] {processor.py:186} INFO - Started process (PID=2459) to work on /home/airflow/.local/lib/python3.12/site-packages/airflow/example_dags/tutorial_dag.py
[2025-04-25T23:57:42.075+0000] {processor.py:914} INFO - Processing file /home/airflow/.local/lib/python3.12/site-packages/airflow/example_dags/tutorial_dag.py for tasks to queue
[2025-04-25T23:57:42.079+0000] {logging_mixin.py:190} INFO - [2025-04-25T23:57:42.078+0000] {dagbag.py:588} INFO - Filling up the DagBag from /home/airflow/.local/lib/python3.12/site-packages/airflow/example_dags/tutorial_dag.py
[2025-04-25T23:57:42.225+0000] {processor.py:925} INFO - DAG(s) 'tutorial_dag' retrieved from /home/airflow/.local/lib/python3.12/site-packages/airflow/example_dags/tutorial_dag.py
[2025-04-25T23:57:42.377+0000] {logging_mixin.py:190} INFO - [2025-04-25T23:57:42.376+0000] {dag.py:3239} INFO - Sync 1 DAGs
[2025-04-25T23:57:42.579+0000] {logging_mixin.py:190} INFO - [2025-04-25T23:57:42.577+0000] {dag.py:4180} INFO - Setting next_dagrun for tutorial_dag to None, run_after=None
[2025-04-25T23:57:42.857+0000] {processor.py:208} INFO - Processing /home/airflow/.local/lib/python3.12/site-packages/airflow/example_dags/tutorial_dag.py took 1.046 seconds
[2025-04-25T23:59:09.388+0000] {processor.py:186} INFO - Started process (PID=2532) to work on /home/airflow/.local/lib/python3.12/site-packages/airflow/example_dags/tutorial_dag.py
[2025-04-25T23:59:09.391+0000] {processor.py:914} INFO - Processing file /home/airflow/.local/lib/python3.12/site-packages/airflow/example_dags/tutorial_dag.py for tasks to queue
[2025-04-25T23:59:09.403+0000] {logging_mixin.py:190} INFO - [2025-04-25T23:59:09.402+0000] {dagbag.py:588} INFO - Filling up the DagBag from /home/airflow/.local/lib/python3.12/site-packages/airflow/example_dags/tutorial_dag.py
[2025-04-25T23:59:09.442+0000] {processor.py:925} INFO - DAG(s) 'tutorial_dag' retrieved from /home/airflow/.local/lib/python3.12/site-packages/airflow/example_dags/tutorial_dag.py
[2025-04-25T23:59:09.618+0000] {logging_mixin.py:190} INFO - [2025-04-25T23:59:09.617+0000] {dag.py:3239} INFO - Sync 1 DAGs
[2025-04-25T23:59:09.645+0000] {logging_mixin.py:190} INFO - [2025-04-25T23:59:09.645+0000] {dag.py:4180} INFO - Setting next_dagrun for tutorial_dag to None, run_after=None
[2025-04-25T23:59:09.701+0000] {processor.py:208} INFO - Processing /home/airflow/.local/lib/python3.12/site-packages/airflow/example_dags/tutorial_dag.py took 0.328 seconds
[2025-04-25T23:59:45.901+0000] {processor.py:186} INFO - Started process (PID=2597) to work on /home/airflow/.local/lib/python3.12/site-packages/airflow/example_dags/tutorial_dag.py
[2025-04-25T23:59:45.903+0000] {processor.py:914} INFO - Processing file /home/airflow/.local/lib/python3.12/site-packages/airflow/example_dags/tutorial_dag.py for tasks to queue
[2025-04-25T23:59:45.905+0000] {logging_mixin.py:190} INFO - [2025-04-25T23:59:45.905+0000] {dagbag.py:588} INFO - Filling up the DagBag from /home/airflow/.local/lib/python3.12/site-packages/airflow/example_dags/tutorial_dag.py
[2025-04-25T23:59:45.923+0000] {processor.py:925} INFO - DAG(s) 'tutorial_dag' retrieved from /home/airflow/.local/lib/python3.12/site-packages/airflow/example_dags/tutorial_dag.py
[2025-04-25T23:59:46.077+0000] {logging_mixin.py:190} INFO - [2025-04-25T23:59:46.076+0000] {dag.py:3239} INFO - Sync 1 DAGs
[2025-04-25T23:59:46.122+0000] {logging_mixin.py:190} INFO - [2025-04-25T23:59:46.120+0000] {dag.py:4180} INFO - Setting next_dagrun for tutorial_dag to None, run_after=None
[2025-04-25T23:59:46.498+0000] {processor.py:208} INFO - Processing /home/airflow/.local/lib/python3.12/site-packages/airflow/example_dags/tutorial_dag.py took 0.606 seconds
